0,100,0
0,16,24
1,1024,0
1,1024,1024
0,16,24
1,1024,0
1,1024,1024
0,16,24
0,1024,0
0,1024,1024
0,16,24
0,1024,0
0,1024,1024
0,16,24
0,1024,0
1,1024,0
1,1024,2048
0,16,24
0,1024,0
0,1024,2048
1,1024,3072
1,1024,4096
1,1024,5120
1,1024,6144
1,1024,7168
1,1024,8192
1,1024,9216
1,1024,10240
1,1024,11264
1,1024,12288
1,1024,13312
1,1024,14336
1,1024,15360
1,1024,16384
1,1024,17408
1,1024,18432
1,1024,19456
1,1024,20480
1,1024,21504
1,1024,22528
1,1024,23552
1,1024,24576
1,1024,25600
1,1024,26624
1,1024,27648
1,1024,28672
1,1024,29696
1,1024,30720
1,1024,31744
1,1024,32768
1,1024,33792
1,1024,34816
1,1024,35840
1,1024,36864
1,1024,37888
1,1024,38912
1,1024,39936
1,1024,40960
1,1024,41984
1,1024,43008
1,1024,44032
1,1024,45056
1,1024,46080
1,1024,47104
1,1024,48128
1,1024,49152
1,1024,50176
1,1024,51200
1,1024,52224
1,1024,53248
1,1024,54272
1,1024,55296
1,1024,56320
1,1024,57344
1,1024,58368
1,1024,59392
1,1024,60416
1,1024,61440
1,1024,62464
1,1024,63488
1,1024,64512
1,1024,66560
1,1024,67584
1,1024,68608
1,1024,69632
1,1024,70656
1,1024,71680
1,1024,72704
1,1024,73728
1,1024,74752
1,1024,75776
1,1024,76800
1,1024,77824
1,1024,78848
1,1024,79872
1,1024,80896
1,1024,81920
1,1024,82944
1,1024,83968
1,1024,84992
1,1024,86016
1,1024,87040
1,1024,88064
1,1024,89088
1,1024,90112
1,1024,91136
1,1024,92160
1,1024,93184
1,1024,94208
1,1024,95232
1,1024,96256
1,1024,97280
1,1024,98304
1,1024,99328
1,1024,100352
1,1024,101376
1,1024,102400
1,1024,103424
1,1024,104448
1,1024,105472
1,1024,106496
1,1024,107520
1,1024,108544
1,1024,109568
1,1024,110592
1,1024,111616
1,1024,112640
1,1024,113664
1,1024,114688
1,1024,115712
1,1024,116736
1,1024,117760
1,1024,118784
1,1024,119808
1,1024,120832
1,1024,121856
1,1024,122880
1,1024,123904
1,1024,124928
1,1024,125952
1,1024,126976
1,1024,128000
1,1024,129024
1,1024,130048
1,1024,131072
1,1024,132096
1,1024,134144
1,1024,133120
1,1024,135168
0,1024,134144
1,1024,134144
1,1024,137216
1,1024,138240
1,1024,139264
1,1024,140288
1,1024,141312
1,1024,142336
1,1024,143360
1,1024,144384
1,1024,145408
1,1024,146432
1,1024,147456
1,1024,148480
1,1024,149504
1,1024,150528
1,1024,151552
1,1024,152576
1,1024,153600
1,1024,154624
1,1024,155648
1,1024,156672
1,1024,157696
1,1024,158720
1,1024,159744
1,1024,160768
1,1024,161792
1,1024,162816
1,1024,163840
1,1024,164864
1,1024,165888
1,1024,166912
1,1024,167936
1,1024,168960
1,1024,169984
1,1024,171008
1,1024,172032
1,1024,173056
1,1024,174080
1,1024,175104
1,1024,176128
1,1024,177152
1,1024,178176
1,1024,179200
1,1024,180224
1,1024,181248
1,1024,182272
1,1024,183296
1,1024,184320
1,1024,185344
1,1024,186368
1,1024,187392
1,1024,188416
1,1024,189440
1,1024,190464
1,1024,191488
1,1024,192512
1,1024,193536
1,1024,194560
1,1024,195584
1,1024,196608
1,1024,197632
1,1024,198656
1,1024,199680
1,1024,201728
0,1024,135168
1,1024,200704
0,1024,201728
1,1024,135168
1,1024,201728
1,1024,202752
1,1024,203776
1,1024,204800
1,1024,205824
1,1024,206848
1,1024,207872
1,1024,208896
1,1024,209920
1,1024,210944
1,1024,211968
1,1024,212992
1,1024,214016
1,1024,215040
1,1024,216064
1,1024,217088
1,1024,218112
1,1024,219136
1,1024,220160
1,1024,221184
1,1024,222208
1,1024,223232
1,1024,224256
1,1024,225280
1,1024,226304
1,1024,227328
1,1024,228352
1,1024,229376
1,1024,230400
1,1024,231424
1,1024,232448
1,1024,234496
0,1024,135168
1,1024,233472
0,1024,234496
1,1024,135168
1,1024,234496
1,1024,235520
1,1024,236544
1,1024,237568
1,1024,238592
1,1024,239616
1,1024,240640
1,1024,241664
1,1024,242688
1,1024,243712
1,1024,244736
1,1024,245760
1,1024,246784
1,1024,247808
1,1024,248832
1,1024,250880
0,1024,135168
1,1024,249856
0,1024,250880
1,1024,135168
1,1024,250880
1,1024,251904
1,1024,252928
1,1024,253952
1,1024,254976
1,1024,256000
1,1024,257024
1,1024,259072
0,1024,135168
1,1024,258048
0,1024,259072
1,1024,135168
1,1024,259072
1,1024,260096
1,1024,261120
1,1024,263168
0,1024,135168
1,1024,262144
0,1024,263168
1,1024,135168
1,1024,263168
1,1024,264192
1,1024,266240
0,1024,135168
1,1024,265216
1,1024,135168
0,1024,266240
1,1024,136192
1,1024,266240
1,1024,268288
1,1024,269312
1,1024,270336
1,1024,271360
1,1024,272384
1,1024,273408
1,1024,274432
1,1024,275456
1,1024,276480
1,1024,277504
1,1024,278528
1,1024,279552
1,1024,280576
1,1024,281600
1,1024,282624
1,1024,283648
1,1024,284672
1,1024,285696
1,1024,286720
1,1024,287744
1,1024,288768
1,1024,289792
1,1024,290816
1,1024,291840
1,1024,292864
1,1024,293888
1,1024,294912
1,1024,295936
1,1024,296960
1,1024,297984
1,1024,299008
1,1024,300032
1,1024,301056
1,1024,302080
1,1024,303104
1,1024,304128
1,1024,305152
1,1024,306176
1,1024,307200
1,1024,308224
1,1024,309248
1,1024,310272
1,1024,311296
1,1024,312320
1,1024,313344
1,1024,314368
1,1024,315392
1,1024,316416
1,1024,317440
1,1024,318464
1,1024,319488
1,1024,320512
1,1024,321536
1,1024,322560
1,1024,323584
1,1024,325632
0,1024,136192
1,1024,324608
0,1024,135168
1,1024,135168
0,1024,325632
1,1024,136192
1,1024,325632
1,1024,326656
1,1024,327680
1,1024,328704
1,1024,329728
1,1024,330752
1,1024,331776
1,1024,332800
1,1024,333824
1,1024,334848
1,1024,335872
1,1024,336896
1,1024,337920
1,1024,338944
1,1024,339968
1,1024,340992
1,1024,342016
1,1024,343040
1,1024,344064
1,1024,345088
1,1024,346112
1,1024,347136
1,1024,348160
1,1024,349184
1,1024,350208
1,1024,351232
1,1024,352256
1,1024,353280
1,1024,355328
0,1024,136192
1,1024,354304
0,1024,135168
1,1024,135168
0,1024,355328
1,1024,136192
1,1024,355328
1,1024,356352
1,1024,357376
1,1024,358400
1,1024,359424
1,1024,360448
1,1024,361472
1,1024,362496
1,1024,363520
1,1024,364544
1,1024,365568
1,1024,366592
1,1024,367616
1,1024,369664
0,1024,136192
1,1024,368640
0,1024,135168
1,1024,135168
0,1024,369664
1,1024,136192
1,1024,369664
1,1024,370688
1,1024,371712
1,1024,372736
1,1024,373760
1,1024,374784
1,1024,376832
0,1024,136192
1,1024,375808
0,1024,135168
1,1024,135168
0,1024,376832
1,1024,136192
1,1024,376832
1,1024,377856
1,1024,378880
1,1024,380928
0,1024,136192
1,1024,379904
0,1024,135168
1,1024,135168
0,1024,380928
1,1024,136192
1,1024,380928
1,1024,382976
0,1024,136192
1,1024,381952
0,1024,135168
1,1024,135168
0,1024,382976
1,1024,136192
1,1024,267264
1,1024,382976
1,1024,385024
1,1024,386048
1,1024,387072
1,1024,388096
1,1024,389120
1,1024,390144
1,1024,391168
1,1024,392192
1,1024,393216
1,1024,394240
1,1024,395264
1,1024,396288
1,1024,397312
1,1024,398336
1,1024,399360
1,1024,400384
1,1024,401408
1,1024,402432
1,1024,403456
1,1024,404480
1,1024,405504
1,1024,406528
1,1024,407552
1,1024,408576
1,1024,409600
1,1024,410624
1,1024,411648
1,1024,412672
1,1024,413696
1,1024,414720
1,1024,415744
1,1024,416768
1,1024,417792
1,1024,418816
1,1024,419840
1,1024,420864
1,1024,421888
1,1024,422912
1,1024,423936
1,1024,424960
1,1024,425984
1,1024,427008
1,1024,428032
1,1024,429056
1,1024,430080
1,1024,431104
1,1024,432128
1,1024,433152
1,1024,434176
1,1024,435200
1,1024,436224
1,1024,437248
1,1024,438272
1,1024,439296
1,1024,440320
0,1024,267264
1,1024,442368
0,1024,136192
1,1024,441344
0,1024,442368
1,1024,136192
1,1024,267264
1,1024,442368
1,1024,443392
1,1024,444416
1,1024,445440
1,1024,446464
1,1024,447488
1,1024,448512
1,1024,449536
1,1024,450560
1,1024,451584
1,1024,452608
1,1024,453632
1,1024,454656
1,1024,455680
1,1024,456704
1,1024,457728
1,1024,458752
1,1024,459776
1,1024,460800
1,1024,461824
1,1024,462848
0,1024,267264
1,1024,464896
0,1024,136192
1,1024,463872
0,1024,464896
1,1024,136192
1,1024,267264
1,1024,464896
1,1024,465920
1,1024,466944
1,1024,467968
1,1024,468992
1,1024,470016
1,1024,471040
1,1024,472064
1,1024,473088
1,1024,474112
0,1024,267264
1,1024,476160
0,1024,136192
1,1024,475136
0,1024,476160
1,1024,136192
1,1024,267264
1,1024,476160
1,1024,477184
1,1024,478208
1,1024,479232
0,1024,267264
1,1024,481280
0,1024,136192
1,1024,480256
0,1024,481280
1,1024,136192
1,1024,267264
1,1024,481280
1,1024,482304
0,1024,267264
1,1024,484352
0,1024,136192
1,1024,483328
0,1024,484352
1,1024,136192
1,1024,485376
0,1024,136192
1,1024,484352
1,1024,136192
0,1024,485376
1,1024,267264
1,1024,384000
1,1024,485376
1,1024,487424
1,1024,488448
1,1024,489472
1,1024,490496
1,1024,491520
1,1024,492544
1,1024,493568
1,1024,494592
1,1024,495616
1,1024,496640
1,1024,497664
1,1024,498688
1,1024,499712
1,1024,500736
1,1024,501760
1,1024,502784
1,1024,503808
1,1024,504832
1,1024,505856
1,1024,506880
1,1024,507904
1,1024,508928
1,1024,509952
1,1024,0
1,1024,2048
1,1024,486400
1,1024,510976
1,1024,512000
1,1024,513024
0,16,24
0,1024,0
0,1024,2048
0,1024,135168
0,1024,3072
1,1024,3072
0,1024,4096
0,1024,3072
1,1024,3072
0,1024,5120
0,1024,3072
1,1024,3072
0,1024,6144
0,1024,3072
1,1024,3072
0,1024,7168
0,1024,3072
1,1024,3072
0,1024,8192
0,1024,3072
1,1024,3072
0,1024,9216
0,1024,3072
1,1024,3072
0,1024,10240
0,1024,3072
1,1024,3072
0,1024,11264
0,1024,3072
1,1024,3072
0,1024,12288
0,1024,3072
1,1024,3072
0,1024,13312
0,1024,3072
1,1024,3072
0,1024,14336
0,1024,3072
1,1024,3072
0,1024,15360
0,1024,3072
1,1024,3072
0,1024,16384
0,1024,3072
1,1024,3072
0,1024,17408
0,1024,3072
1,1024,3072
0,1024,18432
0,1024,3072
1,1024,3072
0,1024,19456
0,1024,3072
1,1024,3072
0,1024,20480
0,1024,3072
1,1024,3072
0,1024,21504
0,1024,3072
1,1024,3072
0,1024,22528
0,1024,3072
1,1024,3072
0,1024,23552
0,1024,3072
1,1024,3072
0,1024,24576
0,1024,3072
1,1024,3072
0,1024,25600
0,1024,3072
1,1024,3072
0,1024,26624
0,1024,3072
1,1024,3072
0,1024,27648
0,1024,3072
1,1024,3072
0,1024,28672
0,1024,3072
1,1024,3072
0,1024,29696
0,1024,3072
1,1024,3072
0,1024,30720
0,1024,3072
1,1024,3072
0,1024,31744
0,1024,3072
1,1024,3072
0,1024,32768
0,1024,3072
1,1024,3072
0,1024,33792
0,1024,3072
1,1024,3072
0,1024,34816
0,1024,3072
1,1024,3072
0,1024,35840
0,1024,3072
1,1024,3072
0,1024,36864
0,1024,3072
1,1024,3072
0,1024,37888
0,1024,3072
1,1024,3072
0,1024,38912
0,1024,3072
1,1024,3072
0,1024,39936
0,1024,3072
1,1024,3072
0,1024,40960
0,1024,3072
1,1024,3072
0,1024,41984
0,1024,3072
1,1024,3072
0,1024,43008
0,1024,3072
1,1024,3072
0,1024,44032
0,1024,3072
1,1024,3072
0,1024,45056
0,1024,3072
1,1024,3072
0,1024,46080
0,1024,3072
1,1024,3072
0,1024,47104
0,1024,3072
1,1024,3072
0,1024,48128
0,1024,3072
1,1024,3072
0,1024,49152
0,1024,3072
1,1024,3072
0,1024,50176
0,1024,3072
1,1024,3072
0,1024,51200
0,1024,3072
1,1024,3072
0,1024,52224
0,1024,3072
1,1024,3072
0,1024,53248
0,1024,3072
1,1024,3072
0,1024,54272
0,1024,3072
1,1024,3072
0,1024,55296
0,1024,3072
1,1024,3072
0,1024,56320
0,1024,3072
1,1024,3072
0,1024,57344
0,1024,3072
1,1024,3072
0,1024,58368
0,1024,3072
1,1024,3072
0,1024,59392
0,1024,3072
1,1024,3072
0,1024,60416
0,1024,3072
1,1024,3072
0,1024,61440
0,1024,3072
1,1024,3072
0,1024,62464
0,1024,3072
1,1024,3072
0,1024,63488
0,1024,3072
1,1024,3072
0,1024,64512
0,1024,3072
1,1024,3072
0,1024,66560
0,1024,3072
1,1024,3072
0,1024,67584
0,1024,3072
1,1024,3072
0,1024,68608
0,1024,3072
1,1024,3072
0,1024,69632
0,1024,3072
1,1024,3072
0,1024,70656
0,1024,3072
1,1024,3072
0,1024,71680
0,1024,3072
1,1024,3072
0,1024,72704
0,1024,3072
1,1024,3072
0,1024,73728
0,1024,3072
1,1024,3072
0,1024,74752
0,1024,3072
1,1024,3072
0,1024,75776
0,1024,3072
1,1024,3072
0,1024,76800
0,1024,3072
1,1024,3072
0,1024,77824
0,1024,3072
1,1024,3072
0,1024,78848
0,1024,3072
1,1024,3072
0,1024,79872
0,1024,3072
1,1024,3072
0,1024,80896
0,1024,3072
1,1024,3072
0,1024,81920
0,1024,3072
1,1024,3072
0,1024,82944
0,1024,3072
1,1024,3072
0,1024,83968
0,1024,3072
1,1024,3072
0,1024,84992
0,1024,3072
1,1024,3072
0,1024,86016
0,1024,3072
1,1024,3072
0,1024,87040
0,1024,3072
1,1024,3072
0,1024,88064
0,1024,3072
1,1024,3072
0,1024,89088
0,1024,3072
1,1024,3072
0,1024,90112
0,1024,3072
1,1024,3072
0,1024,91136
0,1024,3072
1,1024,3072
0,1024,92160
0,1024,3072
1,1024,3072
0,1024,93184
0,1024,3072
1,1024,3072
0,1024,94208
0,1024,3072
1,1024,3072
0,1024,95232
0,1024,3072
1,1024,3072
0,1024,96256
0,1024,3072
1,1024,3072
0,1024,97280
0,1024,3072
1,1024,3072
0,1024,98304
0,1024,3072
1,1024,3072
0,1024,99328
0,1024,3072
1,1024,3072
0,1024,100352
0,1024,3072
1,1024,3072
0,1024,101376
0,1024,3072
1,1024,3072
0,1024,102400
0,1024,3072
1,1024,3072
0,1024,103424
0,1024,3072
1,1024,3072
0,1024,104448
0,1024,3072
1,1024,3072
0,1024,105472
0,1024,3072
1,1024,3072
0,1024,106496
0,1024,3072
1,1024,3072
0,1024,107520
0,1024,3072
1,1024,3072
0,1024,108544
0,1024,3072
1,1024,3072
0,1024,109568
0,1024,3072
1,1024,3072
0,1024,110592
0,1024,3072
1,1024,3072
0,1024,111616
0,1024,3072
1,1024,3072
0,1024,112640
0,1024,3072
1,1024,3072
0,1024,113664
0,1024,3072
1,1024,3072
0,1024,114688
0,1024,3072
1,1024,3072
0,1024,115712
0,1024,3072
1,1024,3072
0,1024,116736
0,1024,3072
1,1024,3072
0,1024,117760
0,1024,3072
1,1024,3072
0,1024,136192
0,1024,118784
0,1024,3072
1,1024,3072
0,1024,119808
0,1024,3072
1,1024,3072
0,1024,120832
0,1024,3072
1,1024,3072
0,1024,121856
0,1024,3072
1,1024,3072
0,1024,122880
0,1024,3072
1,1024,3072
0,1024,123904
0,1024,3072
1,1024,3072
0,1024,124928
0,1024,3072
1,1024,3072
0,1024,125952
0,1024,3072
1,1024,3072
0,1024,126976
0,1024,3072
1,1024,3072
0,1024,128000
0,1024,3072
1,1024,3072
0,1024,129024
0,1024,3072
1,1024,3072
0,1024,130048
0,1024,3072
1,1024,3072
0,1024,131072
0,1024,3072
1,1024,3072
0,1024,132096
0,1024,3072
1,1024,3072
0,1024,133120
0,1024,3072
1,1024,3072
0,1024,134144
0,1024,3072
1,1024,3072
0,1024,137216
0,1024,3072
1,1024,3072
0,1024,138240
0,1024,3072
1,1024,3072
0,1024,139264
0,1024,3072
1,1024,3072
0,1024,140288
0,1024,3072
1,1024,3072
0,1024,141312
0,1024,3072
1,1024,3072
0,1024,142336
0,1024,3072
1,1024,3072
0,1024,143360
0,1024,3072
1,1024,3072
0,1024,144384
0,1024,3072
1,1024,3072
0,1024,145408
0,1024,3072
1,1024,3072
0,1024,146432
0,1024,3072
1,1024,3072
0,1024,147456
0,1024,3072
1,1024,3072
0,1024,148480
0,1024,3072
1,1024,3072
0,1024,149504
0,1024,3072
1,1024,3072
0,1024,150528
0,1024,3072
1,1024,3072
0,1024,151552
0,1024,3072
1,1024,3072
0,1024,152576
0,1024,3072
1,1024,3072
0,1024,153600
0,1024,3072
1,1024,3072
0,1024,154624
0,1024,3072
1,1024,3072
0,1024,155648
0,1024,3072
1,1024,3072
0,1024,156672
0,1024,3072
1,1024,3072
0,1024,157696
0,1024,3072
1,1024,3072
0,1024,158720
0,1024,3072
1,1024,3072
0,1024,159744
0,1024,3072
1,1024,3072
0,1024,160768
0,1024,3072
1,1024,3072
0,1024,161792
0,1024,3072
1,1024,3072
0,1024,162816
0,1024,3072
1,1024,3072
0,1024,163840
0,1024,3072
1,1024,3072
0,1024,164864
0,1024,3072
1,1024,3072
0,1024,165888
0,1024,3072
1,1024,3072
0,1024,166912
0,1024,3072
1,1024,3072
0,1024,167936
0,1024,3072
1,1024,3072
0,1024,168960
0,1024,3072
1,1024,3072
0,1024,169984
0,1024,3072
1,1024,3072
0,1024,171008
0,1024,3072
1,1024,3072
0,1024,172032
0,1024,3072
1,1024,3072
0,1024,173056
0,1024,3072
1,1024,3072
0,1024,174080
0,1024,3072
1,1024,3072
0,1024,175104
0,1024,3072
1,1024,3072
0,1024,176128
0,1024,3072
1,1024,3072
0,1024,177152
0,1024,3072
1,1024,3072
0,1024,178176
0,1024,3072
1,1024,3072
0,1024,179200
0,1024,3072
1,1024,3072
0,1024,180224
0,1024,3072
1,1024,3072
0,1024,181248
0,1024,3072
1,1024,3072
0,1024,182272
0,1024,3072
1,1024,3072
0,1024,183296
0,1024,3072
1,1024,3072
0,1024,184320
0,1024,3072
1,1024,3072
0,1024,185344
0,1024,3072
1,1024,3072
0,1024,186368
0,1024,3072
1,1024,3072
0,1024,187392
0,1024,3072
1,1024,3072
0,1024,188416
0,1024,3072
1,1024,3072
0,1024,189440
0,1024,3072
1,1024,3072
0,1024,190464
0,1024,3072
1,1024,3072
0,1024,191488
0,1024,3072
1,1024,3072
0,1024,192512
0,1024,3072
1,1024,3072
0,1024,193536
0,1024,3072
1,1024,3072
0,1024,194560
0,1024,3072
1,1024,3072
0,1024,195584
0,1024,3072
1,1024,3072
0,1024,196608
0,1024,3072
1,1024,3072
0,1024,197632
0,1024,3072
1,1024,3072
0,1024,198656
0,1024,3072
1,1024,3072
0,1024,199680
0,1024,3072
1,1024,3072
0,1024,200704
0,1024,3072
1,1024,3072
0,1024,201728
0,1024,3072
1,1024,3072
0,1024,202752
0,1024,3072
1,1024,3072
0,1024,203776
0,1024,3072
1,1024,3072
0,1024,204800
0,1024,3072
1,1024,3072
0,1024,205824
0,1024,3072
1,1024,3072
0,1024,206848
0,1024,3072
1,1024,3072
0,1024,207872
0,1024,3072
1,1024,3072
0,1024,208896
0,1024,3072
1,1024,3072
0,1024,209920
0,1024,3072
1,1024,3072
0,1024,210944
0,1024,3072
1,1024,3072
0,1024,211968
0,1024,3072
1,1024,3072
0,1024,212992
0,1024,3072
1,1024,3072
0,1024,214016
0,1024,3072
1,1024,3072
0,1024,215040
0,1024,3072
1,1024,3072
0,1024,216064
0,1024,3072
1,1024,3072
0,1024,217088
0,1024,3072
1,1024,3072
0,1024,218112
0,1024,3072
1,1024,3072
0,1024,219136
0,1024,3072
1,1024,3072
0,1024,220160
0,1024,3072
1,1024,3072
0,1024,221184
0,1024,3072
1,1024,3072
0,1024,222208
0,1024,3072
1,1024,3072
0,1024,223232
0,1024,3072
1,1024,3072
0,1024,224256
0,1024,3072
1,1024,3072
0,1024,225280
0,1024,3072
1,1024,3072
0,1024,226304
0,1024,3072
1,1024,3072
0,1024,227328
0,1024,3072
1,1024,3072
0,1024,228352
0,1024,3072
1,1024,3072
0,1024,229376
0,1024,3072
1,1024,3072
0,1024,230400
0,1024,3072
1,1024,3072
0,1024,231424
0,1024,3072
1,1024,3072
0,1024,232448
0,1024,3072
1,1024,3072
0,1024,233472
0,1024,3072
1,1024,3072
0,1024,234496
0,1024,3072
1,1024,3072
0,1024,267264
0,1024,235520
0,1024,3072
1,1024,3072
0,1024,236544
0,1024,3072
1,1024,3072
0,1024,237568
0,1024,3072
1,1024,3072
0,1024,238592
0,1024,3072
1,1024,3072
0,1024,239616
0,1024,3072
1,1024,3072
0,1024,240640
0,1024,3072
1,1024,3072
0,1024,241664
0,1024,3072
1,1024,3072
0,1024,242688
0,1024,3072
1,1024,3072
0,1024,243712
0,1024,3072
1,1024,3072
0,1024,244736
0,1024,3072
1,1024,3072
0,1024,245760
0,1024,3072
1,1024,3072
0,1024,246784
0,1024,3072
1,1024,3072
0,1024,247808
0,1024,3072
1,1024,3072
0,1024,248832
0,1024,3072
1,1024,3072
0,1024,249856
0,1024,3072
1,1024,3072
0,1024,250880
0,1024,3072
1,1024,3072
0,1024,251904
0,1024,3072
1,1024,3072
0,1024,252928
0,1024,3072
1,1024,3072
0,1024,253952
0,1024,3072
1,1024,3072
0,1024,254976
0,1024,3072
1,1024,3072
0,1024,256000
0,1024,3072
1,1024,3072
0,1024,257024
0,1024,3072
1,1024,3072
0,1024,258048
0,1024,3072
1,1024,3072
0,1024,259072
0,1024,3072
1,1024,259072
0,1024,260096
0,1024,259072
1,1024,259072
0,1024,261120
0,1024,259072
1,1024,259072
0,1024,262144
0,1024,259072
1,1024,259072
0,1024,263168
0,1024,259072
1,1024,259072
0,1024,264192
0,1024,259072
1,1024,259072
0,1024,265216
0,1024,259072
1,1024,259072
0,1024,266240
0,1024,259072
1,1024,259072
0,1024,268288
0,1024,259072
1,1024,259072
0,1024,269312
0,1024,259072
1,1024,259072
0,1024,270336
0,1024,259072
1,1024,259072
0,1024,271360
0,1024,259072
1,1024,259072
0,1024,272384
0,1024,259072
1,1024,259072
0,1024,273408
0,1024,259072
1,1024,259072
0,1024,274432
0,1024,259072
1,1024,259072
0,1024,275456
0,1024,259072
1,1024,259072
0,1024,276480
0,1024,259072
1,1024,259072
0,1024,277504
0,1024,259072
1,1024,259072
0,1024,278528
0,1024,259072
1,1024,259072
0,1024,279552
0,1024,259072
1,1024,259072
0,1024,280576
0,1024,259072
1,1024,259072
0,1024,281600
0,1024,259072
1,1024,259072
0,1024,282624
0,1024,259072
1,1024,259072
0,1024,283648
0,1024,259072
1,1024,259072
0,1024,284672
0,1024,259072
1,1024,259072
0,1024,285696
0,1024,259072
1,1024,259072
0,1024,286720
0,1024,259072
1,1024,259072
0,1024,287744
0,1024,259072
1,1024,259072
0,1024,288768
0,1024,259072
1,1024,259072
0,1024,289792
0,1024,259072
1,1024,259072
0,1024,290816
0,1024,259072
1,1024,259072
0,1024,291840
0,1024,259072
1,1024,259072
0,1024,292864
0,1024,259072
1,1024,259072
0,1024,293888
0,1024,259072
1,1024,259072
0,1024,294912
0,1024,259072
1,1024,259072
0,1024,295936
0,1024,259072
1,1024,259072
0,1024,296960
0,1024,259072
1,1024,259072
0,1024,297984
0,1024,259072
1,1024,259072
0,1024,299008
0,1024,259072
1,1024,259072
0,1024,300032
0,1024,259072
1,1024,259072
0,1024,301056
0,1024,259072
1,1024,259072
0,1024,302080
0,1024,259072
1,1024,259072
0,1024,303104
0,1024,259072
1,1024,259072
0,1024,304128
0,1024,259072
1,1024,259072
0,1024,305152
0,1024,259072
1,1024,259072
0,1024,306176
0,1024,259072
1,1024,259072
0,1024,307200
0,1024,259072
1,1024,259072
0,1024,308224
0,1024,259072
1,1024,259072
0,1024,309248
0,1024,259072
1,1024,259072
0,1024,310272
0,1024,259072
1,1024,259072
0,1024,311296
0,1024,259072
1,1024,259072
0,1024,312320
0,1024,259072
1,1024,259072
0,1024,313344
0,1024,259072
1,1024,259072
0,1024,314368
0,1024,259072
1,1024,259072
0,1024,315392
0,1024,259072
1,1024,259072
0,1024,316416
0,1024,259072
1,1024,259072
0,1024,317440
0,1024,259072
1,1024,259072
0,1024,318464
0,1024,259072
1,1024,259072
0,1024,319488
0,1024,259072
1,1024,259072
0,1024,320512
0,1024,259072
1,1024,259072
0,1024,321536
0,1024,259072
1,1024,259072
0,1024,322560
0,1024,259072
1,1024,259072
0,1024,323584
0,1024,259072
1,1024,259072
0,1024,324608
0,1024,259072
1,1024,259072
0,1024,325632
0,1024,259072
1,1024,259072
0,1024,326656
0,1024,259072
1,1024,259072
0,1024,327680
0,1024,259072
1,1024,259072
0,1024,328704
0,1024,259072
1,1024,259072
0,1024,329728
0,1024,259072
1,1024,259072
0,1024,330752
0,1024,259072
1,1024,259072
0,1024,331776
0,1024,259072
1,1024,259072
0,1024,332800
0,1024,259072
1,1024,259072
0,1024,333824
0,1024,259072
1,1024,259072
0,1024,334848
0,1024,259072
1,1024,259072
0,1024,335872
0,1024,259072
1,1024,259072
0,1024,336896
0,1024,259072
1,1024,259072
0,1024,337920
0,1024,259072
1,1024,259072
0,1024,338944
0,1024,259072
1,1024,259072
0,1024,339968
0,1024,259072
1,1024,259072
0,1024,384000
0,1024,340992
0,1024,259072
1,1024,259072
0,1024,342016
0,1024,259072
1,1024,259072
0,1024,343040
0,1024,259072
1,1024,259072
0,1024,344064
0,1024,259072
1,1024,259072
0,1024,345088
0,1024,259072
1,1024,259072
0,1024,346112
0,1024,259072
1,1024,259072
0,1024,347136
0,1024,259072
1,1024,259072
0,1024,348160
0,1024,259072
1,1024,259072
0,1024,349184
0,1024,259072
1,1024,259072
0,1024,350208
0,1024,259072
1,1024,259072
0,1024,351232
0,1024,259072
1,1024,259072
0,1024,352256
0,1024,259072
1,1024,259072
0,1024,353280
0,1024,259072
1,1024,259072
0,1024,354304
0,1024,259072
1,1024,259072
0,1024,355328
0,1024,259072
1,1024,259072
0,1024,356352
0,1024,259072
1,1024,259072
0,1024,357376
0,1024,259072
1,1024,259072
0,1024,358400
0,1024,259072
1,1024,259072
0,1024,359424
0,1024,259072
1,1024,259072
0,1024,360448
0,1024,259072
1,1024,259072
0,1024,361472
0,1024,259072
1,1024,259072
0,1024,362496
0,1024,259072
1,1024,259072
0,1024,363520
0,1024,259072
1,1024,259072
0,1024,364544
0,1024,259072
1,1024,259072
0,1024,365568
0,1024,259072
1,1024,259072
0,1024,366592
0,1024,259072
1,1024,259072
0,1024,367616
0,1024,259072
1,1024,259072
0,1024,368640
0,1024,259072
1,1024,259072
0,1024,369664
0,1024,259072
1,1024,259072
0,1024,370688
0,1024,259072
1,1024,259072
0,1024,371712
0,1024,259072
1,1024,259072
0,1024,372736
0,1024,259072
1,1024,259072
0,1024,373760
0,1024,259072
1,1024,259072
0,1024,374784
0,1024,259072
1,1024,259072
0,1024,375808
0,1024,259072
1,1024,259072
0,1024,376832
0,1024,259072
1,1024,259072
0,1024,377856
0,1024,259072
1,1024,259072
0,1024,378880
0,1024,259072
1,1024,259072
0,1024,379904
0,1024,259072
1,1024,259072
0,1024,380928
0,1024,259072
1,1024,259072
0,1024,381952
0,1024,259072
1,1024,259072
0,1024,382976
0,1024,259072
1,1024,259072
0,1024,385024
0,1024,259072
1,1024,259072
0,1024,386048
0,1024,259072
1,1024,259072
0,1024,387072
0,1024,259072
1,1024,259072
0,1024,388096
0,1024,259072
1,1024,259072
0,1024,389120
0,1024,259072
1,1024,259072
0,1024,390144
0,1024,259072
1,1024,259072
0,1024,391168
0,1024,259072
1,1024,259072
0,1024,392192
0,1024,259072
1,1024,259072
0,1024,393216
0,1024,259072
1,1024,259072
0,1024,394240
0,1024,259072
1,1024,259072
0,1024,395264
0,1024,259072
1,1024,259072
0,1024,396288
0,1024,259072
1,1024,259072
0,1024,397312
0,1024,259072
1,1024,259072
0,1024,398336
0,1024,259072
1,1024,259072
0,1024,399360
0,1024,259072
1,1024,259072
0,1024,400384
0,1024,259072
1,1024,259072
0,1024,401408
0,1024,259072
1,1024,259072
0,1024,402432
0,1024,259072
1,1024,259072
0,1024,403456
0,1024,259072
1,1024,259072
0,1024,404480
0,1024,259072
1,1024,259072
0,1024,405504
0,1024,259072
1,1024,259072
0,1024,406528
0,1024,259072
1,1024,259072
0,1024,407552
0,1024,259072
1,1024,259072
0,1024,408576
0,1024,259072
1,1024,259072
0,1024,409600
0,1024,259072
1,1024,259072
0,1024,410624
0,1024,259072
1,1024,259072
0,1024,411648
0,1024,259072
1,1024,259072
0,1024,412672
0,1024,259072
1,1024,259072
0,1024,413696
0,1024,259072
1,1024,259072
0,1024,414720
0,1024,259072
1,1024,259072
0,1024,415744
0,1024,259072
1,1024,259072
0,1024,416768
0,1024,259072
1,1024,259072
0,1024,417792
0,1024,259072
1,1024,259072
0,1024,418816
0,1024,259072
1,1024,259072
0,1024,419840
0,1024,259072
1,1024,259072
0,1024,420864
0,1024,259072
1,1024,259072
0,1024,421888
0,1024,259072
1,1024,259072
0,1024,422912
0,1024,259072
1,1024,259072
0,1024,423936
0,1024,259072
1,1024,259072
0,1024,424960
0,1024,259072
1,1024,259072
0,1024,425984
0,1024,259072
1,1024,259072
0,1024,427008
0,1024,259072
1,1024,259072
0,1024,486400
0,1024,428032
0,1024,259072
1,1024,259072
0,1024,429056
0,1024,259072
1,1024,259072
0,1024,430080
0,1024,259072
1,1024,259072
0,1024,431104
0,1024,259072
1,1024,259072
0,1024,432128
0,1024,259072
1,1024,259072
0,1024,433152
0,1024,259072
1,1024,259072
0,1024,434176
0,1024,259072
1,1024,259072
0,1024,435200
0,1024,259072
1,1024,259072
0,1024,436224
0,1024,259072
1,1024,259072
0,1024,437248
0,1024,259072
1,1024,259072
0,1024,438272
0,1024,259072
1,1024,259072
0,1024,439296
0,1024,259072
1,1024,259072
0,1024,440320
0,1024,259072
1,1024,259072
0,1024,441344
0,1024,259072
1,1024,259072
0,1024,442368
0,1024,259072
1,1024,259072
0,1024,443392
0,1024,259072
1,1024,259072
0,1024,444416
0,1024,259072
1,1024,259072
0,1024,445440
0,1024,259072
1,1024,259072
0,1024,446464
0,1024,259072
1,1024,259072
0,1024,447488
0,1024,259072
1,1024,259072
0,1024,448512
0,1024,259072
1,1024,259072
0,1024,449536
0,1024,259072
1,1024,259072
0,1024,450560
0,1024,259072
1,1024,259072
0,1024,451584
0,1024,259072
1,1024,259072
0,1024,452608
0,1024,259072
1,1024,259072
0,1024,453632
0,1024,259072
1,1024,259072
0,1024,454656
0,1024,259072
1,1024,259072
0,1024,455680
0,1024,259072
1,1024,259072
0,1024,456704
0,1024,259072
1,1024,259072
0,1024,457728
0,1024,259072
1,1024,259072
0,1024,458752
0,1024,259072
1,1024,259072
0,1024,459776
0,1024,259072
1,1024,259072
0,1024,460800
0,1024,259072
1,1024,259072
0,1024,461824
0,1024,259072
1,1024,259072
0,1024,462848
0,1024,259072
1,1024,259072
0,1024,463872
0,1024,259072
1,1024,259072
0,1024,464896
0,1024,259072
1,1024,259072
0,1024,465920
0,1024,259072
1,1024,259072
0,1024,466944
0,1024,259072
1,1024,259072
0,1024,467968
0,1024,259072
1,1024,259072
0,1024,468992
0,1024,259072
1,1024,259072
0,1024,470016
0,1024,259072
1,1024,259072
0,1024,471040
0,1024,259072
1,1024,259072
0,1024,472064
0,1024,259072
1,1024,259072
0,1024,473088
0,1024,259072
1,1024,259072
0,1024,474112
0,1024,259072
1,1024,259072
0,1024,475136
0,1024,259072
1,1024,259072
0,1024,476160
0,1024,259072
1,1024,259072
0,1024,477184
0,1024,259072
1,1024,259072
0,1024,478208
0,1024,259072
1,1024,259072
0,1024,479232
0,1024,259072
1,1024,259072
0,1024,480256
0,1024,259072
1,1024,259072
0,1024,481280
0,1024,259072
1,1024,259072
0,1024,482304
0,1024,259072
1,1024,259072
0,1024,483328
0,1024,259072
1,1024,259072
0,1024,484352
0,1024,259072
1,1024,259072
0,1024,485376
0,1024,259072
1,1024,259072
0,1024,487424
0,1024,259072
1,1024,259072
0,1024,488448
0,1024,259072
1,1024,259072
0,1024,489472
0,1024,259072
1,1024,259072
0,1024,490496
0,1024,259072
1,1024,259072
0,1024,491520
0,1024,259072
1,1024,259072
0,1024,492544
0,1024,259072
1,1024,259072
0,1024,493568
0,1024,259072
1,1024,259072
0,1024,494592
0,1024,259072
1,1024,259072
0,1024,495616
0,1024,259072
1,1024,259072
0,1024,496640
0,1024,259072
1,1024,259072
0,1024,497664
0,1024,259072
1,1024,259072
0,1024,498688
0,1024,259072
1,1024,259072
0,1024,499712
0,1024,259072
1,1024,259072
0,1024,500736
0,1024,259072
1,1024,259072
0,1024,501760
0,1024,259072
1,1024,259072
0,1024,502784
0,1024,259072
1,1024,259072
0,1024,503808
0,1024,259072
1,1024,259072
0,1024,504832
0,1024,259072
1,1024,259072
0,1024,505856
0,1024,259072
1,1024,259072
0,1024,506880
0,1024,259072
1,1024,259072
0,1024,507904
0,1024,259072
1,1024,259072
0,1024,508928
0,1024,259072
1,1024,259072
0,1024,509952
0,1024,259072
1,1024,259072
0,1024,510976
0,1024,259072
1,1024,259072
0,1024,512000
0,1024,259072
1,1024,259072
0,1024,513024
0,1024,259072
1,1024,0
1,1024,2048
1,1024,259072
0,16,24
0,1024,0
0,1024,2048
1,1024,0
1,1024,2048
0,16,24
0,1024,0
0,1024,2048
0,1024,259072
1,1024,260096
1,1024,486400
1,1024,513024
1,1024,512000
1,1024,510976
1,1024,509952
1,1024,508928
1,1024,507904
1,1024,506880
1,1024,505856
1,1024,504832
1,1024,503808
1,1024,502784
1,1024,501760
1,1024,500736
1,1024,499712
1,1024,498688
1,1024,497664
1,1024,496640
1,1024,495616
1,1024,494592
1,1024,493568
1,1024,492544
1,1024,491520
1,1024,490496
1,1024,489472
1,1024,488448
1,1024,487424
1,1024,485376
1,1024,484352
1,1024,483328
1,1024,482304
1,1024,481280
1,1024,480256
1,1024,479232
1,1024,478208
1,1024,477184
1,1024,476160
1,1024,475136
1,1024,474112
1,1024,473088
1,1024,472064
1,1024,471040
1,1024,470016
1,1024,468992
1,1024,467968
1,1024,466944
1,1024,465920
1,1024,464896
1,1024,463872
1,1024,462848
1,1024,461824
1,1024,460800
1,1024,459776
1,1024,458752
1,1024,457728
1,1024,456704
1,1024,455680
1,1024,454656
1,1024,453632
1,1024,452608
1,1024,451584
1,1024,450560
1,1024,449536
1,1024,448512
1,1024,447488
1,1024,446464
1,1024,445440
1,1024,444416
1,1024,443392
1,1024,442368
1,1024,441344
1,1024,440320
1,1024,439296
1,1024,438272
1,1024,437248
1,1024,436224
1,1024,435200
1,1024,434176
1,1024,433152
1,1024,432128
1,1024,431104
1,1024,430080
1,1024,429056
1,1024,428032
1,1024,384000
1,1024,427008
1,1024,425984
1,1024,424960
1,1024,423936
1,1024,422912
1,1024,421888
1,1024,420864
1,1024,419840
1,1024,418816
1,1024,417792
1,1024,416768
1,1024,415744
1,1024,414720
1,1024,413696
1,1024,412672
1,1024,411648
1,1024,410624
1,1024,409600
1,1024,408576
1,1024,407552
1,1024,406528
1,1024,405504
1,1024,404480
1,1024,403456
1,1024,402432
1,1024,401408
1,1024,400384
1,1024,399360
1,1024,398336
1,1024,397312
1,1024,396288
1,1024,395264
1,1024,394240
1,1024,393216
1,1024,392192
1,1024,391168
1,1024,390144
1,1024,389120
1,1024,388096
1,1024,387072
1,1024,385024
1,1024,386048
1,1024,259072
0,1024,385024
1,1024,261120
0,1024,259072
1,1024,385024
1,1024,382976
1,1024,379904
1,1024,378880
1,1024,377856
1,1024,376832
1,1024,375808
1,1024,374784
1,1024,373760
1,1024,372736
1,1024,371712
1,1024,370688
1,1024,369664
1,1024,368640
1,1024,367616
1,1024,366592
1,1024,365568
1,1024,364544
1,1024,363520
1,1024,362496
1,1024,361472
1,1024,360448
1,1024,359424
1,1024,358400
1,1024,357376
1,1024,356352
1,1024,355328
1,1024,354304
1,1024,353280
1,1024,352256
1,1024,351232
1,1024,350208
1,1024,349184
1,1024,348160
1,1024,347136
1,1024,346112
1,1024,345088
1,1024,344064
1,1024,343040
1,1024,342016
1,1024,340992
1,1024,267264
1,1024,339968
1,1024,338944
1,1024,337920
1,1024,336896
1,1024,335872
1,1024,334848
1,1024,333824
1,1024,332800
1,1024,331776
1,1024,330752
1,1024,329728
1,1024,328704
1,1024,327680
1,1024,326656
1,1024,325632
1,1024,324608
1,1024,323584
1,1024,322560
1,1024,321536
1,1024,320512
1,1024,319488
1,1024,259072
0,1024,261120
1,1024,318464
0,1024,259072
1,1024,261120
1,1024,317440
1,1024,316416
1,1024,315392
1,1024,314368
1,1024,313344
1,1024,312320
1,1024,311296
1,1024,310272
1,1024,309248
1,1024,308224
1,1024,307200
1,1024,306176
1,1024,305152
1,1024,304128
1,1024,303104
1,1024,302080
1,1024,301056
1,1024,300032
1,1024,299008
1,1024,297984
1,1024,296960
1,1024,295936
1,1024,294912
1,1024,293888
1,1024,292864
1,1024,291840
1,1024,290816
1,1024,289792
1,1024,288768
1,1024,287744
1,1024,286720
1,1024,259072
0,1024,261120
1,1024,285696
0,1024,259072
1,1024,261120
1,1024,284672
1,1024,283648
1,1024,282624
1,1024,281600
1,1024,280576
1,1024,279552
1,1024,278528
1,1024,277504
1,1024,276480
1,1024,275456
1,1024,274432
1,1024,273408
1,1024,272384
1,1024,271360
1,1024,270336
1,1024,259072
0,1024,261120
1,1024,269312
0,1024,259072
1,1024,261120
1,1024,268288
1,1024,266240
1,1024,265216
1,1024,264192
1,1024,263168
1,1024,380928
0,1024,3072
1,1024,381952
1,1024,4096
0,1024,261120
1,1024,259072
0,1024,4096
1,1024,261120
1,1024,4096
1,1024,258048
1,1024,257024
1,1024,254976
0,1024,261120
1,1024,256000
0,1024,254976
1,1024,261120
1,1024,254976
1,1024,253952
1,1024,251904
0,1024,261120
1,1024,252928
1,1024,250880
0,1024,251904
1,1024,261120
1,1024,251904
1,1024,249856
1,1024,248832
1,1024,247808
1,1024,246784
1,1024,245760
1,1024,244736
1,1024,243712
1,1024,242688
1,1024,241664
1,1024,240640
1,1024,239616
1,1024,238592
1,1024,237568
1,1024,236544
1,1024,235520
1,1024,136192
1,1024,234496
1,1024,233472
1,1024,232448
1,1024,231424
1,1024,230400
1,1024,229376
1,1024,228352
1,1024,227328
1,1024,226304
1,1024,225280
1,1024,224256
1,1024,223232
1,1024,222208
1,1024,221184
1,1024,220160
1,1024,219136
1,1024,218112
1,1024,217088
1,1024,216064
1,1024,215040
1,1024,214016
1,1024,212992
1,1024,211968
1,1024,210944
1,1024,209920
1,1024,208896
1,1024,207872
1,1024,206848
1,1024,205824
1,1024,204800
1,1024,203776
1,1024,202752
1,1024,201728
1,1024,200704
1,1024,199680
1,1024,198656
1,1024,197632
1,1024,196608
1,1024,195584
1,1024,193536
0,1024,261120
1,1024,194560
0,1024,250880
1,1024,250880
0,1024,193536
1,1024,261120
1,1024,193536
1,1024,192512
1,1024,191488
1,1024,190464
1,1024,189440
1,1024,188416
1,1024,187392
1,1024,186368
1,1024,185344
1,1024,184320
1,1024,183296
1,1024,182272
1,1024,181248
1,1024,180224
1,1024,179200
1,1024,178176
1,1024,177152
1,1024,176128
1,1024,175104
1,1024,174080
1,1024,173056
1,1024,172032
1,1024,171008
1,1024,169984
1,1024,168960
1,1024,167936
1,1024,166912
1,1024,165888
1,1024,163840
0,1024,261120
1,1024,164864
0,1024,250880
1,1024,250880
0,1024,163840
1,1024,261120
1,1024,163840
1,1024,162816
1,1024,161792
1,1024,160768
1,1024,159744
1,1024,158720
1,1024,157696
1,1024,156672
1,1024,155648
1,1024,154624
1,1024,153600
1,1024,152576
1,1024,151552
1,1024,149504
0,1024,261120
1,1024,150528
0,1024,250880
1,1024,250880
0,1024,149504
1,1024,261120
1,1024,149504
1,1024,148480
1,1024,147456
1,1024,146432
1,1024,145408
1,1024,144384
1,1024,142336
0,1024,261120
1,1024,143360
0,1024,250880
1,1024,250880
0,1024,142336
1,1024,261120
1,1024,142336
1,1024,141312
1,1024,140288
1,1024,138240
0,1024,261120
1,1024,139264
0,1024,250880
1,1024,250880
0,1024,138240
1,1024,261120
1,1024,138240
1,1024,134144
0,1024,261120
1,1024,137216
0,1024,250880
1,1024,135168
0,1024,134144
1,1024,250880
1,1024,261120
1,1024,134144
1,1024,133120
1,1024,131072
1,1024,130048
1,1024,129024
1,1024,128000
1,1024,126976
1,1024,125952
1,1024,124928
1,1024,123904
1,1024,122880
1,1024,121856
1,1024,120832
1,1024,119808
1,1024,118784
1,1024,132096
1,1024,117760
1,1024,116736
1,1024,115712
1,1024,114688
1,1024,113664
1,1024,112640
1,1024,111616
1,1024,110592
1,1024,109568
1,1024,108544
1,1024,107520
1,1024,106496
1,1024,105472
1,1024,104448
1,1024,103424
1,1024,102400
1,1024,101376
1,1024,100352
1,1024,99328
1,1024,98304
1,1024,97280
1,1024,96256
1,1024,95232
1,1024,94208
1,1024,93184
1,1024,92160
1,1024,91136
1,1024,90112
1,1024,89088
1,1024,88064
1,1024,87040
1,1024,86016
1,1024,84992
1,1024,83968
1,1024,82944
1,1024,81920
1,1024,80896
1,1024,79872
1,1024,78848
1,1024,77824
0,1024,261120
1,1024,75776
0,1024,250880
1,1024,76800
0,1024,75776
1,1024,250880
1,1024,261120
1,1024,75776
1,1024,74752
1,1024,73728
1,1024,72704
1,1024,71680
1,1024,70656
1,1024,69632
1,1024,68608
1,1024,67584
1,1024,66560
1,1024,64512
1,1024,63488
1,1024,62464
1,1024,61440
1,1024,60416
1,1024,59392
1,1024,58368
1,1024,57344
1,1024,56320
1,1024,55296
1,1024,54272
0,1024,261120
1,1024,52224
0,1024,250880
1,1024,53248
0,1024,52224
1,1024,250880
1,1024,261120
1,1024,52224
1,1024,51200
1,1024,50176
1,1024,49152
1,1024,48128
1,1024,47104
1,1024,46080
1,1024,45056
1,1024,44032
1,1024,43008
0,1024,261120
1,1024,40960
0,1024,250880
1,1024,41984
0,1024,40960
1,1024,250880
1,1024,261120
1,1024,40960
1,1024,39936
1,1024,38912
1,1024,37888
0,1024,261120
1,1024,35840
0,1024,250880
1,1024,36864
0,1024,35840
1,1024,250880
1,1024,261120
1,1024,35840
1,1024,34816
0,1024,261120
1,1024,32768
0,1024,250880
1,1024,33792
0,1024,32768
1,1024,250880
1,1024,31744
0,1024,250880
1,1024,32768
1,1024,30720
0,1024,31744
1,1024,250880
1,1024,261120
1,1024,31744
1,1024,29696
1,1024,28672
1,1024,27648
1,1024,26624
1,1024,25600
1,1024,24576
1,1024,23552
1,1024,22528
1,1024,21504
1,1024,20480
1,1024,19456
1,1024,18432
1,1024,17408
1,1024,16384
1,1024,15360
1,1024,14336
1,1024,13312
1,1024,12288
1,1024,11264
1,1024,10240
1,1024,9216
1,1024,8192
1,1024,0
1,1024,2048
1,1024,3072
1,1024,5120
1,1024,6144
1,1024,7168
1,1024,262144
0,16,24
0,1024,0
0,1024,2048
0,1024,135168
0,1024,260096
0,1024,486400
0,1024,513024
0,1024,512000
0,1024,510976
0,1024,509952
0,1024,508928
0,1024,507904
0,1024,506880
0,1024,505856
0,1024,504832
0,1024,503808
0,1024,502784
0,1024,501760
0,1024,500736
0,1024,499712
0,1024,498688
0,1024,497664
0,1024,496640
0,1024,495616
0,1024,494592
0,1024,493568
0,1024,492544
0,1024,491520
0,1024,490496
0,1024,489472
0,1024,488448
0,1024,487424
0,1024,485376
0,1024,484352
0,1024,483328
0,1024,482304
0,1024,481280
0,1024,480256
0,1024,479232
0,1024,478208
0,1024,477184
0,1024,476160
0,1024,475136
0,1024,474112
0,1024,473088
0,1024,472064
0,1024,471040
0,1024,470016
0,1024,468992
0,1024,467968
0,1024,466944
0,1024,465920
0,1024,464896
0,1024,463872
0,1024,462848
0,1024,461824
0,1024,460800
0,1024,459776
0,1024,458752
0,1024,457728
0,1024,456704
0,1024,455680
0,1024,454656
0,1024,453632
0,1024,452608
0,1024,451584
0,1024,450560
0,1024,449536
0,1024,448512
0,1024,447488
0,1024,446464
0,1024,445440
0,1024,444416
0,1024,443392
0,1024,442368
0,1024,441344
0,1024,440320
0,1024,439296
0,1024,438272
0,1024,437248
0,1024,436224
0,1024,435200
0,1024,434176
0,1024,433152
0,1024,432128
0,1024,431104
0,1024,430080
0,1024,429056
0,1024,428032
0,1024,384000
0,1024,427008
0,1024,425984
0,1024,424960
0,1024,423936
0,1024,422912
0,1024,421888
0,1024,420864
0,1024,419840
0,1024,418816
0,1024,417792
0,1024,416768
0,1024,415744
0,1024,414720
0,1024,413696
0,1024,412672
0,1024,411648
0,1024,410624
0,1024,409600
0,1024,408576
0,1024,407552
0,1024,406528
0,1024,405504
0,1024,404480
0,1024,403456
0,1024,402432
0,1024,401408
0,1024,30720
0,1024,400384
0,1024,399360
0,1024,398336
0,1024,397312
0,1024,396288
0,1024,395264
0,1024,394240
0,1024,393216
0,1024,392192
0,1024,391168
0,1024,390144
0,1024,389120
0,1024,388096
0,1024,387072
0,1024,386048
0,1024,385024
0,1024,382976
0,1024,379904
0,1024,378880
0,1024,377856
0,1024,376832
0,1024,375808
0,1024,374784
0,1024,373760
0,1024,372736
0,1024,371712
0,1024,370688
0,1024,369664
0,1024,368640
0,1024,367616
0,1024,366592
0,1024,365568
0,1024,364544
0,1024,363520
0,1024,362496
0,1024,361472
0,1024,360448
0,1024,359424
0,1024,358400
0,1024,357376
0,1024,356352
0,1024,355328
0,1024,354304
0,1024,353280
0,1024,352256
0,1024,351232
0,1024,350208
0,1024,349184
0,1024,348160
0,1024,347136
0,1024,346112
0,1024,345088
0,1024,344064
0,1024,343040
0,1024,342016
0,1024,340992
0,1024,267264
0,1024,339968
0,1024,338944
0,1024,337920
0,1024,336896
0,1024,335872
0,1024,334848
0,1024,333824
0,1024,332800
0,1024,331776
0,1024,330752
0,1024,329728
0,1024,328704
0,1024,327680
0,1024,326656
0,1024,325632
0,1024,324608
0,1024,323584
0,1024,322560
0,1024,321536
0,1024,320512
0,1024,319488
0,1024,318464
0,1024,317440
0,1024,316416
0,1024,315392
0,1024,314368
0,1024,313344
0,1024,312320
0,1024,311296
0,1024,310272
0,1024,309248
0,1024,308224
0,1024,307200
0,1024,306176
0,1024,305152
0,1024,304128
0,1024,303104
0,1024,302080
0,1024,301056
0,1024,300032
0,1024,299008
0,1024,297984
0,1024,296960
0,1024,295936
0,1024,294912
0,1024,293888
0,1024,292864
0,1024,291840
0,1024,290816
0,1024,289792
0,1024,288768
0,1024,287744
0,1024,286720
0,1024,285696
0,1024,284672
0,1024,250880
0,1024,283648
0,1024,282624
0,1024,281600
0,1024,280576
0,1024,279552
0,1024,278528
0,1024,277504
0,1024,276480
0,1024,275456
0,1024,274432
0,1024,273408
0,1024,272384
0,1024,271360
0,1024,270336
0,1024,269312
0,1024,268288
0,1024,266240
0,1024,265216
0,1024,264192
0,1024,263168
0,1024,380928
0,1024,381952
0,1024,259072
0,1024,4096
0,1024,258048
0,1024,257024
0,1024,256000
0,1024,254976
0,1024,253952
0,1024,252928
0,1024,251904
0,1024,249856
0,1024,248832
0,1024,247808
0,1024,246784
0,1024,245760
0,1024,244736
0,1024,243712
0,1024,242688
0,1024,241664
0,1024,240640
0,1024,239616
0,1024,238592
0,1024,237568
0,1024,236544
0,1024,235520
0,1024,136192
0,1024,234496
0,1024,233472
0,1024,232448
0,1024,231424
0,1024,230400
0,1024,229376
0,1024,228352
0,1024,227328
0,1024,226304
0,1024,225280
0,1024,224256
0,1024,223232
0,1024,222208
0,1024,221184
0,1024,220160
0,1024,219136
0,1024,218112
0,1024,217088
0,1024,216064
0,1024,215040
0,1024,214016
0,1024,212992
0,1024,211968
0,1024,210944
0,1024,209920
0,1024,208896
0,1024,207872
0,1024,206848
0,1024,205824
0,1024,204800
0,1024,203776
0,1024,202752
0,1024,201728
0,1024,200704
0,1024,199680
0,1024,198656
0,1024,197632
0,1024,196608
0,1024,195584
0,1024,194560
0,1024,193536
0,1024,192512
0,1024,191488
0,1024,190464
0,1024,189440
0,1024,188416
0,1024,187392
0,1024,186368
0,1024,185344
0,1024,184320
0,1024,183296
0,1024,182272
0,1024,181248
0,1024,180224
0,1024,179200
0,1024,261120
0,1024,178176
0,1024,177152
0,1024,176128
0,1024,175104
0,1024,174080
0,1024,173056
0,1024,172032
0,1024,171008
0,1024,169984
0,1024,168960
0,1024,167936
0,1024,166912
0,1024,165888
0,1024,164864
0,1024,163840
0,1024,162816
0,1024,161792
0,1024,160768
0,1024,159744
0,1024,158720
0,1024,157696
0,1024,156672
0,1024,155648
0,1024,154624
0,1024,153600
0,1024,152576
0,1024,151552
0,1024,150528
0,1024,149504
0,1024,148480
0,1024,147456
0,1024,146432
0,1024,145408
0,1024,144384
0,1024,143360
0,1024,142336
0,1024,141312
0,1024,140288
0,1024,139264
0,1024,138240
0,1024,137216
0,1024,134144
0,1024,133120
0,1024,131072
0,1024,130048
0,1024,129024
0,1024,128000
0,1024,126976
0,1024,125952
0,1024,124928
0,1024,123904
0,1024,122880
0,1024,121856
0,1024,120832
0,1024,119808
0,1024,118784
0,1024,132096
0,1024,117760
0,1024,116736
0,1024,115712
0,1024,114688
0,1024,113664
0,1024,112640
0,1024,111616
0,1024,110592
0,1024,109568
0,1024,108544
0,1024,107520
0,1024,106496
0,1024,105472
0,1024,104448
0,1024,103424
0,1024,102400
0,1024,101376
0,1024,100352
0,1024,99328
0,1024,98304
0,1024,97280
0,1024,96256
0,1024,95232
0,1024,94208
0,1024,93184
0,1024,92160
0,1024,91136
0,1024,262144
0,1024,90112
0,1024,89088
0,1024,88064
0,1024,87040
0,1024,86016
0,1024,84992
0,1024,83968
0,1024,82944
0,1024,81920
0,1024,80896
0,1024,79872
0,1024,78848
0,1024,77824
0,1024,76800
0,1024,75776
0,1024,74752
0,1024,73728
0,1024,72704
0,1024,71680
0,1024,70656
0,1024,69632
0,1024,68608
0,1024,67584
0,1024,66560
0,1024,64512
0,1024,63488
0,1024,62464
0,1024,61440
0,1024,60416
0,1024,59392
0,1024,58368
0,1024,57344
0,1024,56320
0,1024,55296
0,1024,54272
0,1024,53248
0,1024,52224
0,1024,51200
0,1024,50176
0,1024,49152
0,1024,48128
0,1024,47104
0,1024,46080
0,1024,45056
0,1024,44032
0,1024,43008
0,1024,41984
0,1024,40960
0,1024,39936
0,1024,38912
0,1024,37888
0,1024,36864
0,1024,35840
0,1024,34816
0,1024,33792
0,1024,32768
0,1024,31744
0,1024,29696
0,1024,28672
0,1024,27648
0,1024,26624
0,1024,25600
0,1024,24576
0,1024,23552
0,1024,22528
0,1024,21504
0,1024,20480
0,1024,19456
0,1024,18432
0,1024,17408
0,1024,16384
0,1024,15360
0,1024,14336
0,1024,13312
0,1024,12288
0,1024,11264
0,1024,10240
0,1024,9216
0,1024,8192
0,1024,7168
0,1024,6144
0,1024,5120
0,1024,3072
0,16,24
0,1024,0
0,1024,2048
0,1024,135168
0,1024,260096
0,1024,486400
0,1024,513024
0,1024,512000
0,1024,510976
0,1024,509952
0,1024,508928
0,1024,507904
0,1024,506880
0,1024,505856
0,1024,504832
0,1024,503808
0,1024,502784
0,1024,501760
0,1024,500736
0,1024,499712
0,1024,498688
0,1024,497664
0,1024,496640
0,1024,495616
0,1024,494592
0,1024,493568
0,1024,492544
0,1024,491520
0,1024,490496
0,1024,489472
0,1024,488448
0,1024,487424
0,1024,485376
0,1024,484352
0,1024,483328
0,1024,482304
0,1024,481280
0,1024,480256
0,1024,479232
0,1024,478208
0,1024,477184
0,1024,476160
0,1024,475136
0,1024,474112
0,1024,473088
0,1024,472064
0,1024,471040
0,1024,470016
0,1024,468992
0,1024,467968
0,1024,466944
0,1024,465920
0,1024,464896
0,1024,463872
0,1024,462848
0,1024,461824
0,1024,460800
0,1024,459776
0,1024,458752
0,1024,457728
0,1024,456704
0,1024,455680
0,1024,454656
0,1024,453632
0,1024,452608
0,1024,451584
0,1024,450560
0,1024,449536
0,1024,448512
0,1024,447488
0,1024,446464
0,1024,445440
0,1024,444416
0,1024,443392
0,1024,442368
0,1024,441344
0,1024,440320
0,1024,439296
0,1024,438272
0,1024,437248
0,1024,436224
0,1024,435200
0,1024,434176
0,1024,433152
0,1024,432128
0,1024,431104
0,1024,430080
0,1024,429056
0,1024,428032
0,1024,384000
0,1024,427008
0,1024,425984
0,1024,424960
0,1024,423936
0,1024,422912
0,1024,421888
0,1024,420864
0,1024,419840
0,1024,418816
0,1024,417792
0,1024,416768
0,1024,415744
0,1024,414720
0,1024,413696
0,1024,412672
0,1024,411648
0,1024,410624
0,1024,409600
0,1024,408576
0,1024,407552
0,1024,406528
0,1024,405504
0,1024,404480
0,1024,403456
0,1024,402432
0,1024,401408
0,1024,30720
0,1024,400384
0,1024,399360
0,1024,398336
0,1024,397312
0,1024,396288
0,1024,395264
0,1024,394240
0,1024,393216
0,1024,392192
0,1024,391168
0,1024,390144
0,1024,389120
0,1024,388096
0,1024,387072
0,1024,386048
0,1024,385024
0,1024,382976
0,1024,379904
0,1024,378880
0,1024,377856
0,1024,376832
0,1024,375808
0,1024,374784
0,1024,373760
0,1024,372736
0,1024,371712
0,1024,370688
0,1024,369664
0,1024,368640
0,1024,367616
0,1024,366592
0,1024,365568
0,1024,364544
0,1024,363520
0,1024,362496
0,1024,361472
0,1024,360448
0,1024,359424
0,1024,358400
0,1024,357376
0,1024,356352
0,1024,355328
0,1024,354304
0,1024,353280
0,1024,352256
0,1024,351232
0,1024,350208
0,1024,349184
0,1024,348160
0,1024,347136
0,1024,346112
0,1024,345088
0,1024,344064
0,1024,343040
0,1024,342016
0,1024,340992
0,1024,267264
0,1024,339968
0,1024,338944
0,1024,337920
0,1024,336896
0,1024,335872
0,1024,334848
0,1024,333824
0,1024,332800
0,1024,331776
0,1024,330752
0,1024,329728
0,1024,328704
0,1024,327680
0,1024,326656
0,1024,325632
0,1024,324608
0,1024,323584
0,1024,322560
0,1024,321536
0,1024,320512
0,1024,319488
0,1024,318464
0,1024,317440
0,1024,316416
0,1024,315392
0,1024,314368
0,1024,313344
0,1024,312320
0,1024,311296
0,1024,310272
0,1024,309248
0,1024,308224
0,1024,307200
0,1024,306176
0,1024,305152
0,1024,304128
0,1024,303104
0,1024,302080
0,1024,301056
0,1024,300032
0,1024,299008
0,1024,297984
0,1024,296960
0,1024,295936
0,1024,294912
0,1024,293888
0,1024,292864
0,1024,291840
0,1024,290816
0,1024,289792
0,1024,288768
0,1024,287744
0,1024,286720
0,1024,285696
0,1024,284672
0,1024,250880
0,1024,283648
0,1024,282624
0,1024,281600
0,1024,280576
0,1024,279552
0,1024,278528
0,1024,277504
0,1024,276480
0,1024,275456
0,1024,274432
0,1024,273408
0,1024,272384
0,1024,271360
0,1024,270336
0,1024,269312
0,1024,268288
0,1024,266240
0,1024,265216
0,1024,264192
0,1024,263168
0,1024,380928
0,1024,381952
0,1024,259072
0,1024,4096
0,1024,258048
0,1024,257024
0,1024,256000
0,1024,254976
0,1024,253952
0,1024,252928
0,1024,251904
0,1024,249856
0,1024,248832
0,1024,247808
0,1024,246784
0,1024,245760
0,1024,244736
0,1024,243712
0,1024,242688
0,1024,241664
0,1024,240640
0,1024,239616
0,1024,238592
0,1024,237568
0,1024,236544
0,1024,235520
0,1024,136192
0,1024,234496
0,1024,233472
0,1024,232448
0,1024,231424
0,1024,230400
0,1024,229376
0,1024,228352
0,1024,227328
0,1024,226304
0,1024,225280
0,1024,224256
0,1024,223232
0,1024,222208
0,1024,221184
0,1024,220160
0,1024,219136
0,1024,218112
0,1024,217088
0,1024,216064
0,1024,215040
0,1024,214016
0,1024,212992
0,1024,211968
0,1024,210944
0,1024,209920
0,1024,208896
0,1024,207872
0,1024,206848
0,1024,205824
0,1024,204800
0,1024,203776
0,1024,202752
0,1024,201728
0,1024,200704
0,1024,199680
0,1024,198656
0,1024,197632
0,1024,196608
0,1024,195584
0,1024,194560
0,1024,193536
0,1024,192512
0,1024,191488
0,1024,190464
0,1024,189440
0,1024,188416
0,1024,187392
0,1024,186368
0,1024,185344
0,1024,184320
0,1024,183296
0,1024,182272
0,1024,181248
0,1024,180224
0,1024,179200
0,1024,261120
0,1024,178176
0,1024,177152
0,1024,176128
0,1024,175104
0,1024,174080
0,1024,173056
0,1024,172032
0,1024,171008
0,1024,169984
0,1024,168960
0,1024,167936
0,1024,166912
0,1024,165888
0,1024,164864
0,1024,163840
0,1024,162816
0,1024,161792
0,1024,160768
0,1024,159744
0,1024,158720
0,1024,157696
0,1024,156672
0,1024,155648
0,1024,154624
0,1024,153600
0,1024,152576
0,1024,151552
0,1024,150528
0,1024,149504
0,1024,148480
0,1024,147456
0,1024,146432
0,1024,145408
0,1024,144384
0,1024,143360
0,1024,142336
0,1024,141312
0,1024,140288
0,1024,139264
0,1024,138240
0,1024,137216
0,1024,134144
0,1024,133120
0,1024,131072
0,1024,130048
0,1024,129024
0,1024,128000
0,1024,126976
0,1024,125952
0,1024,124928
0,1024,123904
0,1024,122880
0,1024,121856
0,1024,120832
0,1024,119808
0,1024,118784
0,1024,132096
0,1024,117760
0,1024,116736
0,1024,115712
0,1024,114688
0,1024,113664
0,1024,112640
0,1024,111616
0,1024,110592
0,1024,109568
0,1024,108544
0,1024,107520
0,1024,106496
0,1024,105472
0,1024,104448
0,1024,103424
0,1024,102400
0,1024,101376
0,1024,100352
0,1024,99328
0,1024,98304
0,1024,97280
0,1024,96256
0,1024,95232
0,1024,94208
0,1024,93184
0,1024,92160
0,1024,91136
0,1024,262144
0,1024,90112
0,1024,89088
0,1024,88064
0,1024,87040
0,1024,86016
0,1024,84992
0,1024,83968
0,1024,82944
0,1024,81920
0,1024,80896
0,1024,79872
0,1024,78848
0,1024,77824
0,1024,76800
0,1024,75776
0,1024,74752
0,1024,73728
0,1024,72704
0,1024,71680
0,1024,70656
0,1024,69632
0,1024,68608
0,1024,67584
0,1024,66560
0,1024,64512
0,1024,63488
0,1024,62464
0,1024,61440
0,1024,60416
0,1024,59392
0,1024,58368
0,1024,57344
0,1024,56320
0,1024,55296
0,1024,54272
0,1024,53248
0,1024,52224
0,1024,51200
0,1024,50176
0,1024,49152
0,1024,48128
0,1024,47104
0,1024,46080
0,1024,45056
0,1024,44032
0,1024,43008
0,1024,41984
0,1024,40960
0,1024,39936
0,1024,38912
0,1024,37888
0,1024,36864
0,1024,35840
0,1024,34816
0,1024,33792
0,1024,32768
0,1024,31744
0,1024,29696
0,1024,28672
0,1024,27648
0,1024,26624
0,1024,25600
0,1024,24576
0,1024,23552
0,1024,22528
0,1024,21504
0,1024,20480
0,1024,19456
0,1024,18432
0,1024,17408
0,1024,16384
0,1024,15360
0,1024,14336
0,1024,13312
0,1024,12288
0,1024,11264
0,1024,10240
0,1024,9216
0,1024,8192
0,1024,7168
0,1024,6144
0,1024,5120
0,1024,3072
0,16,24
0,1024,0
0,1024,2048
0,1024,135168
0,1024,260096
0,1024,486400
0,1024,513024
0,1024,512000
0,1024,510976
0,1024,509952
0,1024,508928
0,1024,507904
0,1024,506880
0,1024,505856
0,1024,504832
0,1024,503808
0,1024,502784
0,1024,501760
0,1024,500736
0,1024,499712
0,1024,498688
0,1024,497664
0,1024,496640
0,1024,495616
0,1024,494592
0,1024,493568
0,1024,492544
0,1024,491520
0,1024,490496
0,1024,489472
0,1024,488448
0,1024,487424
0,1024,485376
0,1024,484352
0,1024,483328
0,1024,482304
0,1024,481280
0,1024,480256
0,1024,479232
0,1024,478208
0,1024,477184
0,1024,476160
0,1024,475136
0,1024,474112
0,1024,473088
0,1024,472064
0,1024,471040
0,1024,470016
0,1024,468992
0,1024,467968
0,1024,466944
0,1024,465920
0,1024,464896
0,1024,463872
0,1024,462848
0,1024,461824
0,1024,460800
0,1024,459776
0,1024,458752
0,1024,457728
0,1024,456704
0,1024,455680
0,1024,454656
0,1024,453632
0,1024,452608
0,1024,451584
0,1024,450560
0,1024,449536
0,1024,448512
0,1024,447488
0,1024,446464
0,1024,445440
0,1024,444416
0,1024,443392
0,1024,442368
0,1024,441344
0,1024,440320
0,1024,439296
0,1024,438272
0,1024,437248
0,1024,436224
0,1024,435200
0,1024,434176
0,1024,433152
0,1024,432128
0,1024,431104
0,1024,430080
0,1024,429056
0,1024,428032
0,1024,384000
0,1024,427008
0,1024,425984
0,1024,424960
0,1024,423936
0,1024,422912
0,1024,421888
0,1024,420864
0,1024,419840
0,1024,418816
0,1024,417792
0,1024,416768
0,1024,415744
0,1024,414720
0,1024,413696
0,1024,412672
0,1024,411648
0,1024,410624
0,1024,409600
0,1024,408576
0,1024,407552
0,1024,406528
0,1024,405504
0,1024,404480
0,1024,403456
0,1024,402432
0,1024,401408
0,1024,30720
0,1024,400384
0,1024,399360
0,1024,398336
0,1024,397312
0,1024,396288
0,1024,395264
0,1024,394240
0,1024,393216
0,1024,392192
0,1024,391168
0,1024,390144
0,1024,389120
0,1024,388096
0,1024,387072
0,1024,386048
0,1024,385024
0,1024,382976
0,1024,379904
0,1024,378880
0,1024,377856
0,1024,376832
0,1024,375808
0,1024,374784
0,1024,373760
0,1024,372736
0,1024,371712
0,1024,370688
0,1024,369664
0,1024,368640
0,1024,367616
0,1024,366592
0,1024,365568
0,1024,364544
0,1024,363520
0,1024,362496
0,1024,361472
0,1024,360448
0,1024,359424
0,1024,358400
0,1024,357376
0,1024,356352
0,1024,355328
0,1024,354304
0,1024,353280
0,1024,352256
0,1024,351232
0,1024,350208
0,1024,349184
0,1024,348160
0,1024,347136
0,1024,346112
0,1024,345088
0,1024,344064
0,1024,343040
0,1024,342016
0,1024,340992
0,1024,267264
0,1024,339968
0,1024,338944
0,1024,337920
0,1024,336896
0,1024,335872
0,1024,334848
0,1024,333824
0,1024,332800
0,1024,331776
0,1024,330752
0,1024,329728
0,1024,328704
0,1024,327680
0,1024,326656
0,1024,325632
0,1024,324608
0,1024,323584
0,1024,322560
0,1024,321536
0,1024,320512
0,1024,319488
0,1024,318464
0,1024,317440
0,1024,316416
0,1024,315392
0,1024,314368
0,1024,313344
0,1024,312320
0,1024,311296
0,1024,310272
0,1024,309248
0,1024,308224
0,1024,307200
0,1024,306176
0,1024,305152
0,1024,304128
0,1024,303104
0,1024,302080
0,1024,301056
0,1024,300032
0,1024,299008
0,1024,297984
0,1024,296960
0,1024,295936
0,1024,294912
0,1024,293888
0,1024,292864
0,1024,291840
0,1024,290816
0,1024,289792
0,1024,288768
0,1024,287744
0,1024,286720
0,1024,285696
0,1024,284672
0,1024,250880
0,1024,283648
0,1024,282624
0,1024,281600
0,1024,280576
0,1024,279552
0,1024,278528
0,1024,277504
0,1024,276480
0,1024,275456
0,1024,274432
0,1024,273408
0,1024,272384
0,1024,271360
0,1024,270336
0,1024,269312
0,1024,268288
0,1024,266240
0,1024,265216
0,1024,264192
0,1024,263168
0,1024,380928
0,1024,381952
0,1024,259072
0,1024,4096
0,1024,258048
0,1024,257024
0,1024,256000
0,1024,254976
0,1024,253952
0,1024,252928
0,1024,251904
0,1024,249856
0,1024,248832
0,1024,247808
0,1024,246784
0,1024,245760
0,1024,244736
0,1024,243712
0,1024,242688
0,1024,241664
0,1024,240640
0,1024,239616
0,1024,238592
0,1024,237568
0,1024,236544
0,1024,235520
0,1024,136192
0,1024,234496
0,1024,233472
0,1024,232448
0,1024,231424
0,1024,230400
0,1024,229376
0,1024,228352
0,1024,227328
0,1024,226304
0,1024,225280
0,1024,224256
0,1024,223232
0,1024,222208
0,1024,221184
0,1024,220160
0,1024,219136
0,1024,218112
0,1024,217088
0,1024,216064
0,1024,215040
0,1024,214016
0,1024,212992
0,1024,211968
0,1024,210944
0,1024,209920
0,1024,208896
0,1024,207872
0,1024,206848
0,1024,205824
0,1024,204800
0,1024,203776
0,1024,202752
0,1024,201728
0,1024,200704
0,1024,199680
0,1024,198656
0,1024,197632
0,1024,196608
0,1024,195584
0,1024,194560
0,1024,193536
0,1024,192512
0,1024,191488
0,1024,190464
0,1024,189440
0,1024,188416
0,1024,187392
0,1024,186368
0,1024,185344
0,1024,184320
0,1024,183296
0,1024,182272
0,1024,181248
0,1024,180224
0,1024,179200
0,1024,261120
0,1024,178176
0,1024,177152
0,1024,176128
0,1024,175104
0,1024,174080
0,1024,173056
0,1024,172032
0,1024,171008
0,1024,169984
0,1024,168960
0,1024,167936
0,1024,166912
0,1024,165888
0,1024,164864
0,1024,163840
0,1024,162816
0,1024,161792
0,1024,160768
0,1024,159744
0,1024,158720
0,1024,157696
0,1024,156672
0,1024,155648
0,1024,154624
0,1024,153600
0,1024,152576
0,1024,151552
0,1024,150528
0,1024,149504
0,1024,148480
0,1024,147456
0,1024,146432
0,1024,145408
0,1024,144384
0,1024,143360
0,1024,142336
0,1024,141312
0,1024,140288
0,1024,139264
0,1024,138240
0,1024,137216
0,1024,134144
0,1024,133120
0,1024,131072
0,1024,130048
0,1024,129024
0,1024,128000
0,1024,126976
0,1024,125952
0,1024,124928
0,1024,123904
0,1024,122880
0,1024,121856
0,1024,120832
0,1024,119808
0,1024,118784
0,1024,132096
0,1024,117760
0,1024,116736
0,1024,115712
0,1024,114688
0,1024,113664
0,1024,112640
0,1024,111616
0,1024,110592
0,1024,109568
0,1024,108544
0,1024,107520
0,1024,106496
0,1024,105472
0,1024,104448
0,1024,103424
0,1024,102400
0,1024,101376
0,1024,100352
0,1024,99328
0,1024,98304
0,1024,97280
0,1024,96256
0,1024,95232
0,1024,94208
0,1024,93184
0,1024,92160
0,1024,91136
0,1024,262144
0,1024,90112
0,1024,89088
0,1024,88064
0,1024,87040
0,1024,86016
0,1024,84992
0,1024,83968
0,1024,82944
0,1024,81920
0,1024,80896
0,1024,79872
0,1024,78848
0,1024,77824
0,1024,76800
0,1024,75776
0,1024,74752
0,1024,73728
0,1024,72704
0,1024,71680
0,1024,70656
0,1024,69632
0,1024,68608
0,1024,67584
0,1024,66560
0,1024,64512
0,1024,63488
0,1024,62464
0,1024,61440
0,1024,60416
0,1024,59392
0,1024,58368
0,1024,57344
0,1024,56320
0,1024,55296
0,1024,54272
0,1024,53248
0,1024,52224
0,1024,51200
0,1024,50176
0,1024,49152
0,1024,48128
0,1024,47104
0,1024,46080
0,1024,45056
0,1024,44032
0,1024,43008
0,1024,41984
0,1024,40960
0,1024,39936
0,1024,38912
0,1024,37888
0,1024,36864
0,1024,35840
0,1024,34816
0,1024,33792
0,1024,32768
0,1024,31744
0,1024,29696
0,1024,28672
0,1024,27648
0,1024,26624
0,1024,25600
0,1024,24576
0,1024,23552
0,1024,22528
0,1024,21504
0,1024,20480
0,1024,19456
0,1024,18432
0,1024,17408
0,1024,16384
0,1024,15360
0,1024,14336
0,1024,13312
0,1024,12288
0,1024,11264
0,1024,10240
0,1024,9216
0,1024,8192
0,1024,7168
0,1024,6144
0,1024,5120
0,1024,3072
0,16,24
0,1024,0
1,1024,514048
0,1024,2048
0,1024,135168
0,1024,260096
0,1024,486400
0,1024,513024
0,1024,512000
0,1024,510976
0,1024,509952
0,1024,508928
0,1024,507904
0,1024,506880
0,1024,505856
0,1024,504832
0,1024,503808
0,1024,502784
0,1024,501760
0,1024,500736
0,1024,499712
0,1024,498688
0,1024,497664
0,1024,496640
0,1024,495616
0,1024,494592
0,1024,493568
0,1024,492544
0,1024,491520
0,1024,490496
0,1024,489472
0,1024,488448
0,1024,487424
0,1024,485376
0,1024,484352
0,1024,483328
0,1024,482304
0,1024,481280
0,1024,480256
0,1024,479232
0,1024,478208
0,1024,477184
0,1024,476160
0,1024,475136
0,1024,474112
0,1024,473088
0,1024,472064
0,1024,471040
0,1024,470016
0,1024,468992
0,1024,467968
0,1024,466944
0,1024,465920
0,1024,464896
0,1024,463872
0,1024,462848
0,1024,461824
0,1024,460800
0,1024,459776
0,1024,458752
0,1024,457728
0,1024,456704
0,1024,455680
0,1024,454656
0,1024,453632
0,1024,452608
0,1024,451584
0,1024,450560
0,1024,449536
0,1024,448512
0,1024,447488
0,1024,446464
0,1024,445440
0,1024,444416
0,1024,443392
0,1024,442368
0,1024,441344
0,1024,440320
0,1024,439296
0,1024,438272
0,1024,437248
0,1024,436224
0,1024,435200
0,1024,434176
0,1024,433152
0,1024,432128
0,1024,431104
0,1024,430080
0,1024,429056
0,1024,428032
0,1024,384000
0,1024,427008
0,1024,425984
0,1024,424960
0,1024,423936
0,1024,422912
0,1024,421888
0,1024,420864
0,1024,419840
0,1024,418816
0,1024,417792
0,1024,416768
0,1024,415744
0,1024,414720
0,1024,413696
0,1024,412672
0,1024,411648
0,1024,410624
0,1024,409600
0,1024,408576
0,1024,407552
0,1024,406528
0,1024,405504
0,1024,404480
0,1024,403456
0,1024,402432
0,1024,401408
0,1024,30720
0,1024,400384
0,1024,399360
0,1024,398336
0,1024,397312
0,1024,396288
0,1024,395264
0,1024,394240
0,1024,393216
0,1024,392192
0,1024,391168
0,1024,390144
0,1024,389120
0,1024,388096
0,1024,387072
0,1024,386048
0,1024,385024
0,1024,382976
0,1024,379904
0,1024,378880
0,1024,377856
0,1024,376832
0,1024,375808
0,1024,374784
0,1024,373760
0,1024,372736
0,1024,371712
0,1024,370688
0,1024,369664
0,1024,368640
0,1024,367616
0,1024,366592
0,1024,365568
0,1024,364544
0,1024,363520
0,1024,362496
0,1024,361472
0,1024,360448
0,1024,359424
0,1024,358400
0,1024,357376
0,1024,356352
0,1024,355328
0,1024,354304
0,1024,353280
0,1024,352256
0,1024,351232
0,1024,350208
0,1024,349184
0,1024,348160
0,1024,347136
0,1024,346112
0,1024,345088
0,1024,344064
0,1024,343040
0,1024,342016
0,1024,340992
0,1024,267264
0,1024,339968
0,1024,338944
0,1024,337920
0,1024,336896
0,1024,335872
0,1024,334848
0,1024,333824
0,1024,332800
0,1024,331776
0,1024,330752
0,1024,329728
0,1024,328704
0,1024,327680
0,1024,326656
0,1024,325632
0,1024,324608
0,1024,323584
0,1024,322560
0,1024,321536
0,1024,320512
0,1024,319488
0,1024,318464
0,1024,317440
0,1024,316416
0,1024,315392
0,1024,314368
0,1024,313344
0,1024,312320
0,1024,311296
0,1024,310272
0,1024,309248
0,1024,308224
0,1024,307200
0,1024,306176
0,1024,305152
0,1024,304128
0,1024,303104
0,1024,302080
0,1024,301056
0,1024,300032
0,1024,299008
0,1024,297984
0,1024,296960
0,1024,295936
0,1024,294912
0,1024,293888
0,1024,292864
0,1024,291840
0,1024,290816
0,1024,289792
0,1024,288768
0,1024,287744
0,1024,286720
0,1024,285696
0,1024,284672
0,1024,250880
0,1024,283648
0,1024,282624
0,1024,281600
0,1024,280576
0,1024,279552
0,1024,278528
0,1024,277504
0,1024,276480
0,1024,275456
0,1024,274432
0,1024,273408
0,1024,272384
0,1024,271360
0,1024,270336
0,1024,269312
0,1024,268288
0,1024,266240
0,1024,265216
0,1024,264192
0,1024,263168
0,1024,380928
0,1024,381952
0,1024,259072
0,1024,4096
0,1024,258048
0,1024,257024
0,1024,256000
0,1024,254976
0,1024,253952
0,1024,252928
0,1024,251904
0,1024,249856
0,1024,248832
0,1024,247808
0,1024,246784
0,1024,245760
0,1024,244736
0,1024,243712
0,1024,242688
0,1024,241664
0,1024,240640
0,1024,239616
0,1024,238592
0,1024,237568
0,1024,236544
0,1024,235520
0,1024,136192
0,1024,234496
0,1024,233472
0,1024,232448
0,1024,231424
0,1024,230400
0,1024,229376
0,1024,228352
0,1024,227328
0,1024,226304
0,1024,225280
0,1024,224256
0,1024,223232
0,1024,222208
0,1024,221184
0,1024,220160
0,1024,219136
0,1024,218112
0,1024,217088
0,1024,216064
0,1024,215040
0,1024,214016
0,1024,212992
0,1024,211968
0,1024,210944
0,1024,209920
0,1024,208896
0,1024,207872
0,1024,206848
0,1024,205824
0,1024,204800
0,1024,203776
0,1024,202752
0,1024,201728
0,1024,200704
0,1024,199680
0,1024,198656
0,1024,197632
0,1024,196608
0,1024,195584
0,1024,194560
0,1024,193536
0,1024,192512
0,1024,191488
0,1024,190464
0,1024,189440
0,1024,188416
0,1024,187392
0,1024,186368
0,1024,185344
0,1024,184320
0,1024,183296
0,1024,182272
0,1024,181248
0,1024,180224
0,1024,179200
0,1024,261120
0,1024,178176
0,1024,177152
0,1024,176128
0,1024,175104
0,1024,174080
0,1024,173056
0,1024,172032
0,1024,171008
0,1024,169984
0,1024,168960
0,1024,167936
0,1024,166912
0,1024,165888
0,1024,164864
0,1024,163840
0,1024,162816
0,1024,161792
0,1024,160768
0,1024,159744
0,1024,158720
0,1024,157696
0,1024,156672
0,1024,155648
0,1024,154624
0,1024,153600
0,1024,152576
0,1024,151552
0,1024,150528
0,1024,149504
0,1024,148480
0,1024,147456
0,1024,146432
0,1024,145408
0,1024,144384
0,1024,143360
0,1024,142336
0,1024,141312
0,1024,140288
0,1024,139264
0,1024,138240
0,1024,137216
0,1024,134144
0,1024,133120
0,1024,131072
0,1024,130048
0,1024,129024
0,1024,128000
0,1024,126976
0,1024,125952
0,1024,124928
0,1024,123904
0,1024,122880
0,1024,121856
0,1024,120832
0,1024,119808
0,1024,118784
0,1024,132096
0,1024,117760
0,1024,116736
0,1024,115712
0,1024,114688
0,1024,113664
0,1024,112640
0,1024,111616
0,1024,110592
0,1024,109568
0,1024,108544
0,1024,107520
0,1024,106496
0,1024,105472
0,1024,104448
0,1024,103424
0,1024,102400
0,1024,101376
0,1024,100352
0,1024,99328
0,1024,98304
0,1024,97280
0,1024,96256
0,1024,95232
0,1024,94208
0,1024,93184
0,1024,92160
0,1024,91136
0,1024,262144
0,1024,90112
0,1024,89088
0,1024,88064
0,1024,87040
0,1024,86016
0,1024,84992
0,1024,83968
0,1024,82944
0,1024,81920
0,1024,80896
0,1024,79872
0,1024,78848
0,1024,77824
0,1024,76800
0,1024,75776
0,1024,74752
0,1024,73728
0,1024,72704
0,1024,71680
0,1024,70656
0,1024,69632
0,1024,68608
0,1024,67584
0,1024,66560
0,1024,64512
0,1024,63488
0,1024,62464
0,1024,61440
0,1024,60416
0,1024,59392
0,1024,58368
0,1024,57344
0,1024,56320
0,1024,55296
0,1024,54272
0,1024,53248
0,1024,52224
0,1024,51200
0,1024,50176
0,1024,49152
0,1024,48128
0,1024,47104
0,1024,46080
0,1024,45056
0,1024,44032
0,1024,43008
0,1024,41984
0,1024,40960
0,1024,39936
0,1024,38912
0,1024,37888
0,1024,36864
0,1024,35840
0,1024,34816
0,1024,33792
0,1024,32768
0,1024,31744
0,1024,29696
0,1024,28672
0,1024,27648
0,1024,26624
0,1024,25600
0,1024,24576
0,1024,23552
0,1024,22528
0,1024,21504
0,1024,20480
0,1024,19456
0,1024,18432
0,1024,17408
0,1024,16384
0,1024,15360
0,1024,14336
0,1024,13312
0,1024,12288
0,1024,11264
0,1024,10240
0,1024,9216
0,1024,8192
0,1024,7168
0,1024,6144
0,1024,5120
0,1024,3072
0,1024,514048
1,1024,515072
1,1024,516096
1,1024,517120
1,1024,518144
1,1024,519168
1,1024,520192
1,1024,521216
1,1024,522240
1,1024,523264
1,1024,524288
1,1024,525312
1,1024,526336
1,1024,527360
1,1024,528384
1,1024,529408
1,1024,530432
1,1024,531456
1,1024,532480
1,1024,533504
1,1024,534528
1,1024,535552
1,1024,536576
1,1024,537600
1,1024,538624
1,1024,539648
1,1024,540672
1,1024,541696
1,1024,542720
1,1024,543744
1,1024,544768
1,1024,545792
1,1024,546816
1,1024,547840
1,1024,548864
1,1024,549888
1,1024,550912
1,1024,551936
1,1024,552960
1,1024,553984
1,1024,555008
1,1024,556032
1,1024,557056
1,1024,558080
1,1024,559104
1,1024,560128
1,1024,561152
1,1024,562176
1,1024,563200
1,1024,564224
1,1024,565248
1,1024,566272
1,1024,567296
1,1024,568320
1,1024,569344
1,1024,570368
1,1024,571392
1,1024,572416
1,1024,573440
1,1024,574464
1,1024,575488
1,1024,576512
1,1024,577536
1,1024,578560
1,1024,579584
1,1024,580608
1,1024,581632
1,1024,582656
1,1024,583680
1,1024,584704
1,1024,585728
1,1024,586752
1,1024,587776
1,1024,589824
1,1024,588800
0,1024,589824
1,1024,590848
0,1024,588800
1,1024,588800
0,1024,590848
1,1024,590848
0,1024,588800
1,1024,588800
0,1024,590848
1,1024,590848
1,1024,589824
0,1024,590848
1,1024,590848
1,1024,592896
0,1024,590848
1,1024,590848
1,1024,593920
0,1024,590848
1,1024,590848
1,1024,594944
0,1024,590848
1,1024,590848
1,1024,595968
0,1024,590848
1,1024,590848
1,1024,596992
0,1024,590848
1,1024,590848
1,1024,598016
0,1024,590848
1,1024,590848
1,1024,599040
0,1024,590848
1,1024,590848
1,1024,600064
0,1024,590848
1,1024,590848
1,1024,601088
0,1024,590848
1,1024,590848
1,1024,602112
0,1024,590848
1,1024,590848
1,1024,603136
0,1024,590848
1,1024,590848
1,1024,604160
0,1024,590848
1,1024,590848
1,1024,605184
0,1024,590848
1,1024,590848
1,1024,606208
0,1024,590848
1,1024,590848
1,1024,607232
0,1024,590848
1,1024,590848
1,1024,608256
0,1024,590848
1,1024,590848
1,1024,609280
0,1024,590848
1,1024,590848
1,1024,610304
0,1024,590848
1,1024,590848
1,1024,611328
0,1024,590848
1,1024,590848
1,1024,612352
0,1024,590848
1,1024,590848
1,1024,613376
0,1024,590848
1,1024,590848
1,1024,614400
1,1024,615424
1,1024,616448
1,1024,617472
1,1024,618496
1,1024,619520
1,1024,620544
1,1024,621568
1,1024,622592
1,1024,623616
1,1024,624640
1,1024,625664
1,1024,626688
1,1024,627712
1,1024,628736
1,1024,629760
1,1024,630784
1,1024,631808
1,1024,632832
1,1024,633856
1,1024,634880
1,1024,635904
1,1024,636928
1,1024,637952
1,1024,638976
1,1024,640000
1,1024,641024
1,1024,642048
1,1024,643072
1,1024,644096
1,1024,645120
1,1024,646144
1,1024,647168
1,1024,648192
1,1024,649216
1,1024,650240
1,1024,651264
1,1024,652288
1,1024,653312
1,1024,654336
1,1024,655360
1,1024,656384
1,1024,657408
1,1024,658432
1,1024,659456
1,1024,660480
1,1024,661504
1,1024,662528
1,1024,663552
1,1024,664576
0,1024,590848
1,1024,666624
1,1024,665600
0,1024,666624
1,1024,590848
0,1024,665600
1,1024,591872
1,1024,665600
0,1024,591872
1,1024,591872
1,1024,666624
0,1024,591872
1,1024,591872
1,1024,668672
0,1024,591872
1,1024,591872
1,1024,669696
0,1024,591872
1,1024,591872
1,1024,670720
0,1024,591872
1,1024,591872
1,1024,671744
0,1024,591872
1,1024,591872
1,1024,672768
0,1024,591872
1,1024,591872
1,1024,673792
0,1024,591872
1,1024,591872
1,1024,674816
0,1024,591872
1,1024,591872
1,1024,675840
0,1024,591872
1,1024,591872
1,1024,676864
0,1024,591872
1,1024,591872
1,1024,677888
0,1024,591872
1,1024,591872
1,1024,678912
0,1024,591872
1,1024,591872
1,1024,679936
0,1024,591872
1,1024,591872
1,1024,680960
0,1024,591872
1,1024,591872
1,1024,681984
0,1024,591872
1,1024,591872
1,1024,683008
0,1024,591872
1,1024,591872
1,1024,684032
0,1024,591872
1,1024,591872
1,1024,685056
0,1024,591872
1,1024,591872
1,1024,686080
0,1024,591872
1,1024,591872
1,1024,687104
0,1024,591872
1,1024,591872
1,1024,688128
0,1024,591872
1,1024,591872
1,1024,689152
1,1024,690176
1,1024,691200
1,1024,692224
1,1024,693248
1,1024,694272
1,1024,695296
1,1024,696320
1,1024,697344
1,1024,698368
1,1024,699392
1,1024,700416
1,1024,701440
1,1024,702464
1,1024,703488
1,1024,704512
1,1024,705536
1,1024,706560
1,1024,707584
1,1024,708608
1,1024,709632
1,1024,710656
1,1024,711680
1,1024,712704
1,1024,713728
1,1024,714752
1,1024,715776
1,1024,716800
1,1024,717824
1,1024,718848
1,1024,719872
1,1024,720896
1,1024,721920
1,1024,722944
1,1024,723968
1,1024,724992
1,1024,726016
1,1024,727040
1,1024,728064
1,1024,729088
1,1024,730112
1,1024,731136
1,1024,732160
1,1024,733184
1,1024,734208
1,1024,735232
1,1024,736256
0,1024,591872
1,1024,738304
1,1024,737280
0,1024,738304
1,1024,591872
0,1024,737280
1,1024,667648
1,1024,737280
0,1024,667648
1,1024,667648
1,1024,738304
0,1024,667648
1,1024,667648
1,1024,740352
0,1024,667648
1,1024,667648
1,1024,741376
0,1024,667648
1,1024,667648
1,1024,742400
0,1024,667648
1,1024,667648
1,1024,743424
0,1024,667648
1,1024,667648
1,1024,744448
0,1024,667648
1,1024,667648
1,1024,745472
0,1024,667648
1,1024,667648
1,1024,746496
0,1024,667648
1,1024,667648
1,1024,747520
0,1024,667648
1,1024,667648
1,1024,748544
0,1024,667648
1,1024,667648
1,1024,749568
0,1024,667648
1,1024,667648
1,1024,750592
0,1024,667648
1,1024,667648
1,1024,751616
0,1024,667648
1,1024,667648
1,1024,752640
0,1024,667648
1,1024,667648
1,1024,753664
0,1024,667648
1,1024,667648
1,1024,754688
0,1024,667648
1,1024,667648
1,1024,755712
0,1024,667648
1,1024,667648
1,1024,756736
0,1024,667648
1,1024,667648
1,1024,757760
0,1024,667648
1,1024,667648
1,1024,758784
0,1024,667648
1,1024,667648
1,1024,759808
1,1024,760832
1,1024,761856
1,1024,762880
1,1024,763904
1,1024,764928
1,1024,765952
1,1024,766976
1,1024,768000
1,1024,769024
1,1024,770048
1,1024,771072
1,1024,772096
1,1024,773120
1,1024,774144
1,1024,775168
1,1024,776192
1,1024,777216
1,1024,778240
1,1024,779264
1,1024,780288
1,1024,781312
1,1024,782336
1,1024,783360
1,1024,784384
1,1024,785408
1,1024,786432
1,1024,787456
1,1024,788480
1,1024,789504
1,1024,790528
1,1024,791552
1,1024,792576
1,1024,793600
1,1024,794624
1,1024,795648
1,1024,796672
1,1024,797696
1,1024,798720
1,1024,799744
1,1024,800768
1,1024,801792
1,1024,802816
1,1024,803840
1,1024,804864
1,1024,805888
1,1024,806912
0,1024,667648
1,1024,808960
1,1024,807936
0,1024,808960
1,1024,667648
0,1024,807936
1,1024,739328
1,1024,807936
0,1024,739328
1,1024,739328
1,1024,808960
0,1024,739328
1,1024,739328
1,1024,811008
0,1024,739328
1,1024,739328
1,1024,812032
0,1024,739328
1,1024,739328
1,1024,813056
0,1024,739328
1,1024,739328
1,1024,814080
0,1024,739328
1,1024,739328
1,1024,815104
0,1024,739328
1,1024,739328
1,1024,816128
0,1024,739328
1,1024,739328
1,1024,817152
0,1024,739328
1,1024,739328
1,1024,818176
0,1024,739328
1,1024,739328
1,1024,819200
0,1024,739328
1,1024,739328
1,1024,820224
0,1024,739328
1,1024,739328
1,1024,821248
0,1024,739328
1,1024,739328
1,1024,822272
0,1024,739328
1,1024,739328
1,1024,823296
0,1024,739328
1,1024,739328
1,1024,824320
0,1024,739328
1,1024,739328
1,1024,825344
0,1024,739328
1,1024,739328
1,1024,826368
0,1024,739328
1,1024,739328
1,1024,827392
0,1024,739328
1,1024,739328
1,1024,828416
0,1024,739328
1,1024,739328
1,1024,829440
0,1024,739328
1,1024,739328
1,1024,830464
1,1024,0
1,1024,514048
1,1024,809984
1,1024,831488
1,1024,832512
1,1024,833536
0,16,24
0,1024,0
0,1024,514048
0,1024,590848
0,1024,519168
0,1024,2048
0,1024,135168
0,1024,507904
0,16,24
0,1024,0
0,1024,514048
0,1024,590848
0,1024,519168
0,1024,2048
0,1024,135168
0,1024,507904
0,16,24
0,1024,0
0,1024,514048
0,1024,590848
0,1024,519168
0,1024,2048
0,1024,135168
0,1024,507904
0,16,24
0,1024,0
0,1024,514048
0,1024,590848
0,1024,519168
0,1024,2048
0,1024,135168
0,1024,507904
0,16,24
0,1024,0
0,1024,514048
0,1024,590848
0,1024,515072
1,1024,515072
0,1024,516096
0,1024,515072
1,1024,515072
0,1024,517120
0,1024,515072
1,1024,515072
0,1024,518144
0,1024,515072
1,1024,515072
0,1024,519168
0,1024,515072
1,1024,515072
0,1024,520192
0,1024,515072
1,1024,515072
0,1024,521216
0,1024,515072
1,1024,515072
0,1024,522240
0,1024,515072
1,1024,515072
0,1024,523264
0,1024,515072
1,1024,515072
0,1024,524288
0,1024,515072
1,1024,515072
0,1024,525312
0,1024,515072
1,1024,515072
0,1024,526336
0,1024,515072
1,1024,515072
0,1024,527360
0,1024,515072
1,1024,515072
0,1024,528384
0,1024,515072
1,1024,515072
0,1024,529408
0,1024,515072
1,1024,515072
0,1024,530432
0,1024,515072
1,1024,515072
0,1024,531456
0,1024,515072
1,1024,515072
0,1024,532480
0,1024,515072
1,1024,515072
0,1024,533504
0,1024,515072
1,1024,515072
0,1024,534528
0,1024,515072
1,1024,515072
0,1024,535552
0,1024,515072
1,1024,515072
0,1024,536576
0,1024,515072
1,1024,515072
0,1024,537600
0,1024,515072
1,1024,515072
0,1024,538624
0,1024,515072
1,1024,515072
0,1024,539648
0,1024,515072
1,1024,515072
0,1024,540672
0,1024,515072
1,1024,515072
0,1024,541696
0,1024,515072
1,1024,515072
0,1024,542720
0,1024,515072
1,1024,515072
0,1024,543744
0,1024,515072
1,1024,515072
0,1024,544768
0,1024,515072
1,1024,515072
0,1024,545792
0,1024,515072
1,1024,515072
0,1024,546816
0,1024,515072
1,1024,515072
0,1024,547840
0,1024,515072
1,1024,515072
0,1024,548864
0,1024,515072
1,1024,515072
0,1024,549888
0,1024,515072
1,1024,515072
0,1024,550912
0,1024,515072
1,1024,515072
0,1024,551936
0,1024,515072
1,1024,515072
0,1024,552960
0,1024,515072
1,1024,515072
0,1024,553984
0,1024,515072
1,1024,515072
0,1024,555008
0,1024,515072
1,1024,515072
0,1024,556032
0,1024,515072
1,1024,515072
0,1024,557056
0,1024,515072
1,1024,515072
0,1024,558080
0,1024,515072
1,1024,515072
0,1024,559104
0,1024,515072
1,1024,515072
0,1024,560128
0,1024,515072
1,1024,515072
0,1024,561152
0,1024,515072
1,1024,515072
0,1024,562176
0,1024,515072
1,1024,515072
0,1024,563200
0,1024,515072
1,1024,515072
0,1024,564224
0,1024,515072
1,1024,515072
0,1024,565248
0,1024,515072
1,1024,515072
0,1024,566272
0,1024,515072
1,1024,515072
0,1024,567296
0,1024,515072
1,1024,515072
0,1024,568320
0,1024,515072
1,1024,515072
0,1024,569344
0,1024,515072
1,1024,515072
0,1024,570368
0,1024,515072
1,1024,515072
0,1024,571392
0,1024,515072
1,1024,515072
0,1024,572416
0,1024,515072
1,1024,515072
0,1024,573440
0,1024,515072
1,1024,515072
0,1024,574464
0,1024,515072
1,1024,515072
0,1024,575488
0,1024,515072
1,1024,515072
0,1024,576512
0,1024,515072
1,1024,515072
0,1024,577536
0,1024,515072
1,1024,515072
0,1024,578560
0,1024,515072
1,1024,515072
0,1024,579584
0,1024,515072
1,1024,515072
0,1024,580608
0,1024,515072
1,1024,515072
0,1024,581632
0,1024,515072
1,1024,515072
0,1024,582656
0,1024,515072
1,1024,515072
0,1024,583680
0,1024,515072
1,1024,515072
0,1024,584704
0,1024,515072
1,1024,515072
0,1024,585728
0,1024,515072
1,1024,515072
0,1024,586752
0,1024,515072
1,1024,515072
0,1024,587776
0,1024,515072
1,1024,515072
0,1024,588800
0,1024,515072
1,1024,515072
0,1024,591872
0,1024,589824
0,1024,515072
1,1024,515072
0,1024,592896
0,1024,515072
1,1024,515072
0,1024,593920
0,1024,515072
1,1024,515072
0,1024,594944
0,1024,515072
1,1024,515072
0,1024,595968
0,1024,515072
1,1024,515072
0,1024,596992
0,1024,515072
1,1024,515072
0,1024,598016
0,1024,515072
1,1024,515072
0,1024,599040
0,1024,515072
1,1024,515072
0,1024,600064
0,1024,515072
1,1024,515072
0,1024,601088
0,1024,515072
1,1024,515072
0,1024,602112
0,1024,515072
1,1024,515072
0,1024,603136
0,1024,515072
1,1024,515072
0,1024,604160
0,1024,515072
1,1024,515072
0,1024,605184
0,1024,515072
1,1024,515072
0,1024,606208
0,1024,515072
1,1024,515072
0,1024,607232
0,1024,515072
1,1024,515072
0,1024,608256
0,1024,515072
1,1024,515072
0,1024,609280
0,1024,515072
1,1024,515072
0,1024,610304
0,1024,515072
1,1024,515072
0,1024,611328
0,1024,515072
1,1024,515072
0,1024,612352
0,1024,515072
1,1024,515072
0,1024,613376
0,1024,515072
1,1024,515072
0,1024,614400
0,1024,515072
1,1024,515072
0,1024,615424
0,1024,515072
1,1024,515072
0,1024,616448
0,1024,515072
1,1024,515072
0,1024,617472
0,1024,515072
1,1024,515072
0,1024,618496
0,1024,515072
1,1024,515072
0,1024,619520
0,1024,515072
1,1024,515072
0,1024,620544
0,1024,515072
1,1024,515072
0,1024,621568
0,1024,515072
1,1024,515072
0,1024,622592
0,1024,515072
1,1024,515072
0,1024,623616
0,1024,515072
1,1024,515072
0,1024,624640
0,1024,515072
1,1024,515072
0,1024,625664
0,1024,515072
1,1024,515072
0,1024,626688
0,1024,515072
1,1024,515072
0,1024,627712
0,1024,515072
1,1024,515072
0,1024,628736
0,1024,515072
1,1024,515072
0,1024,629760
0,1024,515072
1,1024,515072
0,1024,630784
0,1024,515072
1,1024,515072
0,1024,631808
0,1024,515072
1,1024,515072
0,1024,632832
0,1024,515072
1,1024,515072
0,1024,633856
0,1024,515072
1,1024,515072
0,1024,634880
0,1024,515072
1,1024,515072
0,1024,635904
0,1024,515072
1,1024,515072
0,1024,636928
0,1024,515072
1,1024,515072
0,1024,637952
0,1024,515072
1,1024,515072
0,1024,638976
0,1024,515072
1,1024,515072
0,1024,640000
0,1024,515072
1,1024,515072
0,1024,641024
0,1024,515072
1,1024,515072
0,1024,642048
0,1024,515072
1,1024,515072
0,1024,643072
0,1024,515072
1,1024,515072
0,1024,644096
0,1024,515072
1,1024,515072
0,1024,645120
0,1024,515072
1,1024,515072
0,1024,646144
0,1024,515072
1,1024,515072
0,1024,647168
0,1024,515072
1,1024,515072
0,1024,648192
0,1024,515072
1,1024,515072
0,1024,649216
0,1024,515072
1,1024,515072
0,1024,650240
0,1024,515072
1,1024,515072
0,1024,651264
0,1024,515072
1,1024,515072
0,1024,652288
0,1024,515072
1,1024,515072
0,1024,653312
0,1024,515072
1,1024,515072
0,1024,654336
0,1024,515072
1,1024,515072
0,1024,655360
0,1024,515072
1,1024,515072
0,1024,656384
0,1024,515072
1,1024,515072
0,1024,657408
0,1024,515072
1,1024,515072
0,1024,658432
0,1024,515072
1,1024,515072
0,1024,659456
0,1024,515072
1,1024,515072
0,1024,660480
0,1024,515072
1,1024,515072
0,1024,661504
0,1024,515072
1,1024,515072
0,1024,662528
0,1024,515072
1,1024,515072
0,1024,663552
0,1024,515072
1,1024,515072
0,1024,664576
0,1024,515072
1,1024,515072
0,1024,665600
0,1024,515072
1,1024,515072
0,1024,667648
0,1024,666624
0,1024,515072
1,1024,515072
0,1024,668672
0,1024,515072
1,1024,515072
0,1024,669696
0,1024,515072
1,1024,515072
0,1024,670720
0,1024,515072
1,1024,515072
0,1024,671744
0,1024,515072
1,1024,515072
0,1024,672768
0,1024,515072
1,1024,515072
0,1024,673792
0,1024,515072
1,1024,515072
0,1024,674816
0,1024,515072
1,1024,515072
0,1024,675840
0,1024,515072
1,1024,515072
0,1024,676864
0,1024,515072
1,1024,515072
0,1024,677888
0,1024,515072
1,1024,515072
0,1024,678912
0,1024,515072
1,1024,515072
0,1024,679936
0,1024,515072
1,1024,515072
0,1024,680960
0,1024,515072
1,1024,515072
0,1024,681984
0,1024,515072
1,1024,515072
0,1024,683008
0,1024,515072
1,1024,515072
0,1024,684032
0,1024,515072
1,1024,515072
0,1024,685056
0,1024,515072
1,1024,515072
0,1024,686080
0,1024,515072
1,1024,515072
0,1024,687104
0,1024,515072
1,1024,515072
0,1024,688128
0,1024,515072
1,1024,515072
0,1024,689152
0,1024,515072
1,1024,515072
0,1024,690176
0,1024,515072
1,1024,515072
0,1024,691200
0,1024,515072
1,1024,515072
0,1024,692224
0,1024,515072
1,1024,515072
0,1024,693248
0,1024,515072
1,1024,515072
0,1024,694272
0,1024,515072
1,1024,515072
0,1024,695296
0,1024,515072
1,1024,515072
0,1024,696320
0,1024,515072
1,1024,515072
0,1024,697344
0,1024,515072
1,1024,515072
0,1024,698368
0,1024,515072
1,1024,515072
0,1024,699392
0,1024,515072
1,1024,515072
0,1024,700416
0,1024,515072
1,1024,515072
0,1024,701440
0,1024,515072
1,1024,515072
0,1024,702464
0,1024,515072
1,1024,515072
0,1024,703488
0,1024,515072
1,1024,515072
0,1024,704512
0,1024,515072
1,1024,515072
0,1024,705536
0,1024,515072
1,1024,515072
0,1024,706560
0,1024,515072
1,1024,515072
0,1024,707584
0,1024,515072
1,1024,515072
0,1024,708608
0,1024,515072
1,1024,515072
0,1024,709632
0,1024,515072
1,1024,515072
0,1024,710656
0,1024,515072
1,1024,515072
0,1024,711680
0,1024,515072
1,1024,515072
0,1024,712704
0,1024,515072
1,1024,515072
0,1024,713728
0,1024,515072
1,1024,515072
0,1024,714752
0,1024,515072
1,1024,515072
0,1024,715776
0,1024,515072
1,1024,515072
0,1024,716800
0,1024,515072
1,1024,515072
0,1024,717824
0,1024,515072
1,1024,515072
0,1024,718848
0,1024,515072
1,1024,515072
0,1024,719872
0,1024,515072
1,1024,515072
0,1024,720896
0,1024,515072
1,1024,515072
0,1024,721920
0,1024,515072
1,1024,515072
0,1024,722944
0,1024,515072
1,1024,515072
0,1024,723968
0,1024,515072
1,1024,515072
0,1024,724992
0,1024,515072
1,1024,515072
0,1024,726016
0,1024,515072
1,1024,515072
0,1024,727040
0,1024,515072
1,1024,515072
0,1024,728064
0,1024,515072
1,1024,515072
0,1024,729088
0,1024,515072
1,1024,515072
0,1024,730112
0,1024,515072
1,1024,515072
0,1024,731136
0,1024,515072
1,1024,515072
0,1024,732160
0,1024,515072
1,1024,515072
0,1024,733184
0,1024,515072
1,1024,515072
0,1024,734208
0,1024,515072
1,1024,515072
0,1024,735232
0,1024,515072
1,1024,515072
0,1024,736256
0,1024,515072
1,1024,515072
0,1024,737280
0,1024,515072
1,1024,515072
0,1024,739328
0,1024,738304
0,1024,515072
1,1024,515072
0,1024,740352
0,1024,515072
1,1024,515072
0,1024,741376
0,1024,515072
1,1024,515072
0,1024,742400
0,1024,515072
1,1024,515072
0,1024,743424
0,1024,515072
1,1024,515072
0,1024,744448
0,1024,515072
1,1024,515072
0,1024,745472
0,1024,515072
1,1024,515072
0,1024,746496
0,1024,515072
1,1024,515072
0,1024,747520
0,1024,515072
1,1024,515072
0,1024,748544
0,1024,515072
1,1024,515072
0,1024,749568
0,1024,515072
1,1024,515072
0,1024,750592
0,1024,515072
1,1024,515072
0,1024,751616
0,1024,515072
1,1024,515072
0,1024,752640
0,1024,515072
1,1024,515072
0,1024,753664
0,1024,515072
1,1024,515072
0,1024,754688
0,1024,515072
1,1024,515072
0,1024,755712
0,1024,515072
1,1024,515072
0,1024,756736
0,1024,515072
1,1024,515072
0,1024,757760
0,1024,515072
1,1024,515072
0,1024,758784
0,1024,515072
1,1024,515072
0,1024,759808
0,1024,515072
1,1024,515072
0,1024,760832
0,1024,515072
1,1024,515072
0,1024,761856
0,1024,515072
1,1024,515072
0,1024,762880
0,1024,515072
1,1024,515072
0,1024,763904
0,1024,515072
1,1024,515072
0,1024,764928
0,1024,515072
1,1024,515072
0,1024,765952
0,1024,515072
1,1024,515072
0,1024,766976
0,1024,515072
1,1024,515072
0,1024,768000
0,1024,515072
1,1024,515072
0,1024,769024
0,1024,515072
1,1024,515072
0,1024,770048
0,1024,515072
1,1024,515072
0,1024,771072
0,1024,515072
1,1024,771072
0,1024,772096
0,1024,771072
1,1024,771072
0,1024,773120
0,1024,771072
1,1024,771072
0,1024,774144
0,1024,771072
1,1024,771072
0,1024,775168
0,1024,771072
1,1024,771072
0,1024,776192
0,1024,771072
1,1024,771072
0,1024,777216
0,1024,771072
1,1024,771072
0,1024,778240
0,1024,771072
1,1024,771072
0,1024,779264
0,1024,771072
1,1024,771072
0,1024,780288
0,1024,771072
1,1024,771072
0,1024,781312
0,1024,771072
1,1024,771072
0,1024,782336
0,1024,771072
1,1024,771072
0,1024,783360
0,1024,771072
1,1024,771072
0,1024,784384
0,1024,771072
1,1024,771072
0,1024,785408
0,1024,771072
1,1024,771072
0,1024,786432
0,1024,771072
1,1024,771072
0,1024,787456
0,1024,771072
1,1024,771072
0,1024,788480
0,1024,771072
1,1024,771072
0,1024,789504
0,1024,771072
1,1024,771072
0,1024,790528
0,1024,771072
1,1024,771072
0,1024,791552
0,1024,771072
1,1024,771072
0,1024,792576
0,1024,771072
1,1024,771072
0,1024,793600
0,1024,771072
1,1024,771072
0,1024,794624
0,1024,771072
1,1024,771072
0,1024,795648
0,1024,771072
1,1024,771072
0,1024,796672
0,1024,771072
1,1024,771072
0,1024,797696
0,1024,771072
1,1024,771072
0,1024,798720
0,1024,771072
1,1024,771072
0,1024,799744
0,1024,771072
1,1024,771072
0,1024,800768
0,1024,771072
1,1024,771072
0,1024,801792
0,1024,771072
1,1024,771072
0,1024,802816
0,1024,771072
1,1024,771072
0,1024,803840
0,1024,771072
1,1024,771072
0,1024,804864
0,1024,771072
1,1024,771072
0,1024,805888
0,1024,771072
1,1024,771072
0,1024,806912
0,1024,771072
1,1024,771072
0,1024,807936
0,1024,771072
1,1024,771072
0,1024,809984
0,1024,808960
0,1024,771072
1,1024,771072
0,1024,811008
0,1024,771072
1,1024,771072
0,1024,812032
0,1024,771072
1,1024,771072
0,1024,813056
0,1024,771072
1,1024,771072
0,1024,814080
0,1024,771072
1,1024,771072
0,1024,815104
0,1024,771072
1,1024,771072
0,1024,816128
0,1024,771072
1,1024,771072
0,1024,817152
0,1024,771072
1,1024,771072
0,1024,818176
0,1024,771072
1,1024,771072
0,1024,819200
0,1024,771072
1,1024,771072
0,1024,820224
0,1024,771072
1,1024,771072
0,1024,821248
0,1024,771072
1,1024,771072
0,1024,822272
0,1024,771072
1,1024,771072
0,1024,823296
0,1024,771072
1,1024,771072
0,1024,824320
0,1024,771072
1,1024,771072
0,1024,825344
0,1024,771072
1,1024,771072
0,1024,826368
0,1024,771072
1,1024,771072
0,1024,827392
0,1024,771072
1,1024,771072
0,1024,828416
0,1024,771072
1,1024,771072
0,1024,829440
0,1024,771072
1,1024,771072
0,1024,830464
0,1024,771072
1,1024,771072
0,1024,831488
0,1024,771072
1,1024,771072
0,1024,832512
0,1024,771072
1,1024,771072
0,1024,833536
0,1024,771072
1,1024,0
1,1024,771072
0,16,24
0,1024,0
0,1024,2048
0,1024,135168
0,1024,260096
0,1024,486400
0,1024,513024
0,1024,512000
0,1024,510976
0,1024,509952
0,1024,508928
0,1024,507904
0,1024,506880
0,1024,505856
0,1024,504832
0,1024,503808
0,1024,502784
0,1024,501760
0,1024,500736
0,1024,499712
0,1024,498688
0,1024,497664
0,1024,496640
0,1024,495616
0,1024,494592
0,1024,493568
0,1024,492544
0,1024,491520
0,1024,490496
0,1024,489472
0,1024,488448
0,1024,487424
0,1024,485376
0,1024,484352
0,1024,483328
0,1024,482304
0,1024,481280
0,1024,480256
0,1024,479232
0,1024,478208
0,1024,477184
0,1024,476160
0,1024,475136
0,1024,474112
0,1024,473088
0,1024,472064
0,1024,471040
0,1024,470016
0,1024,468992
0,1024,467968
0,1024,466944
0,1024,465920
0,1024,464896
0,1024,463872
0,1024,462848
0,1024,461824
0,1024,460800
0,1024,459776
0,1024,458752
0,1024,457728
0,1024,456704
0,1024,455680
0,1024,454656
0,1024,453632
0,1024,452608
0,1024,451584
0,1024,450560
0,1024,449536
0,1024,448512
0,1024,447488
0,1024,446464
0,1024,445440
0,1024,444416
0,1024,443392
0,1024,442368
0,1024,441344
0,1024,440320
0,1024,439296
0,1024,438272
0,1024,437248
0,1024,436224
0,1024,435200
0,1024,434176
0,1024,433152
0,1024,432128
0,1024,431104
0,1024,430080
0,1024,429056
0,1024,428032
0,1024,384000
0,1024,427008
0,1024,425984
0,1024,424960
0,1024,423936
0,1024,422912
0,1024,421888
0,1024,420864
0,1024,419840
0,1024,418816
0,1024,417792
0,1024,416768
0,1024,415744
0,1024,414720
0,1024,413696
0,1024,412672
0,1024,411648
0,1024,410624
0,1024,409600
0,1024,408576
0,1024,407552
0,1024,406528
0,1024,405504
0,1024,404480
0,1024,403456
0,1024,402432
0,1024,401408
0,1024,30720
0,1024,400384
0,1024,399360
0,1024,398336
0,1024,397312
0,1024,396288
0,1024,395264
0,1024,394240
0,1024,393216
0,1024,392192
0,1024,391168
0,1024,390144
0,1024,389120
0,1024,388096
0,1024,387072
0,1024,386048
0,1024,385024
0,1024,382976
0,1024,379904
0,1024,378880
0,1024,377856
0,1024,376832
0,1024,375808
0,1024,374784
0,1024,373760
0,1024,372736
0,1024,371712
0,1024,370688
0,1024,369664
0,1024,368640
0,1024,367616
0,1024,366592
0,1024,365568
0,1024,364544
0,1024,363520
0,1024,362496
0,1024,361472
0,1024,360448
0,1024,359424
0,1024,358400
0,1024,357376
0,1024,356352
0,1024,355328
0,1024,354304
0,1024,353280
0,1024,352256
0,1024,351232
0,1024,350208
0,1024,349184
0,1024,348160
0,1024,347136
0,1024,346112
0,1024,345088
0,1024,344064
0,1024,343040
0,1024,342016
0,1024,340992
0,1024,267264
0,1024,339968
0,1024,338944
0,1024,337920
0,1024,336896
0,1024,335872
0,1024,334848
0,1024,333824
0,1024,332800
0,1024,331776
0,1024,330752
0,1024,329728
0,1024,328704
0,1024,327680
0,1024,326656
0,1024,325632
0,1024,324608
0,1024,323584
0,1024,322560
0,1024,321536
0,1024,320512
0,1024,319488
0,1024,318464
0,1024,317440
0,1024,316416
0,1024,315392
0,1024,314368
0,1024,313344
0,1024,312320
0,1024,311296
0,1024,310272
0,1024,309248
0,1024,308224
0,1024,307200
0,1024,306176
0,1024,305152
0,1024,304128
0,1024,303104
0,1024,302080
0,1024,301056
0,1024,300032
0,1024,299008
0,1024,297984
0,1024,296960
0,1024,295936
0,1024,294912
0,1024,293888
0,1024,292864
0,1024,291840
0,1024,290816
0,1024,289792
0,1024,288768
0,1024,287744
0,1024,286720
0,1024,285696
0,1024,284672
0,1024,250880
0,1024,283648
0,1024,282624
0,1024,281600
0,1024,280576
0,1024,279552
0,1024,278528
0,1024,277504
0,1024,276480
0,1024,275456
0,1024,274432
0,1024,273408
0,1024,272384
0,1024,271360
0,1024,270336
0,1024,269312
0,1024,268288
0,1024,266240
0,1024,265216
0,1024,264192
0,1024,263168
0,1024,380928
0,1024,381952
0,1024,259072
0,1024,4096
0,1024,258048
0,1024,257024
0,1024,256000
0,1024,254976
0,1024,253952
0,1024,252928
0,1024,251904
0,1024,249856
0,1024,248832
0,1024,247808
0,1024,246784
0,1024,245760
0,1024,244736
0,1024,243712
0,1024,242688
0,1024,241664
0,1024,240640
0,1024,239616
0,1024,238592
0,1024,237568
0,1024,236544
0,1024,235520
0,1024,136192
0,1024,234496
0,1024,233472
0,1024,232448
0,1024,231424
0,1024,230400
0,1024,229376
0,1024,228352
0,1024,227328
0,1024,226304
0,1024,225280
0,1024,224256
0,1024,223232
0,1024,222208
0,1024,221184
0,1024,220160
0,1024,219136
0,1024,218112
0,1024,217088
0,1024,216064
0,1024,215040
0,1024,214016
0,1024,212992
0,1024,211968
0,1024,210944
0,1024,209920
0,1024,208896
0,1024,207872
0,1024,206848
0,1024,205824
0,1024,204800
0,1024,203776
0,1024,202752
0,1024,201728
0,1024,200704
0,1024,199680
0,1024,198656
0,1024,197632
0,1024,196608
0,1024,195584
0,1024,194560
0,1024,193536
0,1024,192512
0,1024,191488
0,1024,190464
0,1024,189440
0,1024,188416
0,1024,187392
0,1024,186368
0,1024,185344
0,1024,184320
0,1024,183296
0,1024,182272
0,1024,181248
0,1024,180224
0,1024,179200
0,1024,261120
0,1024,178176
0,1024,177152
0,1024,176128
0,1024,175104
0,1024,174080
0,1024,173056
0,1024,172032
0,1024,171008
0,1024,169984
0,1024,168960
0,1024,167936
0,1024,166912
0,1024,165888
0,1024,164864
0,1024,163840
0,1024,162816
0,1024,161792
0,1024,160768
0,1024,159744
0,1024,158720
0,1024,157696
0,1024,156672
0,1024,155648
0,1024,154624
0,1024,153600
0,1024,152576
0,1024,151552
0,1024,150528
0,1024,149504
0,1024,148480
0,1024,147456
0,1024,146432
0,1024,145408
0,1024,144384
0,1024,143360
0,1024,142336
0,1024,141312
0,1024,140288
0,1024,139264
0,1024,138240
0,1024,137216
0,1024,134144
0,1024,133120
0,1024,131072
0,1024,130048
0,1024,129024
0,1024,128000
0,1024,126976
0,1024,125952
0,1024,124928
0,1024,123904
0,1024,122880
0,1024,121856
0,1024,120832
0,1024,119808
0,1024,118784
0,1024,132096
0,1024,117760
0,1024,116736
0,1024,115712
0,1024,114688
0,1024,113664
0,1024,112640
0,1024,111616
0,1024,110592
0,1024,109568
0,1024,108544
0,1024,107520
0,1024,106496
0,1024,105472
0,1024,104448
0,1024,103424
0,1024,102400
0,1024,101376
0,1024,100352
0,1024,99328
0,1024,98304
0,1024,97280
0,1024,96256
0,1024,95232
0,1024,94208
0,1024,93184
0,1024,92160
0,1024,91136
0,1024,262144
0,1024,90112
0,1024,89088
0,1024,88064
0,1024,87040
0,1024,86016
0,1024,84992
0,1024,83968
0,1024,82944
0,1024,81920
0,1024,80896
0,1024,79872
0,1024,78848
0,1024,77824
0,1024,76800
0,1024,75776
0,1024,74752
0,1024,73728
0,1024,72704
0,1024,71680
0,1024,70656
0,1024,69632
0,1024,68608
0,1024,67584
0,1024,66560
0,1024,64512
0,1024,63488
0,1024,62464
0,1024,61440
0,1024,60416
0,1024,59392
0,1024,58368
0,1024,57344
0,1024,56320
0,1024,55296
0,1024,54272
0,1024,53248
0,1024,52224
0,1024,51200
0,1024,50176
0,1024,49152
0,1024,48128
0,1024,47104
0,1024,46080
0,1024,45056
0,1024,44032
0,1024,43008
0,1024,41984
0,1024,40960
0,1024,39936
0,1024,38912
0,1024,37888
0,1024,36864
0,1024,35840
0,1024,34816
0,1024,33792
0,1024,32768
0,1024,31744
0,1024,29696
0,1024,28672
0,1024,27648
0,1024,26624
0,1024,25600
0,1024,24576
0,1024,23552
0,1024,22528
0,1024,21504
0,1024,20480
0,1024,19456
0,1024,18432
0,1024,17408
0,1024,16384
0,1024,15360
0,1024,14336
0,1024,13312
0,1024,12288
0,1024,11264
0,1024,10240
0,1024,9216
0,1024,8192
0,1024,7168
0,1024,6144
0,1024,5120
0,1024,3072
0,16,24
0,1024,0
0,1024,771072
1,1024,0
1,1024,514048
1,1024,771072
0,16,24
0,1024,0
0,1024,771072
1,1024,0
1,1024,739328
1,1024,771072
0,16,24
0,1024,0
0,1024,514048
1,1024,0
1,1024,514048
0,16,24
0,1024,0
0,1024,514048
1,1024,0
1,1024,514048
0,16,24
0,1024,0
0,1024,739328
1,1024,0
1,1024,739328
0,16,24
0,1024,0
0,1024,739328
1,1024,0
1,1024,739328
0,16,24
0,1024,0
0,1024,514048
0,1024,739328
0,16,24
0,1024,0
0,1024,739328
1,1024,0
1,1024,739328
0,16,24
0,1024,0
0,1024,514048
0,1024,739328
0,16,24
0,1024,0
0,1024,514048
0,1024,739328
0,16,24
0,1024,0
0,1024,514048
0,1024,739328
0,16,24
0,1024,0
0,1024,514048
0,1024,739328
0,16,24
0,1024,0
0,1024,514048
0,1024,739328
0,16,24
0,1024,0
0,1024,514048
0,1024,739328
