1
1
15
4
1
3
3
1
8
16
6
18
19
63
1
2
15
24
2
1
0
1
0
1
4
11
7
1
1
2
0
7
9
8
20
15
1
2
16
21
6
1
31
7
17
4
2
1
10
2
1
1
0
1
0
0
8
1
1
1
1
1
9
1
2
1
1
25
1
1
2
44
1
13
3
16
1
1
1
3
5
9
1
1
9
29
13
1
3
2
4
32
1
19
2
2
13
1
4
14
1
6
4
2
22
3
41
20
2
5
16
1
18
1
2
39
11
1
10
3
11
7
1
21
3
6
15
3
1
13
1
8
1
2
2
12
4
8
2
2
5
0
17
2
1
1
1
24
1
2
1
17
1
1
2
1
0
5
11
5
25
11
1
1
1
1
1
0
1
2
4
14
5
14
4
2
1
5
14
1
1
1
4
3
13
7
2
13
1
17
12
13
8
3
8
2
1
0
3
47
13
1
1
1
1
18
2
1
1
2
23
5
1
5
8
1
16
1
2
1
7
7
8
1
1
3
1
1
1
1
1
12
24
41
63
0
31
3
2
28
1
27
6
0
30
1
1
1
1
1
1
1
32
11
13
1
1
1
1
1
1
2
22
1
4
37
3
9
21
1
3
1
1
1
0
1
0
1
1
1
1
21
69
1
1
20
26
1
433
42
240
1
1
1
1
68
17
1
1
1
1
1
0
1
40
4
73
11
1
32
1
26
1
1
1
1
1
1
1
1
1
23
39
1
264
19
1
4
9
1
14
20
1
0
2
1
1
34
1
1
1
1
1
40
25
1
28
13
1
1
62
3
0
28
2
2
1
26
1
1
1
1
11
1
1
1
46
1
1
1
2
3
1
0
1
1
43
16
4
83
12
68
3
16
175
1
34
18
30
1
1
125
1
133
1
59
1
46
29
80
151
3
9
39
91
1
102
33
31
35
1
175
19
16
82
53
1
1
1
54
10
1
1
152
1
36
1
2
1
1
17
1
1
14
58
31
1
1
1
17
15
63
1
56
1
1
1
1
2
15
60
2
23
1
38
44
1
1
1
1
1
1
4
18
11
11
36
158
19
125
19
52
9
2
40
17
14
2
1
123
1
5
1
34
114
1
1
54
1
114
214
1
1
2
24
2
76
26
33
69
38
63
2
15
3
1
108
9
55
21
1
1
2
10
56
2
1
86
1
17
1
1
63
1
1
85
1
98
1
1
1
1
1
2
1
1
1
1
1
1
90
1
1
1
1
1
1
1
1
1
1
1
1
1
1
1
1
58
2
56
11
36
294
49
84
2
8
1
46
6
49
65
1
1
3
1
1
2
9
1
117
82
1
34
24
134
84
1
16
75
85
59
2
95
35
1
41
47
31
96
3
33
1
259
1
29
36
32
29
113
3
90
8
31
1
33
50
1
2
72
10
2
7
156
1
9
67
26
41
9
1
23
189
1
6
2
1
2
161
52
2
1
1
1
1
1
1
156
1
0
2
13
26
1
1
1
1
1
1
1
2
1
1
1
1
1
1
1
1
1
4
1
1
1
8
1
1
1
1
43
38
53
10
22
1
1
2
1
0
1
1
1
1
1
1
1
251
36
32
24
86
238
1
356
15
388
1
338
1
1
225
20
258
19
244
25
1
401
1
1
1
1
1
1
1
2
2
2
1
1
2
1
1
1
1
1
2
2
1
1
2
9
18
142
5
1
2
1
1
1
3
1
1
1
1
0
1
0
1
1
0
1
1
11
35
3
35
1
132
232
2
1
1
340
3
4
41
17
1
7
2
9
1
7
73
48
1
1
1
11
1
1
4
60
1
1
1
2
0
1
1
38
131
1
1
2
24
1
87
66
0
28
47
28
20
53
2
6
10
51
3
107
199
33
123
1
1
1
25
3
15
2
39
88
1
10
61
87
70
12
40
372
42
23
1
89
1
103
5
2
402
30
1
1
0
51
45
31
60
146
3
65
37
16
1
3
1
1
90
1
45
98
42
13
1
1
0
1
1
1
1
42
30
60
30
50
149
1
12
29
1
6
56
1
1
1
65
212
29
58
1
8
3
2
88
1
1
1
1
1
1
1
1
1
1
1
1
1
1
1
109
9
124
19
30
1
1
1
1
3
4
1
56
54
4
5
1
2
42
3
214
106
1
135
116
151
1
235
1
1
1
1
1
3
1
1
1
83
106
52
127
63
58
87
8
150
14
1
13
369
96
3
261
12
31
90
108
1
12
38
5
10
44
53
132
0
4
21
29
34
48
77
3
83
126
6
35
3
322
87
87
52
23
167
1
2
6
206
1
150
43
10
68
24
218
11
3
2
38
4
217
104
39
46
23
37
19
150
12
77
31
11
36
3
1
25
190
134
2
20
218
154
119
245
395
151
198
34
3
1
40
1
51
3
40
93
61
12
120
1
2
1
99
157
1
49
18
296
58
1
2
1
280
209
1
90
595
634
772
2
50
161
76
4
84
1
268
1
625
2
356
31
213
2
1
33
158
21
0
1
0
5
22
181
68
51
1
48
9
36
90
1
50
2
61
57
161
22
63
33
34
1
1
1
1
82
147
68
1
89
1
162
3
131
346
1
1
1
48
24
103
80
177
8
105
340
198
5
449
2
167
208
1
982
0
71
1
2
119
1090
222
47
3
294
696
0
399
1439
5979
76
130
1
1
1
1
325
0
1
2718
1062
3421
2268
163
1
1
1
1
1
1
1
1
3625
186
5021
1
382
45
103
75
296
72
298
1
1
0
151
138
201
3
41
86
36
72
58
169
158
159
1
1
40
1
1
160
39
11
181
102
2
63
102
110
85
20
133
1
1
6
102
63
67
26
1
1
1
61
1
1
1
289
169
0
82
1
1
1
1
1
1
1
1
1
1
1
1
1
1
1
1
1
1
26
1
1
1
85
1
1
1
7
7
84
4
1
1
1
1
1
1
1
1
247
158
1
1
1
1
1
61
8
183
41
1
11
1
1
1
1
1
1
1
1
1
1
1
1
1
1
1
1
1
1
1
1
1
1
1
1
1
1
1
1
1
1
1
1
1
1
1
1
1
1
1
1
10
6
1
1
1
1
1
1
1
1
1
1
1
1
1
1
1
1
1
1
1
1
1
1
1
1
1
1
1
1
1
1
1
1
13
194
294
103
31
37
2
111
83
2
205
87
10
1
1
1
1
116
20
262
1
1
1
1
1
1
1
1
1
2
68
90
99
1
1
1
1
1
1
1
1
1
1
2
1
1
1
1
143
1
1
1
76
67
2
1
1
1
1
1
50
1
80
2
23
1
1
1
1
1
1
16
38
1
3
0
1
1
1
1
1
1
3
1
173
2
0
1
31
94
1
2
43
21
1
1
10
10
1
47
1
1
1
148
35
2
206
180
2
65
315
1
10
1
1
1
1
1
1
1
1
1
1
0
7
133
1
41
1
1
1
1
1
1
1
1
1
5
40
47
6
1
1
13
1
230
1
1
1
1
1
1
1
1
296
1
17
6
1
0
1
1
1
19
2
1
1
1
14
1
108
62
2
23
21
40
181
40
65
1
1
1
58
68
1
17
18
1
2
1
1
40
164
13
12
1
6
1
9
102
8
49
88
166
97
114
1
2
13
34
59
1
7
213
1
2
130
1
1
1
97
15
1
1
75
182
1
6
29
33
1
1
1
1
1
1
1
1
1
1
0
1
1
1
1
0
2
5
166
1
26
50
1
1
1
1
1
2
1
5
139
104
205
104
32
639
322
92
1
1
1
1
1
1
1
67
1
1
1
1
1
0
1
103
119
100
1
60
163
161
4
1
113
85
69
22
1
2
1
1
25
3
44
1
21
30
9
72
1
1
1
111
76
1
59
1
114
28
4
15
134
1
0
1
0
1
1
74
124
2
51
0
58
1
299
0
58
226
419
116
1
1
1
1
96
11
1
1
0
1
2
1
1
7
1
3
43
1
64
6
1
25
318
8
23
32
24
89
1
11
1
1
1
1
1
1
1
1
1
1
1
15
189
1
51
189
47
1
41
1
2
1
1
1
1
1
154
18
3
0
9
6
1
2
60
1
0
1
1
1
1
1
1
1
1
1
1
1
1
1
1
1
1
1
1
1
1
1
6
3
35
1
2
7
112
55
41
1
3
26
2
1
18
7
1
142
197
3
1
118
48
84
1
3
2
1
3
80
10
2
19
1
1
1
3
1
1
41
182
2
46
1
1
1
2
92
0
1
0
1
0
3
1
1
11
3
1
154
15
1
1
1
1
0
274
2
36
18
9
34
12
1
1
160
3
58
1
7
0
1
140
3
2
24
34
14
24
1
4
20
21
10
1
1
1
4
56
2
1
35
1
2
18
23
1
1
2
1
1
2
1
1
13
41
1
14
3
1
2
1
16
25
2
131
17
5
20
206
55
14
1
1
1
2
1
1
1
1
0
2
8
67
2
54
1
1
1
1
110
1
58
21
134
24
135
8
106
27
83
2
28
2
1
114
2
2
24
1
65
48
33
1
41
172
8
77
1
1
1
91
10
22
3
8
12
10
109
2
2
1
1
128
10
28
1
1
1
1
1
42
2
158
22
3
124
33
10
179
28
53
3
1
1
35
0
1
1
0
2
1
118
63
108
5
14
1
1
1
1
26
205
1
1
1
75
105
2
23
1
1
1
1
1
1
1
1
1
1
116
1
1
1
1
145
1
2
1
2
49
1
7
36
39
103
10
19
2
116
9
246
2
1
1
1
2
18
1
102
2
1
1
1
95
77
4
283
0
1
1
1
1
1
1
1
9
56
62
91
72
3
78
2
1
61
1
1
1
1
23
1
2
78
2
5
7
27
1
1
2
1
1
1
1
1
1
1
1
1
1
1
1
1
1
1
1
0
1
1
86
12
24
145
1
1
1
1
2
23
4
55
135
42
26
83
61
94
1
26
54
59
16
122
45
8
4
1
164
86
66
1
1
4
1
1
2
4
2
1
0
237
34
338
30
1
1
493
1
1
1
1
1
1
4
65
39
3
1
2
51
53
6
215
1
34
67
2
25
301
16
1
7
1
129
1
6
7
0
9
51
1
17
1
1
18
2
60
196
1
52
4
2
2
41
83
2
1
233
1
32
71
6
2
1
1
0
1
1
1
1
183
88
109
42
1
1
1
1
1
1
1
1
0
1
1
1
1
141
2
251
17
22
21
70
2
9
44
88
2
2
0
48
155
2
25
1
119
65
33
103
13
1
1
1
41
266
107
54
1
3
11
2
1
34
36
29
106
98
51
1
26
11
245
50
1
240
256
4
10
232
1
70
4
126
352
67
1
1
1
1
1
1
1
1
1
1
1
1
1
1
1
1
1
1
97
1
1
0
1
1
1
1
1
1
1
305
91
1
4
22
29
19
1
1
3
42
2
47
185
4
4
1
1
63
35
41
3
1
75
1
233
21
75
315
4
124
28
12
21
78
1
1
1
1
1
1
1
1
1
1
0
1
1
0
1
0
1
39
22
30
1
1
1
38
36
13
16
36
54
19
25
40
102
1
56
1
94
124
1
62
184
110
45
53
73
21
3
99
111
235
35
103
72
127
1
1
3
12
1
5
2
130
1
336
62
1
1
326
125
10
56
3
16
212
83
218
469
3
4
52
109
6
180
1
2
17
46
1
65
2
78
142
1
62
3
15
148
281
9
1
2
1
1
1
1
1
207
87
2
83
73
112
10
111
47
51
1
1
1
2
153
44
227
68
302
836
1
1
3
209
31
140
57
39
1
330
1
1
49
1
2
4
2
1
43
1
1
1
44
54
1341
16
12
113
1
1
2
2
3
6
270
531
335
2
45
107
53
143
1
1
1
953
263
149
2402
1
998
708
3
1
4
1
2
2
2
1
5
1
1
1
1
2
1
1
29
2
2
2
1
4
13
3
1
4
1
1
6
1
1
2
1
1
1
6
1
1
0
1
1
0
1
1
1
0
1
0
1
1
0
2
1
1
1
1
1
1
0
1
1
1
1
1
191
2
1
1
1
1
1
1
1
1
1
44
25
2
3
1
1
1
1
1
1
1
1
53
1
66
57
773
299
1
5967
1
1
1
1
1
1
1
3150
1080
4836
976
2861
2
5
468
3115
350
41
12
223
6
104
83
408
217
402
202
335
19
1
172
253
10
1
1
263
1
1
209
637
27
420
1
1
1
1
1
1
1
1
1
1
1
1
1
1
1
2
4
2
304
43
2
30
202
106
1
134
3
93
151
257
1
1
1
70
181
1
1
1
1
1
1
1
1
1
1
1
1
1
1
1
53
6
135
1
1
2
2
2
1
1
1
1
1
1
0
1
0
1
7
1
121
357
31
1
1
1
1
1
1
1
1
1
1
1
1
1
1
1
1
1
1
1
41
15
13
57
1
23
19
1
15
9
178
1
12
10
264
36
32
74
10
84
63
1
1
14
0
4
3
44
2
2
111
329
53
1
1
1
1
4
0
1
2
1
384
56
142
107
1
1
2
1
3
2
1
1
1
1
2
2
35
527
27
1
1
138
2
285
59
4
1
2
7
51
3
2
1
1
27
48
53
2
1
1
1
1
1
3
5
4
1
851
1
3
1
1
1
1
1
1
3
1
0
2
2
28
2
1
1
7
46
1
1
2
1
1
1
2
1
1
1
36
1
47
1
1
1
26
90
142
329
342
290
3
20
1
347
426
143
179
106
1
1
352
36
3
85
21
29
374
9
298
3
0
24
0
6
330
26
22
19
63
1
5
85
1
4
0
2
275
2
11
77
274
55
22
54
156
95
30
73
309
155
5
1
1
1
190
1
2
0
26
124
13
111
1
1
13
12
27
101
1
21
22
71
20
3
61
77
405
3
12
36
9
68
93
23
38
30
163
2
186
5
23
1
1
14
1
46
4
0
2
31
19
6
19
31
30
54
2
3
2
190
82
1
241
1
10
96
13
1
1
2
0
1
1
1
24
57
52
2
1
1
0
1
86
62
1
1
1
1
1
1
1
1
1
3
2
1
1
36
76
3
1
1
39
1
1
1
1
1
1
1
0
1
0
1
2
2
54
168
3
1
21
1
15
84
267
1
157
37
129
50
2
57
267
83
104
111
1
109
169
1
20
1
1
1
22
100
1
1
1
1
0
18
157
1
1
1
92
38
31
4
36
21
120
52
1
82
23
153
1
1
1
1
9
7
1
20
77
1
38
14
49
9
2
1
38
1
56
12
16
6
70
1
8
1
1
0
32
121
2
1
1
1
1
1
1
20
74
22
93
3
2
1
14
1
2
1
3
2
18
18
15
78
1
1
1
1
1
2
1
1
1
1
1
1
1
5
63
1
1
1
23
14
51
35
32
1
31
90
6
1
1
1
0
0
1
0
0
1
0
0
1
1
2
1
1
1
0
1
0
1
1
162
1
78
19
7
1
1
1
1
1
1
57
1
1
117
3
190
63
6
36
1
3
84
1
1
32
1
14
17
0
1
70
60
1
1
1
1
1
1
1
1
1
1
1
1
1
0
1
1
1
1
1
1
25
4
1
0
85
1
190
23
146
207
3
18
1
147
47
115
149
26
74
2
1
1
0
6
35
13
42
37
26
5
61
1
1
1
2
2
17
13
1
0
1
106
8
2
1
1
3
1
145
1
2
186
288
21
1
37
487
34
1
1
107
1
3
1
85
1
1
1
2
1
13
6
1
43
2
3
7
1
177
8
1
2
104
73
74
10
2
27
57
150
1
1
1
162
21
3
1
1
227
1
5
3
11
21
1
43
1
115
165
113
21
1
1
2
1
59
4
27
1
1
2
1
113
15
29
58
23
32
1
1
1
1
1
22
14
69
3
1
1
25
41
1
1
1
1
128
36
195
27
9
70
96
11
167
1
1
1
7
159
72
1
71
16
41
1
1
53
21
103
24
41
1
1
62
2
1
17
70
90
1
16
1
1
1
43
37
33
3
42
24
176
7
31
1
50
1
17
62
7
1
111
35
111
5
2
1
1
68
1
0
1
77
1
2
1
1
60
1
1
1
1
11
87
5
97
1
4
22
0
53
43
8
91
7
22
65
208
13
2
10
0
2
42
129
81
2
152
56
3
1
124
2
1
3
1
1
90
154
1
1
1
1
0
3
321
28
3
4
1
8
88
2
1
0
1
2
1
1
1
1
12
13
1
13
1
6
93
1
1
2
5
189
33
1
35
62
12
95
90
3
20
19
1
5
28
55
37
8
165
2
67
72
1
1
2
68
1
1
1
33
17
1
1
1
41
1
47
37
18
51
3
44
21
2
3
2
46
1
1
13
75
1
13
1
12
1
391
238
48
1
220
4
58
1
2
34
2
5
4
84
6
2
5
68
1
161
1
1
1
1
4
13
46
10
79
19
243
46
2
41
47
51
78
2
32
2
26
1
144
27
1
76
24
66
44
2
89
3
2
11
80
34
22
1
57
2
1
112
3
13
161
1
8
6
11
6
16
17
13
4
2
32
3
1
1
23
32
1
3
1
1
8
50
60
29
12
10
59
11
1
2
32
9
3
1
21
1
1
1
4
3
2
105
1
363
2
13
21
12
25
21
4
47
2
1
0
6
1
1
1
1
8
1
15
9
3
8
1
1
14
18
35
65
48
18
96
8
15
17
2
1
119
20
2
227
20
50
2
50
79
26
29
63
72
1
1
61
3
191
252
166
5
266
173
1
1
1
1
1
0
3
0
1
12
1
5
4
12
1
2
22
3
16
12
1
3
8
1
9
1
2
3
9
1
3
1
1
2
9
3
1
1
3
26
19
1
1
4
2
1
1
5
1
2
2
10
1
1
3
2
7
1
1
0
1
1
1
3
8
3
2
3
11
1
1
1
1
1
1
1
1
1
1
1
1
1
14
1
1
1
1
1
1
1
1
1
1
1
1
7
1
3
1
1
1
0
1
1
1
1
22
205
81
1
1
24
1
112
20
9
3
1
1
1
265
53
54
10
19
1
2
38
1
3
1
86
2
63
10
109
261
124
40
70
71
107
156
22
105
91
33
2
1
47
26
1
1
169
17
97
5
10
5
4
16
2
20
6
8
188
26
286
4
12
4
26
3
1
114
1
226
112
141
19
1
2
1
123
59
22
68
118
295
51
1
259
165
1
70
2
1
21
96
605
1
1
75
465
16
10
60
5
1
0
23
17
1
72
3
77
55
70
22
108
128
285
1
2
1
1
1
1
1
1
1
1
1
1
1
3
5
2
2
260
1
1
1
1
1
1
4
194
1
1
142
1
1
1
156
2
63
81
1
2
0
1
2
26
528
6
113
174
606
90
4
6
97
49
223
99
289
362
130
47
2
156
256
1
2
1
79
5
43
365
114
2
1
1
1
91
63
115
56
149
44
1
1
166
1
9
193
54
20
26
41
0
1
1
4
31
228
101
98
204
114
75
601
5
12
164
6
6
9
447
2
1
36
763
7
331
3121
1
0
5254
3347
1268
323
4017
1
1
1
1
1
1
1
344
728
2
1494
873
1
1
1
3
1
675
2396
1
1
1820
74
1
2
834
1145
2
1
101
1
11
4
333
1
1
732
73
1
1
1
1
1
170
3
12
218
220
31
104
1
2
17
1
1
171
2
18
1
108
78
115
168
254
69
143
147
305
220
1
1
1
1
55
69
1
1
1
1
1
1
1
1
1
1
1
1
1
1
1
1
244
1
1
1
1
1
1
1
1
223
1
3
1
1
1
1
1
1
1
1
11
86
30
4
164
18
27
2
17
85
1
1
1
1
214
1
1
1
1
1
1
1
1
1
1
1
1
1
1
1
1
1
1
1
59
4
65
98
1
1
1
93
40
135
149
1
1
0
1
1
1
97
439
304
7
0
1
1
1
1
46
1
1
1
1
1
1
2
1
1
0
1
1
1
1
0
1
0
1
0
205
1
1
1
1
11
660
10
123
115
99
1
400
47
48
4
245
1
94
38
83
1
2
1
2
1
2
153
1
1
1
264
602
2
1
1
286
19
3
1
1
1
148
1
1
1
1
1
1
1
1
1
1
1
1
1
1
1
1
1
1
1
1
1
1
1
1
1
1
1
1
11
44
1
1
1
1
26
336
142
1
52
1
1
534
1
1
1
1
1
1
1
1
1
1
1
1
316
2
23
1
28
1
2
235
205
2
29
346
22
1
62
33
48
2
1
1
6
4
4
111
3
1
1
29
231
2
18
106
135
147
117
3
209
1
62
35
569
0
5
8
156
1
4
20
1
194
91
1
2
161
73
62
1
11
139
1
1
1
1
80
26
41
32
6
1
7
36
1
2
154
1
1
494
30
151
100
1
1
1
330
65
1
8
23
1
1
1
154
35
355
1
228
1
1
1
1
1
1
1
1
1
1
1
2
1
1
33
68
1
1
1
111
137
183
1
41
1
144
96
1
24
40
1
388
1
1
1
2
1
258
1
295
1
1
1
1
1
59
1
1
1
1
132
12
3
1
26
3
1
70
13
3
38
1
1
3
9
1
3
1
20
129
34
17
1
1
1
3
103
110
4
30
42
175
3
3
2
1
1
2
0
1
2
64
103
1
71
13
32
12
2
1
9
1
3
4
3
0
2
118
2
5
46
1
63
6
20
41
32
19
21
3
14
1
3
160
20
15
81
173
83
1
69
144
7
23
49
82
22
173
2
12
1
1
1
249
26
113
83
1
11
1
3
70
6
85
2
47
331
6
66
13
82
26
7
1
1
1
1
1
1
0
1
0
1
1
1
1
1
1
1
1
1
20
1
2
162
7
1
4
1
1
1
1
1
1
1
1
1
1
1
1
27
122
1
1
5
1
1
2
3
77
1
1
2
82
66
3
1
1
1
37
6
1
1
10
2
1
1
1
1
51
75
1
27
17
1
1
3
3
2
0
1
1
0
1
1
0
1
0
18
1
98
2
1
1
1
92
24
2
1
47
213
2
1
82
63
16
1
1
1
1
46
78
5
1
142
112
1
1
1
1
1
2
1
1
1
1
1
1
32
80
106
26
2
127
9
1
22
92
33
1
1
1
1
1
1
1
1
1
1
1
1
1
1
1
219
1
303
85
1
1
1
146
1
1
1
1
1
1
1
1
1
1
1
1
1
1
1
202
1
102
129
49
2
77
238
133
1
1
11
66
114
59
133
2
152
39
34
2
2
10
3
66
5
1
1
197
2
26
7
4
33
20
12
8
16
1
143
96
22
93
20
70
1
227
102
103
5
1
1
10
2
18
33
50
1
2
1
1
1
1
1
1
1
1
1
1
1
1
1
1
1
1
2
1
1
1
163
46
1
149
1
1
15
2
1
1
1
1
1
1
1
1
1
1
1
1
1
1
3
1
1
1
1
1
18
1
2
35
83
3
2
14
81
1
100
87
51
1
1
34
8
2
1
1
2
106
1
1
1
252
83
46
105
89
58
21
155
4
164
1
153
7
85
18
77
91
41
196
1
6
1
1
1
1
1
1
1
4
1
30
65
21
1
1
1
1
4
28
9
35
1
3
1
155
1
1
1
11
116
3
67
2
46
61
14
5
15
1
1
79
64
1
2
5
8
114
1
14
15
1
15
2
1
1
2
4
128
9
110
1
1
1
2
61
90
1
2
10
22
1
1
2
82
1
148
8
28
237
51
149
71
4
3
2
2
182
40
180
1
1
58
12
16
23
1
1
1
1
49
24
49
47
36
30
1
64
4
66
83
156
26
1
16
15
10
131
45
27
20
1
1
98
164
3
25
123
104
1
181
3
1
15
54
41
39
1
1
1
37
1
1
2
59
6
1
1
1
1
1
2
0
1
0
1
1
3
4
1
1
8
171
85
48
15
99
42
1
1
1
2
1
1
1
1
30
105
1
26
3
2
133
2
155
4
2
1
1
1
1
1
127
145
20
4
97
72
10
85
48
1
62
12
1
214
133
2
135
2
61
1
1
130
61
25
210
5
46
222
24
1
5
216
23
29
2
1
1
117
46
32
35
4
1
1
4
31
9
3
5
6
58
42
5
55
4
1
100
2
16
90
2
10
57
3
1
0
1
0
1
1
1
1
1
2
190
72
122
2
97
187
1
1
69
1
3
176
101
20
1
1
1
71
1
17
1
4
283
36
1
147
54
1
153
95
96
74
125
9
375
453
259
1
1
25
1
1
1
347
161
355
1
200
84
1
121
82
2
94
3
20
1
1
1
1
1
3
2
206
130
87
72
57
263
8
30
1
241
16
74
2
63
1
35
8
183
156
0
63
10
13
1
184
1
133
1
189
370
103
32
154
4
1
18
32
259
1
1
1
10
2
2
116
1
37
2
144
43
103
62
30
146
60
10
140
222
21
25
640
1
3
116
52
86
40
56
64
24
91
1
1
1
1
37
1
1
3
1
4
50
706
253
1
1
1
47
133
68
232
233
1
231
105
450
364
1
1
77
29
171
58
1
1
125
322
4
1
103
16
64
321
13
1
152
1108
801
4
64
565
1462
485
344
1
1
974
10663
386
2
1
2069
274
1
1
2199
292
2126
1
2107
81
1267
2
179
22
1
18
767
1784
88
1
1
188
130
1
1
455
8
1
256
1
1
1
287
39
107
436
287
1
1
399
116
3
145
56
1
1
20
0
3
127
401
14
1
2
36
29
102
131
97
1
1
1
1
1
1
1
1
1
1
1
1
1
1
1
1
226
1
20
362
1
1
1
1
1
1
1
1
1
1
1
1
1
98
14
4
144
1
19
21
1
2
1
0
341
1
279
3
113
86
1
49
0
1
1
1
0
1
3
1
78
1
226
0
1
0
1
0
1
0
1
0
1
1
1
1
1
1
1
1
1
1
1
1
0
1
1
0
1
0
1
0
1
0
1
4
1
1
197
100
57
69
60
71
1
4
339
222
3
72
1
1
1
1
36
0
1
1
1
1
1
5
57
14
133
1
2
1
0
1
1
1
2
61
158
1
307
7
1
24
1
1
1
1
1
1
20
356
82
249
192
84
99
56
270
44
115
843
1
7
2
726
15
72
74
144
27
1
1
1
1
10
1
1
198
179
1
51
56
2
6
1
15
2
1
37
51
85
44
155
38
47
1
1
74
418
128
34
57
1
1
1
1
1
1
1
2
30
0
1
1
1
1
90
1
2
10
135
223
22
1
1
1
88
9
10
458
22
6
136
5
93
1
1
1
1
12
1
1
1
1
1
7
42
62
79
37
1
1
34
36
13
4
10
5
2
1
20
30
3
19
1
1
2
71
13
15
10
53
9
1
1
1
43
1
1
1
0
1
12
2
1
2
1
1
1
1
1
40
1
100
1
10
1
1
1
1
1
39
32
1
1
35
44
1
94
1
1
1
2
4
1
2
2
42
16
1
105
1
1
1
13
83
166
1
157
1
1
1
1
0
1
1
2
1
2
0
1
286
40
61
5
86
1
11
1
2
1
2
2
1
1
1
18
9
1
3
1
1
1
1
1
1
1
1
5
0
8
1
2
1
2
2
1
1
1
1
2
110
1
1
1
45
2
54
1
4
1
195
1
1
1
1
39
1
1
1
0
110
39
1
1
1
34
39
67
41
87
84
31
2
1
1
1
1
79
22
1
39
3
5
140
8
1
1
1
1
38
36
49
1
5
20
67
7
21
67
25
1
1
1
33
3
101
6
1
1
1
1
16
54
1
1
1
1
1
50
42
665
346
143
333
88
40
1
1
2
4
1
1
1
1
1
1
1
1
1
49
37
1
1
1
38
42
1
68
1
1
6
4
2
36
47
2
1
1
1
1
27
21
2
1
1
1
13
10
3
1
26
48
3
86
33
25
1
1
1
13
1
1
1
1
26
15
71
1
1
2
108
3
1
24
3
1
30
1
157
1
0
1
1
37
2
24
1
9
27
5
1
3
7
162
26
150
331
41
67
52
187
6
49
1
1
1
4
6
6
54
2
236
2
29
1
203
53
69
3
3
1
1
1
1
3
2
1
1
6
128
75
27
121
10
2
1
1
84
91
49
3
1
1
1
1
1
0
2
1
29
1
1
1
3
4
43
1
1
1
0
1
1
0
27
70
5
77
4
13
1
1
13
55
1
1
41
12
58
39
1
1
2
2
1
21
28
1
31
1
170
3
1
1
1
1
81
158
2
1
26
1
2
2
2
1
1
14
4
1
1
12
1
18
25
93
2
1
1
1
72
1
0
1
1
31
1
71
21
146
4
151
3
2
1
12
4
139
1
1
1
1
1
1
1
1
131
12
377
1
10
372
1
5
81
1
3
97
28
3
68
1
1
1
37
2
4
3
1
1
1
1
1
1
3
1
1
2
28
40
6
4
50
3
158
181
1
1
1
1
1
1
39
126
223
2
63
43
13
1
2
1
1
8
8
9
35
38
15
32
2
106
3
122
39
9
15
129
43
2
185
144
22
343
1
2
8
8
1
108
12
42
38
4
77
18
32
9
235
74
1
13
6
2
100
2
259
1
1
1
202
12
3
0
24
1
1
1
1
1
28
5
1
3
25
1
2
1
3
36
64
1
64
82
1
1
2
1
1
69
1
1
1
1
46
2
90
3
1
112
3
1
1
1
1
1
74
24
1
1
1
3
4
50
19
22
1
1
1
1
1
4
1
1
1
13
2
1
50
81
30
19
63
19
1
93
181
23
14
137
74
31
4
67
1
1
1
1
28
51
22
13
60
1
1
1
1
1
54
47
4
5
1
2
1
52
49
142
1
1
1
8
172
1
1
1
1
90
1
18
262
1
1
1
39
99
41
1
1
26
4
164
1
1
1
1
1
2
7
45
401
1
1
1
1
1
1
1
2
37
19
94
1
1
99
3
3
1
150
12
1
1
1
199
36
35
3
38
222
43
6
4
76
3
28
19
1
1
1
46
1
75
3
2
248
41
12
14
47
1
1
1
1
1
1
1
1
1
1
1
1
1
1
1
1
1
0
15
24
1
1
1
1
7
1
1
1
2
2
1
1
9
1
67
1
2
104
21
16
1
3
138
1
150
49
136
119
270
2
1
1
1
1
1
1
1
21
43
2
13
1
1
1
1
1
1
75
124
7
24
12
37
50
29
58
38
29
60
20
121
2
41
22
58
43
1
2
2
42
0
2
1
1
3
17
88
66
3
2
43
16
1
1
1
1
46
19
5
1
1
1
1
1
1
1
1
1
1
1
10
3
1
1
1
1
26
61
2
1
1
382
200
11
1
1
2
88
1
1
1
1
1
344
174
1
322
66
191
58
34
27
18
1
2
87
64
1
1
1
5
2
2
1
1
34
65
24
2
142
58
1
4
8
134
2
1
1
1
1
1
1
1
1
1
1
1
1
32
13
1
156
19
9
4
84
2
8
4
9
2
1
37
155
4
156
69
6
1
8
4
1
1
1
1
1
1
1
97
30
2
1
52
102
3
1
1
1
37
42
1
2
19
150
212
1
3
21
2
126
2
1
57
55
2
51
2
2
117
15
21
58
108
1
1
1
1
0
1
1
1
0
1
7
32
39
1
32
108
71
54
94
3
1
160
7
46
13
92
43
124
1
1
77
21
48
30
2
35
41
103
2
1
1
4
69
7
254
70
101
33
11
57
9
23
56
18
4
1
9
1
63
1
2
54
1
45
2
55
29
3
2
2
2
8
25
75
61
1
1
1
1
1
19
53
76
48
8
1
1
1
1
94
35
8
1
2
2
92
1
41
1
1
1
1
1
4
76
90
56
1
6
16
1
212
2
1
2
241
86
24
66
3
66
56
70
219
1
1
78
1
5
109
95
62
4
1
21
125
1
55
342
2
191
2
212
9
111
7
60
1
78
1
7
5
25
1
1
123
38
1
60
232
1
45
1
1
161
147
1
34
1
161
434
280
1
178
76
1
18
1
1
70
108
1
2
1
110
148
2
1
2
12
1
3
5
2
1
1
94
126
375
29
229
205
6
15
1
116
16
5
1
55
108
3
88
175
3
1
21
161
1
1
2
1
36
74
121
158
8
128
133
2
1
3
1
11
1
49
43
19
241
159
382
292
3
137
141
80
50
95
64
148
27
39
187
1
195
1
1
1
1
220
122
122
699
1337
94
587
880
1654
192
118
342
1
206
330
1799
2242
232
671
6351
732
1
0
1354
2
1
1
1
1
1
645
1127
2100
1
412
1
483
234
1
1
1
1
297
2220
89
1179
765
166
45
119
3
1
1340
1
3
392
1
1
1
2
60
92
221
174
105
37
648
535
1
1
1
344
762
106
1
757
1015
139
201
37
66
407
647
1
1
156
235
133
2
192
1
1
1
1
3
136
321
28
914
299
126
58
184
199
1
5
25
112
109
1
1
187
97
1
0
1
142
1
18
1
1
20
2
1
1
29
1
1
5
2
28
33
44
335
57
290
6
13
3
1
1
1
43
70
4
1
1
1
91
5
155
247
644
104
306
1
1
1
59
48
144
4
214
1
152
1
1
1
1
0
4
1
1
1
1
1
151
56
31
1
0
3
108
10
30
1
1
1
136
77
1
143
1
1
1
43
45
1
1
1
1
1
49
1
17
16
35
2
209
1
1
1
1
25
3
3
13
1
9
2
42
2
9
49
8
3
1
1
1
88
54
3
16
1
1
1
0
0
1
70
1
164
31
49
21
52
1
1
15
26
11
133
14
26
1
59
23
1
1
109
2
143
146
215
100
253
16
46
29
236
5
393
1
128
12
5
44
3
4
5
186
47
48
33
2
128
29
2
297
14
2
25
95
56
21
1
12
2
111
3
8
1
1
1
1
1
1
1
1
1
1
1
104
12
21
2
64
27
10
51
1
1
1
4
67
8
78
147
11
2
88
45
37
1
283
1
1
1
1
1
1
362
25
178
53
113
14
167
1
45
28
1
8
42
2
17
1
3
1
1
9
1
1
17
12
154
1
2
59
3
12
133
51
4
15
5
45
1
2
1
88
534
168
36
67
4
1
1
107
3
119
1
1
14
225
1
2
63
132
34
12
92
83
44
84
1
1
1
1
32
13
112
1
1
159
1
1
1
2
7
24
77
3
2
144
36
1
1
1
65
1
38
2
57
121
5
41
6
107
1
1
1
85
27
1
25
39
0
1
121
1
6
2
46
19
1
18
1
23
1
15
2
1
1
119
3
10
1
1
18
27
1
69
51
3
31
1
2
72
146
2
1
148
1
50
27
1
186
162
1
1
2
136
3
10
14
368
206
12
65
1
1
1
1
1
47
1
1
2
39
292
1
2
1
1
1
1
6
1
7
19
85
52
44
42
1
2
2
1
13
49
1
1
1
1
0
1
391
114
63
1
1
2
166
1
1
1
1
1
1
7
42
73
5
94
3
45
1
221
1
1
1
1
61
38
1
2
1
5
50
121
5
5
39
35
83
130
276
112
10
22
35
119
155
3
1
1
10
328
63
40
231
67
3
2
100
51
1
4
74
1
17
73
256
33
448
3
1
14
1
59
2
2
50
32
236
240
111
24
21
206
158
37
1
1
15
1
63
103
33
1
1
14
1
2
1
1
1
1
1
1
1
1
1
9
1
1
150
1
1
1
39
2
6
122
1
89
2
90
12
3
18
109
1
1
48
2
2
0
22
98
2
123
1
1
1
58
3
24
27
5
1
148
15
65
110
35
236
1
1
157
363
23
263
162
1
33
1
1
2
0
109
62
906
1
1
1
1
1
1
1
1
1
1
1
1
1
1
79
3
5
24
10
55
45
33
47
3
1
0
1
1
1
1
1
41
1
1
19
2
58
1
9
15
1
1
25
1
1
1
72
9
335
53
40
1
0
0
1
1
21
99
61
13
11
1
1
3
50
43
1
1
1
50
40
197
1
1
1
5
1
222
81
62
59
1
45
6
48
165
8
146
35
2
6
45
3
70
37
194
134
194
3
23
336
13
35
1
42
145
1
406
46
17
1
199
50
214
403
185
404
19
144
118
19
147
423
49
76
107
1
1
1
1
1
1
39
1
1
1
1
1
8
20
2
1
828
127
45
2
1
2
1
140
30
23
1
5
46
1
49
1
1
1
1
289
11
58
1
1
42
19
4
13
1
100
390
133
365
29
46
1
60
51
127
265
154
75
113
147
100
237
273
54
1
1
1
73
168
54
59
193
113
1
1
1
37
51
197
250
212
37
2
130
142
466
27
1
4
10
2
175
232
97
89
232
249
2
25
89
63
9
122
180
3
1
1
1
2
3
1
1
1
1
1
1
3
6
3
3
1
1
6
17
13
17
15
3
1
1
1
1
1
1
1
1
1
1
1
1
1
1
1
1
1
1
1
1
1
1
1
1
1
1
1
1
1
1
1
1
1
1
1
1
1
1
1
1
1
1
1
1
1
1
1
1
1
1
1
1
1
1
1
1
1
1
1
1
1
1
1
1
1
1
1
1
1
1
0
1
1
1
1
1
1
7
99
26
1
1
1
2
1
1
2
3
1
1
1
1
1
1
1
1
1
1
1
1
1
1
1
1
3
1
1
1
0
1
0
1
1
1
1
1
1
1
1
1
1
1
1
1
1
1
1
1
1
1
1
1
1
1
1
1
1
1
1
1
1
1
1
1
1
0
1
0
1
0
1
1
1
1
1
1
1
1
1
0
1
1
1
1
1
0
1
0
1
1
0
1
1
1
1
1
1
1
1
1
1
1
71
2
900
670
84
314
128
5
1
92
30
565
1
1
1
1
1
1
1
1
5
1397
1846
370
1
2177
14
1
44
2
7
1
1
6
2
13
2
2
9
2
1
1
1
1
1
1
1
1
1
3
1
1
3
1
1
1
1
1
1
1
1
1
1
1
1
1
8
10
1
8
2
3
2
10
2
4
3
6
5
1
2
1
1
2
11
5
2
4
8
6
2
2
1982
93
110
5
2493
4628
1184
3357
1022
2
2
41
2
1
2
1
3
3
14
9
10
1
1
1
1
27
2
1176
1505
1
845
2873
3320
942
2
2551
1127
28
18
1863
2143
1530
1
155
1
120
307
544
88
6
4
1
126
1
1
194
20
1
3
165
86
7
133
1
1
1
1
1
109
91
41
22
5
176
27
83
50
1
1
2
16
12
72
40
1
5
4
3
1
7
15
2
71
28
43
10
3
130
2
3
1
21
1
2
1
1
1
49
11
1
23
9
23
34
128
1
44
159
42
120
67
1
1
1
68
33
52
13
6
6
9
2
34
1
1
1
7
9
3
3
8
3
31
1
1
1
1
1
34
1
1
1
2
5
9
17
3
7
1
1
58
201
1
1
73
145
0
2
2
1
65
2
55
1
1
1
1
274
56
1
1
6
5
1
222
49
1
1
62
1
87
2
12
1
11
1
4
1
1
254
30
6
1
1
1
1
1
1
1
1
2
1
1
1
1
1
2
12
3
1
4
18
66
1
1
1
1
1
1
1
2
1
1
1
1
0
2
20
37
60
89
1
1
1
1
95
1
94
106
1
1
1
44
15
201
1
10
1
65
1
92
22
1
1
1
1
89
77
91
50
1
1
1
1
13
1
179
23
1
1
1
19
4
33
1
1
1
23
1
1
72
25
3
1
1
61
31
18
1
1
1
1
1
1
35
51
1
1
1
1
2
1
108
4
1
46
1
2
59
1
3
8
226
1
1
2
84
1
1
6
102
101
187
73
1
100
1
41
176
17
1
85
26
2
1
200
2
3
162
1
1
2
1
37
16
21
127
8
139
26
54
2
1
268
5
1
1
37
1
88
16
70
178
1
1
48
1
1
2
1
6
53
1
8
48
1
1
151
1
0
1
1
1
1
1
172
1
213
1
2
86
2
159
16
59
1
1
131
14
164
40
1
1
4
57
1
7
322
8
84
5
1
1
1
1
2
16
21
75
92
0
380
40
37
39
21
52
5
67
2
46
1
2
1
45
66
110
140
106
24
1
1
1
1
128
3
56
57
2
1
34
2
143
1
1
3
1
1
27
1
1
1
1
201
22
2
20
143
1
3
36
27
2
2
1
112
3
114
1
1
6
1
35
58
73
17
125
17
16
1
151
1
1
1
12
12
37
71
5
89
200
281
1
35
1
1
1
1
231
1
12
136
1
156
188
1
2
2016
1
77
1
2
188
69
150
8
55
3
21
33
23
1
22
53
2
2
1
10
35
1
2
2
88
174
57
211
68
16
281
1
26
5
6
2
5
1
106
1
157
152
65
1
1
11
12
118
1
2
501
144
1
14
1
1
1
191
171
1
1
1
234
249
66
3
97
26
5
97
1
70
1
1
1
1
205
1
1
6
181
203
114
2
66
193
1
101
1
0
1
1
3
1
2
1
1
1
74
311
1
1
1
1
1
1
1
1
139
2
36
1
2
2
1
1
1
1
1
2
7
4
126
1
1
1
154
2
1
3
18
9
2
87
31
1
1
1
1
1
1
63
1
1
1
6
1
1
3
62
2
18
16
1
1
1
2
63
23
1
2
36
94
16
1
1
1
47
73
27
72
109
1
1
1
131
283
108
117
42
106
5
62
22
24
32
65
1
27
119
0
1
1
41
682
2
1
44
142
176
2
129
25
102
84
3
114
202
207
29
64
58
124
102
5
3
59
3
2
69
225
1
1
1
3
2
3
48
8
56
94
17
1
100
103
1
1
18
175
1
83
57
50
262
1
103
1
1
0
365
196
5
487
174
138
17
1
1
1
2
46
1
1
31
1
1
1
15
1
4
6
6
2
11
27
10
5
1
22
1
157
37
1
5
1
164
258
2
11
23
2
9
1
1
1
1
1
68
95
177
353
1
1
89
115
6
1
1
1
156
1
1
1
55
681
45
99
108
1
1
1
1
24
50
5
55
207
60
89
1
1
1
65
1
1
1
416
241
1
1
5
67
1
1
1
31
19
127
109
345
252
41
2
1
1
1
1
1
1
4
255
196
400
3
54
106
46
245
221
195
62
1
1
192
224
787
1
249
33
1
2
1
215
1
6
303
1
1
1
1
1
112
20
3
0
97
233
20
192
2
136
126
219
534
422
70
1504
4000
1018
742
2961
7410
2
0
1
2
1343
2
1
164
11574
354
284
385
262
232
1
1
1
1
20
21
481
36
1
4
2
93
61
1
1
1
1
1
1
1
1
1
1
1
1
1
1
1
1
1
1
1
53
112
1
31
1
1
1
1
1
1
1
1
1
1
1
1
1
1
1
1
1
1
2
89
187
1
1
1
2
1
1
0
1
1
0
1
0
1
1
0
1
1
1
1
1
1
1
1
1
1
1
169
1
1
1
1
1
1
1
1
1
1
1
1
1
1
1
1
124
258
1
1
1
1
1
43
79
1
1
1
1
1
1
1
268
2
1
3
24
1
11
1
1
29
188
13
0
1
0
7
7
1
1
130
163
2
1
2
3
330
1
100
20
2
3
8
3
47
234
1
1
1
1
1
1
1
51
1
1
1
1
1
1
1
1
1
1
1
1
1
1
0
3
1
0
1
1
1
1
9
11
1
33
30
31
1
12
1
1
1
1
227
18
1
1
1
1
58
7
33
1
4
144
1
1
1
1
1
1
1
1
0
0
1
4
1
238
43
1
1
8
38
3
15
51
51
2
58
1
2
1
19
89
80
1
94
209
163
9
53
76
136
1
127
69
2
4
10
16
83
75
71
34
462
30
21
6
1
102
34
48
1
1
1
201
1
1
1
1
1
1
1
1
1
1
1
1
1
0
1
0
0
1
0
1
1
1
1
1
19
1
72
17
77
49
54
46
1
1
50
2
30
1
236
179
1
1
2
15
2
66
25
1
1
69
195
1
64
80
11
22
6
1
94
8
212
172
1
1
1
0
1
0
1
197
146
16
13
90
79
289
1
1
0
1
64
618
3
152
68
173
10
314
28
288
100
153
11
158
1
1
1
31
2
1
2
121
555
1
1
1
144
1
1
15
203
1
24
33
1
2
1
58
1
69
83
22
1
9
1
1
1
1
100
4
41
1
126
1
1
49
2
1
52
2
1
331
245
3
2
24
7
4
3
1
1
1
1
1
1
234
175
6
5
195
2
15
1
24
1
1
7
69
22
1
2
9
1
1
1
1
1
1
1
1
1
1
1
2
1
1
1
1
6
1
96
9
8
1
56
1
3
1
2
1
1
1
1
61
14
1
1
2
36
1
1
1
1
1
2
91
2
18
15
40
2
1
61
24
112
55
2
1
1
3
54
21
37
226
1
1
1
1
1
1
2
15
1
1
1
1
46
2
2
1
1
13
1
1
1
1
25
1
6
13
14
36
1
2
105
4
35
12
32
81
129
21
1
57
48
1
2
31
68
24
3
25
27
1
1
37
45
10
1
1
39
1
2
7
11
1
15
1
0
3
1
0
3
23
1
2
45
1
1
1
1
1
14
1
115
3
43
1
60
40
1
2
26
1
1
1
63
48
1
10
79
1
1
5
0
1
2
1
1
1
1
1
0
1
1
1
1
1
4
42
32
6
17
40
78
1
2
65
34
4
1
24
13
46
85
1
85
1
62
1
45
190
15
29
1
35
4
9
22
39
2
2
0
78
101
1
2
146
267
2
1
22
32
71
33
2
1
33
150
69
1
1
1
3
57
210
5
744
9
1
1
1
1
1
1
1
2
1
1
1
3
43
62
1
1
1
1
1
1
1
1
1
1
1
1
1
2
1
141
63
1
49
3
1
75
1
11
33
1
2
20
2
10
42
2
1
1
1
2
26
1
125
1
1
83
4
136
1
0
2
10
3
76
1
129
65
1
65
27
1
11
106
3
5
1
1
1
1
107
1
128
2
0
54
10
1
1
1
1
0
2
2
27
1
134
2
2
20
31
313
3
70
81
226
1
90
6
35
69
8
1
34
1
1
1
112
134
1
7
90
123
1
33
1
17
25
2
1
9
2
2
46
4
2
113
116
43
12
2
212
4
1
2
142
19
50
1
1
1
1
1
1
1
1
1
1
1
1
1
1
1
1
1
1
0
1
1
68
78
81
50
198
2
16
2
15
1
2
96
4
68
39
53
1
5
71
92
93
8
1
4
148
162
49
6
136
3
11
52
145
121
9
12
1
69
11
2
54
4
1
3
1
155
1
34
148
40
150
1
2
0
1
1
23
1
3
43
19
92
4
7
2
4
1
1
4
1
15
2
166
135
161
4
44
2
418
69
96
359
64
35
62
65
420
192
1
0
4
24
1
1
2
154
173
303
11
53
49
1
1
10
100
80
1
1
3
25
1
2
1
10
26
3
25
40
96
73
50
16
122
41
97
129
1
59
91
175
91
72
37
3
3
363
107
36
29
141
123
1
66
1
3
117
0
1
92
28
1
1
2
1
1
3
1
3
1
4
1
3
1
1
1
129
1
1
1
1
1
2
2
1
1
300
102
11
1
34
68
1
1
1
5
25
74
4
1
1
1
1
1
1
26
3
35
117
25
2
21
2
225
41
1
48
56
1
1
41
212
96
41
87
162
1
1
1
1
1
1
1
1
1
1
1
1
1
1
1
18
13
14
1
70
146
101
1
2
63
2
50
59
46
20
153
34
114
