1,0,0
0,61440,0
0,4096,0
0,61440,0
0,4096,0
0,61440,0
0,4096,0
0,61440,0
0,4096,0
0,61440,0
0,4096,0
0,61440,0
0,4096,0
0,61440,0
0,4096,0
0,61440,0
0,4096,0
0,61440,0
0,4096,0
0,61440,0
0,4096,0
0,61440,0
0,4096,0
0,61440,0
0,4096,0
0,61440,0
0,4096,0
0,61440,0
0,4096,0
0,61440,0
0,4096,0
0,61440,0
0,4096,0
0,61440,0
0,4096,0
0,61440,0
0,4096,0
0,61440,0
0,4096,0
0,61440,0
0,4096,0
0,61440,0
0,4096,0
0,61440,0
0,4096,0
0,61440,0
0,4096,0
0,61440,0
0,4096,0
0,61440,0
0,4096,0
0,61440,0
0,4096,0
0,61440,0
0,4096,0
0,61440,0
0,4096,0
0,61440,0
0,4096,0
0,61440,0
0,4096,0
0,61440,0
0,4096,0
0,61440,0
0,4096,0
0,61440,0
0,4096,0
0,61440,0
0,4096,0
0,61440,0
0,4096,0
0,61440,0
0,4096,0
0,61440,0
0,4096,0
0,61440,0
0,4096,0
0,61440,0
0,4096,0
0,61440,0
0,4096,0
0,61440,0
0,4096,0
0,61440,0
0,4096,0
0,61440,0
0,4096,0
0,61440,0
0,4096,0
0,61440,0
0,4096,0
0,61440,0
0,4096,0
0,61440,0
0,4096,0
0,61440,0
0,4096,0
0,61440,0
0,4096,0
0,61440,0
0,4096,0
0,61440,0
0,4096,0
0,61440,0
0,4096,0
0,61440,0
0,4096,0
0,61440,0
0,4096,0
0,61440,0
0,4096,0
0,61440,0
0,4096,0
0,61440,0
0,4096,0
0,61440,0
0,4096,0
0,61440,0
0,4096,0
0,61440,0
0,4096,0
0,61440,0
0,4096,0
0,61440,0
0,4096,0
0,61440,0
0,4096,0
0,61440,0
0,4096,0
0,61440,0
0,4096,0
0,61440,0
0,4096,0
0,61440,0
0,4096,0
0,61440,0
0,4096,0
0,61440,0
0,4096,0
0,61440,0
0,4096,0
0,61440,0
0,4096,0
0,61440,0
0,4096,0
0,61440,0
0,4096,0
0,61440,0
0,4096,0
0,61440,0
0,4096,0
0,61440,0
0,4096,0
0,61440,0
0,4096,0
0,61440,0
0,4096,0
0,61440,0
0,4096,0
0,61440,0
0,4096,0
0,61440,0
0,4096,0
0,61440,0
0,4096,0
0,61440,0
0,4096,0
0,61440,0
0,4096,0
0,61440,0
0,4096,0
0,61440,0
0,4096,0
0,61440,0
0,4096,0
0,61440,0
0,4096,0
0,61440,0
0,4096,0
0,61440,0
0,4096,0
0,61440,0
0,4096,0
0,61440,0
0,4096,0
0,61440,0
0,4096,0
0,61440,0
0,4096,0
0,61440,0
0,4096,0
0,61440,0
0,4096,0
0,61440,0
0,4096,0
0,61440,0
0,4096,0
0,61440,0
0,4096,0
0,61440,0
0,4096,0
0,61440,0
0,4096,0
0,61440,0
0,4096,0
0,61440,0
0,4096,0
0,61440,0
0,4096,0
0,61440,0
0,4096,0
0,61440,0
0,4096,0
0,61440,0
0,4096,0
0,61440,0
0,4096,0
0,61440,0
0,4096,0
0,61440,0
0,4096,0
0,61440,0
0,4096,0
0,61440,0
0,4096,0
0,61440,0
0,4096,0
0,61440,0
0,4096,0
0,61440,0
0,4096,0
0,61440,0
0,4096,0
0,61440,0
0,4096,0
0,61440,0
0,4096,0
0,61440,0
0,4096,0
0,61440,0
0,4096,0
0,61440,0
0,4096,0
0,61440,0
0,4096,0
0,61440,0
0,4096,0
0,61440,0
0,4096,0
0,61440,0
0,4096,0
0,61440,0
0,4096,0
0,61440,0
0,4096,0
0,61440,0
0,4096,0
0,61440,0
0,4096,0
0,61440,0
0,4096,0
0,61440,0
0,4096,0
0,61440,0
0,4096,0
0,61440,0
0,4096,0
0,61440,0
0,4096,0
0,61440,0
0,4096,0
0,61440,0
0,4096,0
0,61440,0
0,4096,0
0,61440,0
0,4096,0
0,61440,0
0,4096,0
0,61440,0
0,4096,0
0,61440,0
0,4096,0
0,61440,0
0,4096,0
0,61440,0
0,4096,0
0,61440,0
0,4096,0
0,61440,0
0,4096,0
0,61440,0
0,4096,0
0,61440,0
0,4096,0
0,61440,0
0,4096,0
0,61440,0
0,4096,0
0,61440,0
0,4096,0
0,61440,0
0,4096,0
0,61440,0
0,4096,0
0,61440,0
0,4096,0
0,61440,0
0,4096,0
0,61440,0
0,4096,0
0,61440,0
0,4096,0
0,61440,0
0,4096,0
0,61440,0
0,4096,0
0,61440,0
0,4096,0
0,61440,0
0,4096,0
0,61440,0
0,4096,0
0,61440,0
0,4096,0
0,61440,0
0,4096,0
0,61440,0
0,4096,0
0,61440,0
0,4096,0
0,61440,0
0,4096,0
0,61440,0
0,4096,0
0,61440,0
0,4096,0
0,61440,0
0,4096,0
0,61440,0
0,4096,0
0,61440,0
0,4096,0
0,61440,0
0,4096,0
0,61440,0
0,4096,0
0,61440,0
0,4096,0
0,61440,0
0,4096,0
0,61440,0
0,4096,0
0,61440,0
0,4096,0
0,61440,0
0,4096,0
0,61440,0
0,4096,0
0,61440,0
0,4096,0
0,61440,0
0,4096,0
0,61440,0
0,4096,0
0,61440,0
0,4096,0
0,61440,0
0,4096,0
0,61440,0
0,4096,0
0,61440,0
0,4096,0
0,61440,0
0,4096,0
0,61440,0
0,4096,0
0,61440,0
0,4096,0
0,61440,0
0,4096,0
0,61440,0
0,4096,0
0,61440,0
0,4096,0
0,61440,0
0,4096,0
0,61440,0
0,4096,0
0,61440,0
0,4096,0
0,61440,0
0,4096,0
0,61440,0
0,4096,0
0,61440,0
0,4096,0
0,61440,0
0,4096,0
0,61440,0
0,4096,0
0,61440,0
0,4096,0
0,61440,0
0,4096,0
0,61440,0
0,4096,0
0,61440,0
0,4096,0
0,61440,0
0,4096,0
0,61440,0
0,4096,0
0,61440,0
0,4096,0
0,61440,0
0,4096,0
0,61440,0
0,4096,0
0,61440,0
0,4096,0
0,61440,0
0,4096,0
0,61440,0
0,4096,0
0,61440,0
0,4096,0
0,61440,0
0,4096,0
0,61440,0
0,4096,0
0,61440,0
0,4096,0
0,61440,0
0,4096,0
0,61440,0
0,4096,0
0,61440,0
0,4096,0
0,61440,0
0,4096,0
0,61440,0
0,4096,0
0,61440,0
0,4096,0
0,61440,0
0,4096,0
0,61440,0
0,4096,0
0,61440,0
0,4096,0
0,61440,0
0,4096,0
0,61440,0
0,4096,0
0,61440,0
0,4096,0
0,61440,0
0,4096,0
0,61440,0
0,4096,0
0,61440,0
0,4096,0
0,61440,0
0,4096,0
0,61440,0
0,4096,0
0,61440,0
0,4096,0
0,61440,0
0,4096,0
0,61440,0
0,4096,0
0,61440,0
0,4096,0
0,61440,0
0,4096,0
0,61440,0
0,4096,0
0,61440,0
0,4096,0
0,61440,0
0,4096,0
0,61440,0
0,4096,0
0,61440,0
0,4096,0
0,61440,0
0,4096,0
0,61440,0
0,4096,0
0,61440,0
0,4096,0
0,61440,0
0,4096,0
0,61440,0
0,4096,0
0,61440,0
0,4096,0
0,61440,0
0,4096,0
0,61440,0
0,4096,0
0,61440,0
0,4096,0
0,61440,0
0,4096,0
0,61440,0
0,4096,0
0,61440,0
0,4096,0
0,61440,0
0,4096,0
0,61440,0
0,4096,0
0,61440,0
0,4096,0
0,61440,0
0,4096,0
0,61440,0
0,4096,0
0,61440,0
0,4096,0
0,61440,0
0,4096,0
0,61440,0
0,4096,0
0,61440,0
0,4096,0
0,61440,0
0,4096,0
0,61440,0
0,4096,0
0,61440,0
0,4096,0
0,61440,0
0,4096,0
0,61440,0
0,4096,0
0,61440,0
0,4096,0
0,61440,0
0,4096,0
0,61440,0
0,4096,0
0,61440,0
0,4096,0
0,61440,0
0,4096,0
0,61440,0
0,4096,0
0,61440,0
0,4096,0
0,61440,0
0,4096,0
0,61440,0
0,4096,0
0,61440,0
0,4096,0
0,61440,0
0,4096,0
0,61440,0
0,4096,0
0,61440,0
0,4096,0
0,61440,0
0,4096,0
0,61440,0
0,4096,0
0,61440,0
0,4096,0
0,61440,0
0,4096,0
0,61440,0
0,4096,0
0,61440,0
0,4096,0
0,61440,0
0,4096,0
0,61440,0
0,4096,0
0,61440,0
0,4096,0
0,61440,0
0,4096,0
0,61440,0
0,4096,0
0,61440,0
0,4096,0
0,61440,0
0,4096,0
0,61440,0
0,4096,0
0,61440,0
0,4096,0
0,61440,0
0,4096,0
0,61440,0
0,4096,0
0,61440,0
0,4096,0
0,61440,0
0,4096,0
0,61440,0
0,4096,0
0,61440,0
0,4096,0
0,61440,0
0,4096,0
0,61440,0
0,4096,0
0,61440,0
0,4096,0
0,61440,0
0,4096,0
0,61440,0
0,4096,0
0,61440,0
0,4096,0
0,61440,0
0,4096,0
0,61440,0
0,4096,0
0,61440,0
0,4096,0
0,61440,0
0,4096,0
0,61440,0
0,4096,0
0,61440,0
0,4096,0
0,61440,0
0,4096,0
0,61440,0
0,4096,0
0,61440,0
0,4096,0
0,61440,0
0,4096,0
0,61440,0
0,4096,0
0,61440,0
0,4096,0
0,61440,0
0,4096,0
0,61440,0
0,4096,0
0,61440,0
0,4096,0
0,61440,0
0,4096,0
0,61440,0
0,4096,0
0,61440,0
0,4096,0
0,61440,0
0,4096,0
0,61440,0
0,4096,0
0,61440,0
0,4096,0
0,61440,0
0,4096,0
0,61440,0
0,4096,0
0,61440,0
0,4096,0
0,61440,0
0,4096,0
0,61440,0
0,4096,0
0,61440,0
0,4096,0
0,61440,0
0,4096,0
0,61440,0
0,4096,0
0,61440,0
0,4096,0
0,61440,0
0,4096,0
0,61440,0
0,4096,0
0,61440,0
0,4096,0
0,61440,0
0,4096,0
0,61440,0
0,4096,0
0,61440,0
0,4096,0
0,61440,0
0,4096,0
0,61440,0
0,4096,0
0,61440,0
0,4096,0
0,61440,0
0,4096,0
0,61440,0
0,4096,0
0,61440,0
0,4096,0
0,61440,0
0,4096,0
0,61440,0
0,4096,0
0,61440,0
0,4096,0
0,61440,0
0,4096,0
0,61440,0
0,4096,0
0,61440,0
0,4096,0
0,61440,0
0,4096,0
0,61440,0
0,4096,0
0,61440,0
0,4096,0
0,61440,0
0,4096,0
0,61440,0
0,4096,0
0,61440,0
0,4096,0
0,61440,0
0,4096,0
0,61440,0
0,4096,0
0,61440,0
0,4096,0
0,61440,0
0,4096,0
0,61440,0
0,4096,0
0,61440,0
0,4096,0
0,61440,0
0,4096,0
0,61440,0
0,4096,0
0,61440,0
0,4096,0
0,61440,0
0,4096,0
0,61440,0
0,4096,0
0,61440,0
0,4096,0
0,61440,0
0,4096,0
0,61440,0
0,4096,0
0,61440,0
0,4096,0
0,61440,0
0,4096,0
0,61440,0
0,4096,0
0,61440,0
0,4096,0
0,61440,0
0,4096,0
0,61440,0
0,4096,0
0,61440,0
0,4096,0
0,61440,0
0,4096,0
0,61440,0
0,4096,0
0,61440,0
0,4096,0
0,61440,0
0,4096,0
0,61440,0
0,4096,0
0,61440,0
0,4096,0
0,61440,0
0,4096,0
0,61440,0
0,4096,0
0,61440,0
0,4096,0
0,61440,0
0,4096,0
0,61440,0
0,4096,0
0,61440,0
0,4096,0
0,61440,0
0,4096,0
0,61440,0
0,4096,0
0,61440,0
0,4096,0
0,61440,0
0,4096,0
0,61440,0
0,4096,0
0,61440,0
0,4096,0
0,61440,0
0,4096,0
0,61440,0
0,4096,0
0,61440,0
0,4096,0
0,61440,0
0,4096,0
0,61440,0
0,4096,0
0,61440,0
0,4096,0
0,61440,0
0,4096,0
0,61440,0
0,4096,0
0,61440,0
0,4096,0
0,61440,0
0,4096,0
0,61440,0
0,4096,0
0,61440,0
0,4096,0
0,61440,0
0,4096,0
0,61440,0
0,4096,0
0,61440,0
0,4096,0
0,61440,0
0,4096,0
0,61440,0
0,4096,0
0,61440,0
0,4096,0
0,61440,0
0,4096,0
0,61440,0
0,4096,0
0,61440,0
0,4096,0
0,61440,0
0,4096,0
0,61440,0
0,4096,0
0,61440,0
0,4096,0
0,61440,0
0,4096,0
0,61440,0
0,4096,0
0,61440,0
0,4096,0
0,61440,0
0,4096,0
0,61440,0
0,4096,0
0,61440,0
0,4096,0
0,61440,0
0,4096,0
0,61440,0
0,4096,0
0,61440,0
0,4096,0
0,61440,0
0,4096,0
0,61440,0
0,4096,0
0,61440,0
0,4096,0
0,61440,0
0,4096,0
0,61440,0
0,4096,0
0,61440,0
0,4096,0
0,61440,0
0,4096,0
0,61440,0
0,4096,0
0,61440,0
0,4096,0
0,61440,0
0,4096,0
0,61440,0
0,4096,0
0,61440,0
0,4096,0
0,61440,0
0,4096,0
0,61440,0
0,4096,0
0,61440,0
0,4096,0
0,61440,0
0,4096,0
0,61440,0
0,4096,0
0,61440,0
0,4096,0
0,61440,0
0,4096,0
0,61440,0
0,4096,0
0,61440,0
0,4096,0
0,61440,0
0,4096,0
0,61440,0
0,4096,0
0,61440,0
0,4096,0
0,61440,0
0,4096,0
0,61440,0
0,4096,0
0,61440,0
0,4096,0
0,61440,0
0,4096,0
0,61440,0
0,4096,0
0,61440,0
0,4096,0
0,61440,0
0,4096,0
0,61440,0
0,4096,0
0,61440,0
0,4096,0
0,61440,0
0,4096,0
0,61440,0
0,4096,0
0,61440,0
0,4096,0
0,61440,0
0,4096,0
0,61440,0
0,4096,0
0,61440,0
0,4096,0
0,61440,0
0,4096,0
0,61440,0
0,4096,0
0,61440,0
0,4096,0
0,61440,0
0,4096,0
0,61440,0
0,4096,0
0,61440,0
0,4096,0
0,61440,0
0,4096,0
0,61440,0
0,4096,0
0,61440,0
0,4096,0
0,61440,0
0,4096,0
0,61440,0
0,4096,0
0,61440,0
0,4096,0
0,61440,0
0,4096,0
0,61440,0
0,4096,0
0,61440,0
0,4096,0
0,61440,0
0,4096,0
0,61440,0
0,4096,0
0,61440,0
0,4096,0
0,61440,0
0,4096,0
0,61440,0
0,4096,0
0,61440,0
0,4096,0
0,61440,0
0,4096,0
0,61440,0
0,4096,0
0,61440,0
0,4096,0
0,61440,0
0,4096,0
0,61440,0
0,4096,0
0,61440,0
0,4096,0
0,61440,0
0,4096,0
0,61440,0
0,4096,0
0,61440,0
0,4096,0
0,61440,0
0,4096,0
0,61440,0
0,4096,0
0,61440,0
0,36864,0
0,61440,0
1,0,0
0,8,0
1,0,0
0,16,0
0,80,0
0,512,0
1,800,0
0,8752,0
1,13648,0
0,104,0
1,9552,0
0,4096,0
1,680,0
0,512,0
1,11850048,0
0,11264,0
1,136,0
0,544,0
1,13516416,0
0,544,0
1,24601944,0
0,328,0
1,13752,0
0,512,0
1,14784,0
0,128,0
1,17981848,0
0,328,0
1,14912,0
0,512,0
1,15616,0
0,128,0
1,6249368,0
0,544,0
1,14456,0
0,328,0
1,15744,0
0,512,0
1,16328,0
0,512,0
1,15784,0
0,544,0
1,17152,0
0,328,0
1,16448,0
0,512,0
1,17480,0
0,136,0
1,57912,0
0,512,0
1,58616,0
0,216,0
1,64360,0
0,512,0
1,65064,0
0,128,0
0,512,0
1,65896,0
0,128,0
0,512,0
1,66904,0
0,128,0
1,712,0
0,512,0
1,67696,0
0,256,0
1,70360,0
0,512,0
1,71064,0
0,128,0
0,512,0
1,71896,0
0,144,0
1,106440,0
0,512,0
1,107472,0
0,256,0
1,107144,0
0,328,0
1,112224,0
0,512,0
1,66728,0
0,128,0
0,512,0
1,113944,0
0,144,0
1,263176,0
0,512,0
1,263880,0
0,128,0
0,512,0
1,264712,0
0,256,0
1,269464,0
0,512,0
1,270496,0
0,128,0
1,270168,0
0,328,0
1,270624,0
0,512,0
1,271328,0
0,144,0
1,322256,0
0,512,0
1,112928,0
0,256,0
1,113224,0
0,512,0
1,328784,0
0,128,0
0,512,0
1,329616,0
0,144,0
1,478848,0
0,512,0
1,479880,0
0,128,0
1,479552,0
0,328,0
1,480008,0
0,512,0
1,480712,0
0,256,0
1,485464,0
0,512,0
1,486168,0
0,128,0
0,512,0
1,487000,0
0,144,0
1,554312,0
0,512,0
1,555016,0
0,256,0
1,559768,0
0,512,0
1,560800,0
0,128,0
1,560472,0
0,328,0
1,560928,0
0,512,0
1,561632,0
0,144,0
1,710864,0
0,512,0
1,711568,0
0,128,0
0,512,0
1,712400,0
0,256,0
1,717152,0
0,512,0
1,717856,0
0,128,0
0,512,0
1,718144,0
0,144,0
1,718328,0
0,512,0
1,805480,0
0,256,0
1,720976,0
0,328,0
1,810232,0
0,512,0
1,810936,0
0,128,0
0,512,0
1,322960,0
0,144,0
1,323536,0
0,512,0
1,962496,0
0,128,0
1,323576,0
0,512,0
1,963288,0
0,256,0
1,968000,0
0,512,0
1,969032,0
0,128,0
1,968704,0
0,328,0
1,969160,0
0,512,0
1,969864,0
0,144,0
1,1069944,0
0,512,0
1,1070648,0
0,256,0
1,1075400,0
0,512,0
1,1076104,0
0,128,0
0,512,0
1,1076936,0
0,144,0
1,1226168,0
0,512,0
1,1227200,0
0,128,0
1,1226872,0
0,328,0
1,1227328,0
0,512,0
1,1228032,0
0,256,0
1,1232784,0
0,512,0
1,1233488,0
0,128,0
0,512,0
1,1233776,0
0,144,0
1,1233960,0
0,512,0
1,1353552,0
0,256,0
1,1358304,0
0,512,0
1,1359336,0
0,128,0
1,1359008,0
0,328,0
1,1359464,0
0,512,0
1,1360168,0
0,144,0
1,1509400,0
0,512,0
1,1510104,0
0,128,0
1,1519472,0
0,328,0
1,1510232,0
0,512,0
1,1510936,0
0,216,0
1,1515648,0
0,512,0
1,1516352,0
0,128,0
0,512,0
1,1516640,0
0,136,0
1,1516816,0
0,512,0
1,1653128,0
0,128,0
1,5558496,0
0,328,0
1,1653256,0
0,512,0
1,1653960,0
0,256,0
1,1658712,0
0,512,0
1,1659416,0
0,128,0
1,1733720,0
0,328,0
1,1659544,0
0,512,0
1,1660248,0
0,144,0
1,1727560,0
0,512,0
1,1728264,0
0,256,0
1,1733016,0
0,512,0
1,1734048,0
0,128,0
0,512,0
1,1734880,0
0,144,0
1,1891104,0
0,328,0
1,1884112,0
0,512,0
1,1884816,0
0,128,0
0,512,0
1,1885648,0
0,256,0
1,1890400,0
0,512,0
1,1891432,0
0,128,0
1,1986456,0
0,328,0
1,1891560,0
0,512,0
1,1894344,0
0,144,0
1,1978040,0
0,512,0
1,811768,0
0,256,0
1,813000,0
0,512,0
1,1985624,0
0,128,0
0,512,0
1,1986784,0
0,144,0
1,2136016,0
0,512,0
1,2136720,0
0,128,0
1,2143840,0
0,328,0
1,2136848,0
0,512,0
1,2137552,0
0,256,0
1,2142304,0
0,512,0
1,2143008,0
0,128,0
0,512,0
1,2144168,0
0,144,0
1,2244248,0
0,512,0
1,2244952,0
0,256,0
1,2401176,0
0,328,0
1,2249704,0
0,512,0
1,2250408,0
0,128,0
0,512,0
1,2251240,0
0,144,0
1,2400472,0
0,512,0
1,2401504,0
0,128,0
0,512,0
1,2402336,0
0,256,0
1,2527856,0
0,328,0
1,2407088,0
0,512,0
1,2407792,0
0,128,0
0,512,0
1,2408080,0
0,144,0
1,2408264,0
0,512,0
1,2528184,0
0,256,0
1,2532936,0
0,512,0
1,2533640,0
0,128,0
1,2685240,0
0,328,0
1,2533768,0
0,512,0
1,2534472,0
0,144,0
1,2683704,0
0,512,0
1,2684408,0
0,128,0
0,512,0
1,2685568,0
0,256,0
1,2690320,0
0,512,0
1,2691024,0
0,128,0
1,2832928,0
0,328,0
1,2691152,0
0,512,0
1,2691312,0
0,144,0
1,2691496,0
0,512,0
1,2827472,0
0,256,0
1,2832224,0
0,512,0
1,2833256,0
0,128,0
0,512,0
1,2834088,0
0,144,0
1,2990312,0
0,328,0
1,2983320,0
0,512,0
1,2984024,0
0,128,0
0,512,0
1,2984856,0
0,256,0
1,2989608,0
0,512,0
1,2990640,0
0,128,0
1,3151184,0
0,328,0
1,2990768,0
0,512,0
1,2994960,0
0,144,0
1,3144192,0
0,512,0
1,3144896,0
0,256,0
1,3149648,0
0,512,0
1,3150352,0
0,128,0
0,512,0
1,3151512,0
0,144,0
1,3300744,0
0,512,0
1,3301448,0
0,128,0
1,3312648,0
0,328,0
1,3301576,0
0,512,0
1,3302280,0
0,256,0
1,3307032,0
0,512,0
1,3307736,0
0,128,0
0,512,0
1,3308024,0
0,144,0
1,3308208,0
0,512,0
1,3479072,0
0,256,0
1,3635296,0
0,328,0
1,3483824,0
0,512,0
1,3484528,0
0,128,0
0,512,0
1,3485360,0
0,144,0
1,3634592,0
0,512,0
1,3635624,0
0,128,0
0,512,0
1,3636456,0
0,256,0
1,3828344,0
0,328,0
1,3641208,0
0,512,0
1,3641912,0
0,128,0
0,512,0
1,3645648,0
0,144,0
1,3642664,0
0,512,0
1,3828672,0
0,256,0
1,3833384,0
0,512,0
1,3834088,0
0,128,0
1,3985688,0
0,328,0
1,3834216,0
0,512,0
1,3834920,0
0,144,0
1,3984152,0
0,512,0
1,3984856,0
0,128,0
0,512,0
1,3986016,0
0,256,0
1,3990768,0
0,512,0
1,3991472,0
0,128,0
1,6248824,0
0,544,0
1,4201472,0
0,328,0
1,3991600,0
0,512,0
1,3991760,0
0,144,0
1,3991944,0
0,512,0
1,4196016,0
0,256,0
1,4200768,0
0,512,0
1,4201800,0
0,128,0
0,512,0
1,4202632,0
0,144,0
1,6105448,0
0,328,0
1,4351864,0
0,512,0
1,4352568,0
0,128,0
0,512,0
1,4353400,0
0,256,0
1,4358152,0
0,512,0
1,4358856,0
0,128,0
1,4585624,0
0,328,0
1,4358984,0
0,512,0
1,4359144,0
0,144,0
1,4359328,0
0,512,0
1,4580168,0
0,256,0
1,4584920,0
0,512,0
1,4585952,0
0,128,0
0,512,0
1,1978744,0
0,144,0
1,4745832,0
0,328,0
1,1980520,0
0,512,0
1,1981224,0
0,128,0
0,512,0
1,4740416,0
0,256,0
1,4745128,0
0,512,0
1,4746160,0
0,128,0
1,4990544,0
0,328,0
1,4746288,0
0,512,0
1,4752400,0
0,144,0
1,4983552,0
0,512,0
1,4984256,0
0,256,0
1,4989008,0
0,512,0
1,4989712,0
0,128,0
0,512,0
1,4990872,0
0,144,0
1,5140104,0
0,512,0
1,5140808,0
0,128,0
1,5153928,0
0,328,0
1,5140936,0
0,512,0
1,5141640,0
0,256,0
1,5146392,0
0,512,0
1,5147096,0
0,128,0
0,512,0
1,5147384,0
0,144,0
1,5147568,0
0,512,0
1,5402272,0
0,256,0
1,5407024,0
0,512,0
1,5407728,0
0,128,0
0,512,0
1,5408560,0
0,144,0
1,5557792,0
0,512,0
1,5558824,0
0,128,0
1,5572288,0
0,328,0
1,5558952,0
0,512,0
1,5559656,0
0,216,0
1,5564368,0
0,512,0
1,5565072,0
0,128,0
0,512,0
1,5565360,0
0,136,0
1,5565536,0
0,512,0
1,6099160,0
0,128,0
1,15329072,0
0,544,0
1,14532232,0
0,328,0
1,6099288,0
0,512,0
1,6099992,0
0,256,0
1,6104744,0
0,512,0
1,6105776,0
0,128,0
1,6248496,0
0,328,0
1,6105904,0
0,512,0
1,6106064,0
0,144,0
1,6241504,0
0,512,0
1,6242208,0
0,256,0
1,6246960,0
0,512,0
1,6247664,0
0,128,0
0,512,0
1,6249912,0
0,144,0
1,6399144,0
0,512,0
1,6399848,0
0,128,0
1,17293480,0
0,328,0
1,6399976,0
0,512,0
1,6400680,0
0,256,0
1,6405432,0
0,512,0
1,6406136,0
0,128,0
0,512,0
1,6406424,0
0,144,0
1,6406608,0
0,512,0
1,6560704,0
0,256,0
1,6716928,0
0,328,0
1,6565456,0
0,512,0
1,6566160,0
0,128,0
0,512,0
1,6566992,0
0,144,0
1,6716224,0
0,512,0
1,6717256,0
0,128,0
0,512,0
1,6718088,0
0,256,0
1,6893336,0
0,328,0
1,6722840,0
0,512,0
1,6723544,0
0,128,0
0,512,0
1,6727024,0
0,144,0
1,6724296,0
0,512,0
1,6893664,0
0,256,0
1,6898376,0
0,512,0
1,6899080,0
0,128,0
1,7050680,0
0,328,0
1,6899208,0
0,512,0
1,6899912,0
0,144,0
1,7049144,0
0,512,0
1,7049848,0
0,128,0
0,512,0
1,7051008,0
0,256,0
1,7055760,0
0,512,0
1,7056464,0
0,128,0
1,7249696,0
0,328,0
1,7056592,0
0,512,0
1,7056752,0
0,144,0
1,7056936,0
0,512,0
1,7244240,0
0,256,0
1,7248992,0
0,512,0
1,7250024,0
0,128,0
0,512,0
1,7250856,0
0,144,0
1,7407080,0
0,328,0
1,7400088,0
0,512,0
1,7400792,0
0,128,0
0,512,0
1,7401624,0
0,256,0
1,7406376,0
0,512,0
1,7407408,0
0,128,0
1,7618256,0
0,328,0
1,7407536,0
0,512,0
1,7412880,0
0,144,0
1,7611264,0
0,512,0
1,7611968,0
0,256,0
1,7616720,0
0,512,0
1,7617424,0
0,128,0
0,512,0
1,7618584,0
0,144,0
1,7767816,0
0,512,0
1,7768520,0
0,128,0
1,7780872,0
0,328,0
1,7768648,0
0,512,0
1,7769352,0
0,256,0
1,7774104,0
0,512,0
1,7774808,0
0,128,0
0,512,0
1,7775096,0
0,144,0
1,7775280,0
0,512,0
1,7996448,0
0,256,0
1,8152672,0
0,328,0
1,8001200,0
0,512,0
1,8001904,0
0,128,0
0,512,0
1,8002736,0
0,144,0
1,8151968,0
0,512,0
1,8153000,0
0,128,0
0,512,0
1,8153832,0
0,256,0
1,8397368,0
0,328,0
1,8158584,0
0,512,0
1,8159288,0
0,128,0
0,512,0
1,8159576,0
0,144,0
1,8159760,0
0,512,0
1,8397696,0
0,256,0
1,8402448,0
0,512,0
1,8403152,0
0,128,0
1,8554752,0
0,328,0
1,8403280,0
0,512,0
1,8403984,0
0,144,0
1,8553216,0
0,512,0
1,8553920,0
0,128,0
0,512,0
1,8555080,0
0,256,0
1,8559832,0
0,512,0
1,8560536,0
0,128,0
1,8820840,0
0,328,0
1,8560664,0
0,512,0
1,8560824,0
0,144,0
1,8561008,0
0,512,0
1,8815384,0
0,256,0
1,8820136,0
0,512,0
1,8821168,0
0,128,0
0,512,0
1,8822000,0
0,144,0
1,8978224,0
0,328,0
1,8971232,0
0,512,0
1,8971936,0
0,128,0
0,512,0
1,8972768,0
0,256,0
1,8977520,0
0,512,0
1,8978552,0
0,128,0
1,9256472,0
0,328,0
1,8978680,0
0,512,0
1,8985560,0
0,144,0
1,9249480,0
0,512,0
1,9250184,0
0,256,0
1,9254936,0
0,512,0
1,9255640,0
0,128,0
0,512,0
1,9256800,0
0,144,0
1,9406032,0
0,512,0
1,9406736,0
0,128,0
0,512,0
1,9407568,0
0,256,0
1,9412448,0
0,512,0
1,9413152,0
0,128,0
1,9706992,0
0,328,0
1,9413280,0
0,512,0
1,9413440,0
0,144,0
1,9413624,0
0,512,0
1,9701536,0
0,256,0
1,9706288,0
0,512,0
1,9707320,0
0,128,0
0,512,0
1,9708152,0
0,144,0
1,9857384,0
0,512,0
1,9858088,0
0,128,0
1,9864632,0
0,328,0
1,9858216,0
0,512,0
1,9858920,0
0,256,0
1,9863928,0
0,512,0
1,9864960,0
0,128,0
0,512,0
1,9872736,0
0,144,0
1,10169424,0
0,512,0
1,10170128,0
0,256,0
1,10176416,0
0,328,0
1,10174880,0
0,512,0
1,10175584,0
0,128,0
0,512,0
1,10176744,0
0,144,0
1,10325976,0
0,512,0
1,10326680,0
0,128,0
0,512,0
1,10327512,0
0,256,0
1,10341720,0
0,328,0
1,10332648,0
0,512,0
1,10333352,0
0,128,0
0,512,0
1,10333640,0
0,144,0
1,10333824,0
0,512,0
1,10655600,0
0,256,0
1,10660352,0
0,512,0
1,10661056,0
0,128,0
1,10811824,0
0,328,0
1,10661184,0
0,512,0
1,10661888,0
0,144,0
1,10811120,0
0,512,0
1,10812152,0
0,128,0
0,512,0
1,10812984,0
0,256,0
1,10818248,0
0,512,0
1,10818952,0
0,128,0
1,11157640,0
0,328,0
1,10819080,0
0,512,0
1,10819240,0
0,144,0
1,10819424,0
0,512,0
1,11157968,0
0,256,0
1,11162720,0
0,512,0
1,11163424,0
0,128,0
0,512,0
1,11164256,0
0,144,0
1,11313488,0
0,512,0
1,11314192,0
0,128,0
1,11321120,0
0,328,0
1,11314320,0
0,512,0
1,11315024,0
0,256,0
1,11320416,0
0,512,0
1,11321448,0
0,128,0
0,512,0
1,11330376,0
0,144,0
1,11676216,0
0,512,0
1,11676920,0
0,256,0
1,11683208,0
0,328,0
1,11681672,0
0,512,0
1,11682376,0
0,128,0
0,512,0
1,11683536,0
0,144,0
1,11832768,0
0,512,0
1,11833472,0
0,128,0
0,512,0
1,11834304,0
0,256,0
1,4586784,0
0,328,0
1,11839824,0
0,512,0
1,11840528,0
0,128,0
0,512,0
1,11840816,0
0,144,0
1,11841000,0
0,512,0
1,4589368,0
0,256,0
1,4592072,0
0,512,0
1,4592232,0
0,128,0
1,12374952,0
0,328,0
1,4592360,0
0,512,0
1,12225016,0
0,144,0
1,12374248,0
0,512,0
1,12375280,0
0,128,0
0,512,0
1,12376112,0
0,256,0
1,12381760,0
0,512,0
1,12382464,0
0,128,0
1,12771456,0
0,328,0
1,12382592,0
0,512,0
1,12382752,0
0,144,0
1,12382936,0
0,512,0
1,12771784,0
0,256,0
1,12776536,0
0,512,0
1,12777240,0
0,128,0
0,512,0
1,12778072,0
0,144,0
1,12927304,0
0,512,0
1,12928008,0
0,128,0
1,12935320,0
0,328,0
1,12928136,0
0,512,0
1,12928840,0
0,256,0
1,12934616,0
0,512,0
1,12935648,0
0,128,0
0,512,0
1,12945728,0
0,144,0
1,13340720,0
0,512,0
1,13341424,0
0,256,0
1,13347712,0
0,328,0
1,13346176,0
0,512,0
1,13346880,0
0,128,0
0,512,0
1,13348040,0
0,144,0
1,13497272,0
0,512,0
1,13497976,0
0,128,0
0,512,0
1,13498808,0
0,256,0
1,13516088,0
0,328,0
1,13504712,0
0,512,0
1,13505416,0
0,128,0
0,512,0
1,13505704,0
0,144,0
1,13505888,0
0,512,0
1,13928816,0
0,256,0
1,13933568,0
0,512,0
1,13934272,0
0,128,0
1,14085040,0
0,328,0
1,13934400,0
0,512,0
1,13935104,0
0,144,0
1,14084336,0
0,512,0
1,14085368,0
0,128,0
0,512,0
1,14086200,0
0,256,0
1,14092232,0
0,512,0
1,14092936,0
0,128,0
0,512,0
1,14093224,0
0,144,0
1,14093408,0
0,512,0
1,14532560,0
0,256,0
1,14537312,0
0,512,0
1,14538016,0
0,128,0
0,512,0
1,14538848,0
0,144,0
1,14688080,0
0,512,0
1,14688784,0
0,128,0
1,6410664,0
0,328,0
1,14688912,0
0,512,0
1,14689616,0
0,256,0
1,14695776,0
0,512,0
1,14696480,0
0,128,0
0,512,0
1,14696768,0
0,144,0
1,14696952,0
0,512,0
1,15152544,0
0,256,0
1,15157296,0
0,512,0
1,15158328,0
0,128,0
1,15158000,0
0,328,0
1,15158456,0
0,512,0
1,15159160,0
0,144,0
1,15308392,0
0,512,0
1,15309096,0
0,128,0
0,512,0
1,15309928,0
0,256,0
1,15316216,0
0,512,0
1,15316920,0
0,128,0
0,512,0
1,15317208,0
0,144,0
1,15317392,0
0,512,0
1,15790624,0
0,256,0
1,15328744,0
0,328,0
1,15795376,0
0,512,0
1,15796080,0
0,128,0
0,512,0
1,15796912,0
0,144,0
1,15946144,0
0,512,0
1,15946848,0
0,128,0
0,512,0
1,15947680,0
0,256,0
1,15954096,0
0,512,0
1,15955128,0
0,128,0
1,15954800,0
0,328,0
1,15955256,0
0,512,0
1,15967128,0
0,144,0
1,16444040,0
0,512,0
1,16444744,0
0,256,0
1,16449496,0
0,512,0
1,16450200,0
0,128,0
0,512,0
1,16451032,0
0,144,0
1,16600264,0
0,512,0
1,16601296,0
0,128,0
1,16600968,0
0,328,0
1,16601424,0
0,512,0
1,16602128,0
0,256,0
1,16608672,0
0,512,0
1,16609376,0
0,128,0
0,512,0
1,16609664,0
0,144,0
1,16609848,0
0,512,0
1,17115744,0
0,256,0
1,17120496,0
0,512,0
1,17121528,0
0,128,0
1,17121200,0
0,328,0
1,17121656,0
0,512,0
1,17122360,0
0,144,0
1,17271592,0
0,512,0
1,17272296,0
0,128,0
0,512,0
1,17273128,0
0,256,0
1,17279800,0
0,512,0
1,17280504,0
0,128,0
0,512,0
1,17280792,0
0,144,0
1,17280976,0
0,512,0
1,17803968,0
0,256,0
1,17808720,0
0,512,0
1,17809424,0
0,128,0
0,512,0
1,17810256,0
0,144,0
1,17959488,0
0,512,0
1,17960192,0
0,128,0
0,512,0
1,17961024,0
0,216,0
1,17967784,0
0,512,0
1,17968488,0
0,128,0
0,512,0
1,17968776,0
0,136,0
1,17968952,0
0,512,0
1,20081584,0
0,128,0
1,28912320,0
0,328,0
1,20081712,0
0,512,0
1,20082416,0
0,256,0
1,20087168,0
0,512,0
1,20087872,0
0,128,0
0,512,0
1,20088160,0
0,144,0
1,20088344,0
0,512,0
1,20359816,0
0,256,0
1,20516040,0
0,328,0
1,20364568,0
0,512,0
1,20365272,0
0,128,0
0,512,0
1,20366104,0
0,144,0
1,20515336,0
0,512,0
1,20516368,0
0,128,0
0,512,0
1,20517200,0
0,256,0
1,20811168,0
0,328,0
1,20522080,0
0,512,0
1,20522784,0
0,128,0
0,512,0
1,20523072,0
0,144,0
1,20523256,0
0,512,0
1,20811496,0
0,256,0
1,20816248,0
0,512,0
1,20816952,0
0,128,0
1,20968552,0
0,328,0
1,20817080,0
0,512,0
1,20817784,0
0,144,0
1,20967016,0
0,512,0
1,20967720,0
0,128,0
0,512,0
1,20968880,0
0,256,0
1,20973888,0
0,512,0
1,20974592,0
0,128,0
1,21285200,0
0,328,0
1,20974720,0
0,512,0
1,20974880,0
0,144,0
1,20975064,0
0,512,0
1,21279744,0
0,256,0
1,21284496,0
0,512,0
1,21285528,0
0,128,0
0,512,0
1,21286360,0
0,144,0
1,21442968,0
0,328,0
1,21435592,0
0,512,0
1,21436296,0
0,128,0
0,512,0
1,21437128,0
0,256,0
1,21442264,0
0,512,0
1,21443296,0
0,128,0
1,21771520,0
0,328,0
1,21443424,0
0,512,0
1,21451456,0
0,144,0
1,21764528,0
0,512,0
1,21765232,0
0,256,0
1,21769984,0
0,512,0
1,21770688,0
0,128,0
0,512,0
1,21771848,0
0,144,0
1,21921080,0
0,512,0
1,21921784,0
0,128,0
1,21937336,0
0,328,0
1,21921912,0
0,512,0
1,21922616,0
0,256,0
1,21927880,0
0,512,0
1,21928584,0
0,128,0
0,512,0
1,21928872,0
0,144,0
1,21929056,0
0,512,0
1,22267600,0
0,256,0
1,22423824,0
0,328,0
1,22272352,0
0,512,0
1,22273056,0
0,128,0
0,512,0
1,22273888,0
0,144,0
1,22423120,0
0,512,0
1,22424152,0
0,128,0
0,512,0
1,22424984,0
0,256,0
1,22786536,0
0,328,0
1,22430376,0
0,512,0
1,22431080,0
0,128,0
0,512,0
1,22431368,0
0,144,0
1,22431552,0
0,512,0
1,22786864,0
0,256,0
1,22791616,0
0,512,0
1,22792320,0
0,128,0
1,22943920,0
0,328,0
1,22792448,0
0,512,0
1,22793152,0
0,144,0
1,22942384,0
0,512,0
1,22943088,0
0,128,0
0,512,0
1,22944248,0
0,256,0
1,22949768,0
0,512,0
1,22950472,0
0,128,0
1,23328152,0
0,328,0
1,22950600,0
0,512,0
1,22950760,0
0,144,0
1,22950944,0
0,512,0
1,23322696,0
0,256,0
1,23327448,0
0,512,0
1,23328480,0
0,128,0
0,512,0
1,23329312,0
0,144,0
1,23486432,0
0,328,0
1,23478544,0
0,512,0
1,23479248,0
0,128,0
0,512,0
1,23480080,0
0,256,0
1,23485728,0
0,512,0
1,23486760,0
0,128,0
1,23882056,0
0,328,0
1,23486888,0
0,512,0
1,23496456,0
0,144,0
1,23875064,0
0,512,0
1,23875768,0
0,256,0
1,23880520,0
0,512,0
1,23881224,0
0,128,0
0,512,0
1,23882384,0
0,144,0
1,24031616,0
0,512,0
1,24032320,0
0,128,0
1,24049920,0
0,328,0
1,24032448,0
0,512,0
1,24033152,0
0,256,0
1,24038928,0
0,512,0
1,24039632,0
0,128,0
0,512,0
1,24039920,0
0,144,0
1,24040104,0
0,512,0
1,24445720,0
0,256,0
1,24450472,0
0,512,0
1,24451176,0
0,128,0
0,512,0
1,24452008,0
0,144,0
1,24601240,0
0,512,0
1,24602272,0
0,128,0
1,20095088,0
0,328,0
1,24602400,0
0,512,0
1,24603104,0
0,256,0
1,24609008,0
0,512,0
1,24609712,0
0,128,0
0,512,0
1,24610000,0
0,144,0
1,24610184,0
0,512,0
1,25032240,0
0,256,0
1,25036992,0
0,512,0
1,25038024,0
0,128,0
1,25037696,0
0,328,0
1,25038152,0
0,512,0
1,25038856,0
0,144,0
1,25188088,0
0,512,0
1,25188792,0
0,128,0
0,512,0
1,25189624,0
0,256,0
1,25195656,0
0,512,0
1,25196360,0
0,128,0
0,512,0
1,25196648,0
0,144,0
1,25196832,0
0,512,0
1,25635984,0
0,256,0
1,25207416,0
0,328,0
1,25640736,0
0,512,0
1,25641440,0
0,128,0
0,512,0
1,25642272,0
0,144,0
1,25791504,0
0,512,0
1,25792208,0
0,128,0
0,512,0
1,25793040,0
0,256,0
1,25799200,0
0,512,0
1,25800232,0
0,128,0
1,25799904,0
0,328,0
1,25800360,0
0,512,0
1,25811464,0
0,144,0
1,26255608,0
0,512,0
1,26256312,0
0,256,0
1,26261064,0
0,512,0
1,26261768,0
0,128,0
0,512,0
1,26262600,0
0,144,0
1,26411832,0
0,512,0
1,26412864,0
0,128,0
1,26412536,0
0,328,0
1,26412992,0
0,512,0
1,26413696,0
0,256,0
1,26419984,0
0,512,0
1,26420688,0
0,128,0
0,512,0
1,26420976,0
0,144,0
1,26421160,0
0,512,0
1,26893520,0
0,256,0
1,26898272,0
0,512,0
1,26899304,0
0,128,0
1,26898976,0
0,328,0
1,26899432,0
0,512,0
1,26900136,0
0,144,0
1,27049368,0
0,512,0
1,27050072,0
0,128,0
0,512,0
1,27050904,0
0,256,0
1,27057320,0
0,512,0
1,27058024,0
0,128,0
0,512,0
1,27058312,0
0,144,0
1,27058496,0
0,512,0
1,27547952,0
0,256,0
1,27070232,0
0,328,0
1,27552704,0
0,512,0
1,27553408,0
0,128,0
0,512,0
1,27554240,0
0,144,0
1,27703472,0
0,512,0
1,27704176,0
0,128,0
0,512,0
1,27705008,0
0,256,0
1,27711552,0
0,512,0
1,27712584,0
0,128,0
1,27712256,0
0,328,0
1,27712712,0
0,512,0
1,27724968,0
0,144,0
1,28218264,0
0,512,0
1,28218968,0
0,256,0
1,28223720,0
0,512,0
1,28224424,0
0,128,0
0,512,0
1,28225256,0
0,144,0
1,28374488,0
0,512,0
1,28375520,0
0,128,0
1,28375192,0
0,328,0
1,28375648,0
0,512,0
1,28376352,0
0,256,0
1,28383024,0
0,512,0
1,28383728,0
0,128,0
0,512,0
1,28384016,0
0,144,0
1,28384200,0
0,512,0
1,28906864,0
0,256,0
1,28911616,0
0,512,0
1,28912648,0
0,128,0
0,512,0
1,28913480,0
0,144,0
1,29062712,0
0,512,0
1,29063416,0
0,128,0
0,512,0
1,29064248,0
0,192,0
1,29070984,0
0,512,0
1,29071688,0
0,128,0
0,512,0
1,29071976,0
0,144,0
1,17032,0
0,512,0
1,16488,0
0,544,0
1,18592,0
0,328,0
1,17888,0
0,512,0
1,18472,0
0,512,0
1,17928,0
0,544,0
1,19624,0
0,328,0
1,18920,0
0,512,0
1,19504,0
0,512,0
1,18960,0
0,544,0
1,19952,0
0,328,0
1,17616,0
0,512,0
1,20280,0
0,37632,0
1,58496,0
0,512,0
1,57952,0
0,544,0
1,59808,0
0,328,0
1,59104,0
0,512,0
1,59688,0
0,512,0
1,59144,0
0,544,0
1,60840,0
0,328,0
1,60136,0
0,512,0
1,60720,0
0,512,0
1,60176,0
0,544,0
1,61168,0
0,328,0
1,58832,0
0,512,0
1,61496,0
0,256,0
1,63544,0
0,512,0
1,61752,0
0,256,0
1,63816,0
0,512,0
1,62008,0
0,256,0
1,64088,0
0,512,0
1,62264,0
0,256,0
1,67576,0
0,512,0
1,67032,0
0,544,0
1,68888,0
0,328,0
1,752,0
0,512,0
1,68768,0
0,512,0
1,68224,0
0,544,0
1,69216,0
0,328,0
1,67952,0
0,512,0
1,62520,0
0,256,0
1,69544,0
0,512,0
1,62776,0
0,256,0
1,69816,0
0,512,0
1,63032,0
0,256,0
1,70088,0
0,512,0
1,63288,0
0,256,0
1,71776,0
0,512,0
1,71232,0
0,544,0
1,73016,0
0,328,0
1,72312,0
0,512,0
1,72896,0
0,512,0
1,72352,0
0,544,0
1,73344,0
0,328,0
1,72040,0
0,512,0
1,73672,0
0,32768,0
1,107024,0
0,512,0
1,106480,0
0,544,0
1,108704,0
0,328,0
1,108000,0
0,512,0
1,108584,0
0,512,0
1,108040,0
0,544,0
1,109032,0
0,328,0
1,107728,0
0,512,0
1,109360,0
0,512,0
1,111408,0
0,512,0
1,109872,0
0,512,0
1,111680,0
0,512,0
1,110384,0
0,512,0
1,111952,0
0,512,0
1,110896,0
0,512,0
1,113824,0
0,512,0
1,113280,0
0,544,0
1,115064,0
0,328,0
1,114360,0
0,512,0
1,114944,0
0,512,0
1,114400,0
0,544,0
1,115392,0
0,328,0
1,114088,0
0,512,0
1,115720,0
0,147456,0
1,264592,0
0,512,0
1,264048,0
0,544,0
1,265944,0
0,328,0
1,265240,0
0,512,0
1,265824,0
0,512,0
1,265280,0
0,544,0
1,266272,0
0,328,0
1,264968,0
0,512,0
1,266600,0
0,384,0
1,268648,0
0,512,0
1,266984,0
0,384,0
1,268920,0
0,512,0
1,267368,0
0,384,0
1,269192,0
0,512,0
1,267752,0
0,384,0
1,271208,0
0,512,0
1,270664,0
0,544,0
1,272448,0
0,328,0
1,271744,0
0,512,0
1,272328,0
0,512,0
1,271784,0
0,544,0
1,272776,0
0,328,0
1,271472,0
0,512,0
1,273104,0
0,49152,0
1,322840,0
0,512,0
1,322296,0
0,544,0
1,324600,0
0,328,0
1,113184,0
0,512,0
1,324480,0
0,512,0
1,323936,0
0,544,0
1,324928,0
0,328,0
1,323664,0
0,512,0
1,268136,0
0,512,0
1,325256,0
0,512,0
1,325528,0
0,512,0
1,327576,0
0,512,0
1,326040,0
0,512,0
1,327848,0
0,512,0
1,326552,0
0,512,0
1,329496,0
0,512,0
1,328952,0
0,544,0
1,330736,0
0,328,0
1,330032,0
0,512,0
1,330616,0
0,512,0
1,330072,0
0,544,0
1,331064,0
0,328,0
1,329760,0
0,512,0
1,331392,0
0,147456,0
1,480592,0
0,512,0
1,480048,0
0,544,0
1,481944,0
0,328,0
1,481240,0
0,512,0
1,481824,0
0,512,0
1,481280,0
0,544,0
1,482272,0
0,328,0
1,480968,0
0,512,0
1,327064,0
0,512,0
1,482600,0
0,512,0
1,482872,0
0,512,0
1,484920,0
0,512,0
1,483384,0
0,512,0
1,485192,0
0,512,0
1,483896,0
0,512,0
1,486880,0
0,512,0
1,486336,0
0,544,0
1,488120,0
0,328,0
1,487416,0
0,512,0
1,488000,0
0,512,0
1,487456,0
0,544,0
1,488448,0
0,328,0
1,487144,0
0,512,0
1,488776,0
0,65536,0
1,554896,0
0,512,0
1,554352,0
0,544,0
1,556248,0
0,328,0
1,555544,0
0,512,0
1,556128,0
0,512,0
1,555584,0
0,544,0
1,556576,0
0,328,0
1,555272,0
0,512,0
1,484408,0
0,512,0
1,556904,0
0,512,0
1,557176,0
0,512,0
1,559224,0
0,512,0
1,557688,0
0,512,0
1,559496,0
0,512,0
1,558200,0
0,512,0
1,561512,0
0,512,0
1,560968,0
0,544,0
1,562752,0
0,328,0
1,562048,0
0,512,0
1,562632,0
0,512,0
1,562088,0
0,544,0
1,563080,0
0,328,0
1,561776,0
0,512,0
1,563408,0
0,147456,0
1,712280,0
0,512,0
1,711736,0
0,544,0
1,713632,0
0,328,0
1,712928,0
0,512,0
1,713512,0
0,512,0
1,712968,0
0,544,0
1,713960,0
0,328,0
1,712656,0
0,512,0
1,714288,0
0,640,0
1,716336,0
0,512,0
1,714928,0
0,640,0
1,716608,0
0,512,0
1,715568,0
0,640,0
1,716880,0
0,512,0
1,718384,0
0,640,0
1,718024,0
0,512,0
1,720432,0
0,544,0
1,722240,0
0,328,0
1,718288,0
0,512,0
1,722120,0
0,512,0
1,721576,0
0,544,0
1,722568,0
0,328,0
1,721304,0
0,512,0
1,722896,0
0,81920,0
1,805360,0
0,512,0
1,804816,0
0,544,0
1,806712,0
0,328,0
1,806008,0
0,512,0
1,806592,0
0,512,0
1,806048,0
0,544,0
1,807040,0
0,328,0
1,805736,0
0,512,0
1,558712,0
0,512,0
1,807368,0
0,512,0
1,719024,0
0,512,0
1,807640,0
0,512,0
1,719536,0
0,512,0
1,807912,0
0,512,0
1,808184,0
0,512,0
1,811648,0
0,512,0
1,811104,0
0,544,0
1,813720,0
0,328,0
1,323376,0
0,512,0
1,323416,0
0,512,0
1,813176,0
0,544,0
1,814048,0
0,328,0
1,323104,0
0,512,0
1,814376,0
0,147456,0
1,963168,0
0,512,0
1,962624,0
0,544,0
1,964480,0
0,328,0
1,323616,0
0,512,0
1,964360,0
0,512,0
1,963816,0
0,544,0
1,964808,0
0,328,0
1,963544,0
0,512,0
1,808696,0
0,768,0
1,965136,0
0,512,0
1,809464,0
0,768,0
1,965408,0
0,512,0
1,965680,0
0,768,0
1,967728,0
0,512,0
1,966448,0
0,768,0
1,969744,0
0,512,0
1,969200,0
0,544,0
1,970984,0
0,328,0
1,970280,0
0,512,0
1,970864,0
0,512,0
1,970320,0
0,544,0
1,971312,0
0,328,0
1,970008,0
0,512,0
1,971640,0
0,98304,0
1,1070528,0
0,512,0
1,1069984,0
0,544,0
1,1071880,0
0,328,0
1,1071176,0
0,512,0
1,1071760,0
0,512,0
1,1071216,0
0,544,0
1,1072208,0
0,328,0
1,1070904,0
0,512,0
1,967216,0
0,512,0
1,1072536,0
0,512,0
1,1072808,0
0,512,0
1,1074856,0
0,512,0
1,1073320,0
0,512,0
1,1075128,0
0,512,0
1,1073832,0
0,512,0
1,1076816,0
0,512,0
1,1076272,0
0,544,0
1,1078056,0
0,328,0
1,1077352,0
0,512,0
1,1077936,0
0,512,0
1,1077392,0
0,544,0
1,1078384,0
0,328,0
1,1077080,0
0,512,0
1,1078712,0
0,147456,0
1,1227912,0
0,512,0
1,1227368,0
0,544,0
1,1229264,0
0,328,0
1,1228560,0
0,512,0
1,1229144,0
0,512,0
1,1228600,0
0,544,0
1,1229592,0
0,328,0
1,1228288,0
0,512,0
1,1229920,0
0,896,0
1,1231968,0
0,512,0
1,1230816,0
0,896,0
1,1232240,0
0,512,0
1,1234016,0
0,896,0
1,1232512,0
0,512,0
1,1234912,0
0,896,0
1,1233656,0
0,512,0
1,1236064,0
0,544,0
1,1237544,0
0,328,0
1,1233920,0
0,512,0
1,1237424,0
0,512,0
1,1236880,0
0,544,0
1,1237872,0
0,328,0
1,1236608,0
0,512,0
1,1238200,0
0,114688,0
1,1353432,0
0,512,0
1,1352888,0
0,544,0
1,1354784,0
0,328,0
1,1354080,0
0,512,0
1,1354664,0
0,512,0
1,1354120,0
0,544,0
1,1355112,0
0,328,0
1,1353808,0
0,512,0
1,1074344,0
0,512,0
1,1355440,0
0,512,0
1,1355712,0
0,512,0
1,1357760,0
0,512,0
1,1356224,0
0,512,0
1,1358032,0
0,512,0
1,1356736,0
0,512,0
1,1360048,0
0,512,0
1,1359504,0
0,544,0
1,1361288,0
0,328,0
1,1360584,0
0,512,0
1,1361168,0
0,512,0
1,1360624,0
0,544,0
1,1361616,0
0,328,0
1,1360312,0
0,512,0
1,1361944,0
0,147456,0
1,1510816,0
0,512,0
1,1510272,0
0,544,0
1,1512128,0
0,328,0
1,1511424,0
0,512,0
1,1512008,0
0,512,0
1,1511464,0
0,544,0
1,1512456,0
0,328,0
1,1511152,0
0,512,0
1,1512784,0
0,1024,0
1,1514832,0
0,512,0
1,1513808,0
0,1024,0
1,1515104,0
0,512,0
1,1516880,0
0,1024,0
1,1515376,0
0,512,0
1,1517904,0
0,1024,0
1,1516520,0
0,512,0
1,1518928,0
0,544,0
1,1520736,0
0,328,0
1,1516776,0
0,512,0
1,1520616,0
0,512,0
1,1520072,0
0,544,0
1,1521064,0
0,328,0
1,1519800,0
0,512,0
1,1521392,0
0,131072,0
1,1653840,0
0,512,0
1,1653296,0
0,544,0
1,1655192,0
0,328,0
1,1654488,0
0,512,0
1,1655072,0
0,512,0
1,1654528,0
0,544,0
1,1655520,0
0,328,0
1,1654216,0
0,512,0
1,1357248,0
0,512,0
1,1655848,0
0,512,0
1,1656120,0
0,512,0
1,1658168,0
0,512,0
1,1656632,0
0,512,0
1,1658440,0
0,512,0
1,1657144,0
0,512,0
1,1660128,0
0,512,0
1,1659584,0
0,544,0
1,1661368,0
0,328,0
1,1660664,0
0,512,0
1,1661248,0
0,512,0
1,1660704,0
0,544,0
1,1661696,0
0,328,0
1,1660392,0
0,512,0
1,1662024,0
0,65536,0
1,1728144,0
0,512,0
1,1727600,0
0,544,0
1,1729496,0
0,328,0
1,1728792,0
0,512,0
1,1729376,0
0,512,0
1,1728832,0
0,544,0
1,1729824,0
0,328,0
1,1728520,0
0,512,0
1,1657656,0
0,512,0
1,1730152,0
0,512,0
1,1730424,0
0,512,0
1,1732472,0
0,512,0
1,1730936,0
0,512,0
1,1732744,0
0,512,0
1,1731448,0
0,512,0
1,1734760,0
0,512,0
1,1734216,0
0,544,0
1,1736000,0
0,328,0
1,1735296,0
0,512,0
1,1735880,0
0,512,0
1,1735336,0
0,544,0
1,1736328,0
0,328,0
1,1735024,0
0,512,0
1,1736656,0
0,147456,0
1,1885528,0
0,512,0
1,1884984,0
0,544,0
1,1886880,0
0,328,0
1,1886176,0
0,512,0
1,1886760,0
0,512,0
1,1886216,0
0,544,0
1,1887208,0
0,328,0
1,1885904,0
0,512,0
1,1887536,0
0,640,0
1,1889584,0
0,512,0
1,1888176,0
0,640,0
1,1889856,0
0,512,0
1,1888816,0
0,640,0
1,1890128,0
0,512,0
1,1891632,0
0,640,0
1,1894224,0
0,512,0
1,1893680,0
0,544,0
1,1895464,0
0,328,0
1,1894760,0
0,512,0
1,1895344,0
0,512,0
1,1894800,0
0,544,0
1,1895792,0
0,328,0
1,1894488,0
0,512,0
1,1896120,0
0,81920,0
1,1978624,0
0,512,0
1,1978080,0
0,544,0
1,1981560,0
0,328,0
1,812296,0
0,512,0
1,812880,0
0,512,0
1,812336,0
0,544,0
1,1981888,0
0,328,0
1,812024,0
0,512,0
1,1731960,0
0,512,0
1,1982216,0
0,512,0
1,1892272,0
0,512,0
1,1982488,0
0,512,0
1,1892784,0
0,512,0
1,1982760,0
0,512,0
1,1983032,0
0,512,0
1,1986336,0
0,512,0
1,1985792,0
0,544,0
1,1987904,0
0,328,0
1,1987200,0
0,512,0
1,1987784,0
0,512,0
1,1987240,0
0,544,0
1,1988232,0
0,328,0
1,1986928,0
0,512,0
1,1988560,0
0,147456,0
1,2137432,0
0,512,0
1,2136888,0
0,544,0
1,2138784,0
0,328,0
1,2138080,0
0,512,0
1,2138664,0
0,512,0
1,2138120,0
0,544,0
1,2139112,0
0,328,0
1,2137808,0
0,512,0
1,1983544,0
0,768,0
1,2139440,0
0,512,0
1,1984312,0
0,768,0
1,2139712,0
0,512,0
1,2139984,0
0,768,0
1,2142032,0
0,512,0
1,2140752,0
0,768,0
1,2143720,0
0,512,0
1,2143176,0
0,544,0
1,2145288,0
0,328,0
1,2144584,0
0,512,0
1,2145168,0
0,512,0
1,2144624,0
0,544,0
1,2145616,0
0,328,0
1,2144312,0
0,512,0
1,2145944,0
0,98304,0
1,2244832,0
0,512,0
1,2244288,0
0,544,0
1,2246184,0
0,328,0
1,2245480,0
0,512,0
1,2246064,0
0,512,0
1,2245520,0
0,544,0
1,2246512,0
0,328,0
1,2245208,0
0,512,0
1,2141520,0
0,512,0
1,2246840,0
0,512,0
1,2247112,0
0,512,0
1,2249160,0
0,512,0
1,2247624,0
0,512,0
1,2249432,0
0,512,0
1,2248136,0
0,512,0
1,2251120,0
0,512,0
1,2250576,0
0,544,0
1,2252360,0
0,328,0
1,2251656,0
0,512,0
1,2252240,0
0,512,0
1,2251696,0
0,544,0
1,2252688,0
0,328,0
1,2251384,0
0,512,0
1,2253016,0
0,147456,0
1,2402216,0
0,512,0
1,2401672,0
0,544,0
1,2403568,0
0,328,0
1,2402864,0
0,512,0
1,2403448,0
0,512,0
1,2402904,0
0,544,0
1,2403896,0
0,328,0
1,2402592,0
0,512,0
1,2404224,0
0,896,0
1,2406272,0
0,512,0
1,2405120,0
0,896,0
1,2406544,0
0,512,0
1,2408320,0
0,896,0
1,2406816,0
0,512,0
1,2409216,0
0,896,0
1,2407960,0
0,512,0
1,2410368,0
0,544,0
1,2411848,0
0,328,0
1,2408224,0
0,512,0
1,2411728,0
0,512,0
1,2411184,0
0,544,0
1,2412176,0
0,328,0
1,2410912,0
0,512,0
1,2412504,0
0,114688,0
1,2527736,0
0,512,0
1,2527192,0
0,544,0
1,2529416,0
0,328,0
1,2528712,0
0,512,0
1,2529296,0
0,512,0
1,2528752,0
0,544,0
1,2529744,0
0,328,0
1,2528440,0
0,512,0
1,2248648,0
0,512,0
1,2530072,0
0,512,0
1,2530344,0
0,512,0
1,2532392,0
0,512,0
1,2530856,0
0,512,0
1,2532664,0
0,512,0
1,2531368,0
0,512,0
1,2534352,0
0,512,0
1,2533808,0
0,544,0
1,2535592,0
0,328,0
1,2534888,0
0,512,0
1,2535472,0
0,512,0
1,2534928,0
0,544,0
1,2535920,0
0,328,0
1,2534616,0
0,512,0
1,2536248,0
0,147456,0
1,2685120,0
0,512,0
1,2684576,0
0,544,0
1,2686800,0
0,328,0
1,2686096,0
0,512,0
1,2686680,0
0,512,0
1,2686136,0
0,544,0
1,2687128,0
0,328,0
1,2685824,0
0,512,0
1,2687456,0
0,1024,0
1,2689504,0
0,512,0
1,2688480,0
0,1024,0
1,2689776,0
0,512,0
1,2691552,0
0,1024,0
1,2690048,0
0,512,0
1,2692576,0
0,1024,0
1,2691192,0
0,512,0
1,2693600,0
0,544,0
1,2695080,0
0,328,0
1,2691456,0
0,512,0
1,2694960,0
0,512,0
1,2694416,0
0,544,0
1,2695408,0
0,328,0
1,2694144,0
0,512,0
1,2695736,0
0,131072,0
1,2827352,0
0,512,0
1,2826808,0
0,544,0
1,2828704,0
0,328,0
1,2828000,0
0,512,0
1,2828584,0
0,512,0
1,2828040,0
0,544,0
1,2829032,0
0,328,0
1,2827728,0
0,512,0
1,2531880,0
0,512,0
1,2829360,0
0,512,0
1,2829632,0
0,512,0
1,2831680,0
0,512,0
1,2830144,0
0,512,0
1,2831952,0
0,512,0
1,2830656,0
0,512,0
1,2833968,0
0,512,0
1,2833424,0
0,544,0
1,2835208,0
0,328,0
1,2834504,0
0,512,0
1,2835088,0
0,512,0
1,2834544,0
0,544,0
1,2835536,0
0,328,0
1,2834232,0
0,512,0
1,2835864,0
0,147456,0
1,2984736,0
0,512,0
1,2984192,0
0,544,0
1,2986088,0
0,328,0
1,2985384,0
0,512,0
1,2985968,0
0,512,0
1,2985424,0
0,544,0
1,2986416,0
0,328,0
1,2985112,0
0,512,0
1,2986744,0
0,1152,0
1,2988792,0
0,512,0
1,2990840,0
0,1152,0
1,2989064,0
0,512,0
1,2991992,0
0,1152,0
1,2989336,0
0,512,0
1,2993144,0
0,1152,0
1,2994840,0
0,512,0
1,2994296,0
0,544,0
1,2996080,0
0,328,0
1,2995376,0
0,512,0
1,2995960,0
0,512,0
1,2995416,0
0,544,0
1,2996408,0
0,328,0
1,2995104,0
0,512,0
1,2996736,0
0,147456,0
1,3144776,0
0,512,0
1,3144232,0
0,544,0
1,3146128,0
0,328,0
1,3145424,0
0,512,0
1,3146008,0
0,512,0
1,3145464,0
0,544,0
1,3146456,0
0,328,0
1,3145152,0
0,512,0
1,2831168,0
0,512,0
1,3146784,0
0,512,0
1,2987896,0
0,512,0
1,3147056,0
0,512,0
1,3147328,0
0,512,0
1,3149376,0
0,512,0
1,3147840,0
0,512,0
1,3151064,0
0,512,0
1,3150520,0
0,544,0
1,3152632,0
0,328,0
1,3151928,0
0,512,0
1,3152512,0
0,512,0
1,3151968,0
0,544,0
1,3152960,0
0,328,0
1,3151656,0
0,512,0
1,3153288,0
0,147456,0
1,3302160,0
0,512,0
1,3301616,0
0,544,0
1,3303512,0
0,328,0
1,3302808,0
0,512,0
1,3303392,0
0,512,0
1,3302848,0
0,544,0
1,3303840,0
0,328,0
1,3302536,0
0,512,0
1,3304168,0
0,1280,0
1,3306216,0
0,512,0
1,3308264,0
0,1280,0
1,3306488,0
0,512,0
1,3309544,0
0,1280,0
1,3306760,0
0,512,0
1,3310824,0
0,1280,0
1,3307904,0
0,512,0
1,3312104,0
0,544,0
1,3313912,0
0,328,0
1,3308168,0
0,512,0
1,3313792,0
0,512,0
1,3313248,0
0,544,0
1,3314240,0
0,328,0
1,3312976,0
0,512,0
1,3314568,0
0,163840,0
1,3478952,0
0,512,0
1,3478408,0
0,544,0
1,3480304,0
0,328,0
1,3479600,0
0,512,0
1,3480184,0
0,512,0
1,3479640,0
0,544,0
1,3480632,0
0,328,0
1,3479328,0
0,512,0
1,3305448,0
0,512,0
1,3480960,0
0,512,0
1,3148352,0
0,512,0
1,3481232,0
0,512,0
1,3148864,0
0,512,0
1,3481504,0
0,512,0
1,3481776,0
0,512,0
1,3485240,0
0,512,0
1,3484696,0
0,544,0
1,3486480,0
0,328,0
1,3485776,0
0,512,0
1,3486360,0
0,512,0
1,3485816,0
0,544,0
1,3486808,0
0,328,0
1,3485504,0
0,512,0
1,3487136,0
0,147456,0
1,3636336,0
0,512,0
1,3635792,0
0,544,0
1,3637688,0
0,328,0
1,3636984,0
0,512,0
1,3637568,0
0,512,0
1,3637024,0
0,544,0
1,3638016,0
0,328,0
1,3636712,0
0,512,0
1,3482288,0
0,1408,0
1,3638344,0
0,512,0
1,3638616,0
0,1408,0
1,3640664,0
0,512,0
1,3642712,0
0,1408,0
1,3640936,0
0,512,0
1,3644120,0
0,1408,0
0,512,0
1,3642080,0
0,544,0
1,3646728,0
0,328,0
1,3642624,0
0,512,0
1,3646608,0
0,512,0
1,3646064,0
0,544,0
1,3647056,0
0,328,0
1,3645792,0
0,512,0
1,3647576,0
0,180224,0
1,3647384,0
0,512,0
1,3827800,0
0,544,0
1,3829864,0
0,328,0
1,3647504,0
0,512,0
1,3829744,0
0,512,0
1,3829200,0
0,544,0
1,3830192,0
0,328,0
1,3828928,0
0,512,0
1,3640024,0
0,512,0
1,3830520,0
0,512,0
1,3830792,0
0,512,0
1,3832840,0
0,512,0
1,3831304,0
0,512,0
1,3833112,0
0,512,0
1,3831816,0
0,512,0
1,3834800,0
0,512,0
1,3834256,0
0,544,0
1,3836040,0
0,328,0
1,3835336,0
0,512,0
1,3835920,0
0,512,0
1,3835376,0
0,544,0
1,3836368,0
0,328,0
1,3835064,0
0,512,0
1,3836696,0
0,147456,0
1,3985568,0
0,512,0
1,3985024,0
0,544,0
1,3987248,0
0,328,0
1,3986544,0
0,512,0
1,3987128,0
0,512,0
1,3986584,0
0,544,0
1,3987576,0
0,328,0
1,3986272,0
0,512,0
1,3987904,0
0,1536,0
1,3989952,0
0,512,0
1,3992000,0
0,1536,0
1,3990224,0
0,512,0
1,3993536,0
0,1536,0
1,3990496,0
0,512,0
1,3995072,0
0,1536,0
1,3991640,0
0,512,0
1,3996608,0
0,544,0
1,3998088,0
0,328,0
1,3991904,0
0,512,0
1,3997968,0
0,512,0
1,3997424,0
0,544,0
1,3998416,0
0,328,0
1,3997152,0
0,512,0
1,3998744,0
0,196608,0
1,4195896,0
0,512,0
1,4195352,0
0,544,0
1,4197248,0
0,328,0
1,4196544,0
0,512,0
1,4197128,0
0,512,0
1,4196584,0
0,544,0
1,4197576,0
0,328,0
1,4196272,0
0,512,0
1,3832328,0
0,512,0
1,4197904,0
0,512,0
1,3989440,0
0,512,0
1,4198176,0
0,512,0
1,4198448,0
0,512,0
1,4200496,0
0,512,0
1,4198960,0
0,512,0
1,4202512,0
0,512,0
1,4201968,0
0,544,0
1,4203752,0
0,328,0
1,4203048,0
0,512,0
1,4203632,0
0,512,0
1,4203088,0
0,544,0
1,4204080,0
0,328,0
1,4202776,0
0,512,0
1,4204408,0
0,147456,0
1,4353280,0
0,512,0
1,4352736,0
0,544,0
1,4354632,0
0,328,0
1,4353928,0
0,512,0
1,4354512,0
0,512,0
1,4353968,0
0,544,0
1,4354960,0
0,328,0
1,4353656,0
0,512,0
1,4355288,0
0,1664,0
1,4357336,0
0,512,0
1,4359384,0
0,1664,0
1,4357608,0
0,512,0
1,4361048,0
0,1664,0
1,4357880,0
0,512,0
1,4362712,0
0,1664,0
1,4359024,0
0,512,0
1,4364376,0
0,544,0
1,4365856,0
0,328,0
1,4359288,0
0,512,0
1,4365736,0
0,512,0
1,4365192,0
0,544,0
1,4366184,0
0,328,0
1,4364920,0
0,512,0
1,4366512,0
0,212992,0
1,4580048,0
0,512,0
1,4579504,0
0,544,0
1,4581400,0
0,328,0
1,4580696,0
0,512,0
1,4581280,0
0,512,0
1,4580736,0
0,544,0
1,4581728,0
0,328,0
1,4580424,0
0,512,0
1,4199472,0
0,512,0
1,4582056,0
0,512,0
1,4199984,0
0,512,0
1,4582328,0
0,512,0
1,4582600,0
0,512,0
1,4584648,0
0,512,0
1,4583112,0
0,512,0
1,4586664,0
0,512,0
1,4586120,0
0,544,0
1,1979864,0
0,328,0
1,1979160,0
0,512,0
1,1979744,0
0,512,0
1,1979200,0
0,544,0
1,1980192,0
0,328,0
1,1978888,0
0,512,0
1,4592416,0
0,147456,0
1,1981392,0
0,512,0
1,4739872,0
0,544,0
1,4741608,0
0,328,0
1,1981512,0
0,512,0
1,4741488,0
0,512,0
1,4740944,0
0,544,0
1,4741936,0
0,328,0
1,4740672,0
0,512,0
1,4742264,0
0,1792,0
1,4744312,0
0,512,0
1,4746360,0
0,1792,0
1,4744584,0
0,512,0
1,4748152,0
0,1792,0
1,4744856,0
0,512,0
1,4749944,0
0,1792,0
1,4752280,0
0,512,0
1,4751736,0
0,544,0
1,4753520,0
0,328,0
1,4752816,0
0,512,0
1,4753400,0
0,512,0
1,4752856,0
0,544,0
1,4753848,0
0,328,0
1,4752544,0
0,512,0
1,4754176,0
0,229376,0
1,4984136,0
0,512,0
1,4983592,0
0,544,0
1,4985488,0
0,328,0
1,4984784,0
0,512,0
1,4985368,0
0,512,0
1,4984824,0
0,544,0
1,4985816,0
0,328,0
1,4984512,0
0,512,0
1,4583624,0
0,512,0
1,4986144,0
0,512,0
1,4584136,0
0,512,0
1,4986416,0
0,512,0
1,4986688,0
0,512,0
1,4988736,0
0,512,0
1,4987200,0
0,512,0
1,4990424,0
0,512,0
1,4989880,0
0,544,0
1,4991992,0
0,328,0
1,4991288,0
0,512,0
1,4991872,0
0,512,0
1,4991328,0
0,544,0
1,4992320,0
0,328,0
1,4991016,0
0,512,0
1,4992648,0
0,147456,0
1,5141520,0
0,512,0
1,5140976,0
0,544,0
1,5142872,0
0,328,0
1,5142168,0
0,512,0
1,5142752,0
0,512,0
1,5142208,0
0,544,0
1,5143200,0
0,328,0
1,5141896,0
0,512,0
1,5143528,0
0,1920,0
1,5145576,0
0,512,0
1,5147624,0
0,1920,0
1,5145848,0
0,512,0
1,5149544,0
0,1920,0
1,5146120,0
0,512,0
1,5151464,0
0,1920,0
1,5147264,0
0,512,0
1,5153384,0
0,544,0
1,5155192,0
0,328,0
1,5147528,0
0,512,0
1,5155072,0
0,512,0
1,5154528,0
0,544,0
1,5155520,0
0,328,0
1,5154256,0
0,512,0
1,5155848,0
0,245760,0
1,5402152,0
0,512,0
1,5401608,0
0,544,0
1,5403504,0
0,328,0
1,5402800,0
0,512,0
1,5403384,0
0,512,0
1,5402840,0
0,544,0
1,5403832,0
0,328,0
1,5402528,0
0,512,0
1,4987712,0
0,512,0
1,5404160,0
0,512,0
1,4988224,0
0,512,0
1,5404432,0
0,512,0
1,5404704,0
0,512,0
1,5406752,0
0,512,0
1,5405216,0
0,512,0
1,5408440,0
0,512,0
1,5407896,0
0,544,0
1,5409680,0
0,328,0
1,5408976,0
0,512,0
1,5409560,0
0,512,0
1,5409016,0
0,544,0
1,5410008,0
0,328,0
1,5408704,0
0,512,0
1,5410336,0
0,147456,0
1,5559536,0
0,512,0
1,5558992,0
0,544,0
1,5560848,0
0,328,0
1,5560144,0
0,512,0
1,5560728,0
0,512,0
1,5560184,0
0,544,0
1,5561176,0
0,328,0
1,5559872,0
0,512,0
1,5561504,0
0,2048,0
0,512,0
1,5565600,0
0,2048,0
1,5563824,0
0,512,0
1,5567648,0
0,2048,0
1,5564096,0
0,512,0
1,5569696,0
0,2048,0
1,5565240,0
0,512,0
1,5571744,0
0,544,0
1,5573552,0
0,328,0
1,5565496,0
0,512,0
1,5573432,0
0,512,0
1,5572888,0
0,544,0
1,5573880,0
0,328,0
1,5572616,0
0,512,0
1,5574208,0
0,524288,0
1,6099872,0
0,512,0
1,6099328,0
0,544,0
1,6101224,0
0,328,0
1,6100520,0
0,512,0
1,6101104,0
0,512,0
1,6100560,0
0,544,0
1,6101552,0
0,328,0
1,6100248,0
0,512,0
1,5405728,0
0,1024,0
1,6101880,0
0,512,0
1,6102152,0
0,1024,0
1,6104200,0
0,512,0
1,6103176,0
0,1024,0
1,6104472,0
0,512,0
1,6106248,0
0,1024,0
1,6105944,0
0,512,0
1,6108296,0
0,544,0
1,6109776,0
0,328,0
1,6106208,0
0,512,0
1,6109656,0
0,512,0
1,6109112,0
0,544,0
1,6110104,0
0,328,0
1,6108840,0
0,512,0
1,6110432,0
0,131072,0
1,6242088,0
0,512,0
1,6241544,0
0,544,0
1,6243440,0
0,328,0
1,6242736,0
0,512,0
1,6243320,0
0,512,0
1,6242776,0
0,544,0
1,6243768,0
0,328,0
1,6242464,0
0,512,0
1,6107272,0
0,512,0
1,6244096,0
0,512,0
1,6107784,0
0,512,0
1,6244368,0
0,512,0
1,6244640,0
0,512,0
1,6246688,0
0,512,0
1,6245152,0
0,512,0
1,6248376,0
0,512,0
1,6247832,0
0,544,0
1,6251032,0
0,328,0
1,6250328,0
0,512,0
1,6250912,0
0,512,0
1,6250368,0
0,544,0
1,6251360,0
0,328,0
1,6250056,0
0,512,0
1,6251688,0
0,147456,0
1,6400560,0
0,512,0
1,6400016,0
0,544,0
1,6401912,0
0,328,0
1,6401208,0
0,512,0
1,6401792,0
0,512,0
1,6401248,0
0,544,0
1,6402240,0
0,328,0
1,6400936,0
0,512,0
1,6402568,0
0,1152,0
1,6404616,0
0,512,0
1,6406664,0
0,1152,0
1,6404888,0
0,512,0
1,6407816,0
0,1152,0
1,6405160,0
0,512,0
1,6408968,0
0,1152,0
1,6406304,0
0,512,0
1,6410120,0
0,544,0
1,6411928,0
0,328,0
1,6406568,0
0,512,0
1,6411808,0
0,512,0
1,6411264,0
0,544,0
1,6412256,0
0,328,0
1,6410992,0
0,512,0
1,6412584,0
0,147456,0
1,6560584,0
0,512,0
1,6560040,0
0,544,0
1,6561936,0
0,328,0
1,6561232,0
0,512,0
1,6561816,0
0,512,0
1,6561272,0
0,544,0
1,6562264,0
0,328,0
1,6560960,0
0,512,0
1,6403720,0
0,512,0
1,6562592,0
0,512,0
1,6245664,0
0,512,0
1,6562864,0
0,512,0
1,6246176,0
0,512,0
1,6563136,0
0,512,0
1,6563408,0
0,512,0
1,6566872,0
0,512,0
1,6566328,0
0,544,0
1,6568112,0
0,328,0
1,6567408,0
0,512,0
1,6567992,0
0,512,0
1,6567448,0
0,544,0
1,6568440,0
0,328,0
1,6567136,0
0,512,0
1,6568768,0
0,147456,0
1,6717968,0
0,512,0
1,6717424,0
0,544,0
1,6719320,0
0,328,0
1,6718616,0
0,512,0
1,6719200,0
0,512,0
1,6718656,0
0,544,0
1,6719648,0
0,328,0
1,6718344,0
0,512,0
1,6563920,0
0,1280,0
1,6719976,0
0,512,0
1,6720248,0
0,1280,0
1,6722296,0
0,512,0
1,6724344,0
0,1280,0
1,6722568,0
0,512,0
1,6725624,0
0,1280,0
0,512,0
1,6723712,0
0,544,0
1,6728104,0
0,328,0
1,6724256,0
0,512,0
1,6727984,0
0,512,0
1,6727440,0
0,544,0
1,6728432,0
0,328,0
1,6727168,0
0,512,0
1,6728952,0
0,163840,0
1,6728760,0
0,512,0
1,6892792,0
0,544,0
1,6894856,0
0,328,0
1,6728880,0
0,512,0
1,6894736,0
0,512,0
1,6894192,0
0,544,0
1,6895184,0
0,328,0
1,6893920,0
0,512,0
1,6721528,0
0,512,0
1,6895512,0
0,512,0
1,6895784,0
0,512,0
1,6897832,0
0,512,0
1,6896296,0
0,512,0
1,6898104,0
0,512,0
1,6896808,0
0,512,0
1,6899792,0
0,512,0
1,6899248,0
0,544,0
1,6901032,0
0,328,0
1,6900328,0
0,512,0
1,6900912,0
0,512,0
1,6900368,0
0,544,0
1,6901360,0
0,328,0
1,6900056,0
0,512,0
1,6901688,0
0,147456,0
1,7050560,0
0,512,0
1,7050016,0
0,544,0
1,7052240,0
0,328,0
1,7051536,0
0,512,0
1,7052120,0
0,512,0
1,7051576,0
0,544,0
1,7052568,0
0,328,0
1,7051264,0
0,512,0
1,7052896,0
0,1408,0
1,7054944,0
0,512,0
1,7056992,0
0,1408,0
1,7055216,0
0,512,0
1,7058400,0
0,1408,0
1,7055488,0
0,512,0
1,7059808,0
0,1408,0
1,7056632,0
0,512,0
1,7061216,0
0,544,0
1,7062696,0
0,328,0
1,7056896,0
0,512,0
1,7062576,0
0,512,0
1,7062032,0
0,544,0
1,7063024,0
0,328,0
1,7061760,0
0,512,0
1,7063352,0
0,180224,0
1,7244120,0
0,512,0
1,7243576,0
0,544,0
1,7245472,0
0,328,0
1,7244768,0
0,512,0
1,7245352,0
0,512,0
1,7244808,0
0,544,0
1,7245800,0
0,328,0
1,7244496,0
0,512,0
1,6897320,0
0,512,0
1,7246128,0
0,512,0
1,7054304,0
0,512,0
1,7246400,0
0,512,0
1,7246672,0
0,512,0
1,7248720,0
0,512,0
1,7247184,0
0,512,0
1,7250736,0
0,512,0
1,7250192,0
0,544,0
1,7251976,0
0,328,0
1,7251272,0
0,512,0
1,7251856,0
0,512,0
1,7251312,0
0,544,0
1,7252304,0
0,328,0
1,7251000,0
0,512,0
1,7252632,0
0,147456,0
1,7401504,0
0,512,0
1,7400960,0
0,544,0
1,7402856,0
0,328,0
1,7402152,0
0,512,0
1,7402736,0
0,512,0
1,7402192,0
0,544,0
1,7403184,0
0,328,0
1,7401880,0
0,512,0
1,7403512,0
0,1536,0
1,7405560,0
0,512,0
1,7407608,0
0,1536,0
1,7405832,0
0,512,0
1,7409144,0
0,1536,0
1,7406104,0
0,512,0
1,7410680,0
0,1536,0
1,7412760,0
0,512,0
1,7412216,0
0,544,0
1,7414000,0
0,328,0
1,7413296,0
0,512,0
1,7413880,0
0,512,0
1,7413336,0
0,544,0
1,7414328,0
0,328,0
1,7413024,0
0,512,0
1,7414656,0
0,196608,0
1,7611848,0
0,512,0
1,7611304,0
0,544,0
1,7613200,0
0,328,0
1,7612496,0
0,512,0
1,7613080,0
0,512,0
1,7612536,0
0,544,0
1,7613528,0
0,328,0
1,7612224,0
0,512,0
1,7405048,0
0,512,0
1,7613856,0
0,512,0
1,7247696,0
0,512,0
1,7614128,0
0,512,0
1,7248208,0
0,512,0
1,7614400,0
0,512,0
1,7614672,0
0,512,0
1,7618136,0
0,512,0
1,7617592,0
0,544,0
1,7619704,0
0,328,0
1,7619000,0
0,512,0
1,7619584,0
0,512,0
1,7619040,0
0,544,0
1,7620032,0
0,328,0
1,7618728,0
0,512,0
1,7620360,0
0,147456,0
1,7769232,0
0,512,0
1,7768688,0
0,544,0
1,7770584,0
0,328,0
1,7769880,0
0,512,0
1,7770464,0
0,512,0
1,7769920,0
0,544,0
1,7770912,0
0,328,0
1,7769608,0
0,512,0
1,7771240,0
0,1664,0
1,7773288,0
0,512,0
1,7775336,0
0,1664,0
1,7773560,0
0,512,0
1,7777000,0
0,1664,0
1,7773832,0
0,512,0
1,7778664,0
0,1664,0
1,7774976,0
0,512,0
1,7780328,0
0,544,0
1,7782136,0
0,328,0
1,7775240,0
0,512,0
1,7782016,0
0,512,0
1,7781472,0
0,544,0
1,7782464,0
0,328,0
1,7781200,0
0,512,0
1,7782792,0
0,212992,0
1,7996328,0
0,512,0
1,7995784,0
0,544,0
1,7997680,0
0,328,0
1,7996976,0
0,512,0
1,7997560,0
0,512,0
1,7997016,0
0,544,0
1,7998008,0
0,328,0
1,7996704,0
0,512,0
1,7615184,0
0,512,0
1,7998336,0
0,512,0
1,7615696,0
0,512,0
1,7998608,0
0,512,0
1,7616208,0
0,512,0
1,7998880,0
0,512,0
1,7999152,0
0,512,0
1,8002616,0
0,512,0
1,8002072,0
0,544,0
1,8003856,0
0,328,0
1,8003152,0
0,512,0
1,8003736,0
0,512,0
1,8003192,0
0,544,0
1,8004184,0
0,328,0
1,8002880,0
0,512,0
1,8004512,0
0,147456,0
1,8153712,0
0,512,0
1,8153168,0
0,544,0
1,8155064,0
0,328,0
1,8154360,0
0,512,0
1,8154944,0
0,512,0
1,8154400,0
0,544,0
1,8155392,0
0,328,0
1,8154088,0
0,512,0
1,8155720,0
0,1792,0
1,8157768,0
0,512,0
1,8159816,0
0,1792,0
1,8158040,0
0,512,0
1,8161608,0
0,1792,0
1,8158312,0
0,512,0
1,8163400,0
0,1792,0
1,8159456,0
0,512,0
1,8165192,0
0,544,0
1,8166672,0
0,328,0
1,8159720,0
0,512,0
1,8166552,0
0,512,0
1,8166008,0
0,544,0
1,8167000,0
0,328,0
1,8165736,0
0,512,0
1,8167328,0
0,229376,0
1,8397248,0
0,512,0
1,8396704,0
0,544,0
1,8398928,0
0,328,0
1,8398224,0
0,512,0
1,8398808,0
0,512,0
1,8398264,0
0,544,0
1,8399256,0
0,328,0
1,8397952,0
0,512,0
1,7999664,0
0,512,0
1,8399584,0
0,512,0
1,8000176,0
0,512,0
1,8399856,0
0,512,0
1,8000688,0
0,512,0
1,8400128,0
0,512,0
1,8400400,0
0,512,0
1,8403864,0
0,512,0
1,8403320,0
0,544,0
1,8405104,0
0,328,0
1,8404400,0
0,512,0
1,8404984,0
0,512,0
1,8404440,0
0,544,0
1,8405432,0
0,328,0
1,8404128,0
0,512,0
1,8405760,0
0,147456,0
1,8554632,0
0,512,0
1,8554088,0
0,544,0
1,8556312,0
0,328,0
1,8555608,0
0,512,0
1,8556192,0
0,512,0
1,8555648,0
0,544,0
1,8556640,0
0,328,0
1,8555336,0
0,512,0
1,8556968,0
0,1920,0
1,8559016,0
0,512,0
1,8561064,0
0,1920,0
1,8559288,0
0,512,0
1,8562984,0
0,1920,0
1,8559560,0
0,512,0
1,8564904,0
0,1920,0
1,8560704,0
0,512,0
1,8566824,0
0,544,0
1,8568304,0
0,328,0
1,8560968,0
0,512,0
1,8568184,0
0,512,0
1,8567640,0
0,544,0
1,8568632,0
0,328,0
1,8567368,0
0,512,0
1,8568960,0
0,245760,0
1,8815264,0
0,512,0
1,8814720,0
0,544,0
1,8816616,0
0,328,0
1,8815912,0
0,512,0
1,8816496,0
0,512,0
1,8815952,0
0,544,0
1,8816944,0
0,328,0
1,8815640,0
0,512,0
1,8400912,0
0,512,0
1,8817272,0
0,512,0
1,8401424,0
0,512,0
1,8817544,0
0,512,0
1,8401936,0
0,512,0
1,8817816,0
0,512,0
1,8818088,0
0,512,0
1,8821880,0
0,512,0
1,8821336,0
0,544,0
1,8823120,0
0,328,0
1,8822416,0
0,512,0
1,8823000,0
0,512,0
1,8822456,0
0,544,0
1,8823448,0
0,328,0
1,8822144,0
0,512,0
1,8823776,0
0,147456,0
1,8972648,0
0,512,0
1,8972104,0
0,544,0
1,8974000,0
0,328,0
1,8973296,0
0,512,0
1,8973880,0
0,512,0
1,8973336,0
0,544,0
1,8974328,0
0,328,0
1,8973024,0
0,512,0
1,8974656,0
0,2048,0
0,512,0
1,8978752,0
0,2048,0
1,8976976,0
0,512,0
1,8980800,0
0,2048,0
1,8977248,0
0,512,0
1,8982848,0
0,2048,0
1,8985440,0
0,512,0
1,8984896,0
0,544,0
1,8986680,0
0,328,0
1,8985976,0
0,512,0
1,8986560,0
0,512,0
1,8986016,0
0,544,0
1,8987008,0
0,328,0
1,8985704,0
0,512,0
1,8987336,0
0,262144,0
1,9250064,0
0,512,0
1,9249520,0
0,544,0
1,9251416,0
0,328,0
1,9250712,0
0,512,0
1,9251296,0
0,512,0
1,9250752,0
0,544,0
1,9251744,0
0,328,0
1,9250440,0
0,512,0
1,8818600,0
0,512,0
1,9252072,0
0,512,0
1,8819112,0
0,512,0
1,9252344,0
0,512,0
1,8819624,0
0,512,0
1,9252616,0
0,512,0
1,9252888,0
0,512,0
1,9256352,0
0,512,0
1,9255808,0
0,544,0
1,9257920,0
0,328,0
1,9257216,0
0,512,0
1,9257800,0
0,512,0
1,9257256,0
0,544,0
1,9258248,0
0,328,0
1,9256944,0
0,512,0
1,9258576,0
0,147456,0
1,9407448,0
0,512,0
1,9406904,0
0,544,0
1,9408800,0
0,328,0
1,9408096,0
0,512,0
1,9408680,0
0,512,0
1,9408136,0
0,544,0
1,9409128,0
0,328,0
1,9407824,0
0,512,0
1,9409456,0
0,2176,0
0,512,0
1,9413680,0
0,2176,0
1,9411904,0
0,512,0
1,9415856,0
0,2176,0
1,9412176,0
0,512,0
1,9418032,0
0,2176,0
1,9413320,0
0,512,0
1,9420208,0
0,544,0
1,9421688,0
0,328,0
1,9413584,0
0,512,0
1,9421568,0
0,512,0
1,9421024,0
0,544,0
1,9422016,0
0,328,0
1,9420752,0
0,512,0
1,9422344,0
0,278528,0
1,9701416,0
0,512,0
1,9700872,0
0,544,0
1,9702768,0
0,328,0
1,9702064,0
0,512,0
1,9702648,0
0,512,0
1,9702104,0
0,544,0
1,9703096,0
0,328,0
1,9701792,0
0,512,0
1,9253400,0
0,512,0
1,9703424,0
0,512,0
1,9253912,0
0,512,0
1,9703696,0
0,512,0
1,9254424,0
0,512,0
1,9703968,0
0,512,0
1,9704240,0
0,512,0
1,9708032,0
0,512,0
1,9707488,0
0,544,0
1,9709272,0
0,328,0
1,9708568,0
0,512,0
1,9709152,0
0,512,0
1,9708608,0
0,544,0
1,9709600,0
0,328,0
1,9708296,0
0,512,0
1,9709928,0
0,147456,0
1,9858800,0
0,512,0
1,9858256,0
0,544,0
1,9860152,0
0,328,0
1,9859448,0
0,512,0
1,9860032,0
0,512,0
1,9859488,0
0,544,0
1,9860480,0
0,328,0
1,9859176,0
0,512,0
1,9860808,0
0,2304,0
0,512,0
1,9865160,0
0,2304,0
1,9863384,0
0,512,0
1,9867464,0
0,2304,0
1,9863656,0
0,512,0
1,9869768,0
0,2304,0
1,9872616,0
0,512,0
1,9872072,0
0,544,0
1,9873856,0
0,328,0
1,9873152,0
0,512,0
1,9873736,0
0,512,0
1,9873192,0
0,544,0
1,9874184,0
0,328,0
1,9872880,0
0,512,0
1,9874512,0
0,294912,0
1,10170008,0
0,512,0
1,10169464,0
0,544,0
1,10171360,0
0,328,0
1,10170656,0
0,512,0
1,10171240,0
0,512,0
1,10170696,0
0,544,0
1,10171688,0
0,328,0
1,10170384,0
0,512,0
1,9704752,0
0,512,0
1,10172016,0
0,512,0
1,9705264,0
0,512,0
1,10172288,0
0,512,0
1,9705776,0
0,512,0
1,10172560,0
0,512,0
1,10172832,0
0,512,0
1,10176296,0
0,512,0
1,10175752,0
0,544,0
1,10177864,0
0,328,0
1,10177160,0
0,512,0
1,10177744,0
0,512,0
1,10177200,0
0,544,0
1,10178192,0
0,328,0
1,10176888,0
0,512,0
1,10178520,0
0,147456,0
1,10327392,0
0,512,0
1,10326848,0
0,544,0
1,10328744,0
0,328,0
1,10328040,0
0,512,0
1,10328624,0
0,512,0
1,10328080,0
0,544,0
1,10329072,0
0,328,0
1,10327768,0
0,512,0
1,10329400,0
0,2432,0
0,512,0
1,10333880,0
0,2432,0
1,10332104,0
0,512,0
1,10336312,0
0,2432,0
1,10332376,0
0,512,0
1,10338744,0
0,2432,0
1,10333520,0
0,512,0
1,10341176,0
0,544,0
1,10342984,0
0,328,0
1,10333784,0
0,512,0
1,10342864,0
0,512,0
1,10342320,0
0,544,0
1,10343312,0
0,328,0
1,10342048,0
0,512,0
1,10343640,0
0,311296,0
1,10655480,0
0,512,0
1,10654936,0
0,544,0
1,10656832,0
0,328,0
1,10656128,0
0,512,0
1,10656712,0
0,512,0
1,10656168,0
0,544,0
1,10657160,0
0,328,0
1,10655856,0
0,512,0
1,10173344,0
0,512,0
1,10657488,0
0,512,0
1,10173856,0
0,512,0
1,10657760,0
0,512,0
1,10174368,0
0,512,0
1,10658032,0
0,512,0
1,10658304,0
0,512,0
1,10661768,0
0,512,0
1,10661224,0
0,544,0
1,10663008,0
0,328,0
1,10662304,0
0,512,0
1,10662888,0
0,512,0
1,10662344,0
0,544,0
1,10663336,0
0,328,0
1,10662032,0
0,512,0
1,10663664,0
0,147456,0
1,10812864,0
0,512,0
1,10812320,0
0,544,0
1,10814216,0
0,328,0
1,10813512,0
0,512,0
1,10814096,0
0,512,0
1,10813552,0
0,544,0
1,10814544,0
0,328,0
1,10813240,0
0,512,0
1,10814872,0
0,2560,0
0,512,0
1,10819480,0
0,2560,0
1,10817704,0
0,512,0
1,10822040,0
0,2560,0
1,10817976,0
0,512,0
1,10824600,0
0,2560,0
1,10819120,0
0,512,0
1,10827160,0
0,544,0
1,10828640,0
0,328,0
1,10819384,0
0,512,0
1,10828520,0
0,512,0
1,10827976,0
0,544,0
1,10828968,0
0,328,0
1,10827704,0
0,512,0
1,10829296,0
0,327680,0
1,11157520,0
0,512,0
1,11156976,0
0,544,0
1,11159200,0
0,328,0
1,11158496,0
0,512,0
1,11159080,0
0,512,0
1,11158536,0
0,544,0
1,11159528,0
0,328,0
1,11158224,0
0,512,0
1,10658816,0
0,512,0
1,11159856,0
0,512,0
1,10659328,0
0,512,0
1,11160128,0
0,512,0
1,10659840,0
0,512,0
1,11160400,0
0,512,0
1,11160672,0
0,512,0
1,11164136,0
0,512,0
1,11163592,0
0,544,0
1,11165376,0
0,328,0
1,11164672,0
0,512,0
1,11165256,0
0,512,0
1,11164712,0
0,544,0
1,11165704,0
0,328,0
1,11164400,0
0,512,0
1,11166032,0
0,147456,0
1,11314904,0
0,512,0
1,11314360,0
0,544,0
1,11316256,0
0,328,0
1,11315552,0
0,512,0
1,11316136,0
0,512,0
1,11315592,0
0,544,0
1,11316584,0
0,328,0
1,11315280,0
0,512,0
1,11316912,0
0,2688,0
0,512,0
1,11321648,0
0,2688,0
1,11319872,0
0,512,0
1,11324336,0
0,2688,0
1,11320144,0
0,512,0
1,11327024,0
0,2688,0
1,11330256,0
0,512,0
1,11329712,0
0,544,0
1,11331496,0
0,328,0
1,11330792,0
0,512,0
1,11331376,0
0,512,0
1,11330832,0
0,544,0
1,11331824,0
0,328,0
1,11330520,0
0,512,0
1,11332152,0
0,344064,0
1,11676800,0
0,512,0
1,11676256,0
0,544,0
1,11678152,0
0,328,0
1,11677448,0
0,512,0
1,11678032,0
0,512,0
1,11677488,0
0,544,0
1,11678480,0
0,328,0
1,11677176,0
0,512,0
1,11161184,0
0,512,0
1,11678808,0
0,512,0
1,11161696,0
0,512,0
1,11679080,0
0,512,0
1,11162208,0
0,512,0
1,11679352,0
0,512,0
1,11679624,0
0,512,0
1,11683088,0
0,512,0
1,11682544,0
0,544,0
1,11684656,0
0,328,0
1,11683952,0
0,512,0
1,11684536,0
0,512,0
1,11683992,0
0,544,0
1,11684984,0
0,328,0
1,11683680,0
0,512,0
1,11685312,0
0,147456,0
1,11834184,0
0,512,0
1,11833640,0
0,544,0
1,11835536,0
0,328,0
1,11834832,0
0,512,0
1,11835416,0
0,512,0
1,11834872,0
0,544,0
1,11835864,0
0,328,0
1,11834560,0
0,512,0
1,11836192,0
0,2816,0
0,512,0
1,11841056,0
0,2816,0
1,11839280,0
0,512,0
1,11843872,0
0,2816,0
1,11839552,0
0,512,0
1,11846688,0
0,2816,0
1,11840696,0
0,512,0
1,11849504,0
0,544,0
1,4588048,0
0,328,0
1,11840960,0
0,512,0
1,4587928,0
0,512,0
1,4587384,0
0,544,0
1,4588376,0
0,328,0
1,4587112,0
0,512,0
1,11861312,0
0,360448,0
1,4589248,0
0,512,0
1,4588704,0
0,544,0
1,4590600,0
0,328,0
1,4589896,0
0,512,0
1,4590480,0
0,512,0
1,4589936,0
0,544,0
1,4590928,0
0,328,0
1,4589624,0
0,512,0
1,11680136,0
0,512,0
1,4591256,0
0,512,0
1,11680648,0
0,512,0
1,4591528,0
0,512,0
1,11681160,0
0,512,0
1,4591800,0
0,512,0
1,12221760,0
0,512,0
1,12224896,0
0,512,0
1,12224352,0
0,544,0
1,12226136,0
0,328,0
1,12225432,0
0,512,0
1,12226016,0
0,512,0
1,12225472,0
0,544,0
1,12226464,0
0,328,0
1,12225160,0
0,512,0
1,12226792,0
0,147456,0
1,12375992,0
0,512,0
1,12375448,0
0,544,0
1,12377344,0
0,328,0
1,12376640,0
0,512,0
1,12377224,0
0,512,0
1,12376680,0
0,544,0
1,12377672,0
0,328,0
1,12376368,0
0,512,0
1,12378000,0
0,2944,0
0,512,0
1,12382992,0
0,2944,0
1,12381216,0
0,512,0
1,12385936,0
0,2944,0
1,12381488,0
0,512,0
1,12388880,0
0,2944,0
1,12382632,0
0,512,0
1,12391824,0
0,544,0
1,12393304,0
0,328,0
1,12382896,0
0,512,0
1,12393184,0
0,512,0
1,12392640,0
0,544,0
1,12393632,0
0,328,0
1,12392368,0
0,512,0
1,12393960,0
0,376832,0
1,12771336,0
0,512,0
1,12770792,0
0,544,0
1,12773016,0
0,328,0
1,12772312,0
0,512,0
1,12772896,0
0,512,0
1,12772352,0
0,544,0
1,12773344,0
0,328,0
1,12772040,0
0,512,0
1,12222272,0
0,512,0
1,12773672,0
0,512,0
1,12222784,0
0,512,0
1,12773944,0
0,512,0
1,12223296,0
0,512,0
1,12774216,0
0,512,0
1,12774488,0
0,512,0
1,12777952,0
0,512,0
1,12777408,0
0,544,0
1,12779192,0
0,328,0
1,12778488,0
0,512,0
1,12779072,0
0,512,0
1,12778528,0
0,544,0
1,12779520,0
0,328,0
1,12778216,0
0,512,0
1,12779848,0
0,147456,0
1,12928720,0
0,512,0
1,12928176,0
0,544,0
1,12930072,0
0,328,0
1,12929368,0
0,512,0
1,12929952,0
0,512,0
1,12929408,0
0,544,0
1,12930400,0
0,328,0
1,12929096,0
0,512,0
1,12930728,0
0,3072,0
0,512,0
1,12935848,0
0,3072,0
1,12934072,0
0,512,0
1,12938920,0
0,3072,0
1,12934344,0
0,512,0
1,12941992,0
0,3072,0
1,12945608,0
0,512,0
1,12945064,0
0,544,0
1,12946848,0
0,328,0
1,12946144,0
0,512,0
1,12946728,0
0,512,0
1,12946184,0
0,544,0
1,12947176,0
0,328,0
1,12945872,0
0,512,0
1,12947504,0
0,393216,0
1,13341304,0
0,512,0
1,13340760,0
0,544,0
1,13342656,0
0,328,0
1,13341952,0
0,512,0
1,13342536,0
0,512,0
1,13341992,0
0,544,0
1,13342984,0
0,328,0
1,13341680,0
0,512,0
1,12775000,0
0,512,0
1,13343312,0
0,512,0
1,12775512,0
0,512,0
1,13343584,0
0,512,0
1,12776024,0
0,512,0
1,13343856,0
0,512,0
1,13344128,0
0,512,0
1,13347592,0
0,512,0
1,13347048,0
0,544,0
1,13349160,0
0,328,0
1,13348456,0
0,512,0
1,13349040,0
0,512,0
1,13348496,0
0,544,0
1,13349488,0
0,328,0
1,13348184,0
0,512,0
1,13349816,0
0,147456,0
1,13498688,0
0,512,0
1,13498144,0
0,544,0
1,13500040,0
0,328,0
1,13499336,0
0,512,0
1,13499920,0
0,512,0
1,13499376,0
0,544,0
1,13500368,0
0,328,0
1,13499064,0
0,512,0
1,13500696,0
0,3200,0
0,512,0
1,13505944,0
0,3200,0
1,13504168,0
0,512,0
1,13509144,0
0,3200,0
1,13504440,0
0,512,0
1,13512344,0
0,3200,0
1,13505584,0
0,512,0
1,13515544,0
0,544,0
1,13517896,0
0,328,0
1,13505848,0
0,512,0
1,13517776,0
0,512,0
1,13517232,0
0,544,0
1,13518224,0
0,328,0
1,13516960,0
0,512,0
1,13518552,0
0,409600,0
1,13928696,0
0,512,0
1,13928152,0
0,544,0
1,13930048,0
0,328,0
1,13929344,0
0,512,0
1,13929928,0
0,512,0
1,13929384,0
0,544,0
1,13930376,0
0,328,0
1,13929072,0
0,512,0
1,13344640,0
0,512,0
1,13930704,0
0,512,0
1,13345152,0
0,512,0
1,13930976,0
0,512,0
1,13345664,0
0,512,0
1,13931248,0
0,512,0
1,13931520,0
0,512,0
1,13934984,0
0,512,0
1,13934440,0
0,544,0
1,13936224,0
0,328,0
1,13935520,0
0,512,0
1,13936104,0
0,512,0
1,13935560,0
0,544,0
1,13936552,0
0,328,0
1,13935248,0
0,512,0
1,13936880,0
0,147456,0
1,14086080,0
0,512,0
1,14085536,0
0,544,0
1,14087432,0
0,328,0
1,14086728,0
0,512,0
1,14087312,0
0,512,0
1,14086768,0
0,544,0
1,14087760,0
0,328,0
1,14086456,0
0,512,0
1,14088088,0
0,3328,0
0,512,0
1,14093464,0
0,3328,0
1,14091688,0
0,512,0
1,14096792,0
0,3328,0
1,14091960,0
0,512,0
1,14100120,0
0,3328,0
1,14093104,0
0,512,0
1,14103448,0
0,544,0
1,14104928,0
0,328,0
1,14093368,0
0,512,0
1,14104808,0
0,512,0
1,14104264,0
0,544,0
1,14105256,0
0,328,0
1,14103992,0
0,512,0
1,14105584,0
0,425984,0
1,14532112,0
0,512,0
1,14531568,0
0,544,0
1,14533792,0
0,328,0
1,14533088,0
0,512,0
1,14533672,0
0,512,0
1,14533128,0
0,544,0
1,14534120,0
0,328,0
1,14532816,0
0,512,0
1,13932032,0
0,512,0
1,14534448,0
0,512,0
1,13932544,0
0,512,0
1,14534720,0
0,512,0
1,13933056,0
0,512,0
1,14534992,0
0,512,0
1,14535264,0
0,512,0
1,14538728,0
0,512,0
1,14538184,0
0,544,0
1,14539968,0
0,328,0
1,14539264,0
0,512,0
1,14539848,0
0,512,0
1,14539304,0
0,544,0
1,14540296,0
0,328,0
1,14538992,0
0,512,0
1,14540624,0
0,147456,0
1,14689496,0
0,512,0
1,14688952,0
0,544,0
1,14690848,0
0,328,0
1,14690144,0
0,512,0
1,14690728,0
0,512,0
1,14690184,0
0,544,0
1,14691176,0
0,328,0
1,14689872,0
0,512,0
1,14691504,0
0,3456,0
0,512,0
1,14697008,0
0,3456,0
1,14695232,0
0,512,0
1,14700464,0
0,3456,0
1,14695504,0
0,512,0
1,14703920,0
0,3456,0
1,14696648,0
0,512,0
1,14707376,0
0,544,0
1,14708856,0
0,328,0
1,14696912,0
0,512,0
1,14708736,0
0,512,0
1,14708192,0
0,544,0
1,14709184,0
0,328,0
1,14707920,0
0,512,0
1,14709512,0
0,442368,0
1,15152424,0
0,512,0
1,15151880,0
0,544,0
1,15153776,0
0,328,0
1,15153072,0
0,512,0
1,15153656,0
0,512,0
1,15153112,0
0,544,0
1,15154104,0
0,328,0
1,15152800,0
0,512,0
1,14535776,0
0,512,0
1,15154432,0
0,512,0
1,14536288,0
0,512,0
1,15154704,0
0,512,0
1,14536800,0
0,512,0
1,15154976,0
0,512,0
1,15155248,0
0,512,0
1,15159040,0
0,512,0
1,15158496,0
0,544,0
1,15160280,0
0,328,0
1,15159576,0
0,512,0
1,15160160,0
0,512,0
1,15159616,0
0,544,0
1,15160608,0
0,328,0
1,15159304,0
0,512,0
1,15160936,0
0,147456,0
1,15309808,0
0,512,0
1,15309264,0
0,544,0
1,15311160,0
0,328,0
1,15310456,0
0,512,0
1,15311040,0
0,512,0
1,15310496,0
0,544,0
1,15311488,0
0,328,0
1,15310184,0
0,512,0
1,15311816,0
0,3584,0
0,512,0
1,15317448,0
0,3584,0
1,15315672,0
0,512,0
1,15321032,0
0,3584,0
1,15315944,0
0,512,0
1,15324616,0
0,3584,0
1,15317088,0
0,512,0
1,15328200,0
0,544,0
1,15330552,0
0,328,0
1,15317352,0
0,512,0
1,15330432,0
0,512,0
1,15329888,0
0,544,0
1,15330880,0
0,328,0
1,15329616,0
0,512,0
1,15331208,0
0,458752,0
1,15790504,0
0,512,0
1,15789960,0
0,544,0
1,15791856,0
0,328,0
1,15791152,0
0,512,0
1,15791736,0
0,512,0
1,15791192,0
0,544,0
1,15792184,0
0,328,0
1,15790880,0
0,512,0
1,15155760,0
0,512,0
1,15792512,0
0,512,0
1,15156272,0
0,512,0
1,15792784,0
0,512,0
1,15156784,0
0,512,0
1,15793056,0
0,512,0
1,15793328,0
0,512,0
1,15796792,0
0,512,0
1,15796248,0
0,544,0
1,15798032,0
0,328,0
1,15797328,0
0,512,0
1,15797912,0
0,512,0
1,15797368,0
0,544,0
1,15798360,0
0,328,0
1,15797056,0
0,512,0
1,15798688,0
0,147456,0
1,15947560,0
0,512,0
1,15947016,0
0,544,0
1,15948912,0
0,328,0
1,15948208,0
0,512,0
1,15948792,0
0,512,0
1,15948248,0
0,544,0
1,15949240,0
0,328,0
1,15947936,0
0,512,0
1,15949568,0
0,3712,0
0,512,0
1,15955328,0
0,3712,0
1,15953552,0
0,512,0
1,15959040,0
0,3712,0
1,15953824,0
0,512,0
1,15962752,0
0,3712,0
1,15967008,0
0,512,0
1,15966464,0
0,544,0
1,15968248,0
0,328,0
1,15967544,0
0,512,0
1,15968128,0
0,512,0
1,15967584,0
0,544,0
1,15968576,0
0,328,0
1,15967272,0
0,512,0
1,15968904,0
0,475136,0
1,16444624,0
0,512,0
1,16444080,0
0,544,0
1,16445976,0
0,328,0
1,16445272,0
0,512,0
1,16445856,0
0,512,0
1,16445312,0
0,544,0
1,16446304,0
0,328,0
1,16445000,0
0,512,0
1,15793840,0
0,512,0
1,16446632,0
0,512,0
1,15794352,0
0,512,0
1,16446904,0
0,512,0
1,15794864,0
0,512,0
1,16447176,0
0,512,0
1,16447448,0
0,512,0
1,16450912,0
0,512,0
1,16450368,0
0,544,0
1,16452152,0
0,328,0
1,16451448,0
0,512,0
1,16452032,0
0,512,0
1,16451488,0
0,544,0
1,16452480,0
0,328,0
1,16451176,0
0,512,0
1,16452808,0
0,147456,0
1,16602008,0
0,512,0
1,16601464,0
0,544,0
1,16603360,0
0,328,0
1,16602656,0
0,512,0
1,16603240,0
0,512,0
1,16602696,0
0,544,0
1,16603688,0
0,328,0
1,16602384,0
0,512,0
1,16604016,0
0,3840,0
0,512,0
1,16609904,0
0,3840,0
1,16608128,0
0,512,0
1,16613744,0
0,3840,0
1,16608400,0
0,512,0
1,16617584,0
0,3840,0
1,16609544,0
0,512,0
1,16621424,0
0,544,0
1,16622904,0
0,328,0
1,16609808,0
0,512,0
1,16622784,0
0,512,0
1,16622240,0
0,544,0
1,16623232,0
0,328,0
1,16621968,0
0,512,0
1,16623560,0
0,491520,0
1,17115624,0
0,512,0
1,17115080,0
0,544,0
1,17116976,0
0,328,0
1,17116272,0
0,512,0
1,17116856,0
0,512,0
1,17116312,0
0,544,0
1,17117304,0
0,328,0
1,17116000,0
0,512,0
1,16447960,0
0,512,0
1,17117632,0
0,512,0
1,16448472,0
0,512,0
1,17117904,0
0,512,0
1,16448984,0
0,512,0
1,17118176,0
0,512,0
1,17118448,0
0,512,0
1,17122240,0
0,512,0
1,17121696,0
0,544,0
1,17123480,0
0,328,0
1,17122776,0
0,512,0
1,17123360,0
0,512,0
1,17122816,0
0,544,0
1,17123808,0
0,328,0
1,17122504,0
0,512,0
1,17124136,0
0,147456,0
1,17273008,0
0,512,0
1,17272464,0
0,544,0
1,17274360,0
0,328,0
1,17273656,0
0,512,0
1,17274240,0
0,512,0
1,17273696,0
0,544,0
1,17274688,0
0,328,0
1,17273384,0
0,512,0
1,17275016,0
0,3968,0
0,512,0
1,17281032,0
0,3968,0
1,17279256,0
0,512,0
1,17285000,0
0,3968,0
1,17279528,0
0,512,0
1,17288968,0
0,3968,0
1,17280672,0
0,512,0
1,17292936,0
0,544,0
1,17294744,0
0,328,0
1,17280936,0
0,512,0
1,17294624,0
0,512,0
1,17294080,0
0,544,0
1,17295072,0
0,328,0
1,17293808,0
0,512,0
1,17295400,0
0,507904,0
1,17803848,0
0,512,0
1,17803304,0
0,544,0
1,17805200,0
0,328,0
1,17804496,0
0,512,0
1,17805080,0
0,512,0
1,17804536,0
0,544,0
1,17805528,0
0,328,0
1,17804224,0
0,512,0
1,17118960,0
0,512,0
1,17805856,0
0,512,0
1,17119472,0
0,512,0
1,17806128,0
0,512,0
1,17119984,0
0,512,0
1,17806400,0
0,512,0
1,17806672,0
0,512,0
1,17810136,0
0,512,0
1,17809592,0
0,544,0
1,17811376,0
0,328,0
1,17810672,0
0,512,0
1,17811256,0
0,512,0
1,17810712,0
0,544,0
1,17811704,0
0,328,0
1,17810400,0
0,512,0
1,17812032,0
0,147456,0
1,17960904,0
0,512,0
1,17960360,0
0,544,0
1,17962216,0
0,328,0
1,17961512,0
0,512,0
1,17962096,0
0,512,0
1,17961552,0
0,544,0
1,17962544,0
0,328,0
1,17961240,0
0,512,0
1,17962872,0
0,4096,0
0,512,0
1,17969016,0
0,4096,0
1,17967240,0
0,512,0
1,17973112,0
0,4096,0
1,17967512,0
0,512,0
1,17977208,0
0,4096,0
1,17968656,0
0,512,0
1,17981304,0
0,544,0
1,17983112,0
0,328,0
1,17968912,0
0,512,0
1,17982992,0
0,512,0
1,17982448,0
0,544,0
1,17983440,0
0,328,0
1,17982176,0
0,512,0
1,17983768,0
0,2097152,0
1,20082296,0
0,512,0
1,20081752,0
0,544,0
1,20083648,0
0,328,0
1,20082944,0
0,512,0
1,20083528,0
0,512,0
1,20082984,0
0,544,0
1,20083976,0
0,328,0
1,20082672,0
0,512,0
1,20084304,0
0,2048,0
0,512,0
1,20088400,0
0,2048,0
1,20086624,0
0,512,0
1,20090448,0
0,2048,0
1,20086896,0
0,512,0
1,20092496,0
0,2048,0
1,20088040,0
0,512,0
1,20094544,0
0,544,0
1,20096352,0
0,328,0
1,20088304,0
0,512,0
1,20096232,0
0,512,0
1,20095688,0
0,544,0
1,20096680,0
0,328,0
1,20095416,0
0,512,0
1,20097008,0
0,262144,0
1,20359696,0
0,512,0
1,20359152,0
0,544,0
1,20361048,0
0,328,0
1,20360344,0
0,512,0
1,20360928,0
0,512,0
1,20360384,0
0,544,0
1,20361376,0
0,328,0
1,20360072,0
0,512,0
1,17807184,0
0,512,0
1,20361704,0
0,512,0
1,17807696,0
0,512,0
1,20361976,0
0,512,0
1,17808208,0
0,512,0
1,20362248,0
0,512,0
1,20362520,0
0,512,0
1,20365984,0
0,512,0
1,20365440,0
0,544,0
1,20367224,0
0,328,0
1,20366520,0
0,512,0
1,20367104,0
0,512,0
1,20366560,0
0,544,0
1,20367552,0
0,328,0
1,20366248,0
0,512,0
1,20367880,0
0,147456,0
1,20517080,0
0,512,0
1,20516536,0
0,544,0
1,20518432,0
0,328,0
1,20517728,0
0,512,0
1,20518312,0
0,512,0
1,20517768,0
0,544,0
1,20518760,0
0,328,0
1,20517456,0
0,512,0
1,20519088,0
0,2176,0
0,512,0
1,20523312,0
0,2176,0
1,20521536,0
0,512,0
1,20525488,0
0,2176,0
1,20521808,0
0,512,0
1,20527664,0
0,2176,0
1,20522952,0
0,512,0
1,20529840,0
0,544,0
1,20531320,0
0,328,0
1,20523216,0
0,512,0
1,20531200,0
0,512,0
1,20530656,0
0,544,0
1,20531648,0
0,328,0
1,20530384,0
0,512,0
1,20531976,0
0,278528,0
1,20811048,0
0,512,0
1,20810504,0
0,544,0
1,20812728,0
0,328,0
1,20812024,0
0,512,0
1,20812608,0
0,512,0
1,20812064,0
0,544,0
1,20813056,0
0,328,0
1,20811752,0
0,512,0
1,20363032,0
0,512,0
1,20813384,0
0,512,0
1,20363544,0
0,512,0
1,20813656,0
0,512,0
1,20364056,0
0,512,0
1,20813928,0
0,512,0
1,20814200,0
0,512,0
1,20817664,0
0,512,0
1,20817120,0
0,544,0
1,20818904,0
0,328,0
1,20818200,0
0,512,0
1,20818784,0
0,512,0
1,20818240,0
0,544,0
1,20819232,0
0,328,0
1,20817928,0
0,512,0
1,20819560,0
0,147456,0
1,20968432,0
0,512,0
1,20967888,0
0,544,0
1,20970112,0
0,328,0
1,20969408,0
0,512,0
1,20969992,0
0,512,0
1,20969448,0
0,544,0
1,20970440,0
0,328,0
1,20969136,0
0,512,0
1,20970768,0
0,2304,0
0,512,0
1,20975120,0
0,2304,0
1,20973344,0
0,512,0
1,20977424,0
0,2304,0
1,20973616,0
0,512,0
1,20979728,0
0,2304,0
1,20974760,0
0,512,0
1,20982032,0
0,544,0
1,20983512,0
0,328,0
1,20975024,0
0,512,0
1,20983392,0
0,512,0
1,20982848,0
0,544,0
1,20983840,0
0,328,0
1,20982576,0
0,512,0
1,20984168,0
0,294912,0
1,21279624,0
0,512,0
1,21279080,0
0,544,0
1,21280976,0
0,328,0
1,21280272,0
0,512,0
1,21280856,0
0,512,0
1,21280312,0
0,544,0
1,21281304,0
0,328,0
1,21280000,0
0,512,0
1,20814712,0
0,512,0
1,21281632,0
0,512,0
1,20815224,0
0,512,0
1,21281904,0
0,512,0
1,20815736,0
0,512,0
1,21282176,0
0,512,0
1,21282448,0
0,512,0
1,21286240,0
0,512,0
1,21285696,0
0,544,0
1,21287480,0
0,328,0
1,21286776,0
0,512,0
1,21287360,0
0,512,0
1,21286816,0
0,544,0
1,21287808,0
0,328,0
1,21286504,0
0,512,0
1,21288136,0
0,147456,0
1,21437008,0
0,512,0
1,21436464,0
0,544,0
1,21438360,0
0,328,0
1,21437656,0
0,512,0
1,21438240,0
0,512,0
1,21437696,0
0,544,0
1,21438688,0
0,328,0
1,21437384,0
0,512,0
1,21439016,0
0,2432,0
0,512,0
1,21443496,0
0,2432,0
1,21441720,0
0,512,0
1,21445928,0
0,2432,0
1,21441992,0
0,512,0
1,21448360,0
0,2432,0
1,21451336,0
0,512,0
1,21450792,0
0,544,0
1,21452576,0
0,328,0
1,21451872,0
0,512,0
1,21452456,0
0,512,0
1,21451912,0
0,544,0
1,21452904,0
0,328,0
1,21451600,0
0,512,0
1,21453232,0
0,311296,0
1,21765112,0
0,512,0
1,21764568,0
0,544,0
1,21766464,0
0,328,0
1,21765760,0
0,512,0
1,21766344,0
0,512,0
1,21765800,0
0,544,0
1,21766792,0
0,328,0
1,21765488,0
0,512,0
1,21282960,0
0,512,0
1,21767120,0
0,512,0
1,21283472,0
0,512,0
1,21767392,0
0,512,0
1,21283984,0
0,512,0
1,21767664,0
0,512,0
1,21767936,0
0,512,0
1,21771400,0
0,512,0
1,21770856,0
0,544,0
1,21772968,0
0,328,0
1,21772264,0
0,512,0
1,21772848,0
0,512,0
1,21772304,0
0,544,0
1,21773296,0
0,328,0
1,21771992,0
0,512,0
1,21773624,0
0,147456,0
1,21922496,0
0,512,0
1,21921952,0
0,544,0
1,21923848,0
0,328,0
1,21923144,0
0,512,0
1,21923728,0
0,512,0
1,21923184,0
0,544,0
1,21924176,0
0,328,0
1,21922872,0
0,512,0
1,21924504,0
0,2560,0
0,512,0
1,21929112,0
0,2560,0
1,21927336,0
0,512,0
1,21931672,0
0,2560,0
1,21927608,0
0,512,0
1,21934232,0
0,2560,0
1,21928752,0
0,512,0
1,21936792,0
0,544,0
1,21938600,0
0,328,0
1,21929016,0
0,512,0
1,21938480,0
0,512,0
1,21937936,0
0,544,0
1,21938928,0
0,328,0
1,21937664,0
0,512,0
1,21939256,0
0,327680,0
1,22267480,0
0,512,0
1,22266936,0
0,544,0
1,22268832,0
0,328,0
1,22268128,0
0,512,0
1,22268712,0
0,512,0
1,22268168,0
0,544,0
1,22269160,0
0,328,0
1,22267856,0
0,512,0
1,21768448,0
0,512,0
1,22269488,0
0,512,0
1,21768960,0
0,512,0
1,22269760,0
0,512,0
1,21769472,0
0,512,0
1,22270032,0
0,512,0
1,22270304,0
0,512,0
1,22273768,0
0,512,0
1,22273224,0
0,544,0
1,22275008,0
0,328,0
1,22274304,0
0,512,0
1,22274888,0
0,512,0
1,22274344,0
0,544,0
1,22275336,0
0,328,0
1,22274032,0
0,512,0
1,22275664,0
0,147456,0
1,22424864,0
0,512,0
1,22424320,0
0,544,0
1,22426216,0
0,328,0
1,22425512,0
0,512,0
1,22426096,0
0,512,0
1,22425552,0
0,544,0
1,22426544,0
0,328,0
1,22425240,0
0,512,0
1,22426872,0
0,2688,0
0,512,0
1,22431608,0
0,2688,0
1,22429832,0
0,512,0
1,22434296,0
0,2688,0
1,22430104,0
0,512,0
1,22436984,0
0,2688,0
1,22431248,0
0,512,0
1,22439672,0
0,544,0
1,22441152,0
0,328,0
1,22431512,0
0,512,0
1,22441032,0
0,512,0
1,22440488,0
0,544,0
1,22441480,0
0,328,0
1,22440216,0
0,512,0
1,22441808,0
0,344064,0
1,22786416,0
0,512,0
1,22785872,0
0,544,0
1,22788096,0
0,328,0
1,22787392,0
0,512,0
1,22787976,0
0,512,0
1,22787432,0
0,544,0
1,22788424,0
0,328,0
1,22787120,0
0,512,0
1,22270816,0
0,512,0
1,22788752,0
0,512,0
1,22271328,0
0,512,0
1,22789024,0
0,512,0
1,22271840,0
0,512,0
1,22789296,0
0,512,0
1,22789568,0
0,512,0
1,22793032,0
0,512,0
1,22792488,0
0,544,0
1,22794272,0
0,328,0
1,22793568,0
0,512,0
1,22794152,0
0,512,0
1,22793608,0
0,544,0
1,22794600,0
0,328,0
1,22793296,0
0,512,0
1,22794928,0
0,147456,0
1,22943800,0
0,512,0
1,22943256,0
0,544,0
1,22945480,0
0,328,0
1,22944776,0
0,512,0
1,22945360,0
0,512,0
1,22944816,0
0,544,0
1,22945808,0
0,328,0
1,22944504,0
0,512,0
1,22946136,0
0,2816,0
0,512,0
1,22951000,0
0,2816,0
1,22949224,0
0,512,0
1,22953816,0
0,2816,0
1,22949496,0
0,512,0
1,22956632,0
0,2816,0
1,22950640,0
0,512,0
1,22959448,0
0,544,0
1,22960928,0
0,328,0
1,22950904,0
0,512,0
1,22960808,0
0,512,0
1,22960264,0
0,544,0
1,22961256,0
0,328,0
1,22959992,0
0,512,0
1,22961584,0
0,360448,0
1,23322576,0
0,512,0
1,23322032,0
0,544,0
1,23323928,0
0,328,0
1,23323224,0
0,512,0
1,23323808,0
0,512,0
1,23323264,0
0,544,0
1,23324256,0
0,328,0
1,23322952,0
0,512,0
1,22790080,0
0,512,0
1,23324584,0
0,512,0
1,22790592,0
0,512,0
1,23324856,0
0,512,0
1,22791104,0
0,512,0
1,23325128,0
0,512,0
1,23325400,0
0,512,0
1,23329192,0
0,512,0
1,23328648,0
0,544,0
1,23330432,0
0,328,0
1,23329728,0
0,512,0
1,23330312,0
0,512,0
1,23329768,0
0,544,0
1,23330760,0
0,328,0
1,23329456,0
0,512,0
1,23331088,0
0,147456,0
1,23479960,0
0,512,0
1,23479416,0
0,544,0
1,23481312,0
0,328,0
1,23480608,0
0,512,0
1,23481192,0
0,512,0
1,23480648,0
0,544,0
1,23481640,0
0,328,0
1,23480336,0
0,512,0
1,23481968,0
0,2944,0
0,512,0
1,23486960,0
0,2944,0
1,23485184,0
0,512,0
1,23489904,0
0,2944,0
1,23485456,0
0,512,0
1,23492848,0
0,2944,0
1,23496336,0
0,512,0
1,23495792,0
0,544,0
1,23497576,0
0,328,0
1,23496872,0
0,512,0
1,23497456,0
0,512,0
1,23496912,0
0,544,0
1,23497904,0
0,328,0
1,23496600,0
0,512,0
1,23498232,0
0,376832,0
1,23875648,0
0,512,0
1,23875104,0
0,544,0
1,23877000,0
0,328,0
1,23876296,0
0,512,0
1,23876880,0
0,512,0
1,23876336,0
0,544,0
1,23877328,0
0,328,0
1,23876024,0
0,512,0
1,23325912,0
0,512,0
1,23877656,0
0,512,0
1,23326424,0
0,512,0
1,23877928,0
0,512,0
1,23326936,0
0,512,0
1,23878200,0
0,512,0
1,23878472,0
0,512,0
1,23881936,0
0,512,0
1,23881392,0
0,544,0
1,23883504,0
0,328,0
1,23882800,0
0,512,0
1,23883384,0
0,512,0
1,23882840,0
0,544,0
1,23883832,0
0,328,0
1,23882528,0
0,512,0
1,23884160,0
0,147456,0
1,24033032,0
0,512,0
1,24032488,0
0,544,0
1,24034384,0
0,328,0
1,24033680,0
0,512,0
1,24034264,0
0,512,0
1,24033720,0
0,544,0
1,24034712,0
0,328,0
1,24033408,0
0,512,0
1,24035040,0
0,3072,0
0,512,0
1,24040160,0
0,3072,0
1,24038384,0
0,512,0
1,24043232,0
0,3072,0
1,24038656,0
0,512,0
1,24046304,0
0,3072,0
1,24039800,0
0,512,0
1,24049376,0
0,544,0
1,24051184,0
0,328,0
1,24040064,0
0,512,0
1,24051064,0
0,512,0
1,24050520,0
0,544,0
1,24051512,0
0,328,0
1,24050248,0
0,512,0
1,24051840,0
0,393216,0
1,24445600,0
0,512,0
1,24445056,0
0,544,0
1,24446952,0
0,328,0
1,24446248,0
0,512,0
1,24446832,0
0,512,0
1,24446288,0
0,544,0
1,24447280,0
0,328,0
1,24445976,0
0,512,0
1,23878984,0
0,512,0
1,24447608,0
0,512,0
1,23879496,0
0,512,0
1,24447880,0
0,512,0
1,23880008,0
0,512,0
1,24448152,0
0,512,0
1,24448424,0
0,512,0
1,24451888,0
0,512,0
1,24451344,0
0,544,0
1,24453128,0
0,328,0
1,24452424,0
0,512,0
1,24453008,0
0,512,0
1,24452464,0
0,544,0
1,24453456,0
0,328,0
1,24452152,0
0,512,0
1,24453784,0
0,147456,0
1,24602984,0
0,512,0
1,24602440,0
0,544,0
1,24604336,0
0,328,0
1,24603632,0
0,512,0
1,24604216,0
0,512,0
1,24603672,0
0,544,0
1,24604664,0
0,328,0
1,24603360,0
0,512,0
1,24604992,0
0,3200,0
0,512,0
1,24610240,0
0,3200,0
1,24608464,0
0,512,0
1,24613440,0
0,3200,0
1,24608736,0
0,512,0
1,24616640,0
0,3200,0
1,24609880,0
0,512,0
1,24619840,0
0,544,0
1,24621320,0
0,328,0
1,24610144,0
0,512,0
1,24621200,0
0,512,0
1,24620656,0
0,544,0
1,24621648,0
0,328,0
1,24620384,0
0,512,0
1,24621976,0
0,409600,0
1,25032120,0
0,512,0
1,25031576,0
0,544,0
1,25033472,0
0,328,0
1,25032768,0
0,512,0
1,25033352,0
0,512,0
1,25032808,0
0,544,0
1,25033800,0
0,328,0
1,25032496,0
0,512,0
1,24448936,0
0,512,0
1,25034128,0
0,512,0
1,24449448,0
0,512,0
1,25034400,0
0,512,0
1,24449960,0
0,512,0
1,25034672,0
0,512,0
1,25034944,0
0,512,0
1,25038736,0
0,512,0
1,25038192,0
0,544,0
1,25039976,0
0,328,0
1,25039272,0
0,512,0
1,25039856,0
0,512,0
1,25039312,0
0,544,0
1,25040304,0
0,328,0
1,25039000,0
0,512,0
1,25040632,0
0,147456,0
1,25189504,0
0,512,0
1,25188960,0
0,544,0
1,25190856,0
0,328,0
1,25190152,0
0,512,0
1,25190736,0
0,512,0
1,25190192,0
0,544,0
1,25191184,0
0,328,0
1,25189880,0
0,512,0
1,25191512,0
0,3328,0
0,512,0
1,25196888,0
0,3328,0
1,25195112,0
0,512,0
1,25200216,0
0,3328,0
1,25195384,0
0,512,0
1,25203544,0
0,3328,0
1,25196528,0
0,512,0
1,25206872,0
0,544,0
1,25208680,0
0,328,0
1,25196792,0
0,512,0
1,25208560,0
0,512,0
1,25208016,0
0,544,0
1,25209008,0
0,328,0
1,25207744,0
0,512,0
1,25209336,0
0,425984,0
1,25635864,0
0,512,0
1,25635320,0
0,544,0
1,25637216,0
0,328,0
1,25636512,0
0,512,0
1,25637096,0
0,512,0
1,25636552,0
0,544,0
1,25637544,0
0,328,0
1,25636240,0
0,512,0
1,25035456,0
0,512,0
1,25637872,0
0,512,0
1,25035968,0
0,512,0
1,25638144,0
0,512,0
1,25036480,0
0,512,0
1,25638416,0
0,512,0
1,25638688,0
0,512,0
1,25642152,0
0,512,0
1,25641608,0
0,544,0
1,25643392,0
0,328,0
1,25642688,0
0,512,0
1,25643272,0
0,512,0
1,25642728,0
0,544,0
1,25643720,0
0,328,0
1,25642416,0
0,512,0
1,25644048,0
0,147456,0
1,25792920,0
0,512,0
1,25792376,0
0,544,0
1,25794272,0
0,328,0
1,25793568,0
0,512,0
1,25794152,0
0,512,0
1,25793608,0
0,544,0
1,25794600,0
0,328,0
1,25793296,0
0,512,0
1,25794928,0
0,3456,0
0,512,0
1,25800432,0
0,3456,0
1,25798656,0
0,512,0
1,25803888,0
0,3456,0
1,25798928,0
0,512,0
1,25807344,0
0,3456,0
1,25811344,0
0,512,0
1,25810800,0
0,544,0
1,25812584,0
0,328,0
1,25811880,0
0,512,0
1,25812464,0
0,512,0
1,25811920,0
0,544,0
1,25812912,0
0,328,0
1,25811608,0
0,512,0
1,25813240,0
0,442368,0
1,26256192,0
0,512,0
1,26255648,0
0,544,0
1,26257544,0
0,328,0
1,26256840,0
0,512,0
1,26257424,0
0,512,0
1,26256880,0
0,544,0
1,26257872,0
0,328,0
1,26256568,0
0,512,0
1,25639200,0
0,512,0
1,26258200,0
0,512,0
1,25639712,0
0,512,0
1,26258472,0
0,512,0
1,25640224,0
0,512,0
1,26258744,0
0,512,0
1,26259016,0
0,512,0
1,26262480,0
0,512,0
1,26261936,0
0,544,0
1,26263720,0
0,328,0
1,26263016,0
0,512,0
1,26263600,0
0,512,0
1,26263056,0
0,544,0
1,26264048,0
0,328,0
1,26262744,0
0,512,0
1,26264376,0
0,147456,0
1,26413576,0
0,512,0
1,26413032,0
0,544,0
1,26414928,0
0,328,0
1,26414224,0
0,512,0
1,26414808,0
0,512,0
1,26414264,0
0,544,0
1,26415256,0
0,328,0
1,26413952,0
0,512,0
1,26415584,0
0,3584,0
0,512,0
1,26421216,0
0,3584,0
1,26419440,0
0,512,0
1,26424800,0
0,3584,0
1,26419712,0
0,512,0
1,26428384,0
0,3584,0
1,26420856,0
0,512,0
1,26431968,0
0,544,0
1,26433448,0
0,328,0
1,26421120,0
0,512,0
1,26433328,0
0,512,0
1,26432784,0
0,544,0
1,26433776,0
0,328,0
1,26432512,0
0,512,0
1,26434104,0
0,458752,0
1,26893400,0
0,512,0
1,26892856,0
0,544,0
1,26894752,0
0,328,0
1,26894048,0
0,512,0
1,26894632,0
0,512,0
1,26894088,0
0,544,0
1,26895080,0
0,328,0
1,26893776,0
0,512,0
1,26259528,0
0,512,0
1,26895408,0
0,512,0
1,26260040,0
0,512,0
1,26895680,0
0,512,0
1,26260552,0
0,512,0
1,26895952,0
0,512,0
1,26896224,0
0,512,0
1,26900016,0
0,512,0
1,26899472,0
0,544,0
1,26901256,0
0,328,0
1,26900552,0
0,512,0
1,26901136,0
0,512,0
1,26900592,0
0,544,0
1,26901584,0
0,328,0
1,26900280,0
0,512,0
1,26901912,0
0,147456,0
1,27050784,0
0,512,0
1,27050240,0
0,544,0
1,27052136,0
0,328,0
1,27051432,0
0,512,0
1,27052016,0
0,512,0
1,27051472,0
0,544,0
1,27052464,0
0,328,0
1,27051160,0
0,512,0
1,27052792,0
0,3712,0
0,512,0
1,27058552,0
0,3712,0
1,27056776,0
0,512,0
1,27062264,0
0,3712,0
1,27057048,0
0,512,0
1,27065976,0
0,3712,0
1,27058192,0
0,512,0
1,27069688,0
0,544,0
1,27071496,0
0,328,0
1,27058456,0
0,512,0
1,27071376,0
0,512,0
1,27070832,0
0,544,0
1,27071824,0
0,328,0
1,27070560,0
0,512,0
1,27072152,0
0,475136,0
1,27547832,0
0,512,0
1,27547288,0
0,544,0
1,27549184,0
0,328,0
1,27548480,0
0,512,0
1,27549064,0
0,512,0
1,27548520,0
0,544,0
1,27549512,0
0,328,0
1,27548208,0
0,512,0
1,26896736,0
0,512,0
1,27549840,0
0,512,0
1,26897248,0
0,512,0
1,27550112,0
0,512,0
1,26897760,0
0,512,0
1,27550384,0
0,512,0
1,27550656,0
0,512,0
1,27554120,0
0,512,0
1,27553576,0
0,544,0
1,27555360,0
0,328,0
1,27554656,0
0,512,0
1,27555240,0
0,512,0
1,27554696,0
0,544,0
1,27555688,0
0,328,0
1,27554384,0
0,512,0
1,27556016,0
0,147456,0
1,27704888,0
0,512,0
1,27704344,0
0,544,0
1,27706240,0
0,328,0
1,27705536,0
0,512,0
1,27706120,0
0,512,0
1,27705576,0
0,544,0
1,27706568,0
0,328,0
1,27705264,0
0,512,0
1,27706896,0
0,3840,0
0,512,0
1,27712784,0
0,3840,0
1,27711008,0
0,512,0
1,27716624,0
0,3840,0
1,27711280,0
0,512,0
1,27720464,0
0,3840,0
1,27724848,0
0,512,0
1,27724304,0
0,544,0
1,27726088,0
0,328,0
1,27725384,0
0,512,0
1,27725968,0
0,512,0
1,27725424,0
0,544,0
1,27726416,0
0,328,0
1,27725112,0
0,512,0
1,27726744,0
0,491520,0
1,28218848,0
0,512,0
1,28218304,0
0,544,0
1,28220200,0
0,328,0
1,28219496,0
0,512,0
1,28220080,0
0,512,0
1,28219536,0
0,544,0
1,28220528,0
0,328,0
1,28219224,0
0,512,0
1,27551168,0
0,512,0
1,28220856,0
0,512,0
1,27551680,0
0,512,0
1,28221128,0
0,512,0
1,27552192,0
0,512,0
1,28221400,0
0,512,0
1,28221672,0
0,512,0
1,28225136,0
0,512,0
1,28224592,0
0,544,0
1,28226376,0
0,328,0
1,28225672,0
0,512,0
1,28226256,0
0,512,0
1,28225712,0
0,544,0
1,28226704,0
0,328,0
1,28225400,0
0,512,0
1,28227032,0
0,147456,0
1,28376232,0
0,512,0
1,28375688,0
0,544,0
1,28377584,0
0,328,0
1,28376880,0
0,512,0
1,28377464,0
0,512,0
1,28376920,0
0,544,0
1,28377912,0
0,328,0
1,28376608,0
0,512,0
1,28378240,0
0,3968,0
0,512,0
1,28384256,0
0,3968,0
1,28382480,0
0,512,0
1,28388224,0
0,3968,0
1,28382752,0
0,512,0
1,28392192,0
0,3968,0
1,28383896,0
0,512,0
1,28396160,0
0,544,0
1,28397640,0
0,328,0
1,28384160,0
0,512,0
1,28397520,0
0,512,0
1,28396976,0
0,544,0
1,28397968,0
0,328,0
1,28396704,0
0,512,0
1,28398296,0
0,507904,0
1,28906744,0
0,512,0
1,28906200,0
0,544,0
1,28908096,0
0,328,0
1,28907392,0
0,512,0
1,28907976,0
0,512,0
1,28907432,0
0,544,0
1,28908424,0
0,328,0
1,28907120,0
0,512,0
1,28222184,0
0,512,0
1,28908752,0
0,512,0
1,28222696,0
0,512,0
1,28909024,0
0,512,0
1,28223208,0
0,512,0
1,28909296,0
0,512,0
1,28909568,0
0,512,0
1,28913360,0
0,512,0
1,28912816,0
0,544,0
1,28914600,0
0,328,0
1,28913896,0
0,512,0
1,28914480,0
0,512,0
1,28913936,0
0,544,0
1,28914928,0
0,328,0
1,28913624,0
0,512,0
1,28915256,0
0,147456,0
1,29064128,0
0,512,0
1,29063584,0
0,544,0
1,29065416,0
0,328,0
1,29064712,0
0,512,0
1,29065296,0
0,512,0
1,29064752,0
0,544,0
1,29065744,0
0,328,0
1,29064440,0
0,512,0
1,29066072,0
0,4096,0
0,512,0
1,29072216,0
0,4096,0
1,29070440,0
0,512,0
1,29076312,0
0,4096,0
1,29070712,0
0,512,0
1,29080408,0
0,4096,0
1,29071856,0
0,512,0
1,29084504,0
0,544,0
1,29085984,0
0,328,0
1,29072120,0
0,512,0
1,29085864,0
0,512,0
1,29085320,0
0,544,0
1,29086312,0
0,328,0
1,29085048,0
0,512,0
1,29086640,0
0,4096000,0
0,512,0
1,33184688,0
0,4000,0
