1,0,0
0,61440,0
0,4096,0
0,61440,0
0,4096,0
0,61440,0
0,4096,0
0,61440,0
0,4096,0
0,61440,0
0,4096,0
0,61440,0
0,4096,0
0,61440,0
0,4096,0
0,61440,0
0,4096,0
0,61440,0
0,4096,0
0,61440,0
0,4096,0
0,61440,0
0,4096,0
0,61440,0
0,4096,0
0,61440,0
0,4096,0
0,61440,0
0,4096,0
0,61440,0
0,4096,0
0,61440,0
0,4096,0
0,61440,0
0,4096,0
0,61440,0
0,4096,0
0,61440,0
0,4096,0
0,61440,0
0,4096,0
0,61440,0
0,4096,0
0,61440,0
0,4096,0
0,61440,0
0,4096,0
0,61440,0
0,4096,0
0,61440,0
0,4096,0
0,61440,0
0,4096,0
0,61440,0
0,4096,0
0,61440,0
0,4096,0
0,61440,0
0,4096,0
0,61440,0
0,4096,0
0,61440,0
0,4096,0
0,61440,0
0,4096,0
0,61440,0
0,4096,0
0,61440,0
0,4096,0
0,61440,0
0,4096,0
0,61440,0
0,4096,0
0,61440,0
0,4096,0
0,61440,0
0,4096,0
0,61440,0
0,4096,0
0,61440,0
0,4096,0
0,61440,0
0,4096,0
0,61440,0
0,4096,0
0,61440,0
0,4096,0
0,61440,0
0,4096,0
0,61440,0
0,4096,0
0,61440,0
0,4096,0
0,61440,0
0,4096,0
0,61440,0
0,4096,0
0,61440,0
0,4096,0
0,61440,0
0,4096,0
0,61440,0
0,4096,0
0,61440,0
0,4096,0
0,61440,0
0,4096,0
0,61440,0
0,4096,0
0,61440,0
0,4096,0
0,61440,0
0,4096,0
0,61440,0
0,4096,0
0,61440,0
0,4096,0
0,61440,0
0,4096,0
0,61440,0
0,4096,0
0,61440,0
0,4096,0
0,61440,0
0,4096,0
0,61440,0
0,4096,0
0,61440,0
0,4096,0
0,61440,0
0,4096,0
0,61440,0
0,4096,0
0,61440,0
0,4096,0
0,61440,0
0,4096,0
0,61440,0
0,4096,0
0,61440,0
0,4096,0
0,61440,0
0,4096,0
0,61440,0
0,4096,0
0,61440,0
0,4096,0
0,61440,0
0,4096,0
0,61440,0
0,4096,0
0,61440,0
0,4096,0
0,61440,0
0,4096,0
0,61440,0
0,4096,0
0,61440,0
0,4096,0
0,61440,0
0,4096,0
0,61440,0
0,4096,0
0,61440,0
0,4096,0
0,61440,0
0,4096,0
0,61440,0
0,4096,0
0,61440,0
0,4096,0
0,61440,0
0,4096,0
0,61440,0
0,4096,0
0,61440,0
0,4096,0
0,61440,0
0,4096,0
0,61440,0
0,4096,0
0,61440,0
0,4096,0
0,61440,0
0,4096,0
0,61440,0
0,4096,0
0,61440,0
0,4096,0
0,61440,0
0,4096,0
0,61440,0
0,4096,0
0,61440,0
0,4096,0
0,61440,0
0,4096,0
0,61440,0
0,4096,0
0,61440,0
0,4096,0
0,61440,0
0,4096,0
0,61440,0
0,4096,0
0,61440,0
0,4096,0
0,61440,0
0,4096,0
0,61440,0
0,4096,0
0,61440,0
0,4096,0
0,61440,0
0,4096,0
0,61440,0
0,4096,0
0,61440,0
0,4096,0
0,61440,0
0,4096,0
0,61440,0
0,4096,0
0,61440,0
0,4096,0
0,61440,0
0,4096,0
0,61440,0
0,4096,0
0,61440,0
0,4096,0
0,61440,0
0,4096,0
0,61440,0
0,4096,0
0,61440,0
0,4096,0
0,61440,0
0,4096,0
0,61440,0
0,4096,0
0,61440,0
0,4096,0
0,61440,0
0,4096,0
0,61440,0
0,4096,0
0,61440,0
0,4096,0
0,61440,0
0,4096,0
0,61440,0
0,4096,0
0,61440,0
0,4096,0
0,61440,0
0,4096,0
0,61440,0
0,4096,0
0,61440,0
0,4096,0
0,61440,0
0,4096,0
0,61440,0
0,4096,0
0,61440,0
0,4096,0
0,61440,0
0,4096,0
0,61440,0
0,4096,0
0,61440,0
0,4096,0
0,61440,0
0,4096,0
0,61440,0
0,4096,0
0,61440,0
0,4096,0
0,61440,0
0,4096,0
0,61440,0
0,4096,0
0,61440,0
0,4096,0
0,61440,0
0,4096,0
0,61440,0
0,4096,0
0,61440,0
0,4096,0
0,61440,0
0,4096,0
0,61440,0
0,4096,0
0,61440,0
0,4096,0
0,61440,0
0,4096,0
0,61440,0
0,4096,0
0,61440,0
0,4096,0
0,61440,0
0,4096,0
0,61440,0
0,4096,0
0,61440,0
0,4096,0
0,61440,0
0,4096,0
0,61440,0
0,4096,0
0,61440,0
0,4096,0
0,61440,0
0,4096,0
0,61440,0
0,4096,0
0,61440,0
0,4096,0
0,61440,0
0,4096,0
0,61440,0
0,4096,0
0,61440,0
0,4096,0
0,61440,0
0,4096,0
0,61440,0
0,4096,0
0,61440,0
0,4096,0
0,61440,0
0,4096,0
0,61440,0
0,4096,0
0,61440,0
0,4096,0
0,61440,0
0,4096,0
0,61440,0
0,4096,0
0,61440,0
0,4096,0
0,61440,0
0,4096,0
0,61440,0
0,4096,0
0,61440,0
0,4096,0
0,61440,0
0,4096,0
0,61440,0
0,4096,0
0,61440,0
0,4096,0
0,61440,0
0,4096,0
0,61440,0
0,4096,0
0,61440,0
0,4096,0
0,61440,0
0,4096,0
0,61440,0
0,4096,0
0,61440,0
0,4096,0
0,61440,0
0,4096,0
0,61440,0
0,4096,0
0,61440,0
0,4096,0
0,61440,0
0,4096,0
0,61440,0
0,4096,0
0,61440,0
0,4096,0
0,61440,0
0,4096,0
0,61440,0
0,4096,0
0,61440,0
0,4096,0
0,61440,0
0,4096,0
0,61440,0
0,4096,0
0,61440,0
0,4096,0
0,61440,0
0,4096,0
0,61440,0
0,4096,0
0,61440,0
0,4096,0
0,61440,0
0,4096,0
0,61440,0
0,4096,0
0,61440,0
0,4096,0
0,61440,0
0,4096,0
0,61440,0
0,4096,0
0,61440,0
0,4096,0
0,61440,0
0,4096,0
0,61440,0
0,4096,0
0,61440,0
0,4096,0
0,61440,0
0,4096,0
0,61440,0
0,4096,0
0,61440,0
0,4096,0
0,61440,0
0,4096,0
0,61440,0
0,4096,0
0,61440,0
0,4096,0
0,61440,0
0,4096,0
0,61440,0
0,4096,0
0,61440,0
0,4096,0
0,61440,0
0,4096,0
0,61440,0
0,4096,0
0,61440,0
0,4096,0
0,61440,0
0,4096,0
0,61440,0
0,4096,0
0,61440,0
0,4096,0
0,61440,0
0,4096,0
0,61440,0
0,4096,0
0,61440,0
0,4096,0
0,61440,0
0,4096,0
0,61440,0
0,4096,0
0,61440,0
0,4096,0
0,61440,0
0,4096,0
0,61440,0
0,4096,0
0,61440,0
0,4096,0
0,61440,0
0,4096,0
0,61440,0
0,4096,0
0,61440,0
0,4096,0
0,61440,0
0,4096,0
0,61440,0
0,4096,0
0,61440,0
0,4096,0
0,61440,0
0,4096,0
0,61440,0
0,4096,0
0,61440,0
0,4096,0
0,61440,0
0,4096,0
0,61440,0
0,4096,0
0,61440,0
0,4096,0
0,61440,0
0,4096,0
0,61440,0
0,4096,0
0,61440,0
0,4096,0
0,61440,0
0,4096,0
0,61440,0
0,4096,0
0,61440,0
0,4096,0
0,61440,0
0,4096,0
0,61440,0
0,4096,0
0,61440,0
0,4096,0
0,61440,0
0,4096,0
0,61440,0
0,4096,0
0,61440,0
0,4096,0
0,61440,0
0,4096,0
0,61440,0
0,4096,0
0,61440,0
0,4096,0
0,61440,0
0,4096,0
0,61440,0
0,4096,0
0,61440,0
0,4096,0
0,61440,0
0,4096,0
0,61440,0
0,4096,0
0,61440,0
0,4096,0
0,61440,0
0,4096,0
0,61440,0
0,4096,0
0,61440,0
0,4096,0
0,61440,0
0,4096,0
0,61440,0
0,4096,0
0,61440,0
0,4096,0
0,61440,0
0,4096,0
0,61440,0
0,4096,0
0,61440,0
0,4096,0
0,61440,0
0,4096,0
0,61440,0
0,4096,0
0,61440,0
0,4096,0
0,61440,0
0,4096,0
0,61440,0
0,4096,0
0,61440,0
0,4096,0
0,61440,0
0,4096,0
0,61440,0
0,4096,0
0,61440,0
0,4096,0
0,61440,0
0,4096,0
0,61440,0
0,4096,0
0,61440,0
0,4096,0
0,61440,0
0,4096,0
0,61440,0
0,4096,0
0,61440,0
0,4096,0
0,61440,0
0,4096,0
0,61440,0
0,4096,0
0,61440,0
0,4096,0
0,61440,0
0,4096,0
0,61440,0
0,4096,0
0,61440,0
0,4096,0
0,61440,0
0,4096,0
0,61440,0
0,4096,0
0,61440,0
0,4096,0
0,61440,0
0,4096,0
0,61440,0
0,4096,0
0,61440,0
0,4096,0
0,61440,0
0,4096,0
0,61440,0
0,4096,0
0,61440,0
0,4096,0
0,61440,0
0,4096,0
0,61440,0
0,4096,0
0,61440,0
0,4096,0
0,61440,0
0,4096,0
0,61440,0
0,4096,0
0,61440,0
0,4096,0
0,61440,0
0,4096,0
0,61440,0
0,4096,0
0,61440,0
0,4096,0
0,61440,0
0,4096,0
0,61440,0
0,4096,0
0,61440,0
0,4096,0
0,61440,0
0,4096,0
0,61440,0
0,4096,0
0,61440,0
0,4096,0
0,61440,0
0,4096,0
0,61440,0
0,4096,0
0,61440,0
0,4096,0
0,61440,0
0,4096,0
0,61440,0
0,4096,0
0,61440,0
0,4096,0
0,61440,0
0,4096,0
0,61440,0
0,4096,0
0,61440,0
0,4096,0
0,61440,0
0,4096,0
0,61440,0
0,4096,0
0,61440,0
0,4096,0
0,61440,0
0,4096,0
0,61440,0
0,4096,0
0,61440,0
0,53248,0
0,61440,0
1,0,0
0,8,0
1,0,0
0,16,0
0,80,0
0,512,0
1,800,0
0,6192,0
1,11088,0
0,104,0
1,6992,0
0,4096,0
1,680,0
0,512,0
1,1756576,0
0,5632,0
1,136,0
0,544,0
1,13074176,0
0,544,0
1,13547520,0
0,328,0
1,11192,0
0,512,0
1,12224,0
0,128,0
0,512,0
1,13056,0
0,128,0
0,512,0
1,13888,0
0,184,0
1,32544,0
0,328,0
1,18296,0
0,512,0
1,19000,0
0,128,0
0,512,0
1,20008,0
0,136,0
1,752,0
0,512,0
1,25856,0
0,216,0
1,28520,0
0,512,0
1,29224,0
0,128,0
1,13074720,0
0,544,0
1,11896,0
0,328,0
1,29352,0
0,512,0
1,30056,0
0,152,0
1,31840,0
0,512,0
1,32872,0
0,224,0
1,37592,0
0,512,0
1,38296,0
0,128,0
1,40976,0
0,328,0
1,38424,0
0,512,0
1,19832,0
0,128,0
1,54264,0
0,328,0
1,19960,0
0,512,0
1,40144,0
0,128,0
0,512,0
1,41304,0
0,168,0
1,43376,0
0,512,0
1,44080,0
0,168,0
1,48200,0
0,512,0
1,48904,0
0,128,0
0,512,0
1,49736,0
0,144,0
1,53560,0
0,512,0
1,54592,0
0,256,0
1,74112,0
0,328,0
1,57296,0
0,512,0
1,58000,0
0,144,0
1,65920,0
0,512,0
1,39128,0
0,256,0
1,39424,0
0,512,0
1,72448,0
0,128,0
0,512,0
1,73280,0
0,128,0
0,512,0
1,74440,0
0,152,0
1,79680,0
0,512,0
1,80384,0
0,224,0
1,83056,0
0,512,0
1,83760,0
0,128,0
1,95904,0
0,328,0
1,83888,0
0,512,0
1,84592,0
0,128,0
0,512,0
1,85424,0
0,128,0
0,512,0
1,86256,0
0,168,0
1,90376,0
0,512,0
1,91080,0
0,168,0
1,95200,0
0,512,0
1,96232,0
0,128,0
0,512,0
1,97064,0
0,144,0
1,108056,0
0,512,0
1,108760,0
0,256,0
1,145232,0
0,328,0
1,111464,0
0,512,0
1,112168,0
0,144,0
1,127768,0
0,512,0
1,128472,0
0,256,0
1,133224,0
0,512,0
1,133928,0
0,128,0
0,512,0
1,134344,0
0,512,0
1,145560,0
0,224,0
1,150240,0
0,512,0
1,150944,0
0,128,0
1,165904,0
0,328,0
1,151072,0
0,512,0
1,151776,0
0,128,0
0,512,0
1,152608,0
0,128,0
0,512,0
1,153440,0
0,168,0
1,158968,0
0,512,0
1,159672,0
0,168,0
1,165200,0
0,512,0
1,166232,0
0,128,0
0,512,0
1,167064,0
0,144,0
1,182664,0
0,512,0
1,183368,0
0,256,0
1,186072,0
0,512,0
1,186776,0
0,128,0
0,512,0
1,187608,0
0,128,0
1,213984,0
0,328,0
1,187736,0
0,512,0
1,188440,0
0,144,0
1,204040,0
0,512,0
1,204744,0
0,256,0
1,209496,0
0,512,0
1,210200,0
0,128,0
0,512,0
1,210488,0
0,128,0
0,512,0
1,214312,0
0,152,0
1,230456,0
0,512,0
1,231160,0
0,224,0
1,235880,0
0,512,0
1,236584,0
0,128,0
1,251544,0
0,328,0
1,236712,0
0,512,0
1,237416,0
0,128,0
0,512,0
1,238248,0
0,128,0
0,512,0
1,239080,0
0,168,0
1,244608,0
0,512,0
1,245312,0
0,168,0
1,250840,0
0,512,0
1,251872,0
0,128,0
0,512,0
1,252704,0
0,144,0
1,277520,0
0,512,0
1,278224,0
0,256,0
1,334896,0
0,328,0
1,280928,0
0,512,0
1,281632,0
0,144,0
1,321808,0
0,512,0
1,322512,0
0,256,0
1,327264,0
0,512,0
1,136504,0
0,128,0
0,512,0
1,137336,0
0,152,0
1,328416,0
0,512,0
1,359408,0
0,224,0
1,335344,0
0,512,0
1,364712,0
0,128,0
1,393856,0
0,328,0
1,361376,0
0,512,0
1,367600,0
0,128,0
1,361416,0
0,512,0
1,368392,0
0,128,0
1,365504,0
0,512,0
1,369184,0
0,168,0
1,137840,0
0,512,0
1,381480,0
0,168,0
1,393152,0
0,512,0
1,394184,0
0,128,0
0,512,0
1,397096,0
0,144,0
1,398872,0
0,512,0
1,438088,0
0,256,0
1,398952,0
0,512,0
1,441416,0
0,128,0
0,512,0
1,442248,0
0,128,0
1,493176,0
0,328,0
1,442376,0
0,512,0
1,443080,0
0,144,0
1,483256,0
0,512,0
1,483960,0
0,256,0
1,488712,0
0,512,0
1,489416,0
0,128,0
0,512,0
1,492384,0
0,128,0
1,490128,0
0,512,0
1,493504,0
0,152,0
1,503888,0
0,512,0
1,504592,0
0,224,0
1,509312,0
0,512,0
1,510016,0
0,128,0
1,539320,0
0,328,0
1,510144,0
0,512,0
1,512984,0
0,128,0
1,510728,0
0,512,0
1,513776,0
0,128,0
1,510768,0
0,512,0
1,514568,0
0,168,0
1,526240,0
0,512,0
1,526944,0
0,168,0
1,538616,0
0,512,0
1,539648,0
0,128,0
0,512,0
1,540480,0
0,144,0
1,619056,0
0,512,0
1,619760,0
0,256,0
1,813120,0
0,328,0
1,624512,0
0,512,0
1,625216,0
0,144,0
1,780592,0
0,512,0
1,781296,0
0,256,0
1,786048,0
0,512,0
1,786752,0
0,128,0
0,512,0
1,787040,0
0,152,0
1,787232,0
0,512,0
1,813448,0
0,224,0
1,818168,0
0,512,0
1,818872,0
0,128,0
1,909512,0
0,328,0
1,819000,0
0,512,0
1,819160,0
0,128,0
0,512,0
1,826368,0
0,128,0
1,819328,0
0,512,0
1,827160,0
0,168,0
1,867632,0
0,512,0
1,868336,0
0,168,0
1,908808,0
0,512,0
1,909840,0
0,128,0
0,512,0
1,912752,0
0,144,0
1,914528,0
0,512,0
1,1068944,0
0,256,0
1,914608,0
0,512,0
1,1074320,0
0,128,0
0,512,0
1,1075152,0
0,128,0
1,1263888,0
0,328,0
1,1075280,0
0,512,0
1,1075984,0
0,144,0
1,1231360,0
0,512,0
1,1232064,0
0,256,0
1,1236816,0
0,512,0
1,1237520,0
0,128,0
0,512,0
1,1237808,0
0,152,0
1,1238000,0
0,512,0
1,1264216,0
0,224,0
1,1268936,0
0,512,0
1,1269640,0
0,128,0
1,1360280,0
0,328,0
1,1269768,0
0,512,0
1,1269928,0
0,128,0
0,512,0
1,1277136,0
0,128,0
1,1270096,0
0,512,0
1,1277928,0
0,168,0
1,1318400,0
0,512,0
1,1319104,0
0,168,0
1,1359576,0
0,512,0
1,1360608,0
0,128,0
0,512,0
1,1363520,0
0,144,0
1,1365296,0
0,512,0
1,1519712,0
0,256,0
1,1365376,0
0,512,0
1,1523040,0
0,128,0
0,512,0
1,1523872,0
0,128,0
1,1743328,0
0,328,0
1,1524000,0
0,512,0
1,1524704,0
0,144,0
1,1680080,0
0,512,0
1,1680784,0
0,256,0
1,1685536,0
0,512,0
1,1686240,0
0,128,0
0,512,0
1,1686528,0
0,152,0
1,1686720,0
0,512,0
1,1743656,0
0,224,0
1,1748376,0
0,512,0
1,1749080,0
0,128,0
1,1842560,0
0,328,0
1,1749208,0
0,512,0
1,1749368,0
0,128,0
0,512,0
1,330544,0
0,128,0
1,1749536,0
0,512,0
1,331336,0
0,168,0
1,333136,0
0,512,0
1,1801424,0
0,168,0
1,1841856,0
0,512,0
1,1842888,0
0,128,0
0,512,0
1,1845800,0
0,144,0
1,1847576,0
0,512,0
1,2063432,0
0,256,0
1,2457032,0
0,328,0
1,1847656,0
0,512,0
1,2068808,0
0,144,0
1,2371640,0
0,512,0
1,2372344,0
0,256,0
1,2377736,0
0,512,0
1,2378440,0
0,128,0
0,512,0
1,2378728,0
0,152,0
1,2378920,0
0,512,0
1,2457360,0
0,224,0
1,2462720,0
0,512,0
1,2463424,0
0,128,0
1,2630096,0
0,328,0
1,2463552,0
0,512,0
1,2463712,0
0,128,0
0,512,0
1,2473224,0
0,128,0
1,2463880,0
0,512,0
1,2474016,0
0,168,0
1,2551352,0
0,512,0
1,2552056,0
0,168,0
1,2629392,0
0,512,0
1,2630424,0
0,128,0
0,512,0
1,2633976,0
0,144,0
1,2635752,0
0,512,0
1,2937624,0
0,256,0
1,2635832,0
0,512,0
1,2943000,0
0,128,0
0,512,0
1,2943832,0
0,128,0
1,3332888,0
0,328,0
1,2943960,0
0,512,0
1,2944664,0
0,144,0
1,3247496,0
0,512,0
1,3248200,0
0,256,0
1,3253592,0
0,512,0
1,3254296,0
0,128,0
0,512,0
1,3254584,0
0,152,0
1,3254776,0
0,512,0
1,3333216,0
0,224,0
1,3338576,0
0,512,0
1,3339280,0
0,128,0
1,3505952,0
0,328,0
1,3339408,0
0,512,0
1,3339568,0
0,128,0
0,512,0
1,3349080,0
0,128,0
1,3339736,0
0,512,0
1,3349872,0
0,168,0
1,3427208,0
0,512,0
1,3427912,0
0,168,0
1,3505248,0
0,512,0
1,3506280,0
0,128,0
0,512,0
1,3509832,0
0,144,0
1,3511608,0
0,512,0
1,3813480,0
0,256,0
1,3511688,0
0,512,0
1,3818856,0
0,128,0
0,512,0
1,3819688,0
0,128,0
1,4139952,0
0,328,0
1,3819816,0
0,512,0
1,3820520,0
0,144,0
1,4123352,0
0,512,0
1,4124056,0
0,256,0
1,4129448,0
0,512,0
1,4130152,0
0,128,0
0,512,0
1,4130440,0
0,128,0
0,512,0
1,4140280,0
0,152,0
1,4209224,0
0,512,0
1,4209928,0
0,224,0
1,4215288,0
0,512,0
1,4215992,0
0,128,0
1,4382664,0
0,328,0
1,4216120,0
0,512,0
1,4216280,0
0,128,0
0,512,0
1,4225792,0
0,128,0
1,4216448,0
0,512,0
1,4226584,0
0,168,0
1,4303920,0
0,512,0
1,4304624,0
0,168,0
1,4381960,0
0,512,0
1,4382992,0
0,128,0
0,512,0
1,4386544,0
0,144,0
1,4388320,0
0,512,0
1,4905232,0
0,256,0
1,5940328,0
0,328,0
1,4388400,0
0,512,0
1,4910608,0
0,144,0
1,4911064,0
0,512,0
1,5800008,0
0,256,0
1,4911104,0
0,512,0
1,5808024,0
0,128,0
1,5801976,0
0,512,0
1,5822656,0
0,152,0
1,5824400,0
0,512,0
1,5940656,0
0,224,0
1,5947936,0
0,512,0
1,5948640,0
0,128,0
1,6412912,0
0,328,0
1,5948768,0
0,512,0
1,5948928,0
0,128,0
0,512,0
1,5964200,0
0,128,0
1,5949096,0
0,512,0
1,5964992,0
0,168,0
1,6188248,0
0,512,0
1,6188952,0
0,168,0
1,6412208,0
0,512,0
1,6413240,0
0,128,0
0,512,0
1,6418712,0
0,144,0
1,6420488,0
0,512,0
1,7306040,0
0,256,0
1,6420568,0
0,512,0
1,7311416,0
0,128,0
0,512,0
1,7311704,0
0,128,0
1,8342744,0
0,328,0
1,7311832,0
0,512,0
1,7315240,0
0,144,0
1,7311912,0
0,512,0
1,8202376,0
0,256,0
1,8209688,0
0,512,0
1,8210392,0
0,128,0
0,512,0
1,8210680,0
0,152,0
1,8210872,0
0,512,0
1,8343072,0
0,224,0
1,8350352,0
0,512,0
1,8351056,0
0,128,0
1,8815328,0
0,328,0
1,8351184,0
0,512,0
1,8351344,0
0,128,0
0,512,0
1,8366616,0
0,128,0
1,8351512,0
0,512,0
1,8367408,0
0,168,0
1,8590664,0
0,512,0
1,8591368,0
0,168,0
1,8814624,0
0,512,0
1,8815656,0
0,128,0
0,512,0
1,8821128,0
0,144,0
1,8822904,0
0,512,0
1,9708456,0
0,256,0
1,8822984,0
0,512,0
1,9713832,0
0,128,0
0,512,0
1,9714120,0
0,128,0
1,10745160,0
0,328,0
1,9714248,0
0,512,0
1,9717656,0
0,144,0
1,9714328,0
0,512,0
1,10604792,0
0,256,0
1,10612104,0
0,512,0
1,10612808,0
0,128,0
0,512,0
1,10613096,0
0,152,0
1,10613288,0
0,512,0
1,10745488,0
0,224,0
1,10752768,0
0,512,0
1,10753472,0
0,128,0
1,11217744,0
0,328,0
1,10753600,0
0,512,0
1,10753760,0
0,128,0
0,512,0
1,10769032,0
0,128,0
1,10753928,0
0,512,0
1,10769824,0
0,168,0
1,10993080,0
0,512,0
1,10993784,0
0,168,0
1,11217040,0
0,512,0
1,11218072,0
0,128,0
0,512,0
1,11223544,0
0,144,0
1,11225320,0
0,512,0
1,12110872,0
0,256,0
1,11225400,0
0,512,0
1,12116248,0
0,128,0
0,512,0
1,12116536,0
0,128,0
1,13073848,0
0,328,0
1,12116664,0
0,512,0
1,12120072,0
0,144,0
1,12116744,0
0,512,0
1,13007208,0
0,256,0
1,13014520,0
0,512,0
1,13015224,0
0,128,0
0,512,0
1,13015512,0
0,152,0
1,13015704,0
0,512,0
1,13075264,0
0,224,0
1,13082544,0
0,512,0
1,13083248,0
0,128,0
0,512,0
1,13083536,0
0,128,0
0,512,0
1,13098808,0
0,128,0
1,13083704,0
0,512,0
1,13099600,0
0,168,0
1,13322856,0
0,512,0
1,13323560,0
0,168,0
1,13546816,0
0,512,0
1,13547848,0
0,128,0
0,512,0
1,13553320,0
0,144,0
1,13555096,0
0,512,0
1,15030472,0
0,256,0
1,13555176,0
0,512,0
1,15035848,0
0,136,0
1,15041456,0
0,512,0
1,16680704,0
0,208,0
1,15042200,0
0,512,0
1,16682624,0
0,128,0
1,15042240,0
0,512,0
1,16705280,0
0,128,0
0,512,0
1,16706112,0
0,128,0
0,512,0
1,16706944,0
0,144,0
1,13768,0
0,512,0
1,13224,0
0,544,0
1,15048,0
0,328,0
1,14344,0
0,512,0
1,14928,0
0,512,0
1,14384,0
0,544,0
1,15376,0
0,328,0
1,14072,0
0,512,0
1,15704,0
0,12,0
1,17752,0
0,512,0
1,15716,0
0,12,0
1,18024,0
0,512,0
1,15728,0
0,4,0
1,19712,0
0,512,0
1,19168,0
0,544,0
1,21080,0
0,328,0
1,712,0
0,512,0
1,20960,0
0,512,0
1,20416,0
0,544,0
1,21408,0
0,328,0
1,20144,0
0,512,0
1,21736,0
0,3456,0
1,25736,0
0,512,0
1,25192,0
0,544,0
1,27048,0
0,328,0
1,26344,0
0,512,0
1,26928,0
0,512,0
1,26384,0
0,544,0
1,27376,0
0,328,0
1,26072,0
0,512,0
1,15732,0
0,128,0
1,27704,0
0,512,0
1,15860,0
0,128,0
1,27976,0
0,512,0
1,15988,0
0,128,0
1,28248,0
0,512,0
1,16116,0
0,128,0
1,29936,0
0,512,0
1,29392,0
0,544,0
1,31184,0
0,328,0
1,30480,0
0,512,0
1,31064,0
0,512,0
1,30520,0
0,544,0
1,31512,0
0,328,0
1,30208,0
0,512,0
1,16244,0
0,1152,0
1,32424,0
0,512,0
1,31880,0
0,544,0
1,34072,0
0,328,0
1,33368,0
0,512,0
1,33952,0
0,512,0
1,33408,0
0,544,0
1,34400,0
0,328,0
1,33096,0
0,512,0
1,17396,0
0,128,0
1,34728,0
0,512,0
1,17524,0
0,128,0
1,35000,0
0,512,0
1,35272,0
0,128,0
1,37320,0
0,512,0
1,35400,0
0,128,0
1,40856,0
0,512,0
1,40312,0
0,544,0
1,42448,0
0,328,0
1,41744,0
0,512,0
1,42328,0
0,512,0
1,41784,0
0,544,0
1,42776,0
0,328,0
1,41472,0
0,512,0
1,35528,0
0,1024,0
1,43104,0
0,512,0
1,17652,0
0,32,0
1,43960,0
0,512,0
1,43416,0
0,544,0
1,45224,0
0,328,0
1,44520,0
0,512,0
1,45104,0
0,512,0
1,44560,0
0,544,0
1,45552,0
0,328,0
1,44248,0
0,512,0
1,45880,0
0,1024,0
1,47928,0
0,512,0
1,36552,0
0,128,0
1,49616,0
0,512,0
1,49072,0
0,544,0
1,50856,0
0,328,0
1,50152,0
0,512,0
1,50736,0
0,512,0
1,50192,0
0,544,0
1,51184,0
0,328,0
1,49880,0
0,512,0
1,51512,0
0,2048,0
1,54144,0
0,512,0
1,53600,0
0,544,0
1,55824,0
0,328,0
1,55120,0
0,512,0
1,55704,0
0,512,0
1,55160,0
0,544,0
1,56152,0
0,328,0
1,54848,0
0,512,0
1,17684,0
0,64,0
1,56480,0
0,512,0
1,36680,0
0,64,0
1,56752,0
0,512,0
1,36744,0
0,64,0
1,57024,0
0,512,0
1,36808,0
0,64,0
1,57880,0
0,512,0
1,57336,0
0,544,0
1,59120,0
0,328,0
1,58416,0
0,512,0
1,59000,0
0,512,0
1,58456,0
0,544,0
1,59448,0
0,328,0
1,58144,0
0,512,0
1,59776,0
0,6144,0
1,66504,0
0,512,0
1,65960,0
0,544,0
1,68264,0
0,328,0
1,39384,0
0,512,0
1,68144,0
0,512,0
1,67600,0
0,544,0
1,68592,0
0,328,0
1,67328,0
0,512,0
1,36872,0
0,384,0
1,68920,0
0,512,0
1,46904,0
0,384,0
1,69192,0
0,512,0
1,47288,0
0,384,0
1,69464,0
0,512,0
1,69736,0
0,384,0
1,73992,0
0,512,0
1,73448,0
0,544,0
1,75568,0
0,328,0
1,74864,0
0,512,0
1,75448,0
0,512,0
1,74904,0
0,544,0
1,75896,0
0,328,0
1,74592,0
0,512,0
1,76224,0
0,3456,0
1,80264,0
0,512,0
1,79720,0
0,544,0
1,81584,0
0,328,0
1,80880,0
0,512,0
1,81464,0
0,512,0
1,80920,0
0,544,0
1,81912,0
0,328,0
1,80608,0
0,512,0
1,70120,0
0,384,0
1,82240,0
0,512,0
1,70504,0
0,384,0
1,82512,0
0,512,0
1,70888,0
0,384,0
1,82784,0
0,512,0
1,71272,0
0,384,0
1,86136,0
0,512,0
1,85592,0
0,544,0
1,87400,0
0,328,0
1,86696,0
0,512,0
1,87280,0
0,512,0
1,86736,0
0,544,0
1,87728,0
0,328,0
1,86424,0
0,512,0
1,88056,0
0,1536,0
1,90104,0
0,512,0
1,37256,0
0,16,0
1,90960,0
0,512,0
1,90416,0
0,544,0
1,92224,0
0,328,0
1,91520,0
0,512,0
1,92104,0
0,512,0
1,91560,0
0,544,0
1,92552,0
0,328,0
1,91248,0
0,512,0
1,92880,0
0,1536,0
1,94928,0
0,512,0
1,89592,0
0,384,0
1,96944,0
0,512,0
1,96400,0
0,544,0
1,98184,0
0,328,0
1,97480,0
0,512,0
1,98064,0
0,512,0
1,97520,0
0,544,0
1,98512,0
0,328,0
1,97208,0
0,512,0
1,98840,0
0,9216,0
1,108640,0
0,512,0
1,108096,0
0,544,0
1,109992,0
0,328,0
1,109288,0
0,512,0
1,109872,0
0,512,0
1,109328,0
0,544,0
1,110320,0
0,328,0
1,109016,0
0,512,0
1,71656,0
0,96,0
1,110648,0
0,512,0
1,89976,0
0,96,0
1,110920,0
0,512,0
1,47672,0
0,96,0
1,111192,0
0,512,0
1,47768,0
0,96,0
1,112048,0
0,512,0
1,111504,0
0,544,0
1,113288,0
0,328,0
1,112584,0
0,512,0
1,113168,0
0,512,0
1,112624,0
0,544,0
1,113616,0
0,328,0
1,112312,0
0,512,0
1,113944,0
0,13824,0
1,128352,0
0,512,0
1,127808,0
0,544,0
1,129704,0
0,328,0
1,129000,0
0,512,0
1,129584,0
0,512,0
1,129040,0
0,544,0
1,130032,0
0,328,0
1,128728,0
0,512,0
1,130360,0
0,576,0
1,132408,0
0,512,0
1,130936,0
0,576,0
1,132680,0
0,512,0
1,131512,0
0,576,0
1,132952,0
0,512,0
1,134456,0
0,576,0
1,67168,0
0,512,0
1,66624,0
0,544,0
1,138728,0
0,328,0
1,67288,0
0,512,0
1,134224,0
0,512,0
1,138184,0
0,544,0
1,139056,0
0,328,0
1,137912,0
0,512,0
1,139384,0
0,5184,0
1,145112,0
0,512,0
1,144568,0
0,544,0
1,146720,0
0,328,0
1,134384,0
0,512,0
1,146600,0
0,512,0
1,146056,0
0,544,0
1,147048,0
0,328,0
1,145784,0
0,512,0
1,135032,0
0,576,0
1,147376,0
0,512,0
1,135608,0
0,576,0
1,147648,0
0,512,0
1,147920,0
0,576,0
1,149968,0
0,512,0
1,148496,0
0,576,0
1,153320,0
0,512,0
1,152776,0
0,544,0
1,154584,0
0,328,0
1,153880,0
0,512,0
1,154464,0
0,512,0
1,153920,0
0,544,0
1,154912,0
0,328,0
1,153608,0
0,512,0
1,155240,0
0,3456,0
0,512,0
1,71752,0
0,24,0
1,159552,0
0,512,0
1,159008,0
0,544,0
1,160816,0
0,328,0
1,160112,0
0,512,0
1,160696,0
0,512,0
1,160152,0
0,544,0
1,161144,0
0,328,0
1,159840,0
0,512,0
1,161472,0
0,3456,0
0,512,0
1,149072,0
0,576,0
1,166944,0
0,512,0
1,166400,0
0,544,0
1,168184,0
0,328,0
1,167480,0
0,512,0
1,168064,0
0,512,0
1,167520,0
0,544,0
1,168512,0
0,328,0
1,167208,0
0,512,0
1,168840,0
0,13824,0
1,183248,0
0,512,0
1,182704,0
0,544,0
1,184600,0
0,328,0
1,183896,0
0,512,0
1,184480,0
0,512,0
1,183936,0
0,544,0
1,184928,0
0,328,0
1,183624,0
0,512,0
1,132088,0
0,96,0
1,185256,0
0,512,0
1,132184,0
0,96,0
1,185528,0
0,512,0
1,132280,0
0,96,0
1,185800,0
0,512,0
1,136184,0
0,96,0
1,188320,0
0,512,0
1,187776,0
0,544,0
1,189560,0
0,328,0
1,188856,0
0,512,0
1,189440,0
0,512,0
1,188896,0
0,544,0
1,189888,0
0,328,0
1,188584,0
0,512,0
1,190216,0
0,13824,0
1,204624,0
0,512,0
1,204080,0
0,544,0
1,205976,0
0,328,0
1,205272,0
0,512,0
1,205856,0
0,512,0
1,205312,0
0,544,0
1,206304,0
0,328,0
1,205000,0
0,512,0
1,206632,0
0,576,0
1,208680,0
0,512,0
1,207208,0
0,576,0
1,208952,0
0,512,0
1,207784,0
0,576,0
1,209224,0
0,512,0
1,210728,0
0,576,0
1,213864,0
0,512,0
1,213320,0
0,544,0
1,215400,0
0,328,0
1,210656,0
0,512,0
1,215280,0
0,512,0
1,214736,0
0,544,0
1,215728,0
0,328,0
1,214464,0
0,512,0
1,216056,0
0,14400,0
1,231040,0
0,512,0
1,230496,0
0,544,0
1,232360,0
0,328,0
1,231656,0
0,512,0
1,232240,0
0,512,0
1,231696,0
0,544,0
1,232688,0
0,328,0
1,231384,0
0,512,0
1,211304,0
0,576,0
1,233016,0
0,512,0
1,211880,0
0,576,0
1,233288,0
0,512,0
1,233560,0
0,576,0
1,235608,0
0,512,0
1,234136,0
0,576,0
1,238960,0
0,512,0
1,238416,0
0,544,0
1,240224,0
0,328,0
1,239520,0
0,512,0
1,240104,0
0,512,0
1,239560,0
0,544,0
1,240552,0
0,328,0
1,239248,0
0,512,0
1,240880,0
0,3456,0
0,512,0
1,90072,0
0,24,0
1,245192,0
0,512,0
1,244648,0
0,544,0
1,246456,0
0,328,0
1,245752,0
0,512,0
1,246336,0
0,512,0
1,245792,0
0,544,0
1,246784,0
0,328,0
1,245480,0
0,512,0
1,247112,0
0,3456,0
0,512,0
1,234712,0
0,576,0
1,252584,0
0,512,0
1,252040,0
0,544,0
1,253824,0
0,328,0
1,253120,0
0,512,0
1,253704,0
0,512,0
1,253160,0
0,544,0
1,254152,0
0,328,0
1,252848,0
0,512,0
1,254480,0
0,23040,0
1,278104,0
0,512,0
1,277560,0
0,544,0
1,279456,0
0,328,0
1,278752,0
0,512,0
1,279336,0
0,512,0
1,278792,0
0,544,0
1,279784,0
0,328,0
1,278480,0
0,512,0
1,136280,0
0,160,0
1,280112,0
0,512,0
1,149648,0
0,160,0
1,280384,0
0,512,0
1,149808,0
0,160,0
1,280656,0
0,512,0
1,208360,0
0,160,0
1,281512,0
0,512,0
1,280968,0
0,544,0
1,282752,0
0,328,0
1,282048,0
0,512,0
1,282632,0
0,512,0
1,282088,0
0,544,0
1,283080,0
0,328,0
1,281776,0
0,512,0
1,283408,0
0,38400,0
1,322392,0
0,512,0
1,321848,0
0,544,0
1,323744,0
0,328,0
1,323040,0
0,512,0
1,323624,0
0,512,0
1,323080,0
0,544,0
1,324072,0
0,328,0
1,322768,0
0,512,0
1,324400,0
0,960,0
1,326448,0
0,512,0
1,325360,0
0,960,0
1,326720,0
0,512,0
1,328496,0
0,960,0
1,326992,0
0,512,0
1,329456,0
0,960,0
1,137216,0
0,512,0
1,136672,0
0,544,0
1,328088,0
0,328,0
1,137760,0
0,512,0
1,327968,0
0,512,0
1,333360,0
0,544,0
0,328,0
1,137488,0
0,512,0
1,335408,0
0,24000,0
1,334776,0
0,512,0
1,334232,0
0,544,0
1,360448,0
0,328,0
1,328456,0
0,512,0
1,335224,0
0,512,0
1,359904,0
0,544,0
1,360776,0
0,328,0
1,359632,0
0,512,0
1,361456,0
0,960,0
1,361104,0
0,512,0
1,362416,0
0,960,0
1,363504,0
0,512,0
1,365552,0
0,960,0
1,363776,0
0,512,0
1,366512,0
0,960,0
1,369064,0
0,512,0
1,368520,0
0,544,0
1,370288,0
0,328,0
1,137800,0
0,512,0
1,370168,0
0,512,0
1,369624,0
0,544,0
1,370616,0
0,328,0
1,369352,0
0,512,0
1,370944,0
0,9600,0
0,512,0
1,37272,0
0,40,0
1,381360,0
0,512,0
1,380816,0
0,544,0
1,382624,0
0,328,0
1,381920,0
0,512,0
1,382504,0
0,512,0
1,381960,0
0,544,0
1,382952,0
0,328,0
1,381648,0
0,512,0
1,383280,0
0,9600,0
0,512,0
1,394928,0
0,960,0
1,396976,0
0,512,0
1,394352,0
0,544,0
1,398216,0
0,328,0
1,397512,0
0,512,0
1,398096,0
0,512,0
1,397552,0
0,544,0
1,398544,0
0,328,0
1,397240,0
0,512,0
1,399024,0
0,38400,0
1,437968,0
0,512,0
1,437424,0
0,544,0
1,439280,0
0,328,0
1,398912,0
0,512,0
1,439160,0
0,512,0
1,438616,0
0,544,0
1,439608,0
0,328,0
1,438344,0
0,512,0
1,208520,0
0,160,0
1,439936,0
0,512,0
1,212456,0
0,160,0
1,440208,0
0,512,0
1,212616,0
0,160,0
1,440480,0
0,512,0
1,235288,0
0,160,0
1,442960,0
0,512,0
1,442416,0
0,544,0
1,444200,0
0,328,0
1,443496,0
0,512,0
1,444080,0
0,512,0
1,443536,0
0,544,0
1,444528,0
0,328,0
1,443224,0
0,512,0
1,444856,0
0,38400,0
1,483840,0
0,512,0
1,483296,0
0,544,0
1,485192,0
0,328,0
1,484488,0
0,512,0
1,485072,0
0,512,0
1,484528,0
0,544,0
1,485520,0
0,328,0
1,484216,0
0,512,0
1,395888,0
0,960,0
1,485848,0
0,512,0
1,486120,0
0,960,0
1,488168,0
0,512,0
1,487080,0
0,960,0
1,488440,0
0,512,0
1,490216,0
0,960,0
1,493056,0
0,512,0
1,492512,0
0,544,0
1,494592,0
0,328,0
1,490168,0
0,512,0
1,494472,0
0,512,0
1,493928,0
0,544,0
1,494920,0
0,328,0
1,493656,0
0,512,0
1,495248,0
0,8640,0
1,504472,0
0,512,0
1,503928,0
0,544,0
1,505792,0
0,328,0
1,505088,0
0,512,0
1,505672,0
0,512,0
1,505128,0
0,544,0
1,506120,0
0,328,0
1,504816,0
0,512,0
1,491176,0
0,960,0
1,506448,0
0,512,0
1,506720,0
0,960,0
1,508768,0
0,512,0
1,507680,0
0,960,0
1,509040,0
0,512,0
1,510816,0
0,960,0
1,514448,0
0,512,0
1,513904,0
0,544,0
1,515712,0
0,328,0
1,515008,0
0,512,0
1,515592,0
0,512,0
1,515048,0
0,544,0
1,516040,0
0,328,0
1,514736,0
0,512,0
1,516368,0
0,9600,0
0,512,0
1,47864,0
0,40,0
1,526824,0
0,512,0
1,526280,0
0,544,0
1,528088,0
0,328,0
1,527384,0
0,512,0
1,527968,0
0,512,0
1,527424,0
0,544,0
1,528416,0
0,328,0
1,527112,0
0,512,0
1,528744,0
0,9600,0
0,512,0
1,511776,0
0,960,0
1,540360,0
0,512,0
1,539816,0
0,544,0
1,541600,0
0,328,0
1,540896,0
0,512,0
1,541480,0
0,512,0
1,540936,0
0,544,0
1,541928,0
0,328,0
1,540624,0
0,512,0
1,542256,0
0,76800,0
1,619640,0
0,512,0
1,619096,0
0,544,0
1,620992,0
0,328,0
1,620288,0
0,512,0
1,620872,0
0,512,0
1,620328,0
0,544,0
1,621320,0
0,328,0
1,620016,0
0,512,0
1,94416,0
0,320,0
1,621648,0
0,512,0
1,621920,0
0,320,0
1,623968,0
0,512,0
1,622240,0
0,320,0
1,624240,0
0,512,0
1,622560,0
0,320,0
1,625096,0
0,512,0
1,624552,0
0,544,0
1,626336,0
0,328,0
1,625632,0
0,512,0
1,626216,0
0,512,0
1,625672,0
0,544,0
1,626664,0
0,328,0
1,625360,0
0,512,0
1,626992,0
0,153600,0
1,781176,0
0,512,0
1,780632,0
0,544,0
1,782528,0
0,328,0
1,781824,0
0,512,0
1,782408,0
0,512,0
1,781864,0
0,544,0
1,782856,0
0,328,0
1,781552,0
0,512,0
1,783184,0
0,1920,0
1,785232,0
0,512,0
1,787280,0
0,1920,0
1,785504,0
0,512,0
1,789200,0
0,1920,0
1,785776,0
0,512,0
1,791120,0
0,1920,0
1,786920,0
0,512,0
1,793040,0
0,544,0
1,794520,0
0,328,0
1,787192,0
0,512,0
1,794400,0
0,512,0
1,793856,0
0,544,0
1,794848,0
0,328,0
1,793584,0
0,512,0
1,795176,0
0,17280,0
1,813000,0
0,512,0
1,812456,0
0,544,0
1,814648,0
0,328,0
1,813944,0
0,512,0
1,814528,0
0,512,0
1,813984,0
0,544,0
1,814976,0
0,328,0
1,813672,0
0,512,0
1,815304,0
0,1920,0
1,817352,0
0,512,0
1,819400,0
0,1920,0
1,817624,0
0,512,0
1,821320,0
0,1920,0
1,817896,0
0,512,0
1,823240,0
0,1920,0
1,827040,0
0,512,0
1,826496,0
0,544,0
1,828304,0
0,328,0
1,827600,0
0,512,0
1,828184,0
0,512,0
1,827640,0
0,544,0
1,828632,0
0,328,0
1,827328,0
0,512,0
1,828960,0
0,38400,0
0,512,0
1,326320,0
0,80,0
1,868216,0
0,512,0
1,867672,0
0,544,0
1,869480,0
0,328,0
1,868776,0
0,512,0
1,869360,0
0,512,0
1,868816,0
0,544,0
1,869808,0
0,328,0
1,868504,0
0,512,0
1,870136,0
0,38400,0
0,512,0
1,910584,0
0,1920,0
1,912632,0
0,512,0
1,910008,0
0,544,0
1,913872,0
0,328,0
1,913168,0
0,512,0
1,913752,0
0,512,0
1,913208,0
0,544,0
1,914200,0
0,328,0
1,912896,0
0,512,0
1,914680,0
0,153600,0
1,1068824,0
0,512,0
1,1068280,0
0,544,0
1,1070136,0
0,328,0
1,914568,0
0,512,0
1,1070016,0
0,512,0
1,1069472,0
0,544,0
1,1070464,0
0,328,0
1,1069200,0
0,512,0
1,622880,0
0,320,0
1,1070792,0
0,512,0
1,623200,0
0,320,0
1,1071064,0
0,512,0
1,623520,0
0,320,0
1,1071336,0
0,512,0
1,1071608,0
0,320,0
1,1075864,0
0,512,0
1,1075320,0
0,544,0
1,1077104,0
0,328,0
1,1076400,0
0,512,0
1,1076984,0
0,512,0
1,1076440,0
0,544,0
1,1077432,0
0,328,0
1,1076128,0
0,512,0
1,1077760,0
0,153600,0
1,1231944,0
0,512,0
1,1231400,0
0,544,0
1,1233296,0
0,328,0
1,1232592,0
0,512,0
1,1233176,0
0,512,0
1,1232632,0
0,544,0
1,1233624,0
0,328,0
1,1232320,0
0,512,0
1,1233952,0
0,1920,0
1,1236000,0
0,512,0
1,1238048,0
0,1920,0
1,1236272,0
0,512,0
1,1239968,0
0,1920,0
1,1236544,0
0,512,0
1,1241888,0
0,1920,0
1,1237688,0
0,512,0
1,1243808,0
0,544,0
1,1245288,0
0,328,0
1,1237960,0
0,512,0
1,1245168,0
0,512,0
1,1244624,0
0,544,0
1,1245616,0
0,328,0
1,1244352,0
0,512,0
1,1245944,0
0,17280,0
1,1263768,0
0,512,0
1,1263224,0
0,544,0
1,1265416,0
0,328,0
1,1264712,0
0,512,0
1,1265296,0
0,512,0
1,1264752,0
0,544,0
1,1265744,0
0,328,0
1,1264440,0
0,512,0
1,1266072,0
0,1920,0
1,1268120,0
0,512,0
1,1270168,0
0,1920,0
1,1268392,0
0,512,0
1,1272088,0
0,1920,0
1,1268664,0
0,512,0
1,1274008,0
0,1920,0
1,1277808,0
0,512,0
1,1277264,0
0,544,0
1,1279072,0
0,328,0
1,1278368,0
0,512,0
1,1278952,0
0,512,0
1,1278408,0
0,544,0
1,1279400,0
0,328,0
1,1278096,0
0,512,0
1,1279728,0
0,38400,0
0,512,0
1,330416,0
0,80,0
1,1318984,0
0,512,0
1,1318440,0
0,544,0
1,1320248,0
0,328,0
1,1319544,0
0,512,0
1,1320128,0
0,512,0
1,1319584,0
0,544,0
1,1320576,0
0,328,0
1,1319272,0
0,512,0
1,1320904,0
0,38400,0
0,512,0
1,1361352,0
0,1920,0
1,1363400,0
0,512,0
1,1360776,0
0,544,0
1,1364640,0
0,328,0
1,1363936,0
0,512,0
1,1364520,0
0,512,0
1,1363976,0
0,544,0
1,1364968,0
0,328,0
1,1363664,0
0,512,0
1,1365448,0
0,153600,0
1,1519592,0
0,512,0
1,1519048,0
0,544,0
1,1520904,0
0,328,0
1,1365336,0
0,512,0
1,1520784,0
0,512,0
1,1520240,0
0,544,0
1,1521232,0
0,328,0
1,1519968,0
0,512,0
1,1071928,0
0,320,0
1,1521560,0
0,512,0
1,1072248,0
0,320,0
1,1521832,0
0,512,0
1,1072568,0
0,320,0
1,1522104,0
0,512,0
1,1072888,0
0,320,0
1,1524584,0
0,512,0
1,1524040,0
0,544,0
1,1525824,0
0,328,0
1,1525120,0
0,512,0
1,1525704,0
0,512,0
1,1525160,0
0,544,0
1,1526152,0
0,328,0
1,1524848,0
0,512,0
1,1526480,0
0,153600,0
1,1680664,0
0,512,0
1,1680120,0
0,544,0
1,1682016,0
0,328,0
1,1681312,0
0,512,0
1,1681896,0
0,512,0
1,1681352,0
0,544,0
1,1682344,0
0,328,0
1,1681040,0
0,512,0
1,1682672,0
0,1920,0
1,1684720,0
0,512,0
1,1686768,0
0,1920,0
1,1684992,0
0,512,0
1,1688688,0
0,1920,0
1,1685264,0
0,512,0
1,1690608,0
0,1920,0
1,1686408,0
0,512,0
1,1692528,0
0,544,0
1,1694008,0
0,328,0
1,1686680,0
0,512,0
1,1693888,0
0,512,0
1,1693344,0
0,544,0
1,1694336,0
0,328,0
1,1693072,0
0,512,0
1,1694664,0
0,48000,0
1,1743208,0
0,512,0
1,1742664,0
0,544,0
1,1744856,0
0,328,0
1,1744152,0
0,512,0
1,1744736,0
0,512,0
1,1744192,0
0,544,0
1,1745184,0
0,328,0
1,1743880,0
0,512,0
1,1745512,0
0,1920,0
1,1747560,0
0,512,0
1,1749608,0
0,1920,0
1,1747832,0
0,512,0
1,1751528,0
0,1920,0
1,1748104,0
0,512,0
1,1753448,0
0,1920,0
1,331216,0
0,512,0
1,330672,0
0,544,0
1,332480,0
0,328,0
1,331776,0
0,512,0
1,332360,0
0,512,0
1,331816,0
0,544,0
1,332808,0
0,328,0
1,331504,0
0,512,0
1,1762208,0
0,38400,0
0,512,0
1,363376,0
0,80,0
1,333176,0
0,512,0
1,1800880,0
0,544,0
1,1802528,0
0,328,0
1,333296,0
0,512,0
1,1802408,0
0,512,0
1,1801864,0
0,544,0
1,1802856,0
0,328,0
1,1801592,0
0,512,0
1,1803184,0
0,38400,0
0,512,0
1,1843632,0
0,1920,0
1,1845680,0
0,512,0
1,1843056,0
0,544,0
1,1846920,0
0,328,0
1,1846216,0
0,512,0
1,1846800,0
0,512,0
1,1846256,0
0,544,0
1,1847248,0
0,328,0
1,1845944,0
0,512,0
1,1847728,0
0,215040,0
1,2063312,0
0,512,0
1,2062768,0
0,544,0
1,2064624,0
0,328,0
1,1847616,0
0,512,0
1,2064504,0
0,512,0
1,2063960,0
0,544,0
1,2064952,0
0,328,0
1,2063688,0
0,512,0
1,1073208,0
0,448,0
1,2065280,0
0,512,0
1,2065552,0
0,448,0
1,2067600,0
0,512,0
1,2066000,0
0,448,0
1,2067872,0
0,512,0
1,2066448,0
0,448,0
1,2068688,0
0,512,0
1,2068144,0
0,544,0
1,2069928,0
0,328,0
1,2069224,0
0,512,0
1,2069808,0
0,512,0
1,2069264,0
0,544,0
1,2070256,0
0,328,0
1,2068952,0
0,512,0
1,2070584,0
0,301056,0
1,2372224,0
0,512,0
1,2371680,0
0,544,0
1,2373576,0
0,328,0
1,2372872,0
0,512,0
1,2373456,0
0,512,0
1,2372912,0
0,544,0
1,2373904,0
0,328,0
1,2372600,0
0,512,0
1,2374232,0
0,2688,0
0,512,0
1,2378968,0
0,2688,0
1,2377192,0
0,512,0
1,2381656,0
0,2688,0
1,2377464,0
0,512,0
1,2384344,0
0,2688,0
1,2378608,0
0,512,0
1,2387032,0
0,544,0
1,2388512,0
0,328,0
1,2378880,0
0,512,0
1,2388392,0
0,512,0
1,2387848,0
0,544,0
1,2388840,0
0,328,0
1,2387576,0
0,512,0
1,2389168,0
0,67200,0
1,2456912,0
0,512,0
1,2456368,0
0,544,0
1,2458560,0
0,328,0
1,2457856,0
0,512,0
1,2458440,0
0,512,0
1,2457896,0
0,544,0
1,2458888,0
0,328,0
1,2457584,0
0,512,0
1,2459216,0
0,2688,0
0,512,0
1,2463952,0
0,2688,0
1,2462176,0
0,512,0
1,2466640,0
0,2688,0
1,2462448,0
0,512,0
1,2469328,0
0,2688,0
1,2473896,0
0,512,0
1,2473352,0
0,544,0
1,2475160,0
0,328,0
1,2474456,0
0,512,0
1,2475040,0
0,512,0
1,2474496,0
0,544,0
1,2475488,0
0,328,0
1,2474184,0
0,512,0
1,2475816,0
0,75264,0
0,512,0
1,367472,0
0,112,0
1,2551936,0
0,512,0
1,2551392,0
0,544,0
1,2553200,0
0,328,0
1,2552496,0
0,512,0
1,2553080,0
0,512,0
1,2552536,0
0,544,0
1,2553528,0
0,328,0
1,2552224,0
0,512,0
1,2553856,0
0,75264,0
0,512,0
1,2631168,0
0,2688,0
0,512,0
1,2630592,0
0,544,0
1,2635096,0
0,328,0
1,2634392,0
0,512,0
1,2634976,0
0,512,0
1,2634432,0
0,544,0
1,2635424,0
0,328,0
1,2634120,0
0,512,0
1,2635904,0
0,301056,0
1,2937504,0
0,512,0
1,2936960,0
0,544,0
1,2938816,0
0,328,0
1,2635792,0
0,512,0
1,2938696,0
0,512,0
1,2938152,0
0,544,0
1,2939144,0
0,328,0
1,2937880,0
0,512,0
1,2066896,0
0,448,0
1,2939472,0
0,512,0
1,2939744,0
0,448,0
1,2941792,0
0,512,0
1,2940192,0
0,448,0
1,2942064,0
0,512,0
1,2940640,0
0,448,0
1,2944544,0
0,512,0
1,2944000,0
0,544,0
1,2945784,0
0,328,0
1,2945080,0
0,512,0
1,2945664,0
0,512,0
1,2945120,0
0,544,0
1,2946112,0
0,328,0
1,2944808,0
0,512,0
1,2946440,0
0,301056,0
1,3248080,0
0,512,0
1,3247536,0
0,544,0
1,3249432,0
0,328,0
1,3248728,0
0,512,0
1,3249312,0
0,512,0
1,3248768,0
0,544,0
1,3249760,0
0,328,0
1,3248456,0
0,512,0
1,3250088,0
0,2688,0
0,512,0
1,3254824,0
0,2688,0
1,3253048,0
0,512,0
1,3257512,0
0,2688,0
1,3253320,0
0,512,0
1,3260200,0
0,2688,0
1,3254464,0
0,512,0
1,3262888,0
0,544,0
1,3264368,0
0,328,0
1,3254736,0
0,512,0
1,3264248,0
0,512,0
1,3263704,0
0,544,0
1,3264696,0
0,328,0
1,3263432,0
0,512,0
1,3265024,0
0,67200,0
1,3332768,0
0,512,0
1,3332224,0
0,544,0
1,3334416,0
0,328,0
1,3333712,0
0,512,0
1,3334296,0
0,512,0
1,3333752,0
0,544,0
1,3334744,0
0,328,0
1,3333440,0
0,512,0
1,3335072,0
0,2688,0
0,512,0
1,3339808,0
0,2688,0
1,3338032,0
0,512,0
1,3342496,0
0,2688,0
1,3338304,0
0,512,0
1,3345184,0
0,2688,0
1,3349752,0
0,512,0
1,3349208,0
0,544,0
1,3351016,0
0,328,0
1,3350312,0
0,512,0
1,3350896,0
0,512,0
1,3350352,0
0,544,0
1,3351344,0
0,328,0
1,3350040,0
0,512,0
1,3351672,0
0,75264,0
0,512,0
1,396848,0
0,112,0
1,3427792,0
0,512,0
1,3427248,0
0,544,0
1,3429056,0
0,328,0
1,3428352,0
0,512,0
1,3428936,0
0,512,0
1,3428392,0
0,544,0
1,3429384,0
0,328,0
1,3428080,0
0,512,0
1,3429712,0
0,75264,0
0,512,0
1,3507024,0
0,2688,0
0,512,0
1,3506448,0
0,544,0
1,3510952,0
0,328,0
1,3510248,0
0,512,0
1,3510832,0
0,512,0
1,3510288,0
0,544,0
1,3511280,0
0,328,0
1,3509976,0
0,512,0
1,3511760,0
0,301056,0
1,3813360,0
0,512,0
1,3812816,0
0,544,0
1,3814672,0
0,328,0
1,3511648,0
0,512,0
1,3814552,0
0,512,0
1,3814008,0
0,544,0
1,3815000,0
0,328,0
1,3813736,0
0,512,0
1,2941088,0
0,448,0
1,3815328,0
0,512,0
1,3815600,0
0,448,0
1,3817648,0
0,512,0
1,3816048,0
0,448,0
1,3817920,0
0,512,0
1,3816496,0
0,448,0
1,3820400,0
0,512,0
1,3819856,0
0,544,0
1,3821640,0
0,328,0
1,3820936,0
0,512,0
1,3821520,0
0,512,0
1,3820976,0
0,544,0
1,3821968,0
0,328,0
1,3820664,0
0,512,0
1,3822296,0
0,301056,0
1,4123936,0
0,512,0
1,4123392,0
0,544,0
1,4125288,0
0,328,0
1,4124584,0
0,512,0
1,4125168,0
0,512,0
1,4124624,0
0,544,0
1,4125616,0
0,328,0
1,4124312,0
0,512,0
1,4125944,0
0,2688,0
0,512,0
1,4130680,0
0,2688,0
1,4128904,0
0,512,0
1,4133368,0
0,2688,0
1,4129176,0
0,512,0
1,4136056,0
0,2688,0
1,4139832,0
0,512,0
1,4139288,0
0,544,0
1,4141368,0
0,328,0
1,4130608,0
0,512,0
1,4141248,0
0,512,0
1,4140704,0
0,544,0
1,4141696,0
0,328,0
1,4140432,0
0,512,0
1,4142024,0
0,67200,0
1,4209808,0
0,512,0
1,4209264,0
0,544,0
1,4211128,0
0,328,0
1,4210424,0
0,512,0
1,4211008,0
0,512,0
1,4210464,0
0,544,0
1,4211456,0
0,328,0
1,4210152,0
0,512,0
1,4211784,0
0,2688,0
0,512,0
1,4216520,0
0,2688,0
1,4214744,0
0,512,0
1,4219208,0
0,2688,0
1,4215016,0
0,512,0
1,4221896,0
0,2688,0
1,4226464,0
0,512,0
1,4225920,0
0,544,0
1,4227728,0
0,328,0
1,4227024,0
0,512,0
1,4227608,0
0,512,0
1,4227064,0
0,544,0
1,4228056,0
0,328,0
1,4226752,0
0,512,0
1,4228384,0
0,75264,0
0,512,0
1,488040,0
0,112,0
1,4304504,0
0,512,0
1,4303960,0
0,544,0
1,4305768,0
0,328,0
1,4305064,0
0,512,0
1,4305648,0
0,512,0
1,4305104,0
0,544,0
1,4306096,0
0,328,0
1,4304792,0
0,512,0
1,4306424,0
0,75264,0
0,512,0
1,4383736,0
0,2688,0
0,512,0
1,4383160,0
0,544,0
1,4387664,0
0,328,0
1,4386960,0
0,512,0
1,4387544,0
0,512,0
1,4387000,0
0,544,0
1,4387992,0
0,328,0
1,4386688,0
0,512,0
1,4388472,0
0,516096,0
1,4905112,0
0,512,0
1,4904568,0
0,544,0
1,4906424,0
0,328,0
1,4388360,0
0,512,0
1,4906304,0
0,512,0
1,4905760,0
0,544,0
1,4906752,0
0,328,0
1,4905488,0
0,512,0
1,4907080,0
0,768,0
1,4909128,0
0,512,0
1,4907848,0
0,768,0
1,4909400,0
0,512,0
1,4911176,0
0,768,0
1,4909672,0
0,512,0
1,4911944,0
0,768,0
1,4910488,0
0,512,0
1,4909944,0
0,544,0
1,4913888,0
0,328,0
1,4911024,0
0,512,0
1,4913768,0
0,512,0
1,4913224,0
0,544,0
1,4914216,0
0,328,0
1,4910752,0
0,512,0
1,4915272,0
0,884736,0
1,4915088,0
0,512,0
1,4914544,0
0,544,0
1,5801200,0
0,328,0
1,4915208,0
0,512,0
1,5801080,0
0,512,0
1,5800536,0
0,544,0
1,5801528,0
0,328,0
1,5800264,0
0,512,0
1,5802056,0
0,4608,0
0,512,0
1,5808712,0
0,4608,0
1,5806936,0
0,512,0
1,5813320,0
0,4608,0
1,5807208,0
0,512,0
1,5817928,0
0,4608,0
0,512,0
1,5808152,0
0,544,0
1,5823744,0
0,328,0
1,5802016,0
0,512,0
1,5823624,0
0,512,0
1,5823080,0
0,544,0
1,5824072,0
0,328,0
1,5822808,0
0,512,0
1,5824584,0
0,115200,0
1,5824440,0
0,512,0
1,5939784,0
0,544,0
1,5941856,0
0,328,0
1,5941152,0
0,512,0
1,5941736,0
0,512,0
1,5941192,0
0,544,0
1,5942184,0
0,328,0
1,5940880,0
0,512,0
1,5942512,0
0,4608,0
0,512,0
1,5949168,0
0,4608,0
1,5947392,0
0,512,0
1,5953776,0
0,4608,0
1,5947664,0
0,512,0
1,5958384,0
0,4608,0
1,5964872,0
0,512,0
1,5964328,0
0,544,0
1,5966136,0
0,328,0
1,5965432,0
0,512,0
1,5966016,0
0,512,0
1,5965472,0
0,544,0
1,5966464,0
0,328,0
1,5965160,0
0,512,0
1,5966792,0
0,221184,0
0,512,0
1,94736,0
0,192,0
1,6188832,0
0,512,0
1,6188288,0
0,544,0
1,6190096,0
0,328,0
1,6189392,0
0,512,0
1,6189976,0
0,512,0
1,6189432,0
0,544,0
1,6190424,0
0,328,0
1,6189120,0
0,512,0
1,6190752,0
0,221184,0
0,512,0
1,6413984,0
0,4608,0
0,512,0
1,6413408,0
0,544,0
1,6419832,0
0,328,0
1,6419128,0
0,512,0
1,6419712,0
0,512,0
1,6419168,0
0,544,0
1,6420160,0
0,328,0
1,6418856,0
0,512,0
1,6420640,0
0,884736,0
1,7305920,0
0,512,0
1,7305376,0
0,544,0
1,7307232,0
0,328,0
1,6420528,0
0,512,0
1,7307112,0
0,512,0
1,7306568,0
0,544,0
1,7307560,0
0,328,0
1,7306296,0
0,512,0
1,7307888,0
0,768,0
1,7309936,0
0,512,0
1,7308656,0
0,768,0
1,7310208,0
0,512,0
1,7311984,0
0,768,0
1,7310480,0
0,512,0
1,7312752,0
0,768,0
1,7315120,0
0,512,0
1,7314576,0
0,544,0
1,7316320,0
0,328,0
1,7311872,0
0,512,0
1,7316200,0
0,512,0
1,7315656,0
0,544,0
1,7316648,0
0,328,0
1,7315384,0
0,512,0
1,7316976,0
0,884736,0
1,8202256,0
0,512,0
1,8201712,0
0,544,0
1,8203608,0
0,328,0
1,8202904,0
0,512,0
1,8203488,0
0,512,0
1,8202944,0
0,544,0
1,8203936,0
0,328,0
1,8202632,0
0,512,0
1,8204264,0
0,4608,0
0,512,0
1,8210920,0
0,4608,0
1,8209144,0
0,512,0
1,8215528,0
0,4608,0
1,8209416,0
0,512,0
1,8220136,0
0,4608,0
1,8210560,0
0,512,0
1,8224744,0
0,544,0
1,8226224,0
0,328,0
1,8210832,0
0,512,0
1,8226104,0
0,512,0
1,8225560,0
0,544,0
1,8226552,0
0,328,0
1,8225288,0
0,512,0
1,8226880,0
0,115200,0
1,8342624,0
0,512,0
1,8342080,0
0,544,0
1,8344272,0
0,328,0
1,8343568,0
0,512,0
1,8344152,0
0,512,0
1,8343608,0
0,544,0
1,8344600,0
0,328,0
1,8343296,0
0,512,0
1,8344928,0
0,4608,0
0,512,0
1,8351584,0
0,4608,0
1,8349808,0
0,512,0
1,8356192,0
0,4608,0
1,8350080,0
0,512,0
1,8360800,0
0,4608,0
1,8367288,0
0,512,0
1,8366744,0
0,544,0
1,8368552,0
0,328,0
1,8367848,0
0,512,0
1,8368432,0
0,512,0
1,8367888,0
0,544,0
1,8368880,0
0,328,0
1,8367576,0
0,512,0
1,8369208,0
0,221184,0
0,512,0
1,2067344,0
0,192,0
1,8591248,0
0,512,0
1,8590704,0
0,544,0
1,8592512,0
0,328,0
1,8591808,0
0,512,0
1,8592392,0
0,512,0
1,8591848,0
0,544,0
1,8592840,0
0,328,0
1,8591536,0
0,512,0
1,8593168,0
0,221184,0
0,512,0
1,8816400,0
0,4608,0
0,512,0
1,8815824,0
0,544,0
1,8822248,0
0,328,0
1,8821544,0
0,512,0
1,8822128,0
0,512,0
1,8821584,0
0,544,0
1,8822576,0
0,328,0
1,8821272,0
0,512,0
1,8823056,0
0,884736,0
1,9708336,0
0,512,0
1,9707792,0
0,544,0
1,9709648,0
0,328,0
1,8822944,0
0,512,0
1,9709528,0
0,512,0
1,9708984,0
0,544,0
1,9709976,0
0,328,0
1,9708712,0
0,512,0
1,9710304,0
0,768,0
1,9712352,0
0,512,0
1,9711072,0
0,768,0
1,9712624,0
0,512,0
1,9714400,0
0,768,0
1,9712896,0
0,512,0
1,9715168,0
0,768,0
1,9717536,0
0,512,0
1,9716992,0
0,544,0
1,9718736,0
0,328,0
1,9714288,0
0,512,0
1,9718616,0
0,512,0
1,9718072,0
0,544,0
1,9719064,0
0,328,0
1,9717800,0
0,512,0
1,9719392,0
0,884736,0
1,10604672,0
0,512,0
1,10604128,0
0,544,0
1,10606024,0
0,328,0
1,10605320,0
0,512,0
1,10605904,0
0,512,0
1,10605360,0
0,544,0
1,10606352,0
0,328,0
1,10605048,0
0,512,0
1,10606680,0
0,4608,0
0,512,0
1,10613336,0
0,4608,0
1,10611560,0
0,512,0
1,10617944,0
0,4608,0
1,10611832,0
0,512,0
1,10622552,0
0,4608,0
1,10612976,0
0,512,0
1,10627160,0
0,544,0
1,10628640,0
0,328,0
1,10613248,0
0,512,0
1,10628520,0
0,512,0
1,10627976,0
0,544,0
1,10628968,0
0,328,0
1,10627704,0
0,512,0
1,10629296,0
0,115200,0
1,10745040,0
0,512,0
1,10744496,0
0,544,0
1,10746688,0
0,328,0
1,10745984,0
0,512,0
1,10746568,0
0,512,0
1,10746024,0
0,544,0
1,10747016,0
0,328,0
1,10745712,0
0,512,0
1,10747344,0
0,4608,0
0,512,0
1,10754000,0
0,4608,0
1,10752224,0
0,512,0
1,10758608,0
0,4608,0
1,10752496,0
0,512,0
1,10763216,0
0,4608,0
1,10769704,0
0,512,0
1,10769160,0
0,544,0
1,10770968,0
0,328,0
1,10770264,0
0,512,0
1,10770848,0
0,512,0
1,10770304,0
0,544,0
1,10771296,0
0,328,0
1,10769992,0
0,512,0
1,10771624,0
0,221184,0
0,512,0
1,2941536,0
0,192,0
1,10993664,0
0,512,0
1,10993120,0
0,544,0
1,10994928,0
0,328,0
1,10994224,0
0,512,0
1,10994808,0
0,512,0
1,10994264,0
0,544,0
1,10995256,0
0,328,0
1,10993952,0
0,512,0
1,10995584,0
0,221184,0
0,512,0
1,11218816,0
0,4608,0
0,512,0
1,11218240,0
0,544,0
1,11224664,0
0,328,0
1,11223960,0
0,512,0
1,11224544,0
0,512,0
1,11224000,0
0,544,0
1,11224992,0
0,328,0
1,11223688,0
0,512,0
1,11225472,0
0,884736,0
1,12110752,0
0,512,0
1,12110208,0
0,544,0
1,12112064,0
0,328,0
1,11225360,0
0,512,0
1,12111944,0
0,512,0
1,12111400,0
0,544,0
1,12112392,0
0,328,0
1,12111128,0
0,512,0
1,12112720,0
0,768,0
1,12114768,0
0,512,0
1,12113488,0
0,768,0
1,12115040,0
0,512,0
1,12116816,0
0,768,0
1,12115312,0
0,512,0
1,12117584,0
0,768,0
1,12119952,0
0,512,0
1,12119408,0
0,544,0
1,12121152,0
0,328,0
1,12116704,0
0,512,0
1,12121032,0
0,512,0
1,12120488,0
0,544,0
1,12121480,0
0,328,0
1,12120216,0
0,512,0
1,12121808,0
0,884736,0
1,13007088,0
0,512,0
1,13006544,0
0,544,0
1,13008440,0
0,328,0
1,13007736,0
0,512,0
1,13008320,0
0,512,0
1,13007776,0
0,544,0
1,13008768,0
0,328,0
1,13007464,0
0,512,0
1,13009096,0
0,4608,0
0,512,0
1,13015752,0
0,4608,0
1,13013976,0
0,512,0
1,13020360,0
0,4608,0
1,13014248,0
0,512,0
1,13024968,0
0,4608,0
1,13015392,0
0,512,0
1,13029576,0
0,544,0
1,13031056,0
0,328,0
1,13015664,0
0,512,0
1,13030936,0
0,512,0
1,13030392,0
0,544,0
1,13031384,0
0,328,0
1,13030120,0
0,512,0
1,13031712,0
0,41472,0
1,13073728,0
0,512,0
1,13073184,0
0,544,0
1,13076464,0
0,328,0
1,13075760,0
0,512,0
1,13076344,0
0,512,0
1,13075800,0
0,544,0
1,13076792,0
0,328,0
1,13075488,0
0,512,0
1,13077120,0
0,4608,0
0,512,0
1,13083776,0
0,4608,0
1,13082000,0
0,512,0
1,13088384,0
0,4608,0
1,13082272,0
0,512,0
1,13092992,0
0,4608,0
1,13099480,0
0,512,0
1,13098936,0
0,544,0
1,13100744,0
0,328,0
1,13100040,0
0,512,0
1,13100624,0
0,512,0
1,13100080,0
0,544,0
1,13101072,0
0,328,0
1,13099768,0
0,512,0
1,13101400,0
0,221184,0
0,512,0
1,4908616,0
0,192,0
1,13323440,0
0,512,0
1,13322896,0
0,544,0
1,13324704,0
0,328,0
1,13324000,0
0,512,0
1,13324584,0
0,512,0
1,13324040,0
0,544,0
1,13325032,0
0,328,0
1,13323728,0
0,512,0
1,13325360,0
0,221184,0
0,512,0
1,13548592,0
0,4608,0
0,512,0
1,13548016,0
0,544,0
1,13554440,0
0,328,0
1,13553736,0
0,512,0
1,13554320,0
0,512,0
1,13553776,0
0,544,0
1,13554768,0
0,328,0
1,13553464,0
0,512,0
1,13555248,0
0,1474560,0
1,15030352,0
0,512,0
1,15029808,0
0,544,0
1,15031664,0
0,328,0
1,13555136,0
0,512,0
1,15031544,0
0,512,0
1,15031000,0
0,544,0
1,15031992,0
0,328,0
1,15030728,0
0,512,0
1,15032320,0
0,1280,0
1,15034368,0
0,512,0
1,15036416,0
0,1280,0
1,15034640,0
0,512,0
1,15037696,0
0,1280,0
1,15034912,0
0,512,0
1,15038976,0
0,1280,0
1,15035728,0
0,512,0
1,15035184,0
0,544,0
1,15040800,0
0,328,0
1,15036256,0
0,512,0
1,15036296,0
0,512,0
1,15040256,0
0,544,0
1,15041128,0
0,328,0
1,15035984,0
0,512,0
1,15042304,0
0,1638400,0
1,15042040,0
0,512,0
1,15041496,0
0,544,0
1,16681848,0
0,328,0
1,15042160,0
0,512,0
1,16681728,0
0,512,0
1,16681184,0
0,544,0
1,16682176,0
0,328,0
1,16680912,0
0,512,0
1,16682752,0
0,5120,0
0,512,0
1,16689920,0
0,5120,0
1,16688144,0
0,512,0
1,16695040,0
0,5120,0
1,16688416,0
0,512,0
1,16700160,0
0,5120,0
1,16706824,0
0,512,0
1,16706280,0
0,544,0
1,16708064,0
0,328,0
1,16707360,0
0,512,0
1,16707944,0
0,512,0
1,16707400,0
0,544,0
1,16708392,0
0,328,0
1,16707088,0
0,512,0
1,16708720,0
0,5120000,0
0,512,0
1,21830768,0
0,4000,0
