1,0,0
0,61440,0
0,4096,0
0,61440,0
0,4096,0
0,61440,0
0,4096,0
0,61440,0
0,4096,0
0,61440,0
0,4096,0
0,61440,0
0,4096,0
0,61440,0
0,4096,0
0,61440,0
0,4096,0
0,61440,0
0,4096,0
0,61440,0
0,4096,0
0,61440,0
0,4096,0
0,61440,0
0,4096,0
0,61440,0
0,4096,0
0,61440,0
0,4096,0
0,61440,0
0,4096,0
0,61440,0
0,4096,0
0,61440,0
0,4096,0
0,61440,0
0,4096,0
0,61440,0
0,4096,0
0,61440,0
0,4096,0
0,61440,0
0,4096,0
0,61440,0
0,4096,0
0,61440,0
0,4096,0
0,61440,0
0,4096,0
0,61440,0
0,4096,0
0,61440,0
0,4096,0
0,61440,0
0,4096,0
0,61440,0
0,4096,0
0,61440,0
0,4096,0
0,61440,0
0,4096,0
0,61440,0
0,4096,0
0,61440,0
0,4096,0
0,61440,0
0,4096,0
0,61440,0
0,4096,0
0,61440,0
0,4096,0
0,61440,0
0,4096,0
0,61440,0
0,4096,0
0,61440,0
0,4096,0
0,61440,0
0,4096,0
0,61440,0
0,4096,0
0,61440,0
0,4096,0
0,61440,0
0,4096,0
0,61440,0
0,4096,0
0,61440,0
0,4096,0
0,61440,0
0,4096,0
0,61440,0
0,4096,0
0,61440,0
0,4096,0
0,61440,0
0,4096,0
0,61440,0
0,4096,0
0,61440,0
0,4096,0
0,61440,0
0,4096,0
0,61440,0
0,4096,0
0,61440,0
0,4096,0
0,61440,0
0,4096,0
0,61440,0
0,4096,0
0,61440,0
0,4096,0
0,61440,0
0,4096,0
0,61440,0
0,4096,0
0,61440,0
0,4096,0
0,61440,0
0,4096,0
0,61440,0
0,4096,0
0,61440,0
0,4096,0
0,61440,0
0,4096,0
0,61440,0
0,4096,0
0,61440,0
0,4096,0
0,61440,0
0,4096,0
0,61440,0
0,4096,0
0,61440,0
0,4096,0
0,61440,0
0,4096,0
0,61440,0
0,4096,0
0,61440,0
0,4096,0
0,61440,0
0,4096,0
0,61440,0
0,4096,0
0,61440,0
0,4096,0
0,61440,0
0,4096,0
0,61440,0
0,4096,0
0,61440,0
0,4096,0
0,61440,0
0,4096,0
0,61440,0
0,4096,0
0,61440,0
0,4096,0
0,61440,0
0,4096,0
0,61440,0
0,4096,0
0,61440,0
0,4096,0
0,61440,0
0,4096,0
0,61440,0
0,4096,0
0,61440,0
0,4096,0
0,61440,0
0,4096,0
0,61440,0
0,4096,0
0,61440,0
0,4096,0
0,61440,0
0,4096,0
0,61440,0
0,4096,0
0,61440,0
0,4096,0
0,61440,0
0,4096,0
0,61440,0
0,4096,0
0,61440,0
0,4096,0
0,61440,0
0,4096,0
0,61440,0
0,4096,0
0,61440,0
0,4096,0
0,61440,0
0,4096,0
0,61440,0
0,4096,0
0,61440,0
0,4096,0
0,61440,0
0,4096,0
0,61440,0
0,4096,0
0,61440,0
0,4096,0
0,61440,0
0,4096,0
0,61440,0
0,4096,0
0,61440,0
0,4096,0
0,61440,0
0,4096,0
0,61440,0
0,4096,0
0,61440,0
0,4096,0
0,61440,0
0,4096,0
0,61440,0
0,4096,0
0,61440,0
0,4096,0
0,61440,0
0,4096,0
0,61440,0
0,4096,0
0,61440,0
0,4096,0
0,61440,0
0,4096,0
0,61440,0
0,4096,0
0,61440,0
0,4096,0
0,61440,0
0,4096,0
0,61440,0
0,4096,0
0,61440,0
0,4096,0
0,61440,0
0,4096,0
0,61440,0
0,4096,0
0,61440,0
0,4096,0
0,61440,0
0,4096,0
0,61440,0
0,4096,0
0,61440,0
0,4096,0
0,61440,0
0,4096,0
0,61440,0
0,4096,0
0,61440,0
0,4096,0
0,61440,0
0,4096,0
0,61440,0
0,4096,0
0,61440,0
0,4096,0
0,61440,0
0,4096,0
0,61440,0
0,4096,0
0,61440,0
0,4096,0
0,61440,0
0,4096,0
0,61440,0
0,4096,0
0,61440,0
0,4096,0
0,61440,0
0,4096,0
0,61440,0
0,4096,0
0,61440,0
0,4096,0
0,61440,0
0,4096,0
0,61440,0
0,4096,0
0,61440,0
0,4096,0
0,61440,0
0,4096,0
0,61440,0
0,4096,0
0,61440,0
0,4096,0
0,61440,0
0,4096,0
0,61440,0
0,4096,0
0,61440,0
0,4096,0
0,61440,0
0,4096,0
0,61440,0
0,4096,0
0,61440,0
0,4096,0
0,61440,0
0,4096,0
0,61440,0
0,4096,0
0,61440,0
0,4096,0
0,61440,0
0,4096,0
0,61440,0
0,4096,0
0,61440,0
0,4096,0
0,61440,0
0,4096,0
0,61440,0
0,4096,0
0,61440,0
0,4096,0
0,61440,0
0,4096,0
0,61440,0
0,4096,0
0,61440,0
0,4096,0
0,61440,0
0,4096,0
0,61440,0
0,4096,0
0,61440,0
0,4096,0
0,61440,0
0,4096,0
0,61440,0
0,4096,0
0,61440,0
0,4096,0
0,61440,0
0,4096,0
0,61440,0
0,4096,0
0,61440,0
0,4096,0
0,61440,0
0,4096,0
0,61440,0
0,4096,0
0,61440,0
0,4096,0
0,61440,0
0,4096,0
0,61440,0
0,4096,0
0,61440,0
0,4096,0
0,61440,0
0,4096,0
0,61440,0
0,4096,0
0,61440,0
0,4096,0
0,61440,0
0,4096,0
0,61440,0
0,4096,0
0,61440,0
0,4096,0
0,61440,0
0,4096,0
0,61440,0
0,4096,0
0,61440,0
0,4096,0
0,61440,0
0,4096,0
0,61440,0
0,4096,0
0,61440,0
0,4096,0
0,61440,0
0,4096,0
0,61440,0
0,4096,0
0,61440,0
0,4096,0
0,61440,0
0,4096,0
0,61440,0
0,4096,0
0,61440,0
0,4096,0
0,61440,0
0,4096,0
0,61440,0
0,4096,0
0,61440,0
0,4096,0
0,61440,0
0,4096,0
0,61440,0
0,4096,0
0,61440,0
0,4096,0
0,61440,0
0,4096,0
0,61440,0
0,4096,0
0,61440,0
0,4096,0
0,61440,0
0,4096,0
0,61440,0
0,4096,0
0,61440,0
0,4096,0
0,61440,0
0,4096,0
0,61440,0
0,4096,0
0,61440,0
0,4096,0
0,61440,0
0,4096,0
0,61440,0
0,4096,0
0,61440,0
0,4096,0
0,61440,0
0,4096,0
0,61440,0
0,4096,0
0,61440,0
0,4096,0
0,61440,0
0,4096,0
0,61440,0
0,4096,0
0,61440,0
0,4096,0
0,61440,0
0,4096,0
0,61440,0
0,4096,0
0,61440,0
0,4096,0
0,61440,0
0,4096,0
0,61440,0
0,4096,0
0,61440,0
0,4096,0
0,61440,0
0,4096,0
0,61440,0
0,4096,0
0,61440,0
0,4096,0
0,61440,0
0,4096,0
0,61440,0
0,4096,0
0,61440,0
0,4096,0
0,61440,0
0,4096,0
0,61440,0
0,4096,0
0,61440,0
0,4096,0
0,61440,0
0,4096,0
0,61440,0
0,4096,0
0,61440,0
0,4096,0
0,61440,0
0,4096,0
0,61440,0
0,4096,0
0,61440,0
0,4096,0
0,61440,0
0,4096,0
0,61440,0
0,4096,0
0,61440,0
0,4096,0
0,61440,0
0,4096,0
0,61440,0
0,4096,0
0,61440,0
0,4096,0
0,61440,0
0,4096,0
0,61440,0
0,4096,0
0,61440,0
0,4096,0
0,61440,0
0,4096,0
0,61440,0
0,4096,0
0,61440,0
0,4096,0
0,61440,0
0,4096,0
0,61440,0
0,4096,0
0,61440,0
0,4096,0
0,61440,0
0,4096,0
0,61440,0
0,4096,0
0,61440,0
0,4096,0
0,61440,0
0,4096,0
0,61440,0
0,4096,0
0,61440,0
0,4096,0
0,61440,0
0,4096,0
0,61440,0
0,4096,0
0,61440,0
0,4096,0
0,61440,0
0,4096,0
0,61440,0
0,4096,0
0,61440,0
0,4096,0
0,61440,0
0,4096,0
0,61440,0
0,4096,0
0,61440,0
0,4096,0
0,61440,0
0,4096,0
0,61440,0
0,4096,0
0,61440,0
0,4096,0
0,61440,0
0,4096,0
0,61440,0
0,4096,0
0,61440,0
0,4096,0
0,61440,0
0,4096,0
0,61440,0
0,4096,0
0,61440,0
0,4096,0
0,61440,0
0,4096,0
0,61440,0
0,4096,0
0,61440,0
0,4096,0
0,61440,0
0,4096,0
0,61440,0
0,4096,0
0,61440,0
0,4096,0
0,61440,0
0,4096,0
0,61440,0
0,4096,0
0,61440,0
0,4096,0
0,61440,0
0,4096,0
0,61440,0
0,4096,0
0,61440,0
0,4096,0
0,61440,0
0,4096,0
0,61440,0
0,4096,0
0,61440,0
0,4096,0
0,61440,0
0,4096,0
0,61440,0
0,4096,0
0,61440,0
0,4096,0
0,61440,0
0,4096,0
0,61440,0
0,4096,0
0,61440,0
0,4096,0
0,61440,0
0,4096,0
0,61440,0
0,4096,0
0,61440,0
0,4096,0
0,61440,0
0,4096,0
0,61440,0
0,4096,0
0,61440,0
0,4096,0
0,61440,0
0,4096,0
0,61440,0
0,4096,0
0,61440,0
0,4096,0
0,61440,0
0,4096,0
0,61440,0
0,4096,0
0,61440,0
0,4096,0
0,61440,0
0,4096,0
0,61440,0
0,4096,0
0,61440,0
0,4096,0
0,61440,0
0,4096,0
0,61440,0
0,4096,0
0,61440,0
0,4096,0
0,61440,0
0,4096,0
0,61440,0
0,4096,0
0,61440,0
0,4096,0
0,61440,0
0,4096,0
0,61440,0
0,4096,0
0,61440,0
0,4096,0
0,61440,0
0,4096,0
0,61440,0
0,4096,0
0,61440,0
0,4096,0
0,61440,0
0,4096,0
0,61440,0
0,4096,0
0,61440,0
0,4096,0
0,61440,0
0,4096,0
0,61440,0
0,4096,0
0,61440,0
0,4096,0
0,61440,0
0,4096,0
0,61440,0
0,4096,0
0,61440,0
0,4096,0
0,61440,0
0,4096,0
0,61440,0
0,4096,0
0,61440,0
0,4096,0
0,61440,0
0,4096,0
0,61440,0
0,4096,0
0,61440,0
0,4096,0
0,61440,0
0,4096,0
0,61440,0
0,4096,0
0,61440,0
0,4096,0
0,61440,0
0,4096,0
0,61440,0
0,4096,0
0,61440,0
0,4096,0
0,61440,0
0,4096,0
0,61440,0
0,4096,0
0,61440,0
0,4096,0
0,61440,0
0,4096,0
0,61440,0
0,4096,0
0,61440,0
0,4096,0
0,61440,0
0,4096,0
0,61440,0
0,4096,0
0,61440,0
0,4096,0
0,61440,0
0,4096,0
0,61440,0
0,4096,0
0,61440,0
0,4096,0
0,61440,0
0,4096,0
0,61440,0
0,4096,0
0,61440,0
0,4096,0
0,61440,0
0,4096,0
0,61440,0
0,4096,0
0,61440,0
0,4096,0
0,61440,0
0,4096,0
0,61440,0
0,4096,0
0,61440,0
0,4096,0
0,61440,0
0,4096,0
0,61440,0
0,4096,0
0,61440,0
0,4096,0
0,61440,0
0,4096,0
0,61440,0
0,4096,0
0,61440,0
0,4096,0
0,61440,0
0,4096,0
0,61440,0
0,4096,0
0,61440,0
0,4096,0
0,61440,0
0,4096,0
0,61440,0
0,4096,0
0,61440,0
0,4096,0
0,61440,0
0,4096,0
0,61440,0
0,4096,0
0,61440,0
0,4096,0
0,61440,0
0,4096,0
0,61440,0
0,4096,0
0,61440,0
0,4096,0
0,61440,0
0,4096,0
0,61440,0
0,4096,0
0,61440,0
0,4096,0
0,61440,0
0,4096,0
0,61440,0
0,4096,0
0,61440,0
0,4096,0
0,61440,0
0,4096,0
0,61440,0
0,4096,0
0,61440,0
0,4096,0
0,61440,0
0,4096,0
0,61440,0
0,4096,0
0,61440,0
0,4096,0
0,61440,0
0,4096,0
0,61440,0
0,4096,0
0,61440,0
0,4096,0
0,61440,0
0,4096,0
0,61440,0
0,4096,0
0,61440,0
0,4096,0
0,61440,0
0,4096,0
0,61440,0
0,4096,0
0,61440,0
0,4096,0
0,61440,0
0,4096,0
0,61440,0
0,4096,0
0,61440,0
0,4096,0
0,61440,0
0,4096,0
0,61440,0
0,4096,0
0,61440,0
0,4096,0
0,61440,0
0,4096,0
0,61440,0
0,4096,0
0,61440,0
0,4096,0
0,61440,0
0,4096,0
0,61440,0
0,4096,0
0,61440,0
0,4096,0
0,61440,0
0,4096,0
0,61440,0
0,4096,0
0,61440,0
0,4096,0
0,61440,0
0,4096,0
0,61440,0
0,4096,0
0,61440,0
0,4096,0
0,61440,0
0,4096,0
0,61440,0
0,4096,0
0,61440,0
0,4096,0
0,61440,0
0,4096,0
0,61440,0
0,4096,0
0,61440,0
0,4096,0
0,61440,0
0,4096,0
0,61440,0
0,4096,0
0,61440,0
0,4096,0
0,61440,0
0,4096,0
0,61440,0
0,4096,0
0,61440,0
0,4096,0
0,61440,0
0,4096,0
0,61440,0
0,4096,0
0,61440,0
0,4096,0
0,61440,0
0,4096,0
0,61440,0
0,4096,0
0,61440,0
0,4096,0
0,61440,0
0,4096,0
0,61440,0
0,4096,0
0,61440,0
0,4096,0
0,61440,0
0,4096,0
0,61440,0
0,4096,0
0,61440,0
0,4096,0
0,61440,0
0,4096,0
0,61440,0
0,4096,0
0,61440,0
0,4096,0
0,61440,0
0,4096,0
0,61440,0
0,4096,0
0,61440,0
0,4096,0
0,61440,0
0,4096,0
0,61440,0
0,4096,0
0,61440,0
0,4096,0
0,61440,0
0,4096,0
0,61440,0
0,4096,0
0,61440,0
0,4096,0
0,61440,0
0,4096,0
0,61440,0
0,4096,0
0,61440,0
0,4096,0
0,61440,0
0,4096,0
0,61440,0
0,4096,0
0,61440,0
0,4096,0
0,61440,0
0,4096,0
0,61440,0
0,4096,0
0,61440,0
0,4096,0
0,61440,0
0,4096,0
0,61440,0
0,4096,0
0,61440,0
0,4096,0
0,61440,0
0,4096,0
0,61440,0
0,4096,0
0,61440,0
0,4096,0
0,61440,0
0,4096,0
0,61440,0
0,4096,0
0,61440,0
0,4096,0
0,61440,0
0,4096,0
0,61440,0
0,4096,0
0,61440,0
0,4096,0
0,61440,0
0,4096,0
0,61440,0
0,4096,0
0,61440,0
0,4096,0
0,61440,0
0,4096,0
0,61440,0
0,4096,0
0,61440,0
0,4096,0
0,61440,0
0,4096,0
0,61440,0
0,4096,0
0,61440,0
0,4096,0
0,61440,0
0,4096,0
0,61440,0
0,4096,0
0,61440,0
0,4096,0
0,61440,0
0,4096,0
0,61440,0
0,4096,0
0,61440,0
0,4096,0
0,61440,0
0,4096,0
0,61440,0
0,4096,0
0,61440,0
0,4096,0
0,61440,0
0,4096,0
0,61440,0
0,4096,0
0,61440,0
0,4096,0
0,61440,0
0,4096,0
0,61440,0
0,4096,0
0,61440,0
0,4096,0
0,61440,0
0,4096,0
0,61440,0
0,4096,0
0,61440,0
0,4096,0
0,61440,0
0,4096,0
0,61440,0
0,4096,0
0,61440,0
0,4096,0
0,61440,0
0,4096,0
0,61440,0
0,4096,0
0,61440,0
0,4096,0
0,61440,0
0,4096,0
0,61440,0
0,4096,0
0,61440,0
0,4096,0
0,61440,0
0,4096,0
0,61440,0
0,4096,0
0,61440,0
0,4096,0
0,61440,0
0,4096,0
0,61440,0
0,4096,0
0,61440,0
0,4096,0
0,61440,0
0,4096,0
0,61440,0
0,4096,0
0,61440,0
0,4096,0
0,61440,0
0,4096,0
0,61440,0
0,4096,0
0,61440,0
0,4096,0
0,61440,0
0,4096,0
0,61440,0
0,4096,0
0,61440,0
0,4096,0
0,61440,0
0,4096,0
0,61440,0
0,4096,0
0,61440,0
0,4096,0
0,61440,0
0,4096,0
0,61440,0
0,4096,0
0,61440,0
0,4096,0
0,61440,0
0,4096,0
0,61440,0
0,4096,0
0,61440,0
0,4096,0
0,61440,0
0,4096,0
0,61440,0
0,4096,0
0,61440,0
0,4096,0
0,61440,0
0,4096,0
0,61440,0
0,4096,0
0,61440,0
0,4096,0
0,61440,0
0,4096,0
0,61440,0
0,4096,0
0,61440,0
0,4096,0
0,61440,0
0,4096,0
0,61440,0
0,4096,0
0,61440,0
0,4096,0
0,61440,0
0,4096,0
0,61440,0
0,4096,0
0,61440,0
0,4096,0
0,61440,0
0,4096,0
0,61440,0
0,4096,0
0,61440,0
0,4096,0
0,61440,0
0,4096,0
0,61440,0
0,4096,0
0,61440,0
0,4096,0
0,61440,0
0,4096,0
0,61440,0
0,4096,0
0,61440,0
0,4096,0
0,61440,0
0,4096,0
0,61440,0
0,4096,0
0,61440,0
0,4096,0
0,61440,0
0,4096,0
0,61440,0
0,4096,0
0,61440,0
0,4096,0
0,61440,0
0,4096,0
0,61440,0
0,4096,0
0,61440,0
0,4096,0
0,61440,0
0,4096,0
0,61440,0
0,4096,0
0,61440,0
0,4096,0
0,61440,0
0,4096,0
0,61440,0
0,4096,0
0,61440,0
0,4096,0
0,61440,0
0,4096,0
0,61440,0
0,4096,0
0,61440,0
0,4096,0
0,61440,0
0,4096,0
0,61440,0
0,4096,0
0,61440,0
0,4096,0
0,61440,0
0,4096,0
0,61440,0
0,4096,0
0,61440,0
0,4096,0
0,61440,0
0,4096,0
0,61440,0
0,4096,0
0,61440,0
0,4096,0
0,61440,0
0,4096,0
0,61440,0
0,4096,0
0,61440,0
0,4096,0
0,61440,0
0,4096,0
0,61440,0
0,4096,0
0,61440,0
0,4096,0
0,61440,0
0,4096,0
0,61440,0
0,4096,0
0,61440,0
0,4096,0
0,61440,0
0,4096,0
0,61440,0
0,4096,0
0,61440,0
0,4096,0
0,61440,0
0,4096,0
0,61440,0
0,4096,0
0,61440,0
0,4096,0
0,61440,0
0,4096,0
0,61440,0
0,4096,0
0,61440,0
0,4096,0
0,61440,0
0,4096,0
0,61440,0
0,4096,0
0,61440,0
0,4096,0
0,61440,0
0,4096,0
0,61440,0
0,4096,0
0,61440,0
0,4096,0
0,61440,0
0,4096,0
0,61440,0
0,4096,0
0,61440,0
0,4096,0
0,61440,0
0,4096,0
0,61440,0
0,4096,0
0,61440,0
0,4096,0
0,61440,0
0,4096,0
0,61440,0
0,4096,0
0,61440,0
0,4096,0
0,61440,0
0,4096,0
0,61440,0
0,4096,0
0,61440,0
0,4096,0
0,61440,0
0,4096,0
0,61440,0
0,4096,0
0,61440,0
0,4096,0
0,61440,0
0,4096,0
0,61440,0
0,4096,0
0,61440,0
0,4096,0
0,61440,0
0,4096,0
0,61440,0
0,4096,0
0,61440,0
0,4096,0
0,61440,0
0,4096,0
0,61440,0
0,4096,0
0,61440,0
0,4096,0
0,61440,0
0,4096,0
0,61440,0
0,4096,0
0,61440,0
0,4096,0
0,61440,0
0,4096,0
0,61440,0
0,4096,0
0,61440,0
0,4096,0
0,61440,0
0,4096,0
0,61440,0
0,4096,0
0,61440,0
0,4096,0
0,61440,0
0,4096,0
0,61440,0
0,4096,0
0,61440,0
0,4096,0
0,61440,0
0,4096,0
0,61440,0
0,4096,0
0,61440,0
0,4096,0
0,61440,0
0,4096,0
0,61440,0
0,4096,0
0,61440,0
0,4096,0
0,61440,0
0,4096,0
0,61440,0
0,4096,0
0,61440,0
0,4096,0
0,61440,0
0,4096,0
0,61440,0
0,4096,0
0,61440,0
0,4096,0
0,61440,0
0,4096,0
0,61440,0
0,4096,0
0,61440,0
0,4096,0
0,61440,0
0,4096,0
0,61440,0
0,4096,0
0,61440,0
0,4096,0
0,61440,0
0,4096,0
0,61440,0
0,4096,0
0,61440,0
0,4096,0
0,61440,0
0,4096,0
0,61440,0
0,4096,0
0,61440,0
0,4096,0
0,61440,0
0,4096,0
0,61440,0
0,4096,0
0,61440,0
0,4096,0
0,61440,0
0,4096,0
0,61440,0
0,4096,0
0,61440,0
0,4096,0
0,61440,0
0,4096,0
0,61440,0
0,4096,0
0,61440,0
0,4096,0
0,61440,0
0,4096,0
0,61440,0
0,4096,0
0,61440,0
0,4096,0
0,61440,0
0,4096,0
0,61440,0
0,4096,0
0,61440,0
0,4096,0
0,61440,0
0,4096,0
0,61440,0
0,4096,0
0,61440,0
0,4096,0
0,61440,0
0,4096,0
0,61440,0
0,4096,0
0,61440,0
0,4096,0
0,61440,0
0,4096,0
0,61440,0
0,4096,0
0,61440,0
0,4096,0
0,61440,0
0,4096,0
0,61440,0
0,4096,0
0,61440,0
0,4096,0
0,61440,0
0,4096,0
0,61440,0
0,4096,0
0,61440,0
0,4096,0
0,61440,0
0,4096,0
0,61440,0
0,4096,0
0,61440,0
0,4096,0
0,61440,0
0,4096,0
0,61440,0
0,4096,0
0,61440,0
0,4096,0
0,61440,0
0,4096,0
0,61440,0
0,4096,0
0,61440,0
0,4096,0
0,61440,0
0,4096,0
0,61440,0
0,4096,0
0,61440,0
0,4096,0
0,61440,0
0,4096,0
0,61440,0
0,4096,0
0,61440,0
0,4096,0
0,61440,0
0,4096,0
0,61440,0
0,4096,0
0,61440,0
0,4096,0
0,61440,0
0,4096,0
0,61440,0
0,4096,0
0,61440,0
0,4096,0
0,61440,0
0,4096,0
0,61440,0
0,4096,0
0,61440,0
0,4096,0
0,61440,0
0,4096,0
0,61440,0
0,4096,0
0,61440,0
0,4096,0
0,61440,0
0,4096,0
0,61440,0
0,4096,0
0,61440,0
0,4096,0
0,61440,0
0,4096,0
0,61440,0
0,4096,0
0,61440,0
0,4096,0
0,61440,0
0,4096,0
0,61440,0
0,4096,0
0,61440,0
0,4096,0
0,61440,0
0,4096,0
0,61440,0
0,4096,0
0,61440,0
0,4096,0
0,61440,0
0,4096,0
0,61440,0
0,4096,0
0,61440,0
0,4096,0
0,61440,0
0,4096,0
0,61440,0
0,4096,0
0,61440,0
0,4096,0
0,61440,0
0,4096,0
0,61440,0
0,4096,0
0,61440,0
0,4096,0
0,61440,0
0,4096,0
0,61440,0
0,4096,0
0,61440,0
0,4096,0
0,61440,0
0,4096,0
0,61440,0
0,4096,0
0,61440,0
0,4096,0
0,61440,0
0,4096,0
0,61440,0
0,4096,0
0,61440,0
0,4096,0
0,61440,0
0,4096,0
0,61440,0
0,4096,0
0,61440,0
0,4096,0
0,61440,0
0,4096,0
0,61440,0
0,4096,0
0,61440,0
0,4096,0
0,61440,0
0,4096,0
0,61440,0
0,4096,0
0,61440,0
0,4096,0
0,61440,0
0,4096,0
0,61440,0
0,4096,0
0,61440,0
0,4096,0
0,61440,0
0,4096,0
0,61440,0
0,4096,0
0,61440,0
0,4096,0
0,61440,0
0,4096,0
0,61440,0
0,4096,0
0,61440,0
0,4096,0
0,61440,0
0,4096,0
0,61440,0
0,4096,0
0,61440,0
0,4096,0
0,61440,0
0,4096,0
0,61440,0
0,4096,0
0,61440,0
0,4096,0
0,61440,0
0,4096,0
0,61440,0
0,4096,0
0,61440,0
0,4096,0
0,61440,0
0,4096,0
0,61440,0
0,4096,0
0,61440,0
0,4096,0
0,61440,0
0,4096,0
0,61440,0
0,4096,0
0,61440,0
0,4096,0
0,61440,0
0,4096,0
0,61440,0
0,4096,0
0,61440,0
0,4096,0
0,61440,0
0,4096,0
0,61440,0
0,4096,0
0,61440,0
0,4096,0
0,61440,0
0,4096,0
0,61440,0
0,4096,0
0,61440,0
0,4096,0
0,61440,0
0,4096,0
0,61440,0
0,4096,0
0,61440,0
0,4096,0
0,61440,0
0,4096,0
0,61440,0
0,4096,0
0,61440,0
0,4096,0
0,61440,0
0,4096,0
0,61440,0
0,4096,0
0,61440,0
0,4096,0
0,61440,0
0,4096,0
0,61440,0
0,4096,0
0,61440,0
0,4096,0
0,61440,0
0,4096,0
0,61440,0
0,4096,0
0,61440,0
0,4096,0
0,61440,0
0,4096,0
0,61440,0
0,4096,0
0,61440,0
0,4096,0
0,61440,0
0,4096,0
0,61440,0
0,4096,0
0,61440,0
0,4096,0
0,61440,0
0,4096,0
0,61440,0
0,4096,0
0,61440,0
0,4096,0
0,61440,0
0,4096,0
0,61440,0
0,4096,0
0,61440,0
0,4096,0
0,61440,0
0,4096,0
0,61440,0
0,4096,0
0,61440,0
0,4096,0
0,61440,0
0,4096,0
0,61440,0
0,4096,0
0,61440,0
0,4096,0
0,61440,0
0,4096,0
0,61440,0
0,4096,0
0,61440,0
0,4096,0
0,61440,0
0,4096,0
0,61440,0
0,4096,0
0,61440,0
0,4096,0
0,61440,0
0,4096,0
0,61440,0
0,4096,0
0,61440,0
0,4096,0
0,61440,0
0,4096,0
0,61440,0
0,4096,0
0,61440,0
0,4096,0
0,61440,0
0,4096,0
0,61440,0
0,4096,0
0,61440,0
0,4096,0
0,61440,0
0,4096,0
0,61440,0
0,4096,0
0,61440,0
0,4096,0
0,61440,0
0,4096,0
0,61440,0
0,4096,0
0,61440,0
0,4096,0
0,61440,0
0,4096,0
0,61440,0
0,4096,0
0,61440,0
0,4096,0
0,61440,0
0,4096,0
0,61440,0
0,4096,0
0,61440,0
0,4096,0
0,61440,0
0,4096,0
0,61440,0
0,4096,0
0,61440,0
0,4096,0
0,61440,0
0,4096,0
0,61440,0
0,4096,0
0,61440,0
0,4096,0
0,61440,0
0,4096,0
0,61440,0
0,4096,0
0,61440,0
0,4096,0
0,61440,0
0,4096,0
0,61440,0
0,4096,0
0,61440,0
0,4096,0
0,61440,0
0,4096,0
0,61440,0
0,4096,0
0,61440,0
0,4096,0
0,61440,0
0,4096,0
0,61440,0
0,4096,0
0,61440,0
0,4096,0
0,61440,0
0,4096,0
0,61440,0
0,4096,0
0,61440,0
0,4096,0
0,61440,0
0,4096,0
0,61440,0
0,4096,0
0,61440,0
0,4096,0
0,61440,0
0,4096,0
0,61440,0
0,4096,0
0,61440,0
0,4096,0
0,61440,0
0,4096,0
0,61440,0
0,4096,0
0,61440,0
0,4096,0
0,61440,0
0,4096,0
0,61440,0
0,4096,0
0,61440,0
0,4096,0
0,61440,0
0,4096,0
0,61440,0
0,4096,0
0,61440,0
0,4096,0
0,61440,0
0,4096,0
0,61440,0
0,4096,0
0,61440,0
0,4096,0
0,61440,0
0,4096,0
0,61440,0
0,4096,0
0,61440,0
0,4096,0
0,61440,0
0,4096,0
0,61440,0
0,4096,0
0,61440,0
0,4096,0
0,61440,0
0,4096,0
0,61440,0
0,4096,0
0,61440,0
0,4096,0
0,61440,0
0,4096,0
0,61440,0
0,4096,0
0,61440,0
0,4096,0
0,61440,0
0,4096,0
0,61440,0
0,4096,0
0,61440,0
0,4096,0
0,61440,0
0,4096,0
0,61440,0
0,4096,0
0,61440,0
0,4096,0
0,61440,0
0,4096,0
0,61440,0
0,4096,0
0,61440,0
0,4096,0
0,61440,0
0,4096,0
0,61440,0
0,4096,0
0,61440,0
0,4096,0
0,61440,0
0,4096,0
0,61440,0
0,4096,0
0,61440,0
0,4096,0
0,61440,0
0,4096,0
0,61440,0
0,4096,0
0,61440,0
0,4096,0
0,61440,0
0,4096,0
0,61440,0
0,4096,0
0,61440,0
0,4096,0
0,61440,0
0,4096,0
0,61440,0
0,4096,0
0,61440,0
0,4096,0
0,61440,0
0,4096,0
0,61440,0
0,4096,0
0,61440,0
0,4096,0
0,61440,0
0,4096,0
0,61440,0
0,4096,0
0,61440,0
0,4096,0
0,61440,0
0,4096,0
0,61440,0
0,4096,0
0,61440,0
0,4096,0
0,61440,0
0,4096,0
0,61440,0
0,4096,0
0,61440,0
0,4096,0
0,61440,0
0,4096,0
0,61440,0
0,4096,0
0,61440,0
0,4096,0
0,61440,0
0,4096,0
0,61440,0
0,4096,0
0,61440,0
0,4096,0
0,61440,0
0,4096,0
0,61440,0
0,4096,0
0,61440,0
0,4096,0
0,61440,0
0,4096,0
0,61440,0
0,4096,0
0,61440,0
0,4096,0
0,61440,0
0,4096,0
0,61440,0
0,4096,0
0,61440,0
0,4096,0
0,61440,0
0,4096,0
0,61440,0
0,4096,0
0,61440,0
0,4096,0
0,61440,0
0,4096,0
0,61440,0
0,4096,0
0,61440,0
0,4096,0
0,61440,0
0,4096,0
0,61440,0
0,4096,0
0,61440,0
0,4096,0
0,61440,0
0,4096,0
0,61440,0
0,4096,0
0,61440,0
0,4096,0
0,61440,0
0,4096,0
0,61440,0
0,4096,0
0,61440,0
0,4096,0
0,61440,0
0,4096,0
0,61440,0
0,4096,0
0,61440,0
0,4096,0
0,61440,0
0,4096,0
0,61440,0
0,4096,0
0,61440,0
0,4096,0
0,61440,0
0,4096,0
0,61440,0
0,4096,0
0,61440,0
0,4096,0
0,61440,0
0,4096,0
0,61440,0
0,4096,0
0,61440,0
0,4096,0
0,61440,0
0,4096,0
0,61440,0
0,4096,0
0,61440,0
0,4096,0
0,61440,0
0,4096,0
0,61440,0
0,4096,0
0,61440,0
0,4096,0
0,61440,0
0,4096,0
0,61440,0
0,4096,0
0,61440,0
0,4096,0
0,61440,0
0,4096,0
0,61440,0
0,4096,0
0,61440,0
0,4096,0
0,61440,0
0,4096,0
0,61440,0
0,4096,0
0,61440,0
0,4096,0
0,61440,0
0,4096,0
0,61440,0
0,4096,0
0,61440,0
0,4096,0
0,61440,0
0,4096,0
0,61440,0
0,4096,0
0,61440,0
0,4096,0
0,61440,0
0,4096,0
0,61440,0
0,4096,0
0,61440,0
0,4096,0
0,61440,0
0,4096,0
0,61440,0
0,4096,0
0,61440,0
0,4096,0
0,61440,0
0,4096,0
0,61440,0
0,4096,0
0,61440,0
0,4096,0
0,61440,0
0,4096,0
0,61440,0
0,4096,0
0,61440,0
0,4096,0
0,61440,0
0,4096,0
0,61440,0
0,4096,0
0,61440,0
0,4096,0
0,61440,0
0,4096,0
0,61440,0
0,4096,0
0,61440,0
0,4096,0
0,61440,0
0,4096,0
0,61440,0
0,4096,0
0,61440,0
0,4096,0
0,61440,0
0,4096,0
0,61440,0
0,4096,0
0,61440,0
0,4096,0
0,61440,0
0,4096,0
0,61440,0
0,4096,0
0,61440,0
0,4096,0
0,61440,0
0,4096,0
0,61440,0
0,4096,0
0,61440,0
0,4096,0
0,61440,0
0,4096,0
0,61440,0
0,4096,0
0,61440,0
0,4096,0
0,61440,0
0,4096,0
0,61440,0
0,4096,0
0,61440,0
0,4096,0
0,61440,0
0,4096,0
0,61440,0
0,4096,0
0,61440,0
0,4096,0
0,61440,0
0,4096,0
0,61440,0
0,4096,0
0,61440,0
0,4096,0
0,61440,0
0,4096,0
0,61440,0
0,4096,0
0,61440,0
0,4096,0
0,61440,0
0,4096,0
0,61440,0
0,4096,0
0,61440,0
0,4096,0
0,61440,0
0,4096,0
0,61440,0
0,4096,0
0,61440,0
0,4096,0
0,61440,0
0,4096,0
0,61440,0
0,4096,0
0,61440,0
0,4096,0
0,61440,0
0,4096,0
0,61440,0
0,4096,0
0,61440,0
0,4096,0
0,61440,0
0,4096,0
0,61440,0
0,4096,0
0,61440,0
0,4096,0
0,61440,0
0,4096,0
0,61440,0
0,4096,0
0,61440,0
0,4096,0
0,61440,0
0,4096,0
0,61440,0
0,4096,0
0,61440,0
0,4096,0
0,61440,0
0,4096,0
0,61440,0
0,4096,0
0,61440,0
0,4096,0
0,61440,0
0,4096,0
0,61440,0
0,4096,0
0,61440,0
0,4096,0
0,61440,0
0,4096,0
0,61440,0
0,4096,0
0,61440,0
0,4096,0
0,61440,0
0,4096,0
0,61440,0
0,4096,0
0,61440,0
0,4096,0
0,61440,0
0,4096,0
0,61440,0
0,4096,0
0,61440,0
0,4096,0
0,61440,0
0,4096,0
0,61440,0
0,4096,0
0,61440,0
0,4096,0
0,61440,0
0,4096,0
0,61440,0
0,4096,0
0,61440,0
0,4096,0
0,61440,0
0,4096,0
0,61440,0
0,4096,0
0,61440,0
0,4096,0
0,61440,0
0,4096,0
0,61440,0
0,4096,0
0,61440,0
0,4096,0
0,61440,0
0,4096,0
0,61440,0
0,4096,0
0,61440,0
0,4096,0
0,61440,0
0,4096,0
0,61440,0
0,4096,0
0,61440,0
0,4096,0
0,61440,0
0,4096,0
0,61440,0
0,4096,0
0,61440,0
0,4096,0
0,61440,0
0,4096,0
0,61440,0
0,4096,0
0,61440,0
0,4096,0
0,61440,0
0,4096,0
0,61440,0
0,4096,0
0,61440,0
0,4096,0
0,61440,0
0,4096,0
0,61440,0
0,4096,0
0,61440,0
0,4096,0
0,61440,0
0,4096,0
0,61440,0
0,4096,0
0,61440,0
0,4096,0
0,61440,0
0,4096,0
0,61440,0
0,4096,0
0,61440,0
0,4096,0
0,61440,0
0,4096,0
0,61440,0
0,4096,0
0,61440,0
0,4096,0
0,61440,0
0,4096,0
0,61440,0
0,4096,0
0,61440,0
0,4096,0
0,61440,0
0,4096,0
0,61440,0
0,4096,0
0,61440,0
0,4096,0
0,61440,0
0,4096,0
0,61440,0
0,4096,0
0,61440,0
0,4096,0
0,61440,0
0,4096,0
0,61440,0
0,4096,0
0,61440,0
0,4096,0
0,61440,0
0,4096,0
0,61440,0
0,4096,0
0,61440,0
0,4096,0
0,61440,0
0,4096,0
0,61440,0
0,4096,0
0,61440,0
0,4096,0
0,61440,0
0,4096,0
0,61440,0
0,4096,0
0,61440,0
0,4096,0
0,61440,0
0,4096,0
0,61440,0
0,4096,0
0,61440,0
0,4096,0
0,61440,0
0,4096,0
0,61440,0
0,4096,0
0,61440,0
0,4096,0
0,61440,0
0,4096,0
0,61440,0
0,4096,0
0,61440,0
0,4096,0
0,61440,0
0,4096,0
0,61440,0
0,4096,0
0,61440,0
0,4096,0
0,61440,0
0,4096,0
0,61440,0
0,4096,0
0,61440,0
0,4096,0
0,61440,0
0,4096,0
0,61440,0
0,4096,0
0,61440,0
0,4096,0
0,61440,0
0,4096,0
0,61440,0
0,4096,0
0,61440,0
0,4096,0
0,61440,0
0,4096,0
0,61440,0
0,4096,0
0,61440,0
0,4096,0
0,61440,0
0,4096,0
0,61440,0
0,4096,0
0,61440,0
0,4096,0
0,61440,0
0,4096,0
0,61440,0
0,4096,0
0,61440,0
0,4096,0
0,61440,0
0,4096,0
0,61440,0
0,4096,0
0,61440,0
0,4096,0
0,61440,0
0,4096,0
0,61440,0
0,4096,0
0,61440,0
0,4096,0
0,61440,0
0,4096,0
0,61440,0
0,4096,0
0,61440,0
0,4096,0
0,61440,0
0,4096,0
0,61440,0
0,4096,0
0,61440,0
0,4096,0
0,61440,0
0,4096,0
0,61440,0
0,4096,0
0,61440,0
0,4096,0
0,61440,0
0,4096,0
0,61440,0
0,4096,0
0,61440,0
0,4096,0
0,61440,0
0,4096,0
0,61440,0
0,4096,0
0,61440,0
0,4096,0
0,61440,0
0,4096,0
0,61440,0
0,4096,0
0,61440,0
0,4096,0
0,61440,0
0,4096,0
0,61440,0
0,4096,0
0,61440,0
0,4096,0
0,61440,0
0,4096,0
0,61440,0
0,4096,0
0,61440,0
0,4096,0
0,61440,0
0,4096,0
0,61440,0
0,4096,0
0,61440,0
0,4096,0
0,61440,0
0,4096,0
0,61440,0
0,4096,0
0,61440,0
0,4096,0
0,61440,0
0,4096,0
0,61440,0
0,4096,0
0,61440,0
0,4096,0
0,61440,0
0,4096,0
0,61440,0
0,4096,0
0,61440,0
0,4096,0
0,61440,0
0,4096,0
0,61440,0
0,4096,0
0,61440,0
0,4096,0
0,61440,0
0,4096,0
0,61440,0
0,4096,0
0,61440,0
0,4096,0
0,61440,0
0,4096,0
0,61440,0
0,4096,0
0,61440,0
0,4096,0
0,61440,0
0,4096,0
0,61440,0
0,4096,0
0,61440,0
0,4096,0
0,61440,0
0,4096,0
0,61440,0
0,4096,0
0,61440,0
0,4096,0
0,61440,0
0,4096,0
0,61440,0
0,4096,0
0,61440,0
0,4096,0
0,61440,0
0,4096,0
0,61440,0
0,4096,0
0,61440,0
0,4096,0
0,61440,0
0,4096,0
0,61440,0
0,4096,0
0,61440,0
0,4096,0
0,61440,0
0,4096,0
0,61440,0
0,4096,0
0,61440,0
0,4096,0
0,61440,0
0,4096,0
0,61440,0
0,4096,0
0,61440,0
0,4096,0
0,61440,0
0,4096,0
0,61440,0
0,4096,0
0,61440,0
0,4096,0
0,61440,0
0,4096,0
0,61440,0
0,4096,0
0,61440,0
0,4096,0
0,61440,0
0,4096,0
0,61440,0
0,4096,0
0,61440,0
0,4096,0
0,61440,0
0,4096,0
0,61440,0
0,4096,0
0,61440,0
0,4096,0
0,61440,0
0,4096,0
0,61440,0
0,4096,0
0,61440,0
0,4096,0
0,61440,0
0,4096,0
0,61440,0
0,4096,0
0,61440,0
0,4096,0
0,61440,0
0,4096,0
0,61440,0
0,4096,0
0,61440,0
0,4096,0
0,61440,0
0,4096,0
0,61440,0
0,4096,0
0,61440,0
0,4096,0
0,61440,0
0,4096,0
0,61440,0
0,4096,0
0,61440,0
0,4096,0
0,61440,0
0,4096,0
0,61440,0
0,4096,0
0,61440,0
0,4096,0
0,61440,0
0,4096,0
0,61440,0
0,4096,0
0,61440,0
0,4096,0
0,61440,0
0,4096,0
0,61440,0
0,4096,0
0,61440,0
0,4096,0
0,61440,0
0,4096,0
0,61440,0
0,4096,0
0,61440,0
0,4096,0
0,61440,0
0,4096,0
0,61440,0
0,4096,0
0,61440,0
0,4096,0
0,61440,0
0,4096,0
0,61440,0
0,4096,0
0,61440,0
0,4096,0
0,61440,0
0,4096,0
0,61440,0
0,4096,0
0,61440,0
0,4096,0
0,61440,0
0,4096,0
0,61440,0
0,4096,0
0,61440,0
0,4096,0
0,61440,0
0,4096,0
0,61440,0
0,4096,0
0,61440,0
0,4096,0
0,61440,0
0,4096,0
0,61440,0
0,4096,0
0,61440,0
0,4096,0
0,61440,0
0,4096,0
0,61440,0
0,4096,0
0,61440,0
0,4096,0
0,61440,0
0,4096,0
0,61440,0
0,4096,0
0,61440,0
0,4096,0
0,61440,0
0,4096,0
0,61440,0
0,4096,0
0,61440,0
0,4096,0
0,61440,0
0,4096,0
0,61440,0
0,4096,0
0,61440,0
0,4096,0
0,61440,0
0,4096,0
0,61440,0
0,4096,0
0,61440,0
0,4096,0
0,61440,0
0,4096,0
0,61440,0
0,4096,0
0,61440,0
0,4096,0
0,61440,0
0,4096,0
0,61440,0
0,4096,0
0,61440,0
0,4096,0
0,61440,0
0,4096,0
0,61440,0
0,4096,0
0,61440,0
0,4096,0
0,61440,0
0,4096,0
0,61440,0
0,4096,0
0,61440,0
0,4096,0
0,61440,0
0,4096,0
0,61440,0
0,4096,0
0,61440,0
0,4096,0
0,61440,0
0,4096,0
0,61440,0
0,4096,0
0,61440,0
0,4096,0
0,61440,0
0,4096,0
0,61440,0
0,4096,0
0,61440,0
0,4096,0
0,61440,0
0,4096,0
0,61440,0
0,4096,0
0,61440,0
0,4096,0
0,61440,0
0,4096,0
0,61440,0
0,4096,0
0,61440,0
0,4096,0
0,61440,0
0,4096,0
0,61440,0
0,4096,0
0,61440,0
0,4096,0
0,61440,0
0,4096,0
0,61440,0
0,4096,0
0,61440,0
0,4096,0
0,61440,0
0,4096,0
0,61440,0
0,4096,0
0,61440,0
0,4096,0
0,61440,0
0,4096,0
0,61440,0
0,4096,0
0,61440,0
0,4096,0
0,61440,0
0,4096,0
0,61440,0
0,4096,0
0,61440,0
0,4096,0
0,61440,0
0,4096,0
0,61440,0
0,4096,0
0,61440,0
0,4096,0
0,61440,0
0,4096,0
0,61440,0
0,4096,0
0,61440,0
0,4096,0
0,61440,0
0,4096,0
0,61440,0
0,4096,0
0,61440,0
0,4096,0
0,61440,0
0,4096,0
0,61440,0
0,4096,0
0,61440,0
0,4096,0
0,61440,0
0,4096,0
0,61440,0
0,4096,0
0,61440,0
0,4096,0
0,61440,0
0,4096,0
0,61440,0
0,4096,0
0,61440,0
0,4096,0
0,61440,0
0,4096,0
0,61440,0
0,4096,0
0,61440,0
0,4096,0
0,61440,0
0,4096,0
0,61440,0
0,4096,0
0,61440,0
0,4096,0
0,61440,0
0,4096,0
0,61440,0
0,4096,0
0,61440,0
0,4096,0
0,61440,0
0,4096,0
0,61440,0
0,4096,0
0,61440,0
0,4096,0
0,61440,0
0,4096,0
0,61440,0
0,4096,0
0,61440,0
0,4096,0
0,61440,0
0,4096,0
0,61440,0
0,4096,0
0,61440,0
0,4096,0
0,61440,0
0,4096,0
0,61440,0
0,4096,0
0,61440,0
0,4096,0
0,61440,0
0,4096,0
0,61440,0
0,4096,0
0,61440,0
0,4096,0
0,61440,0
0,4096,0
0,61440,0
0,4096,0
0,61440,0
0,4096,0
0,61440,0
0,4096,0
0,61440,0
0,4096,0
0,61440,0
0,4096,0
0,61440,0
0,4096,0
0,61440,0
0,4096,0
0,61440,0
0,4096,0
0,61440,0
0,4096,0
0,61440,0
0,4096,0
0,61440,0
0,4096,0
0,61440,0
0,4096,0
0,61440,0
0,4096,0
0,61440,0
0,4096,0
0,61440,0
0,4096,0
0,61440,0
0,4096,0
0,61440,0
0,4096,0
0,61440,0
0,4096,0
0,61440,0
0,4096,0
0,61440,0
0,4096,0
0,61440,0
0,4096,0
0,61440,0
0,4096,0
0,61440,0
0,4096,0
0,61440,0
0,4096,0
0,61440,0
0,4096,0
0,61440,0
0,4096,0
0,61440,0
0,4096,0
0,61440,0
0,4096,0
0,61440,0
0,4096,0
0,61440,0
0,4096,0
0,61440,0
0,4096,0
0,61440,0
0,4096,0
0,61440,0
0,4096,0
0,61440,0
0,4096,0
0,61440,0
0,4096,0
0,61440,0
0,4096,0
0,61440,0
0,4096,0
0,61440,0
0,4096,0
0,61440,0
0,4096,0
0,61440,0
0,4096,0
0,61440,0
0,4096,0
0,61440,0
0,4096,0
0,61440,0
0,4096,0
0,61440,0
0,4096,0
0,61440,0
0,24576,0
0,61440,0
1,0,0
0,8,0
1,0,0
0,16,0
0,80,0
0,512,0
1,800,0
0,7080,0
1,11976,0
0,104,0
1,7880,0
0,4096,0
1,680,0
0,512,0
1,87895568,0
0,11264,0
1,136,0
0,544,0
1,22149352,0
0,544,0
1,76564568,0
0,328,0
1,12080,0
0,512,0
1,13112,0
0,128,0
1,38055328,0
0,544,0
1,86298568,0
0,328,0
1,13240,0
0,512,0
1,13944,0
0,136,0
1,29403680,0
0,544,0
1,24828032,0
0,328,0
1,19168,0
0,512,0
1,19872,0
0,232,0
1,22149896,0
0,544,0
1,12784,0
0,328,0
1,24328,0
0,512,0
1,25032,0
0,128,0
1,2888184,0
0,328,0
1,25160,0
0,512,0
1,25864,0
0,136,0
1,2967904,0
0,328,0
1,64496,0
0,512,0
1,65376,0
0,232,0
1,3056864,0
0,328,0
1,752,0
0,512,0
1,68408,0
0,128,0
1,4249776,0
0,328,0
1,68536,0
0,512,0
1,69240,0
0,136,0
1,4473760,0
0,328,0
1,144736,0
0,512,0
1,146120,0
0,232,0
1,8809552,0
0,328,0
1,148368,0
0,512,0
1,149072,0
0,128,0
0,512,0
1,149904,0
0,128,0
1,11485776,0
0,328,0
1,150032,0
0,512,0
1,150736,0
0,136,0
1,15298360,0
0,328,0
1,172984,0
0,512,0
1,173688,0
0,232,0
1,14075528,0
0,328,0
1,178144,0
0,512,0
1,178848,0
0,128,0
1,15799000,0
0,328,0
1,178976,0
0,512,0
1,179680,0
0,136,0
1,17974288,0
0,328,0
1,734408,0
0,512,0
1,735440,0
0,232,0
1,22149024,0
0,328,0
1,739896,0
0,512,0
1,740600,0
0,128,0
0,512,0
1,741432,0
0,128,0
1,59067800,0
0,328,0
1,741560,0
0,512,0
1,145440,0
0,136,0
1,76546552,0
0,328,0
1,145736,0
0,512,0
1,794256,0
0,232,0
1,87893656,0
0,328,0
1,796664,0
0,512,0
1,797696,0
0,128,0
1,37020088,0
0,328,0
1,797824,0
0,512,0
1,798528,0
0,136,0
1,837160,0
0,512,0
1,837864,0
0,136,0
1,33126384,0
0,328,0
1,1060816,0
0,512,0
1,1061520,0
0,232,0
1,1065976,0
0,512,0
1,1066680,0
0,232,0
1,31050488,0
0,328,0
1,1069088,0
0,512,0
1,1069792,0
0,128,0
0,512,0
1,1070624,0
0,128,0
0,512,0
1,1071456,0
0,128,0
1,24096120,0
0,328,0
1,1071584,0
0,512,0
1,1072288,0
0,136,0
1,41917528,0
0,328,0
1,1123208,0
0,512,0
1,1124240,0
0,136,0
1,1433208,0
0,512,0
1,1434240,0
0,136,0
1,1767784,0
0,512,0
1,1768488,0
0,136,0
1,23369696,0
0,328,0
1,1794832,0
0,512,0
1,1795536,0
0,232,0
1,62481776,0
0,328,0
1,1799992,0
0,512,0
1,1800696,0
0,232,0
1,1803104,0
0,512,0
1,1804136,0
0,232,0
1,1808592,0
0,512,0
1,1809296,0
0,232,0
1,24826872,0
0,328,0
1,1811704,0
0,512,0
1,742264,0
0,128,0
1,43261504,0
0,328,0
1,742392,0
0,512,0
1,742552,0
0,128,0
0,512,0
1,742840,0
0,128,0
1,1814904,0
0,512,0
1,1815608,0
0,128,0
1,8812296,0
0,328,0
1,1815736,0
0,512,0
1,1816440,0
0,128,0
1,1940848,0
0,328,0
1,1816568,0
0,512,0
1,1817272,0
0,136,0
1,2167944,0
0,328,0
1,1884576,0
0,512,0
1,1885280,0
0,232,0
1,2173432,0
0,328,0
1,1887688,0
0,512,0
1,1888392,0
0,128,0
0,512,0
1,1889224,0
0,136,0
1,1940144,0
0,512,0
1,1941176,0
0,136,0
1,2164128,0
0,512,0
1,2164832,0
0,232,0
1,2167240,0
0,512,0
1,2168272,0
0,232,0
1,2172728,0
0,512,0
1,2173760,0
0,128,0
0,512,0
1,2174592,0
0,128,0
1,1803808,0
0,328,0
1,2174720,0
0,512,0
1,2175424,0
0,128,0
0,512,0
1,2176256,0
0,136,0
1,2243560,0
0,512,0
1,2244264,0
0,136,0
1,2553232,0
0,512,0
1,2553936,0
0,136,0
1,2887480,0
0,512,0
1,2888512,0
0,136,0
1,2955816,0
0,512,0
1,2956520,0
0,232,0
1,2958928,0
0,512,0
1,2959632,0
0,232,0
1,2964088,0
0,512,0
1,2964792,0
0,232,0
1,2967200,0
0,512,0
1,2968232,0
0,232,0
1,2972688,0
0,512,0
1,2973392,0
0,128,0
0,512,0
1,2974224,0
0,128,0
0,512,0
1,2975056,0
0,128,0
0,512,0
1,2975888,0
0,128,0
0,512,0
1,2976720,0
0,128,0
1,3350216,0
0,328,0
1,2976848,0
0,512,0
1,2977552,0
0,136,0
1,4148272,0
0,328,0
1,3053048,0
0,512,0
1,3053752,0
0,232,0
1,4165976,0
0,328,0
1,3056160,0
0,512,0
1,3057192,0
0,128,0
0,512,0
1,3058024,0
0,136,0
1,3115088,0
0,512,0
1,3115792,0
0,136,0
1,3338744,0
0,512,0
1,3339448,0
0,232,0
1,3341856,0
0,512,0
1,3342560,0
0,232,0
1,3347016,0
0,512,0
1,3347720,0
0,128,0
0,512,0
1,3348552,0
0,128,0
0,512,0
1,3349384,0
0,128,0
0,512,0
1,3350544,0
0,136,0
1,3426040,0
0,512,0
1,1812408,0
0,136,0
1,1813520,0
0,512,0
1,1813680,0
0,136,0
1,4071368,0
0,512,0
1,4072072,0
0,136,0
1,4147568,0
0,512,0
1,4148600,0
0,232,0
1,4151008,0
0,512,0
1,4151712,0
0,232,0
1,4156168,0
0,512,0
1,4156872,0
0,232,0
1,4159280,0
0,512,0
1,4159984,0
0,232,0
1,4164440,0
0,512,0
1,4165144,0
0,128,0
0,512,0
1,4166304,0
0,128,0
0,512,0
1,4167136,0
0,128,0
0,512,0
1,4167968,0
0,128,0
0,512,0
1,4168800,0
0,128,0
0,512,0
1,4169632,0
0,136,0
1,4245128,0
0,512,0
1,4245832,0
0,232,0
1,4248240,0
0,512,0
1,4248944,0
0,128,0
0,512,0
1,4250104,0
0,136,0
1,4473056,0
0,512,0
1,4474088,0
0,232,0
1,4478544,0
0,512,0
1,4479248,0
0,128,0
0,512,0
1,4480080,0
0,136,0
1,735112,0
0,328,0
1,8463160,0
0,512,0
1,8463864,0
0,136,0
1,8797408,0
0,512,0
1,8798112,0
0,232,0
1,145792,0
0,328,0
1,8802568,0
0,512,0
1,8803272,0
0,232,0
1,8803936,0
0,512,0
1,8809880,0
0,128,0
1,8803976,0
0,512,0
1,8810672,0
0,128,0
1,8804016,0
0,512,0
1,8811464,0
0,128,0
1,36418504,0
0,328,0
1,8811592,0
0,512,0
1,8812624,0
0,128,0
0,512,0
1,8813456,0
0,136,0
1,9208440,0
0,512,0
1,9209144,0
0,232,0
1,10549024,0
0,328,0
1,9213600,0
0,512,0
1,9214304,0
0,128,0
0,512,0
1,9215136,0
0,136,0
1,11477792,0
0,328,0
1,9675656,0
0,512,0
1,9676688,0
0,232,0
1,9681144,0
0,512,0
1,9681848,0
0,128,0
0,512,0
1,9683008,0
0,136,0
1,10077992,0
0,512,0
1,10078696,0
0,136,0
1,10539216,0
0,512,0
1,10539920,0
0,232,0
1,10542328,0
0,512,0
1,10543032,0
0,232,0
1,10547488,0
0,512,0
1,10548192,0
0,128,0
0,512,0
1,10549352,0
0,128,0
0,512,0
1,10550184,0
0,136,0
1,11010704,0
0,512,0
1,11011408,0
0,136,0
1,11471928,0
0,512,0
1,11472632,0
0,232,0
1,11477088,0
0,512,0
1,11478120,0
0,232,0
1,11482576,0
0,512,0
1,11483280,0
0,128,0
0,512,0
1,11484112,0
0,128,0
0,512,0
1,11484944,0
0,128,0
0,512,0
1,11486104,0
0,136,0
1,12077696,0
0,512,0
1,12078400,0
0,136,0
1,12768296,0
0,512,0
1,12769000,0
0,136,0
1,9682680,0
0,328,0
1,13458896,0
0,512,0
1,13459600,0
0,136,0
1,14051192,0
0,512,0
1,14051896,0
0,232,0
1,14056352,0
0,512,0
1,14057056,0
0,232,0
1,14061512,0
0,512,0
1,14062216,0
0,232,0
1,14066672,0
0,512,0
1,14067376,0
0,232,0
1,14068040,0
0,512,0
1,14072088,0
0,128,0
0,512,0
1,14075856,0
0,128,0
1,14068080,0
0,512,0
1,14076648,0
0,128,0
1,797368,0
0,328,0
1,14068120,0
0,512,0
1,14077440,0
0,128,0
0,512,0
1,14078272,0
0,128,0
0,512,0
1,14079104,0
0,136,0
1,14572392,0
0,512,0
1,14573096,0
0,232,0
1,14577552,0
0,512,0
1,14578256,0
0,128,0
0,512,0
1,14579088,0
0,136,0
1,15297656,0
0,512,0
1,15298688,0
0,232,0
1,17980608,0
0,328,0
1,15303144,0
0,512,0
1,15304176,0
0,128,0
0,512,0
1,15305008,0
0,136,0
1,15798296,0
0,512,0
1,15799328,0
0,136,0
1,16517896,0
0,512,0
1,16518600,0
0,232,0
1,16523056,0
0,512,0
1,16523760,0
0,232,0
1,16528216,0
0,512,0
1,16528920,0
0,128,0
0,512,0
1,16529752,0
0,128,0
0,512,0
1,16530584,0
0,136,0
1,17249152,0
0,512,0
1,17249856,0
0,136,0
1,17968424,0
0,512,0
1,17969128,0
0,232,0
1,17973584,0
0,512,0
1,17974616,0
0,232,0
1,17979072,0
0,512,0
1,17979776,0
0,128,0
0,512,0
1,17980936,0
0,128,0
0,512,0
1,17981768,0
0,128,0
0,512,0
1,17982600,0
0,136,0
1,18574192,0
0,512,0
1,3426744,0
0,136,0
1,3428512,0
0,512,0
1,3429216,0
0,136,0
1,3429512,0
0,512,0
1,20303016,0
0,136,0
1,20304784,0
0,512,0
1,20895312,0
0,232,0
1,20899768,0
0,512,0
1,20900472,0
0,232,0
1,20901136,0
0,512,0
1,20907960,0
0,232,0
1,9676360,0
0,328,0
1,20901216,0
0,512,0
1,20912920,0
0,232,0
1,20913544,0
0,512,0
1,20917552,0
0,128,0
1,20913704,0
0,512,0
1,20920992,0
0,128,0
1,20917800,0
0,512,0
1,20921784,0
0,128,0
0,512,0
1,20922616,0
0,128,0
0,512,0
1,20923448,0
0,128,0
1,21424264,0
0,328,0
1,20923576,0
0,512,0
1,20924280,0
0,136,0
1,21417568,0
0,512,0
1,21418272,0
0,232,0
1,21422728,0
0,512,0
1,21423432,0
0,128,0
0,512,0
1,21424592,0
0,136,0
1,22143160,0
0,512,0
1,22143864,0
0,232,0
1,22148320,0
0,512,0
1,22150440,0
0,128,0
0,512,0
1,22151272,0
0,136,0
1,22644560,0
0,512,0
1,22645264,0
0,136,0
1,23363832,0
0,512,0
1,23364536,0
0,232,0
1,23368992,0
0,512,0
1,23370024,0
0,232,0
1,23374480,0
0,512,0
1,23375184,0
0,128,0
0,512,0
1,23376016,0
0,128,0
0,512,0
1,23376848,0
0,136,0
1,24095416,0
0,512,0
1,24096448,0
0,136,0
1,24815016,0
0,512,0
1,24815720,0
0,232,0
1,24820176,0
0,512,0
1,24820880,0
0,232,0
1,24825336,0
0,512,0
1,24826040,0
0,128,0
0,512,0
1,24827200,0
0,128,0
0,512,0
1,24828360,0
0,128,0
0,512,0
1,24829192,0
0,136,0
1,25420784,0
0,512,0
1,25421488,0
0,136,0
1,26283416,0
0,512,0
1,26284120,0
0,136,0
1,28368440,0
0,328,0
1,27146048,0
0,512,0
1,27146752,0
0,136,0
1,27738344,0
0,512,0
1,27739048,0
0,232,0
1,27743504,0
0,512,0
1,27744208,0
0,232,0
1,27744872,0
0,512,0
1,27751696,0
0,232,0
1,27744952,0
0,512,0
1,27756656,0
0,232,0
1,27757280,0
0,512,0
1,27761288,0
0,128,0
1,27757440,0
0,512,0
1,27764728,0
0,128,0
1,27761536,0
0,512,0
1,27765520,0
0,128,0
1,15303848,0
0,328,0
1,27765648,0
0,512,0
1,27766352,0
0,128,0
0,512,0
1,27767184,0
0,128,0
0,512,0
1,27768016,0
0,136,0
1,29403352,0
0,328,0
1,28359608,0
0,512,0
1,28360312,0
0,232,0
1,28364768,0
0,512,0
1,28365472,0
0,128,0
1,32086232,0
0,328,0
1,28365600,0
0,512,0
1,28368768,0
0,136,0
1,28366224,0
0,512,0
1,29404224,0
0,232,0
1,29408680,0
0,512,0
1,29409384,0
0,128,0
0,512,0
1,29410216,0
0,136,0
1,30001808,0
0,512,0
1,30002512,0
0,136,0
1,31036472,0
0,512,0
1,31037176,0
0,232,0
1,31041632,0
0,512,0
1,31042336,0
0,232,0
1,31043000,0
0,512,0
1,31047048,0
0,128,0
0,512,0
1,31050816,0
0,128,0
1,31043040,0
0,512,0
1,31051608,0
0,136,0
1,32085528,0
0,512,0
1,32086560,0
0,136,0
1,33120520,0
0,512,0
1,33121224,0
0,232,0
1,33125680,0
0,512,0
1,33126712,0
0,232,0
1,33127104,0
0,512,0
1,33133992,0
0,128,0
1,33127144,0
0,512,0
1,33134784,0
0,128,0
0,512,0
1,33135616,0
0,128,0
0,512,0
1,33136448,0
0,136,0
1,33728040,0
0,512,0
1,33728744,0
0,136,0
1,34762704,0
0,512,0
1,34763408,0
0,136,0
1,35797368,0
0,512,0
1,35798072,0
0,136,0
1,36389664,0
0,512,0
1,36390368,0
0,232,0
1,36394824,0
0,512,0
1,36395528,0
0,232,0
1,36396192,0
0,512,0
1,36403016,0
0,232,0
1,38055000,0
0,328,0
1,36396272,0
0,512,0
1,36407976,0
0,232,0
1,36408600,0
0,512,0
1,36412608,0
0,128,0
1,36408760,0
0,512,0
1,36416048,0
0,128,0
1,36412856,0
0,512,0
1,36416840,0
0,128,0
0,512,0
1,36417672,0
0,128,0
1,18579672,0
0,328,0
1,36417800,0
0,512,0
1,36418832,0
0,128,0
0,512,0
1,36419664,0
0,136,0
1,37011256,0
0,512,0
1,37011960,0
0,232,0
1,38061032,0
0,328,0
1,37016416,0
0,512,0
1,37017120,0
0,128,0
0,512,0
1,37020416,0
0,136,0
1,43252592,0
0,328,0
1,37017872,0
0,512,0
1,38055872,0
0,232,0
1,38060328,0
0,512,0
1,38061360,0
0,128,0
0,512,0
1,38062192,0
0,136,0
1,38653784,0
0,512,0
1,38654488,0
0,136,0
1,39688448,0
0,512,0
1,39689152,0
0,232,0
1,39693608,0
0,512,0
1,39694312,0
0,232,0
1,39694976,0
0,512,0
1,39699024,0
0,128,0
0,512,0
1,39702464,0
0,128,0
1,39695016,0
0,512,0
1,39703256,0
0,136,0
1,41916824,0
0,512,0
1,41917856,0
0,136,0
1,43246728,0
0,512,0
1,43247432,0
0,232,0
1,43251888,0
0,512,0
1,43252920,0
0,232,0
1,43253312,0
0,512,0
1,43260712,0
0,128,0
1,43253352,0
0,512,0
1,43261832,0
0,128,0
0,512,0
1,43262664,0
0,128,0
0,512,0
1,43263496,0
0,128,0
1,1123912,0
0,328,0
1,43263624,0
0,512,0
1,43264328,0
0,136,0
1,45559856,0
0,512,0
1,45560560,0
0,232,0
1,63504776,0
0,328,0
1,45565016,0
0,512,0
1,45565720,0
0,128,0
0,512,0
1,45570224,0
0,136,0
1,45566472,0
0,512,0
1,47538776,0
0,136,0
1,45572112,0
0,512,0
1,53734320,0
0,232,0
1,53738776,0
0,512,0
1,53739480,0
0,232,0
1,53740144,0
0,512,0
1,53745216,0
0,128,0
0,512,0
1,53751216,0
0,128,0
1,53740184,0
0,512,0
1,53752008,0
0,136,0
1,55523208,0
0,512,0
1,55523912,0
0,136,0
1,57295152,0
0,512,0
1,57295856,0
0,136,0
1,59067096,0
0,512,0
1,59068128,0
0,136,0
1,60839368,0
0,512,0
1,60840072,0
0,128,0
0,512,0
1,60840904,0
0,136,0
1,62481072,0
0,512,0
1,62482104,0
0,232,0
1,62486560,0
0,512,0
1,62487264,0
0,232,0
1,62487928,0
0,512,0
1,62498336,0
0,232,0
1,62488008,0
0,512,0
1,62503296,0
0,232,0
1,62503920,0
0,512,0
1,62508952,0
0,136,0
1,62509208,0
0,512,0
1,63499616,0
0,232,0
1,63504072,0
0,512,0
1,63505104,0
0,128,0
0,512,0
1,63505392,0
0,128,0
0,512,0
1,63509344,0
0,128,0
1,67197976,0
0,328,0
1,63509472,0
0,512,0
1,63510176,0
0,128,0
0,512,0
1,63511008,0
0,232,0
1,63515464,0
0,512,0
1,63516168,0
0,128,0
0,512,0
1,63517000,0
0,128,0
1,1433912,0
0,328,0
1,63517128,0
0,512,0
1,63517832,0
0,128,0
0,512,0
1,63518664,0
0,128,0
0,512,0
1,63519496,0
0,128,0
0,512,0
1,63520328,0
0,136,0
1,67192112,0
0,512,0
1,67192816,0
0,232,0
1,67197272,0
0,512,0
1,67198304,0
0,128,0
0,512,0
1,67198592,0
0,136,0
1,70350224,0
0,512,0
1,70350928,0
0,136,0
1,76545848,0
0,512,0
1,76546880,0
0,232,0
1,76551336,0
0,512,0
1,76552040,0
0,232,0
1,76552704,0
0,512,0
1,76557776,0
0,128,0
0,512,0
1,76563776,0
0,128,0
1,76552744,0
0,512,0
1,76564896,0
0,136,0
1,78336096,0
0,512,0
1,78336800,0
0,136,0
1,80108040,0
0,512,0
1,80108744,0
0,136,0
1,81879984,0
0,512,0
1,81880688,0
0,136,0
1,83651928,0
0,512,0
1,83652632,0
0,128,0
0,512,0
1,83653464,0
0,136,0
1,86276672,0
0,512,0
1,86277376,0
0,232,0
1,86281832,0
0,512,0
1,86282536,0
0,232,0
1,86283200,0
0,512,0
1,86293608,0
0,232,0
1,86283280,0
0,512,0
1,86298896,0
0,232,0
1,86304344,0
0,512,0
1,86309680,0
0,136,0
1,87884312,0
0,512,0
1,87885016,0
0,232,0
1,87889472,0
0,512,0
1,87890176,0
0,128,0
0,512,0
1,87893984,0
0,128,0
1,87890888,0
0,512,0
1,87894776,0
0,128,0
1,87890928,0
0,512,0
1,18574896,0
0,128,0
0,512,0
1,18575728,0
0,232,0
1,18578136,0
0,512,0
1,18578840,0
0,128,0
0,512,0
1,18580000,0
0,128,0
0,512,0
1,18580288,0
0,128,0
0,512,0
1,87910088,0
0,128,0
1,18580456,0
0,512,0
1,87910880,0
0,128,0
0,512,0
1,87911712,0
0,128,0
0,512,0
1,87912544,0
0,152,0
1,13824,0
0,512,0
1,13280,0
0,544,0
1,15056,0
0,328,0
1,14352,0
0,512,0
1,14936,0
0,512,0
1,14392,0
0,544,0
1,15384,0
0,328,0
1,14080,0
0,512,0
1,15712,0
0,3456,0
1,19752,0
0,512,0
1,19208,0
0,544,0
1,21080,0
0,328,0
1,20376,0
0,512,0
1,20960,0
0,512,0
1,20416,0
0,544,0
1,21408,0
0,328,0
1,20104,0
0,512,0
1,21736,0
0,128,0
1,23784,0
0,512,0
1,21864,0
0,128,0
1,24056,0
0,512,0
1,21992,0
0,128,0
1,25744,0
0,512,0
1,25200,0
0,544,0
1,26976,0
0,328,0
1,26272,0
0,512,0
1,26856,0
0,512,0
1,26312,0
0,544,0
1,27304,0
0,328,0
1,26000,0
0,512,0
1,27632,0
0,36864,0
1,65080,0
0,512,0
1,64536,0
0,544,0
1,66544,0
0,328,0
1,712,0
0,512,0
1,66424,0
0,512,0
1,65880,0
0,544,0
1,66872,0
0,328,0
1,65608,0
0,512,0
1,22120,0
0,128,0
1,67200,0
0,512,0
1,22248,0
0,128,0
1,67472,0
0,512,0
1,22376,0
0,128,0
1,69120,0
0,512,0
1,68576,0
0,544,0
1,70352,0
0,328,0
1,69648,0
0,512,0
1,70232,0
0,512,0
1,69688,0
0,544,0
1,70680,0
0,328,0
1,69376,0
0,512,0
1,71008,0
0,73728,0
1,145320,0
0,512,0
1,144776,0
0,544,0
1,147168,0
0,328,0
1,65200,0
0,512,0
1,65240,0
0,512,0
1,146624,0
0,544,0
1,147496,0
0,328,0
1,146352,0
0,512,0
1,22504,0
0,256,0
1,147824,0
0,512,0
1,22760,0
0,256,0
1,148096,0
0,512,0
1,23016,0
0,256,0
1,150616,0
0,512,0
1,150072,0
0,544,0
1,151848,0
0,328,0
1,151144,0
0,512,0
1,151728,0
0,512,0
1,151184,0
0,544,0
1,152176,0
0,328,0
1,150872,0
0,512,0
1,152504,0
0,20480,0
1,173568,0
0,512,0
1,173024,0
0,544,0
1,174896,0
0,328,0
1,174192,0
0,512,0
1,174776,0
0,512,0
1,174232,0
0,544,0
1,175224,0
0,328,0
1,173920,0
0,512,0
1,23272,0
0,320,0
1,175552,0
0,512,0
1,175824,0
0,320,0
1,177872,0
0,512,0
1,176144,0
0,320,0
1,179560,0
0,512,0
1,179016,0
0,544,0
1,180792,0
0,328,0
1,180088,0
0,512,0
1,180672,0
0,512,0
1,180128,0
0,544,0
1,181120,0
0,328,0
1,179816,0
0,512,0
1,181448,0
0,552960,0
1,734992,0
0,512,0
1,734448,0
0,544,0
1,736648,0
0,328,0
1,735944,0
0,512,0
1,736528,0
0,512,0
1,735984,0
0,544,0
1,736976,0
0,328,0
1,735672,0
0,512,0
1,176464,0
0,768,0
1,737304,0
0,512,0
1,737576,0
0,768,0
1,739624,0
0,512,0
1,738344,0
0,768,0
1,742144,0
0,512,0
1,741600,0
0,544,0
1,743784,0
0,328,0
1,145576,0
0,512,0
1,145616,0
0,512,0
1,743240,0
0,544,0
1,744112,0
0,328,0
1,742968,0
0,512,0
1,744440,0
0,49152,0
1,794136,0
0,512,0
1,793592,0
0,544,0
1,795464,0
0,328,0
1,794760,0
0,512,0
1,795344,0
0,512,0
1,794800,0
0,544,0
1,795792,0
0,328,0
1,794488,0
0,512,0
1,177232,0
0,256,0
1,796120,0
0,512,0
1,177488,0
0,256,0
1,796392,0
0,512,0
1,739112,0
0,256,0
1,798408,0
0,512,0
1,797864,0
0,544,0
1,799640,0
0,328,0
1,798936,0
0,512,0
1,799520,0
0,512,0
1,798976,0
0,544,0
1,799968,0
0,328,0
1,798664,0
0,512,0
1,800296,0
0,36864,0
1,837744,0
0,512,0
1,837200,0
0,544,0
1,838976,0
0,328,0
1,838272,0
0,512,0
1,838856,0
0,512,0
1,838312,0
0,544,0
1,839304,0
0,328,0
1,838000,0
0,512,0
1,839632,0
0,221184,0
1,1061400,0
0,512,0
1,1060856,0
0,544,0
1,1062728,0
0,328,0
1,1062024,0
0,512,0
1,1062608,0
0,512,0
1,1062064,0
0,544,0
1,1063056,0
0,328,0
1,1061752,0
0,512,0
1,23592,0
0,192,0
1,1063384,0
0,512,0
1,739368,0
0,192,0
1,1063656,0
0,512,0
1,1063928,0
0,192,0
1,1066560,0
0,512,0
1,1066016,0
0,544,0
1,1067888,0
0,328,0
1,1067184,0
0,512,0
1,1067768,0
0,512,0
1,1067224,0
0,544,0
1,1068216,0
0,328,0
1,1066912,0
0,512,0
1,1064120,0
0,384,0
1,1068544,0
0,512,0
1,1064504,0
0,384,0
1,1068816,0
0,512,0
1,1064888,0
0,384,0
1,1072168,0
0,512,0
1,1071624,0
0,544,0
1,1073400,0
0,328,0
1,1072696,0
0,512,0
1,1073280,0
0,512,0
1,1072736,0
0,544,0
1,1073728,0
0,328,0
1,1072424,0
0,512,0
1,1074056,0
0,49152,0
1,1123792,0
0,512,0
1,1123248,0
0,544,0
1,1125352,0
0,328,0
1,1124648,0
0,512,0
1,1125232,0
0,512,0
1,1124688,0
0,544,0
1,1125680,0
0,328,0
1,1124376,0
0,512,0
1,1126008,0
0,307200,0
1,1433792,0
0,512,0
1,1433248,0
0,544,0
1,1435352,0
0,328,0
1,1434648,0
0,512,0
1,1435232,0
0,512,0
1,1434688,0
0,544,0
1,1435680,0
0,328,0
1,1434376,0
0,512,0
1,1436008,0
0,331776,0
1,1768368,0
0,512,0
1,1767824,0
0,544,0
1,1769600,0
0,328,0
1,1768896,0
0,512,0
1,1769480,0
0,512,0
1,1768936,0
0,544,0
1,1769928,0
0,328,0
1,1768624,0
0,512,0
1,1770256,0
0,24576,0
1,1795416,0
0,512,0
1,1794872,0
0,544,0
1,1796744,0
0,328,0
1,1796040,0
0,512,0
1,1796624,0
0,512,0
1,1796080,0
0,544,0
1,1797072,0
0,328,0
1,1795768,0
0,512,0
1,1065272,0
0,256,0
1,1797400,0
0,512,0
1,1065528,0
0,256,0
1,1797672,0
0,512,0
1,1797944,0
0,256,0
1,1800576,0
0,512,0
1,1800032,0
0,544,0
1,1801904,0
0,328,0
1,1801200,0
0,512,0
1,1801784,0
0,512,0
1,1801240,0
0,544,0
1,1802232,0
0,328,0
1,1800928,0
0,512,0
1,1798200,0
0,256,0
1,1802560,0
0,512,0
1,1798456,0
0,256,0
1,1802832,0
0,512,0
1,1798712,0
0,256,0
1,1803688,0
0,512,0
1,1803144,0
0,544,0
1,1805344,0
0,328,0
1,1804640,0
0,512,0
1,1805224,0
0,512,0
1,1804680,0
0,544,0
1,1805672,0
0,328,0
1,1804368,0
0,512,0
1,1798968,0
0,384,0
1,1806000,0
0,512,0
1,1799352,0
0,384,0
1,1806272,0
0,512,0
1,1806544,0
0,384,0
1,1809176,0
0,512,0
1,1808632,0
0,544,0
1,1810504,0
0,328,0
1,1809800,0
0,512,0
1,1810384,0
0,512,0
1,1809840,0
0,544,0
1,1810832,0
0,328,0
1,1809528,0
0,512,0
1,177744,0
0,128,0
1,1811160,0
0,512,0
1,1065784,0
0,128,0
1,1811432,0
0,512,0
1,1799736,0
0,128,0
1,1817152,0
0,512,0
1,1816608,0
0,544,0
1,1818384,0
0,328,0
1,1817680,0
0,512,0
1,1818264,0
0,512,0
1,1817720,0
0,544,0
1,1818712,0
0,328,0
1,1817408,0
0,512,0
1,1819040,0
0,65536,0
1,1885160,0
0,512,0
1,1884616,0
0,544,0
1,1886488,0
0,328,0
1,1885784,0
0,512,0
1,1886368,0
0,512,0
1,1885824,0
0,544,0
1,1886816,0
0,328,0
1,1885512,0
0,512,0
1,1806928,0
0,256,0
1,1887144,0
0,512,0
1,1807184,0
0,256,0
1,1887416,0
0,512,0
1,1807440,0
0,256,0
1,1889104,0
0,512,0
1,1888560,0
0,544,0
1,1890336,0
0,328,0
1,1889632,0
0,512,0
1,1890216,0
0,512,0
1,1889672,0
0,544,0
1,1890664,0
0,328,0
1,1889360,0
0,512,0
1,1890992,0
0,49152,0
1,1940728,0
0,512,0
1,1940184,0
0,544,0
1,1942288,0
0,328,0
1,1941584,0
0,512,0
1,1942168,0
0,512,0
1,1941624,0
0,544,0
1,1942616,0
0,328,0
1,1941312,0
0,512,0
1,1942944,0
0,221184,0
1,2164712,0
0,512,0
1,2164168,0
0,544,0
1,2166040,0
0,328,0
1,2165336,0
0,512,0
1,2165920,0
0,512,0
1,2165376,0
0,544,0
1,2166368,0
0,328,0
1,2165064,0
0,512,0
1,1807696,0
0,192,0
1,2166696,0
0,512,0
1,1807888,0
0,192,0
1,2166968,0
0,512,0
1,1808080,0
0,192,0
1,2167824,0
0,512,0
1,2167280,0
0,544,0
1,2169480,0
0,328,0
1,2168776,0
0,512,0
1,2169360,0
0,512,0
1,2168816,0
0,544,0
1,2169808,0
0,328,0
1,2168504,0
0,512,0
1,2170136,0
0,384,0
1,2172184,0
0,512,0
1,2170520,0
0,384,0
1,2172456,0
0,512,0
1,2170904,0
0,384,0
1,2176136,0
0,512,0
1,2175592,0
0,544,0
1,2177368,0
0,328,0
1,2176664,0
0,512,0
1,2177248,0
0,512,0
1,2176704,0
0,544,0
1,2177696,0
0,328,0
1,2176392,0
0,512,0
1,2178024,0
0,65536,0
1,2244144,0
0,512,0
1,2243600,0
0,544,0
1,2245376,0
0,328,0
1,2244672,0
0,512,0
1,2245256,0
0,512,0
1,2244712,0
0,544,0
1,2245704,0
0,328,0
1,2244400,0
0,512,0
1,2246032,0
0,307200,0
1,2553816,0
0,512,0
1,2553272,0
0,544,0
1,2555048,0
0,328,0
1,2554344,0
0,512,0
1,2554928,0
0,512,0
1,2554384,0
0,544,0
1,2555376,0
0,328,0
1,2554072,0
0,512,0
1,2555704,0
0,331776,0
1,2888064,0
0,512,0
1,2887520,0
0,544,0
1,2889624,0
0,328,0
1,2888920,0
0,512,0
1,2889504,0
0,512,0
1,2888960,0
0,544,0
1,2889952,0
0,328,0
1,2888648,0
0,512,0
1,2890280,0
0,65536,0
1,2956400,0
0,512,0
1,2955856,0
0,544,0
1,2957728,0
0,328,0
1,2957024,0
0,512,0
1,2957608,0
0,512,0
1,2957064,0
0,544,0
1,2958056,0
0,328,0
1,2956752,0
0,512,0
1,1808272,0
0,256,0
1,2958384,0
0,512,0
1,2171288,0
0,256,0
1,2958656,0
0,512,0
1,2171544,0
0,256,0
1,2959512,0
0,512,0
1,2958968,0
0,544,0
1,2960840,0
0,328,0
1,2960136,0
0,512,0
1,2960720,0
0,512,0
1,2960176,0
0,544,0
1,2961168,0
0,328,0
1,2959864,0
0,512,0
1,2171800,0
0,256,0
1,2961496,0
0,512,0
1,2961768,0
0,256,0
1,2963816,0
0,512,0
1,2962024,0
0,256,0
1,2964672,0
0,512,0
1,2964128,0
0,544,0
1,2966000,0
0,328,0
1,2965296,0
0,512,0
1,2965880,0
0,512,0
1,2965336,0
0,544,0
1,2966328,0
0,328,0
1,2965024,0
0,512,0
1,2962280,0
0,384,0
1,2966656,0
0,512,0
1,2962664,0
0,384,0
1,2966928,0
0,512,0
1,2963048,0
0,384,0
1,2967784,0
0,512,0
1,2967240,0
0,544,0
1,2969440,0
0,328,0
1,2968736,0
0,512,0
1,2969320,0
0,512,0
1,2968776,0
0,544,0
1,2969768,0
0,328,0
1,2968464,0
0,512,0
1,2963432,0
0,256,0
1,2970096,0
0,512,0
1,2970368,0
0,256,0
1,2972416,0
0,512,0
1,2970624,0
0,256,0
1,2977432,0
0,512,0
1,2976888,0
0,544,0
1,2978664,0
0,328,0
1,2977960,0
0,512,0
1,2978544,0
0,512,0
1,2978000,0
0,544,0
1,2978992,0
0,328,0
1,2977688,0
0,512,0
1,2979320,0
0,73728,0
1,3053632,0
0,512,0
1,3053088,0
0,544,0
1,3054960,0
0,328,0
1,3054256,0
0,512,0
1,3054840,0
0,512,0
1,3054296,0
0,544,0
1,3055288,0
0,328,0
1,3053984,0
0,512,0
1,2970880,0
0,256,0
1,3055616,0
0,512,0
1,2971136,0
0,256,0
1,3055888,0
0,512,0
1,2971392,0
0,256,0
1,3057904,0
0,512,0
1,3057360,0
0,544,0
1,3059136,0
0,328,0
1,3058432,0
0,512,0
1,3059016,0
0,512,0
1,3058472,0
0,544,0
1,3059464,0
0,328,0
1,3058160,0
0,512,0
1,3059792,0
0,55296,0
1,3115672,0
0,512,0
1,3115128,0
0,544,0
1,3116904,0
0,328,0
1,3116200,0
0,512,0
1,3116784,0
0,512,0
1,3116240,0
0,544,0
1,3117232,0
0,328,0
1,3115928,0
0,512,0
1,3117560,0
0,221184,0
1,3339328,0
0,512,0
1,3338784,0
0,544,0
1,3340656,0
0,328,0
1,3339952,0
0,512,0
1,3340536,0
0,512,0
1,3339992,0
0,544,0
1,3340984,0
0,328,0
1,3339680,0
0,512,0
1,2971648,0
0,192,0
1,3341312,0
0,512,0
1,2971840,0
0,192,0
1,3341584,0
0,512,0
1,2972032,0
0,192,0
1,3342440,0
0,512,0
1,3341896,0
0,544,0
1,3343768,0
0,328,0
1,3343064,0
0,512,0
1,3343648,0
0,512,0
1,3343104,0
0,544,0
1,3344096,0
0,328,0
1,3342792,0
0,512,0
1,3344424,0
0,384,0
1,3346472,0
0,512,0
1,3344808,0
0,384,0
1,3346744,0
0,512,0
1,3345192,0
0,384,0
1,3350096,0
0,512,0
1,3349552,0
0,544,0
1,3351656,0
0,328,0
1,3350952,0
0,512,0
1,3351536,0
0,512,0
1,3350992,0
0,544,0
1,3351984,0
0,328,0
1,3350680,0
0,512,0
1,3352312,0
0,73728,0
1,3426624,0
0,512,0
1,3426080,0
0,544,0
1,3429560,0
0,328,0
1,1812816,0
0,512,0
1,1813400,0
0,512,0
1,1812856,0
0,544,0
1,3429888,0
0,328,0
1,1812544,0
0,512,0
1,3430216,0
0,307200,0
1,1813560,0
0,512,0
1,3737416,0
0,544,0
1,3738936,0
0,328,0
1,3738232,0
0,512,0
1,3738816,0
0,512,0
1,3738272,0
0,544,0
1,3739264,0
0,328,0
1,3737960,0
0,512,0
1,3739592,0
0,331776,0
1,4071952,0
0,512,0
1,4071408,0
0,544,0
1,4073184,0
0,328,0
1,4072480,0
0,512,0
1,4073064,0
0,512,0
1,4072520,0
0,544,0
1,4073512,0
0,328,0
1,4072208,0
0,512,0
1,4073840,0
0,73728,0
1,4148152,0
0,512,0
1,4147608,0
0,544,0
1,4149808,0
0,328,0
1,4149104,0
0,512,0
1,4149688,0
0,512,0
1,4149144,0
0,544,0
1,4150136,0
0,328,0
1,4148832,0
0,512,0
1,3345576,0
0,256,0
1,4150464,0
0,512,0
1,3345832,0
0,256,0
1,4150736,0
0,512,0
1,3346088,0
0,256,0
1,4151592,0
0,512,0
1,4151048,0
0,544,0
1,4152920,0
0,328,0
1,4152216,0
0,512,0
1,4152800,0
0,512,0
1,4152256,0
0,544,0
1,4153248,0
0,328,0
1,4151944,0
0,512,0
1,4153576,0
0,256,0
1,4155624,0
0,512,0
1,4153832,0
0,256,0
1,4155896,0
0,512,0
1,4154088,0
0,256,0
1,4156752,0
0,512,0
1,4156208,0
0,544,0
1,4158080,0
0,328,0
1,4157376,0
0,512,0
1,4157960,0
0,512,0
1,4157416,0
0,544,0
1,4158408,0
0,328,0
1,4157104,0
0,512,0
1,4154344,0
0,384,0
1,4158736,0
0,512,0
1,4154728,0
0,384,0
1,4159008,0
0,512,0
1,4155112,0
0,384,0
1,4159864,0
0,512,0
1,4159320,0
0,544,0
1,4161192,0
0,328,0
1,4160488,0
0,512,0
1,4161072,0
0,512,0
1,4160528,0
0,544,0
1,4161520,0
0,328,0
1,4160216,0
0,512,0
1,4161848,0
0,256,0
1,4163896,0
0,512,0
1,4162104,0
0,256,0
1,4164168,0
0,512,0
1,4162360,0
0,256,0
1,4169512,0
0,512,0
1,4168968,0
0,544,0
1,4170744,0
0,328,0
1,4170040,0
0,512,0
1,4170624,0
0,512,0
1,4170080,0
0,544,0
1,4171072,0
0,328,0
1,4169768,0
0,512,0
1,4171400,0
0,73728,0
1,4245712,0
0,512,0
1,4245168,0
0,544,0
1,4247040,0
0,328,0
1,4246336,0
0,512,0
1,4246920,0
0,512,0
1,4246376,0
0,544,0
1,4247368,0
0,328,0
1,4246064,0
0,512,0
1,4162616,0
0,256,0
1,4247696,0
0,512,0
1,4162872,0
0,256,0
1,4247968,0
0,512,0
1,4163128,0
0,256,0
1,4249656,0
0,512,0
1,4249112,0
0,544,0
1,4251216,0
0,328,0
1,4250512,0
0,512,0
1,4251096,0
0,512,0
1,4250552,0
0,544,0
1,4251544,0
0,328,0
1,4250240,0
0,512,0
1,4251872,0
0,221184,0
1,4473640,0
0,512,0
1,4473096,0
0,544,0
1,4475296,0
0,328,0
1,4474592,0
0,512,0
1,4475176,0
0,512,0
1,4474632,0
0,544,0
1,4475624,0
0,328,0
1,4474320,0
0,512,0
1,4163384,0
0,384,0
1,4475952,0
0,512,0
1,4476224,0
0,384,0
1,4478272,0
0,512,0
1,4476608,0
0,384,0
1,4479960,0
0,512,0
1,4479416,0
0,544,0
1,4481192,0
0,328,0
1,4480488,0
0,512,0
1,4481072,0
0,512,0
1,4480528,0
0,544,0
1,4481520,0
0,328,0
1,4480216,0
0,512,0
1,4481848,0
0,3981312,0
1,8463744,0
0,512,0
1,8463200,0
0,544,0
1,8464976,0
0,328,0
1,8464272,0
0,512,0
1,8464856,0
0,512,0
1,8464312,0
0,544,0
1,8465304,0
0,328,0
1,8464000,0
0,512,0
1,8465632,0
0,331776,0
1,8797992,0
0,512,0
1,8797448,0
0,544,0
1,8799320,0
0,328,0
1,8798616,0
0,512,0
1,8799200,0
0,512,0
1,8798656,0
0,544,0
1,8799648,0
0,328,0
1,8798344,0
0,512,0
1,8799976,0
0,1536,0
1,8802024,0
0,512,0
1,8804072,0
0,1536,0
1,8802296,0
0,512,0
1,8805608,0
0,1536,0
1,8803152,0
0,512,0
1,8802608,0
0,544,0
1,8807688,0
0,328,0
1,8803776,0
0,512,0
1,8803816,0
0,512,0
1,8807144,0
0,544,0
1,8808016,0
0,328,0
1,8803504,0
0,512,0
1,8801512,0
0,384,0
1,8808344,0
0,512,0
1,4476992,0
0,384,0
1,8808616,0
0,512,0
1,4477376,0
0,384,0
1,8813336,0
0,512,0
1,8812792,0
0,544,0
1,8814568,0
0,328,0
1,8813864,0
0,512,0
1,8814448,0
0,512,0
1,8813904,0
0,544,0
1,8814896,0
0,328,0
1,8813592,0
0,512,0
1,8815224,0
0,393216,0
1,9209024,0
0,512,0
1,9208480,0
0,544,0
1,9210352,0
0,328,0
1,9209648,0
0,512,0
1,9210232,0
0,512,0
1,9209688,0
0,544,0
1,9210680,0
0,328,0
1,9209376,0
0,512,0
1,4477760,0
0,512,0
1,9211008,0
0,512,0
1,9211280,0
0,512,0
1,9213328,0
0,512,0
1,9211792,0
0,512,0
1,9215016,0
0,512,0
1,9214472,0
0,544,0
1,9216248,0
0,328,0
1,9215544,0
0,512,0
1,9216128,0
0,512,0
1,9215584,0
0,544,0
1,9216576,0
0,328,0
1,9215272,0
0,512,0
1,9216904,0
0,458752,0
1,9676240,0
0,512,0
1,9675696,0
0,544,0
1,9677896,0
0,328,0
1,9677192,0
0,512,0
1,9677776,0
0,512,0
1,9677232,0
0,544,0
1,9678224,0
0,328,0
1,9676920,0
0,512,0
1,9212304,0
0,512,0
1,9678552,0
0,512,0
1,9212816,0
0,512,0
1,9678824,0
0,512,0
1,9679096,0
0,512,0
1,9682560,0
0,512,0
1,9682016,0
0,544,0
1,9684120,0
0,328,0
1,9683416,0
0,512,0
1,9684000,0
0,512,0
1,9683456,0
0,544,0
1,9684448,0
0,328,0
1,9683144,0
0,512,0
1,9684776,0
0,393216,0
1,10078576,0
0,512,0
1,10078032,0
0,544,0
1,10079808,0
0,328,0
1,10079104,0
0,512,0
1,10079688,0
0,512,0
1,10079144,0
0,544,0
1,10080136,0
0,328,0
1,10078832,0
0,512,0
1,10080464,0
0,458752,0
1,10539800,0
0,512,0
1,10539256,0
0,544,0
1,10541128,0
0,328,0
1,10540424,0
0,512,0
1,10541008,0
0,512,0
1,10540464,0
0,544,0
1,10541456,0
0,328,0
1,10540152,0
0,512,0
1,9679608,0
0,512,0
1,10541784,0
0,512,0
1,9680120,0
0,512,0
1,10542056,0
0,512,0
1,9680632,0
0,512,0
1,10542912,0
0,512,0
1,10542368,0
0,544,0
1,10544240,0
0,328,0
1,10543536,0
0,512,0
1,10544120,0
0,512,0
1,10543576,0
0,544,0
1,10544568,0
0,328,0
1,10543264,0
0,512,0
1,10544896,0
0,512,0
1,10546944,0
0,512,0
1,10545408,0
0,512,0
1,10547216,0
0,512,0
1,10545920,0
0,512,0
1,10550064,0
0,512,0
1,10549520,0
0,544,0
1,10551296,0
0,328,0
1,10550592,0
0,512,0
1,10551176,0
0,512,0
1,10550632,0
0,544,0
1,10551624,0
0,328,0
1,10550320,0
0,512,0
1,10551952,0
0,458752,0
1,11011288,0
0,512,0
1,11010744,0
0,544,0
1,11012520,0
0,328,0
1,11011816,0
0,512,0
1,11012400,0
0,512,0
1,11011856,0
0,544,0
1,11012848,0
0,328,0
1,11011544,0
0,512,0
1,11013176,0
0,458752,0
1,11472512,0
0,512,0
1,11471968,0
0,544,0
1,11473840,0
0,328,0
1,11473136,0
0,512,0
1,11473720,0
0,512,0
1,11473176,0
0,544,0
1,11474168,0
0,328,0
1,11472864,0
0,512,0
1,10546432,0
0,512,0
1,11474496,0
0,512,0
1,11474768,0
0,512,0
1,11476816,0
0,512,0
1,11475280,0
0,512,0
1,11477672,0
0,512,0
1,11477128,0
0,544,0
1,11479328,0
0,328,0
1,11478624,0
0,512,0
1,11479208,0
0,512,0
1,11478664,0
0,544,0
1,11479656,0
0,328,0
1,11478352,0
0,512,0
1,11475792,0
0,512,0
1,11479984,0
0,512,0
1,11476304,0
0,512,0
1,11480256,0
0,512,0
1,11480528,0
0,512,0
1,11485656,0
0,512,0
1,11485112,0
0,544,0
1,11487216,0
0,328,0
1,11486512,0
0,512,0
1,11487096,0
0,512,0
1,11486552,0
0,544,0
1,11487544,0
0,328,0
1,11486240,0
0,512,0
1,11487872,0
0,589824,0
1,12078280,0
0,512,0
1,12077736,0
0,544,0
1,12079512,0
0,328,0
1,12078808,0
0,512,0
1,12079392,0
0,512,0
1,12078848,0
0,544,0
1,12079840,0
0,328,0
1,12078536,0
0,512,0
1,12080168,0
0,688128,0
1,12768880,0
0,512,0
1,12768336,0
0,544,0
1,12770112,0
0,328,0
1,12769408,0
0,512,0
1,12769992,0
0,512,0
1,12769448,0
0,544,0
1,12770440,0
0,328,0
1,12769136,0
0,512,0
1,12770768,0
0,688128,0
1,13459480,0
0,512,0
1,13458936,0
0,544,0
1,13460712,0
0,328,0
1,13460008,0
0,512,0
1,13460592,0
0,512,0
1,13460048,0
0,544,0
1,13461040,0
0,328,0
1,13459736,0
0,512,0
1,13461368,0
0,589824,0
1,14051776,0
0,512,0
1,14051232,0
0,544,0
1,14053104,0
0,328,0
1,14052400,0
0,512,0
1,14052984,0
0,512,0
1,14052440,0
0,544,0
1,14053432,0
0,328,0
1,14052128,0
0,512,0
1,11481040,0
0,768,0
1,14053760,0
0,512,0
1,11481808,0
0,768,0
1,14054032,0
0,512,0
1,14054304,0
0,768,0
1,14056936,0
0,512,0
1,14056392,0
0,544,0
1,14058264,0
0,328,0
1,14057560,0
0,512,0
1,14058144,0
0,512,0
1,14057600,0
0,544,0
1,14058592,0
0,328,0
1,14057288,0
0,512,0
1,14055072,0
0,768,0
1,14058920,0
0,512,0
1,14059192,0
0,768,0
1,14061240,0
0,512,0
1,14059960,0
0,768,0
1,14062096,0
0,512,0
1,14061552,0
0,544,0
1,14063424,0
0,328,0
1,14062720,0
0,512,0
1,14063304,0
0,512,0
1,14062760,0
0,544,0
1,14063752,0
0,328,0
1,14062448,0
0,512,0
1,14064080,0
0,768,0
1,14066128,0
0,512,0
1,14064848,0
0,768,0
1,14066400,0
0,512,0
1,14068176,0
0,768,0
1,14067256,0
0,512,0
1,14066712,0
0,544,0
1,14070768,0
0,328,0
1,14067880,0
0,512,0
1,14067920,0
0,512,0
1,14070224,0
0,544,0
1,14071096,0
0,328,0
1,14067608,0
0,512,0
1,14068944,0
0,768,0
1,14071424,0
0,512,0
1,14072272,0
0,768,0
1,14071696,0
0,512,0
1,14073040,0
0,768,0
1,14078984,0
0,512,0
1,14078440,0
0,544,0
1,14080216,0
0,328,0
1,14079512,0
0,512,0
1,14080096,0
0,512,0
1,14079552,0
0,544,0
1,14080544,0
0,328,0
1,14079240,0
0,512,0
1,14080872,0
0,491520,0
1,14572976,0
0,512,0
1,14572432,0
0,544,0
1,14574304,0
0,328,0
1,14573600,0
0,512,0
1,14574184,0
0,512,0
1,14573640,0
0,544,0
1,14574632,0
0,328,0
1,14573328,0
0,512,0
1,14574960,0
0,640,0
1,14577008,0
0,512,0
1,14575600,0
0,640,0
1,14577280,0
0,512,0
1,14576240,0
0,640,0
1,14578968,0
0,512,0
1,14578424,0
0,544,0
1,14580200,0
0,328,0
1,14579496,0
0,512,0
1,14580080,0
0,512,0
1,14579536,0
0,544,0
1,14580528,0
0,328,0
1,14579224,0
0,512,0
1,14580856,0
0,716800,0
1,15298240,0
0,512,0
1,15297696,0
0,544,0
1,15299896,0
0,328,0
1,15299192,0
0,512,0
1,15299776,0
0,512,0
1,15299232,0
0,544,0
1,15300224,0
0,328,0
1,15298920,0
0,512,0
1,15300552,0
0,640,0
1,15302600,0
0,512,0
1,15301192,0
0,640,0
1,15302872,0
0,512,0
1,15301832,0
0,640,0
1,15304888,0
0,512,0
1,15304344,0
0,544,0
1,15306120,0
0,328,0
1,15305416,0
0,512,0
1,15306000,0
0,512,0
1,15305456,0
0,544,0
1,15306448,0
0,328,0
1,15305144,0
0,512,0
1,15306776,0
0,491520,0
1,15798880,0
0,512,0
1,15798336,0
0,544,0
1,15800440,0
0,328,0
1,15799736,0
0,512,0
1,15800320,0
0,512,0
1,15799776,0
0,544,0
1,15800768,0
0,328,0
1,15799464,0
0,512,0
1,15801096,0
0,716800,0
1,16518480,0
0,512,0
1,16517936,0
0,544,0
1,16519808,0
0,328,0
1,16519104,0
0,512,0
1,16519688,0
0,512,0
1,16519144,0
0,544,0
1,16520136,0
0,328,0
1,16518832,0
0,512,0
1,16520464,0
0,640,0
1,16522512,0
0,512,0
1,16521104,0
0,640,0
1,16522784,0
0,512,0
1,16521744,0
0,640,0
1,16523640,0
0,512,0
1,16523096,0
0,544,0
1,16524968,0
0,328,0
1,16524264,0
0,512,0
1,16524848,0
0,512,0
1,16524304,0
0,544,0
1,16525296,0
0,328,0
1,16523992,0
0,512,0
1,16525624,0
0,640,0
1,16527672,0
0,512,0
1,16526264,0
0,640,0
1,16527944,0
0,512,0
1,16526904,0
0,640,0
1,16530464,0
0,512,0
1,16529920,0
0,544,0
1,16531696,0
0,328,0
1,16530992,0
0,512,0
1,16531576,0
0,512,0
1,16531032,0
0,544,0
1,16532024,0
0,328,0
1,16530720,0
0,512,0
1,16532352,0
0,716800,0
1,17249736,0
0,512,0
1,17249192,0
0,544,0
1,17250968,0
0,328,0
1,17250264,0
0,512,0
1,17250848,0
0,512,0
1,17250304,0
0,544,0
1,17251296,0
0,328,0
1,17249992,0
0,512,0
1,17251624,0
0,716800,0
1,17969008,0
0,512,0
1,17968464,0
0,544,0
1,17970336,0
0,328,0
1,17969632,0
0,512,0
1,17970216,0
0,512,0
1,17969672,0
0,544,0
1,17970664,0
0,328,0
1,17969360,0
0,512,0
1,17970992,0
0,640,0
1,17973040,0
0,512,0
1,17971632,0
0,640,0
1,17973312,0
0,512,0
1,17972272,0
0,640,0
1,17974168,0
0,512,0
1,17973624,0
0,544,0
1,17975824,0
0,328,0
1,17975120,0
0,512,0
1,17975704,0
0,512,0
1,17975160,0
0,544,0
1,17976152,0
0,328,0
1,17974848,0
0,512,0
1,17976480,0
0,640,0
1,17978528,0
0,512,0
1,17977120,0
0,640,0
1,17978800,0
0,512,0
1,17977760,0
0,640,0
1,17982480,0
0,512,0
1,17981936,0
0,544,0
1,17983712,0
0,328,0
1,17983008,0
0,512,0
1,17983592,0
0,512,0
1,17983048,0
0,544,0
1,17984040,0
0,328,0
1,17982736,0
0,512,0
1,17984368,0
0,589824,0
1,18574776,0
0,512,0
1,18574232,0
0,544,0
1,3427856,0
0,328,0
1,3427152,0
0,512,0
1,3427736,0
0,512,0
1,3427192,0
0,544,0
1,3428184,0
0,328,0
1,3426880,0
0,512,0
1,18580528,0
0,860160,0
1,3429096,0
0,512,0
1,3428552,0
0,544,0
1,19441504,0
0,328,0
1,3429352,0
0,512,0
1,3429392,0
0,512,0
1,19440960,0
0,544,0
1,19441832,0
0,328,0
1,19440688,0
0,512,0
1,19442736,0
0,860160,0
0,512,0
1,19442160,0
0,544,0
1,20304128,0
0,328,0
1,20303424,0
0,512,0
1,20304008,0
0,512,0
1,20303464,0
0,544,0
1,20304456,0
0,328,0
1,20303152,0
0,512,0
1,20304944,0
0,589824,0
1,20304824,0
0,512,0
1,20894768,0
0,544,0
1,20896520,0
0,328,0
1,20895816,0
0,512,0
1,20896400,0
0,512,0
1,20895856,0
0,544,0
1,20896848,0
0,328,0
1,20895544,0
0,512,0
1,20897176,0
0,768,0
1,20899224,0
0,512,0
1,20897944,0
0,768,0
1,20899496,0
0,512,0
1,20901272,0
0,768,0
1,20900352,0
0,512,0
1,20899808,0
0,544,0
1,20903864,0
0,328,0
1,20900976,0
0,512,0
1,20901016,0
0,512,0
1,20903320,0
0,544,0
1,20904192,0
0,328,0
1,20900704,0
0,512,0
1,20902040,0
0,768,0
1,20904520,0
0,512,0
1,20905368,0
0,768,0
1,20904792,0
0,512,0
1,20906136,0
0,768,0
1,20905064,0
0,512,0
1,20907416,0
0,544,0
1,20909008,0
0,328,0
1,20901176,0
0,512,0
1,20905184,0
0,512,0
1,20908464,0
0,544,0
1,20909336,0
0,328,0
1,20908192,0
0,512,0
1,20909664,0
0,768,0
1,20911712,0
0,512,0
1,20910432,0
0,768,0
1,20911984,0
0,512,0
1,20913760,0
0,768,0
1,20912800,0
0,512,0
1,20912256,0
0,544,0
1,20916352,0
0,328,0
1,20905304,0
0,512,0
1,20913424,0
0,512,0
1,20915808,0
0,544,0
1,20916680,0
0,328,0
1,20913152,0
0,512,0
1,20914528,0
0,768,0
1,20917008,0
0,512,0
1,20917856,0
0,768,0
1,20917280,0
0,512,0
1,20918624,0
0,768,0
1,20924160,0
0,512,0
1,20923616,0
0,544,0
1,20925392,0
0,328,0
1,20924688,0
0,512,0
1,20925272,0
0,512,0
1,20924728,0
0,544,0
1,20925720,0
0,328,0
1,20924416,0
0,512,0
1,20926048,0
0,491520,0
1,21418152,0
0,512,0
1,21417608,0
0,544,0
1,21419480,0
0,328,0
1,21418776,0
0,512,0
1,21419360,0
0,512,0
1,21418816,0
0,544,0
1,21419808,0
0,328,0
1,21418504,0
0,512,0
1,21420136,0
0,640,0
1,21422184,0
0,512,0
1,21420776,0
0,640,0
1,21422456,0
0,512,0
1,21421416,0
0,640,0
1,21424144,0
0,512,0
1,21423600,0
0,544,0
1,21425704,0
0,328,0
1,21425000,0
0,512,0
1,21425584,0
0,512,0
1,21425040,0
0,544,0
1,21426032,0
0,328,0
1,21424728,0
0,512,0
1,21426360,0
0,716800,0
1,22143744,0
0,512,0
1,22143200,0
0,544,0
1,22145072,0
0,328,0
1,22144368,0
0,512,0
1,22144952,0
0,512,0
1,22144408,0
0,544,0
1,22145400,0
0,328,0
1,22144096,0
0,512,0
1,22145728,0
0,640,0
1,22147776,0
0,512,0
1,22146368,0
0,640,0
1,22148048,0
0,512,0
1,22147008,0
0,640,0
1,22151152,0
0,512,0
1,22150608,0
0,544,0
1,22152384,0
0,328,0
1,22151680,0
0,512,0
1,22152264,0
0,512,0
1,22151720,0
0,544,0
1,22152712,0
0,328,0
1,22151408,0
0,512,0
1,22153040,0
0,491520,0
1,22645144,0
0,512,0
1,22644600,0
0,544,0
1,22646376,0
0,328,0
1,22645672,0
0,512,0
1,22646256,0
0,512,0
1,22645712,0
0,544,0
1,22646704,0
0,328,0
1,22645400,0
0,512,0
1,22647032,0
0,716800,0
1,23364416,0
0,512,0
1,23363872,0
0,544,0
1,23365744,0
0,328,0
1,23365040,0
0,512,0
1,23365624,0
0,512,0
1,23365080,0
0,544,0
1,23366072,0
0,328,0
1,23364768,0
0,512,0
1,23366400,0
0,640,0
1,23368448,0
0,512,0
1,23367040,0
0,640,0
1,23368720,0
0,512,0
1,23367680,0
0,640,0
1,23369576,0
0,512,0
1,23369032,0
0,544,0
1,23371232,0
0,328,0
1,23370528,0
0,512,0
1,23371112,0
0,512,0
1,23370568,0
0,544,0
1,23371560,0
0,328,0
1,23370256,0
0,512,0
1,23371888,0
0,640,0
1,23373936,0
0,512,0
1,23372528,0
0,640,0
1,23374208,0
0,512,0
1,23373168,0
0,640,0
1,23376728,0
0,512,0
1,23376184,0
0,544,0
1,23377960,0
0,328,0
1,23377256,0
0,512,0
1,23377840,0
0,512,0
1,23377296,0
0,544,0
1,23378288,0
0,328,0
1,23376984,0
0,512,0
1,23378616,0
0,716800,0
1,24096000,0
0,512,0
1,24095456,0
0,544,0
1,24097560,0
0,328,0
1,24096856,0
0,512,0
1,24097440,0
0,512,0
1,24096896,0
0,544,0
1,24097888,0
0,328,0
1,24096584,0
0,512,0
1,24098216,0
0,716800,0
1,24815600,0
0,512,0
1,24815056,0
0,544,0
1,24816928,0
0,328,0
1,24816224,0
0,512,0
1,24816808,0
0,512,0
1,24816264,0
0,544,0
1,24817256,0
0,328,0
1,24815952,0
0,512,0
1,24817584,0
0,640,0
1,24819632,0
0,512,0
1,24818224,0
0,640,0
1,24819904,0
0,512,0
1,24818864,0
0,640,0
1,24820760,0
0,512,0
1,24820216,0
0,544,0
1,24822088,0
0,328,0
1,24821384,0
0,512,0
1,24821968,0
0,512,0
1,24821424,0
0,544,0
1,24822416,0
0,328,0
1,24821112,0
0,512,0
1,24822744,0
0,640,0
1,24824792,0
0,512,0
1,24823384,0
0,640,0
1,24825064,0
0,512,0
1,24824024,0
0,640,0
1,24829072,0
0,512,0
1,24828528,0
0,544,0
1,24830304,0
0,328,0
1,24829600,0
0,512,0
1,24830184,0
0,512,0
1,24829640,0
0,544,0
1,24830632,0
0,328,0
1,24829328,0
0,512,0
1,24830960,0
0,589824,0
1,25421368,0
0,512,0
1,25420824,0
0,544,0
1,25422600,0
0,328,0
1,25421896,0
0,512,0
1,25422480,0
0,512,0
1,25421936,0
0,544,0
1,25422928,0
0,328,0
1,25421624,0
0,512,0
1,25423256,0
0,860160,0
1,26284000,0
0,512,0
1,26283456,0
0,544,0
1,26285232,0
0,328,0
1,26284528,0
0,512,0
1,26285112,0
0,512,0
1,26284568,0
0,544,0
1,26285560,0
0,328,0
1,26284256,0
0,512,0
1,26285888,0
0,860160,0
1,27146632,0
0,512,0
1,27146088,0
0,544,0
1,27147864,0
0,328,0
1,27147160,0
0,512,0
1,27147744,0
0,512,0
1,27147200,0
0,544,0
1,27148192,0
0,328,0
1,27146888,0
0,512,0
1,27148520,0
0,589824,0
1,27738928,0
0,512,0
1,27738384,0
0,544,0
1,27740256,0
0,328,0
1,27739552,0
0,512,0
1,27740136,0
0,512,0
1,27739592,0
0,544,0
1,27740584,0
0,328,0
1,27739280,0
0,512,0
1,27740912,0
0,768,0
1,27742960,0
0,512,0
1,27741680,0
0,768,0
1,27743232,0
0,512,0
1,27745008,0
0,768,0
1,27744088,0
0,512,0
1,27743544,0
0,544,0
1,27747600,0
0,328,0
1,27744712,0
0,512,0
1,27744752,0
0,512,0
1,27747056,0
0,544,0
1,27747928,0
0,328,0
1,27744440,0
0,512,0
1,27745776,0
0,768,0
1,27748256,0
0,512,0
1,27749104,0
0,768,0
1,27748528,0
0,512,0
1,27749872,0
0,768,0
1,27748800,0
0,512,0
1,27751152,0
0,544,0
1,27752744,0
0,328,0
1,27744912,0
0,512,0
1,27748920,0
0,512,0
1,27752200,0
0,544,0
1,27753072,0
0,328,0
1,27751928,0
0,512,0
1,27753400,0
0,768,0
1,27755448,0
0,512,0
1,27754168,0
0,768,0
1,27755720,0
0,512,0
1,27757496,0
0,768,0
1,27756536,0
0,512,0
1,27755992,0
0,544,0
1,27760088,0
0,328,0
1,27749040,0
0,512,0
1,27757160,0
0,512,0
1,27759544,0
0,544,0
1,27760416,0
0,328,0
1,27756888,0
0,512,0
1,27758264,0
0,768,0
1,27760744,0
0,512,0
1,27761592,0
0,768,0
1,27761016,0
0,512,0
1,27762360,0
0,768,0
1,27767896,0
0,512,0
1,27767352,0
0,544,0
1,27769128,0
0,328,0
1,27768424,0
0,512,0
1,27769008,0
0,512,0
1,27768464,0
0,544,0
1,27769456,0
0,328,0
1,27768152,0
0,512,0
1,27769784,0
0,589824,0
1,28360192,0
0,512,0
1,28359648,0
0,544,0
1,28361520,0
0,328,0
1,28360816,0
0,512,0
1,28361400,0
0,512,0
1,28360856,0
0,544,0
1,28361848,0
0,328,0
1,28360544,0
0,512,0
1,28362176,0
0,768,0
1,28364224,0
0,512,0
1,28362944,0
0,768,0
1,28364496,0
0,512,0
1,28366272,0
0,768,0
1,28368320,0
0,512,0
1,28365640,0
0,544,0
1,28369840,0
0,328,0
1,28366184,0
0,512,0
1,28369720,0
0,512,0
1,28369176,0
0,544,0
1,28370168,0
0,328,0
1,28368904,0
0,512,0
1,28370496,0
0,1032192,0
1,29403232,0
0,512,0
1,29402688,0
0,544,0
1,29405432,0
0,328,0
1,29404728,0
0,512,0
1,29405312,0
0,512,0
1,29404768,0
0,544,0
1,29405760,0
0,328,0
1,29404456,0
0,512,0
1,28367040,0
0,768,0
1,29406088,0
0,512,0
1,29406360,0
0,768,0
1,29408408,0
0,512,0
1,29407128,0
0,768,0
1,29410096,0
0,512,0
1,29409552,0
0,544,0
1,29411328,0
0,328,0
1,29410624,0
0,512,0
1,29411208,0
0,512,0
1,29410664,0
0,544,0
1,29411656,0
0,328,0
1,29410352,0
0,512,0
1,29411984,0
0,589824,0
1,30002392,0
0,512,0
1,30001848,0
0,544,0
1,30003624,0
0,328,0
1,30002920,0
0,512,0
1,30003504,0
0,512,0
1,30002960,0
0,544,0
1,30003952,0
0,328,0
1,30002648,0
0,512,0
1,30004280,0
0,1032192,0
1,31037056,0
0,512,0
1,31036512,0
0,544,0
1,31038384,0
0,328,0
1,31037680,0
0,512,0
1,31038264,0
0,512,0
1,31037720,0
0,544,0
1,31038712,0
0,328,0
1,31037408,0
0,512,0
1,31039040,0
0,768,0
1,31041088,0
0,512,0
1,31039808,0
0,768,0
1,31041360,0
0,512,0
1,31043136,0
0,768,0
1,31042216,0
0,512,0
1,31041672,0
0,544,0
1,31045728,0
0,328,0
1,31042840,0
0,512,0
1,31042880,0
0,512,0
1,31045184,0
0,544,0
1,31046056,0
0,328,0
1,31042568,0
0,512,0
1,31043904,0
0,768,0
1,31046384,0
0,512,0
1,31047232,0
0,768,0
1,31046656,0
0,512,0
1,31048000,0
0,768,0
1,31051488,0
0,512,0
1,31050944,0
0,544,0
1,31052680,0
0,328,0
1,31043080,0
0,512,0
1,31052560,0
0,512,0
1,31052016,0
0,544,0
1,31053008,0
0,328,0
1,31051744,0
0,512,0
1,31053336,0
0,1032192,0
1,32086112,0
0,512,0
1,32085568,0
0,544,0
1,32087672,0
0,328,0
1,32086968,0
0,512,0
1,32087552,0
0,512,0
1,32087008,0
0,544,0
1,32088000,0
0,328,0
1,32086696,0
0,512,0
1,32088328,0
0,1032192,0
1,33121104,0
0,512,0
1,33120560,0
0,544,0
1,33122432,0
0,328,0
1,33121728,0
0,512,0
1,33122312,0
0,512,0
1,33121768,0
0,544,0
1,33122760,0
0,328,0
1,33121456,0
0,512,0
1,33123088,0
0,768,0
1,33125136,0
0,512,0
1,33123856,0
0,768,0
1,33125408,0
0,512,0
1,33127184,0
0,768,0
1,33126264,0
0,512,0
1,33125720,0
0,544,0
1,33130048,0
0,328,0
1,33126944,0
0,512,0
1,33126984,0
0,512,0
1,33129504,0
0,544,0
1,33130376,0
0,328,0
1,33129232,0
0,512,0
1,33127952,0
0,768,0
1,33130704,0
0,512,0
1,33131280,0
0,768,0
1,33130976,0
0,512,0
1,33132048,0
0,768,0
1,33136328,0
0,512,0
1,33135784,0
0,544,0
1,33137560,0
0,328,0
1,33136856,0
0,512,0
1,33137440,0
0,512,0
1,33136896,0
0,544,0
1,33137888,0
0,328,0
1,33136584,0
0,512,0
1,33138216,0
0,589824,0
1,33728624,0
0,512,0
1,33728080,0
0,544,0
1,33729856,0
0,328,0
1,33729152,0
0,512,0
1,33729736,0
0,512,0
1,33729192,0
0,544,0
1,33730184,0
0,328,0
1,33728880,0
0,512,0
1,33730512,0
0,1032192,0
1,34763288,0
0,512,0
1,34762744,0
0,544,0
1,34764520,0
0,328,0
1,34763816,0
0,512,0
1,34764400,0
0,512,0
1,34763856,0
0,544,0
1,34764848,0
0,328,0
1,34763544,0
0,512,0
1,34765176,0
0,1032192,0
1,35797952,0
0,512,0
1,35797408,0
0,544,0
1,35799184,0
0,328,0
1,35798480,0
0,512,0
1,35799064,0
0,512,0
1,35798520,0
0,544,0
1,35799512,0
0,328,0
1,35798208,0
0,512,0
1,35799840,0
0,589824,0
1,36390248,0
0,512,0
1,36389704,0
0,544,0
1,36391576,0
0,328,0
1,36390872,0
0,512,0
1,36391456,0
0,512,0
1,36390912,0
0,544,0
1,36391904,0
0,328,0
1,36390600,0
0,512,0
1,36392232,0
0,768,0
1,36394280,0
0,512,0
1,36393000,0
0,768,0
1,36394552,0
0,512,0
1,36396328,0
0,768,0
1,36395408,0
0,512,0
1,36394864,0
0,544,0
1,36398920,0
0,328,0
1,36396032,0
0,512,0
1,36396072,0
0,512,0
1,36398376,0
0,544,0
1,36399248,0
0,328,0
1,36395760,0
0,512,0
1,36397096,0
0,768,0
1,36399576,0
0,512,0
1,36400424,0
0,768,0
1,36399848,0
0,512,0
1,36401192,0
0,768,0
1,36400120,0
0,512,0
1,36402472,0
0,544,0
1,36404064,0
0,328,0
1,36396232,0
0,512,0
1,36400240,0
0,512,0
1,36403520,0
0,544,0
1,36404392,0
0,328,0
1,36403248,0
0,512,0
1,36404720,0
0,768,0
1,36406768,0
0,512,0
1,36405488,0
0,768,0
1,36407040,0
0,512,0
1,36408816,0
0,768,0
1,36407856,0
0,512,0
1,36407312,0
0,544,0
1,36411408,0
0,328,0
1,36400360,0
0,512,0
1,36408480,0
0,512,0
1,36410864,0
0,544,0
1,36411736,0
0,328,0
1,36408208,0
0,512,0
1,36409584,0
0,768,0
1,36412064,0
0,512,0
1,36412912,0
0,768,0
1,36412336,0
0,512,0
1,36413680,0
0,768,0
1,36419544,0
0,512,0
1,36419000,0
0,544,0
1,36420776,0
0,328,0
1,36420072,0
0,512,0
1,36420656,0
0,512,0
1,36420112,0
0,544,0
1,36421104,0
0,328,0
1,36419800,0
0,512,0
1,36421432,0
0,589824,0
1,37011840,0
0,512,0
1,37011296,0
0,544,0
1,37013168,0
0,328,0
1,37012464,0
0,512,0
1,37013048,0
0,512,0
1,37012504,0
0,544,0
1,37013496,0
0,328,0
1,37012192,0
0,512,0
1,37013824,0
0,768,0
1,37015872,0
0,512,0
1,37014592,0
0,768,0
1,37016144,0
0,512,0
1,37017920,0
0,768,0
1,37019968,0
0,512,0
1,37017288,0
0,544,0
1,37021488,0
0,328,0
1,37017832,0
0,512,0
1,37021368,0
0,512,0
1,37020824,0
0,544,0
1,37021816,0
0,328,0
1,37020552,0
0,512,0
1,37022144,0
0,1032192,0
1,38054880,0
0,512,0
1,38054336,0
0,544,0
1,38057080,0
0,328,0
1,38056376,0
0,512,0
1,38056960,0
0,512,0
1,38056416,0
0,544,0
1,38057408,0
0,328,0
1,38056104,0
0,512,0
1,37018688,0
0,768,0
1,38057736,0
0,512,0
1,38058008,0
0,768,0
1,38060056,0
0,512,0
1,38058776,0
0,768,0
1,38062072,0
0,512,0
1,38061528,0
0,544,0
1,38063304,0
0,328,0
1,38062600,0
0,512,0
1,38063184,0
0,512,0
1,38062640,0
0,544,0
1,38063632,0
0,328,0
1,38062328,0
0,512,0
1,38063960,0
0,589824,0
1,38654368,0
0,512,0
1,38653824,0
0,544,0
1,38655600,0
0,328,0
1,38654896,0
0,512,0
1,38655480,0
0,512,0
1,38654936,0
0,544,0
1,38655928,0
0,328,0
1,38654624,0
0,512,0
1,38656256,0
0,1032192,0
1,39689032,0
0,512,0
1,39688488,0
0,544,0
1,39690360,0
0,328,0
1,39689656,0
0,512,0
1,39690240,0
0,512,0
1,39689696,0
0,544,0
1,39690688,0
0,328,0
1,39689384,0
0,512,0
1,39691016,0
0,768,0
1,39693064,0
0,512,0
1,39691784,0
0,768,0
1,39693336,0
0,512,0
1,39695112,0
0,768,0
1,39694192,0
0,512,0
1,39693648,0
0,544,0
1,39697704,0
0,328,0
1,39694816,0
0,512,0
1,39694856,0
0,512,0
1,39697160,0
0,544,0
1,39698032,0
0,328,0
1,39694544,0
0,512,0
1,39695880,0
0,768,0
1,39698360,0
0,512,0
1,39699208,0
0,768,0
1,39698632,0
0,512,0
1,39699976,0
0,768,0
1,39703136,0
0,512,0
1,39702592,0
0,544,0
1,39704328,0
0,328,0
1,39695056,0
0,512,0
1,39704208,0
0,512,0
1,39703664,0
0,544,0
1,39704656,0
0,328,0
1,39703392,0
0,512,0
1,39704984,0
0,2211840,0
1,41917408,0
0,512,0
1,41916864,0
0,544,0
1,41918968,0
0,328,0
1,41918264,0
0,512,0
1,41918848,0
0,512,0
1,41918304,0
0,544,0
1,41919296,0
0,328,0
1,41917992,0
0,512,0
1,41919624,0
0,1327104,0
1,43247312,0
0,512,0
1,43246768,0
0,544,0
1,43248640,0
0,328,0
1,43247936,0
0,512,0
1,43248520,0
0,512,0
1,43247976,0
0,544,0
1,43248968,0
0,328,0
1,43247664,0
0,512,0
1,43249296,0
0,1280,0
1,43251344,0
0,512,0
1,43253392,0
0,1280,0
1,43251616,0
0,512,0
1,43254672,0
0,1280,0
1,43252472,0
0,512,0
1,43251928,0
0,544,0
1,43256768,0
0,328,0
1,43253152,0
0,512,0
1,43253192,0
0,512,0
1,43256224,0
0,544,0
1,43257096,0
0,328,0
1,43255952,0
0,512,0
1,43250576,0
0,768,0
1,43257424,0
0,512,0
1,43258000,0
0,768,0
1,43257696,0
0,512,0
1,43258768,0
0,768,0
1,43264208,0
0,512,0
1,43263664,0
0,544,0
1,43265440,0
0,328,0
1,43264736,0
0,512,0
1,43265320,0
0,512,0
1,43264776,0
0,544,0
1,43265768,0
0,328,0
1,43264464,0
0,512,0
1,43266096,0
0,2293760,0
1,45560440,0
0,512,0
1,45559896,0
0,544,0
1,45561768,0
0,328,0
1,45561064,0
0,512,0
1,45561648,0
0,512,0
1,45561104,0
0,544,0
1,45562096,0
0,328,0
1,45560792,0
0,512,0
1,45562424,0
0,1792,0
1,45564472,0
0,512,0
1,45566520,0
0,1792,0
1,45564744,0
0,512,0
1,45568312,0
0,1792,0
0,512,0
1,45565888,0
0,544,0
1,45571296,0
0,328,0
1,45566432,0
0,512,0
1,45571176,0
0,512,0
1,45570632,0
0,544,0
1,45571624,0
0,328,0
1,45570360,0
0,512,0
1,45572152,0
0,1966080,0
1,45571952,0
0,512,0
1,47538232,0
0,544,0
1,47539848,0
0,328,0
1,45572072,0
0,512,0
1,47539728,0
0,512,0
1,47539184,0
0,544,0
1,47540176,0
0,328,0
1,47538912,0
0,512,0
1,47540504,0
0,6193152,0
1,53734200,0
0,512,0
1,53733656,0
0,544,0
1,53735528,0
0,328,0
1,53734824,0
0,512,0
1,53735408,0
0,512,0
1,53734864,0
0,544,0
1,53735856,0
0,328,0
1,53734552,0
0,512,0
1,53736184,0
0,1536,0
1,53738232,0
0,512,0
1,53740280,0
0,1536,0
1,53738504,0
0,512,0
1,53741816,0
0,1536,0
1,53739360,0
0,512,0
1,53738816,0
0,544,0
1,53743896,0
0,328,0
1,53739984,0
0,512,0
1,53740024,0
0,512,0
1,53743352,0
0,544,0
1,53744224,0
0,328,0
1,53739712,0
0,512,0
1,53745400,0
0,1536,0
1,53744552,0
0,512,0
1,53746936,0
0,1536,0
1,53744824,0
0,512,0
1,53748472,0
0,1536,0
1,53751888,0
0,512,0
1,53751344,0
0,544,0
1,53753080,0
0,328,0
1,53740224,0
0,512,0
1,53752960,0
0,512,0
1,53752416,0
0,544,0
1,53753408,0
0,328,0
1,53752144,0
0,512,0
1,53753736,0
0,1769472,0
1,55523792,0
0,512,0
1,55523248,0
0,544,0
1,55525024,0
0,328,0
1,55524320,0
0,512,0
1,55524904,0
0,512,0
1,55524360,0
0,544,0
1,55525352,0
0,328,0
1,55524048,0
0,512,0
1,55525680,0
0,1769472,0
1,57295736,0
0,512,0
1,57295192,0
0,544,0
1,57296968,0
0,328,0
1,57296264,0
0,512,0
1,57296848,0
0,512,0
1,57296304,0
0,544,0
1,57297296,0
0,328,0
1,57295992,0
0,512,0
1,57297624,0
0,1769472,0
1,59067680,0
0,512,0
1,59067136,0
0,544,0
1,59069240,0
0,328,0
1,59068536,0
0,512,0
1,59069120,0
0,512,0
1,59068576,0
0,544,0
1,59069568,0
0,328,0
1,59068264,0
0,512,0
1,59069896,0
0,1769472,0
1,60840784,0
0,512,0
1,60840240,0
0,544,0
1,60842016,0
0,328,0
1,60841312,0
0,512,0
1,60841896,0
0,512,0
1,60841352,0
0,544,0
1,60842344,0
0,328,0
1,60841040,0
0,512,0
1,60842672,0
0,1638400,0
1,62481656,0
0,512,0
1,62481112,0
0,544,0
1,62483312,0
0,328,0
1,62482608,0
0,512,0
1,62483192,0
0,512,0
1,62482648,0
0,544,0
1,62483640,0
0,328,0
1,62482336,0
0,512,0
1,62483968,0
0,1536,0
1,62486016,0
0,512,0
1,62488064,0
0,1536,0
1,62486288,0
0,512,0
1,62489600,0
0,1536,0
1,62487144,0
0,512,0
1,62486600,0
0,544,0
1,62491680,0
0,328,0
1,62487768,0
0,512,0
1,62487808,0
0,512,0
1,62491136,0
0,544,0
1,62492008,0
0,328,0
1,62487496,0
0,512,0
1,62493184,0
0,1536,0
1,62492336,0
0,512,0
1,62494720,0
0,1536,0
1,62492608,0
0,512,0
1,62496256,0
0,1536,0
1,62492880,0
0,512,0
1,62497792,0
0,544,0
1,62499384,0
0,328,0
1,62487968,0
0,512,0
1,62493000,0
0,512,0
1,62498840,0
0,544,0
1,62499712,0
0,328,0
1,62498568,0
0,512,0
1,62500040,0
0,1536,0
1,62502088,0
0,512,0
1,62504136,0
0,1536,0
1,62502360,0
0,512,0
1,62505672,0
0,1536,0
1,62503176,0
0,512,0
1,62502632,0
0,544,0
1,62507752,0
0,328,0
1,62493120,0
0,512,0
1,62503800,0
0,512,0
1,62507208,0
0,544,0
1,62508080,0
0,328,0
1,62503528,0
0,512,0
1,62509256,0
0,1536,0
1,62508408,0
0,512,0
1,62510792,0
0,1536,0
1,62508680,0
0,512,0
1,62512328,0
0,1536,0
1,62503960,0
0,512,0
1,62513864,0
0,544,0
1,62515224,0
0,328,0
1,62504080,0
0,512,0
1,62509088,0
0,512,0
1,62514680,0
0,544,0
1,62515552,0
0,328,0
1,62514408,0
0,512,0
1,62515912,0
0,983040,0
1,63499496,0
0,512,0
1,63498952,0
0,544,0
1,63500824,0
0,328,0
1,63500120,0
0,512,0
1,63500704,0
0,512,0
1,63500160,0
0,544,0
1,63501152,0
0,328,0
1,63499848,0
0,512,0
1,63501480,0
0,1280,0
1,63503528,0
0,512,0
1,63505576,0
0,1280,0
1,63503800,0
0,512,0
1,63506856,0
0,1280,0
1,63510888,0
0,512,0
1,63510344,0
0,544,0
1,63512216,0
0,328,0
1,63511512,0
0,512,0
1,63512096,0
0,512,0
1,63511552,0
0,544,0
1,63512544,0
0,328,0
1,63511240,0
0,512,0
1,63502760,0
0,768,0
1,63512872,0
0,512,0
1,63513144,0
0,768,0
1,63515192,0
0,512,0
1,63513912,0
0,768,0
1,63520208,0
0,512,0
1,63519664,0
0,544,0
1,63521440,0
0,328,0
1,63520736,0
0,512,0
1,63521320,0
0,512,0
1,63520776,0
0,544,0
1,63521768,0
0,328,0
1,63520464,0
0,512,0
1,63522096,0
0,3670016,0
1,67192696,0
0,512,0
1,67192152,0
0,544,0
1,67194024,0
0,328,0
1,67193320,0
0,512,0
1,67193904,0
0,512,0
1,67193360,0
0,544,0
1,67194352,0
0,328,0
1,67193048,0
0,512,0
1,67194680,0
0,1792,0
1,67196728,0
0,512,0
1,67198776,0
0,1792,0
1,67197000,0
0,512,0
1,67200568,0
0,1792,0
1,67198472,0
0,512,0
1,67202360,0
0,544,0
1,67203840,0
0,328,0
1,67198728,0
0,512,0
1,67203720,0
0,512,0
1,67203176,0
0,544,0
1,67204168,0
0,328,0
1,67202904,0
0,512,0
1,67204496,0
0,3145728,0
1,70350808,0
0,512,0
1,70350264,0
0,544,0
1,70352040,0
0,328,0
1,70351336,0
0,512,0
1,70351920,0
0,512,0
1,70351376,0
0,544,0
1,70352368,0
0,328,0
1,70351064,0
0,512,0
1,70352696,0
0,6193152,0
1,76546432,0
0,512,0
1,76545888,0
0,544,0
1,76548088,0
0,328,0
1,76547384,0
0,512,0
1,76547968,0
0,512,0
1,76547424,0
0,544,0
1,76548416,0
0,328,0
1,76547112,0
0,512,0
1,76548744,0
0,1536,0
1,76550792,0
0,512,0
1,76552840,0
0,1536,0
1,76551064,0
0,512,0
1,76554376,0
0,1536,0
1,76551920,0
0,512,0
1,76551376,0
0,544,0
1,76556456,0
0,328,0
1,76552544,0
0,512,0
1,76552584,0
0,512,0
1,76555912,0
0,544,0
1,76556784,0
0,328,0
1,76552272,0
0,512,0
1,76557960,0
0,1536,0
1,76557112,0
0,512,0
1,76559496,0
0,1536,0
1,76557384,0
0,512,0
1,76561032,0
0,1536,0
1,76564448,0
0,512,0
1,76563904,0
0,544,0
1,76565968,0
0,328,0
1,76552784,0
0,512,0
1,76565848,0
0,512,0
1,76565304,0
0,544,0
1,76566296,0
0,328,0
1,76565032,0
0,512,0
1,76566624,0
0,1769472,0
1,78336680,0
0,512,0
1,78336136,0
0,544,0
1,78337912,0
0,328,0
1,78337208,0
0,512,0
1,78337792,0
0,512,0
1,78337248,0
0,544,0
1,78338240,0
0,328,0
1,78336936,0
0,512,0
1,78338568,0
0,1769472,0
1,80108624,0
0,512,0
1,80108080,0
0,544,0
1,80109856,0
0,328,0
1,80109152,0
0,512,0
1,80109736,0
0,512,0
1,80109192,0
0,544,0
1,80110184,0
0,328,0
1,80108880,0
0,512,0
1,80110512,0
0,1769472,0
1,81880568,0
0,512,0
1,81880024,0
0,544,0
1,81881800,0
0,328,0
1,81881096,0
0,512,0
1,81881680,0
0,512,0
1,81881136,0
0,544,0
1,81882128,0
0,328,0
1,81880824,0
0,512,0
1,81882456,0
0,1769472,0
1,83653344,0
0,512,0
1,83652800,0
0,544,0
1,83654576,0
0,328,0
1,83653872,0
0,512,0
1,83654456,0
0,512,0
1,83653912,0
0,544,0
1,83654904,0
0,328,0
1,83653600,0
0,512,0
1,83655232,0
0,2621440,0
1,86277256,0
0,512,0
1,86276712,0
0,544,0
1,86278584,0
0,328,0
1,86277880,0
0,512,0
1,86278464,0
0,512,0
1,86277920,0
0,544,0
1,86278912,0
0,328,0
1,86277608,0
0,512,0
1,86279240,0
0,1536,0
1,86281288,0
0,512,0
1,86283336,0
0,1536,0
1,86281560,0
0,512,0
1,86284872,0
0,1536,0
1,86282416,0
0,512,0
1,86281872,0
0,544,0
1,86286952,0
0,328,0
1,86283040,0
0,512,0
1,86283080,0
0,512,0
1,86286408,0
0,544,0
1,86287280,0
0,328,0
1,86282768,0
0,512,0
1,86288456,0
0,1536,0
1,86287608,0
0,512,0
1,86289992,0
0,1536,0
1,86287880,0
0,512,0
1,86291528,0
0,1536,0
1,86288152,0
0,512,0
1,86293064,0
0,544,0
1,86294656,0
0,328,0
1,86283240,0
0,512,0
1,86288272,0
0,512,0
1,86294112,0
0,544,0
1,86294984,0
0,328,0
1,86293840,0
0,512,0
1,86295312,0
0,1536,0
1,86297360,0
0,512,0
1,86299408,0
0,1536,0
1,86297632,0
0,512,0
1,86300944,0
0,1536,0
1,86298448,0
0,512,0
1,86297904,0
0,544,0
1,86303144,0
0,328,0
1,86288392,0
0,512,0
1,86303024,0
0,512,0
1,86302480,0
0,544,0
1,86303472,0
0,328,0
1,86299128,0
0,512,0
1,86304528,0
0,1536,0
1,86303800,0
0,512,0
1,86306064,0
0,1536,0
1,86304072,0
0,512,0
1,86307600,0
0,1536,0
1,86304384,0
0,512,0
1,86309136,0
0,544,0
1,86310792,0
0,328,0
1,86310088,0
0,512,0
1,86310672,0
0,512,0
1,86310128,0
0,544,0
1,86311120,0
0,328,0
1,86309816,0
0,512,0
1,86311448,0
0,1572864,0
1,87884896,0
0,512,0
1,87884352,0
0,544,0
1,87886224,0
0,328,0
1,87885520,0
0,512,0
1,87886104,0
0,512,0
1,87885560,0
0,544,0
1,87886552,0
0,328,0
1,87885248,0
0,512,0
1,87886880,0
0,1280,0
1,87888928,0
0,512,0
1,87890976,0
0,1280,0
1,87889200,0
0,512,0
1,87892256,0
0,1280,0
1,18575608,0
0,512,0
1,18575064,0
0,544,0
1,18576936,0
0,328,0
1,18576232,0
0,512,0
1,18576816,0
0,512,0
1,18576272,0
0,544,0
1,18577264,0
0,328,0
1,18575960,0
0,512,0
1,87888160,0
0,768,0
1,18577592,0
0,512,0
1,87906832,0
0,768,0
1,18577864,0
0,512,0
1,87907600,0
0,768,0
1,87912424,0
0,512,0
1,87911880,0
0,544,0
1,87913672,0
0,328,0
1,87912968,0
0,512,0
1,87913552,0
0,512,0
1,87913008,0
0,544,0
1,87914000,0
0,328,0
1,87912696,0
0,512,0
1,87914328,0
0,8192000,0
0,512,0
1,96108376,0
0,4000,0
