1,0,0
0,61440,0
0,4096,0
0,61440,0
0,4096,0
0,61440,0
0,4096,0
0,61440,0
0,4096,0
0,61440,0
0,4096,0
0,61440,0
0,4096,0
0,61440,0
0,4096,0
0,61440,0
0,4096,0
0,61440,0
0,4096,0
0,61440,0
0,4096,0
0,61440,0
0,4096,0
0,61440,0
0,4096,0
0,61440,0
0,4096,0
0,61440,0
0,4096,0
0,61440,0
0,4096,0
0,61440,0
0,4096,0
0,61440,0
0,4096,0
0,61440,0
0,4096,0
0,61440,0
0,4096,0
0,61440,0
0,4096,0
0,61440,0
0,4096,0
0,61440,0
0,4096,0
0,61440,0
0,4096,0
0,61440,0
0,4096,0
0,61440,0
0,4096,0
0,61440,0
0,4096,0
0,61440,0
0,4096,0
0,61440,0
0,4096,0
0,61440,0
0,4096,0
0,61440,0
0,4096,0
0,61440,0
0,4096,0
0,61440,0
0,4096,0
0,61440,0
0,4096,0
0,61440,0
0,4096,0
0,61440,0
0,4096,0
0,61440,0
0,4096,0
0,61440,0
0,4096,0
0,61440,0
0,4096,0
0,61440,0
0,4096,0
0,61440,0
0,4096,0
0,61440,0
0,4096,0
0,61440,0
0,4096,0
0,61440,0
0,4096,0
0,61440,0
0,4096,0
0,61440,0
0,4096,0
0,61440,0
0,4096,0
0,61440,0
0,4096,0
0,61440,0
0,4096,0
0,61440,0
0,4096,0
0,61440,0
0,4096,0
0,61440,0
0,4096,0
0,61440,0
0,4096,0
0,61440,0
0,4096,0
0,61440,0
0,4096,0
0,61440,0
0,4096,0
0,61440,0
0,4096,0
0,61440,0
0,4096,0
0,61440,0
0,4096,0
0,61440,0
0,4096,0
0,61440,0
0,4096,0
0,61440,0
0,4096,0
0,61440,0
0,4096,0
0,61440,0
0,4096,0
0,61440,0
0,4096,0
0,61440,0
0,4096,0
0,61440,0
0,4096,0
0,61440,0
0,4096,0
0,61440,0
0,4096,0
0,61440,0
0,4096,0
0,61440,0
0,4096,0
0,61440,0
0,4096,0
0,61440,0
0,4096,0
0,61440,0
0,4096,0
0,61440,0
0,4096,0
0,61440,0
0,4096,0
0,61440,0
0,4096,0
0,61440,0
0,4096,0
0,61440,0
0,4096,0
0,61440,0
0,4096,0
0,61440,0
0,4096,0
0,61440,0
0,4096,0
0,61440,0
0,4096,0
0,61440,0
0,4096,0
0,61440,0
0,4096,0
0,61440,0
0,4096,0
0,61440,0
0,4096,0
0,61440,0
0,4096,0
0,61440,0
0,4096,0
0,61440,0
0,4096,0
0,61440,0
0,4096,0
0,61440,0
0,4096,0
0,61440,0
0,4096,0
0,61440,0
0,4096,0
0,61440,0
0,4096,0
0,61440,0
0,4096,0
0,61440,0
0,4096,0
0,61440,0
0,4096,0
0,61440,0
0,4096,0
0,61440,0
0,4096,0
0,61440,0
0,4096,0
0,61440,0
0,4096,0
0,61440,0
0,4096,0
0,61440,0
0,4096,0
0,61440,0
0,4096,0
0,61440,0
0,4096,0
0,61440,0
0,4096,0
0,61440,0
0,4096,0
0,61440,0
0,4096,0
0,61440,0
0,4096,0
0,61440,0
0,4096,0
0,61440,0
0,4096,0
0,61440,0
0,4096,0
0,61440,0
0,4096,0
0,61440,0
0,4096,0
0,61440,0
0,4096,0
0,61440,0
0,4096,0
0,61440,0
0,4096,0
0,61440,0
0,4096,0
0,61440,0
0,4096,0
0,61440,0
0,4096,0
0,61440,0
0,4096,0
0,61440,0
0,4096,0
0,61440,0
0,4096,0
0,61440,0
0,4096,0
0,61440,0
0,4096,0
0,61440,0
0,4096,0
0,61440,0
0,4096,0
0,61440,0
0,4096,0
0,61440,0
0,4096,0
0,61440,0
0,4096,0
0,61440,0
0,4096,0
0,61440,0
0,4096,0
0,61440,0
0,4096,0
0,61440,0
0,4096,0
0,61440,0
0,4096,0
0,61440,0
0,4096,0
0,61440,0
0,4096,0
0,61440,0
0,4096,0
0,61440,0
0,4096,0
0,61440,0
0,4096,0
0,61440,0
0,4096,0
0,61440,0
0,4096,0
0,61440,0
0,4096,0
0,61440,0
0,4096,0
0,61440,0
0,4096,0
0,61440,0
0,4096,0
0,61440,0
0,4096,0
0,61440,0
0,4096,0
0,61440,0
0,4096,0
0,61440,0
0,4096,0
0,61440,0
0,4096,0
0,61440,0
0,4096,0
0,61440,0
0,4096,0
0,61440,0
0,4096,0
0,61440,0
0,4096,0
0,61440,0
0,4096,0
0,61440,0
0,4096,0
0,61440,0
0,4096,0
0,61440,0
0,4096,0
0,61440,0
0,4096,0
0,61440,0
0,4096,0
0,61440,0
0,4096,0
0,61440,0
0,4096,0
0,61440,0
0,12288,0
0,61440,0
1,0,0
0,8,0
1,0,0
0,16,0
0,80,0
0,512,0
1,800,0
0,7136,0
1,12032,0
0,104,0
1,7936,0
0,4096,0
1,680,0
0,512,0
1,1250944,0
0,1408,0
1,136,0
0,544,0
1,965944,0
0,328,0
1,12136,0
0,512,0
1,13168,0
0,128,0
1,12840,0
0,328,0
1,13296,0
0,512,0
1,14000,0
0,128,0
1,13880,0
0,512,0
1,13336,0
0,544,0
1,15104,0
0,328,0
1,17808,0
0,512,0
1,18512,0
0,240,0
1,22232,0
0,512,0
1,22936,0
0,128,0
0,512,0
1,23768,0
0,128,0
1,1787768,0
0,328,0
1,23896,0
0,512,0
1,24480,0
0,512,0
1,23936,0
0,544,0
1,25304,0
0,328,0
1,24600,0
0,512,0
1,25632,0
0,160,0
1,25184,0
0,512,0
1,24640,0
0,544,0
1,26768,0
0,328,0
1,30504,0
0,512,0
1,31208,0
0,320,0
1,885816,0
0,328,0
1,36040,0
0,512,0
1,36920,0
0,128,0
1,712,0
0,512,0
1,37592,0
0,512,0
1,37048,0
0,544,0
1,38376,0
0,328,0
1,752,0
0,512,0
1,38704,0
0,128,0
0,512,0
1,39536,0
0,200,0
1,43704,0
0,512,0
1,44408,0
0,128,0
0,512,0
1,45240,0
0,200,0
1,49408,0
0,512,0
1,50112,0
0,128,0
0,512,0
1,50944,0
0,128,0
0,512,0
1,51776,0
0,144,0
1,51656,0
0,512,0
1,51112,0
0,544,0
1,52896,0
0,328,0
1,56632,0
0,512,0
1,57336,0
0,312,0
1,79592,0
0,328,0
1,62160,0
0,512,0
1,62744,0
0,512,0
1,62200,0
0,544,0
1,63568,0
0,328,0
1,62864,0
0,512,0
1,63896,0
0,144,0
1,63448,0
0,512,0
1,62904,0
0,544,0
1,65016,0
0,328,0
1,71312,0
0,512,0
1,72016,0
0,312,0
1,359528,0
0,328,0
1,78888,0
0,512,0
1,79920,0
0,128,0
0,512,0
1,80752,0
0,160,0
1,80632,0
0,512,0
1,80088,0
0,544,0
1,81888,0
0,328,0
1,86168,0
0,512,0
1,86872,0
0,328,0
1,91712,0
0,512,0
1,92416,0
0,128,0
0,512,0
1,93248,0
0,144,0
1,93128,0
0,512,0
1,92584,0
0,544,0
1,94368,0
0,328,0
1,102968,0
0,512,0
1,103672,0
0,320,0
1,108504,0
0,512,0
1,109088,0
0,512,0
1,108544,0
0,544,0
1,109912,0
0,328,0
1,109208,0
0,512,0
1,110240,0
0,144,0
1,109792,0
0,512,0
1,109248,0
0,544,0
1,111360,0
0,328,0
1,121496,0
0,512,0
1,122200,0
0,312,0
1,129072,0
0,512,0
1,129776,0
0,128,0
0,512,0
1,130608,0
0,160,0
1,130488,0
0,512,0
1,129944,0
0,544,0
1,131744,0
0,328,0
1,136600,0
0,512,0
1,137304,0
0,328,0
1,144192,0
0,512,0
1,145224,0
0,128,0
0,512,0
1,146056,0
0,144,0
1,145936,0
0,512,0
1,145392,0
0,544,0
1,147176,0
0,328,0
1,157312,0
0,512,0
1,158016,0
0,320,0
1,162848,0
0,512,0
1,163552,0
0,128,0
0,512,0
1,164264,0
0,512,0
1,163720,0
0,544,0
1,165088,0
0,328,0
1,164384,0
0,512,0
1,165416,0
0,144,0
1,164968,0
0,512,0
1,164424,0
0,544,0
1,166536,0
0,328,0
1,177440,0
0,512,0
1,178144,0
0,312,0
1,1246296,0
0,328,0
1,185016,0
0,512,0
1,36744,0
0,128,0
1,144896,0
0,328,0
1,36872,0
0,512,0
1,186736,0
0,128,0
0,512,0
1,187568,0
0,160,0
1,187448,0
0,512,0
1,186904,0
0,544,0
1,188704,0
0,328,0
1,199992,0
0,512,0
1,200696,0
0,328,0
1,3098880,0
0,328,0
1,207584,0
0,512,0
1,208288,0
0,128,0
1,6628016,0
0,328,0
1,208416,0
0,512,0
1,209120,0
0,128,0
0,512,0
1,209832,0
0,512,0
1,209288,0
0,544,0
1,210656,0
0,328,0
1,209952,0
0,512,0
1,210984,0
0,128,0
0,512,0
1,211816,0
0,200,0
1,225200,0
0,512,0
1,225904,0
0,128,0
0,512,0
1,226736,0
0,208,0
1,240128,0
0,512,0
1,240832,0
0,128,0
0,512,0
1,241664,0
0,128,0
0,512,0
1,242496,0
0,144,0
1,242376,0
0,512,0
1,241832,0
0,544,0
1,243616,0
0,328,0
1,260664,0
0,512,0
1,261368,0
0,320,0
1,266200,0
0,512,0
1,266784,0
0,512,0
1,266240,0
0,544,0
1,267608,0
0,328,0
1,266904,0
0,512,0
1,267936,0
0,144,0
1,267488,0
0,512,0
1,266944,0
0,544,0
1,269056,0
0,328,0
1,309144,0
0,512,0
1,309848,0
0,312,0
1,316720,0
0,512,0
1,317424,0
0,128,0
0,512,0
1,317712,0
0,128,0
0,512,0
1,321208,0
0,160,0
1,321088,0
0,512,0
1,320544,0
0,544,0
1,322304,0
0,328,0
1,347992,0
0,512,0
1,348696,0
0,328,0
1,355584,0
0,512,0
1,356616,0
0,128,0
0,512,0
1,359856,0
0,128,0
0,512,0
1,360568,0
0,512,0
1,360024,0
0,544,0
1,361392,0
0,328,0
1,360688,0
0,512,0
1,361720,0
0,128,0
0,512,0
1,362552,0
0,200,0
1,428160,0
0,512,0
1,428864,0
0,128,0
0,512,0
1,429696,0
0,208,0
1,495312,0
0,512,0
1,496016,0
0,128,0
0,512,0
1,496848,0
0,128,0
0,512,0
1,499800,0
0,144,0
1,499680,0
0,512,0
1,499136,0
0,544,0
1,500880,0
0,328,0
1,540968,0
0,512,0
1,541672,0
0,320,0
1,546504,0
0,512,0
1,547208,0
0,128,0
0,512,0
1,547920,0
0,512,0
1,547376,0
0,544,0
1,549288,0
0,328,0
1,185720,0
0,512,0
1,185880,0
0,144,0
1,185760,0
0,512,0
1,548744,0
0,544,0
1,550552,0
0,328,0
1,590640,0
0,512,0
1,591344,0
0,312,0
1,598216,0
0,512,0
1,598920,0
0,128,0
0,512,0
1,599208,0
0,128,0
0,512,0
1,602704,0
0,160,0
1,602584,0
0,512,0
1,602040,0
0,544,0
1,603800,0
0,328,0
1,629488,0
0,512,0
1,630192,0
0,328,0
1,637080,0
0,512,0
1,637784,0
0,128,0
0,512,0
1,638072,0
0,128,0
0,512,0
1,641448,0
0,512,0
1,640904,0
0,544,0
1,642232,0
0,328,0
1,638240,0
0,512,0
1,642560,0
0,128,0
0,512,0
1,643392,0
0,200,0
1,709000,0
0,512,0
1,709704,0
0,128,0
0,512,0
1,710536,0
0,208,0
1,776152,0
0,512,0
1,776856,0
0,128,0
0,512,0
1,777688,0
0,128,0
0,512,0
1,780640,0
0,144,0
1,780520,0
0,512,0
1,779976,0
0,544,0
1,781720,0
0,328,0
1,821808,0
0,512,0
1,822512,0
0,320,0
1,827344,0
0,512,0
1,828048,0
0,128,0
0,512,0
1,828760,0
0,512,0
1,828216,0
0,544,0
1,829584,0
0,328,0
1,828880,0
0,512,0
1,829912,0
0,144,0
1,829464,0
0,512,0
1,828920,0
0,544,0
1,831032,0
0,328,0
1,851920,0
0,512,0
1,852624,0
0,312,0
1,1006040,0
0,328,0
1,859496,0
0,512,0
1,860200,0
0,128,0
0,512,0
1,861032,0
0,128,0
0,512,0
1,861864,0
0,160,0
1,861744,0
0,512,0
1,861200,0
0,544,0
1,863000,0
0,328,0
1,876688,0
0,512,0
1,877392,0
0,328,0
1,884280,0
0,512,0
1,884984,0
0,128,0
0,512,0
1,886144,0
0,128,0
0,512,0
1,886856,0
0,512,0
1,886312,0
0,544,0
1,887680,0
0,328,0
1,886976,0
0,512,0
1,888008,0
0,128,0
0,512,0
1,888840,0
0,200,0
1,908368,0
0,512,0
1,909072,0
0,128,0
0,512,0
1,909904,0
0,208,0
1,929440,0
0,512,0
1,930144,0
0,128,0
0,512,0
1,930976,0
0,128,0
0,512,0
1,931808,0
0,144,0
1,931688,0
0,512,0
1,931144,0
0,544,0
1,932928,0
0,328,0
1,957656,0
0,512,0
1,958360,0
0,320,0
1,965240,0
0,512,0
1,965824,0
0,512,0
1,965280,0
0,544,0
1,966976,0
0,328,0
1,966272,0
0,512,0
1,967304,0
0,144,0
1,966856,0
0,512,0
1,966312,0
0,544,0
1,968424,0
0,328,0
1,997760,0
0,512,0
1,998464,0
0,312,0
1,1005336,0
0,512,0
1,1006368,0
0,128,0
0,512,0
1,1007200,0
0,128,0
0,512,0
1,1008032,0
0,160,0
1,1007912,0
0,512,0
1,1007368,0
0,544,0
1,1009168,0
0,328,0
1,1025256,0
0,512,0
1,1025960,0
0,328,0
1,1032848,0
0,512,0
1,1033552,0
0,128,0
0,512,0
1,1034384,0
0,128,0
0,512,0
1,1035096,0
0,512,0
1,1034552,0
0,544,0
1,1035920,0
0,328,0
1,1035216,0
0,512,0
1,1036248,0
0,128,0
0,512,0
1,1037080,0
0,200,0
1,1064288,0
0,512,0
1,1064992,0
0,128,0
0,512,0
1,1065824,0
0,208,0
1,1093040,0
0,512,0
1,1093744,0
0,128,0
0,512,0
1,1094576,0
0,128,0
0,512,0
1,1095408,0
0,144,0
1,1095288,0
0,512,0
1,1094744,0
0,544,0
1,1096528,0
0,328,0
1,1125864,0
0,512,0
1,1126568,0
0,320,0
1,1133448,0
0,512,0
1,1134152,0
0,128,0
0,512,0
1,1134864,0
0,512,0
1,1134320,0
0,544,0
1,1135688,0
0,328,0
1,1134984,0
0,512,0
1,1136016,0
0,144,0
1,1135568,0
0,512,0
1,1135024,0
0,544,0
1,1137136,0
0,328,0
1,1194120,0
0,512,0
1,1194824,0
0,312,0
1,1201696,0
0,512,0
1,1202400,0
0,128,0
0,512,0
1,1205624,0
0,128,0
1,1203112,0
0,512,0
1,1206416,0
0,160,0
1,1206296,0
0,512,0
1,1205752,0
0,544,0
1,1207512,0
0,328,0
1,1238000,0
0,512,0
1,1238704,0
0,328,0
1,1245592,0
0,512,0
1,1246624,0
0,128,0
0,512,0
1,548040,0
0,128,0
0,512,0
1,548208,0
0,512,0
1,1252352,0
0,544,0
1,1253440,0
0,328,0
1,548328,0
0,512,0
1,548488,0
0,128,0
0,512,0
1,1254432,0
0,200,0
1,1341464,0
0,512,0
1,1342168,0
0,128,0
0,512,0
1,1343000,0
0,208,0
1,1430120,0
0,512,0
1,1430824,0
0,128,0
0,512,0
1,1431656,0
0,128,0
0,512,0
1,1434608,0
0,144,0
1,1434488,0
0,512,0
1,1433944,0
0,544,0
1,1435688,0
0,328,0
1,1547968,0
0,512,0
1,1548672,0
0,320,0
1,1553504,0
0,512,0
1,1554088,0
0,512,0
1,1553544,0
0,544,0
1,1554912,0
0,328,0
1,1554208,0
0,512,0
1,1555240,0
0,144,0
1,1554792,0
0,512,0
1,1554248,0
0,544,0
1,1556360,0
0,328,0
1,1779232,0
0,512,0
1,1779936,0
0,312,0
1,356288,0
0,328,0
1,1787064,0
0,512,0
1,1788096,0
0,128,0
1,1873664,0
0,328,0
1,1788224,0
0,512,0
1,1795872,0
0,128,0
0,512,0
1,1796704,0
0,160,0
1,1796584,0
0,512,0
1,1796040,0
0,544,0
1,1797840,0
0,328,0
1,1857128,0
0,512,0
1,1857832,0
0,328,0
1,1864976,0
0,512,0
1,1865680,0
0,128,0
0,512,0
1,1865968,0
0,128,0
0,512,0
1,1874536,0
0,512,0
1,1873992,0
0,544,0
1,1875320,0
0,328,0
1,1866136,0
0,512,0
1,1875648,0
0,128,0
0,512,0
1,1876480,0
0,200,0
1,2212424,0
0,512,0
1,2213128,0
0,128,0
0,512,0
1,2213960,0
0,208,0
1,2549912,0
0,512,0
1,2550616,0
0,128,0
0,512,0
1,2551448,0
0,128,0
0,512,0
1,2554656,0
0,144,0
1,2554536,0
0,512,0
1,2553992,0
0,544,0
1,2555736,0
0,328,0
1,2778608,0
0,512,0
1,2779312,0
0,320,0
1,2786192,0
0,512,0
1,2786896,0
0,128,0
0,512,0
1,2787608,0
0,512,0
1,2787064,0
0,544,0
1,2788432,0
0,328,0
1,2787728,0
0,512,0
1,2788760,0
0,144,0
1,2788312,0
0,512,0
1,2787768,0
0,544,0
1,2789880,0
0,328,0
1,3012752,0
0,512,0
1,3013456,0
0,320,0
1,3020592,0
0,512,0
1,3021296,0
0,128,0
0,512,0
1,3021584,0
0,128,0
0,512,0
1,3029944,0
0,160,0
1,3029824,0
0,512,0
1,3029280,0
0,544,0
1,3031040,0
0,328,0
1,3090328,0
0,512,0
1,3091032,0
0,328,0
1,3098176,0
0,512,0
1,3099208,0
0,128,0
0,512,0
1,3106984,0
0,128,0
0,512,0
1,3107696,0
0,512,0
1,3107152,0
0,544,0
1,3108520,0
0,328,0
1,3107816,0
0,512,0
1,3108848,0
0,128,0
0,512,0
1,3109680,0
0,208,0
1,3445632,0
0,512,0
1,3446336,0
0,128,0
0,512,0
1,3447168,0
0,208,0
1,3785200,0
0,512,0
1,3785904,0
0,128,0
0,512,0
1,3786736,0
0,128,0
0,512,0
1,3789944,0
0,152,0
1,3789824,0
0,512,0
1,3789280,0
0,544,0
1,3791032,0
0,328,0
1,4013904,0
0,512,0
1,4014608,0
0,320,0
1,4019440,0
0,512,0
1,4020144,0
0,128,0
0,512,0
1,4020976,0
0,128,0
1,4020856,0
0,512,0
1,4020312,0
0,544,0
1,4022080,0
0,328,0
1,4243920,0
0,512,0
1,4244624,0
0,248,0
1,4250656,0
0,512,0
1,4251360,0
0,128,0
0,512,0
1,4251648,0
0,128,0
0,512,0
1,4260008,0
0,128,0
1,4251816,0
0,512,0
1,4260800,0
0,144,0
1,6622144,0
0,512,0
1,6622848,0
0,128,0
0,512,0
1,6623680,0
0,128,0
0,512,0
1,6629008,0
0,128,0
1,6623848,0
0,512,0
1,6629800,0
0,144,0
1,10727848,0
0,512,0
1,10728552,0
0,128,0
0,512,0
1,10729264,0
0,512,0
1,10728720,0
0,544,0
1,10734168,0
0,328,0
1,10729384,0
0,512,0
1,10734496,0
0,128,0
1,14400,0
0,512,0
1,14984,0
0,512,0
1,14440,0
0,544,0
1,15432,0
0,328,0
1,14128,0
0,512,0
1,15760,0
0,1728,0
1,18392,0
0,512,0
1,17848,0
0,544,0
1,19728,0
0,328,0
1,19024,0
0,512,0
1,19608,0
0,512,0
1,19064,0
0,544,0
1,20760,0
0,328,0
1,20056,0
0,512,0
1,20640,0
0,512,0
1,20096,0
0,544,0
1,21088,0
0,328,0
1,18752,0
0,512,0
1,17488,0
0,64,0
1,21416,0
0,512,0
1,17552,0
0,64,0
1,21688,0
0,512,0
1,17616,0
0,64,0
1,21960,0
0,512,0
1,17680,0
0,64,0
1,26064,0
0,512,0
1,26648,0
0,512,0
1,26104,0
0,544,0
1,27800,0
0,328,0
1,27096,0
0,512,0
1,27680,0
0,512,0
1,27136,0
0,544,0
1,28128,0
0,328,0
1,25792,0
0,512,0
1,28456,0
0,576,0
1,31088,0
0,512,0
1,30544,0
0,544,0
1,32504,0
0,328,0
1,31800,0
0,512,0
1,32384,0
0,512,0
1,31840,0
0,544,0
1,33536,0
0,328,0
1,32832,0
0,512,0
1,33416,0
0,512,0
1,32872,0
0,544,0
1,34568,0
0,328,0
1,33864,0
0,512,0
1,34448,0
0,512,0
1,33904,0
0,544,0
1,34896,0
0,328,0
1,31528,0
0,512,0
1,17744,0
0,64,0
1,35224,0
0,512,0
1,29032,0
0,64,0
1,35496,0
0,512,0
1,29096,0
0,64,0
1,35768,0
0,512,0
1,29160,0
0,64,0
1,39416,0
0,512,0
1,38872,0
0,544,0
1,40712,0
0,328,0
1,40008,0
0,512,0
1,40592,0
0,512,0
1,40048,0
0,544,0
1,41744,0
0,328,0
1,41040,0
0,512,0
1,41624,0
0,512,0
1,41080,0
0,544,0
1,42776,0
0,328,0
1,42072,0
0,512,0
1,42656,0
0,512,0
1,42112,0
0,544,0
1,43104,0
0,328,0
1,39736,0
0,512,0
1,29224,0
0,512,0
1,43432,0
0,512,0
1,29736,0
0,32,0
1,45120,0
0,512,0
1,44576,0
0,544,0
1,46416,0
0,328,0
1,45712,0
0,512,0
1,46296,0
0,512,0
1,45752,0
0,544,0
1,47448,0
0,328,0
1,46744,0
0,512,0
1,47328,0
0,512,0
1,46784,0
0,544,0
1,48480,0
0,328,0
1,47776,0
0,512,0
1,48360,0
0,512,0
1,47816,0
0,544,0
1,48808,0
0,328,0
1,45440,0
0,512,0
1,29768,0
0,512,0
1,49136,0
0,512,0
1,30280,0
0,64,0
1,52192,0
0,512,0
1,52776,0
0,512,0
1,52232,0
0,544,0
1,53928,0
0,328,0
1,53224,0
0,512,0
1,53808,0
0,512,0
1,53264,0
0,544,0
1,54256,0
0,328,0
1,51920,0
0,512,0
1,54584,0
0,1024,0
1,57216,0
0,512,0
1,56672,0
0,544,0
1,58624,0
0,328,0
1,57920,0
0,512,0
1,58504,0
0,512,0
1,57960,0
0,544,0
1,59656,0
0,328,0
1,58952,0
0,512,0
1,59536,0
0,512,0
1,58992,0
0,544,0
1,60688,0
0,328,0
1,59984,0
0,512,0
1,60568,0
0,512,0
1,60024,0
0,544,0
1,61016,0
0,328,0
1,57648,0
0,512,0
1,30344,0
0,64,0
1,61344,0
0,512,0
1,30408,0
0,64,0
1,61616,0
0,512,0
1,55608,0
0,64,0
1,61888,0
0,512,0
1,55672,0
0,64,0
1,64312,0
0,512,0
1,64896,0
0,512,0
1,64352,0
0,544,0
1,66048,0
0,328,0
1,65344,0
0,512,0
1,65928,0
0,512,0
1,65384,0
0,544,0
1,66376,0
0,328,0
1,64040,0
0,512,0
1,66704,0
0,4608,0
1,71896,0
0,512,0
1,71352,0
0,544,0
1,73304,0
0,328,0
1,72600,0
0,512,0
1,73184,0
0,512,0
1,72640,0
0,544,0
1,74336,0
0,328,0
1,73632,0
0,512,0
1,74216,0
0,512,0
1,73672,0
0,544,0
1,75368,0
0,328,0
1,74664,0
0,512,0
1,75248,0
0,512,0
1,74704,0
0,544,0
1,75696,0
0,328,0
1,72328,0
0,512,0
1,55736,0
0,288,0
1,76024,0
0,512,0
1,56024,0
0,288,0
1,76296,0
0,512,0
1,56312,0
0,288,0
1,76568,0
0,512,0
1,76840,0
0,288,0
1,81184,0
0,512,0
1,81768,0
0,512,0
1,81224,0
0,544,0
1,82920,0
0,328,0
1,82216,0
0,512,0
1,82800,0
0,512,0
1,82256,0
0,544,0
1,83248,0
0,328,0
1,80912,0
0,512,0
1,83576,0
0,2592,0
1,86752,0
0,512,0
1,86208,0
0,544,0
1,88176,0
0,328,0
1,87472,0
0,512,0
1,88056,0
0,512,0
1,87512,0
0,544,0
1,89208,0
0,328,0
1,88504,0
0,512,0
1,89088,0
0,512,0
1,88544,0
0,544,0
1,90240,0
0,328,0
1,89536,0
0,512,0
1,90120,0
0,512,0
1,89576,0
0,544,0
1,90568,0
0,328,0
1,87200,0
0,512,0
1,77128,0
0,288,0
1,90896,0
0,512,0
1,77416,0
0,288,0
1,91168,0
0,512,0
1,77704,0
0,288,0
1,91440,0
0,512,0
1,77992,0
0,288,0
1,93664,0
0,512,0
1,94248,0
0,512,0
1,93704,0
0,544,0
1,95400,0
0,328,0
1,94696,0
0,512,0
1,95280,0
0,512,0
1,94736,0
0,544,0
1,95728,0
0,328,0
1,93392,0
0,512,0
1,96056,0
0,6912,0
1,103552,0
0,512,0
1,103008,0
0,544,0
1,104968,0
0,328,0
1,104264,0
0,512,0
1,104848,0
0,512,0
1,104304,0
0,544,0
1,106000,0
0,328,0
1,105296,0
0,512,0
1,105880,0
0,512,0
1,105336,0
0,544,0
1,107032,0
0,328,0
1,106328,0
0,512,0
1,106912,0
0,512,0
1,106368,0
0,544,0
1,107360,0
0,328,0
1,103992,0
0,512,0
1,78280,0
0,96,0
1,107688,0
0,512,0
1,78376,0
0,96,0
1,107960,0
0,512,0
1,78472,0
0,96,0
1,108232,0
0,512,0
1,78568,0
0,96,0
1,110656,0
0,512,0
1,111240,0
0,512,0
1,110696,0
0,544,0
1,112392,0
0,328,0
1,111688,0
0,512,0
1,112272,0
0,512,0
1,111728,0
0,544,0
1,112720,0
0,328,0
1,110384,0
0,512,0
1,113048,0
0,8448,0
1,122080,0
0,512,0
1,121536,0
0,544,0
1,123488,0
0,328,0
1,122784,0
0,512,0
1,123368,0
0,512,0
1,122824,0
0,544,0
1,124520,0
0,328,0
1,123816,0
0,512,0
1,124400,0
0,512,0
1,123856,0
0,544,0
1,125552,0
0,328,0
1,124848,0
0,512,0
1,125432,0
0,512,0
1,124888,0
0,544,0
1,125880,0
0,328,0
1,122512,0
0,512,0
1,126208,0
0,352,0
1,128256,0
0,512,0
1,126560,0
0,352,0
1,128528,0
0,512,0
1,126912,0
0,352,0
1,128800,0
0,512,0
1,127264,0
0,352,0
1,131040,0
0,512,0
1,131624,0
0,512,0
1,131080,0
0,544,0
1,132776,0
0,328,0
1,132072,0
0,512,0
1,132656,0
0,512,0
1,132112,0
0,544,0
1,133104,0
0,328,0
1,130768,0
0,512,0
1,133432,0
0,3168,0
1,137184,0
0,512,0
1,136640,0
0,544,0
1,138608,0
0,328,0
1,137904,0
0,512,0
1,138488,0
0,512,0
1,137944,0
0,544,0
1,139640,0
0,328,0
1,138936,0
0,512,0
1,139520,0
0,512,0
1,138976,0
0,544,0
1,140672,0
0,328,0
1,139968,0
0,512,0
1,140552,0
0,512,0
1,140008,0
0,544,0
1,141000,0
0,328,0
1,137632,0
0,512,0
1,127616,0
0,352,0
1,141328,0
0,512,0
1,141600,0
0,352,0
1,143648,0
0,512,0
1,141952,0
0,352,0
1,143920,0
0,512,0
1,142304,0
0,352,0
1,146472,0
0,512,0
1,147056,0
0,512,0
1,146512,0
0,544,0
1,148208,0
0,328,0
1,147504,0
0,512,0
1,148088,0
0,512,0
1,147544,0
0,544,0
1,148536,0
0,328,0
1,146200,0
0,512,0
1,148864,0
0,8448,0
1,157896,0
0,512,0
1,157352,0
0,544,0
1,159312,0
0,328,0
1,158608,0
0,512,0
1,159192,0
0,512,0
1,158648,0
0,544,0
1,160344,0
0,328,0
1,159640,0
0,512,0
1,160224,0
0,512,0
1,159680,0
0,544,0
1,161376,0
0,328,0
1,160672,0
0,512,0
1,161256,0
0,512,0
1,160712,0
0,544,0
1,161704,0
0,328,0
1,158336,0
0,512,0
1,78664,0
0,96,0
1,162032,0
0,512,0
1,78760,0
0,96,0
1,162304,0
0,512,0
1,127968,0
0,96,0
1,162576,0
0,512,0
1,128064,0
0,96,0
1,165832,0
0,512,0
1,166416,0
0,512,0
1,165872,0
0,544,0
1,167568,0
0,328,0
1,166864,0
0,512,0
1,167448,0
0,512,0
1,166904,0
0,544,0
1,167896,0
0,328,0
1,165560,0
0,512,0
1,168224,0
0,9216,0
1,178024,0
0,512,0
1,177480,0
0,544,0
1,179432,0
0,328,0
1,178728,0
0,512,0
1,179312,0
0,512,0
1,178768,0
0,544,0
1,180464,0
0,328,0
1,179760,0
0,512,0
1,180344,0
0,512,0
1,179800,0
0,544,0
1,181496,0
0,328,0
1,180792,0
0,512,0
1,181376,0
0,512,0
1,180832,0
0,544,0
1,181824,0
0,328,0
1,178456,0
0,512,0
1,142656,0
0,384,0
1,182152,0
0,512,0
1,143040,0
0,384,0
1,182424,0
0,512,0
1,182696,0
0,384,0
1,184744,0
0,512,0
1,183080,0
0,384,0
1,188000,0
0,512,0
1,188584,0
0,512,0
1,188040,0
0,544,0
1,189736,0
0,328,0
1,189032,0
0,512,0
1,189616,0
0,512,0
1,189072,0
0,544,0
1,190064,0
0,328,0
1,187728,0
0,512,0
1,190392,0
0,9600,0
1,200576,0
0,512,0
1,200032,0
0,544,0
1,202000,0
0,328,0
1,201296,0
0,512,0
1,201880,0
0,512,0
1,201336,0
0,544,0
1,203032,0
0,328,0
1,202328,0
0,512,0
1,202912,0
0,512,0
1,202368,0
0,544,0
1,204064,0
0,328,0
1,203360,0
0,512,0
1,203944,0
0,512,0
1,203400,0
0,544,0
1,204392,0
0,328,0
1,201024,0
0,512,0
1,183464,0
0,384,0
1,204720,0
0,512,0
1,183848,0
0,384,0
1,204992,0
0,512,0
1,184232,0
0,384,0
1,205264,0
0,512,0
1,205536,0
0,384,0
1,211696,0
0,512,0
1,211152,0
0,544,0
1,212992,0
0,328,0
1,212288,0
0,512,0
1,212872,0
0,512,0
1,212328,0
0,544,0
1,214024,0
0,328,0
1,213320,0
0,512,0
1,213904,0
0,512,0
1,213360,0
0,544,0
1,215056,0
0,328,0
1,214352,0
0,512,0
1,214936,0
0,512,0
1,214392,0
0,544,0
1,215384,0
0,328,0
1,212016,0
0,512,0
1,215712,0
0,9216,0
0,512,0
1,128160,0
0,96,0
1,226616,0
0,512,0
1,226072,0
0,544,0
1,227920,0
0,328,0
1,227216,0
0,512,0
1,227800,0
0,512,0
1,227256,0
0,544,0
1,228952,0
0,328,0
1,228248,0
0,512,0
1,228832,0
0,512,0
1,228288,0
0,544,0
1,229984,0
0,328,0
1,229280,0
0,512,0
1,229864,0
0,512,0
1,229320,0
0,544,0
1,230312,0
0,328,0
1,226944,0
0,512,0
1,230640,0
0,9216,0
0,512,0
1,205920,0
0,384,0
1,242912,0
0,512,0
1,243496,0
0,512,0
1,242952,0
0,544,0
1,244648,0
0,328,0
1,243944,0
0,512,0
1,244528,0
0,512,0
1,243984,0
0,544,0
1,244976,0
0,328,0
1,242640,0
0,512,0
1,245304,0
0,15360,0
1,261248,0
0,512,0
1,260704,0
0,544,0
1,262664,0
0,328,0
1,261960,0
0,512,0
1,262544,0
0,512,0
1,262000,0
0,544,0
1,263696,0
0,328,0
1,262992,0
0,512,0
1,263576,0
0,512,0
1,263032,0
0,544,0
1,264728,0
0,328,0
1,264024,0
0,512,0
1,264608,0
0,512,0
1,264064,0
0,544,0
1,265056,0
0,328,0
1,261688,0
0,512,0
1,143424,0
0,160,0
1,265384,0
0,512,0
1,206304,0
0,160,0
1,265656,0
0,512,0
1,206464,0
0,160,0
1,265928,0
0,512,0
1,206624,0
0,160,0
1,268352,0
0,512,0
1,268936,0
0,512,0
1,268392,0
0,544,0
1,270088,0
0,328,0
1,269384,0
0,512,0
1,269968,0
0,512,0
1,269424,0
0,544,0
1,270416,0
0,328,0
1,268080,0
0,512,0
1,270744,0
0,38400,0
1,309728,0
0,512,0
1,309184,0
0,544,0
1,311136,0
0,328,0
1,310432,0
0,512,0
1,311016,0
0,512,0
1,310472,0
0,544,0
1,312168,0
0,328,0
1,311464,0
0,512,0
1,312048,0
0,512,0
1,311504,0
0,544,0
1,313200,0
0,328,0
1,312496,0
0,512,0
1,313080,0
0,512,0
1,312536,0
0,544,0
1,313528,0
0,328,0
1,310160,0
0,512,0
1,313856,0
0,960,0
1,315904,0
0,512,0
1,314816,0
0,960,0
1,316176,0
0,512,0
1,317952,0
0,960,0
1,316448,0
0,512,0
1,318912,0
0,960,0
1,317880,0
0,512,0
1,322184,0
0,512,0
1,321640,0
0,544,0
1,323336,0
0,328,0
1,322632,0
0,512,0
1,323216,0
0,512,0
1,322672,0
0,544,0
1,323664,0
0,328,0
1,321368,0
0,512,0
1,323992,0
0,24000,0
1,348576,0
0,512,0
1,348032,0
0,544,0
1,350000,0
0,328,0
1,349296,0
0,512,0
1,349880,0
0,512,0
1,349336,0
0,544,0
1,351032,0
0,328,0
1,350328,0
0,512,0
1,350912,0
0,512,0
1,350368,0
0,544,0
1,352064,0
0,328,0
1,351360,0
0,512,0
1,351944,0
0,512,0
1,351400,0
0,544,0
1,352392,0
0,328,0
1,349024,0
0,512,0
1,352720,0
0,960,0
1,354768,0
0,512,0
1,353680,0
0,960,0
1,355040,0
0,512,0
1,356816,0
0,960,0
1,355312,0
0,512,0
1,357776,0
0,960,0
1,362432,0
0,512,0
1,361888,0
0,544,0
1,363728,0
0,328,0
1,363024,0
0,512,0
1,363608,0
0,512,0
1,363064,0
0,544,0
1,364760,0
0,328,0
1,364056,0
0,512,0
1,364640,0
0,512,0
1,364096,0
0,544,0
1,365792,0
0,328,0
1,365088,0
0,512,0
1,365672,0
0,512,0
1,365128,0
0,544,0
1,366120,0
0,328,0
1,362752,0
0,512,0
1,366448,0
0,61440,0
0,512,0
1,206784,0
0,256,0
1,429576,0
0,512,0
1,429032,0
0,544,0
1,430880,0
0,328,0
1,430176,0
0,512,0
1,430760,0
0,512,0
1,430216,0
0,544,0
1,431912,0
0,328,0
1,431208,0
0,512,0
1,431792,0
0,512,0
1,431248,0
0,544,0
1,432944,0
0,328,0
1,432240,0
0,512,0
1,432824,0
0,512,0
1,432280,0
0,544,0
1,433272,0
0,328,0
1,429904,0
0,512,0
1,433600,0
0,61440,0
0,512,0
1,497088,0
0,960,0
1,497016,0
0,512,0
1,500760,0
0,512,0
1,500216,0
0,544,0
1,501912,0
0,328,0
1,501208,0
0,512,0
1,501792,0
0,512,0
1,501248,0
0,544,0
1,502240,0
0,328,0
1,499944,0
0,512,0
1,502568,0
0,38400,0
1,541552,0
0,512,0
1,541008,0
0,544,0
1,542968,0
0,328,0
1,542264,0
0,512,0
1,542848,0
0,512,0
1,542304,0
0,544,0
1,544000,0
0,328,0
1,543296,0
0,512,0
1,543880,0
0,512,0
1,543336,0
0,544,0
1,545032,0
0,328,0
1,544328,0
0,512,0
1,544912,0
0,512,0
1,544368,0
0,544,0
1,545360,0
0,328,0
1,541992,0
0,512,0
1,207040,0
0,160,0
1,545688,0
0,512,0
1,207200,0
0,160,0
1,545960,0
0,512,0
1,207360,0
0,160,0
1,546232,0
0,512,0
1,498048,0
0,160,0
1,186024,0
0,512,0
1,550432,0
0,512,0
1,549888,0
0,544,0
1,551584,0
0,328,0
1,550880,0
0,512,0
1,551464,0
0,512,0
1,550920,0
0,544,0
1,551912,0
0,328,0
1,549616,0
0,512,0
1,552240,0
0,38400,0
1,591224,0
0,512,0
1,590680,0
0,544,0
1,592632,0
0,328,0
1,591928,0
0,512,0
1,592512,0
0,512,0
1,591968,0
0,544,0
1,593664,0
0,328,0
1,592960,0
0,512,0
1,593544,0
0,512,0
1,593000,0
0,544,0
1,594696,0
0,328,0
1,593992,0
0,512,0
1,594576,0
0,512,0
1,594032,0
0,544,0
1,595024,0
0,328,0
1,591656,0
0,512,0
1,595352,0
0,960,0
1,597400,0
0,512,0
1,596312,0
0,960,0
1,597672,0
0,512,0
1,599448,0
0,960,0
1,597944,0
0,512,0
1,600408,0
0,960,0
1,599376,0
0,512,0
1,603680,0
0,512,0
1,603136,0
0,544,0
1,604832,0
0,328,0
1,604128,0
0,512,0
1,604712,0
0,512,0
1,604168,0
0,544,0
1,605160,0
0,328,0
1,602864,0
0,512,0
1,605488,0
0,24000,0
1,630072,0
0,512,0
1,629528,0
0,544,0
1,631496,0
0,328,0
1,630792,0
0,512,0
1,631376,0
0,512,0
1,630832,0
0,544,0
1,632528,0
0,328,0
1,631824,0
0,512,0
1,632408,0
0,512,0
1,631864,0
0,544,0
1,633560,0
0,328,0
1,632856,0
0,512,0
1,633440,0
0,512,0
1,632896,0
0,544,0
1,633888,0
0,328,0
1,630520,0
0,512,0
1,634216,0
0,960,0
1,636264,0
0,512,0
1,635176,0
0,960,0
1,636536,0
0,512,0
1,638312,0
0,960,0
1,636808,0
0,512,0
1,639272,0
0,960,0
1,643272,0
0,512,0
1,642728,0
0,544,0
1,644568,0
0,328,0
1,643864,0
0,512,0
1,644448,0
0,512,0
1,643904,0
0,544,0
1,645600,0
0,328,0
1,644896,0
0,512,0
1,645480,0
0,512,0
1,644936,0
0,544,0
1,646632,0
0,328,0
1,645928,0
0,512,0
1,646512,0
0,512,0
1,645968,0
0,544,0
1,646960,0
0,328,0
1,643592,0
0,512,0
1,647288,0
0,61440,0
0,512,0
1,498208,0
0,256,0
1,710416,0
0,512,0
1,709872,0
0,544,0
1,711720,0
0,328,0
1,711016,0
0,512,0
1,711600,0
0,512,0
1,711056,0
0,544,0
1,712752,0
0,328,0
1,712048,0
0,512,0
1,712632,0
0,512,0
1,712088,0
0,544,0
1,713784,0
0,328,0
1,713080,0
0,512,0
1,713664,0
0,512,0
1,713120,0
0,544,0
1,714112,0
0,328,0
1,710744,0
0,512,0
1,714440,0
0,61440,0
0,512,0
1,777928,0
0,960,0
1,777856,0
0,512,0
1,781600,0
0,512,0
1,781056,0
0,544,0
1,782752,0
0,328,0
1,782048,0
0,512,0
1,782632,0
0,512,0
1,782088,0
0,544,0
1,783080,0
0,328,0
1,780784,0
0,512,0
1,783408,0
0,38400,0
1,822392,0
0,512,0
1,821848,0
0,544,0
1,823808,0
0,328,0
1,823104,0
0,512,0
1,823688,0
0,512,0
1,823144,0
0,544,0
1,824840,0
0,328,0
1,824136,0
0,512,0
1,824720,0
0,512,0
1,824176,0
0,544,0
1,825872,0
0,328,0
1,825168,0
0,512,0
1,825752,0
0,512,0
1,825208,0
0,544,0
1,826200,0
0,328,0
1,822832,0
0,512,0
1,498464,0
0,160,0
1,826528,0
0,512,0
1,498624,0
0,160,0
1,826800,0
0,512,0
1,498784,0
0,160,0
1,827072,0
0,512,0
1,498944,0
0,160,0
1,830328,0
0,512,0
1,830912,0
0,512,0
1,830368,0
0,544,0
1,832064,0
0,328,0
1,831360,0
0,512,0
1,831944,0
0,512,0
1,831400,0
0,544,0
1,832392,0
0,328,0
1,830056,0
0,512,0
1,832720,0
0,19200,0
1,852504,0
0,512,0
1,851960,0
0,544,0
1,853912,0
0,328,0
1,853208,0
0,512,0
1,853792,0
0,512,0
1,853248,0
0,544,0
1,854944,0
0,328,0
1,854240,0
0,512,0
1,854824,0
0,512,0
1,854280,0
0,544,0
1,855976,0
0,328,0
1,855272,0
0,512,0
1,855856,0
0,512,0
1,855312,0
0,544,0
1,856304,0
0,328,0
1,852936,0
0,512,0
1,778888,0
0,480,0
1,856632,0
0,512,0
1,779368,0
0,480,0
1,856904,0
0,512,0
1,857176,0
0,480,0
1,859224,0
0,512,0
1,857656,0
0,480,0
1,862296,0
0,512,0
1,862880,0
0,512,0
1,862336,0
0,544,0
1,864032,0
0,328,0
1,863328,0
0,512,0
1,863912,0
0,512,0
1,863368,0
0,544,0
1,864360,0
0,328,0
1,862024,0
0,512,0
1,864688,0
0,12000,0
1,877272,0
0,512,0
1,876728,0
0,544,0
1,878696,0
0,328,0
1,877992,0
0,512,0
1,878576,0
0,512,0
1,878032,0
0,544,0
1,879728,0
0,328,0
1,879024,0
0,512,0
1,879608,0
0,512,0
1,879064,0
0,544,0
1,880760,0
0,328,0
1,880056,0
0,512,0
1,880640,0
0,512,0
1,880096,0
0,544,0
1,881088,0
0,328,0
1,877720,0
0,512,0
1,858136,0
0,480,0
1,881416,0
0,512,0
1,858616,0
0,480,0
1,881688,0
0,512,0
1,881960,0
0,480,0
1,884008,0
0,512,0
1,882440,0
0,480,0
1,888720,0
0,512,0
1,888176,0
0,544,0
1,890016,0
0,328,0
1,889312,0
0,512,0
1,889896,0
0,512,0
1,889352,0
0,544,0
1,891048,0
0,328,0
1,890344,0
0,512,0
1,890928,0
0,512,0
1,890384,0
0,544,0
1,892080,0
0,328,0
1,891376,0
0,512,0
1,891960,0
0,512,0
1,891416,0
0,544,0
1,892408,0
0,328,0
1,889040,0
0,512,0
1,892736,0
0,15360,0
0,512,0
1,184616,0
0,128,0
1,909784,0
0,512,0
1,909240,0
0,544,0
1,911088,0
0,328,0
1,910384,0
0,512,0
1,910968,0
0,512,0
1,910424,0
0,544,0
1,912120,0
0,328,0
1,911416,0
0,512,0
1,912000,0
0,512,0
1,911456,0
0,544,0
1,913152,0
0,328,0
1,912448,0
0,512,0
1,913032,0
0,512,0
1,912488,0
0,544,0
1,913480,0
0,328,0
1,910112,0
0,512,0
1,913808,0
0,15360,0
0,512,0
1,882920,0
0,480,0
1,932224,0
0,512,0
1,932808,0
0,512,0
1,932264,0
0,544,0
1,933960,0
0,328,0
1,933256,0
0,512,0
1,933840,0
0,512,0
1,933296,0
0,544,0
1,934288,0
0,328,0
1,931952,0
0,512,0
1,934616,0
0,23040,0
1,958240,0
0,512,0
1,957696,0
0,544,0
1,959656,0
0,328,0
1,958952,0
0,512,0
1,959536,0
0,512,0
1,958992,0
0,544,0
1,960688,0
0,328,0
1,959984,0
0,512,0
1,960568,0
0,512,0
1,960024,0
0,544,0
1,961720,0
0,328,0
1,961016,0
0,512,0
1,961600,0
0,512,0
1,961056,0
0,544,0
1,962048,0
0,328,0
1,958680,0
0,512,0
1,883400,0
0,192,0
1,962376,0
0,512,0
1,883592,0
0,192,0
1,962648,0
0,512,0
1,883784,0
0,192,0
1,962920,0
0,512,0
1,963192,0
0,192,0
1,967720,0
0,512,0
1,968304,0
0,512,0
1,967760,0
0,544,0
1,969456,0
0,328,0
1,968752,0
0,512,0
1,969336,0
0,512,0
1,968792,0
0,544,0
1,969784,0
0,328,0
1,967448,0
0,512,0
1,970112,0
0,27648,0
1,998344,0
0,512,0
1,997800,0
0,544,0
1,999752,0
0,328,0
1,999048,0
0,512,0
1,999632,0
0,512,0
1,999088,0
0,544,0
1,1000784,0
0,328,0
1,1000080,0
0,512,0
1,1000664,0
0,512,0
1,1000120,0
0,544,0
1,1001816,0
0,328,0
1,1001112,0
0,512,0
1,1001696,0
0,512,0
1,1001152,0
0,544,0
1,1002144,0
0,328,0
1,998776,0
0,512,0
1,963384,0
0,576,0
1,1002472,0
0,512,0
1,963960,0
0,576,0
1,1002744,0
0,512,0
1,964536,0
0,576,0
1,1003016,0
0,512,0
1,1003288,0
0,576,0
1,1008464,0
0,512,0
1,1009048,0
0,512,0
1,1008504,0
0,544,0
1,1010200,0
0,328,0
1,1009496,0
0,512,0
1,1010080,0
0,512,0
1,1009536,0
0,544,0
1,1010528,0
0,328,0
1,1008192,0
0,512,0
1,1010856,0
0,14400,0
1,1025840,0
0,512,0
1,1025296,0
0,544,0
1,1027264,0
0,328,0
1,1026560,0
0,512,0
1,1027144,0
0,512,0
1,1026600,0
0,544,0
1,1028296,0
0,328,0
1,1027592,0
0,512,0
1,1028176,0
0,512,0
1,1027632,0
0,544,0
1,1029328,0
0,328,0
1,1028624,0
0,512,0
1,1029208,0
0,512,0
1,1028664,0
0,544,0
1,1029656,0
0,328,0
1,1026288,0
0,512,0
1,1003864,0
0,576,0
1,1029984,0
0,512,0
1,1004440,0
0,576,0
1,1030256,0
0,512,0
1,1030528,0
0,576,0
1,1032576,0
0,512,0
1,1031104,0
0,576,0
1,1036960,0
0,512,0
1,1036416,0
0,544,0
1,1038256,0
0,328,0
1,1037552,0
0,512,0
1,1038136,0
0,512,0
1,1037592,0
0,544,0
1,1039288,0
0,328,0
1,1038584,0
0,512,0
1,1039168,0
0,512,0
1,1038624,0
0,544,0
1,1040320,0
0,328,0
1,1039616,0
0,512,0
1,1040200,0
0,512,0
1,1039656,0
0,544,0
1,1040648,0
0,328,0
1,1037280,0
0,512,0
1,1040976,0
0,23040,0
0,512,0
1,1005016,0
0,160,0
1,1065704,0
0,512,0
1,1065160,0
0,544,0
1,1067008,0
0,328,0
1,1066304,0
0,512,0
1,1066888,0
0,512,0
1,1066344,0
0,544,0
1,1068040,0
0,328,0
1,1067336,0
0,512,0
1,1067920,0
0,512,0
1,1067376,0
0,544,0
1,1069072,0
0,328,0
1,1068368,0
0,512,0
1,1068952,0
0,512,0
1,1068408,0
0,544,0
1,1069400,0
0,328,0
1,1066032,0
0,512,0
1,1069728,0
0,23040,0
0,512,0
1,1031680,0
0,576,0
1,1095824,0
0,512,0
1,1096408,0
0,512,0
1,1095864,0
0,544,0
1,1097560,0
0,328,0
1,1096856,0
0,512,0
1,1097440,0
0,512,0
1,1096896,0
0,544,0
1,1097888,0
0,328,0
1,1095552,0
0,512,0
1,1098216,0
0,27648,0
1,1126448,0
0,512,0
1,1125904,0
0,544,0
1,1127864,0
0,328,0
1,1127160,0
0,512,0
1,1127744,0
0,512,0
1,1127200,0
0,544,0
1,1128896,0
0,328,0
1,1128192,0
0,512,0
1,1128776,0
0,512,0
1,1128232,0
0,544,0
1,1129928,0
0,328,0
1,1129224,0
0,512,0
1,1129808,0
0,512,0
1,1129264,0
0,544,0
1,1130256,0
0,328,0
1,1126888,0
0,512,0
1,1032256,0
0,192,0
1,1130584,0
0,512,0
1,1130856,0
0,192,0
1,1132904,0
0,512,0
1,1131048,0
0,192,0
1,1133176,0
0,512,0
1,1131240,0
0,192,0
1,1136432,0
0,512,0
1,1137016,0
0,512,0
1,1136472,0
0,544,0
1,1138168,0
0,328,0
1,1137464,0
0,512,0
1,1138048,0
0,512,0
1,1137504,0
0,544,0
1,1138496,0
0,328,0
1,1136160,0
0,512,0
1,1138824,0
0,55296,0
1,1194704,0
0,512,0
1,1194160,0
0,544,0
1,1196112,0
0,328,0
1,1195408,0
0,512,0
1,1195992,0
0,512,0
1,1195448,0
0,544,0
1,1197144,0
0,328,0
1,1196440,0
0,512,0
1,1197024,0
0,512,0
1,1196480,0
0,544,0
1,1198176,0
0,328,0
1,1197472,0
0,512,0
1,1198056,0
0,512,0
1,1197512,0
0,544,0
1,1198504,0
0,328,0
1,1195136,0
0,512,0
1,1131432,0
0,1152,0
1,1198832,0
0,512,0
1,1199104,0
0,1152,0
1,1201152,0
0,512,0
1,1203200,0
0,1152,0
1,1201424,0
0,512,0
1,1204352,0
0,1152,0
1,1203152,0
0,512,0
1,1207392,0
0,512,0
1,1206848,0
0,544,0
1,1208544,0
0,328,0
1,1207840,0
0,512,0
1,1208424,0
0,512,0
1,1207880,0
0,544,0
1,1208872,0
0,328,0
1,1206576,0
0,512,0
1,1209200,0
0,28800,0
1,1238584,0
0,512,0
1,1238040,0
0,544,0
1,1240008,0
0,328,0
1,1239304,0
0,512,0
1,1239888,0
0,512,0
1,1239344,0
0,544,0
1,1241040,0
0,328,0
1,1240336,0
0,512,0
1,1240920,0
0,512,0
1,1240376,0
0,544,0
1,1242072,0
0,328,0
1,1241368,0
0,512,0
1,1241952,0
0,512,0
1,1241408,0
0,544,0
1,1242400,0
0,328,0
1,1239032,0
0,512,0
1,1242728,0
0,1152,0
1,1244776,0
0,512,0
1,1246824,0
0,1152,0
1,1245048,0
0,512,0
1,1247976,0
0,1152,0
1,1245320,0
0,512,0
1,1249128,0
0,1152,0
1,1254312,0
0,512,0
1,1253768,0
0,544,0
1,1255568,0
0,328,0
1,548656,0
0,512,0
1,1255448,0
0,512,0
1,1254904,0
0,544,0
1,1256560,0
0,328,0
1,548696,0
0,512,0
1,1256440,0
0,512,0
1,1255896,0
0,544,0
1,1257592,0
0,328,0
1,1256888,0
0,512,0
1,1257472,0
0,512,0
1,1256928,0
0,544,0
1,1257920,0
0,328,0
1,1254632,0
0,512,0
1,1258248,0
0,82944,0
0,512,0
1,1132584,0
0,288,0
1,1342880,0
0,512,0
1,1342336,0
0,544,0
1,1344184,0
0,328,0
1,1343480,0
0,512,0
1,1344064,0
0,512,0
1,1343520,0
0,544,0
1,1345216,0
0,328,0
1,1344512,0
0,512,0
1,1345096,0
0,512,0
1,1344552,0
0,544,0
1,1346248,0
0,328,0
1,1345544,0
0,512,0
1,1346128,0
0,512,0
1,1345584,0
0,544,0
1,1346576,0
0,328,0
1,1343208,0
0,512,0
1,1346904,0
0,82944,0
0,512,0
1,1431896,0
0,1152,0
1,1431824,0
0,512,0
1,1435568,0
0,512,0
1,1435024,0
0,544,0
1,1436720,0
0,328,0
1,1436016,0
0,512,0
1,1436600,0
0,512,0
1,1436056,0
0,544,0
1,1437048,0
0,328,0
1,1434752,0
0,512,0
1,1437376,0
0,110592,0
1,1548552,0
0,512,0
1,1548008,0
0,544,0
1,1549968,0
0,328,0
1,1549264,0
0,512,0
1,1549848,0
0,512,0
1,1549304,0
0,544,0
1,1551000,0
0,328,0
1,1550296,0
0,512,0
1,1550880,0
0,512,0
1,1550336,0
0,544,0
1,1552032,0
0,328,0
1,1551328,0
0,512,0
1,1551912,0
0,512,0
1,1551368,0
0,544,0
1,1552360,0
0,328,0
1,1548992,0
0,512,0
1,1200256,0
0,384,0
1,1552688,0
0,512,0
1,1200640,0
0,384,0
1,1552960,0
0,512,0
1,1243880,0
0,384,0
1,1553232,0
0,512,0
1,1244264,0
0,384,0
1,1555656,0
0,512,0
1,1556240,0
0,512,0
1,1555696,0
0,544,0
1,1557392,0
0,328,0
1,1556688,0
0,512,0
1,1557272,0
0,512,0
1,1556728,0
0,544,0
1,1557720,0
0,328,0
1,1555384,0
0,512,0
1,1558048,0
0,221184,0
1,1779816,0
0,512,0
1,1779272,0
0,544,0
1,1781224,0
0,328,0
1,1780520,0
0,512,0
1,1781104,0
0,512,0
1,1780560,0
0,544,0
1,1782256,0
0,328,0
1,1781552,0
0,512,0
1,1782136,0
0,512,0
1,1781592,0
0,544,0
1,1783288,0
0,328,0
1,1782584,0
0,512,0
1,1783168,0
0,512,0
1,1782624,0
0,544,0
1,1783616,0
0,328,0
1,1780248,0
0,512,0
1,1783944,0
0,2304,0
0,512,0
1,1788296,0
0,2304,0
1,1786520,0
0,512,0
1,1790600,0
0,2304,0
1,1786792,0
0,512,0
1,1792904,0
0,2304,0
1,1797136,0
0,512,0
1,1797720,0
0,512,0
1,1797176,0
0,544,0
1,1798872,0
0,328,0
1,1798168,0
0,512,0
1,1798752,0
0,512,0
1,1798208,0
0,544,0
1,1799200,0
0,328,0
1,1796864,0
0,512,0
1,1799528,0
0,57600,0
1,1857712,0
0,512,0
1,1857168,0
0,544,0
1,1859136,0
0,328,0
1,1858432,0
0,512,0
1,1859016,0
0,512,0
1,1858472,0
0,544,0
1,1860168,0
0,328,0
1,1859464,0
0,512,0
1,1860048,0
0,512,0
1,1859504,0
0,544,0
1,1861200,0
0,328,0
1,1860496,0
0,512,0
1,1861080,0
0,512,0
1,1860536,0
0,544,0
1,1861528,0
0,328,0
1,1858160,0
0,512,0
1,1861856,0
0,2304,0
0,512,0
1,1866208,0
0,2304,0
1,1864432,0
0,512,0
1,1868512,0
0,2304,0
1,1864704,0
0,512,0
1,1870816,0
0,2304,0
1,1876360,0
0,512,0
1,1875816,0
0,544,0
1,1877656,0
0,328,0
1,1876952,0
0,512,0
1,1877536,0
0,512,0
1,1876992,0
0,544,0
1,1878688,0
0,328,0
1,1877984,0
0,512,0
1,1878568,0
0,512,0
1,1878024,0
0,544,0
1,1879720,0
0,328,0
1,1879016,0
0,512,0
1,1879600,0
0,512,0
1,1879056,0
0,544,0
1,1880048,0
0,328,0
1,1876680,0
0,512,0
1,1880376,0
0,331776,0
0,512,0
1,1433048,0
0,576,0
1,2213840,0
0,512,0
1,2213296,0
0,544,0
1,2215144,0
0,328,0
1,2214440,0
0,512,0
1,2215024,0
0,512,0
1,2214480,0
0,544,0
1,2216176,0
0,328,0
1,2215472,0
0,512,0
1,2216056,0
0,512,0
1,2215512,0
0,544,0
1,2217208,0
0,328,0
1,2216504,0
0,512,0
1,2217088,0
0,512,0
1,2216544,0
0,544,0
1,2217536,0
0,328,0
1,2214168,0
0,512,0
1,2217864,0
0,331776,0
0,512,0
1,2551688,0
0,2304,0
1,2551616,0
0,512,0
1,2555616,0
0,512,0
1,2555072,0
0,544,0
1,2556768,0
0,328,0
1,2556064,0
0,512,0
1,2556648,0
0,512,0
1,2556104,0
0,544,0
1,2557096,0
0,328,0
1,2554800,0
0,512,0
1,2557424,0
0,221184,0
1,2779192,0
0,512,0
1,2778648,0
0,544,0
1,2780608,0
0,328,0
1,2779904,0
0,512,0
1,2780488,0
0,512,0
1,2779944,0
0,544,0
1,2781640,0
0,328,0
1,2780936,0
0,512,0
1,2781520,0
0,512,0
1,2780976,0
0,544,0
1,2782672,0
0,328,0
1,2781968,0
0,512,0
1,2782552,0
0,512,0
1,2782008,0
0,544,0
1,2783000,0
0,328,0
1,2779632,0
0,512,0
1,2783328,0
0,384,0
1,2785376,0
0,512,0
1,2783712,0
0,384,0
1,2785648,0
0,512,0
1,2784096,0
0,384,0
1,2785920,0
0,512,0
1,2784480,0
0,384,0
1,2789176,0
0,512,0
1,2789760,0
0,512,0
1,2789216,0
0,544,0
1,2790912,0
0,328,0
1,2790208,0
0,512,0
1,2790792,0
0,512,0
1,2790248,0
0,544,0
1,2791240,0
0,328,0
1,2788904,0
0,512,0
1,2791568,0
0,221184,0
1,3013336,0
0,512,0
1,3012792,0
0,544,0
1,3014752,0
0,328,0
1,3014048,0
0,512,0
1,3014632,0
0,512,0
1,3014088,0
0,544,0
1,3015784,0
0,328,0
1,3015080,0
0,512,0
1,3015664,0
0,512,0
1,3015120,0
0,544,0
1,3016816,0
0,328,0
1,3016112,0
0,512,0
1,3016696,0
0,512,0
1,3016152,0
0,544,0
1,3017144,0
0,328,0
1,3013776,0
0,512,0
1,3017472,0
0,2304,0
0,512,0
1,3021824,0
0,2304,0
1,3020048,0
0,512,0
1,3024128,0
0,2304,0
1,3020320,0
0,512,0
1,3026432,0
0,2304,0
1,3021752,0
0,512,0
1,3030920,0
0,512,0
1,3030376,0
0,544,0
1,3032072,0
0,328,0
1,3031368,0
0,512,0
1,3031952,0
0,512,0
1,3031408,0
0,544,0
1,3032400,0
0,328,0
1,3030104,0
0,512,0
1,3032728,0
0,57600,0
1,3090912,0
0,512,0
1,3090368,0
0,544,0
1,3092336,0
0,328,0
1,3091632,0
0,512,0
1,3092216,0
0,512,0
1,3091672,0
0,544,0
1,3093368,0
0,328,0
1,3092664,0
0,512,0
1,3093248,0
0,512,0
1,3092704,0
0,544,0
1,3094400,0
0,328,0
1,3093696,0
0,512,0
1,3094280,0
0,512,0
1,3093736,0
0,544,0
1,3094728,0
0,328,0
1,3091360,0
0,512,0
1,3095056,0
0,2304,0
0,512,0
1,3099408,0
0,2304,0
1,3097632,0
0,512,0
1,3101712,0
0,2304,0
1,3097904,0
0,512,0
1,3104016,0
0,2304,0
1,3109560,0
0,512,0
1,3109016,0
0,544,0
1,3110864,0
0,328,0
1,3110160,0
0,512,0
1,3110744,0
0,512,0
1,3110200,0
0,544,0
1,3111896,0
0,328,0
1,3111192,0
0,512,0
1,3111776,0
0,512,0
1,3111232,0
0,544,0
1,3112928,0
0,328,0
1,3112224,0
0,512,0
1,3112808,0
0,512,0
1,3112264,0
0,544,0
1,3113256,0
0,328,0
1,3109888,0
0,512,0
1,3113584,0
0,331776,0
0,512,0
1,3447408,0
0,576,0
1,3447048,0
0,512,0
1,3446504,0
0,544,0
1,3450432,0
0,328,0
1,3449728,0
0,512,0
1,3450312,0
0,512,0
1,3449768,0
0,544,0
1,3451464,0
0,328,0
1,3450760,0
0,512,0
1,3451344,0
0,512,0
1,3450800,0
0,544,0
1,3452496,0
0,328,0
1,3451792,0
0,512,0
1,3452376,0
0,512,0
1,3451832,0
0,544,0
1,3452824,0
0,328,0
1,3449456,0
0,512,0
1,3453152,0
0,331776,0
0,512,0
1,3786976,0
0,2304,0
1,3786904,0
0,512,0
1,3790912,0
0,512,0
1,3790368,0
0,544,0
1,3792064,0
0,328,0
1,3791360,0
0,512,0
1,3791944,0
0,512,0
1,3791400,0
0,544,0
1,3792392,0
0,328,0
1,3790096,0
0,512,0
1,3792720,0
0,221184,0
1,4014488,0
0,512,0
1,4013944,0
0,544,0
1,4015904,0
0,328,0
1,4015200,0
0,512,0
1,4015784,0
0,512,0
1,4015240,0
0,544,0
1,4016936,0
0,328,0
1,4016232,0
0,512,0
1,4016816,0
0,512,0
1,4016272,0
0,544,0
1,4017968,0
0,328,0
1,4017264,0
0,512,0
1,4017848,0
0,512,0
1,4017304,0
0,544,0
1,4018296,0
0,328,0
1,4014928,0
0,512,0
1,2784864,0
0,384,0
1,4018624,0
0,512,0
1,3447984,0
0,384,0
1,4018896,0
0,512,0
1,3448368,0
0,384,0
1,4019168,0
0,512,0
1,3448752,0
0,384,0
1,4021376,0
0,512,0
1,4021960,0
0,512,0
1,4021416,0
0,544,0
1,4022408,0
0,328,0
1,4021104,0
0,512,0
1,4022736,0
0,221184,0
1,4244504,0
0,512,0
1,4243960,0
0,544,0
1,4245848,0
0,328,0
1,4245144,0
0,512,0
1,4245728,0
0,512,0
1,4245184,0
0,544,0
1,4246880,0
0,328,0
1,4246176,0
0,512,0
1,4246760,0
0,512,0
1,4246216,0
0,544,0
1,4247208,0
0,328,0
1,4244872,0
0,512,0
1,4247536,0
0,2304,0
0,512,0
1,4251888,0
0,2304,0
1,4250112,0
0,512,0
1,4254192,0
0,2304,0
1,4250384,0
0,512,0
1,4256496,0
0,2304,0
1,4260680,0
0,512,0
1,4260136,0
0,544,0
1,4261920,0
0,328,0
1,4261216,0
0,512,0
1,4261800,0
0,512,0
1,4261256,0
0,544,0
1,4262248,0
0,328,0
1,4260944,0
0,512,0
1,4262576,0
0,2359296,0
0,512,0
1,6623920,0
0,4096,0
1,6629680,0
0,512,0
1,6629136,0
0,544,0
1,6630920,0
0,328,0
1,6630216,0
0,512,0
1,6630800,0
0,512,0
1,6630256,0
0,544,0
1,6631248,0
0,328,0
1,6629944,0
0,512,0
1,6631576,0
0,4096000,0
0,512,0
1,10729624,0
0,4000,0
