1,0,0
0,61440,0
0,4096,0
0,61440,0
0,4096,0
0,61440,0
0,4096,0
0,61440,0
0,4096,0
0,61440,0
0,4096,0
0,61440,0
0,4096,0
0,61440,0
0,4096,0
0,61440,0
0,4096,0
0,61440,0
0,4096,0
0,61440,0
0,4096,0
0,61440,0
0,4096,0
0,61440,0
0,4096,0
0,61440,0
0,4096,0
0,61440,0
0,4096,0
0,61440,0
0,4096,0
0,61440,0
0,4096,0
0,61440,0
0,4096,0
0,61440,0
0,4096,0
0,61440,0
0,4096,0
0,61440,0
0,4096,0
0,61440,0
0,4096,0
0,61440,0
0,4096,0
0,61440,0
0,4096,0
0,61440,0
0,4096,0
0,61440,0
0,4096,0
0,61440,0
0,4096,0
0,61440,0
0,4096,0
0,61440,0
0,4096,0
0,61440,0
0,4096,0
0,61440,0
0,4096,0
0,61440,0
0,4096,0
0,61440,0
0,4096,0
0,61440,0
0,4096,0
0,61440,0
0,4096,0
0,61440,0
0,4096,0
0,61440,0
0,4096,0
0,61440,0
0,4096,0
0,61440,0
0,4096,0
0,61440,0
0,4096,0
0,61440,0
0,4096,0
0,61440,0
0,4096,0
0,61440,0
0,4096,0
0,61440,0
0,4096,0
0,61440,0
0,4096,0
0,61440,0
0,4096,0
0,61440,0
0,4096,0
0,61440,0
0,4096,0
0,61440,0
0,4096,0
0,61440,0
0,4096,0
0,61440,0
0,4096,0
0,61440,0
0,4096,0
0,61440,0
0,4096,0
0,61440,0
0,4096,0
0,61440,0
0,4096,0
0,61440,0
0,4096,0
0,61440,0
0,4096,0
0,61440,0
0,4096,0
0,61440,0
0,4096,0
0,61440,0
0,4096,0
0,61440,0
0,4096,0
0,61440,0
0,4096,0
0,61440,0
0,4096,0
0,61440,0
0,4096,0
0,61440,0
0,4096,0
0,61440,0
0,4096,0
0,61440,0
0,4096,0
0,61440,0
0,4096,0
0,61440,0
0,4096,0
0,61440,0
0,4096,0
0,61440,0
0,4096,0
0,61440,0
0,4096,0
0,61440,0
0,4096,0
0,61440,0
0,4096,0
0,61440,0
0,4096,0
0,61440,0
0,4096,0
0,61440,0
0,4096,0
0,61440,0
0,4096,0
0,61440,0
0,4096,0
0,61440,0
0,4096,0
0,61440,0
0,4096,0
0,61440,0
0,4096,0
0,61440,0
0,4096,0
0,61440,0
0,4096,0
0,61440,0
0,4096,0
0,61440,0
0,4096,0
0,61440,0
0,4096,0
0,61440,0
0,4096,0
0,61440,0
0,4096,0
0,61440,0
0,4096,0
0,61440,0
0,4096,0
0,61440,0
0,4096,0
0,61440,0
0,4096,0
0,61440,0
0,4096,0
0,61440,0
0,4096,0
0,61440,0
0,4096,0
0,61440,0
0,4096,0
0,61440,0
0,4096,0
0,61440,0
0,4096,0
0,61440,0
0,4096,0
0,61440,0
0,4096,0
0,61440,0
0,4096,0
0,61440,0
0,4096,0
0,61440,0
0,4096,0
0,61440,0
0,4096,0
0,61440,0
0,4096,0
0,61440,0
0,4096,0
0,61440,0
0,4096,0
0,61440,0
0,4096,0
0,61440,0
0,4096,0
0,61440,0
0,4096,0
0,61440,0
0,4096,0
0,61440,0
0,4096,0
0,61440,0
0,4096,0
0,61440,0
0,4096,0
0,61440,0
0,4096,0
0,61440,0
0,4096,0
0,61440,0
0,4096,0
0,61440,0
0,4096,0
0,61440,0
0,4096,0
0,61440,0
0,4096,0
0,61440,0
0,4096,0
0,61440,0
0,4096,0
0,61440,0
0,4096,0
0,61440,0
0,4096,0
0,61440,0
0,4096,0
0,61440,0
0,4096,0
0,61440,0
0,4096,0
0,61440,0
0,4096,0
0,61440,0
0,4096,0
0,61440,0
0,4096,0
0,61440,0
0,4096,0
0,61440,0
0,4096,0
0,61440,0
0,4096,0
0,61440,0
0,4096,0
0,61440,0
0,4096,0
0,61440,0
0,4096,0
0,61440,0
0,4096,0
0,61440,0
0,4096,0
0,61440,0
0,4096,0
0,61440,0
0,4096,0
0,61440,0
0,4096,0
0,61440,0
0,4096,0
0,61440,0
0,4096,0
0,61440,0
0,4096,0
0,61440,0
0,4096,0
0,61440,0
0,4096,0
0,61440,0
0,4096,0
0,61440,0
0,4096,0
0,61440,0
0,4096,0
0,61440,0
0,4096,0
0,61440,0
0,4096,0
0,61440,0
0,4096,0
0,61440,0
0,4096,0
0,61440,0
0,4096,0
0,61440,0
0,4096,0
0,61440,0
0,4096,0
0,61440,0
0,4096,0
0,61440,0
0,4096,0
0,61440,0
0,4096,0
0,61440,0
0,4096,0
0,61440,0
0,4096,0
0,61440,0
0,4096,0
0,61440,0
0,4096,0
0,61440,0
0,4096,0
0,61440,0
0,4096,0
0,61440,0
0,4096,0
0,61440,0
0,4096,0
0,61440,0
0,4096,0
0,61440,0
0,4096,0
0,61440,0
0,4096,0
0,61440,0
0,4096,0
0,61440,0
0,4096,0
0,61440,0
0,4096,0
0,61440,0
0,4096,0
0,61440,0
0,4096,0
0,61440,0
0,4096,0
0,61440,0
0,4096,0
0,61440,0
0,4096,0
0,61440,0
0,4096,0
0,61440,0
0,4096,0
0,61440,0
0,4096,0
0,61440,0
0,4096,0
0,61440,0
0,4096,0
0,61440,0
0,4096,0
0,61440,0
0,4096,0
0,61440,0
0,4096,0
0,61440,0
0,4096,0
0,61440,0
0,4096,0
0,61440,0
0,4096,0
0,61440,0
0,4096,0
0,61440,0
0,4096,0
0,61440,0
0,4096,0
0,61440,0
0,4096,0
0,61440,0
0,4096,0
0,61440,0
0,4096,0
0,61440,0
0,4096,0
0,61440,0
0,4096,0
0,61440,0
0,4096,0
0,61440,0
0,4096,0
0,61440,0
0,4096,0
0,61440,0
0,4096,0
0,61440,0
0,4096,0
0,61440,0
0,4096,0
0,61440,0
0,4096,0
0,61440,0
0,4096,0
0,61440,0
0,4096,0
0,61440,0
0,4096,0
0,61440,0
0,4096,0
0,61440,0
0,4096,0
0,61440,0
0,4096,0
0,61440,0
0,4096,0
0,61440,0
0,4096,0
0,61440,0
0,4096,0
0,61440,0
0,4096,0
0,61440,0
0,4096,0
0,61440,0
0,4096,0
0,61440,0
0,4096,0
0,61440,0
0,4096,0
0,61440,0
0,4096,0
0,61440,0
0,4096,0
0,61440,0
0,4096,0
0,61440,0
0,4096,0
0,61440,0
0,4096,0
0,61440,0
0,4096,0
0,61440,0
0,4096,0
0,61440,0
0,4096,0
0,61440,0
0,4096,0
0,61440,0
0,4096,0
0,61440,0
0,4096,0
0,61440,0
0,4096,0
0,61440,0
0,4096,0
0,61440,0
0,4096,0
0,61440,0
0,4096,0
0,61440,0
0,4096,0
0,61440,0
0,4096,0
0,61440,0
0,4096,0
0,61440,0
0,4096,0
0,61440,0
0,4096,0
0,61440,0
0,4096,0
0,61440,0
0,4096,0
0,61440,0
0,4096,0
0,61440,0
0,4096,0
0,61440,0
0,4096,0
0,61440,0
0,4096,0
0,61440,0
0,4096,0
0,61440,0
0,4096,0
0,61440,0
0,4096,0
0,61440,0
0,4096,0
0,61440,0
0,4096,0
0,61440,0
0,4096,0
0,61440,0
0,4096,0
0,61440,0
0,4096,0
0,61440,0
0,4096,0
0,61440,0
0,4096,0
0,61440,0
0,4096,0
0,61440,0
0,4096,0
0,61440,0
0,4096,0
0,61440,0
0,4096,0
0,61440,0
0,4096,0
0,61440,0
0,4096,0
0,61440,0
0,4096,0
0,61440,0
0,4096,0
0,61440,0
0,4096,0
0,61440,0
0,4096,0
0,61440,0
0,4096,0
0,61440,0
0,4096,0
0,61440,0
0,4096,0
0,61440,0
0,4096,0
0,61440,0
0,4096,0
0,61440,0
0,4096,0
0,61440,0
0,4096,0
0,61440,0
0,4096,0
0,61440,0
0,4096,0
0,61440,0
0,4096,0
0,61440,0
0,4096,0
0,61440,0
0,4096,0
0,61440,0
0,4096,0
0,61440,0
0,4096,0
0,61440,0
0,4096,0
0,61440,0
0,4096,0
0,61440,0
0,4096,0
0,61440,0
0,4096,0
0,61440,0
0,4096,0
0,61440,0
0,4096,0
0,61440,0
0,4096,0
0,61440,0
0,4096,0
0,61440,0
0,4096,0
0,61440,0
0,4096,0
0,61440,0
0,4096,0
0,61440,0
0,4096,0
0,61440,0
0,4096,0
0,61440,0
0,4096,0
0,61440,0
0,4096,0
0,61440,0
0,4096,0
0,61440,0
0,4096,0
0,61440,0
0,4096,0
0,61440,0
0,4096,0
0,61440,0
0,4096,0
0,61440,0
0,4096,0
0,61440,0
0,4096,0
0,61440,0
0,4096,0
0,61440,0
0,4096,0
0,61440,0
0,4096,0
0,61440,0
0,4096,0
0,61440,0
0,4096,0
0,61440,0
0,4096,0
0,61440,0
0,4096,0
0,61440,0
0,4096,0
0,61440,0
0,4096,0
0,61440,0
0,4096,0
0,61440,0
0,4096,0
0,61440,0
0,4096,0
0,61440,0
0,4096,0
0,61440,0
0,4096,0
0,61440,0
0,4096,0
0,61440,0
0,4096,0
0,61440,0
0,4096,0
0,61440,0
0,4096,0
0,61440,0
0,4096,0
0,61440,0
0,4096,0
0,61440,0
0,4096,0
0,61440,0
0,4096,0
0,61440,0
0,4096,0
0,61440,0
0,4096,0
0,61440,0
0,4096,0
0,61440,0
0,4096,0
0,61440,0
0,4096,0
0,61440,0
0,4096,0
0,61440,0
0,4096,0
0,61440,0
0,4096,0
0,61440,0
0,4096,0
0,61440,0
0,4096,0
0,61440,0
0,4096,0
0,61440,0
0,4096,0
0,61440,0
0,4096,0
0,61440,0
0,4096,0
0,61440,0
0,4096,0
0,61440,0
0,4096,0
0,61440,0
0,4096,0
0,61440,0
0,4096,0
0,61440,0
0,4096,0
0,61440,0
0,4096,0
0,61440,0
0,4096,0
0,61440,0
0,4096,0
0,61440,0
0,4096,0
0,61440,0
0,4096,0
0,61440,0
0,4096,0
0,61440,0
0,4096,0
0,61440,0
0,4096,0
0,61440,0
0,4096,0
0,61440,0
0,4096,0
0,61440,0
0,4096,0
0,61440,0
0,4096,0
0,61440,0
0,4096,0
0,61440,0
0,4096,0
0,61440,0
0,4096,0
0,61440,0
0,4096,0
0,61440,0
0,4096,0
0,61440,0
0,4096,0
0,61440,0
0,4096,0
0,61440,0
0,4096,0
0,61440,0
0,4096,0
0,61440,0
0,4096,0
0,61440,0
0,4096,0
0,61440,0
0,4096,0
0,61440,0
0,4096,0
0,61440,0
0,4096,0
0,61440,0
0,4096,0
0,61440,0
0,4096,0
0,61440,0
0,4096,0
0,61440,0
0,4096,0
0,61440,0
0,4096,0
0,61440,0
0,4096,0
0,61440,0
0,4096,0
0,61440,0
0,4096,0
0,61440,0
0,4096,0
0,61440,0
0,4096,0
0,61440,0
0,4096,0
0,61440,0
0,4096,0
0,61440,0
0,4096,0
0,61440,0
0,4096,0
0,61440,0
0,4096,0
0,61440,0
0,4096,0
0,61440,0
0,4096,0
0,61440,0
0,4096,0
0,61440,0
0,4096,0
0,61440,0
0,4096,0
0,61440,0
0,4096,0
0,61440,0
0,4096,0
0,61440,0
0,4096,0
0,61440,0
0,4096,0
0,61440,0
0,4096,0
0,61440,0
0,4096,0
0,61440,0
0,4096,0
0,61440,0
0,4096,0
0,61440,0
0,4096,0
0,61440,0
0,4096,0
0,61440,0
0,4096,0
0,61440,0
0,4096,0
0,61440,0
0,4096,0
0,61440,0
0,4096,0
0,61440,0
0,4096,0
0,61440,0
0,4096,0
0,61440,0
0,4096,0
0,61440,0
0,4096,0
0,61440,0
0,4096,0
0,61440,0
0,4096,0
0,61440,0
0,4096,0
0,61440,0
0,4096,0
0,61440,0
0,4096,0
0,61440,0
0,4096,0
0,61440,0
0,4096,0
0,61440,0
0,4096,0
0,61440,0
0,4096,0
0,61440,0
0,4096,0
0,61440,0
0,4096,0
0,61440,0
0,4096,0
0,61440,0
0,4096,0
0,61440,0
0,4096,0
0,61440,0
0,4096,0
0,61440,0
0,4096,0
0,61440,0
0,4096,0
0,61440,0
0,4096,0
0,61440,0
0,4096,0
0,61440,0
0,4096,0
0,61440,0
0,4096,0
0,61440,0
0,4096,0
0,61440,0
0,4096,0
0,61440,0
0,4096,0
0,61440,0
0,4096,0
0,61440,0
0,4096,0
0,61440,0
0,4096,0
0,61440,0
0,4096,0
0,61440,0
0,4096,0
0,61440,0
0,4096,0
0,61440,0
0,4096,0
0,61440,0
0,4096,0
0,61440,0
0,4096,0
0,61440,0
0,4096,0
0,61440,0
0,4096,0
0,61440,0
0,4096,0
0,61440,0
0,4096,0
0,61440,0
0,4096,0
0,61440,0
0,4096,0
0,61440,0
0,4096,0
0,61440,0
0,4096,0
0,61440,0
0,4096,0
0,61440,0
0,4096,0
0,61440,0
0,4096,0
0,61440,0
0,4096,0
0,61440,0
0,4096,0
0,61440,0
0,4096,0
0,61440,0
0,4096,0
0,61440,0
0,4096,0
0,61440,0
0,4096,0
0,61440,0
0,4096,0
0,61440,0
0,4096,0
0,61440,0
0,4096,0
0,61440,0
0,4096,0
0,61440,0
0,4096,0
0,61440,0
0,4096,0
0,61440,0
0,4096,0
0,61440,0
0,4096,0
0,61440,0
0,4096,0
0,61440,0
0,4096,0
0,61440,0
0,4096,0
0,61440,0
0,4096,0
0,61440,0
0,4096,0
0,61440,0
0,4096,0
0,61440,0
0,4096,0
0,61440,0
0,4096,0
0,61440,0
0,4096,0
0,61440,0
0,4096,0
0,61440,0
0,4096,0
0,61440,0
0,4096,0
0,61440,0
0,4096,0
0,61440,0
0,4096,0
0,61440,0
0,4096,0
0,61440,0
0,4096,0
0,61440,0
0,4096,0
0,61440,0
0,4096,0
0,61440,0
0,4096,0
0,61440,0
0,4096,0
0,61440,0
0,4096,0
0,61440,0
0,4096,0
0,61440,0
0,4096,0
0,61440,0
0,4096,0
0,61440,0
0,4096,0
0,61440,0
0,4096,0
0,61440,0
0,4096,0
0,61440,0
0,4096,0
0,61440,0
0,4096,0
0,61440,0
0,4096,0
0,61440,0
0,4096,0
0,61440,0
0,4096,0
0,61440,0
0,4096,0
0,61440,0
0,4096,0
0,61440,0
0,4096,0
0,61440,0
0,4096,0
0,61440,0
0,4096,0
0,61440,0
0,4096,0
0,61440,0
0,4096,0
0,61440,0
0,4096,0
0,61440,0
0,4096,0
0,61440,0
0,4096,0
0,61440,0
0,4096,0
0,61440,0
0,4096,0
0,61440,0
0,4096,0
0,61440,0
0,4096,0
0,61440,0
0,4096,0
0,61440,0
0,4096,0
0,61440,0
0,4096,0
0,61440,0
0,4096,0
0,61440,0
0,4096,0
0,61440,0
0,4096,0
0,61440,0
0,4096,0
0,61440,0
0,4096,0
0,61440,0
0,4096,0
0,61440,0
0,4096,0
0,61440,0
0,4096,0
0,61440,0
0,4096,0
0,61440,0
0,4096,0
0,61440,0
0,4096,0
0,61440,0
0,4096,0
0,61440,0
0,4096,0
0,61440,0
0,4096,0
0,61440,0
0,4096,0
0,61440,0
0,4096,0
0,61440,0
0,4096,0
0,61440,0
0,4096,0
0,61440,0
0,4096,0
0,61440,0
0,4096,0
0,61440,0
0,4096,0
0,61440,0
0,4096,0
0,61440,0
0,4096,0
0,61440,0
0,4096,0
0,61440,0
0,4096,0
0,61440,0
0,4096,0
0,61440,0
0,4096,0
0,61440,0
0,4096,0
0,61440,0
0,4096,0
0,61440,0
0,4096,0
0,61440,0
0,4096,0
0,61440,0
0,4096,0
0,61440,0
0,4096,0
0,61440,0
0,4096,0
0,61440,0
0,4096,0
0,61440,0
0,4096,0
0,61440,0
0,4096,0
0,61440,0
0,4096,0
0,61440,0
0,4096,0
0,61440,0
0,4096,0
0,61440,0
0,4096,0
0,61440,0
0,4096,0
0,61440,0
0,4096,0
0,61440,0
0,4096,0
0,61440,0
0,4096,0
0,61440,0
0,4096,0
0,61440,0
0,4096,0
0,61440,0
0,4096,0
0,61440,0
0,4096,0
0,61440,0
0,4096,0
0,61440,0
0,4096,0
0,61440,0
0,4096,0
0,61440,0
0,4096,0
0,61440,0
0,4096,0
0,61440,0
0,4096,0
0,61440,0
0,4096,0
0,61440,0
0,4096,0
0,61440,0
0,4096,0
0,61440,0
0,4096,0
0,61440,0
0,4096,0
0,61440,0
0,4096,0
0,61440,0
0,4096,0
0,61440,0
0,4096,0
0,61440,0
0,4096,0
0,61440,0
0,4096,0
0,61440,0
0,4096,0
0,61440,0
0,4096,0
0,61440,0
0,4096,0
0,61440,0
0,4096,0
0,61440,0
0,4096,0
0,61440,0
0,4096,0
0,61440,0
0,4096,0
0,61440,0
0,4096,0
0,61440,0
0,4096,0
0,61440,0
0,4096,0
0,61440,0
0,4096,0
0,61440,0
0,4096,0
0,61440,0
0,4096,0
0,61440,0
0,4096,0
0,61440,0
0,4096,0
0,61440,0
0,4096,0
0,61440,0
0,4096,0
0,61440,0
0,4096,0
0,61440,0
0,4096,0
0,61440,0
0,4096,0
0,61440,0
0,4096,0
0,61440,0
0,4096,0
0,61440,0
0,4096,0
0,61440,0
0,4096,0
0,61440,0
0,4096,0
0,61440,0
0,4096,0
0,61440,0
0,4096,0
0,61440,0
0,4096,0
0,61440,0
0,4096,0
0,61440,0
0,4096,0
0,61440,0
0,4096,0
0,61440,0
0,4096,0
0,61440,0
0,4096,0
0,61440,0
0,4096,0
0,61440,0
0,4096,0
0,61440,0
0,4096,0
0,61440,0
0,4096,0
0,61440,0
0,4096,0
0,61440,0
0,4096,0
0,61440,0
0,4096,0
0,61440,0
0,4096,0
0,61440,0
0,4096,0
0,61440,0
0,4096,0
0,61440,0
0,4096,0
0,61440,0
0,4096,0
0,61440,0
0,4096,0
0,61440,0
0,4096,0
0,61440,0
0,4096,0
0,61440,0
0,4096,0
0,61440,0
0,4096,0
0,61440,0
0,4096,0
0,61440,0
0,4096,0
0,61440,0
0,4096,0
0,61440,0
0,4096,0
0,61440,0
0,4096,0
0,61440,0
0,4096,0
0,61440,0
0,4096,0
0,61440,0
0,4096,0
0,61440,0
0,4096,0
0,61440,0
0,4096,0
0,61440,0
0,4096,0
0,61440,0
0,4096,0
0,61440,0
0,4096,0
0,61440,0
0,4096,0
0,61440,0
0,4096,0
0,61440,0
0,4096,0
0,61440,0
0,4096,0
0,61440,0
0,4096,0
0,61440,0
0,4096,0
0,61440,0
0,4096,0
0,61440,0
0,4096,0
0,61440,0
0,4096,0
0,61440,0
0,4096,0
0,61440,0
0,4096,0
0,61440,0
0,4096,0
0,61440,0
0,4096,0
0,61440,0
0,4096,0
0,61440,0
0,4096,0
0,61440,0
0,4096,0
0,61440,0
0,4096,0
0,61440,0
0,4096,0
0,61440,0
0,4096,0
0,61440,0
0,4096,0
0,61440,0
0,4096,0
0,61440,0
0,4096,0
0,61440,0
0,4096,0
0,61440,0
0,4096,0
0,61440,0
0,4096,0
0,61440,0
0,4096,0
0,61440,0
0,4096,0
0,61440,0
0,4096,0
0,61440,0
0,4096,0
0,61440,0
0,4096,0
0,61440,0
0,4096,0
0,61440,0
0,4096,0
0,61440,0
0,4096,0
0,61440,0
0,4096,0
0,61440,0
0,4096,0
0,61440,0
0,4096,0
0,61440,0
0,4096,0
0,61440,0
0,4096,0
0,61440,0
0,4096,0
0,61440,0
0,4096,0
0,61440,0
0,4096,0
0,61440,0
0,4096,0
0,61440,0
0,4096,0
0,61440,0
0,4096,0
0,61440,0
0,4096,0
0,61440,0
0,4096,0
0,61440,0
0,4096,0
0,61440,0
0,4096,0
0,61440,0
0,4096,0
0,61440,0
0,4096,0
0,61440,0
0,4096,0
0,61440,0
0,4096,0
0,61440,0
0,4096,0
0,61440,0
0,4096,0
0,61440,0
0,4096,0
0,61440,0
0,4096,0
0,61440,0
0,4096,0
0,61440,0
0,4096,0
0,61440,0
0,4096,0
0,61440,0
0,4096,0
0,61440,0
0,4096,0
0,61440,0
0,4096,0
0,61440,0
0,4096,0
0,61440,0
0,4096,0
0,61440,0
0,4096,0
0,61440,0
0,4096,0
0,61440,0
0,4096,0
0,61440,0
0,4096,0
0,61440,0
0,4096,0
0,61440,0
0,4096,0
0,61440,0
0,4096,0
0,61440,0
0,4096,0
0,61440,0
0,4096,0
0,61440,0
0,4096,0
0,61440,0
0,4096,0
0,61440,0
0,4096,0
0,61440,0
0,4096,0
0,61440,0
0,4096,0
0,61440,0
0,4096,0
0,61440,0
0,4096,0
0,61440,0
0,4096,0
0,61440,0
0,4096,0
0,61440,0
0,4096,0
0,61440,0
0,4096,0
0,61440,0
0,4096,0
0,61440,0
0,4096,0
0,61440,0
0,4096,0
0,61440,0
0,4096,0
0,61440,0
0,4096,0
0,61440,0
0,4096,0
0,61440,0
0,4096,0
0,61440,0
0,4096,0
0,61440,0
0,4096,0
0,61440,0
0,4096,0
0,61440,0
0,4096,0
0,61440,0
0,4096,0
0,61440,0
0,4096,0
0,61440,0
0,4096,0
0,61440,0
0,4096,0
0,61440,0
0,4096,0
0,61440,0
0,4096,0
0,61440,0
0,4096,0
0,61440,0
0,4096,0
0,61440,0
0,4096,0
0,61440,0
0,4096,0
0,61440,0
0,4096,0
0,61440,0
0,4096,0
0,61440,0
0,4096,0
0,61440,0
0,4096,0
0,61440,0
0,4096,0
0,61440,0
0,4096,0
0,61440,0
0,4096,0
0,61440,0
0,4096,0
0,61440,0
0,4096,0
0,61440,0
0,4096,0
0,61440,0
0,4096,0
0,61440,0
0,4096,0
0,61440,0
0,4096,0
0,61440,0
0,4096,0
0,61440,0
0,4096,0
0,61440,0
0,4096,0
0,61440,0
0,4096,0
0,61440,0
0,4096,0
0,61440,0
0,4096,0
0,61440,0
0,4096,0
0,61440,0
0,4096,0
0,61440,0
0,4096,0
0,61440,0
0,4096,0
0,61440,0
0,4096,0
0,61440,0
0,4096,0
0,61440,0
0,4096,0
0,61440,0
0,4096,0
0,61440,0
0,4096,0
0,61440,0
0,4096,0
0,61440,0
0,4096,0
0,61440,0
0,4096,0
0,61440,0
0,4096,0
0,61440,0
0,4096,0
0,61440,0
0,4096,0
0,61440,0
0,4096,0
0,61440,0
0,4096,0
0,61440,0
0,4096,0
0,61440,0
0,4096,0
0,61440,0
0,4096,0
0,61440,0
0,4096,0
0,61440,0
0,4096,0
0,61440,0
0,4096,0
0,61440,0
0,4096,0
0,61440,0
0,4096,0
0,61440,0
0,4096,0
0,61440,0
0,4096,0
0,61440,0
0,4096,0
0,61440,0
0,4096,0
0,61440,0
0,4096,0
0,61440,0
0,4096,0
0,61440,0
0,4096,0
0,61440,0
0,4096,0
0,61440,0
0,4096,0
0,61440,0
0,4096,0
0,61440,0
0,4096,0
0,61440,0
0,4096,0
0,61440,0
0,4096,0
0,61440,0
0,4096,0
0,61440,0
0,4096,0
0,61440,0
0,4096,0
0,61440,0
0,4096,0
0,61440,0
0,4096,0
0,61440,0
0,4096,0
0,61440,0
0,4096,0
0,61440,0
0,4096,0
0,61440,0
0,4096,0
0,61440,0
0,4096,0
0,61440,0
0,4096,0
0,61440,0
0,4096,0
0,61440,0
0,4096,0
0,61440,0
0,4096,0
0,61440,0
0,4096,0
0,61440,0
0,4096,0
0,61440,0
0,4096,0
0,61440,0
0,4096,0
0,61440,0
0,4096,0
0,61440,0
0,4096,0
0,61440,0
0,4096,0
0,61440,0
0,4096,0
0,61440,0
0,4096,0
0,61440,0
0,4096,0
0,61440,0
0,4096,0
0,61440,0
0,4096,0
0,61440,0
0,4096,0
0,61440,0
0,4096,0
0,61440,0
0,4096,0
0,61440,0
0,4096,0
0,61440,0
0,4096,0
0,61440,0
0,4096,0
0,61440,0
0,4096,0
0,61440,0
0,4096,0
0,61440,0
0,4096,0
0,61440,0
0,4096,0
0,61440,0
0,4096,0
0,61440,0
0,4096,0
0,61440,0
0,4096,0
0,61440,0
0,4096,0
0,61440,0
0,4096,0
0,61440,0
0,4096,0
0,61440,0
0,4096,0
0,61440,0
0,4096,0
0,61440,0
0,4096,0
0,61440,0
0,4096,0
0,61440,0
0,4096,0
0,61440,0
0,4096,0
0,61440,0
0,4096,0
0,61440,0
0,4096,0
0,61440,0
0,4096,0
0,61440,0
0,4096,0
0,61440,0
0,4096,0
0,61440,0
0,4096,0
0,61440,0
0,4096,0
0,61440,0
0,4096,0
0,61440,0
0,4096,0
0,61440,0
0,4096,0
0,61440,0
0,4096,0
0,61440,0
0,4096,0
0,61440,0
0,4096,0
0,61440,0
0,4096,0
0,61440,0
0,4096,0
0,61440,0
0,4096,0
0,61440,0
0,4096,0
0,61440,0
0,4096,0
0,61440,0
0,4096,0
0,61440,0
0,4096,0
0,61440,0
0,4096,0
0,61440,0
0,4096,0
0,61440,0
0,4096,0
0,61440,0
0,4096,0
0,61440,0
0,4096,0
0,61440,0
0,4096,0
0,61440,0
0,4096,0
0,61440,0
0,4096,0
0,61440,0
0,4096,0
0,61440,0
0,4096,0
0,61440,0
0,4096,0
0,61440,0
0,4096,0
0,61440,0
0,4096,0
0,61440,0
0,4096,0
0,61440,0
0,4096,0
0,61440,0
0,4096,0
0,61440,0
0,4096,0
0,61440,0
0,4096,0
0,61440,0
0,4096,0
0,61440,0
0,4096,0
0,61440,0
0,4096,0
0,61440,0
0,4096,0
0,61440,0
0,4096,0
0,61440,0
0,4096,0
0,61440,0
0,4096,0
0,61440,0
0,4096,0
0,61440,0
0,4096,0
0,61440,0
0,4096,0
0,61440,0
0,4096,0
0,61440,0
0,4096,0
0,61440,0
0,4096,0
0,61440,0
0,4096,0
0,61440,0
0,4096,0
0,61440,0
0,4096,0
0,61440,0
0,4096,0
0,61440,0
0,4096,0
0,61440,0
0,4096,0
0,61440,0
0,4096,0
0,61440,0
0,4096,0
0,61440,0
0,4096,0
0,61440,0
0,4096,0
0,61440,0
0,4096,0
0,61440,0
0,4096,0
0,61440,0
0,4096,0
0,61440,0
0,4096,0
0,61440,0
0,4096,0
0,61440,0
0,4096,0
0,61440,0
0,4096,0
0,61440,0
0,4096,0
0,61440,0
0,4096,0
0,61440,0
0,4096,0
0,61440,0
0,4096,0
0,61440,0
0,4096,0
0,61440,0
0,4096,0
0,61440,0
0,4096,0
0,61440,0
0,4096,0
0,61440,0
0,4096,0
0,61440,0
0,4096,0
0,61440,0
0,4096,0
0,61440,0
0,4096,0
0,61440,0
0,4096,0
0,61440,0
0,4096,0
0,61440,0
0,4096,0
0,61440,0
0,4096,0
0,61440,0
0,4096,0
0,61440,0
0,4096,0
0,61440,0
0,4096,0
0,61440,0
0,4096,0
0,61440,0
0,4096,0
0,61440,0
0,4096,0
0,61440,0
0,4096,0
0,61440,0
0,4096,0
0,61440,0
0,4096,0
0,61440,0
0,4096,0
0,61440,0
0,4096,0
0,61440,0
0,4096,0
0,61440,0
0,4096,0
0,61440,0
0,4096,0
0,61440,0
0,4096,0
0,61440,0
0,4096,0
0,61440,0
0,4096,0
0,61440,0
0,4096,0
0,61440,0
0,4096,0
0,61440,0
0,4096,0
0,61440,0
0,4096,0
0,61440,0
0,4096,0
0,61440,0
0,4096,0
0,61440,0
0,4096,0
0,61440,0
0,4096,0
0,61440,0
0,4096,0
0,61440,0
0,4096,0
0,61440,0
0,4096,0
0,61440,0
0,4096,0
0,61440,0
0,4096,0
0,61440,0
0,4096,0
0,61440,0
0,4096,0
0,61440,0
0,4096,0
0,61440,0
0,4096,0
0,61440,0
0,4096,0
0,61440,0
0,4096,0
0,61440,0
0,4096,0
0,61440,0
0,4096,0
0,61440,0
0,4096,0
0,61440,0
0,4096,0
0,61440,0
0,4096,0
0,61440,0
0,4096,0
0,61440,0
0,4096,0
0,61440,0
0,4096,0
0,61440,0
0,4096,0
0,61440,0
0,4096,0
0,61440,0
0,4096,0
0,61440,0
0,4096,0
0,61440,0
0,4096,0
0,61440,0
0,4096,0
0,61440,0
0,4096,0
0,61440,0
0,4096,0
0,61440,0
0,4096,0
0,61440,0
0,4096,0
0,61440,0
0,4096,0
0,61440,0
0,4096,0
0,61440,0
0,4096,0
0,61440,0
0,4096,0
0,61440,0
0,4096,0
0,61440,0
0,4096,0
0,61440,0
0,4096,0
0,61440,0
0,4096,0
0,61440,0
0,4096,0
0,61440,0
0,4096,0
0,61440,0
0,4096,0
0,61440,0
0,4096,0
0,61440,0
0,4096,0
0,61440,0
0,4096,0
0,61440,0
0,4096,0
0,61440,0
0,4096,0
0,61440,0
0,4096,0
0,61440,0
0,4096,0
0,61440,0
0,4096,0
0,61440,0
0,4096,0
0,61440,0
0,4096,0
0,61440,0
0,4096,0
0,61440,0
0,4096,0
0,61440,0
0,4096,0
0,61440,0
0,4096,0
0,61440,0
0,4096,0
0,61440,0
0,4096,0
0,61440,0
0,4096,0
0,61440,0
0,4096,0
0,61440,0
0,4096,0
0,61440,0
0,4096,0
0,61440,0
0,4096,0
0,61440,0
0,4096,0
0,61440,0
0,4096,0
0,61440,0
0,4096,0
0,61440,0
0,4096,0
0,61440,0
0,4096,0
0,61440,0
0,4096,0
0,61440,0
0,4096,0
0,61440,0
0,4096,0
0,61440,0
0,4096,0
0,61440,0
0,4096,0
0,61440,0
0,4096,0
0,61440,0
0,4096,0
0,61440,0
0,4096,0
0,61440,0
0,4096,0
0,61440,0
0,4096,0
0,61440,0
0,4096,0
0,61440,0
0,4096,0
0,61440,0
0,4096,0
0,61440,0
0,4096,0
0,61440,0
0,4096,0
0,61440,0
0,4096,0
0,61440,0
0,4096,0
0,61440,0
0,4096,0
0,61440,0
0,4096,0
0,61440,0
0,4096,0
0,61440,0
0,4096,0
0,61440,0
0,4096,0
0,61440,0
0,4096,0
0,61440,0
0,4096,0
0,61440,0
0,4096,0
0,61440,0
0,4096,0
0,61440,0
0,4096,0
0,61440,0
0,4096,0
0,61440,0
0,4096,0
0,61440,0
0,4096,0
0,61440,0
0,4096,0
0,61440,0
0,4096,0
0,61440,0
0,4096,0
0,61440,0
0,4096,0
0,61440,0
0,4096,0
0,61440,0
0,4096,0
0,61440,0
0,4096,0
0,61440,0
0,4096,0
0,61440,0
0,4096,0
0,61440,0
0,4096,0
0,61440,0
0,4096,0
0,61440,0
0,4096,0
0,61440,0
0,4096,0
0,61440,0
0,4096,0
0,61440,0
0,4096,0
0,61440,0
0,4096,0
0,61440,0
0,4096,0
0,61440,0
0,4096,0
0,61440,0
0,4096,0
0,61440,0
0,4096,0
0,61440,0
0,4096,0
0,61440,0
0,4096,0
0,61440,0
0,4096,0
0,61440,0
0,4096,0
0,61440,0
0,4096,0
0,61440,0
0,4096,0
0,61440,0
0,4096,0
0,61440,0
0,4096,0
0,61440,0
0,4096,0
0,61440,0
0,4096,0
0,61440,0
0,4096,0
0,61440,0
0,4096,0
0,61440,0
0,4096,0
0,61440,0
0,4096,0
0,61440,0
0,4096,0
0,61440,0
0,4096,0
0,61440,0
0,4096,0
0,61440,0
0,4096,0
0,61440,0
0,4096,0
0,61440,0
0,4096,0
0,61440,0
0,4096,0
0,61440,0
0,4096,0
0,61440,0
0,4096,0
0,61440,0
0,4096,0
0,61440,0
0,4096,0
0,61440,0
0,4096,0
0,61440,0
0,4096,0
0,61440,0
0,4096,0
0,61440,0
0,4096,0
0,61440,0
0,4096,0
0,61440,0
0,4096,0
0,61440,0
0,4096,0
0,61440,0
0,4096,0
0,61440,0
0,4096,0
0,61440,0
0,4096,0
0,61440,0
0,4096,0
0,61440,0
0,4096,0
0,61440,0
0,4096,0
0,61440,0
0,4096,0
0,61440,0
0,4096,0
0,61440,0
0,4096,0
0,61440,0
0,4096,0
0,61440,0
0,4096,0
0,61440,0
0,4096,0
0,61440,0
0,4096,0
0,61440,0
0,4096,0
0,61440,0
0,4096,0
0,61440,0
0,4096,0
0,61440,0
0,4096,0
0,61440,0
0,4096,0
0,61440,0
0,4096,0
0,61440,0
0,4096,0
0,61440,0
0,4096,0
0,61440,0
0,4096,0
0,61440,0
0,4096,0
0,61440,0
0,4096,0
0,61440,0
0,4096,0
0,61440,0
0,4096,0
0,61440,0
0,4096,0
0,61440,0
0,4096,0
0,61440,0
0,4096,0
0,61440,0
0,4096,0
0,61440,0
0,4096,0
0,61440,0
0,4096,0
0,61440,0
0,4096,0
0,61440,0
0,4096,0
0,61440,0
0,4096,0
0,61440,0
0,4096,0
0,61440,0
0,4096,0
0,61440,0
0,4096,0
0,61440,0
0,4096,0
0,61440,0
0,4096,0
0,61440,0
0,4096,0
0,61440,0
0,4096,0
0,61440,0
0,4096,0
0,61440,0
0,4096,0
0,61440,0
0,4096,0
0,61440,0
0,4096,0
0,61440,0
0,4096,0
0,61440,0
0,4096,0
0,61440,0
0,4096,0
0,61440,0
0,4096,0
0,61440,0
0,4096,0
0,61440,0
0,4096,0
0,61440,0
0,4096,0
0,61440,0
0,4096,0
0,61440,0
0,4096,0
0,61440,0
0,4096,0
0,61440,0
0,4096,0
0,61440,0
0,4096,0
0,61440,0
0,4096,0
0,61440,0
0,4096,0
0,61440,0
0,4096,0
0,61440,0
0,4096,0
0,61440,0
0,4096,0
0,61440,0
0,4096,0
0,61440,0
0,4096,0
0,61440,0
0,4096,0
0,61440,0
0,4096,0
0,61440,0
0,4096,0
0,61440,0
0,4096,0
0,61440,0
0,4096,0
0,61440,0
0,4096,0
0,61440,0
0,4096,0
0,61440,0
0,4096,0
0,61440,0
0,4096,0
0,61440,0
0,4096,0
0,61440,0
0,4096,0
0,61440,0
0,4096,0
0,61440,0
0,4096,0
0,61440,0
0,4096,0
0,61440,0
0,4096,0
0,61440,0
0,4096,0
0,61440,0
0,4096,0
0,61440,0
0,4096,0
0,61440,0
0,4096,0
0,61440,0
0,4096,0
0,61440,0
0,4096,0
0,61440,0
0,4096,0
0,61440,0
0,4096,0
0,61440,0
0,4096,0
0,61440,0
0,4096,0
0,61440,0
0,4096,0
0,61440,0
0,4096,0
0,61440,0
0,4096,0
0,61440,0
0,4096,0
0,61440,0
0,4096,0
0,61440,0
0,4096,0
0,61440,0
0,4096,0
0,61440,0
0,4096,0
0,61440,0
0,4096,0
0,61440,0
0,4096,0
0,61440,0
0,4096,0
0,61440,0
0,4096,0
0,61440,0
0,4096,0
0,61440,0
0,4096,0
0,61440,0
0,4096,0
0,61440,0
0,4096,0
0,61440,0
0,4096,0
0,61440,0
0,4096,0
0,61440,0
0,4096,0
0,61440,0
0,4096,0
0,61440,0
0,4096,0
0,61440,0
0,4096,0
0,61440,0
0,4096,0
0,61440,0
0,4096,0
0,61440,0
0,4096,0
0,61440,0
0,4096,0
0,61440,0
0,4096,0
0,61440,0
0,4096,0
0,61440,0
0,4096,0
0,61440,0
0,4096,0
0,61440,0
0,4096,0
0,61440,0
0,4096,0
0,61440,0
0,4096,0
0,61440,0
0,4096,0
0,61440,0
0,4096,0
0,61440,0
0,4096,0
0,61440,0
0,4096,0
0,61440,0
0,4096,0
0,61440,0
0,4096,0
0,61440,0
0,4096,0
0,61440,0
0,4096,0
0,61440,0
0,4096,0
0,61440,0
0,4096,0
0,61440,0
0,4096,0
0,61440,0
0,4096,0
0,61440,0
0,4096,0
0,61440,0
0,4096,0
0,61440,0
0,4096,0
0,61440,0
0,4096,0
0,61440,0
0,4096,0
0,61440,0
0,4096,0
0,61440,0
0,4096,0
0,61440,0
0,4096,0
0,61440,0
0,4096,0
0,61440,0
0,4096,0
0,61440,0
0,4096,0
0,61440,0
0,4096,0
0,61440,0
0,4096,0
0,61440,0
0,4096,0
0,61440,0
0,4096,0
0,61440,0
0,4096,0
0,61440,0
0,4096,0
0,61440,0
0,4096,0
0,61440,0
0,4096,0
0,61440,0
0,4096,0
0,61440,0
0,4096,0
0,61440,0
0,4096,0
0,61440,0
0,4096,0
0,61440,0
0,4096,0
0,61440,0
0,4096,0
0,61440,0
0,4096,0
0,61440,0
0,4096,0
0,61440,0
0,4096,0
0,61440,0
0,4096,0
0,61440,0
0,4096,0
0,61440,0
0,4096,0
0,61440,0
0,4096,0
0,61440,0
0,4096,0
0,61440,0
0,4096,0
0,61440,0
0,4096,0
0,61440,0
0,4096,0
0,61440,0
0,4096,0
0,61440,0
0,4096,0
0,61440,0
0,4096,0
0,61440,0
0,4096,0
0,61440,0
0,4096,0
0,61440,0
0,4096,0
0,61440,0
0,4096,0
0,61440,0
0,4096,0
0,61440,0
0,4096,0
0,61440,0
0,4096,0
0,61440,0
0,4096,0
0,61440,0
0,4096,0
0,61440,0
0,4096,0
0,61440,0
0,4096,0
0,61440,0
0,4096,0
0,61440,0
0,4096,0
0,61440,0
0,4096,0
0,61440,0
0,4096,0
0,61440,0
0,4096,0
0,61440,0
0,4096,0
0,61440,0
0,4096,0
0,61440,0
0,4096,0
0,61440,0
0,4096,0
0,61440,0
0,4096,0
0,61440,0
0,4096,0
0,61440,0
0,4096,0
0,61440,0
0,4096,0
0,61440,0
0,4096,0
0,61440,0
0,4096,0
0,61440,0
0,4096,0
0,61440,0
0,4096,0
0,61440,0
0,4096,0
0,61440,0
0,4096,0
0,61440,0
0,4096,0
0,61440,0
0,4096,0
0,61440,0
0,4096,0
0,61440,0
0,4096,0
0,61440,0
0,4096,0
0,61440,0
0,4096,0
0,61440,0
0,4096,0
0,61440,0
0,4096,0
0,61440,0
0,4096,0
0,61440,0
0,4096,0
0,61440,0
0,4096,0
0,61440,0
0,4096,0
0,61440,0
0,4096,0
0,61440,0
0,4096,0
0,61440,0
0,4096,0
0,61440,0
0,4096,0
0,61440,0
0,4096,0
0,61440,0
0,4096,0
0,61440,0
0,4096,0
0,61440,0
0,4096,0
0,61440,0
0,4096,0
0,61440,0
0,4096,0
0,61440,0
0,4096,0
0,61440,0
0,4096,0
0,61440,0
0,4096,0
0,61440,0
0,4096,0
0,61440,0
0,4096,0
0,61440,0
0,4096,0
0,61440,0
0,4096,0
0,61440,0
0,4096,0
0,61440,0
0,4096,0
0,61440,0
0,4096,0
0,61440,0
0,4096,0
0,61440,0
0,4096,0
0,61440,0
0,4096,0
0,61440,0
0,4096,0
0,61440,0
0,4096,0
0,61440,0
0,4096,0
0,61440,0
0,4096,0
0,61440,0
0,4096,0
0,61440,0
0,4096,0
0,61440,0
0,4096,0
0,61440,0
0,4096,0
0,61440,0
0,4096,0
0,61440,0
0,4096,0
0,61440,0
0,4096,0
0,61440,0
0,4096,0
0,61440,0
0,4096,0
0,61440,0
0,4096,0
0,61440,0
0,4096,0
0,61440,0
0,4096,0
0,61440,0
0,4096,0
0,61440,0
0,4096,0
0,61440,0
0,4096,0
0,61440,0
0,4096,0
0,61440,0
0,4096,0
0,61440,0
0,4096,0
0,61440,0
0,4096,0
0,61440,0
0,4096,0
0,61440,0
0,4096,0
0,61440,0
0,4096,0
0,61440,0
0,4096,0
0,61440,0
0,4096,0
0,61440,0
0,4096,0
0,61440,0
0,4096,0
0,61440,0
0,4096,0
0,61440,0
0,4096,0
0,61440,0
0,4096,0
0,61440,0
0,4096,0
0,61440,0
0,4096,0
0,61440,0
0,4096,0
0,61440,0
0,4096,0
0,61440,0
0,4096,0
0,61440,0
0,4096,0
0,61440,0
0,4096,0
0,61440,0
0,4096,0
0,61440,0
0,4096,0
0,61440,0
0,4096,0
0,61440,0
0,4096,0
0,61440,0
0,4096,0
0,61440,0
0,4096,0
0,61440,0
0,4096,0
0,61440,0
0,4096,0
0,61440,0
0,4096,0
0,61440,0
0,4096,0
0,61440,0
0,4096,0
0,61440,0
0,4096,0
0,61440,0
0,4096,0
0,61440,0
0,4096,0
0,61440,0
0,4096,0
0,61440,0
0,4096,0
0,61440,0
0,4096,0
0,61440,0
0,4096,0
0,61440,0
0,4096,0
0,61440,0
0,4096,0
0,61440,0
0,4096,0
0,61440,0
0,4096,0
0,61440,0
0,4096,0
0,61440,0
0,4096,0
0,61440,0
0,4096,0
0,61440,0
0,4096,0
0,61440,0
0,4096,0
0,61440,0
0,4096,0
0,61440,0
0,4096,0
0,61440,0
0,4096,0
0,61440,0
0,4096,0
0,61440,0
0,4096,0
0,61440,0
0,4096,0
0,61440,0
0,4096,0
0,61440,0
0,4096,0
0,61440,0
0,4096,0
0,61440,0
0,4096,0
0,61440,0
0,4096,0
0,61440,0
0,4096,0
0,61440,0
0,4096,0
0,61440,0
0,4096,0
0,61440,0
0,4096,0
0,61440,0
0,4096,0
0,61440,0
0,4096,0
0,61440,0
0,4096,0
0,61440,0
0,4096,0
0,61440,0
0,4096,0
0,61440,0
0,4096,0
0,61440,0
0,4096,0
0,61440,0
0,4096,0
0,61440,0
0,4096,0
0,61440,0
0,4096,0
0,61440,0
0,4096,0
0,61440,0
0,4096,0
0,61440,0
0,4096,0
0,61440,0
0,4096,0
0,61440,0
0,4096,0
0,61440,0
0,4096,0
0,61440,0
0,4096,0
0,61440,0
0,4096,0
0,61440,0
0,4096,0
0,61440,0
0,4096,0
0,61440,0
0,4096,0
0,61440,0
0,4096,0
0,61440,0
0,4096,0
0,61440,0
0,4096,0
0,61440,0
0,4096,0
0,61440,0
0,4096,0
0,61440,0
0,4096,0
0,61440,0
0,4096,0
0,61440,0
0,4096,0
0,61440,0
0,4096,0
0,61440,0
0,4096,0
0,61440,0
0,4096,0
0,61440,0
0,4096,0
0,61440,0
0,4096,0
0,61440,0
0,4096,0
0,61440,0
0,4096,0
0,61440,0
0,4096,0
0,61440,0
0,4096,0
0,61440,0
0,4096,0
0,61440,0
0,4096,0
0,61440,0
0,4096,0
0,61440,0
0,4096,0
0,61440,0
0,4096,0
0,61440,0
0,4096,0
0,61440,0
0,4096,0
0,61440,0
0,4096,0
0,61440,0
0,4096,0
0,61440,0
0,4096,0
0,61440,0
0,4096,0
0,61440,0
0,4096,0
0,61440,0
0,4096,0
0,61440,0
0,4096,0
0,61440,0
0,4096,0
0,61440,0
0,4096,0
0,61440,0
0,4096,0
0,61440,0
0,4096,0
0,61440,0
0,4096,0
0,61440,0
0,4096,0
0,61440,0
0,4096,0
0,61440,0
0,4096,0
0,61440,0
0,4096,0
0,61440,0
0,4096,0
0,61440,0
0,4096,0
0,61440,0
0,4096,0
0,61440,0
0,4096,0
0,61440,0
0,4096,0
0,61440,0
0,4096,0
0,61440,0
0,4096,0
0,61440,0
0,4096,0
0,61440,0
0,4096,0
0,61440,0
0,4096,0
0,61440,0
0,4096,0
0,61440,0
0,4096,0
0,61440,0
0,4096,0
0,61440,0
0,4096,0
0,61440,0
0,4096,0
0,61440,0
0,4096,0
0,61440,0
0,4096,0
0,61440,0
0,4096,0
0,61440,0
0,4096,0
0,61440,0
0,4096,0
0,61440,0
0,4096,0
0,61440,0
0,4096,0
0,61440,0
0,4096,0
0,61440,0
0,4096,0
0,61440,0
0,4096,0
0,61440,0
0,4096,0
0,61440,0
0,4096,0
0,61440,0
0,4096,0
0,61440,0
0,4096,0
0,61440,0
0,4096,0
0,61440,0
0,4096,0
0,61440,0
0,4096,0
0,61440,0
0,4096,0
0,61440,0
0,4096,0
0,61440,0
0,4096,0
0,61440,0
0,4096,0
0,61440,0
0,4096,0
0,61440,0
0,4096,0
0,61440,0
0,4096,0
0,61440,0
0,4096,0
0,61440,0
0,4096,0
0,61440,0
0,4096,0
0,61440,0
0,4096,0
0,61440,0
0,4096,0
0,61440,0
0,4096,0
0,61440,0
0,4096,0
0,61440,0
0,4096,0
0,61440,0
0,4096,0
0,61440,0
0,4096,0
0,61440,0
0,4096,0
0,61440,0
0,4096,0
0,61440,0
0,4096,0
0,61440,0
0,4096,0
0,61440,0
0,4096,0
0,61440,0
0,4096,0
0,61440,0
0,4096,0
0,61440,0
0,4096,0
0,61440,0
0,4096,0
0,61440,0
0,4096,0
0,61440,0
0,4096,0
0,61440,0
0,4096,0
0,61440,0
0,4096,0
0,61440,0
0,4096,0
0,61440,0
0,4096,0
0,61440,0
0,4096,0
0,61440,0
0,4096,0
0,61440,0
0,4096,0
0,61440,0
0,4096,0
0,61440,0
0,4096,0
0,61440,0
0,4096,0
0,61440,0
0,4096,0
0,61440,0
0,4096,0
0,61440,0
0,4096,0
0,61440,0
0,4096,0
0,61440,0
0,4096,0
0,61440,0
0,4096,0
0,61440,0
0,4096,0
0,61440,0
0,4096,0
0,61440,0
0,4096,0
0,61440,0
0,4096,0
0,61440,0
0,4096,0
0,61440,0
0,4096,0
0,61440,0
0,53248,0
0,61440,0
1,0,0
0,8,0
1,0,0
0,16,0
0,80,0
0,512,0
1,800,0
0,3560,0
1,8456,0
0,104,0
1,4360,0
0,4096,0
1,680,0
0,512,0
1,24596944,0
0,5632,0
1,136,0
0,544,0
1,46251776,0
0,544,0
1,94767272,0
0,328,0
1,8560,0
0,512,0
1,9592,0
0,128,0
1,46254568,0
0,544,0
1,9264,0
0,328,0
1,9720,0
0,512,0
1,10424,0
0,128,0
0,512,0
1,11256,0
0,152,0
1,50944,0
0,512,0
1,51648,0
0,216,0
1,56360,0
0,512,0
1,57240,0
0,128,0
1,712,0
0,512,0
1,58032,0
0,128,0
1,752,0
0,512,0
1,58824,0
0,128,0
1,78816,0
0,328,0
1,58952,0
0,512,0
1,59656,0
0,168,0
1,78112,0
0,512,0
1,79144,0
0,256,0
1,83896,0
0,512,0
1,57064,0
0,128,0
0,512,0
1,85616,0
0,168,0
1,235144,0
0,512,0
1,235848,0
0,256,0
1,308400,0
0,328,0
1,238552,0
0,512,0
1,239256,0
0,128,0
0,512,0
1,240088,0
0,168,0
1,307696,0
0,512,0
1,308728,0
0,168,0
1,309328,0
0,512,0
1,379224,0
0,256,0
1,309408,0
0,512,0
1,384680,0
0,256,0
1,381112,0
0,512,0
1,84600,0
0,128,0
1,397600,0
0,328,0
1,385208,0
0,512,0
1,393936,0
0,128,0
1,389280,0
0,512,0
1,394184,0
0,168,0
1,84888,0
0,512,0
1,465992,0
0,256,0
1,394392,0
0,512,0
1,469320,0
0,128,0
1,620384,0
0,328,0
1,469448,0
0,512,0
1,470152,0
0,168,0
1,619680,0
0,512,0
1,620712,0
0,256,0
1,621400,0
0,512,0
1,626184,0
0,128,0
0,512,0
1,627016,0
0,168,0
1,694624,0
0,512,0
1,695328,0
0,256,0
1,704776,0
0,328,0
1,696344,0
0,512,0
1,700256,0
0,128,0
0,512,0
1,705104,0
0,128,0
1,700424,0
0,512,0
1,705896,0
0,168,0
1,773504,0
0,512,0
1,774208,0
0,256,0
1,393520,0
0,328,0
1,778960,0
0,512,0
1,393232,0
0,128,0
0,512,0
1,781616,0
0,168,0
1,393888,0
0,512,0
1,931768,0
0,256,0
1,934472,0
0,512,0
1,935176,0
0,128,0
1,1004320,0
0,328,0
1,935304,0
0,512,0
1,936008,0
0,168,0
1,1003616,0
0,512,0
1,1004648,0
0,256,0
1,1005336,0
0,512,0
1,1013224,0
0,128,0
0,512,0
1,1014056,0
0,128,0
1,1156496,0
0,328,0
1,1014184,0
0,512,0
1,1014888,0
0,168,0
1,1148032,0
0,512,0
1,1148736,0
0,256,0
1,1149752,0
0,512,0
1,1153664,0
0,128,0
0,512,0
1,1157488,0
0,168,0
1,1749344,0
0,512,0
1,1750048,0
0,256,0
1,2283400,0
0,328,0
1,1754800,0
0,512,0
1,1755504,0
0,128,0
0,512,0
1,1756336,0
0,168,0
1,2282696,0
0,512,0
1,2283728,0
0,168,0
1,2284328,0
0,512,0
1,2552880,0
0,256,0
1,2284408,0
0,512,0
1,2558336,0
0,256,0
1,2554768,0
0,512,0
1,2574056,0
0,128,0
1,2577880,0
0,328,0
1,2558864,0
0,512,0
1,2574848,0
0,128,0
1,2567032,0
0,512,0
1,2575096,0
0,168,0
1,2842256,0
0,512,0
1,2842960,0
0,256,0
1,2847712,0
0,512,0
1,2848416,0
0,128,0
1,3441848,0
0,328,0
1,2848544,0
0,512,0
1,2849248,0
0,168,0
1,3441144,0
0,512,0
1,3442176,0
0,256,0
1,3446928,0
0,512,0
1,3447632,0
0,128,0
0,512,0
1,3448464,0
0,168,0
1,3712680,0
0,512,0
1,3713384,0
0,256,0
1,3727952,0
0,328,0
1,3714400,0
0,512,0
1,3718312,0
0,128,0
0,512,0
1,3728280,0
0,128,0
1,3718480,0
0,512,0
1,779664,0
0,168,0
1,780808,0
0,512,0
1,3995504,0
0,256,0
1,4003792,0
0,328,0
1,3996696,0
0,512,0
1,4003000,0
0,128,0
1,781008,0
0,512,0
1,4004120,0
0,168,0
1,4596016,0
0,512,0
1,4596720,0
0,256,0
1,4601472,0
0,512,0
1,4602176,0
0,128,0
1,4867928,0
0,328,0
1,4602304,0
0,512,0
1,4603008,0
0,168,0
1,4867224,0
0,512,0
1,4868256,0
0,256,0
1,4868944,0
0,512,0
1,4881952,0
0,128,0
0,512,0
1,4882784,0
0,128,0
1,5153992,0
0,328,0
1,4882912,0
0,512,0
1,4883616,0
0,168,0
1,5147832,0
0,512,0
1,5148536,0
0,256,0
1,5153288,0
0,512,0
1,5154320,0
0,128,0
0,512,0
1,5155152,0
0,168,0
1,5747048,0
0,512,0
1,5747752,0
0,256,0
1,5754040,0
0,328,0
1,5752504,0
0,512,0
1,5753208,0
0,128,0
0,512,0
1,5754368,0
0,168,0
1,6018584,0
0,512,0
1,6019288,0
0,256,0
1,6020304,0
0,512,0
1,6024216,0
0,128,0
1,6034648,0
0,328,0
1,6024344,0
0,512,0
1,6033856,0
0,128,0
1,6024384,0
0,512,0
1,6034976,0
0,168,0
1,6561336,0
0,512,0
1,6562040,0
0,256,0
1,6563056,0
0,512,0
1,6566968,0
0,128,0
1,8933520,0
0,328,0
1,6567096,0
0,512,0
1,6571488,0
0,168,0
1,8932816,0
0,512,0
1,8933848,0
0,256,0
1,8934536,0
0,512,0
1,8942424,0
0,128,0
0,512,0
1,8943256,0
0,168,0
1,11042480,0
0,512,0
1,11043184,0
0,168,0
1,11044208,0
0,512,0
1,11050064,0
0,256,0
1,11050360,0
0,512,0
1,12114400,0
0,256,0
1,12143192,0
0,328,0
1,12115320,0
0,512,0
1,12125416,0
0,128,0
0,512,0
1,12143520,0
0,128,0
0,512,0
1,12144352,0
0,168,0
1,13195000,0
0,512,0
1,13195704,0
0,256,0
1,13205152,0
0,328,0
1,13196720,0
0,512,0
1,13200632,0
0,128,0
0,512,0
1,13205480,0
0,168,0
1,15566808,0
0,512,0
1,15567512,0
0,256,0
1,15568528,0
0,512,0
1,15572440,0
0,128,0
1,16628272,0
0,328,0
1,15572568,0
0,512,0
1,15576960,0
0,168,0
1,16627568,0
0,512,0
1,16628600,0
0,256,0
1,16629288,0
0,512,0
1,16652536,0
0,128,0
0,512,0
1,16653368,0
0,128,0
1,17714336,0
0,328,0
1,16653496,0
0,512,0
1,16654200,0
0,168,0
1,17704848,0
0,512,0
1,17705552,0
0,256,0
1,17706568,0
0,512,0
1,17710480,0
0,128,0
0,512,0
1,17715328,0
0,168,0
1,20076656,0
0,512,0
1,20077360,0
0,256,0
1,20086808,0
0,328,0
1,20078376,0
0,512,0
1,20082288,0
0,128,0
0,512,0
1,20087136,0
0,168,0
1,21137744,0
0,512,0
1,21138448,0
0,256,0
1,21139464,0
0,512,0
1,21145424,0
0,128,0
1,21164048,0
0,328,0
1,21145552,0
0,512,0
1,21163256,0
0,128,0
1,21145592,0
0,512,0
1,21164376,0
0,168,0
1,22215024,0
0,512,0
1,22215728,0
0,256,0
1,22216744,0
0,512,0
1,22220656,0
0,128,0
1,24587208,0
0,328,0
1,22220784,0
0,512,0
1,22225176,0
0,168,0
1,24586504,0
0,512,0
1,24587536,0
0,256,0
1,24588224,0
0,512,0
1,24596112,0
0,128,0
0,512,0
1,3729072,0
0,168,0
1,3731144,0
0,512,0
1,25655248,0
0,256,0
1,25675848,0
0,328,0
1,25657096,0
0,512,0
1,25662752,0
0,128,0
1,25657256,0
0,512,0
1,25676176,0
0,128,0
0,512,0
1,25677008,0
0,168,0
1,26727656,0
0,512,0
1,26728360,0
0,256,0
1,26737808,0
0,328,0
1,26729376,0
0,512,0
1,26733288,0
0,128,0
0,512,0
1,26738136,0
0,168,0
1,29099464,0
0,512,0
1,29100168,0
0,256,0
1,29101184,0
0,512,0
1,29105096,0
0,128,0
1,30160928,0
0,328,0
1,29105224,0
0,512,0
1,29109616,0
0,168,0
1,30160224,0
0,512,0
1,30161256,0
0,256,0
1,30161944,0
0,512,0
1,30185192,0
0,128,0
0,512,0
1,30186024,0
0,128,0
1,31246992,0
0,328,0
1,30186152,0
0,512,0
1,30186856,0
0,168,0
1,31237504,0
0,512,0
1,31238208,0
0,256,0
1,31239224,0
0,512,0
1,31243136,0
0,128,0
0,512,0
1,31247984,0
0,168,0
1,33609312,0
0,512,0
1,33610016,0
0,256,0
1,33619464,0
0,328,0
1,33611032,0
0,512,0
1,33614944,0
0,128,0
0,512,0
1,33619792,0
0,168,0
1,34670400,0
0,512,0
1,34671104,0
0,256,0
1,34672120,0
0,512,0
1,34678080,0
0,128,0
1,34696704,0
0,328,0
1,34678208,0
0,512,0
1,34695912,0
0,128,0
1,34678248,0
0,512,0
1,34697032,0
0,168,0
1,36796256,0
0,512,0
1,36796960,0
0,256,0
1,36797976,0
0,512,0
1,36801888,0
0,128,0
1,46251448,0
0,328,0
1,36802016,0
0,512,0
1,36811528,0
0,168,0
1,46250744,0
0,512,0
1,46255112,0
0,256,0
1,46252480,0
0,512,0
1,46260368,0
0,128,0
0,512,0
1,46260656,0
0,168,0
1,46260864,0
0,512,0
1,54658760,0
0,168,0
1,54659784,0
0,512,0
1,54669776,0
0,256,0
0,512,0
1,58892128,0
0,256,0
1,58945496,0
0,328,0
1,58893048,0
0,512,0
1,58911336,0
0,128,0
0,512,0
1,58945824,0
0,128,0
1,58874592,0
0,512,0
1,58946616,0
0,168,0
1,63142992,0
0,512,0
1,63143696,0
0,256,0
1,63158264,0
0,328,0
1,63144712,0
0,512,0
1,63148624,0
0,128,0
0,512,0
1,63158592,0
0,168,0
1,72597808,0
0,512,0
1,72598512,0
0,256,0
1,72599528,0
0,512,0
1,72603440,0
0,128,0
1,76810120,0
0,328,0
1,72603568,0
0,512,0
1,72613080,0
0,168,0
1,76809416,0
0,512,0
1,76810448,0
0,256,0
1,76811136,0
0,512,0
1,76854864,0
0,128,0
0,512,0
1,76855696,0
0,128,0
1,81067512,0
0,328,0
1,76855824,0
0,512,0
1,76856528,0
0,168,0
1,81052904,0
0,512,0
1,81053608,0
0,256,0
1,81054624,0
0,512,0
1,81058536,0
0,128,0
0,512,0
1,81068504,0
0,168,0
1,90507720,0
0,512,0
1,90508424,0
0,256,0
1,90522992,0
0,328,0
1,90509440,0
0,512,0
1,90513352,0
0,128,0
0,512,0
1,90523320,0
0,168,0
1,94719656,0
0,512,0
1,94720360,0
0,256,0
1,94721376,0
0,512,0
1,94731432,0
0,128,0
0,512,0
1,94765648,0
0,128,0
1,94731600,0
0,512,0
1,94766440,0
0,128,0
0,512,0
1,94767600,0
0,144,0
1,11136,0
0,512,0
1,10592,0
0,544,0
1,12384,0
0,328,0
1,11680,0
0,512,0
1,12264,0
0,512,0
1,11720,0
0,544,0
1,12712,0
0,328,0
1,11408,0
0,512,0
1,13040,0
0,37632,0
0,512,0
1,52720,0
0,256,0
1,51528,0
0,512,0
1,50984,0
0,544,0
1,54888,0
0,328,0
1,52136,0
0,512,0
1,54768,0
0,512,0
1,52176,0
0,544,0
1,55216,0
0,328,0
1,51864,0
0,512,0
1,52976,0
0,256,0
1,55544,0
0,512,0
1,53232,0
0,256,0
1,55816,0
0,512,0
1,53488,0
0,256,0
1,56088,0
0,512,0
1,53744,0
0,256,0
1,59536,0
0,512,0
1,58992,0
0,544,0
1,60800,0
0,328,0
1,60096,0
0,512,0
1,60680,0
0,512,0
1,60136,0
0,544,0
1,61128,0
0,328,0
1,59824,0
0,512,0
1,61456,0
0,16384,0
0,512,0
1,54000,0
0,256,0
1,78696,0
0,512,0
1,78152,0
0,544,0
1,80376,0
0,328,0
1,79672,0
0,512,0
1,80256,0
0,512,0
1,79712,0
0,544,0
1,80704,0
0,328,0
1,79400,0
0,512,0
1,54256,0
0,256,0
1,81032,0
0,512,0
1,54512,0
0,256,0
1,81304,0
0,512,0
1,81576,0
0,256,0
1,83624,0
0,512,0
1,81832,0
0,256,0
1,85496,0
0,512,0
1,84952,0
0,544,0
1,86760,0
0,328,0
1,86056,0
0,512,0
1,86640,0
0,512,0
1,86096,0
0,544,0
1,87088,0
0,328,0
1,85784,0
0,512,0
1,87416,0
0,147456,0
0,512,0
1,82088,0
0,256,0
1,235728,0
0,512,0
1,235184,0
0,544,0
1,237080,0
0,328,0
1,236376,0
0,512,0
1,236960,0
0,512,0
1,236416,0
0,544,0
1,237408,0
0,328,0
1,236104,0
0,512,0
1,82344,0
0,256,0
1,237736,0
0,512,0
1,82600,0
0,256,0
1,238008,0
0,512,0
1,82856,0
0,256,0
1,238280,0
0,512,0
1,83112,0
0,256,0
1,239968,0
0,512,0
1,239424,0
0,544,0
1,241232,0
0,328,0
1,240528,0
0,512,0
1,241112,0
0,512,0
1,240568,0
0,544,0
1,241560,0
0,328,0
1,240256,0
0,512,0
1,241888,0
0,65536,0
0,512,0
1,309472,0
0,1024,0
1,308280,0
0,512,0
1,307736,0
0,544,0
1,312064,0
0,328,0
1,309168,0
0,512,0
1,309208,0
0,512,0
1,311520,0
0,544,0
1,312392,0
0,328,0
1,308896,0
0,512,0
1,313568,0
0,65536,0
1,312720,0
0,512,0
1,310496,0
0,1024,0
1,379104,0
0,512,0
1,312992,0
0,544,0
1,380416,0
0,328,0
1,309368,0
0,512,0
1,380296,0
0,512,0
1,379752,0
0,544,0
1,380744,0
0,328,0
1,379480,0
0,512,0
1,381152,0
0,1024,0
1,383200,0
0,512,0
1,382176,0
0,1024,0
1,383472,0
0,512,0
1,385248,0
0,1024,0
1,383744,0
0,512,0
1,386272,0
0,1024,0
1,384560,0
0,512,0
1,384016,0
0,544,0
1,387960,0
0,328,0
1,381072,0
0,512,0
1,387840,0
0,512,0
1,387296,0
0,544,0
1,388288,0
0,328,0
1,384936,0
0,512,0
1,389344,0
0,1024,0
1,388616,0
0,512,0
1,390368,0
0,1024,0
1,388888,0
0,512,0
1,391392,0
0,1024,0
0,512,0
1,394464,0
0,1024,0
1,394064,0
0,512,0
1,397056,0
0,544,0
1,398864,0
0,328,0
1,84848,0
0,512,0
1,398744,0
0,512,0
1,398200,0
0,544,0
1,399192,0
0,328,0
1,397928,0
0,512,0
1,399520,0
0,65536,0
0,512,0
1,83368,0
0,256,0
1,465872,0
0,512,0
1,465328,0
0,544,0
1,467184,0
0,328,0
1,394352,0
0,512,0
1,467064,0
0,512,0
1,466520,0
0,544,0
1,467512,0
0,328,0
1,466248,0
0,512,0
1,395488,0
0,256,0
1,467840,0
0,512,0
1,395744,0
0,256,0
1,468112,0
0,512,0
1,396000,0
0,256,0
1,468384,0
0,512,0
1,396256,0
0,256,0
1,470032,0
0,512,0
1,469488,0
0,544,0
1,471296,0
0,328,0
1,470592,0
0,512,0
1,471176,0
0,512,0
1,470632,0
0,544,0
1,471624,0
0,328,0
1,470320,0
0,512,0
1,471952,0
0,147456,0
0,512,0
1,621456,0
0,256,0
1,620264,0
0,512,0
1,619720,0
0,544,0
1,624048,0
0,328,0
1,621240,0
0,512,0
1,621280,0
0,512,0
1,623504,0
0,544,0
1,624376,0
0,328,0
1,620968,0
0,512,0
1,621712,0
0,256,0
1,624704,0
0,512,0
1,621968,0
0,256,0
1,624976,0
0,512,0
1,622224,0
0,256,0
1,625248,0
0,512,0
1,622480,0
0,256,0
1,626896,0
0,512,0
1,626352,0
0,544,0
1,628160,0
0,328,0
1,627456,0
0,512,0
1,628040,0
0,512,0
1,627496,0
0,544,0
1,628488,0
0,328,0
1,627184,0
0,512,0
1,628816,0
0,65536,0
0,512,0
1,696400,0
0,1024,0
1,695208,0
0,512,0
1,694664,0
0,544,0
1,696016,0
0,328,0
1,695856,0
0,512,0
1,695896,0
0,512,0
1,698448,0
0,544,0
0,328,0
1,695584,0
0,512,0
1,697424,0
0,1024,0
1,699320,0
0,512,0
1,700496,0
0,1024,0
1,699592,0
0,512,0
1,701520,0
0,1024,0
1,699864,0
0,512,0
1,702544,0
0,1024,0
1,705776,0
0,512,0
1,705232,0
0,544,0
1,707040,0
0,328,0
1,706336,0
0,512,0
1,706920,0
0,512,0
1,706376,0
0,544,0
1,707368,0
0,328,0
1,706064,0
0,512,0
1,707696,0
0,65536,0
0,512,0
1,622736,0
0,256,0
1,774088,0
0,512,0
1,773544,0
0,544,0
1,775440,0
0,328,0
1,774736,0
0,512,0
1,775320,0
0,512,0
1,774776,0
0,544,0
1,775768,0
0,328,0
1,774464,0
0,512,0
1,622992,0
0,256,0
1,776096,0
0,512,0
1,623248,0
0,256,0
1,776368,0
0,512,0
1,776640,0
0,256,0
1,778688,0
0,512,0
1,776896,0
0,256,0
1,393400,0
0,512,0
1,781072,0
0,544,0
1,782720,0
0,328,0
1,393848,0
0,512,0
1,782600,0
0,512,0
1,782056,0
0,544,0
1,783048,0
0,328,0
1,781784,0
0,512,0
1,783376,0
0,147456,0
0,512,0
1,777152,0
0,256,0
1,931648,0
0,512,0
1,931104,0
0,544,0
1,933000,0
0,328,0
1,932296,0
0,512,0
1,932880,0
0,512,0
1,932336,0
0,544,0
1,933328,0
0,328,0
1,932024,0
0,512,0
1,777408,0
0,256,0
1,933656,0
0,512,0
1,777664,0
0,256,0
1,933928,0
0,512,0
1,777920,0
0,256,0
1,934200,0
0,512,0
1,778176,0
0,256,0
1,935888,0
0,512,0
1,935344,0
0,544,0
1,937152,0
0,328,0
1,936448,0
0,512,0
1,937032,0
0,512,0
1,936488,0
0,544,0
1,937480,0
0,328,0
1,936176,0
0,512,0
1,937808,0
0,65536,0
0,512,0
1,1005392,0
0,1024,0
1,1004200,0
0,512,0
1,1003656,0
0,544,0
1,1007984,0
0,328,0
1,1005176,0
0,512,0
1,1005216,0
0,512,0
1,1007440,0
0,544,0
1,1008312,0
0,328,0
1,1004904,0
0,512,0
1,1006416,0
0,1024,0
1,1008640,0
0,512,0
1,1009488,0
0,1024,0
1,1008912,0
0,512,0
1,1010512,0
0,1024,0
1,1009184,0
0,512,0
1,1011536,0
0,1024,0
1,1014768,0
0,512,0
1,1014224,0
0,544,0
1,1016032,0
0,328,0
1,1015328,0
0,512,0
1,1015912,0
0,512,0
1,1015368,0
0,544,0
1,1016360,0
0,328,0
1,1015056,0
0,512,0
1,1016688,0
0,131072,0
0,512,0
1,1149808,0
0,512,0
1,1148616,0
0,512,0
1,1148072,0
0,544,0
1,1149424,0
0,328,0
1,1149264,0
0,512,0
1,1149304,0
0,512,0
1,1151856,0
0,544,0
0,328,0
1,1148992,0
0,512,0
1,1150320,0
0,512,0
1,1152728,0
0,512,0
1,1150832,0
0,512,0
1,1153000,0
0,512,0
1,1151344,0
0,512,0
1,1153272,0
0,512,0
1,1153904,0
0,512,0
1,1157368,0
0,512,0
1,1156824,0
0,544,0
1,1158592,0
0,328,0
1,1153832,0
0,512,0
1,1158472,0
0,512,0
1,1157928,0
0,544,0
1,1158920,0
0,328,0
1,1157656,0
0,512,0
1,1159248,0
0,589824,0
0,512,0
1,1154416,0
0,512,0
1,1749928,0
0,512,0
1,1749384,0
0,544,0
1,1751280,0
0,328,0
1,1750576,0
0,512,0
1,1751160,0
0,512,0
1,1750616,0
0,544,0
1,1751608,0
0,328,0
1,1750304,0
0,512,0
1,1154928,0
0,512,0
1,1751936,0
0,512,0
1,1155440,0
0,512,0
1,1752208,0
0,512,0
1,1752480,0
0,512,0
1,1754528,0
0,512,0
1,1752992,0
0,512,0
1,1756216,0
0,512,0
1,1755672,0
0,544,0
1,1757480,0
0,328,0
1,1756776,0
0,512,0
1,1757360,0
0,512,0
1,1756816,0
0,544,0
1,1757808,0
0,328,0
1,1756504,0
0,512,0
1,1758136,0
0,524288,0
0,512,0
1,2284472,0
0,2048,0
1,2283280,0
0,512,0
1,2282736,0
0,544,0
1,2287064,0
0,328,0
1,2284168,0
0,512,0
1,2284208,0
0,512,0
1,2286520,0
0,544,0
1,2287392,0
0,328,0
1,2283896,0
0,512,0
1,2288568,0
0,262144,0
1,2287720,0
0,512,0
1,2550712,0
0,2048,0
0,512,0
1,2287992,0
0,544,0
1,2554072,0
0,328,0
1,2284368,0
0,512,0
1,2553952,0
0,512,0
1,2553408,0
0,544,0
1,2554400,0
0,328,0
1,2553136,0
0,512,0
1,2554808,0
0,2048,0
0,512,0
1,2558904,0
0,2048,0
1,2557128,0
0,512,0
1,2560952,0
0,2048,0
1,2557400,0
0,512,0
1,2563000,0
0,2048,0
1,2558216,0
0,512,0
1,2557672,0
0,544,0
1,2565712,0
0,328,0
1,2554728,0
0,512,0
1,2565592,0
0,512,0
1,2565048,0
0,544,0
1,2566040,0
0,328,0
1,2558592,0
0,512,0
1,2567096,0
0,2048,0
1,2566368,0
0,512,0
1,2569144,0
0,2048,0
1,2566640,0
0,512,0
1,2571192,0
0,2048,0
0,512,0
1,2575288,0
0,2048,0
1,2574976,0
0,512,0
1,2577336,0
0,544,0
1,2579184,0
0,328,0
1,2578480,0
0,512,0
1,2579064,0
0,512,0
1,2578520,0
0,544,0
1,2579512,0
0,328,0
1,2578208,0
0,512,0
1,2579840,0
0,262144,0
0,512,0
1,1753504,0
0,512,0
1,2842840,0
0,512,0
1,2842296,0
0,544,0
1,2844192,0
0,328,0
1,2843488,0
0,512,0
1,2844072,0
0,512,0
1,2843528,0
0,544,0
1,2844520,0
0,328,0
1,2843216,0
0,512,0
1,1754016,0
0,512,0
1,2844848,0
0,512,0
1,2845120,0
0,512,0
1,2847168,0
0,512,0
1,2845632,0
0,512,0
1,2847440,0
0,512,0
1,2846144,0
0,512,0
1,2849128,0
0,512,0
1,2848584,0
0,544,0
1,2850392,0
0,328,0
1,2849688,0
0,512,0
1,2850272,0
0,512,0
1,2849728,0
0,544,0
1,2850720,0
0,328,0
1,2849416,0
0,512,0
1,2851048,0
0,589824,0
0,512,0
1,2846656,0
0,512,0
1,3441728,0
0,512,0
1,3441184,0
0,544,0
1,3443408,0
0,328,0
1,3442704,0
0,512,0
1,3443288,0
0,512,0
1,3442744,0
0,544,0
1,3443736,0
0,328,0
1,3442432,0
0,512,0
1,3444064,0
0,512,0
1,3446112,0
0,512,0
1,3444576,0
0,512,0
1,3446384,0
0,512,0
1,3445088,0
0,512,0
1,3446656,0
0,512,0
1,3445600,0
0,512,0
1,3448344,0
0,512,0
1,3447800,0
0,544,0
1,3449608,0
0,328,0
1,3448904,0
0,512,0
1,3449488,0
0,512,0
1,3448944,0
0,544,0
1,3449936,0
0,328,0
1,3448632,0
0,512,0
1,3450264,0
0,262144,0
0,512,0
1,3714456,0
0,2048,0
1,3713264,0
0,512,0
1,3712720,0
0,544,0
1,3714072,0
0,328,0
1,3713912,0
0,512,0
1,3713952,0
0,512,0
1,3716504,0
0,544,0
0,328,0
1,3713640,0
0,512,0
1,3718552,0
0,2048,0
1,3717376,0
0,512,0
1,3720600,0
0,2048,0
1,3717648,0
0,512,0
1,3722648,0
0,2048,0
1,3717920,0
0,512,0
1,3724696,0
0,2048,0
1,3728952,0
0,512,0
1,3728408,0
0,544,0
1,3731888,0
0,328,0
1,780104,0
0,512,0
1,780688,0
0,512,0
1,780144,0
0,544,0
1,3732216,0
0,328,0
1,779832,0
0,512,0
1,3732544,0
0,262144,0
0,512,0
1,3996736,0
0,512,0
1,780848,0
0,512,0
1,3994960,0
0,544,0
1,3998784,0
0,328,0
1,780968,0
0,512,0
1,3996576,0
0,512,0
1,3996032,0
0,544,0
1,3999112,0
0,328,0
1,3995760,0
0,512,0
1,3997248,0
0,512,0
1,3999440,0
0,512,0
1,3997760,0
0,512,0
1,3999712,0
0,512,0
1,3998272,0
0,512,0
1,3999984,0
0,512,0
1,4000832,0
0,512,0
1,4003672,0
0,512,0
1,4003128,0
0,544,0
1,4005264,0
0,328,0
1,4004560,0
0,512,0
1,4005144,0
0,512,0
1,4004600,0
0,544,0
1,4005592,0
0,328,0
1,4004288,0
0,512,0
1,4005920,0
0,589824,0
0,512,0
1,4001344,0
0,512,0
1,4596600,0
0,512,0
1,4596056,0
0,544,0
1,4597952,0
0,328,0
1,4597248,0
0,512,0
1,4597832,0
0,512,0
1,4597288,0
0,544,0
1,4598280,0
0,328,0
1,4596976,0
0,512,0
1,4001856,0
0,512,0
1,4598608,0
0,512,0
1,4002368,0
0,512,0
1,4598880,0
0,512,0
1,4599152,0
0,512,0
1,4601200,0
0,512,0
1,4599664,0
0,512,0
1,4602888,0
0,512,0
1,4602344,0
0,544,0
1,4604152,0
0,328,0
1,4603448,0
0,512,0
1,4604032,0
0,512,0
1,4603488,0
0,544,0
1,4604480,0
0,328,0
1,4603176,0
0,512,0
1,4604808,0
0,262144,0
0,512,0
1,4869000,0
0,2048,0
1,4867808,0
0,512,0
1,4867264,0
0,544,0
1,4871592,0
0,328,0
1,4868784,0
0,512,0
1,4868824,0
0,512,0
1,4871048,0
0,544,0
1,4871920,0
0,328,0
1,4868512,0
0,512,0
1,4873096,0
0,2048,0
1,4872248,0
0,512,0
1,4875144,0
0,2048,0
1,4872520,0
0,512,0
1,4877192,0
0,2048,0
1,4872792,0
0,512,0
1,4879240,0
0,2048,0
1,4883496,0
0,512,0
1,4882952,0
0,544,0
1,4884760,0
0,328,0
1,4884056,0
0,512,0
1,4884640,0
0,512,0
1,4884096,0
0,544,0
1,4885088,0
0,328,0
1,4883784,0
0,512,0
1,4885416,0
0,262144,0
0,512,0
1,4600176,0
0,512,0
1,5148416,0
0,512,0
1,5147872,0
0,544,0
1,5149768,0
0,328,0
1,5149064,0
0,512,0
1,5149648,0
0,512,0
1,5149104,0
0,544,0
1,5150096,0
0,328,0
1,5148792,0
0,512,0
1,4600688,0
0,512,0
1,5150424,0
0,512,0
1,5150696,0
0,512,0
1,5152744,0
0,512,0
1,5151208,0
0,512,0
1,5153016,0
0,512,0
1,5151720,0
0,512,0
1,5155032,0
0,512,0
1,5154488,0
0,544,0
1,5156296,0
0,328,0
1,5155592,0
0,512,0
1,5156176,0
0,512,0
1,5155632,0
0,544,0
1,5156624,0
0,328,0
1,5155320,0
0,512,0
1,5156952,0
0,589824,0
0,512,0
1,5152232,0
0,512,0
1,5747632,0
0,512,0
1,5747088,0
0,544,0
1,5748984,0
0,328,0
1,5748280,0
0,512,0
1,5748864,0
0,512,0
1,5748320,0
0,544,0
1,5749312,0
0,328,0
1,5748008,0
0,512,0
1,5749640,0
0,512,0
1,5751688,0
0,512,0
1,5750152,0
0,512,0
1,5751960,0
0,512,0
1,5750664,0
0,512,0
1,5752232,0
0,512,0
1,5751176,0
0,512,0
1,5753920,0
0,512,0
1,5753376,0
0,544,0
1,5755512,0
0,328,0
1,5754808,0
0,512,0
1,5755392,0
0,512,0
1,5754848,0
0,544,0
1,5755840,0
0,328,0
1,5754536,0
0,512,0
1,5756168,0
0,262144,0
0,512,0
1,6020360,0
0,2048,0
1,6019168,0
0,512,0
1,6018624,0
0,544,0
1,6019976,0
0,328,0
1,6019816,0
0,512,0
1,6019856,0
0,512,0
1,6022408,0
0,544,0
0,328,0
1,6019544,0
0,512,0
1,6024456,0
0,2048,0
1,6023280,0
0,512,0
1,6026504,0
0,2048,0
1,6023552,0
0,512,0
1,6028552,0
0,2048,0
1,6023824,0
0,512,0
1,6030600,0
0,2048,0
1,6034528,0
0,512,0
1,6033984,0
0,544,0
1,6036120,0
0,328,0
1,6035416,0
0,512,0
1,6036000,0
0,512,0
1,6035456,0
0,544,0
1,6036448,0
0,328,0
1,6035144,0
0,512,0
1,6036776,0
0,524288,0
0,512,0
1,6563112,0
0,1024,0
1,6561920,0
0,512,0
1,6561376,0
0,544,0
1,6562728,0
0,328,0
1,6562568,0
0,512,0
1,6562608,0
0,512,0
1,6565160,0
0,544,0
0,328,0
1,6562296,0
0,512,0
1,6564136,0
0,1024,0
1,6566032,0
0,512,0
1,6567208,0
0,1024,0
1,6566304,0
0,512,0
1,6568232,0
0,1024,0
1,6566576,0
0,512,0
1,6569256,0
0,1024,0
1,6571368,0
0,512,0
1,6570824,0
0,544,0
1,6572592,0
0,328,0
1,6567136,0
0,512,0
1,6572472,0
0,512,0
1,6571928,0
0,544,0
1,6572920,0
0,328,0
1,6571656,0
0,512,0
1,6573248,0
0,2359296,0
0,512,0
1,8934592,0
0,1024,0
1,8933400,0
0,512,0
1,8932856,0
0,544,0
1,8937184,0
0,328,0
1,8934376,0
0,512,0
1,8934416,0
0,512,0
1,8936640,0
0,544,0
1,8937512,0
0,328,0
1,8934104,0
0,512,0
1,8935616,0
0,1024,0
1,8937840,0
0,512,0
1,8938688,0
0,1024,0
1,8938112,0
0,512,0
1,8939712,0
0,1024,0
1,8938384,0
0,512,0
1,8940736,0
0,1024,0
1,8943136,0
0,512,0
1,8942592,0
0,544,0
1,8944400,0
0,328,0
1,8943696,0
0,512,0
1,8944280,0
0,512,0
1,8943736,0
0,544,0
1,8944728,0
0,328,0
1,8943424,0
0,512,0
1,8945056,0
0,2097152,0
0,512,0
1,11044256,0
0,4096,0
1,11043064,0
0,512,0
1,11042520,0
0,544,0
1,11048472,0
0,328,0
1,11043624,0
0,512,0
1,11048352,0
0,512,0
1,11043664,0
0,544,0
1,11048800,0
0,328,0
1,11043352,0
0,512,0
1,11050400,0
0,1048576,0
1,11049128,0
0,512,0
1,12098976,0
0,4096,0
1,11049944,0
0,512,0
1,11049400,0
0,544,0
1,12104008,0
0,328,0
1,11050320,0
0,512,0
1,12103888,0
0,512,0
1,12103344,0
0,544,0
1,12104336,0
0,328,0
1,12103072,0
0,512,0
1,12105120,0
0,4096,0
1,12104664,0
0,512,0
1,12109216,0
0,4096,0
0,512,0
1,12115360,0
0,4096,0
1,12113584,0
0,512,0
1,12119456,0
0,4096,0
1,12104936,0
0,512,0
1,12113856,0
0,544,0
1,12124096,0
0,328,0
1,12105056,0
0,512,0
1,12114928,0
0,512,0
1,12123552,0
0,544,0
1,12124424,0
0,328,0
1,12114656,0
0,512,0
1,12125600,0
0,4096,0
1,12115048,0
0,512,0
1,12129696,0
0,4096,0
1,12124752,0
0,512,0
1,12133792,0
0,4096,0
1,12125024,0
0,512,0
1,12137888,0
0,4096,0
1,12144232,0
0,512,0
1,12143688,0
0,544,0
1,12145496,0
0,328,0
1,12144792,0
0,512,0
1,12145376,0
0,512,0
1,12144832,0
0,544,0
1,12145824,0
0,328,0
1,12144520,0
0,512,0
1,12146152,0
0,1048576,0
0,512,0
1,13196776,0
0,1024,0
1,13195584,0
0,512,0
1,13195040,0
0,544,0
1,13196392,0
0,328,0
1,13196232,0
0,512,0
1,13196272,0
0,512,0
1,13198824,0
0,544,0
0,328,0
1,13195960,0
0,512,0
1,13197800,0
0,1024,0
1,13199696,0
0,512,0
1,13200872,0
0,1024,0
1,13199968,0
0,512,0
1,13201896,0
0,1024,0
1,13200240,0
0,512,0
1,13202920,0
0,1024,0
1,13205032,0
0,512,0
1,13204488,0
0,544,0
1,13206584,0
0,328,0
1,13200800,0
0,512,0
1,13206464,0
0,512,0
1,13205920,0
0,544,0
1,13206912,0
0,328,0
1,13205648,0
0,512,0
1,13207240,0
0,2359296,0
0,512,0
1,15568584,0
0,1024,0
1,15567392,0
0,512,0
1,15566848,0
0,544,0
1,15568200,0
0,328,0
1,15568040,0
0,512,0
1,15568080,0
0,512,0
1,15570632,0
0,544,0
0,328,0
1,15567768,0
0,512,0
1,15569608,0
0,1024,0
1,15571504,0
0,512,0
1,15572680,0
0,1024,0
1,15571776,0
0,512,0
1,15573704,0
0,1024,0
1,15572048,0
0,512,0
1,15574728,0
0,1024,0
1,15576840,0
0,512,0
1,15576296,0
0,544,0
1,15578064,0
0,328,0
1,15572608,0
0,512,0
1,15577944,0
0,512,0
1,15577400,0
0,544,0
1,15578392,0
0,328,0
1,15577128,0
0,512,0
1,15578720,0
0,1048576,0
0,512,0
1,16629344,0
0,4096,0
1,16628152,0
0,512,0
1,16627608,0
0,544,0
1,16633984,0
0,328,0
1,16629128,0
0,512,0
1,16629168,0
0,512,0
1,16633440,0
0,544,0
1,16634312,0
0,328,0
1,16628856,0
0,512,0
1,16635488,0
0,4096,0
1,16634640,0
0,512,0
1,16639584,0
0,4096,0
1,16634912,0
0,512,0
1,16643680,0
0,4096,0
1,16635184,0
0,512,0
1,16647776,0
0,4096,0
1,16654080,0
0,512,0
1,16653536,0
0,544,0
1,16655344,0
0,328,0
1,16654640,0
0,512,0
1,16655224,0
0,512,0
1,16654680,0
0,544,0
1,16655672,0
0,328,0
1,16654368,0
0,512,0
1,16656000,0
0,1048576,0
0,512,0
1,17706624,0
0,1024,0
1,17705432,0
0,512,0
1,17704888,0
0,544,0
1,17706240,0
0,328,0
1,17706080,0
0,512,0
1,17706120,0
0,512,0
1,17708672,0
0,544,0
0,328,0
1,17705808,0
0,512,0
1,17707648,0
0,1024,0
1,17709544,0
0,512,0
1,17710720,0
0,1024,0
1,17709816,0
0,512,0
1,17711744,0
0,1024,0
1,17710088,0
0,512,0
1,17712768,0
0,1024,0
1,17715208,0
0,512,0
1,17714664,0
0,544,0
1,17716432,0
0,328,0
1,17710648,0
0,512,0
1,17716312,0
0,512,0
1,17715768,0
0,544,0
1,17716760,0
0,328,0
1,17715496,0
0,512,0
1,17717088,0
0,2359296,0
0,512,0
1,20078432,0
0,1024,0
1,20077240,0
0,512,0
1,20076696,0
0,544,0
1,20078048,0
0,328,0
1,20077888,0
0,512,0
1,20077928,0
0,512,0
1,20080480,0
0,544,0
0,328,0
1,20077616,0
0,512,0
1,20079456,0
0,1024,0
1,20081352,0
0,512,0
1,20082528,0
0,1024,0
1,20081624,0
0,512,0
1,20083552,0
0,1024,0
1,20081896,0
0,512,0
1,20084576,0
0,1024,0
1,20086688,0
0,512,0
1,20086144,0
0,544,0
1,20088240,0
0,328,0
1,20082456,0
0,512,0
1,20088120,0
0,512,0
1,20087576,0
0,544,0
1,20088568,0
0,328,0
1,20087304,0
0,512,0
1,20088896,0
0,1048576,0
0,512,0
1,21139520,0
0,4096,0
1,21138328,0
0,512,0
1,21137784,0
0,544,0
1,21139136,0
0,328,0
1,21138976,0
0,512,0
1,21139016,0
0,512,0
1,21143616,0
0,544,0
0,328,0
1,21138704,0
0,512,0
1,21145664,0
0,4096,0
1,21144488,0
0,512,0
1,21149760,0
0,4096,0
1,21144760,0
0,512,0
1,21153856,0
0,4096,0
1,21145032,0
0,512,0
1,21157952,0
0,4096,0
1,21163928,0
0,512,0
1,21163384,0
0,544,0
1,21165520,0
0,328,0
1,21164816,0
0,512,0
1,21165400,0
0,512,0
1,21164856,0
0,544,0
1,21165848,0
0,328,0
1,21164544,0
0,512,0
1,21166176,0
0,1048576,0
0,512,0
1,22216800,0
0,1024,0
1,22215608,0
0,512,0
1,22215064,0
0,544,0
1,22216416,0
0,328,0
1,22216256,0
0,512,0
1,22216296,0
0,512,0
1,22218848,0
0,544,0
0,328,0
1,22215984,0
0,512,0
1,22217824,0
0,1024,0
1,22219720,0
0,512,0
1,22220896,0
0,1024,0
1,22219992,0
0,512,0
1,22221920,0
0,1024,0
1,22220264,0
0,512,0
1,22222944,0
0,1024,0
1,22225056,0
0,512,0
1,22224512,0
0,544,0
1,22226280,0
0,328,0
1,22220824,0
0,512,0
1,22226160,0
0,512,0
1,22225616,0
0,544,0
1,22226608,0
0,328,0
1,22225344,0
0,512,0
1,22226936,0
0,2359296,0
0,512,0
1,24588280,0
0,1024,0
1,24587088,0
0,512,0
1,24586544,0
0,544,0
1,24590872,0
0,328,0
1,24588064,0
0,512,0
1,24588104,0
0,512,0
1,24590328,0
0,544,0
1,24591200,0
0,328,0
1,24587792,0
0,512,0
1,24589304,0
0,1024,0
1,24591528,0
0,512,0
1,24592376,0
0,1024,0
1,24591800,0
0,512,0
1,24593400,0
0,1024,0
1,24592072,0
0,512,0
1,24594424,0
0,1024,0
1,24596824,0
0,512,0
1,24596280,0
0,544,0
1,3730216,0
0,328,0
1,3729512,0
0,512,0
1,3730096,0
0,512,0
1,3729552,0
0,544,0
1,3730544,0
0,328,0
1,3729240,0
0,512,0
1,24602576,0
0,1048576,0
1,3730872,0
0,512,0
1,25651152,0
0,4096,0
1,3731728,0
0,512,0
1,3731184,0
0,544,0
1,25656440,0
0,328,0
1,3731848,0
0,512,0
1,25656320,0
0,512,0
1,25655776,0
0,544,0
1,25656768,0
0,328,0
1,25655504,0
0,512,0
1,25657296,0
0,4096,0
0,512,0
1,25663440,0
0,4096,0
1,25661664,0
0,512,0
1,25667536,0
0,4096,0
1,25661936,0
0,512,0
1,25671632,0
0,4096,0
1,25676888,0
0,512,0
1,25676344,0
0,544,0
1,25678152,0
0,328,0
1,25677448,0
0,512,0
1,25678032,0
0,512,0
1,25677488,0
0,544,0
1,25678480,0
0,328,0
1,25677176,0
0,512,0
1,25678808,0
0,1048576,0
0,512,0
1,26729432,0
0,1024,0
1,26728240,0
0,512,0
1,26727696,0
0,544,0
1,26729048,0
0,328,0
1,26728888,0
0,512,0
1,26728928,0
0,512,0
1,26731480,0
0,544,0
0,328,0
1,26728616,0
0,512,0
1,26730456,0
0,1024,0
1,26732352,0
0,512,0
1,26733528,0
0,1024,0
1,26732624,0
0,512,0
1,26734552,0
0,1024,0
1,26732896,0
0,512,0
1,26735576,0
0,1024,0
1,26737688,0
0,512,0
1,26737144,0
0,544,0
1,26739240,0
0,328,0
1,26733456,0
0,512,0
1,26739120,0
0,512,0
1,26738576,0
0,544,0
1,26739568,0
0,328,0
1,26738304,0
0,512,0
1,26739896,0
0,2359296,0
0,512,0
1,29101240,0
0,1024,0
1,29100048,0
0,512,0
1,29099504,0
0,544,0
1,29100856,0
0,328,0
1,29100696,0
0,512,0
1,29100736,0
0,512,0
1,29103288,0
0,544,0
0,328,0
1,29100424,0
0,512,0
1,29102264,0
0,1024,0
1,29104160,0
0,512,0
1,29105336,0
0,1024,0
1,29104432,0
0,512,0
1,29106360,0
0,1024,0
1,29104704,0
0,512,0
1,29107384,0
0,1024,0
1,29109496,0
0,512,0
1,29108952,0
0,544,0
1,29110720,0
0,328,0
1,29105264,0
0,512,0
1,29110600,0
0,512,0
1,29110056,0
0,544,0
1,29111048,0
0,328,0
1,29109784,0
0,512,0
1,29111376,0
0,1048576,0
0,512,0
1,30162000,0
0,4096,0
1,30160808,0
0,512,0
1,30160264,0
0,544,0
1,30166640,0
0,328,0
1,30161784,0
0,512,0
1,30161824,0
0,512,0
1,30166096,0
0,544,0
1,30166968,0
0,328,0
1,30161512,0
0,512,0
1,30168144,0
0,4096,0
1,30167296,0
0,512,0
1,30172240,0
0,4096,0
1,30167568,0
0,512,0
1,30176336,0
0,4096,0
1,30167840,0
0,512,0
1,30180432,0
0,4096,0
1,30186736,0
0,512,0
1,30186192,0
0,544,0
1,30188000,0
0,328,0
1,30187296,0
0,512,0
1,30187880,0
0,512,0
1,30187336,0
0,544,0
1,30188328,0
0,328,0
1,30187024,0
0,512,0
1,30188656,0
0,1048576,0
0,512,0
1,31239280,0
0,1024,0
1,31238088,0
0,512,0
1,31237544,0
0,544,0
1,31238896,0
0,328,0
1,31238736,0
0,512,0
1,31238776,0
0,512,0
1,31241328,0
0,544,0
0,328,0
1,31238464,0
0,512,0
1,31240304,0
0,1024,0
1,31242200,0
0,512,0
1,31243376,0
0,1024,0
1,31242472,0
0,512,0
1,31244400,0
0,1024,0
1,31242744,0
0,512,0
1,31245424,0
0,1024,0
1,31247864,0
0,512,0
1,31247320,0
0,544,0
1,31249088,0
0,328,0
1,31243304,0
0,512,0
1,31248968,0
0,512,0
1,31248424,0
0,544,0
1,31249416,0
0,328,0
1,31248152,0
0,512,0
1,31249744,0
0,2359296,0
0,512,0
1,33611088,0
0,1024,0
1,33609896,0
0,512,0
1,33609352,0
0,544,0
1,33610704,0
0,328,0
1,33610544,0
0,512,0
1,33610584,0
0,512,0
1,33613136,0
0,544,0
0,328,0
1,33610272,0
0,512,0
1,33612112,0
0,1024,0
1,33614008,0
0,512,0
1,33615184,0
0,1024,0
1,33614280,0
0,512,0
1,33616208,0
0,1024,0
1,33614552,0
0,512,0
1,33617232,0
0,1024,0
1,33619344,0
0,512,0
1,33618800,0
0,544,0
1,33620896,0
0,328,0
1,33615112,0
0,512,0
1,33620776,0
0,512,0
1,33620232,0
0,544,0
1,33621224,0
0,328,0
1,33619960,0
0,512,0
1,33621552,0
0,1048576,0
0,512,0
1,34672176,0
0,4096,0
1,34670984,0
0,512,0
1,34670440,0
0,544,0
1,34671792,0
0,328,0
1,34671632,0
0,512,0
1,34671672,0
0,512,0
1,34676272,0
0,544,0
0,328,0
1,34671360,0
0,512,0
1,34678320,0
0,4096,0
1,34677144,0
0,512,0
1,34682416,0
0,4096,0
1,34677416,0
0,512,0
1,34686512,0
0,4096,0
1,34677688,0
0,512,0
1,34690608,0
0,4096,0
1,34696584,0
0,512,0
1,34696040,0
0,544,0
1,34698176,0
0,328,0
1,34697472,0
0,512,0
1,34698056,0
0,512,0
1,34697512,0
0,544,0
1,34698504,0
0,328,0
1,34697200,0
0,512,0
1,34698832,0
0,2097152,0
0,512,0
1,36798032,0
0,2048,0
1,36796840,0
0,512,0
1,36796296,0
0,544,0
1,36797648,0
0,328,0
1,36797488,0
0,512,0
1,36797528,0
0,512,0
1,36800080,0
0,544,0
0,328,0
1,36797216,0
0,512,0
1,36802128,0
0,2048,0
1,36800952,0
0,512,0
1,36804176,0
0,2048,0
1,36801224,0
0,512,0
1,36806224,0
0,2048,0
1,36801496,0
0,512,0
1,36808272,0
0,2048,0
1,36811408,0
0,512,0
1,36810864,0
0,544,0
1,36812632,0
0,328,0
1,36802056,0
0,512,0
1,36812512,0
0,512,0
1,36811968,0
0,544,0
1,36812960,0
0,328,0
1,36811696,0
0,512,0
1,36813288,0
0,9437184,0
0,512,0
1,46252520,0
0,2048,0
1,46251328,0
0,512,0
1,46250784,0
0,544,0
1,46256184,0
0,328,0
1,46252320,0
0,512,0
1,46252360,0
0,512,0
1,46255640,0
0,544,0
1,46256512,0
0,328,0
1,46255368,0
0,512,0
1,46256840,0
0,2048,0
0,512,0
1,46260936,0
0,2048,0
1,46259160,0
0,512,0
1,46262984,0
0,2048,0
1,46259432,0
0,512,0
1,46265032,0
0,2048,0
1,46260536,0
0,512,0
1,46267080,0
0,544,0
1,46268560,0
0,328,0
1,46260824,0
0,512,0
1,46268440,0
0,512,0
1,46267896,0
0,544,0
1,46268888,0
0,328,0
1,46267624,0
0,512,0
1,46269216,0
0,8388608,0
0,512,0
1,54659872,0
0,8192,0
1,54658640,0
0,512,0
1,54658096,0
0,544,0
1,54668184,0
0,328,0
1,54659200,0
0,512,0
1,54668064,0
0,512,0
1,54659240,0
0,544,0
1,54668512,0
0,328,0
1,54658928,0
0,512,0
1,54670112,0
0,4194304,0
1,54668840,0
0,512,0
1,58864416,0
0,8192,0
1,54669656,0
0,512,0
1,54669112,0
0,544,0
1,58873544,0
0,328,0
1,54659824,0
0,512,0
1,58873424,0
0,512,0
1,58872880,0
0,544,0
1,58873872,0
0,328,0
1,58872608,0
0,512,0
1,58874656,0
0,8192,0
1,58874200,0
0,512,0
1,58882848,0
0,8192,0
0,512,0
1,58893088,0
0,8192,0
1,58891312,0
0,512,0
1,58901280,0
0,8192,0
1,58874472,0
0,512,0
1,58891584,0
0,544,0
1,58910016,0
0,328,0
1,54670072,0
0,512,0
1,58892656,0
0,512,0
1,58909472,0
0,544,0
1,58910344,0
0,328,0
1,58892384,0
0,512,0
1,58911520,0
0,8192,0
1,58892776,0
0,512,0
1,58919712,0
0,8192,0
1,58910672,0
0,512,0
1,58927904,0
0,8192,0
1,58910944,0
0,512,0
1,58936096,0
0,8192,0
1,58946496,0
0,512,0
1,58945952,0
0,544,0
1,58947760,0
0,328,0
1,58947056,0
0,512,0
1,58947640,0
0,512,0
1,58947096,0
0,544,0
1,58948088,0
0,328,0
1,58946784,0
0,512,0
1,58948416,0
0,4194304,0
0,512,0
1,63144768,0
0,2048,0
1,63143576,0
0,512,0
1,63143032,0
0,544,0
1,63144384,0
0,328,0
1,63144224,0
0,512,0
1,63144264,0
0,512,0
1,63146816,0
0,544,0
0,328,0
1,63143952,0
0,512,0
1,63148864,0
0,2048,0
1,63147688,0
0,512,0
1,63150912,0
0,2048,0
1,63147960,0
0,512,0
1,63152960,0
0,2048,0
1,63148232,0
0,512,0
1,63155008,0
0,2048,0
1,63158144,0
0,512,0
1,63157600,0
0,544,0
1,63159696,0
0,328,0
1,63148792,0
0,512,0
1,63159576,0
0,512,0
1,63159032,0
0,544,0
1,63160024,0
0,328,0
1,63158760,0
0,512,0
1,63160352,0
0,9437184,0
0,512,0
1,72599584,0
0,2048,0
1,72598392,0
0,512,0
1,72597848,0
0,544,0
1,72599200,0
0,328,0
1,72599040,0
0,512,0
1,72599080,0
0,512,0
1,72601632,0
0,544,0
0,328,0
1,72598768,0
0,512,0
1,72603680,0
0,2048,0
1,72602504,0
0,512,0
1,72605728,0
0,2048,0
1,72602776,0
0,512,0
1,72607776,0
0,2048,0
1,72603048,0
0,512,0
1,72609824,0
0,2048,0
1,72612960,0
0,512,0
1,72612416,0
0,544,0
1,72614184,0
0,328,0
1,72603608,0
0,512,0
1,72614064,0
0,512,0
1,72613520,0
0,544,0
1,72614512,0
0,328,0
1,72613248,0
0,512,0
1,72614840,0
0,4194304,0
0,512,0
1,76811192,0
0,8192,0
1,76810000,0
0,512,0
1,76809456,0
0,544,0
1,76819928,0
0,328,0
1,76810976,0
0,512,0
1,76811016,0
0,512,0
1,76819384,0
0,544,0
1,76820256,0
0,328,0
1,76810704,0
0,512,0
1,76821432,0
0,8192,0
1,76820584,0
0,512,0
1,76829624,0
0,8192,0
1,76820856,0
0,512,0
1,76837816,0
0,8192,0
1,76821128,0
0,512,0
1,76846008,0
0,8192,0
1,76856408,0
0,512,0
1,76855864,0
0,544,0
1,76857672,0
0,328,0
1,76856968,0
0,512,0
1,76857552,0
0,512,0
1,76857008,0
0,544,0
1,76858000,0
0,328,0
1,76856696,0
0,512,0
1,76858328,0
0,4194304,0
0,512,0
1,81054680,0
0,2048,0
1,81053488,0
0,512,0
1,81052944,0
0,544,0
1,81054296,0
0,328,0
1,81054136,0
0,512,0
1,81054176,0
0,512,0
1,81056728,0
0,544,0
0,328,0
1,81053864,0
0,512,0
1,81058776,0
0,2048,0
1,81057600,0
0,512,0
1,81060824,0
0,2048,0
1,81057872,0
0,512,0
1,81062872,0
0,2048,0
1,81058144,0
0,512,0
1,81064920,0
0,2048,0
1,81068384,0
0,512,0
1,81067840,0
0,544,0
1,81069608,0
0,328,0
1,81058704,0
0,512,0
1,81069488,0
0,512,0
1,81068944,0
0,544,0
1,81069936,0
0,328,0
1,81068672,0
0,512,0
1,81070264,0
0,9437184,0
0,512,0
1,90509496,0
0,2048,0
1,90508304,0
0,512,0
1,90507760,0
0,544,0
1,90509112,0
0,328,0
1,90508952,0
0,512,0
1,90508992,0
0,512,0
1,90511544,0
0,544,0
0,328,0
1,90508680,0
0,512,0
1,90513592,0
0,2048,0
1,90512416,0
0,512,0
1,90515640,0
0,2048,0
1,90512688,0
0,512,0
1,90517688,0
0,2048,0
1,90512960,0
0,512,0
1,90519736,0
0,2048,0
1,90522872,0
0,512,0
1,90522328,0
0,544,0
1,90524424,0
0,328,0
1,90513520,0
0,512,0
1,90524304,0
0,512,0
1,90523760,0
0,544,0
1,90524752,0
0,328,0
1,90523488,0
0,512,0
1,90525080,0
0,4194304,0
0,512,0
1,94721432,0
0,8192,0
1,94720240,0
0,512,0
1,94719696,0
0,544,0
1,94721048,0
0,328,0
1,94720888,0
0,512,0
1,94720928,0
0,512,0
1,94729624,0
0,544,0
0,328,0
1,94720616,0
0,512,0
1,94731672,0
0,8192,0
1,94730496,0
0,512,0
1,94739864,0
0,8192,0
1,94730768,0
0,512,0
1,94748056,0
0,8192,0
1,94731040,0
0,512,0
1,94756248,0
0,8192,0
1,94767152,0
0,512,0
1,94766608,0
0,544,0
1,94768720,0
0,328,0
1,94768016,0
0,512,0
1,94768600,0
0,512,0
1,94768056,0
0,544,0
1,94769048,0
0,328,0
1,94767744,0
0,512,0
1,94769376,0
0,8192000,0
0,512,0
1,102963424,0
0,4000,0
