1,0,0
0,61440,0
0,4096,0
0,61440,0
0,4096,0
0,61440,0
0,4096,0
0,61440,0
0,4096,0
0,61440,0
0,4096,0
0,61440,0
0,4096,0
0,61440,0
0,4096,0
0,61440,0
0,4096,0
0,61440,0
0,4096,0
0,61440,0
0,4096,0
0,61440,0
0,4096,0
0,61440,0
0,4096,0
0,61440,0
0,4096,0
0,61440,0
0,4096,0
0,61440,0
0,4096,0
0,61440,0
0,4096,0
0,61440,0
0,4096,0
0,61440,0
0,4096,0
0,61440,0
0,4096,0
0,61440,0
0,4096,0
0,61440,0
0,4096,0
0,61440,0
0,4096,0
0,61440,0
0,4096,0
0,61440,0
0,4096,0
0,61440,0
0,4096,0
0,61440,0
0,4096,0
0,61440,0
0,4096,0
0,61440,0
0,4096,0
0,61440,0
0,4096,0
0,61440,0
0,4096,0
0,61440,0
0,4096,0
0,61440,0
0,4096,0
0,61440,0
0,4096,0
0,61440,0
0,4096,0
0,61440,0
0,4096,0
0,61440,0
0,4096,0
0,61440,0
0,4096,0
0,61440,0
0,4096,0
0,61440,0
0,4096,0
0,61440,0
0,4096,0
0,61440,0
0,4096,0
0,61440,0
0,4096,0
0,61440,0
0,4096,0
0,61440,0
0,4096,0
0,61440,0
0,4096,0
0,61440,0
0,4096,0
0,61440,0
0,4096,0
0,61440,0
0,4096,0
0,61440,0
0,4096,0
0,61440,0
0,4096,0
0,61440,0
0,4096,0
0,61440,0
0,4096,0
0,61440,0
0,4096,0
0,61440,0
0,4096,0
0,61440,0
0,4096,0
0,61440,0
0,4096,0
0,61440,0
0,4096,0
0,61440,0
0,4096,0
0,61440,0
0,4096,0
0,61440,0
0,4096,0
0,61440,0
0,4096,0
0,61440,0
0,4096,0
0,61440,0
0,4096,0
0,61440,0
0,4096,0
0,61440,0
0,4096,0
0,61440,0
0,4096,0
0,61440,0
0,4096,0
0,61440,0
0,4096,0
0,61440,0
0,4096,0
0,61440,0
0,4096,0
0,61440,0
0,4096,0
0,61440,0
0,4096,0
0,61440,0
0,4096,0
0,61440,0
0,4096,0
0,61440,0
0,4096,0
0,61440,0
0,4096,0
0,61440,0
0,4096,0
0,61440,0
0,4096,0
0,61440,0
0,4096,0
0,61440,0
0,4096,0
0,61440,0
0,4096,0
0,61440,0
0,4096,0
0,61440,0
0,4096,0
0,61440,0
0,4096,0
0,61440,0
0,4096,0
0,61440,0
0,4096,0
0,61440,0
0,4096,0
0,61440,0
0,4096,0
0,61440,0
0,4096,0
0,61440,0
0,4096,0
0,61440,0
0,4096,0
0,61440,0
0,4096,0
0,61440,0
0,4096,0
0,61440,0
0,4096,0
0,61440,0
0,4096,0
0,61440,0
0,4096,0
0,61440,0
0,4096,0
0,61440,0
0,4096,0
0,61440,0
0,4096,0
0,61440,0
0,4096,0
0,61440,0
0,4096,0
0,61440,0
0,4096,0
0,61440,0
0,4096,0
0,61440,0
0,4096,0
0,61440,0
0,4096,0
0,61440,0
0,4096,0
0,61440,0
0,4096,0
0,61440,0
0,4096,0
0,61440,0
0,4096,0
0,61440,0
0,4096,0
0,61440,0
0,4096,0
0,61440,0
0,4096,0
0,61440,0
0,4096,0
0,61440,0
0,4096,0
0,61440,0
0,4096,0
0,61440,0
0,4096,0
0,61440,0
0,4096,0
0,61440,0
0,4096,0
0,61440,0
0,4096,0
0,61440,0
0,4096,0
0,61440,0
0,4096,0
0,61440,0
0,4096,0
0,61440,0
0,4096,0
0,61440,0
0,4096,0
0,61440,0
0,4096,0
0,61440,0
0,4096,0
0,61440,0
0,4096,0
0,61440,0
0,4096,0
0,61440,0
0,4096,0
0,61440,0
0,4096,0
0,61440,0
0,4096,0
0,61440,0
0,4096,0
0,61440,0
0,4096,0
0,61440,0
0,4096,0
0,61440,0
0,4096,0
0,61440,0
0,4096,0
0,61440,0
0,4096,0
0,61440,0
0,4096,0
0,61440,0
0,4096,0
0,61440,0
0,4096,0
0,61440,0
0,4096,0
0,61440,0
0,4096,0
0,61440,0
0,4096,0
0,61440,0
0,4096,0
0,61440,0
0,4096,0
0,61440,0
0,4096,0
0,61440,0
0,4096,0
0,61440,0
0,4096,0
0,61440,0
0,4096,0
0,61440,0
0,4096,0
0,61440,0
0,4096,0
0,61440,0
0,4096,0
0,61440,0
0,4096,0
0,61440,0
0,4096,0
0,61440,0
0,4096,0
0,61440,0
0,4096,0
0,61440,0
0,4096,0
0,61440,0
0,4096,0
0,61440,0
0,4096,0
0,61440,0
0,4096,0
0,61440,0
0,4096,0
0,61440,0
0,4096,0
0,61440,0
0,4096,0
0,61440,0
0,4096,0
0,61440,0
0,4096,0
0,61440,0
0,4096,0
0,61440,0
0,4096,0
0,61440,0
0,4096,0
0,61440,0
0,4096,0
0,61440,0
0,4096,0
0,61440,0
0,4096,0
0,61440,0
0,4096,0
0,61440,0
0,4096,0
0,61440,0
0,4096,0
0,61440,0
0,4096,0
0,61440,0
0,4096,0
0,61440,0
0,4096,0
0,61440,0
0,4096,0
0,61440,0
0,4096,0
0,61440,0
0,4096,0
0,61440,0
0,4096,0
0,61440,0
0,4096,0
0,61440,0
0,4096,0
0,61440,0
0,4096,0
0,61440,0
0,4096,0
0,61440,0
0,4096,0
0,61440,0
0,4096,0
0,61440,0
0,4096,0
0,61440,0
0,4096,0
0,61440,0
0,4096,0
0,61440,0
0,4096,0
0,61440,0
0,4096,0
0,61440,0
0,4096,0
0,61440,0
0,4096,0
0,61440,0
0,4096,0
0,61440,0
0,4096,0
0,61440,0
0,4096,0
0,61440,0
0,4096,0
0,61440,0
0,4096,0
0,61440,0
0,4096,0
0,61440,0
0,4096,0
0,61440,0
0,4096,0
0,61440,0
0,4096,0
0,61440,0
0,4096,0
0,61440,0
0,4096,0
0,61440,0
0,4096,0
0,61440,0
0,4096,0
0,61440,0
0,4096,0
0,61440,0
0,4096,0
0,61440,0
0,4096,0
0,61440,0
0,4096,0
0,61440,0
0,4096,0
0,61440,0
0,4096,0
0,61440,0
0,4096,0
0,61440,0
0,4096,0
0,61440,0
0,4096,0
0,61440,0
0,4096,0
0,61440,0
0,4096,0
0,61440,0
0,4096,0
0,61440,0
0,4096,0
0,61440,0
0,4096,0
0,61440,0
0,4096,0
0,61440,0
0,4096,0
0,61440,0
0,4096,0
0,61440,0
0,4096,0
0,61440,0
0,4096,0
0,61440,0
0,4096,0
0,61440,0
0,4096,0
0,61440,0
0,4096,0
0,61440,0
0,4096,0
0,61440,0
0,4096,0
0,61440,0
0,4096,0
0,61440,0
0,4096,0
0,61440,0
0,4096,0
0,61440,0
0,4096,0
0,61440,0
0,4096,0
0,61440,0
0,4096,0
0,61440,0
0,4096,0
0,61440,0
0,4096,0
0,61440,0
0,4096,0
0,61440,0
0,4096,0
0,61440,0
0,4096,0
0,61440,0
0,4096,0
0,61440,0
0,4096,0
0,61440,0
0,4096,0
0,61440,0
0,4096,0
0,61440,0
0,4096,0
0,61440,0
0,4096,0
0,61440,0
0,4096,0
0,61440,0
0,4096,0
0,61440,0
0,4096,0
0,61440,0
0,4096,0
0,61440,0
0,4096,0
0,61440,0
0,4096,0
0,61440,0
0,4096,0
0,61440,0
0,4096,0
0,61440,0
0,4096,0
0,61440,0
0,4096,0
0,61440,0
0,4096,0
0,61440,0
0,4096,0
0,61440,0
0,4096,0
0,61440,0
0,4096,0
0,61440,0
0,4096,0
0,61440,0
0,4096,0
0,61440,0
0,4096,0
0,61440,0
0,4096,0
0,61440,0
0,4096,0
0,61440,0
0,4096,0
0,61440,0
0,4096,0
0,61440,0
0,4096,0
0,61440,0
0,4096,0
0,61440,0
0,4096,0
0,61440,0
0,4096,0
0,61440,0
0,4096,0
0,61440,0
0,4096,0
0,61440,0
0,4096,0
0,61440,0
0,4096,0
0,61440,0
0,4096,0
0,61440,0
0,4096,0
0,61440,0
0,4096,0
0,61440,0
0,4096,0
0,61440,0
0,4096,0
0,61440,0
0,4096,0
0,61440,0
0,4096,0
0,61440,0
0,4096,0
0,61440,0
0,4096,0
0,61440,0
0,4096,0
0,61440,0
0,4096,0
0,61440,0
0,4096,0
0,61440,0
0,4096,0
0,61440,0
0,4096,0
0,61440,0
0,4096,0
0,61440,0
0,4096,0
0,61440,0
0,4096,0
0,61440,0
0,4096,0
0,61440,0
0,4096,0
0,61440,0
0,4096,0
0,61440,0
0,4096,0
0,61440,0
0,4096,0
0,61440,0
0,4096,0
0,61440,0
0,4096,0
0,61440,0
0,4096,0
0,61440,0
0,4096,0
0,61440,0
0,4096,0
0,61440,0
0,4096,0
0,61440,0
0,4096,0
0,61440,0
0,4096,0
0,61440,0
0,4096,0
0,61440,0
0,4096,0
0,61440,0
0,4096,0
0,61440,0
0,4096,0
0,61440,0
0,4096,0
0,61440,0
0,4096,0
0,61440,0
0,4096,0
0,61440,0
0,4096,0
0,61440,0
0,4096,0
0,61440,0
0,4096,0
0,61440,0
0,4096,0
0,61440,0
0,4096,0
0,61440,0
0,4096,0
0,61440,0
0,4096,0
0,61440,0
0,4096,0
0,61440,0
0,4096,0
0,61440,0
0,4096,0
0,61440,0
0,4096,0
0,61440,0
0,4096,0
0,61440,0
0,4096,0
0,61440,0
0,4096,0
0,61440,0
0,4096,0
0,61440,0
0,4096,0
0,61440,0
0,4096,0
0,61440,0
0,4096,0
0,61440,0
0,4096,0
0,61440,0
0,4096,0
0,61440,0
0,4096,0
0,61440,0
0,4096,0
0,61440,0
0,4096,0
0,61440,0
0,4096,0
0,61440,0
0,4096,0
0,61440,0
0,4096,0
0,61440,0
0,4096,0
0,61440,0
0,4096,0
0,61440,0
0,4096,0
0,61440,0
0,4096,0
0,61440,0
0,4096,0
0,61440,0
0,4096,0
0,61440,0
0,4096,0
0,61440,0
0,4096,0
0,61440,0
0,4096,0
0,61440,0
0,4096,0
0,61440,0
0,4096,0
0,61440,0
0,4096,0
0,61440,0
0,4096,0
0,61440,0
0,4096,0
0,61440,0
0,4096,0
0,61440,0
0,4096,0
0,61440,0
0,4096,0
0,61440,0
0,4096,0
0,61440,0
0,4096,0
0,61440,0
0,4096,0
0,61440,0
0,4096,0
0,61440,0
0,4096,0
0,61440,0
0,4096,0
0,61440,0
0,4096,0
0,61440,0
0,4096,0
0,61440,0
0,4096,0
0,61440,0
0,4096,0
0,61440,0
0,4096,0
0,61440,0
0,4096,0
0,61440,0
0,4096,0
0,61440,0
0,4096,0
0,61440,0
0,4096,0
0,61440,0
0,4096,0
0,61440,0
0,4096,0
0,61440,0
0,4096,0
0,61440,0
0,4096,0
0,61440,0
0,4096,0
0,61440,0
0,4096,0
0,61440,0
0,4096,0
0,61440,0
0,4096,0
0,61440,0
0,4096,0
0,61440,0
0,4096,0
0,61440,0
0,4096,0
0,61440,0
0,4096,0
0,61440,0
0,4096,0
0,61440,0
0,4096,0
0,61440,0
0,4096,0
0,61440,0
0,4096,0
0,61440,0
0,4096,0
0,61440,0
0,4096,0
0,61440,0
0,4096,0
0,61440,0
0,4096,0
0,61440,0
0,4096,0
0,61440,0
0,4096,0
0,61440,0
0,4096,0
0,61440,0
0,4096,0
0,61440,0
0,4096,0
0,61440,0
0,4096,0
0,61440,0
0,4096,0
0,61440,0
0,4096,0
0,61440,0
0,4096,0
0,61440,0
0,4096,0
0,61440,0
0,4096,0
0,61440,0
0,4096,0
0,61440,0
0,4096,0
0,61440,0
0,4096,0
0,61440,0
0,4096,0
0,61440,0
0,4096,0
0,61440,0
0,4096,0
0,61440,0
0,4096,0
0,61440,0
0,4096,0
0,61440,0
0,4096,0
0,61440,0
0,4096,0
0,61440,0
0,4096,0
0,61440,0
0,4096,0
0,61440,0
0,4096,0
0,61440,0
0,4096,0
0,61440,0
0,4096,0
0,61440,0
0,4096,0
0,61440,0
0,4096,0
0,61440,0
0,4096,0
0,61440,0
0,4096,0
0,61440,0
0,4096,0
0,61440,0
0,4096,0
0,61440,0
0,4096,0
0,61440,0
0,4096,0
0,61440,0
0,4096,0
0,61440,0
0,4096,0
0,61440,0
0,4096,0
0,61440,0
0,4096,0
0,61440,0
0,4096,0
0,61440,0
0,4096,0
0,61440,0
0,4096,0
0,61440,0
0,4096,0
0,61440,0
0,4096,0
0,61440,0
0,4096,0
0,61440,0
0,4096,0
0,61440,0
0,4096,0
0,61440,0
0,4096,0
0,61440,0
0,4096,0
0,61440,0
0,4096,0
0,61440,0
0,4096,0
0,61440,0
0,4096,0
0,61440,0
0,4096,0
0,61440,0
0,4096,0
0,61440,0
0,4096,0
0,61440,0
0,4096,0
0,61440,0
0,4096,0
0,61440,0
0,4096,0
0,61440,0
0,4096,0
0,61440,0
0,4096,0
0,61440,0
0,4096,0
0,61440,0
0,4096,0
0,61440,0
0,4096,0
0,61440,0
0,4096,0
0,61440,0
0,4096,0
0,61440,0
0,4096,0
0,61440,0
0,4096,0
0,61440,0
0,4096,0
0,61440,0
0,4096,0
0,61440,0
0,4096,0
0,61440,0
0,4096,0
0,61440,0
0,4096,0
0,61440,0
0,4096,0
0,61440,0
0,4096,0
0,61440,0
0,4096,0
0,61440,0
0,4096,0
0,61440,0
0,4096,0
0,61440,0
0,4096,0
0,61440,0
0,4096,0
0,61440,0
0,4096,0
0,61440,0
0,4096,0
0,61440,0
0,4096,0
0,61440,0
0,4096,0
0,61440,0
0,4096,0
0,61440,0
0,4096,0
0,61440,0
0,4096,0
0,61440,0
0,4096,0
0,61440,0
0,4096,0
0,61440,0
0,4096,0
0,61440,0
0,4096,0
0,61440,0
0,4096,0
0,61440,0
0,4096,0
0,61440,0
0,4096,0
0,61440,0
0,4096,0
0,61440,0
0,4096,0
0,61440,0
0,4096,0
0,61440,0
0,4096,0
0,61440,0
0,4096,0
0,61440,0
0,4096,0
0,61440,0
0,4096,0
0,61440,0
0,4096,0
0,61440,0
0,4096,0
0,61440,0
0,4096,0
0,61440,0
0,4096,0
0,61440,0
0,4096,0
0,61440,0
0,4096,0
0,61440,0
0,4096,0
0,61440,0
0,4096,0
0,61440,0
0,4096,0
0,61440,0
0,4096,0
0,61440,0
0,4096,0
0,61440,0
0,4096,0
0,61440,0
0,4096,0
0,61440,0
0,4096,0
0,61440,0
0,4096,0
0,61440,0
0,4096,0
0,61440,0
0,4096,0
0,61440,0
0,4096,0
0,61440,0
0,4096,0
0,61440,0
0,4096,0
0,61440,0
0,4096,0
0,61440,0
0,4096,0
0,61440,0
0,4096,0
0,61440,0
0,4096,0
0,61440,0
0,4096,0
0,61440,0
0,4096,0
0,61440,0
0,4096,0
0,61440,0
0,4096,0
0,61440,0
0,4096,0
0,61440,0
0,4096,0
0,61440,0
0,4096,0
0,61440,0
0,4096,0
0,61440,0
0,4096,0
0,61440,0
0,4096,0
0,61440,0
0,4096,0
0,61440,0
0,4096,0
0,61440,0
0,4096,0
0,61440,0
0,4096,0
0,61440,0
0,4096,0
0,61440,0
0,4096,0
0,61440,0
0,4096,0
0,61440,0
0,4096,0
0,61440,0
0,4096,0
0,61440,0
0,4096,0
0,61440,0
0,4096,0
0,61440,0
0,4096,0
0,61440,0
0,4096,0
0,61440,0
0,4096,0
0,61440,0
0,4096,0
0,61440,0
0,4096,0
0,61440,0
0,4096,0
0,61440,0
0,4096,0
0,61440,0
0,4096,0
0,61440,0
0,4096,0
0,61440,0
0,4096,0
0,61440,0
0,4096,0
0,61440,0
0,4096,0
0,61440,0
0,4096,0
0,61440,0
0,4096,0
0,61440,0
0,4096,0
0,61440,0
0,4096,0
0,61440,0
0,4096,0
0,61440,0
0,4096,0
0,61440,0
0,4096,0
0,61440,0
0,4096,0
0,61440,0
0,4096,0
0,61440,0
0,4096,0
0,61440,0
0,4096,0
0,61440,0
0,4096,0
0,61440,0
0,4096,0
0,61440,0
0,4096,0
0,61440,0
0,4096,0
0,61440,0
0,4096,0
0,61440,0
0,4096,0
0,61440,0
0,4096,0
0,61440,0
0,4096,0
0,61440,0
0,4096,0
0,61440,0
0,4096,0
0,61440,0
0,4096,0
0,61440,0
0,4096,0
0,61440,0
0,4096,0
0,61440,0
0,4096,0
0,61440,0
0,4096,0
0,61440,0
0,4096,0
0,61440,0
0,4096,0
0,61440,0
0,4096,0
0,61440,0
0,4096,0
0,61440,0
0,4096,0
0,61440,0
0,4096,0
0,61440,0
0,4096,0
0,61440,0
0,4096,0
0,61440,0
0,4096,0
0,61440,0
0,4096,0
0,61440,0
0,4096,0
0,61440,0
0,4096,0
0,61440,0
0,4096,0
0,61440,0
0,4096,0
0,61440,0
0,4096,0
0,61440,0
0,4096,0
0,61440,0
0,4096,0
0,61440,0
0,4096,0
0,61440,0
0,4096,0
0,61440,0
0,4096,0
0,61440,0
0,4096,0
0,61440,0
0,4096,0
0,61440,0
0,4096,0
0,61440,0
0,4096,0
0,61440,0
0,4096,0
0,61440,0
0,4096,0
0,61440,0
0,4096,0
0,61440,0
0,4096,0
0,61440,0
0,4096,0
0,61440,0
0,4096,0
0,61440,0
0,4096,0
0,61440,0
0,4096,0
0,61440,0
0,4096,0
0,61440,0
0,4096,0
0,61440,0
0,4096,0
0,61440,0
0,4096,0
0,61440,0
0,4096,0
0,61440,0
0,4096,0
0,61440,0
0,4096,0
0,61440,0
0,4096,0
0,61440,0
0,4096,0
0,61440,0
0,4096,0
0,61440,0
0,4096,0
0,61440,0
0,4096,0
0,61440,0
0,4096,0
0,61440,0
0,4096,0
0,61440,0
0,4096,0
0,61440,0
0,4096,0
0,61440,0
0,4096,0
0,61440,0
0,4096,0
0,61440,0
0,4096,0
0,61440,0
0,4096,0
0,61440,0
0,4096,0
0,61440,0
0,4096,0
0,61440,0
0,4096,0
0,61440,0
0,4096,0
0,61440,0
0,4096,0
0,61440,0
0,4096,0
0,61440,0
0,4096,0
0,61440,0
0,4096,0
0,61440,0
0,4096,0
0,61440,0
0,4096,0
0,61440,0
0,4096,0
0,61440,0
0,4096,0
0,61440,0
0,4096,0
0,61440,0
0,4096,0
0,61440,0
0,4096,0
0,61440,0
0,4096,0
0,61440,0
0,4096,0
0,61440,0
0,4096,0
0,61440,0
0,4096,0
0,61440,0
0,4096,0
0,61440,0
0,4096,0
0,61440,0
0,4096,0
0,61440,0
0,4096,0
0,61440,0
0,4096,0
0,61440,0
0,4096,0
0,61440,0
0,4096,0
0,61440,0
0,4096,0
0,61440,0
0,4096,0
0,61440,0
0,4096,0
0,61440,0
0,4096,0
0,61440,0
0,4096,0
0,61440,0
0,4096,0
0,61440,0
0,4096,0
0,61440,0
0,4096,0
0,61440,0
0,4096,0
0,61440,0
0,4096,0
0,61440,0
0,4096,0
0,61440,0
0,4096,0
0,61440,0
0,4096,0
0,61440,0
0,4096,0
0,61440,0
0,4096,0
0,61440,0
0,4096,0
0,61440,0
0,4096,0
0,61440,0
0,4096,0
0,61440,0
0,4096,0
0,61440,0
0,4096,0
0,61440,0
0,4096,0
0,61440,0
0,4096,0
0,61440,0
0,4096,0
0,61440,0
0,4096,0
0,61440,0
0,4096,0
0,61440,0
0,4096,0
0,61440,0
0,4096,0
0,61440,0
0,4096,0
0,61440,0
0,4096,0
0,61440,0
0,4096,0
0,61440,0
0,4096,0
0,61440,0
0,4096,0
0,61440,0
0,4096,0
0,61440,0
0,4096,0
0,61440,0
0,4096,0
0,61440,0
0,4096,0
0,61440,0
0,4096,0
0,61440,0
0,4096,0
0,61440,0
0,4096,0
0,61440,0
0,4096,0
0,61440,0
0,4096,0
0,61440,0
0,4096,0
0,61440,0
0,4096,0
0,61440,0
0,4096,0
0,61440,0
0,4096,0
0,61440,0
0,4096,0
0,61440,0
0,4096,0
0,61440,0
0,4096,0
0,61440,0
0,4096,0
0,61440,0
0,4096,0
0,61440,0
0,4096,0
0,61440,0
0,4096,0
0,61440,0
0,4096,0
0,61440,0
0,4096,0
0,61440,0
0,4096,0
0,61440,0
0,4096,0
0,61440,0
0,4096,0
0,61440,0
0,4096,0
0,61440,0
0,4096,0
0,61440,0
0,4096,0
0,61440,0
0,4096,0
0,61440,0
0,4096,0
0,61440,0
0,4096,0
0,61440,0
0,4096,0
0,61440,0
0,4096,0
0,61440,0
0,4096,0
0,61440,0
0,4096,0
0,61440,0
0,4096,0
0,61440,0
0,4096,0
0,61440,0
0,4096,0
0,61440,0
0,4096,0
0,61440,0
0,4096,0
0,61440,0
0,4096,0
0,61440,0
0,4096,0
0,61440,0
0,4096,0
0,61440,0
0,4096,0
0,61440,0
0,4096,0
0,61440,0
0,4096,0
0,61440,0
0,4096,0
0,61440,0
0,4096,0
0,61440,0
0,4096,0
0,61440,0
0,4096,0
0,61440,0
0,4096,0
0,61440,0
0,4096,0
0,61440,0
0,4096,0
0,61440,0
0,4096,0
0,61440,0
0,4096,0
0,61440,0
0,4096,0
0,61440,0
0,4096,0
0,61440,0
0,4096,0
0,61440,0
0,4096,0
0,61440,0
0,4096,0
0,61440,0
0,4096,0
0,61440,0
0,4096,0
0,61440,0
0,4096,0
0,61440,0
0,4096,0
0,61440,0
0,4096,0
0,61440,0
0,4096,0
0,61440,0
0,4096,0
0,61440,0
0,4096,0
0,61440,0
0,4096,0
0,61440,0
0,4096,0
0,61440,0
0,4096,0
0,61440,0
0,4096,0
0,61440,0
0,4096,0
0,61440,0
0,4096,0
0,61440,0
0,4096,0
0,61440,0
0,4096,0
0,61440,0
0,4096,0
0,61440,0
0,4096,0
0,61440,0
0,4096,0
0,61440,0
0,4096,0
0,61440,0
0,4096,0
0,61440,0
0,4096,0
0,61440,0
0,4096,0
0,61440,0
0,4096,0
0,61440,0
0,4096,0
0,61440,0
0,4096,0
0,61440,0
0,4096,0
0,61440,0
0,4096,0
0,61440,0
0,4096,0
0,61440,0
0,4096,0
0,61440,0
0,4096,0
0,61440,0
0,4096,0
0,61440,0
0,4096,0
0,61440,0
0,4096,0
0,61440,0
0,4096,0
0,61440,0
0,4096,0
0,61440,0
0,4096,0
0,61440,0
0,4096,0
0,61440,0
0,4096,0
0,61440,0
0,4096,0
0,61440,0
0,4096,0
0,61440,0
0,4096,0
0,61440,0
0,4096,0
0,61440,0
0,4096,0
0,61440,0
0,4096,0
0,61440,0
0,4096,0
0,61440,0
0,4096,0
0,61440,0
0,4096,0
0,61440,0
0,4096,0
0,61440,0
0,4096,0
0,61440,0
0,4096,0
0,61440,0
0,4096,0
0,61440,0
0,4096,0
0,61440,0
0,4096,0
0,61440,0
0,4096,0
0,61440,0
0,4096,0
0,61440,0
0,4096,0
0,61440,0
0,4096,0
0,61440,0
0,4096,0
0,61440,0
0,4096,0
0,61440,0
0,4096,0
0,61440,0
0,4096,0
0,61440,0
0,4096,0
0,61440,0
0,4096,0
0,61440,0
0,4096,0
0,61440,0
0,4096,0
0,61440,0
0,4096,0
0,61440,0
0,4096,0
0,61440,0
0,4096,0
0,61440,0
0,4096,0
0,61440,0
0,4096,0
0,61440,0
0,4096,0
0,61440,0
0,4096,0
0,61440,0
0,4096,0
0,61440,0
0,4096,0
0,61440,0
0,4096,0
0,61440,0
0,4096,0
0,61440,0
0,4096,0
0,61440,0
0,4096,0
0,61440,0
0,4096,0
0,61440,0
0,4096,0
0,61440,0
0,4096,0
0,61440,0
0,4096,0
0,61440,0
0,4096,0
0,61440,0
0,4096,0
0,61440,0
0,4096,0
0,61440,0
0,4096,0
0,61440,0
0,4096,0
0,61440,0
0,4096,0
0,61440,0
0,4096,0
0,61440,0
0,4096,0
0,61440,0
0,4096,0
0,61440,0
0,4096,0
0,61440,0
0,4096,0
0,61440,0
0,4096,0
0,61440,0
0,4096,0
0,61440,0
0,4096,0
0,61440,0
0,4096,0
0,61440,0
0,4096,0
0,61440,0
0,4096,0
0,61440,0
0,4096,0
0,61440,0
0,4096,0
0,61440,0
0,4096,0
0,61440,0
0,4096,0
0,61440,0
0,4096,0
0,61440,0
0,4096,0
0,61440,0
0,4096,0
0,61440,0
0,4096,0
0,61440,0
0,4096,0
0,61440,0
0,4096,0
0,61440,0
0,4096,0
0,61440,0
0,4096,0
0,61440,0
0,4096,0
0,61440,0
0,4096,0
0,61440,0
0,4096,0
0,61440,0
0,4096,0
0,61440,0
0,4096,0
0,61440,0
0,4096,0
0,61440,0
0,4096,0
0,61440,0
0,4096,0
0,61440,0
0,4096,0
0,61440,0
0,4096,0
0,61440,0
0,4096,0
0,61440,0
0,4096,0
0,61440,0
0,4096,0
0,61440,0
0,4096,0
0,61440,0
0,4096,0
0,61440,0
0,4096,0
0,61440,0
0,4096,0
0,61440,0
0,4096,0
0,61440,0
0,4096,0
0,61440,0
0,4096,0
0,61440,0
0,4096,0
0,61440,0
0,4096,0
0,61440,0
0,4096,0
0,61440,0
0,4096,0
0,61440,0
0,4096,0
0,61440,0
0,4096,0
0,61440,0
0,4096,0
0,61440,0
0,4096,0
0,61440,0
0,4096,0
0,61440,0
0,4096,0
0,61440,0
0,4096,0
0,61440,0
0,4096,0
0,61440,0
0,4096,0
0,61440,0
0,4096,0
0,61440,0
0,4096,0
0,61440,0
0,4096,0
0,61440,0
0,4096,0
0,61440,0
0,4096,0
0,61440,0
0,4096,0
0,61440,0
0,4096,0
0,61440,0
0,4096,0
0,61440,0
0,4096,0
0,61440,0
0,4096,0
0,61440,0
0,4096,0
0,61440,0
0,4096,0
0,61440,0
0,4096,0
0,61440,0
0,4096,0
0,61440,0
0,4096,0
0,61440,0
0,4096,0
0,61440,0
0,4096,0
0,61440,0
0,4096,0
0,61440,0
0,4096,0
0,61440,0
0,4096,0
0,61440,0
0,4096,0
0,61440,0
0,4096,0
0,61440,0
0,4096,0
0,61440,0
0,4096,0
0,61440,0
0,4096,0
0,61440,0
0,4096,0
0,61440,0
0,4096,0
0,61440,0
0,4096,0
0,61440,0
0,4096,0
0,61440,0
0,4096,0
0,61440,0
0,4096,0
0,61440,0
0,4096,0
0,61440,0
0,4096,0
0,61440,0
0,4096,0
0,61440,0
0,4096,0
0,61440,0
0,4096,0
0,61440,0
0,4096,0
0,61440,0
0,4096,0
0,61440,0
0,4096,0
0,61440,0
0,4096,0
0,61440,0
0,4096,0
0,61440,0
0,4096,0
0,61440,0
0,4096,0
0,61440,0
0,4096,0
0,61440,0
0,4096,0
0,61440,0
0,4096,0
0,61440,0
0,4096,0
0,61440,0
0,4096,0
0,61440,0
0,4096,0
0,61440,0
0,4096,0
0,61440,0
0,4096,0
0,61440,0
0,4096,0
0,61440,0
0,4096,0
0,61440,0
0,4096,0
0,61440,0
0,4096,0
0,61440,0
0,4096,0
0,61440,0
0,4096,0
0,61440,0
0,4096,0
0,61440,0
0,4096,0
0,61440,0
0,4096,0
0,61440,0
0,4096,0
0,61440,0
0,4096,0
0,61440,0
0,4096,0
0,61440,0
0,4096,0
0,61440,0
0,4096,0
0,61440,0
0,4096,0
0,61440,0
0,4096,0
0,61440,0
0,4096,0
0,61440,0
0,4096,0
0,61440,0
0,4096,0
0,61440,0
0,4096,0
0,61440,0
0,4096,0
0,61440,0
0,4096,0
0,61440,0
0,4096,0
0,61440,0
0,4096,0
0,61440,0
0,4096,0
0,61440,0
0,4096,0
0,61440,0
0,4096,0
0,61440,0
0,4096,0
0,61440,0
0,4096,0
0,61440,0
0,4096,0
0,61440,0
0,4096,0
0,61440,0
0,4096,0
0,61440,0
0,4096,0
0,61440,0
0,4096,0
0,61440,0
0,4096,0
0,61440,0
0,4096,0
0,61440,0
0,4096,0
0,61440,0
0,4096,0
0,61440,0
0,4096,0
0,61440,0
0,4096,0
0,61440,0
0,4096,0
0,61440,0
0,4096,0
0,61440,0
0,4096,0
0,61440,0
0,4096,0
0,61440,0
0,4096,0
0,61440,0
0,4096,0
0,61440,0
0,4096,0
0,61440,0
0,4096,0
0,61440,0
0,4096,0
0,61440,0
0,4096,0
0,61440,0
0,4096,0
0,61440,0
0,4096,0
0,61440,0
0,4096,0
0,61440,0
0,4096,0
0,61440,0
0,4096,0
0,61440,0
0,4096,0
0,61440,0
0,4096,0
0,61440,0
0,4096,0
0,61440,0
0,4096,0
0,61440,0
0,4096,0
0,61440,0
0,4096,0
0,61440,0
0,4096,0
0,61440,0
0,4096,0
0,61440,0
0,4096,0
0,61440,0
0,4096,0
0,61440,0
0,4096,0
0,61440,0
0,4096,0
0,61440,0
0,4096,0
0,61440,0
0,4096,0
0,61440,0
0,4096,0
0,61440,0
0,4096,0
0,61440,0
0,4096,0
0,61440,0
0,4096,0
0,61440,0
0,4096,0
0,61440,0
0,4096,0
0,61440,0
0,4096,0
0,61440,0
0,4096,0
0,61440,0
0,4096,0
0,61440,0
0,4096,0
0,61440,0
0,4096,0
0,61440,0
0,4096,0
0,61440,0
0,4096,0
0,61440,0
0,4096,0
0,61440,0
0,4096,0
0,61440,0
0,4096,0
0,61440,0
0,4096,0
0,61440,0
0,4096,0
0,61440,0
0,4096,0
0,61440,0
0,4096,0
0,61440,0
0,4096,0
0,61440,0
0,4096,0
0,61440,0
0,4096,0
0,61440,0
0,4096,0
0,61440,0
0,4096,0
0,61440,0
0,4096,0
0,61440,0
0,4096,0
0,61440,0
0,4096,0
0,61440,0
0,4096,0
0,61440,0
0,4096,0
0,61440,0
0,4096,0
0,61440,0
0,4096,0
0,61440,0
0,4096,0
0,61440,0
0,4096,0
0,61440,0
0,4096,0
0,61440,0
0,4096,0
0,61440,0
0,4096,0
0,61440,0
0,4096,0
0,61440,0
0,4096,0
0,61440,0
0,4096,0
0,61440,0
0,4096,0
0,61440,0
0,4096,0
0,61440,0
0,4096,0
0,61440,0
0,4096,0
0,61440,0
0,4096,0
0,61440,0
0,4096,0
0,61440,0
0,4096,0
0,61440,0
0,4096,0
0,61440,0
0,4096,0
0,61440,0
0,4096,0
0,61440,0
0,4096,0
0,61440,0
0,4096,0
0,61440,0
0,4096,0
0,61440,0
0,4096,0
0,61440,0
0,4096,0
0,61440,0
0,4096,0
0,61440,0
0,4096,0
0,61440,0
0,4096,0
0,61440,0
0,4096,0
0,61440,0
0,4096,0
0,61440,0
0,4096,0
0,61440,0
0,4096,0
0,61440,0
0,4096,0
0,61440,0
0,4096,0
0,61440,0
0,4096,0
0,61440,0
0,4096,0
0,61440,0
0,4096,0
0,61440,0
0,4096,0
0,61440,0
0,4096,0
0,61440,0
0,4096,0
0,61440,0
0,4096,0
0,61440,0
0,4096,0
0,61440,0
0,4096,0
0,61440,0
0,4096,0
0,61440,0
0,4096,0
0,61440,0
0,4096,0
0,61440,0
0,4096,0
0,61440,0
0,4096,0
0,61440,0
0,4096,0
0,61440,0
0,4096,0
0,61440,0
0,4096,0
0,61440,0
0,4096,0
0,61440,0
0,4096,0
0,61440,0
0,4096,0
0,61440,0
0,4096,0
0,61440,0
0,4096,0
0,61440,0
0,4096,0
0,61440,0
0,4096,0
0,61440,0
0,4096,0
0,61440,0
0,4096,0
0,61440,0
0,4096,0
0,61440,0
0,4096,0
0,61440,0
0,4096,0
0,61440,0
0,4096,0
0,61440,0
0,4096,0
0,61440,0
0,4096,0
0,61440,0
0,4096,0
0,61440,0
0,4096,0
0,61440,0
0,4096,0
0,61440,0
0,4096,0
0,61440,0
0,4096,0
0,61440,0
0,4096,0
0,61440,0
0,4096,0
0,61440,0
0,4096,0
0,61440,0
0,4096,0
0,61440,0
0,4096,0
0,61440,0
0,4096,0
0,61440,0
0,4096,0
0,61440,0
0,4096,0
0,61440,0
0,4096,0
0,61440,0
0,4096,0
0,61440,0
0,4096,0
0,61440,0
0,4096,0
0,61440,0
0,4096,0
0,61440,0
0,4096,0
0,61440,0
0,4096,0
0,61440,0
0,4096,0
0,61440,0
0,4096,0
0,61440,0
0,4096,0
0,61440,0
0,4096,0
0,61440,0
0,4096,0
0,61440,0
0,4096,0
0,61440,0
0,4096,0
0,61440,0
0,4096,0
0,61440,0
0,4096,0
0,61440,0
0,4096,0
0,61440,0
0,4096,0
0,61440,0
0,4096,0
0,61440,0
0,4096,0
0,61440,0
0,4096,0
0,61440,0
0,4096,0
0,61440,0
0,4096,0
0,61440,0
0,4096,0
0,61440,0
0,4096,0
0,61440,0
0,4096,0
0,61440,0
0,4096,0
0,61440,0
0,4096,0
0,61440,0
0,4096,0
0,61440,0
0,4096,0
0,61440,0
0,4096,0
0,61440,0
0,4096,0
0,61440,0
0,4096,0
0,61440,0
0,4096,0
0,61440,0
0,4096,0
0,61440,0
0,4096,0
0,61440,0
0,4096,0
0,61440,0
0,4096,0
0,61440,0
0,4096,0
0,61440,0
0,4096,0
0,61440,0
0,4096,0
0,61440,0
0,4096,0
0,61440,0
0,4096,0
0,61440,0
0,4096,0
0,61440,0
0,4096,0
0,61440,0
0,4096,0
0,61440,0
0,4096,0
0,61440,0
0,4096,0
0,61440,0
0,4096,0
0,61440,0
0,4096,0
0,61440,0
0,4096,0
0,61440,0
0,4096,0
0,61440,0
0,4096,0
0,61440,0
0,4096,0
0,61440,0
0,4096,0
0,61440,0
0,4096,0
0,61440,0
0,4096,0
0,61440,0
0,4096,0
0,61440,0
0,4096,0
0,61440,0
0,4096,0
0,61440,0
0,4096,0
0,61440,0
0,4096,0
0,61440,0
0,4096,0
0,61440,0
0,4096,0
0,61440,0
0,4096,0
0,61440,0
0,4096,0
0,61440,0
0,4096,0
0,61440,0
0,4096,0
0,61440,0
0,4096,0
0,61440,0
0,4096,0
0,61440,0
0,4096,0
0,61440,0
0,4096,0
0,61440,0
0,4096,0
0,61440,0
0,4096,0
0,61440,0
0,4096,0
0,61440,0
0,4096,0
0,61440,0
0,4096,0
0,61440,0
0,4096,0
0,61440,0
0,4096,0
0,61440,0
0,4096,0
0,61440,0
0,4096,0
0,61440,0
0,4096,0
0,61440,0
0,4096,0
0,61440,0
0,4096,0
0,61440,0
0,4096,0
0,61440,0
0,4096,0
0,61440,0
0,4096,0
0,61440,0
0,4096,0
0,61440,0
0,4096,0
0,61440,0
0,4096,0
0,61440,0
0,4096,0
0,61440,0
0,4096,0
0,61440,0
0,4096,0
0,61440,0
0,4096,0
0,61440,0
0,4096,0
0,61440,0
0,4096,0
0,61440,0
0,4096,0
0,61440,0
0,4096,0
0,61440,0
0,4096,0
0,61440,0
0,4096,0
0,61440,0
0,4096,0
0,61440,0
0,4096,0
0,61440,0
0,4096,0
0,61440,0
0,4096,0
0,61440,0
0,4096,0
0,61440,0
0,4096,0
0,61440,0
0,4096,0
0,61440,0
0,4096,0
0,61440,0
0,4096,0
0,61440,0
0,4096,0
0,61440,0
0,4096,0
0,61440,0
0,4096,0
0,61440,0
0,4096,0
0,61440,0
0,4096,0
0,61440,0
0,4096,0
0,61440,0
0,4096,0
0,61440,0
0,4096,0
0,61440,0
0,4096,0
0,61440,0
0,4096,0
0,61440,0
0,4096,0
0,61440,0
0,4096,0
0,61440,0
0,4096,0
0,61440,0
0,4096,0
0,61440,0
0,4096,0
0,61440,0
0,4096,0
0,61440,0
0,4096,0
0,61440,0
0,4096,0
0,61440,0
0,4096,0
0,61440,0
0,4096,0
0,61440,0
0,4096,0
0,61440,0
0,4096,0
0,61440,0
0,4096,0
0,61440,0
0,4096,0
0,61440,0
0,4096,0
0,61440,0
0,4096,0
0,61440,0
0,4096,0
0,61440,0
0,4096,0
0,61440,0
0,4096,0
0,61440,0
0,4096,0
0,61440,0
0,4096,0
0,61440,0
0,4096,0
0,61440,0
0,4096,0
0,61440,0
0,4096,0
0,61440,0
0,4096,0
0,61440,0
0,4096,0
0,61440,0
0,4096,0
0,61440,0
0,4096,0
0,61440,0
0,4096,0
0,61440,0
0,4096,0
0,61440,0
0,4096,0
0,61440,0
0,4096,0
0,61440,0
0,4096,0
0,61440,0
0,4096,0
0,61440,0
0,4096,0
0,61440,0
0,4096,0
0,61440,0
0,4096,0
0,61440,0
0,4096,0
0,61440,0
0,4096,0
0,61440,0
0,4096,0
0,61440,0
0,4096,0
0,61440,0
0,4096,0
0,61440,0
0,4096,0
0,61440,0
0,4096,0
0,61440,0
0,4096,0
0,61440,0
0,4096,0
0,61440,0
0,4096,0
0,61440,0
0,4096,0
0,61440,0
0,4096,0
0,61440,0
0,4096,0
0,61440,0
0,4096,0
0,61440,0
0,4096,0
0,61440,0
0,4096,0
0,61440,0
0,4096,0
0,61440,0
0,4096,0
0,61440,0
0,4096,0
0,61440,0
0,4096,0
0,61440,0
0,4096,0
0,61440,0
0,4096,0
0,61440,0
0,4096,0
0,61440,0
0,4096,0
0,61440,0
0,4096,0
0,61440,0
0,4096,0
0,61440,0
0,4096,0
0,61440,0
0,4096,0
0,61440,0
0,4096,0
0,61440,0
0,4096,0
0,61440,0
0,4096,0
0,61440,0
0,4096,0
0,61440,0
0,4096,0
0,61440,0
0,4096,0
0,61440,0
0,4096,0
0,61440,0
0,4096,0
0,61440,0
0,4096,0
0,61440,0
0,4096,0
0,61440,0
0,4096,0
0,61440,0
0,4096,0
0,61440,0
0,4096,0
0,61440,0
0,4096,0
0,61440,0
0,4096,0
0,61440,0
0,4096,0
0,61440,0
0,4096,0
0,61440,0
0,4096,0
0,61440,0
0,4096,0
0,61440,0
0,4096,0
0,61440,0
0,4096,0
0,61440,0
0,4096,0
0,61440,0
0,4096,0
0,61440,0
0,4096,0
0,61440,0
0,4096,0
0,61440,0
0,4096,0
0,61440,0
0,4096,0
0,61440,0
0,4096,0
0,61440,0
0,4096,0
0,61440,0
0,4096,0
0,61440,0
0,4096,0
0,61440,0
0,4096,0
0,61440,0
0,4096,0
0,61440,0
0,4096,0
0,61440,0
0,4096,0
0,61440,0
0,4096,0
0,61440,0
0,4096,0
0,61440,0
0,4096,0
0,61440,0
0,4096,0
0,61440,0
0,4096,0
0,61440,0
0,4096,0
0,61440,0
0,4096,0
0,61440,0
0,4096,0
0,61440,0
0,4096,0
0,61440,0
0,4096,0
0,61440,0
0,4096,0
0,61440,0
0,4096,0
0,61440,0
0,4096,0
0,61440,0
0,4096,0
0,61440,0
0,4096,0
0,61440,0
0,4096,0
0,61440,0
0,4096,0
0,61440,0
0,4096,0
0,61440,0
0,4096,0
0,61440,0
0,4096,0
0,61440,0
0,4096,0
0,61440,0
0,4096,0
0,61440,0
0,4096,0
0,61440,0
0,4096,0
0,61440,0
0,4096,0
0,61440,0
0,4096,0
0,61440,0
0,4096,0
0,61440,0
0,4096,0
0,61440,0
0,4096,0
0,61440,0
0,4096,0
0,61440,0
0,4096,0
0,61440,0
0,4096,0
0,61440,0
0,4096,0
0,61440,0
0,4096,0
0,61440,0
0,4096,0
0,61440,0
0,4096,0
0,61440,0
0,4096,0
0,61440,0
0,4096,0
0,61440,0
0,4096,0
0,61440,0
0,4096,0
0,61440,0
0,4096,0
0,61440,0
0,4096,0
0,61440,0
0,4096,0
0,61440,0
0,4096,0
0,61440,0
0,4096,0
0,61440,0
0,4096,0
0,61440,0
0,4096,0
0,61440,0
0,4096,0
0,61440,0
0,4096,0
0,61440,0
0,4096,0
0,61440,0
0,4096,0
0,61440,0
0,4096,0
0,61440,0
0,4096,0
0,61440,0
0,4096,0
0,61440,0
0,4096,0
0,61440,0
0,4096,0
0,61440,0
0,4096,0
0,61440,0
0,4096,0
0,61440,0
0,4096,0
0,61440,0
0,4096,0
0,61440,0
0,4096,0
0,61440,0
0,4096,0
0,61440,0
0,4096,0
0,61440,0
0,4096,0
0,61440,0
0,4096,0
0,61440,0
0,61440,0
0,61440,0
1,0,0
0,8,0
1,0,0
0,16,0
0,80,0
0,512,0
1,800,0
0,3464,0
1,680,0
0,512,0
1,71005136,0
0,5632,0
1,136,0
0,544,0
1,254232,0
0,328,0
1,4264,0
0,512,0
1,5296,0
0,128,0
1,70997760,0
0,328,0
1,5424,0
0,512,0
1,6128,0
0,136,0
1,398584,0
0,328,0
1,10320,0
0,512,0
1,11024,0
0,256,0
1,4968,0
0,328,0
1,12328,0
0,512,0
1,15624,0
0,128,0
1,10936,0
0,512,0
1,16416,0
0,136,0
1,4505304,0
0,328,0
1,10976,0
0,512,0
1,91720,0
0,256,0
1,26154488,0
0,328,0
1,712,0
0,512,0
1,94232,0
0,128,0
1,43453528,0
0,328,0
1,752,0
0,512,0
1,95024,0
0,200,0
1,58597904,0
0,328,0
1,91456,0
0,512,0
1,99920,0
0,256,0
1,54278568,0
0,328,0
1,91672,0
0,512,0
1,137160,0
0,128,0
1,26158632,0
0,328,0
1,94936,0
0,512,0
1,137952,0
0,200,0
1,99592,0
0,328,0
1,94976,0
0,512,0
1,144536,0
0,256,0
1,139024,0
0,512,0
1,214712,0
0,136,0
1,61643368,0
0,328,0
1,145664,0
0,512,0
1,248880,0
0,128,0
1,49942784,0
0,328,0
1,145704,0
0,512,0
1,249672,0
0,256,0
1,99152,0
0,512,0
1,254560,0
0,128,0
1,83658648,0
0,328,0
1,99192,0
0,512,0
1,255352,0
0,128,0
1,52121840,0
0,328,0
1,134904,0
0,512,0
1,99232,0
0,200,0
1,134944,0
0,512,0
1,263048,0
0,256,0
1,137864,0
0,512,0
1,398912,0
0,128,0
1,64646216,0
0,328,0
1,137904,0
0,512,0
1,401864,0
0,200,0
1,144448,0
0,512,0
1,403056,0
0,256,0
1,144488,0
0,512,0
1,680664,0
0,136,0
1,403312,0
0,512,0
1,814536,0
0,128,0
1,681848,0
0,512,0
1,815328,0
0,256,0
1,681520,0
0,328,0
1,676712,0
0,512,0
1,819888,0
0,128,0
1,249584,0
0,512,0
1,820136,0
0,128,0
1,249624,0
0,512,0
1,823536,0
0,200,0
1,824336,0
0,512,0
1,834704,0
0,256,0
1,835560,0
0,512,0
1,1585680,0
0,128,0
1,34812536,0
0,328,0
1,835600,0
0,512,0
1,1595352,0
0,200,0
1,4520736,0
0,328,0
1,1586016,0
0,512,0
1,1596544,0
0,256,0
0,512,0
1,3754600,0
0,136,0
1,3744984,0
0,512,0
1,3755456,0
0,128,0
1,256056,0
0,512,0
1,3755792,0
0,512,0
1,256720,0
0,128,0
1,402968,0
0,512,0
1,4521064,0
0,128,0
1,403008,0
0,512,0
1,4522184,0
0,200,0
1,815240,0
0,512,0
1,4550304,0
0,256,0
1,815280,0
0,512,0
1,6675744,0
0,128,0
1,4551160,0
0,512,0
1,6685416,0
0,200,0
1,4551200,0
0,512,0
1,6686608,0
0,256,0
1,6676080,0
0,512,0
1,8844664,0
0,128,0
1,6686864,0
0,512,0
1,8845456,0
0,200,0
1,8835048,0
0,512,0
1,8850344,0
0,256,0
1,8845832,0
0,512,0
1,11010816,0
0,128,0
1,8850776,0
0,512,0
1,11011608,0
0,128,0
1,17501456,0
0,328,0
1,8850816,0
0,512,0
1,11012400,0
0,200,0
1,15323824,0
0,328,0
1,823448,0
0,512,0
1,11040520,0
0,256,0
1,823488,0
0,512,0
1,13165960,0
0,128,0
1,11041376,0
0,512,0
1,13175632,0
0,200,0
1,11041416,0
0,512,0
1,13176824,0
0,256,0
1,13166296,0
0,512,0
1,15332592,0
0,128,0
1,13177080,0
0,512,0
1,15332840,0
0,200,0
1,834616,0
0,512,0
1,15340616,0
0,256,0
1,834656,0
0,512,0
1,17501784,0
0,128,0
1,15332264,0
0,328,0
1,1596456,0
0,512,0
1,17502576,0
0,128,0
1,1596496,0
0,512,0
1,17503368,0
0,200,0
1,4521768,0
0,512,0
1,17531488,0
0,256,0
1,4521808,0
0,512,0
1,19656928,0
0,128,0
1,17532344,0
0,512,0
1,19666600,0
0,200,0
1,17532384,0
0,512,0
1,19667792,0
0,256,0
1,19657264,0
0,512,0
1,21825848,0
0,128,0
1,19668048,0
0,512,0
1,21826640,0
0,200,0
1,21816232,0
0,512,0
1,4505632,0
0,256,0
1,4506664,0
0,512,0
1,23987912,0
0,128,0
1,21827016,0
0,512,0
1,23988584,0
0,128,0
1,4550216,0
0,512,0
1,23995240,0
0,200,0
1,4550256,0
0,512,0
1,23996488,0
0,256,0
1,6686520,0
0,512,0
1,26154816,0
0,128,0
1,6686560,0
0,512,0
1,26158960,0
0,200,0
1,30514032,0
0,328,0
1,26144872,0
0,512,0
1,28306944,0
0,256,0
1,8845368,0
0,512,0
1,28321184,0
0,128,0
1,8845408,0
0,512,0
1,28321976,0
0,200,0
1,28308792,0
0,512,0
1,28350096,0
0,256,0
1,28308832,0
0,512,0
1,30475536,0
0,128,0
1,28350952,0
0,512,0
1,30475784,0
0,128,0
1,28350992,0
0,512,0
1,30485872,0
0,200,0
1,30486672,0
0,512,0
1,30514360,0
0,256,0
1,30514888,0
0,512,0
1,32648600,0
0,128,0
1,4521856,0
0,328,0
1,30514928,0
0,512,0
1,32649392,0
0,200,0
1,32636888,0
0,512,0
1,34797456,0
0,256,0
1,36975880,0
0,328,0
1,34798760,0
0,512,0
1,34805872,0
0,128,0
1,34798800,0
0,512,0
1,34812864,0
0,200,0
1,41288424,0
0,328,0
1,8850256,0
0,512,0
1,34814112,0
0,256,0
1,34814544,0
0,512,0
1,36975088,0
0,128,0
1,8850296,0
0,512,0
1,36976208,0
0,128,0
1,10998960,0
0,512,0
1,36977000,0
0,200,0
1,10999000,0
0,512,0
1,37005120,0
0,256,0
1,37005976,0
0,512,0
1,39130560,0
0,128,0
1,37006016,0
0,512,0
1,39140232,0
0,200,0
1,39130896,0
0,512,0
1,39141424,0
0,256,0
0,512,0
1,41296864,0
0,128,0
1,43467640,0
0,328,0
1,11012312,0
0,512,0
1,41303624,0
0,200,0
1,11012352,0
0,512,0
1,41305360,0
0,256,0
1,41297744,0
0,512,0
1,43466056,0
0,128,0
1,45621528,0
0,328,0
1,41305616,0
0,512,0
1,43466848,0
0,128,0
1,11040432,0
0,512,0
1,43467968,0
0,200,0
1,11040472,0
0,512,0
1,43496088,0
0,256,0
1,43496944,0
0,512,0
1,45630656,0
0,128,0
1,43496984,0
0,512,0
1,45631448,0
0,200,0
1,45621856,0
0,512,0
1,47779512,0
0,256,0
1,47780816,0
0,512,0
1,47787928,0
0,128,0
1,47780856,0
0,512,0
1,47794592,0
0,200,0
1,13176736,0
0,512,0
1,47796384,0
0,256,0
1,13176776,0
0,512,0
1,49957024,0
0,128,0
1,15332752,0
0,512,0
1,49957816,0
0,128,0
1,15332792,0
0,512,0
1,49958608,0
0,200,0
1,17489176,0
0,512,0
1,49986728,0
0,256,0
1,17489216,0
0,512,0
1,52112168,0
0,128,0
1,49987584,0
0,512,0
1,52122168,0
0,200,0
1,49987624,0
0,512,0
1,54270152,0
0,256,0
1,52112504,0
0,512,0
1,54278896,0
0,128,0
1,54271456,0
0,512,0
1,54279144,0
0,200,0
1,54271496,0
0,512,0
1,54286944,0
0,256,0
1,54279344,0
0,512,0
1,56445024,0
0,128,0
1,56435408,0
0,512,0
1,56445816,0
0,128,0
1,54287200,0
0,512,0
1,56449712,0
0,200,0
1,54287240,0
0,512,0
1,56450904,0
0,256,0
0,512,0
1,58606344,0
0,128,0
1,17503280,0
0,512,0
1,58613104,0
0,200,0
1,17503320,0
0,512,0
1,58614840,0
0,256,0
1,58607224,0
0,512,0
1,61624960,0
0,136,0
1,58615096,0
0,512,0
1,64625616,0
0,128,0
1,61625216,0
0,512,0
1,64626408,0
0,256,0
1,61625256,0
0,512,0
1,64637120,0
0,128,0
1,17531400,0
0,512,0
1,64646544,0
0,200,0
1,17531440,0
0,512,0
1,70977008,0
0,256,0
1,19667704,0
0,512,0
1,23978184,0
0,128,0
1,19667744,0
0,512,0
1,23978976,0
0,200,0
1,21826552,0
0,512,0
1,70998088,0
0,256,0
1,21826592,0
0,512,0
1,83658976,0
0,128,0
1,70998944,0
0,512,0
1,83684456,0
0,128,0
1,21831440,0
0,512,0
1,83685248,0
0,136,0
1,6008,0
0,512,0
1,5464,0
0,544,0
1,6536,0
0,328,0
1,6264,0
0,512,0
1,6864,0
0,3456,0
1,10904,0
0,512,0
1,12152,0
0,176,0
1,10360,0
0,544,0
1,11552,0
0,328,0
1,11280,0
0,512,0
1,12368,0
0,128,0
1,11880,0
0,512,0
1,12496,0
0,128,0
1,14416,0
0,512,0
1,12624,0
0,128,0
1,14688,0
0,512,0
1,12752,0
0,128,0
1,16296,0
0,512,0
1,15752,0
0,544,0
1,16824,0
0,328,0
1,16552,0
0,512,0
1,17152,0
0,73728,0
1,91424,0
0,512,0
1,93120,0
0,176,0
1,90880,0
0,544,0
1,92248,0
0,328,0
1,91976,0
0,512,0
1,12880,0
0,256,0
1,92576,0
0,512,0
1,13136,0
0,256,0
1,92848,0
0,512,0
1,13392,0
0,256,0
1,93296,0
0,512,0
1,13648,0
0,256,0
1,94904,0
0,512,0
1,98400,0
0,176,0
1,94360,0
0,544,0
1,95496,0
0,328,0
1,95224,0
0,512,0
1,95824,0
0,2304,0
0,512,0
1,100176,0
0,32768,0
1,99120,0
0,512,0
1,91496,0
0,176,0
1,98576,0
0,544,0
1,133216,0
0,328,0
1,132944,0
0,512,0
1,13904,0
0,512,0
1,133544,0
0,512,0
1,134992,0
0,512,0
1,133816,0
0,512,0
1,135504,0
0,512,0
1,134088,0
0,512,0
1,136016,0
0,512,0
1,137832,0
0,512,0
1,143696,0
0,176,0
1,137288,0
0,544,0
1,138424,0
0,328,0
1,138152,0
0,512,0
1,139088,0
0,4608,0
1,138752,0
0,512,0
1,145744,0
0,65536,0
1,144416,0
0,512,0
1,213600,0
0,176,0
1,143872,0
0,544,0
1,145064,0
0,328,0
1,144792,0
0,512,0
1,136528,0
0,512,0
1,145392,0
0,512,0
1,211280,0
0,512,0
1,213328,0
0,512,0
1,211792,0
0,512,0
1,213776,0
0,512,0
1,212304,0
0,512,0
1,214592,0
0,512,0
1,214048,0
0,544,0
1,215120,0
0,328,0
1,214848,0
0,512,0
1,215448,0
0,32768,0
1,249552,0
0,512,0
1,253120,0
0,176,0
1,249008,0
0,544,0
1,250200,0
0,328,0
1,249928,0
0,512,0
1,212816,0
0,512,0
1,250528,0
0,512,0
1,250800,0
0,512,0
1,252848,0
0,512,0
1,251312,0
0,512,0
1,253296,0
0,512,0
1,251824,0
0,512,0
1,256024,0
0,512,0
1,262328,0
0,176,0
1,255480,0
0,544,0
1,257120,0
0,328,0
1,256848,0
0,512,0
1,257448,0
0,4608,0
0,512,0
1,264104,0
0,131072,0
1,99432,0
0,512,0
1,263904,0
0,176,0
1,262504,0
0,544,0
1,263576,0
0,328,0
1,263304,0
0,512,0
1,395176,0
0,1024,0
1,397224,0
0,512,0
1,396200,0
0,1024,0
1,397496,0
0,512,0
1,399272,0
0,1024,0
1,397768,0
0,512,0
1,400296,0
0,1024,0
1,399040,0
0,512,0
1,401320,0
0,544,0
1,402336,0
0,328,0
1,402064,0
0,512,0
1,403368,0
0,9216,0
1,402664,0
0,512,0
1,412584,0
0,262144,0
1,402936,0
0,512,0
1,676416,0
0,176,0
1,674728,0
0,544,0
1,675544,0
0,328,0
1,675272,0
0,512,0
1,676776,0
0,1024,0
1,675872,0
0,512,0
1,677800,0
0,1024,0
1,676144,0
0,512,0
1,678824,0
0,1024,0
0,512,0
1,681896,0
0,1024,0
1,676592,0
0,512,0
1,680120,0
0,544,0
1,681072,0
0,328,0
1,680800,0
0,512,0
1,682920,0
0,131072,0
1,815208,0
0,512,0
1,818776,0
0,176,0
1,814664,0
0,544,0
1,815856,0
0,328,0
1,815584,0
0,512,0
1,816184,0
0,1024,0
1,818232,0
0,512,0
1,817208,0
0,1024,0
1,818504,0
0,512,0
1,820280,0
0,1024,0
1,818952,0
0,512,0
1,821304,0
0,1024,0
1,823416,0
0,512,0
1,833864,0
0,176,0
1,822872,0
0,544,0
1,824008,0
0,328,0
1,823736,0
0,512,0
1,824376,0
0,9216,0
0,512,0
1,835640,0
0,745472,0
1,834584,0
0,512,0
1,1584568,0
0,176,0
1,834040,0
0,544,0
1,835232,0
0,328,0
1,834960,0
0,512,0
1,1581112,0
0,2912,0
0,512,0
1,1586072,0
0,2912,0
1,1584296,0
0,512,0
1,1588984,0
0,2912,0
1,1584744,0
0,512,0
1,1591896,0
0,2912,0
1,1585808,0
0,512,0
1,1594808,0
0,544,0
1,1595824,0
0,328,0
1,1595552,0
0,512,0
1,1596856,0
0,26208,0
1,1596152,0
0,512,0
1,1623064,0
0,2119936,0
1,1596424,0
0,512,0
1,3744688,0
0,176,0
1,3743000,0
0,544,0
1,3743816,0
0,328,0
1,3743544,0
0,512,0
1,3745048,0
0,2912,0
1,3744144,0
0,512,0
1,3747960,0
0,2912,0
1,3744416,0
0,512,0
1,3750872,0
0,2912,0
0,512,0
1,3755832,0
0,2912,0
1,3744864,0
0,512,0
1,3754056,0
0,544,0
1,3755008,0
0,328,0
1,3754736,0
0,512,0
1,3758744,0
0,745472,0
1,3755584,0
0,512,0
1,4504760,0
0,544,0
1,4506712,0
0,328,0
1,256328,0
0,512,0
1,4507040,0
0,2912,0
0,512,0
1,4512000,0
0,2912,0
1,4510224,0
0,512,0
1,4514912,0
0,2912,0
1,4510496,0
0,512,0
1,4517824,0
0,2912,0
1,4521736,0
0,512,0
1,4549464,0
0,176,0
1,4521192,0
0,544,0
1,4522656,0
0,328,0
1,4522384,0
0,512,0
1,4522984,0
0,26208,0
0,512,0
1,4551240,0
0,2119936,0
1,4550184,0
0,512,0
1,6674632,0
0,176,0
1,4549640,0
0,544,0
1,4550832,0
0,328,0
1,4550560,0
0,512,0
1,6671176,0
0,2912,0
0,512,0
1,6676136,0
0,2912,0
1,6674360,0
0,512,0
1,6679048,0
0,2912,0
1,6674808,0
0,512,0
1,6681960,0
0,2912,0
1,6675872,0
0,512,0
1,6684872,0
0,544,0
1,6685888,0
0,328,0
1,6685616,0
0,512,0
1,6686920,0
0,26208,0
1,6686216,0
0,512,0
1,6713128,0
0,2119936,0
1,6686488,0
0,512,0
1,8834752,0
0,176,0
1,8833064,0
0,544,0
1,8833880,0
0,328,0
1,8833608,0
0,512,0
1,8835112,0
0,2912,0
1,8834208,0
0,512,0
1,8838024,0
0,2912,0
1,8834480,0
0,512,0
1,8840936,0
0,2912,0
0,512,0
1,8845896,0
0,2912,0
1,8845336,0
0,512,0
1,8845656,0
0,176,0
1,8844792,0
0,544,0
1,8849080,0
0,328,0
1,8848808,0
0,512,0
1,8850856,0
0,26208,0
1,8849408,0
0,512,0
1,8877064,0
0,2119936,0
1,8850224,0
0,512,0
1,8850600,0
0,176,0
1,8849680,0
0,544,0
1,10997272,0
0,328,0
1,10997000,0
0,512,0
1,10999048,0
0,2912,0
1,10997600,0
0,512,0
1,11001960,0
0,2912,0
1,10997872,0
0,512,0
1,11004872,0
0,2912,0
1,10998144,0
0,512,0
1,11007784,0
0,2912,0
1,11012280,0
0,512,0
1,11039680,0
0,176,0
1,11011736,0
0,544,0
1,11012872,0
0,328,0
1,11012600,0
0,512,0
1,11013200,0
0,26208,0
0,512,0
1,11041456,0
0,2119936,0
1,11040400,0
0,512,0
1,13164848,0
0,176,0
1,11039856,0
0,544,0
1,11041048,0
0,328,0
1,11040776,0
0,512,0
1,13161392,0
0,2912,0
0,512,0
1,13166352,0
0,2912,0
1,13164576,0
0,512,0
1,13169264,0
0,2912,0
1,13165024,0
0,512,0
1,13172176,0
0,2912,0
1,13166088,0
0,512,0
1,13175088,0
0,544,0
1,13176104,0
0,328,0
1,13175832,0
0,512,0
1,13177136,0
0,26208,0
1,13176432,0
0,512,0
1,13203344,0
0,2119936,0
1,13176704,0
0,512,0
1,15331152,0
0,176,0
1,15323280,0
0,544,0
1,15324424,0
0,328,0
1,15324152,0
0,512,0
1,15325328,0
0,2912,0
1,15324752,0
0,512,0
1,15328240,0
0,2912,0
1,15325024,0
0,512,0
1,15333200,0
0,2912,0
1,15331328,0
0,512,0
1,15336112,0
0,2912,0
1,15332720,0
0,512,0
1,15340440,0
0,176,0
1,15339024,0
0,544,0
1,15339840,0
0,328,0
1,15339568,0
0,512,0
1,15341072,0
0,26208,0
1,15340168,0
0,512,0
1,15367280,0
0,2119936,0
1,15333040,0
0,512,0
1,15340872,0
0,176,0
1,17487216,0
0,544,0
1,17488032,0
0,328,0
1,17487760,0
0,512,0
1,17489264,0
0,2912,0
1,17488360,0
0,512,0
1,17492176,0
0,2912,0
1,17488632,0
0,512,0
1,17495088,0
0,2912,0
1,17488904,0
0,512,0
1,17498000,0
0,2912,0
1,17503248,0
0,512,0
1,17530648,0
0,176,0
1,17502704,0
0,544,0
1,17503840,0
0,328,0
1,17503568,0
0,512,0
1,17504168,0
0,26208,0
0,512,0
1,17532424,0
0,2119936,0
1,17531368,0
0,512,0
1,19655816,0
0,176,0
1,17530824,0
0,544,0
1,17532016,0
0,328,0
1,17531744,0
0,512,0
1,19652360,0
0,2912,0
0,512,0
1,19657320,0
0,2912,0
1,19655544,0
0,512,0
1,19660232,0
0,2912,0
1,19655992,0
0,512,0
1,19663144,0
0,2912,0
1,19657056,0
0,512,0
1,19666056,0
0,544,0
1,19667072,0
0,328,0
1,19666800,0
0,512,0
1,19668104,0
0,26208,0
1,19667400,0
0,512,0
1,19694312,0
0,2119936,0
1,19667672,0
0,512,0
1,21815936,0
0,176,0
1,21814248,0
0,544,0
1,21815064,0
0,328,0
1,21814792,0
0,512,0
1,21816296,0
0,2912,0
1,21815392,0
0,512,0
1,21819208,0
0,2912,0
1,21815664,0
0,512,0
1,21822120,0
0,2912,0
0,512,0
1,21827080,0
0,2912,0
1,21826520,0
0,512,0
1,21826840,0
0,176,0
1,21825976,0
0,544,0
1,21830264,0
0,328,0
1,21829992,0
0,512,0
1,21832040,0
0,26208,0
1,21830592,0
0,512,0
1,21858248,0
0,2119936,0
1,21831408,0
0,512,0
1,4506488,0
0,176,0
1,21830864,0
0,544,0
1,4506160,0
0,328,0
1,4505888,0
0,512,0
1,23981000,0
0,2912,0
1,21831528,0
0,512,0
1,23983912,0
0,2912,0
0,512,0
1,23988872,0
0,2912,0
1,23987096,0
0,512,0
1,23991784,0
0,2912,0
1,23988712,0
0,512,0
1,23996312,0
0,176,0
1,23994696,0
0,544,0
1,23995712,0
0,328,0
1,23995440,0
0,512,0
1,23996744,0
0,26208,0
1,23996040,0
0,512,0
1,24022952,0
0,2119936,0
1,23988744,0
0,512,0
1,26144576,0
0,176,0
1,26142888,0
0,544,0
1,26143704,0
0,328,0
1,26143432,0
0,512,0
1,26144936,0
0,2912,0
1,26144032,0
0,512,0
1,26147848,0
0,2912,0
1,26144304,0
0,512,0
1,26150760,0
0,2912,0
0,512,0
1,26155720,0
0,2912,0
1,26155488,0
0,512,0
1,26154944,0
0,544,0
1,26159432,0
0,328,0
1,26159160,0
0,512,0
1,26160680,0
0,26208,0
1,26159760,0
0,512,0
1,26186888,0
0,2119936,0
0,512,0
1,28308344,0
0,176,0
1,26160032,0
0,544,0
1,28307472,0
0,328,0
1,28307200,0
0,512,0
1,28308872,0
0,2912,0
1,28307800,0
0,512,0
1,28311784,0
0,2912,0
1,28308072,0
0,512,0
1,28314696,0
0,2912,0
1,28308520,0
0,512,0
1,28317608,0
0,2912,0
1,28321856,0
0,512,0
1,28349256,0
0,176,0
1,28321312,0
0,544,0
1,28322448,0
0,328,0
1,28322176,0
0,512,0
1,28322776,0
0,26208,0
0,512,0
1,28351032,0
0,2119936,0
1,28349976,0
0,512,0
1,30474424,0
0,176,0
1,28349432,0
0,544,0
1,28350624,0
0,328,0
1,28350352,0
0,512,0
1,30470968,0
0,2912,0
0,512,0
1,30475928,0
0,2912,0
1,30474152,0
0,512,0
1,30478840,0
0,2912,0
1,30474600,0
0,512,0
1,30481752,0
0,2912,0
1,30485752,0
0,512,0
1,30513192,0
0,176,0
1,30485208,0
0,544,0
1,30486344,0
0,328,0
1,30486072,0
0,512,0
1,30486712,0
0,26208,0
0,512,0
1,30514968,0
0,2119936,0
1,30513912,0
0,512,0
1,32635776,0
0,176,0
1,30513368,0
0,544,0
1,32634904,0
0,328,0
1,30514616,0
0,512,0
1,32636952,0
0,2912,0
1,32635232,0
0,512,0
1,32639864,0
0,2912,0
1,32635504,0
0,512,0
1,32642776,0
0,2912,0
1,32635952,0
0,512,0
1,32645688,0
0,2912,0
1,32649272,0
0,512,0
1,32650464,0
0,176,0
1,32648728,0
0,544,0
1,32649864,0
0,328,0
1,32649592,0
0,512,0
1,32650648,0
0,26208,0
1,32650192,0
0,512,0
1,32676856,0
0,2119936,0
1,34797336,0
0,512,0
1,34798584,0
0,176,0
1,34796792,0
0,544,0
1,34797984,0
0,328,0
1,34797712,0
0,512,0
1,34798840,0
0,2912,0
1,34798312,0
0,512,0
1,34801752,0
0,2912,0
0,512,0
1,34806712,0
0,2912,0
1,34804936,0
0,512,0
1,34809624,0
0,2912,0
1,34806544,0
0,512,0
1,34813936,0
0,176,0
1,34806000,0
0,544,0
1,34813336,0
0,328,0
1,34813064,0
0,512,0
1,34814584,0
0,26208,0
1,34813664,0
0,512,0
1,34840792,0
0,2119936,0
1,34806576,0
0,512,0
1,34814368,0
0,176,0
1,36960728,0
0,544,0
1,36961544,0
0,328,0
1,36961272,0
0,512,0
1,36962776,0
0,2912,0
1,36961872,0
0,512,0
1,36965688,0
0,2912,0
1,36962144,0
0,512,0
1,36968600,0
0,2912,0
1,36962416,0
0,512,0
1,36971512,0
0,2912,0
1,36976880,0
0,512,0
1,37004280,0
0,176,0
1,36976336,0
0,544,0
1,36977472,0
0,328,0
1,36977200,0
0,512,0
1,36977800,0
0,26208,0
0,512,0
1,37006056,0
0,2119936,0
1,37005000,0
0,512,0
1,39129448,0
0,176,0
1,37004456,0
0,544,0
1,37005648,0
0,328,0
1,37005376,0
0,512,0
1,39125992,0
0,2912,0
0,512,0
1,39130952,0
0,2912,0
1,39129176,0
0,512,0
1,39133864,0
0,2912,0
1,39129624,0
0,512,0
1,39136776,0
0,2912,0
1,39130688,0
0,512,0
1,39139688,0
0,544,0
1,39140704,0
0,328,0
1,39140432,0
0,512,0
1,39141736,0
0,26208,0
1,39141032,0
0,512,0
1,39167944,0
0,2119936,0
1,39141304,0
0,512,0
1,41295752,0
0,176,0
1,41287880,0
0,544,0
1,41289024,0
0,328,0
1,41288752,0
0,512,0
1,41289928,0
0,2912,0
1,41289352,0
0,512,0
1,41292840,0
0,2912,0
1,41289624,0
0,512,0
1,41297800,0
0,2912,0
1,41295928,0
0,512,0
1,41300712,0
0,2912,0
1,41297536,0
0,512,0
1,41296992,0
0,544,0
1,41304096,0
0,328,0
1,41303824,0
0,512,0
1,41305672,0
0,26208,0
1,41304424,0
0,512,0
1,41331880,0
0,2119936,0
1,41305240,0
0,512,0
1,43452960,0
0,176,0
1,41304696,0
0,544,0
1,43452088,0
0,328,0
1,43451816,0
0,512,0
1,43453864,0
0,2912,0
1,43452416,0
0,512,0
1,43456776,0
0,2912,0
1,43452688,0
0,512,0
1,43459688,0
0,2912,0
1,43453136,0
0,512,0
1,43462600,0
0,2912,0
1,43467520,0
0,512,0
1,43495248,0
0,176,0
1,43466976,0
0,544,0
1,43468440,0
0,328,0
1,43468168,0
0,512,0
1,43468768,0
0,26208,0
0,512,0
1,43497024,0
0,2119936,0
1,43495968,0
0,512,0
1,45620416,0
0,176,0
1,43495424,0
0,544,0
1,43496616,0
0,328,0
1,43496344,0
0,512,0
1,45616960,0
0,2912,0
0,512,0
1,45621920,0
0,2912,0
1,45620144,0
0,512,0
1,45624832,0
0,2912,0
1,45620592,0
0,512,0
1,45627744,0
0,2912,0
1,45631328,0
0,512,0
1,45632520,0
0,176,0
1,45630784,0
0,544,0
1,45631920,0
0,328,0
1,45631648,0
0,512,0
1,45632704,0
0,26208,0
1,45632248,0
0,512,0
1,45658912,0
0,2119936,0
1,47779392,0
0,512,0
1,47780640,0
0,176,0
1,47778848,0
0,544,0
1,47780040,0
0,328,0
1,47779768,0
0,512,0
1,47780896,0
0,2912,0
1,47780368,0
0,512,0
1,47783808,0
0,2912,0
0,512,0
1,47788768,0
0,2912,0
1,47786992,0
0,512,0
1,47791680,0
0,2912,0
1,47788600,0
0,512,0
1,47795664,0
0,176,0
1,47788056,0
0,544,0
1,47795064,0
0,328,0
1,47794792,0
0,512,0
1,47796640,0
0,26208,0
1,47795392,0
0,512,0
1,47822848,0
0,2119936,0
1,47788632,0
0,512,0
1,49944256,0
0,176,0
1,47795840,0
0,544,0
1,49943384,0
0,328,0
1,49943112,0
0,512,0
1,49944832,0
0,2912,0
1,49943712,0
0,512,0
1,49947744,0
0,2912,0
1,49943984,0
0,512,0
1,49950656,0
0,2912,0
1,49944432,0
0,512,0
1,49953568,0
0,2912,0
1,49958488,0
0,512,0
1,49985888,0
0,176,0
1,49957944,0
0,544,0
1,49959080,0
0,328,0
1,49958808,0
0,512,0
1,49959408,0
0,26208,0
0,512,0
1,49987664,0
0,2119936,0
1,49986608,0
0,512,0
1,52111056,0
0,176,0
1,49986064,0
0,544,0
1,49987256,0
0,328,0
1,49986984,0
0,512,0
1,52107600,0
0,2912,0
0,512,0
1,52112560,0
0,2912,0
1,52110784,0
0,512,0
1,52115472,0
0,2912,0
1,52111232,0
0,512,0
1,52118384,0
0,2912,0
1,52112296,0
0,512,0
1,52121296,0
0,544,0
1,52122640,0
0,328,0
1,52122368,0
0,512,0
1,52123344,0
0,26208,0
1,52122968,0
0,512,0
1,52149552,0
0,2119936,0
1,54270032,0
0,512,0
1,54271280,0
0,176,0
1,54269488,0
0,544,0
1,54270680,0
0,328,0
1,54270408,0
0,512,0
1,54271536,0
0,2912,0
1,54271008,0
0,512,0
1,54274448,0
0,2912,0
0,512,0
1,54279408,0
0,2912,0
1,54277632,0
0,512,0
1,54282320,0
0,2912,0
1,54279024,0
0,512,0
1,54286648,0
0,176,0
1,54285232,0
0,544,0
1,54286048,0
0,328,0
1,54285776,0
0,512,0
1,54287280,0
0,26208,0
1,54286376,0
0,512,0
1,54313488,0
0,2119936,0
1,54286824,0
0,512,0
1,56435112,0
0,176,0
1,56433424,0
0,544,0
1,56434240,0
0,328,0
1,56433968,0
0,512,0
1,56435472,0
0,2912,0
1,56434568,0
0,512,0
1,56438384,0
0,2912,0
1,56434840,0
0,512,0
1,56441296,0
0,2912,0
0,512,0
1,56446256,0
0,2912,0
1,56445944,0
0,512,0
1,56449168,0
0,544,0
1,56450184,0
0,328,0
1,56449912,0
0,512,0
1,56451216,0
0,26208,0
1,56450512,0
0,512,0
1,56477424,0
0,2119936,0
1,56450784,0
0,512,0
1,58605232,0
0,176,0
1,58597360,0
0,544,0
1,58598504,0
0,328,0
1,58598232,0
0,512,0
1,58599408,0
0,2912,0
1,58598832,0
0,512,0
1,58602320,0
0,2912,0
1,58599104,0
0,512,0
1,58607280,0
0,2912,0
1,58605408,0
0,512,0
1,58610192,0
0,2912,0
1,58607016,0
0,512,0
1,58606472,0
0,544,0
1,58613576,0
0,328,0
1,58613304,0
0,512,0
1,58615152,0
0,26208,0
1,58613904,0
0,512,0
1,58641360,0
0,2981888,0
1,58614720,0
0,512,0
1,61624392,0
0,176,0
1,58614176,0
0,544,0
1,61623520,0
0,328,0
1,61623248,0
0,512,0
1,61625296,0
0,4096,0
1,61623848,0
0,512,0
1,61629392,0
0,4096,0
1,61624120,0
0,512,0
1,61633488,0
0,4096,0
1,61624568,0
0,512,0
1,61637584,0
0,4096,0
1,61624840,0
0,512,0
1,61641680,0
0,544,0
1,61642496,0
0,328,0
1,61642224,0
0,512,0
1,61643728,0
0,2981888,0
1,64626288,0
0,512,0
1,64636128,0
0,176,0
1,64625744,0
0,544,0
1,64626936,0
0,328,0
1,64626664,0
0,512,0
1,64627664,0
0,4096,0
1,64627264,0
0,512,0
1,64631760,0
0,4096,0
0,512,0
1,64637904,0
0,4096,0
1,64636304,0
0,512,0
1,64642000,0
0,4096,0
0,512,0
1,64647616,0
0,176,0
1,64637248,0
0,544,0
1,64647016,0
0,328,0
1,64646744,0
0,512,0
1,64648144,0
0,36864,0
1,64647344,0
0,512,0
1,64685008,0
0,6291456,0
1,64647792,0
0,512,0
1,70976464,0
0,544,0
1,70977536,0
0,328,0
1,70977264,0
0,512,0
1,70978512,0
0,6144,0
1,70977864,0
0,512,0
1,70984656,0
0,6144,0
1,70978136,0
0,512,0
1,70990800,0
0,6144,0
0,512,0
1,70998992,0
0,6144,0
1,23978856,0
0,512,0
1,23980048,0
0,176,0
1,23978312,0
0,544,0
1,23979448,0
0,328,0
1,23979176,0
0,512,0
1,71010768,0
0,55296,0
1,23979776,0
0,512,0
1,71066064,0
0,12582912,0
1,23980768,0
0,512,0
1,23980224,0
0,544,0
1,70998616,0
0,328,0
1,70998344,0
0,512,0
1,83648976,0
0,8192,0
0,512,0
1,83659216,0
0,8192,0
1,83657440,0
0,512,0
1,83667408,0
0,8192,0
1,83657712,0
0,512,0
1,83675600,0
0,8192,0
1,83685128,0
0,512,0
1,83684584,0
0,544,0
1,83685656,0
0,328,0
1,83685384,0
0,512,0
1,83685984,0
0,8192000,0
0,512,0
1,91880032,0
0,4000,0
