25246932.483	/home/tmp/lucy/apache-lucy-0.6.2/c/sample/mail_index/snapshot_1.json	0	93
25246932.483	/home/tmp/lucy/apache-lucy-0.6.2/c/sample/mail_index/schema_1.json	0	242
25246932.483	/home/tmp/lucy/apache-lucy-0.6.2/c/sample/mail_index/seg_1/cfmeta.json	0	804
25246932.483	/home/tmp/lucy/apache-lucy-0.6.2/c/sample/mail_index/seg_1/segmeta.json	0	400
25246932.483	/home/tmp/lucy/apache-lucy-0.6.2/c/sample/mail_index/seg_1/cf.dat	1484142352	82440
25246932.483	/home/tmp/lucy/apache-lucy-0.6.2/c/sample/mail_index/seg_1/cf.dat	1484003581	1024
25246932.483	/home/tmp/lucy/apache-lucy-0.6.2/c/sample/mail_index/seg_1/cf.dat	1483858280	6
25246932.483	/home/tmp/lucy/apache-lucy-0.6.2/c/sample/mail_index/seg_1/cf.dat	1484077430	1024
25246932.483	/home/tmp/lucy/apache-lucy-0.6.2/c/sample/mail_index/seg_1/cf.dat	1483858280	6
25246932.483	/home/tmp/lucy/apache-lucy-0.6.2/c/sample/mail_index/seg_1/cf.dat	1484109146	1024
25246932.483	/home/tmp/lucy/apache-lucy-0.6.2/c/sample/mail_index/seg_1/cf.dat	1483858280	3
25246932.483	/home/tmp/lucy/apache-lucy-0.6.2/c/sample/mail_index/seg_1/cf.dat	1484093607	1024
25246932.483	/home/tmp/lucy/apache-lucy-0.6.2/c/sample/mail_index/seg_1/cf.dat	1483858280	5
25246932.483	/home/tmp/lucy/apache-lucy-0.6.2/c/sample/mail_index/seg_1/cf.dat	1484085365	1024
25246932.483	/home/tmp/lucy/apache-lucy-0.6.2/c/sample/mail_index/seg_1/cf.dat	1483858280	18
25246932.483	/home/tmp/lucy/apache-lucy-0.6.2/c/sample/mail_index/seg_1/cf.dat	1484081378	1024
25246932.483	/home/tmp/lucy/apache-lucy-0.6.2/c/sample/mail_index/seg_1/cf.dat	1483858280	8
25246932.483	/home/tmp/lucy/apache-lucy-0.6.2/c/sample/mail_index/seg_1/cf.dat	1484079255	1024
25246932.483	/home/tmp/lucy/apache-lucy-0.6.2/c/sample/mail_index/seg_1/cf.dat	1483858280	8
25246932.483	/home/tmp/lucy/apache-lucy-0.6.2/c/sample/mail_index/seg_1/cf.dat	1484080297	1024
25246932.483	/home/tmp/lucy/apache-lucy-0.6.2/c/sample/mail_index/seg_1/cf.dat	1483858280	13
25246932.483	/home/tmp/lucy/apache-lucy-0.6.2/c/sample/mail_index/seg_1/cf.dat	1484079718	1024
25246932.483	/home/tmp/lucy/apache-lucy-0.6.2/c/sample/mail_index/seg_1/cf.dat	1483858280	11
25246932.483	/home/tmp/lucy/apache-lucy-0.6.2/c/sample/mail_index/seg_1/cf.dat	1483858280	18
25246932.483	/home/tmp/lucy/apache-lucy-0.6.2/c/sample/mail_index/seg_1/cf.dat	1483858280	11
25246932.483	/home/tmp/lucy/apache-lucy-0.6.2/c/sample/mail_index/seg_1/cf.dat	1483858280	13
25246932.483	/home/tmp/lucy/apache-lucy-0.6.2/c/sample/mail_index/seg_1/cf.dat	1483858280	9
25246932.483	/home/tmp/lucy/apache-lucy-0.6.2/c/sample/mail_index/seg_1/cf.dat	1483858280	9
25246932.483	/home/tmp/lucy/apache-lucy-0.6.2/c/sample/mail_index/seg_1/cf.dat	1479787528	1024
25246932.483	/home/tmp/lucy/apache-lucy-0.6.2/c/sample/mail_index/seg_1/cf.dat	1463004360	17
25246932.483	/home/tmp/lucy/apache-lucy-0.6.2/c/sample/mail_index/seg_1/cf.dat	1463004360	14
25246932.483	/home/tmp/lucy/apache-lucy-0.6.2/c/sample/mail_index/seg_1/cf.dat	1463004360	1
25246932.483	/home/tmp/lucy/apache-lucy-0.6.2/c/sample/mail_index/seg_1/cf.dat	1463004360	16
25246932.483	/home/tmp/lucy/apache-lucy-0.6.2/c/sample/mail_index/seg_1/cf.dat	1463004360	11
25246932.483	/home/tmp/lucy/apache-lucy-0.6.2/c/sample/mail_index/seg_1/cf.dat	1463004360	3
25246932.483	/home/tmp/lucy/apache-lucy-0.6.2/c/sample/mail_index/seg_1/cf.dat	1463004360	6
25246932.483	/home/tmp/lucy/apache-lucy-0.6.2/c/sample/mail_index/seg_1/cf.dat	1463004360	4
25246932.483	/home/tmp/lucy/apache-lucy-0.6.2/c/sample/mail_index/seg_1/cf.dat	1463004360	3
25246932.483	/home/tmp/lucy/apache-lucy-0.6.2/c/sample/mail_index/seg_1/cf.dat	1463004360	6
25246932.483	/home/tmp/lucy/apache-lucy-0.6.2/c/sample/mail_index/seg_1/cf.dat	1463004360	9
25246932.483	/home/tmp/lucy/apache-lucy-0.6.2/c/sample/mail_index/seg_1/cf.dat	1463004360	6
25246932.483	/home/tmp/lucy/apache-lucy-0.6.2/c/sample/mail_index/seg_1/cf.dat	1463004360	8
25246932.483	/home/tmp/lucy/apache-lucy-0.6.2/c/sample/mail_index/seg_1/cf.dat	1463004360	1
25246932.483	/home/tmp/lucy/apache-lucy-0.6.2/c/sample/mail_index/seg_1/cf.dat	1463004360	1
25246932.483	/home/tmp/lucy/apache-lucy-0.6.2/c/sample/mail_index/seg_1/cf.dat	1463004360	1
25246932.483	/home/tmp/lucy/apache-lucy-0.6.2/c/sample/mail_index/seg_1/cf.dat	1463004360	2
25246932.483	/home/tmp/lucy/apache-lucy-0.6.2/c/sample/mail_index/seg_1/cf.dat	1463004360	4
25246932.483	/home/tmp/lucy/apache-lucy-0.6.2/c/sample/mail_index/seg_1/cf.dat	1463004360	2
25246932.483	/home/tmp/lucy/apache-lucy-0.6.2/c/sample/mail_index/seg_1/cf.dat	1463004360	3
25246932.483	/home/tmp/lucy/apache-lucy-0.6.2/c/sample/mail_index/seg_1/cf.dat	1463004360	10
25246932.483	/home/tmp/lucy/apache-lucy-0.6.2/c/sample/mail_index/seg_1/cf.dat	1463004360	9
25246932.483	/home/tmp/lucy/apache-lucy-0.6.2/c/sample/mail_index/seg_1/cf.dat	1463004360	2
25246932.483	/home/tmp/lucy/apache-lucy-0.6.2/c/sample/mail_index/seg_1/cf.dat	1463004360	1
25246932.483	/home/tmp/lucy/apache-lucy-0.6.2/c/sample/mail_index/seg_1/cf.dat	1463004360	1
25246932.483	/home/tmp/lucy/apache-lucy-0.6.2/c/sample/mail_index/seg_1/cf.dat	1463004360	4
25246932.483	/home/tmp/lucy/apache-lucy-0.6.2/c/sample/mail_index/seg_1/cf.dat	1463004360	2
25246932.483	/home/tmp/lucy/apache-lucy-0.6.2/c/sample/mail_index/seg_1/cf.dat	1463004360	4
25246932.483	/home/tmp/lucy/apache-lucy-0.6.2/c/sample/mail_index/seg_1/cf.dat	1463004360	2
25246932.483	/home/tmp/lucy/apache-lucy-0.6.2/c/sample/mail_index/seg_1/cf.dat	1463004360	3
25246932.483	/home/tmp/lucy/apache-lucy-0.6.2/c/sample/mail_index/seg_1/cf.dat	1463004360	1
25246932.483	/home/tmp/lucy/apache-lucy-0.6.2/c/sample/mail_index/seg_1/cf.dat	1463004360	2
25246932.483	/home/tmp/lucy/apache-lucy-0.6.2/c/sample/mail_index/seg_1/cf.dat	1463004360	7
25246932.483	/home/tmp/lucy/apache-lucy-0.6.2/c/sample/mail_index/seg_1/cf.dat	1463004360	5
25246932.483	/home/tmp/lucy/apache-lucy-0.6.2/c/sample/mail_index/seg_1/cf.dat	1463004360	1
25246932.483	/home/tmp/lucy/apache-lucy-0.6.2/c/sample/mail_index/seg_1/cf.dat	1463004360	6
25246932.483	/home/tmp/lucy/apache-lucy-0.6.2/c/sample/mail_index/seg_1/cf.dat	1463004360	6
25246932.483	/home/tmp/lucy/apache-lucy-0.6.2/c/sample/mail_index/seg_1/cf.dat	1463004360	6
25246932.483	/home/tmp/lucy/apache-lucy-0.6.2/c/sample/mail_index/seg_1/cf.dat	1463004360	3
25246932.483	/home/tmp/lucy/apache-lucy-0.6.2/c/sample/mail_index/seg_1/cf.dat	1463004360	1
25246932.483	/home/tmp/lucy/apache-lucy-0.6.2/c/sample/mail_index/seg_1/cf.dat	1463004360	7
25246932.483	/home/tmp/lucy/apache-lucy-0.6.2/c/sample/mail_index/seg_1/cf.dat	1463004360	4
25246932.483	/home/tmp/lucy/apache-lucy-0.6.2/c/sample/mail_index/seg_1/cf.dat	1463004360	1
25246932.483	/home/tmp/lucy/apache-lucy-0.6.2/c/sample/mail_index/seg_1/cf.dat	1463004360	7
25246932.483	/home/tmp/lucy/apache-lucy-0.6.2/c/sample/mail_index/seg_1/cf.dat	1463004360	3
25246932.483	/home/tmp/lucy/apache-lucy-0.6.2/c/sample/mail_index/seg_1/cf.dat	1463004360	1
25246932.483	/home/tmp/lucy/apache-lucy-0.6.2/c/sample/mail_index/seg_1/cf.dat	1463004360	1
25246932.483	/home/tmp/lucy/apache-lucy-0.6.2/c/sample/mail_index/seg_1/cf.dat	1463004360	6
25246932.483	/home/tmp/lucy/apache-lucy-0.6.2/c/sample/mail_index/seg_1/cf.dat	1463004360	10
25246932.483	/home/tmp/lucy/apache-lucy-0.6.2/c/sample/mail_index/seg_1/cf.dat	1463004360	6
25246932.483	/home/tmp/lucy/apache-lucy-0.6.2/c/sample/mail_index/seg_1/cf.dat	1463004360	7
25246932.483	/home/tmp/lucy/apache-lucy-0.6.2/c/sample/mail_index/seg_1/cf.dat	1463004360	4
25246932.483	/home/tmp/lucy/apache-lucy-0.6.2/c/sample/mail_index/seg_1/cf.dat	1463004360	5
25246932.483	/home/tmp/lucy/apache-lucy-0.6.2/c/sample/mail_index/seg_1/cf.dat	1463004360	7
25246932.483	/home/tmp/lucy/apache-lucy-0.6.2/c/sample/mail_index/seg_1/cf.dat	1463004360	4
25246932.483	/home/tmp/lucy/apache-lucy-0.6.2/c/sample/mail_index/seg_1/cf.dat	1463004360	1
25246932.483	/home/tmp/lucy/apache-lucy-0.6.2/c/sample/mail_index/seg_1/cf.dat	1463004360	1
25246932.483	/home/tmp/lucy/apache-lucy-0.6.2/c/sample/mail_index/seg_1/cf.dat	1463004360	2
25246932.483	/home/tmp/lucy/apache-lucy-0.6.2/c/sample/mail_index/seg_1/cf.dat	1463004360	1
25246932.483	/home/tmp/lucy/apache-lucy-0.6.2/c/sample/mail_index/seg_1/cf.dat	1463004360	1
25246932.483	/home/tmp/lucy/apache-lucy-0.6.2/c/sample/mail_index/seg_1/cf.dat	1463004360	8
25246932.483	/home/tmp/lucy/apache-lucy-0.6.2/c/sample/mail_index/seg_1/cf.dat	1463004360	5
25246932.483	/home/tmp/lucy/apache-lucy-0.6.2/c/sample/mail_index/seg_1/cf.dat	1463004360	9
25246932.483	/home/tmp/lucy/apache-lucy-0.6.2/c/sample/mail_index/seg_1/cf.dat	1463004360	6
25246932.483	/home/tmp/lucy/apache-lucy-0.6.2/c/sample/mail_index/seg_1/cf.dat	1463004360	4
25246932.483	/home/tmp/lucy/apache-lucy-0.6.2/c/sample/mail_index/seg_1/cf.dat	1463004360	4
25246932.483	/home/tmp/lucy/apache-lucy-0.6.2/c/sample/mail_index/seg_1/cf.dat	1463004360	6
25246932.483	/home/tmp/lucy/apache-lucy-0.6.2/c/sample/mail_index/seg_1/cf.dat	1463004360	10
25246932.483	/home/tmp/lucy/apache-lucy-0.6.2/c/sample/mail_index/seg_1/cf.dat	1463004360	9
25246932.483	/home/tmp/lucy/apache-lucy-0.6.2/c/sample/mail_index/seg_1/cf.dat	1463004360	4
25246932.483	/home/tmp/lucy/apache-lucy-0.6.2/c/sample/mail_index/seg_1/cf.dat	1463004360	2
25246932.483	/home/tmp/lucy/apache-lucy-0.6.2/c/sample/mail_index/seg_1/cf.dat	1463004360	3
25246932.483	/home/tmp/lucy/apache-lucy-0.6.2/c/sample/mail_index/seg_1/cf.dat	1463004360	2
25246932.483	/home/tmp/lucy/apache-lucy-0.6.2/c/sample/mail_index/seg_1/cf.dat	1463004360	3
25246932.483	/home/tmp/lucy/apache-lucy-0.6.2/c/sample/mail_index/seg_1/cf.dat	1463004360	1
25246932.483	/home/tmp/lucy/apache-lucy-0.6.2/c/sample/mail_index/seg_1/cf.dat	1463004360	5
25246932.483	/home/tmp/lucy/apache-lucy-0.6.2/c/sample/mail_index/seg_1/cf.dat	1463004360	2
25246932.483	/home/tmp/lucy/apache-lucy-0.6.2/c/sample/mail_index/seg_1/cf.dat	1463004360	2
25246932.483	/home/tmp/lucy/apache-lucy-0.6.2/c/sample/mail_index/seg_1/cf.dat	1463004360	3
25246932.483	/home/tmp/lucy/apache-lucy-0.6.2/c/sample/mail_index/seg_1/cf.dat	1463004360	1
25246932.483	/home/tmp/lucy/apache-lucy-0.6.2/c/sample/mail_index/seg_1/cf.dat	1463004360	1
25246932.483	/home/tmp/lucy/apache-lucy-0.6.2/c/sample/mail_index/seg_1/cf.dat	1463004360	2
25246932.483	/home/tmp/lucy/apache-lucy-0.6.2/c/sample/mail_index/seg_1/cf.dat	1463004360	8
25246932.483	/home/tmp/lucy/apache-lucy-0.6.2/c/sample/mail_index/seg_1/cf.dat	1463004360	5
25246932.483	/home/tmp/lucy/apache-lucy-0.6.2/c/sample/mail_index/seg_1/cf.dat	1463004360	7
25246932.483	/home/tmp/lucy/apache-lucy-0.6.2/c/sample/mail_index/seg_1/cf.dat	1463004360	4
25246932.483	/home/tmp/lucy/apache-lucy-0.6.2/c/sample/mail_index/seg_1/cf.dat	1463004360	2
25246932.483	/home/tmp/lucy/apache-lucy-0.6.2/c/sample/mail_index/seg_1/cf.dat	1463004360	1
25246932.483	/home/tmp/lucy/apache-lucy-0.6.2/c/sample/mail_index/seg_1/cf.dat	1463004360	1
25246932.483	/home/tmp/lucy/apache-lucy-0.6.2/c/sample/mail_index/seg_1/cf.dat	1463004360	2
25246932.483	/home/tmp/lucy/apache-lucy-0.6.2/c/sample/mail_index/seg_1/cf.dat	1463004360	7
25246932.483	/home/tmp/lucy/apache-lucy-0.6.2/c/sample/mail_index/seg_1/cf.dat	1463004360	1
25246932.483	/home/tmp/lucy/apache-lucy-0.6.2/c/sample/mail_index/seg_1/cf.dat	1463004360	5
25246932.483	/home/tmp/lucy/apache-lucy-0.6.2/c/sample/mail_index/seg_1/cf.dat	1463004360	1
25246932.483	/home/tmp/lucy/apache-lucy-0.6.2/c/sample/mail_index/seg_1/cf.dat	1463004360	1
25246932.483	/home/tmp/lucy/apache-lucy-0.6.2/c/sample/mail_index/seg_1/cf.dat	1463004360	15
25246932.483	/home/tmp/lucy/apache-lucy-0.6.2/c/sample/mail_index/seg_1/cf.dat	1463004360	1
25246932.483	/home/tmp/lucy/apache-lucy-0.6.2/c/sample/mail_index/seg_1/cf.dat	1484003581	1024
25246932.483	/home/tmp/lucy/apache-lucy-0.6.2/c/sample/mail_index/seg_1/cf.dat	1483858280	6
25246932.483	/home/tmp/lucy/apache-lucy-0.6.2/c/sample/mail_index/seg_1/cf.dat	1484077430	1024
25246932.483	/home/tmp/lucy/apache-lucy-0.6.2/c/sample/mail_index/seg_1/cf.dat	1483858280	6
25246932.483	/home/tmp/lucy/apache-lucy-0.6.2/c/sample/mail_index/seg_1/cf.dat	1484109146	1024
25246932.483	/home/tmp/lucy/apache-lucy-0.6.2/c/sample/mail_index/seg_1/cf.dat	1483858280	3
25246932.483	/home/tmp/lucy/apache-lucy-0.6.2/c/sample/mail_index/seg_1/cf.dat	1484093607	1024
25246932.483	/home/tmp/lucy/apache-lucy-0.6.2/c/sample/mail_index/seg_1/cf.dat	1483858280	5
25246932.483	/home/tmp/lucy/apache-lucy-0.6.2/c/sample/mail_index/seg_1/cf.dat	1484085365	1024
25246932.483	/home/tmp/lucy/apache-lucy-0.6.2/c/sample/mail_index/seg_1/cf.dat	1483858280	18
25246932.483	/home/tmp/lucy/apache-lucy-0.6.2/c/sample/mail_index/seg_1/cf.dat	1484081378	1024
25246932.483	/home/tmp/lucy/apache-lucy-0.6.2/c/sample/mail_index/seg_1/cf.dat	1483858280	8
25246932.483	/home/tmp/lucy/apache-lucy-0.6.2/c/sample/mail_index/seg_1/cf.dat	1484079255	1024
25246932.483	/home/tmp/lucy/apache-lucy-0.6.2/c/sample/mail_index/seg_1/cf.dat	1483858280	8
25246932.483	/home/tmp/lucy/apache-lucy-0.6.2/c/sample/mail_index/seg_1/cf.dat	1484080297	1024
25246932.483	/home/tmp/lucy/apache-lucy-0.6.2/c/sample/mail_index/seg_1/cf.dat	1483858280	13
25246932.484	/home/tmp/lucy/apache-lucy-0.6.2/c/sample/mail_index/seg_1/cf.dat	1484079718	1024
25246932.484	/home/tmp/lucy/apache-lucy-0.6.2/c/sample/mail_index/seg_1/cf.dat	1483858280	11
25246932.484	/home/tmp/lucy/apache-lucy-0.6.2/c/sample/mail_index/seg_1/cf.dat	1483858280	18
25246932.484	/home/tmp/lucy/apache-lucy-0.6.2/c/sample/mail_index/seg_1/cf.dat	1483858280	11
25246932.484	/home/tmp/lucy/apache-lucy-0.6.2/c/sample/mail_index/seg_1/cf.dat	1483858280	13
25246932.484	/home/tmp/lucy/apache-lucy-0.6.2/c/sample/mail_index/seg_1/cf.dat	1483858280	9
25246932.484	/home/tmp/lucy/apache-lucy-0.6.2/c/sample/mail_index/seg_1/cf.dat	1483858280	9
25246932.484	/home/tmp/lucy/apache-lucy-0.6.2/c/sample/mail_index/seg_1/cf.dat	1463004360	17
25246932.484	/home/tmp/lucy/apache-lucy-0.6.2/c/sample/mail_index/seg_1/cf.dat	1463004360	14
25246932.484	/home/tmp/lucy/apache-lucy-0.6.2/c/sample/mail_index/seg_1/cf.dat	1463004360	1
25246932.484	/home/tmp/lucy/apache-lucy-0.6.2/c/sample/mail_index/seg_1/cf.dat	1463004360	16
25246932.484	/home/tmp/lucy/apache-lucy-0.6.2/c/sample/mail_index/seg_1/cf.dat	1463004360	11
25246932.484	/home/tmp/lucy/apache-lucy-0.6.2/c/sample/mail_index/seg_1/cf.dat	1463004360	3
25246932.484	/home/tmp/lucy/apache-lucy-0.6.2/c/sample/mail_index/seg_1/cf.dat	1463004360	6
25246932.484	/home/tmp/lucy/apache-lucy-0.6.2/c/sample/mail_index/seg_1/cf.dat	1463004360	4
25246932.484	/home/tmp/lucy/apache-lucy-0.6.2/c/sample/mail_index/seg_1/cf.dat	1463004360	3
25246932.484	/home/tmp/lucy/apache-lucy-0.6.2/c/sample/mail_index/seg_1/cf.dat	1463004360	6
25246932.484	/home/tmp/lucy/apache-lucy-0.6.2/c/sample/mail_index/seg_1/cf.dat	1463004360	9
25246932.484	/home/tmp/lucy/apache-lucy-0.6.2/c/sample/mail_index/seg_1/cf.dat	1463004360	6
25246932.484	/home/tmp/lucy/apache-lucy-0.6.2/c/sample/mail_index/seg_1/cf.dat	1463004360	8
25246932.484	/home/tmp/lucy/apache-lucy-0.6.2/c/sample/mail_index/seg_1/cf.dat	1463004360	1
25246932.484	/home/tmp/lucy/apache-lucy-0.6.2/c/sample/mail_index/seg_1/cf.dat	1463004360	1
25246932.484	/home/tmp/lucy/apache-lucy-0.6.2/c/sample/mail_index/seg_1/cf.dat	1463004360	1
25246932.484	/home/tmp/lucy/apache-lucy-0.6.2/c/sample/mail_index/seg_1/cf.dat	1463004360	2
25246932.484	/home/tmp/lucy/apache-lucy-0.6.2/c/sample/mail_index/seg_1/cf.dat	1463004360	4
25246932.484	/home/tmp/lucy/apache-lucy-0.6.2/c/sample/mail_index/seg_1/cf.dat	1463004360	2
25246932.484	/home/tmp/lucy/apache-lucy-0.6.2/c/sample/mail_index/seg_1/cf.dat	1463004360	3
25246932.484	/home/tmp/lucy/apache-lucy-0.6.2/c/sample/mail_index/seg_1/cf.dat	1463004360	10
25246932.484	/home/tmp/lucy/apache-lucy-0.6.2/c/sample/mail_index/seg_1/cf.dat	1463004360	9
25246932.484	/home/tmp/lucy/apache-lucy-0.6.2/c/sample/mail_index/seg_1/cf.dat	1463004360	2
25246932.484	/home/tmp/lucy/apache-lucy-0.6.2/c/sample/mail_index/seg_1/cf.dat	1463004360	1
25246932.484	/home/tmp/lucy/apache-lucy-0.6.2/c/sample/mail_index/seg_1/cf.dat	1463004360	1
25246932.484	/home/tmp/lucy/apache-lucy-0.6.2/c/sample/mail_index/seg_1/cf.dat	1463004360	4
25246932.484	/home/tmp/lucy/apache-lucy-0.6.2/c/sample/mail_index/seg_1/cf.dat	1463004360	2
25246932.484	/home/tmp/lucy/apache-lucy-0.6.2/c/sample/mail_index/seg_1/cf.dat	1463004360	4
25246932.484	/home/tmp/lucy/apache-lucy-0.6.2/c/sample/mail_index/seg_1/cf.dat	1463004360	2
25246932.484	/home/tmp/lucy/apache-lucy-0.6.2/c/sample/mail_index/seg_1/cf.dat	1463004360	3
25246932.484	/home/tmp/lucy/apache-lucy-0.6.2/c/sample/mail_index/seg_1/cf.dat	1463004360	1
25246932.484	/home/tmp/lucy/apache-lucy-0.6.2/c/sample/mail_index/seg_1/cf.dat	1463004360	2
25246932.484	/home/tmp/lucy/apache-lucy-0.6.2/c/sample/mail_index/seg_1/cf.dat	1463004360	7
25246932.484	/home/tmp/lucy/apache-lucy-0.6.2/c/sample/mail_index/seg_1/cf.dat	1463004360	5
25246932.484	/home/tmp/lucy/apache-lucy-0.6.2/c/sample/mail_index/seg_1/cf.dat	1463004360	1
25246932.484	/home/tmp/lucy/apache-lucy-0.6.2/c/sample/mail_index/seg_1/cf.dat	1463004360	6
25246932.484	/home/tmp/lucy/apache-lucy-0.6.2/c/sample/mail_index/seg_1/cf.dat	1463004360	6
25246932.484	/home/tmp/lucy/apache-lucy-0.6.2/c/sample/mail_index/seg_1/cf.dat	1463004360	6
25246932.484	/home/tmp/lucy/apache-lucy-0.6.2/c/sample/mail_index/seg_1/cf.dat	1463004360	3
25246932.484	/home/tmp/lucy/apache-lucy-0.6.2/c/sample/mail_index/seg_1/cf.dat	1463004360	1
25246932.484	/home/tmp/lucy/apache-lucy-0.6.2/c/sample/mail_index/seg_1/cf.dat	1463004360	7
25246932.484	/home/tmp/lucy/apache-lucy-0.6.2/c/sample/mail_index/seg_1/cf.dat	1463004360	4
25246932.484	/home/tmp/lucy/apache-lucy-0.6.2/c/sample/mail_index/seg_1/cf.dat	1463004360	1
25246932.484	/home/tmp/lucy/apache-lucy-0.6.2/c/sample/mail_index/seg_1/cf.dat	1463004360	7
25246932.484	/home/tmp/lucy/apache-lucy-0.6.2/c/sample/mail_index/seg_1/cf.dat	1463004360	3
25246932.484	/home/tmp/lucy/apache-lucy-0.6.2/c/sample/mail_index/seg_1/cf.dat	1463004360	1
25246932.484	/home/tmp/lucy/apache-lucy-0.6.2/c/sample/mail_index/seg_1/cf.dat	1463004360	1
25246932.484	/home/tmp/lucy/apache-lucy-0.6.2/c/sample/mail_index/seg_1/cf.dat	1463004360	6
25246932.484	/home/tmp/lucy/apache-lucy-0.6.2/c/sample/mail_index/seg_1/cf.dat	1463004360	10
25246932.484	/home/tmp/lucy/apache-lucy-0.6.2/c/sample/mail_index/seg_1/cf.dat	1463004360	6
25246932.484	/home/tmp/lucy/apache-lucy-0.6.2/c/sample/mail_index/seg_1/cf.dat	1463004360	7
25246932.484	/home/tmp/lucy/apache-lucy-0.6.2/c/sample/mail_index/seg_1/cf.dat	1463004360	4
25246932.484	/home/tmp/lucy/apache-lucy-0.6.2/c/sample/mail_index/seg_1/cf.dat	1463004360	5
25246932.484	/home/tmp/lucy/apache-lucy-0.6.2/c/sample/mail_index/seg_1/cf.dat	1463004360	7
25246932.484	/home/tmp/lucy/apache-lucy-0.6.2/c/sample/mail_index/seg_1/cf.dat	1463004360	4
25246932.484	/home/tmp/lucy/apache-lucy-0.6.2/c/sample/mail_index/seg_1/cf.dat	1463004360	1
25246932.484	/home/tmp/lucy/apache-lucy-0.6.2/c/sample/mail_index/seg_1/cf.dat	1463004360	1
25246932.484	/home/tmp/lucy/apache-lucy-0.6.2/c/sample/mail_index/seg_1/cf.dat	1463004360	2
25246932.484	/home/tmp/lucy/apache-lucy-0.6.2/c/sample/mail_index/seg_1/cf.dat	1463004360	1
25246932.484	/home/tmp/lucy/apache-lucy-0.6.2/c/sample/mail_index/seg_1/cf.dat	1463004360	1
25246932.484	/home/tmp/lucy/apache-lucy-0.6.2/c/sample/mail_index/seg_1/cf.dat	1463004360	8
25246932.484	/home/tmp/lucy/apache-lucy-0.6.2/c/sample/mail_index/seg_1/cf.dat	1463004360	5
25246932.484	/home/tmp/lucy/apache-lucy-0.6.2/c/sample/mail_index/seg_1/cf.dat	1463004360	9
25246932.484	/home/tmp/lucy/apache-lucy-0.6.2/c/sample/mail_index/seg_1/cf.dat	1463004360	6
25246932.484	/home/tmp/lucy/apache-lucy-0.6.2/c/sample/mail_index/seg_1/cf.dat	1463004360	4
25246932.484	/home/tmp/lucy/apache-lucy-0.6.2/c/sample/mail_index/seg_1/cf.dat	1463004360	4
25246932.484	/home/tmp/lucy/apache-lucy-0.6.2/c/sample/mail_index/seg_1/cf.dat	1463004360	6
25246932.484	/home/tmp/lucy/apache-lucy-0.6.2/c/sample/mail_index/seg_1/cf.dat	1463004360	10
25246932.484	/home/tmp/lucy/apache-lucy-0.6.2/c/sample/mail_index/seg_1/cf.dat	1463004360	9
25246932.484	/home/tmp/lucy/apache-lucy-0.6.2/c/sample/mail_index/seg_1/cf.dat	1463004360	4
25246932.484	/home/tmp/lucy/apache-lucy-0.6.2/c/sample/mail_index/seg_1/cf.dat	1463004360	2
25246932.484	/home/tmp/lucy/apache-lucy-0.6.2/c/sample/mail_index/seg_1/cf.dat	1463004360	3
25246932.484	/home/tmp/lucy/apache-lucy-0.6.2/c/sample/mail_index/seg_1/cf.dat	1463004360	2
25246932.484	/home/tmp/lucy/apache-lucy-0.6.2/c/sample/mail_index/seg_1/cf.dat	1463004360	3
25246932.484	/home/tmp/lucy/apache-lucy-0.6.2/c/sample/mail_index/seg_1/cf.dat	1463004360	1
25246932.484	/home/tmp/lucy/apache-lucy-0.6.2/c/sample/mail_index/seg_1/cf.dat	1463004360	5
25246932.484	/home/tmp/lucy/apache-lucy-0.6.2/c/sample/mail_index/seg_1/cf.dat	1463004360	2
25246932.484	/home/tmp/lucy/apache-lucy-0.6.2/c/sample/mail_index/seg_1/cf.dat	1463004360	2
25246932.484	/home/tmp/lucy/apache-lucy-0.6.2/c/sample/mail_index/seg_1/cf.dat	1463004360	3
25246932.484	/home/tmp/lucy/apache-lucy-0.6.2/c/sample/mail_index/seg_1/cf.dat	1463004360	1
25246932.484	/home/tmp/lucy/apache-lucy-0.6.2/c/sample/mail_index/seg_1/cf.dat	1463004360	1
25246932.484	/home/tmp/lucy/apache-lucy-0.6.2/c/sample/mail_index/seg_1/cf.dat	1463004360	2
25246932.484	/home/tmp/lucy/apache-lucy-0.6.2/c/sample/mail_index/seg_1/cf.dat	1463004360	8
25246932.484	/home/tmp/lucy/apache-lucy-0.6.2/c/sample/mail_index/seg_1/cf.dat	1463004360	5
25246932.484	/home/tmp/lucy/apache-lucy-0.6.2/c/sample/mail_index/seg_1/cf.dat	1463004360	7
25246932.484	/home/tmp/lucy/apache-lucy-0.6.2/c/sample/mail_index/seg_1/cf.dat	1463004360	4
25246932.484	/home/tmp/lucy/apache-lucy-0.6.2/c/sample/mail_index/seg_1/cf.dat	1463004360	2
25246932.484	/home/tmp/lucy/apache-lucy-0.6.2/c/sample/mail_index/seg_1/cf.dat	1463004360	1
25246932.484	/home/tmp/lucy/apache-lucy-0.6.2/c/sample/mail_index/seg_1/cf.dat	1463004360	1
25246932.484	/home/tmp/lucy/apache-lucy-0.6.2/c/sample/mail_index/seg_1/cf.dat	1463004360	2
25246932.484	/home/tmp/lucy/apache-lucy-0.6.2/c/sample/mail_index/seg_1/cf.dat	1463004360	7
25246932.484	/home/tmp/lucy/apache-lucy-0.6.2/c/sample/mail_index/seg_1/cf.dat	1463004360	1
25246932.484	/home/tmp/lucy/apache-lucy-0.6.2/c/sample/mail_index/seg_1/cf.dat	1463004360	5
25246932.484	/home/tmp/lucy/apache-lucy-0.6.2/c/sample/mail_index/seg_1/cf.dat	1463004360	1
25246932.484	/home/tmp/lucy/apache-lucy-0.6.2/c/sample/mail_index/seg_1/cf.dat	1463004360	1
25246932.484	/home/tmp/lucy/apache-lucy-0.6.2/c/sample/mail_index/seg_1/cf.dat	1463004360	15
25246932.484	/home/tmp/lucy/apache-lucy-0.6.2/c/sample/mail_index/seg_1/cf.dat	1463004360	1
25246932.484	/home/tmp/lucy/apache-lucy-0.6.2/c/sample/mail_index/seg_1/cf.dat	2024877908	1024
25246932.484	/home/tmp/lucy/apache-lucy-0.6.2/c/sample/mail_index/seg_1/cf.dat	1758079842	1024
25246932.484	/home/tmp/lucy/apache-lucy-0.6.2/c/sample/mail_index/seg_1/cf.dat	1758080843	1024
25246932.484	/home/tmp/lucy/apache-lucy-0.6.2/c/sample/mail_index/seg_1/cf.dat	1758081797	1024
25246932.484	/home/tmp/lucy/apache-lucy-0.6.2/c/sample/mail_index/seg_1/cf.dat	1758082813	1024
25246932.484	/home/tmp/lucy/apache-lucy-0.6.2/c/sample/mail_index/seg_1/cf.dat	1758083809	1024
25246932.484	/home/tmp/lucy/apache-lucy-0.6.2/c/sample/mail_index/seg_1/cf.dat	1758084822	1024
25246932.484	/home/tmp/lucy/apache-lucy-0.6.2/c/sample/mail_index/seg_1/cf.dat	1758085836	1024
25246932.484	/home/tmp/lucy/apache-lucy-0.6.2/c/sample/mail_index/seg_1/cf.dat	1758086853	1024
25246932.484	/home/tmp/lucy/apache-lucy-0.6.2/c/sample/mail_index/seg_1/cf.dat	1758087848	1024
25246932.484	/home/tmp/lucy/apache-lucy-0.6.2/c/sample/mail_index/seg_1/cf.dat	1758088860	1024
25246932.484	/home/tmp/lucy/apache-lucy-0.6.2/c/sample/mail_index/seg_1/cf.dat	1758089856	1024
25246932.484	/home/tmp/lucy/apache-lucy-0.6.2/c/sample/mail_index/seg_1/cf.dat	1758090872	1024
25246932.484	/home/tmp/lucy/apache-lucy-0.6.2/c/sample/mail_index/seg_1/cf.dat	1758091889	1024
25246932.484	/home/tmp/lucy/apache-lucy-0.6.2/c/sample/mail_index/seg_1/cf.dat	1758092894	1024
25246932.484	/home/tmp/lucy/apache-lucy-0.6.2/c/sample/mail_index/seg_1/cf.dat	1758093889	1024
25246932.484	/home/tmp/lucy/apache-lucy-0.6.2/c/sample/mail_index/seg_1/cf.dat	1758094904	1024
25246932.484	/home/tmp/lucy/apache-lucy-0.6.2/c/sample/mail_index/seg_1/cf.dat	1758095916	1024
25246932.484	/home/tmp/lucy/apache-lucy-0.6.2/c/sample/mail_index/seg_1/cf.dat	1758096922	1024
25246932.484	/home/tmp/lucy/apache-lucy-0.6.2/c/sample/mail_index/seg_1/cf.dat	1758097937	1024
25246932.484	/home/tmp/lucy/apache-lucy-0.6.2/c/sample/mail_index/seg_1/cf.dat	1758098953	1024
25246932.484	/home/tmp/lucy/apache-lucy-0.6.2/c/sample/mail_index/seg_1/cf.dat	1758099969	1024
25246932.484	/home/tmp/lucy/apache-lucy-0.6.2/c/sample/mail_index/seg_1/cf.dat	1758100983	1024
25246932.485	/home/tmp/lucy/apache-lucy-0.6.2/c/sample/mail_index/seg_1/cf.dat	1758101980	1024
25246932.485	/home/tmp/lucy/apache-lucy-0.6.2/c/sample/mail_index/seg_1/cf.dat	1758102994	1024
25246932.485	/home/tmp/lucy/apache-lucy-0.6.2/c/sample/mail_index/seg_1/cf.dat	1758104009	1024
25246932.485	/home/tmp/lucy/apache-lucy-0.6.2/c/sample/mail_index/seg_1/cf.dat	1758105024	1024
25246932.485	/home/tmp/lucy/apache-lucy-0.6.2/c/sample/mail_index/seg_1/cf.dat	1758106038	1024
25246932.485	/home/tmp/lucy/apache-lucy-0.6.2/c/sample/mail_index/seg_1/cf.dat	1758107054	1024
25246932.485	/home/tmp/lucy/apache-lucy-0.6.2/c/sample/mail_index/seg_1/cf.dat	1758108070	1024
25246932.485	/home/tmp/lucy/apache-lucy-0.6.2/c/sample/mail_index/seg_1/cf.dat	1758109082	1024
25246932.485	/home/tmp/lucy/apache-lucy-0.6.2/c/sample/mail_index/seg_1/cf.dat	1758110097	1024
25246932.485	/home/tmp/lucy/apache-lucy-0.6.2/c/sample/mail_index/seg_1/cf.dat	1758111111	1024
25246932.485	/home/tmp/lucy/apache-lucy-0.6.2/c/sample/mail_index/seg_1/cf.dat	1758112126	1024
25246932.485	/home/tmp/lucy/apache-lucy-0.6.2/c/sample/mail_index/seg_1/cf.dat	1758113141	1024
25246932.485	/home/tmp/lucy/apache-lucy-0.6.2/c/sample/mail_index/seg_1/cf.dat	1758114157	1024
25246932.485	/home/tmp/lucy/apache-lucy-0.6.2/c/sample/mail_index/seg_1/cf.dat	1758115172	1024
25246932.485	/home/tmp/lucy/apache-lucy-0.6.2/c/sample/mail_index/seg_1/cf.dat	1758116187	1024
25246932.485	/home/tmp/lucy/apache-lucy-0.6.2/c/sample/mail_index/seg_1/cf.dat	1758117170	1024
25246932.485	/home/tmp/lucy/apache-lucy-0.6.2/c/sample/mail_index/seg_1/cf.dat	1758118176	1024
25246932.485	/home/tmp/lucy/apache-lucy-0.6.2/c/sample/mail_index/seg_1/cf.dat	1758119192	1024
25246932.485	/home/tmp/lucy/apache-lucy-0.6.2/c/sample/mail_index/seg_1/cf.dat	2024878932	1024
25246932.485	/home/tmp/lucy/apache-lucy-0.6.2/c/sample/mail_index/seg_1/cf.dat	1758120203	1024
25246932.485	/home/tmp/lucy/apache-lucy-0.6.2/c/sample/mail_index/seg_1/cf.dat	1758121201	1024
25246932.485	/home/tmp/lucy/apache-lucy-0.6.2/c/sample/mail_index/seg_1/cf.dat	1758122193	1024
25246932.485	/home/tmp/lucy/apache-lucy-0.6.2/c/sample/mail_index/seg_1/cf.dat	1758123207	1024
25246932.485	/home/tmp/lucy/apache-lucy-0.6.2/c/sample/mail_index/seg_1/cf.dat	1758124190	1024
25246932.485	/home/tmp/lucy/apache-lucy-0.6.2/c/sample/mail_index/seg_1/cf.dat	1758125181	1024
25246932.485	/home/tmp/lucy/apache-lucy-0.6.2/c/sample/mail_index/seg_1/cf.dat	1758126193	1024
25246932.485	/home/tmp/lucy/apache-lucy-0.6.2/c/sample/mail_index/seg_1/cf.dat	1758127201	1024
25246932.485	/home/tmp/lucy/apache-lucy-0.6.2/c/sample/mail_index/seg_1/cf.dat	1758128211	1024
25246932.485	/home/tmp/lucy/apache-lucy-0.6.2/c/sample/mail_index/seg_1/cf.dat	1758129226	1024
25246932.486	/home/tmp/lucy/apache-lucy-0.6.2/c/sample/mail_index/seg_1/cf.dat	1758130230	1024
25246932.486	/home/tmp/lucy/apache-lucy-0.6.2/c/sample/mail_index/seg_1/cf.dat	1758131244	1024
25246932.486	/home/tmp/lucy/apache-lucy-0.6.2/c/sample/mail_index/seg_1/cf.dat	1758132258	1024
25246932.486	/home/tmp/lucy/apache-lucy-0.6.2/c/sample/mail_index/seg_1/cf.dat	1758133274	1024
25246932.486	/home/tmp/lucy/apache-lucy-0.6.2/c/sample/mail_index/seg_1/cf.dat	1758134256	1024
25246932.486	/home/tmp/lucy/apache-lucy-0.6.2/c/sample/mail_index/seg_1/cf.dat	1758135272	1024
25246932.486	/home/tmp/lucy/apache-lucy-0.6.2/c/sample/mail_index/seg_1/cf.dat	1758136054	1024
25246932.486	/home/tmp/lucy/apache-lucy-0.6.2/c/sample/mail_index/seg_1/cf.dat	1758137068	1024
25246932.486	/home/tmp/lucy/apache-lucy-0.6.2/c/sample/mail_index/seg_1/cf.dat	1758138084	1024
25246932.486	/home/tmp/lucy/apache-lucy-0.6.2/c/sample/mail_index/seg_1/cf.dat	1758139098	1024
25246932.486	/home/tmp/lucy/apache-lucy-0.6.2/c/sample/mail_index/seg_1/cf.dat	1758140103	1024
25246932.486	/home/tmp/lucy/apache-lucy-0.6.2/c/sample/mail_index/seg_1/cf.dat	1758140941	1024
25246932.486	/home/tmp/lucy/apache-lucy-0.6.2/c/sample/mail_index/seg_1/cf.dat	1758141956	1024
25246932.486	/home/tmp/lucy/apache-lucy-0.6.2/c/sample/mail_index/seg_1/cf.dat	1758142951	1024
25246932.486	/home/tmp/lucy/apache-lucy-0.6.2/c/sample/mail_index/seg_1/cf.dat	1758143961	1024
25246932.486	/home/tmp/lucy/apache-lucy-0.6.2/c/sample/mail_index/seg_1/cf.dat	1758144957	1024
25246932.486	/home/tmp/lucy/apache-lucy-0.6.2/c/sample/mail_index/seg_1/cf.dat	1758145944	1024
25246932.486	/home/tmp/lucy/apache-lucy-0.6.2/c/sample/mail_index/seg_1/cf.dat	1758146960	1024
25246932.486	/home/tmp/lucy/apache-lucy-0.6.2/c/sample/mail_index/seg_1/cf.dat	1758147971	1024
25246932.486	/home/tmp/lucy/apache-lucy-0.6.2/c/sample/mail_index/seg_1/cf.dat	1758148978	1024
25246932.486	/home/tmp/lucy/apache-lucy-0.6.2/c/sample/mail_index/seg_1/cf.dat	1758149994	1024
25246932.486	/home/tmp/lucy/apache-lucy-0.6.2/c/sample/mail_index/seg_1/cf.dat	1758151000	1024
25246932.486	/home/tmp/lucy/apache-lucy-0.6.2/c/sample/mail_index/seg_1/cf.dat	1758152016	1024
25246932.486	/home/tmp/lucy/apache-lucy-0.6.2/c/sample/mail_index/seg_1/cf.dat	1758153029	1024
25246932.486	/home/tmp/lucy/apache-lucy-0.6.2/c/sample/mail_index/seg_1/cf.dat	1758154031	1024
25246932.486	/home/tmp/lucy/apache-lucy-0.6.2/c/sample/mail_index/seg_1/cf.dat	1758155041	1024
25246932.486	/home/tmp/lucy/apache-lucy-0.6.2/c/sample/mail_index/seg_1/cf.dat	1758156055	1024
25246932.486	/home/tmp/lucy/apache-lucy-0.6.2/c/sample/mail_index/seg_1/cf.dat	1758157056	1024
25246932.486	/home/tmp/lucy/apache-lucy-0.6.2/c/sample/mail_index/seg_1/cf.dat	1758158072	1024
25246932.486	/home/tmp/lucy/apache-lucy-0.6.2/c/sample/mail_index/seg_1/cf.dat	1758159081	1024
25246932.486	/home/tmp/lucy/apache-lucy-0.6.2/c/sample/mail_index/seg_1/cf.dat	1758160095	1024
25246932.487	/home/tmp/lucy/apache-lucy-0.6.2/c/sample/mail_index/seg_1/cf.dat	1758161109	1024
25246932.487	/home/tmp/lucy/apache-lucy-0.6.2/c/sample/mail_index/seg_1/cf.dat	1758162126	1024
25246932.487	/home/tmp/lucy/apache-lucy-0.6.2/c/sample/mail_index/seg_1/cf.dat	1758163142	1024
25246932.487	/home/tmp/lucy/apache-lucy-0.6.2/c/sample/mail_index/seg_1/cf.dat	1758164157	1024
25246932.487	/home/tmp/lucy/apache-lucy-0.6.2/c/sample/mail_index/seg_1/cf.dat	2024879956	1024
25246932.487	/home/tmp/lucy/apache-lucy-0.6.2/c/sample/mail_index/seg_1/cf.dat	1758165172	1024
25246932.487	/home/tmp/lucy/apache-lucy-0.6.2/c/sample/mail_index/seg_1/cf.dat	1758166185	1024
25246932.487	/home/tmp/lucy/apache-lucy-0.6.2/c/sample/mail_index/seg_1/cf.dat	1758167198	1024
25246932.487	/home/tmp/lucy/apache-lucy-0.6.2/c/sample/mail_index/seg_1/cf.dat	1758168209	1024
25246932.487	/home/tmp/lucy/apache-lucy-0.6.2/c/sample/mail_index/seg_1/cf.dat	1758169219	1024
25246932.487	/home/tmp/lucy/apache-lucy-0.6.2/c/sample/mail_index/seg_1/cf.dat	1758170145	1024
25246932.487	/home/tmp/lucy/apache-lucy-0.6.2/c/sample/mail_index/seg_1/cf.dat	1758171162	1024
25246932.487	/home/tmp/lucy/apache-lucy-0.6.2/c/sample/mail_index/seg_1/cf.dat	1758172178	1024
25246932.487	/home/tmp/lucy/apache-lucy-0.6.2/c/sample/mail_index/seg_1/cf.dat	1758173190	1024
25246932.487	/home/tmp/lucy/apache-lucy-0.6.2/c/sample/mail_index/seg_1/cf.dat	1758174201	1024
25246932.487	/home/tmp/lucy/apache-lucy-0.6.2/c/sample/mail_index/seg_1/cf.dat	1758175216	1024
25246932.487	/home/tmp/lucy/apache-lucy-0.6.2/c/sample/mail_index/seg_1/cf.dat	1758176228	1024
25246932.487	/home/tmp/lucy/apache-lucy-0.6.2/c/sample/mail_index/seg_1/cf.dat	1758177243	1024
25246932.487	/home/tmp/lucy/apache-lucy-0.6.2/c/sample/mail_index/seg_1/cf.dat	1758178252	1024
25246932.487	/home/tmp/lucy/apache-lucy-0.6.2/c/sample/mail_index/seg_1/cf.dat	1758179269	1024
25246932.487	/home/tmp/lucy/apache-lucy-0.6.2/c/sample/mail_index/seg_1/cf.dat	1758180284	1024
25246932.487	/home/tmp/lucy/apache-lucy-0.6.2/c/sample/mail_index/seg_1/cf.dat	1758181277	1024
25246932.487	/home/tmp/lucy/apache-lucy-0.6.2/c/sample/mail_index/seg_1/cf.dat	1758182287	1024
25246932.487	/home/tmp/lucy/apache-lucy-0.6.2/c/sample/mail_index/seg_1/cf.dat	1758183303	1024
25246932.487	/home/tmp/lucy/apache-lucy-0.6.2/c/sample/mail_index/seg_1/cf.dat	1758184295	1024
25246932.487	/home/tmp/lucy/apache-lucy-0.6.2/c/sample/mail_index/seg_1/cf.dat	1758185303	1024
25246932.487	/home/tmp/lucy/apache-lucy-0.6.2/c/sample/mail_index/seg_1/cf.dat	1758186317	1024
25246932.487	/home/tmp/lucy/apache-lucy-0.6.2/c/sample/mail_index/seg_1/cf.dat	1758187331	1024
25246932.487	/home/tmp/lucy/apache-lucy-0.6.2/c/sample/mail_index/seg_1/cf.dat	1758188346	1024
25246932.488	/home/tmp/lucy/apache-lucy-0.6.2/c/sample/mail_index/seg_1/cf.dat	1758189363	1024
25246932.488	/home/tmp/lucy/apache-lucy-0.6.2/c/sample/mail_index/seg_1/cf.dat	1758190378	1024
25246932.488	/home/tmp/lucy/apache-lucy-0.6.2/c/sample/mail_index/seg_1/cf.dat	1758191380	1024
25246932.488	/home/tmp/lucy/apache-lucy-0.6.2/c/sample/mail_index/seg_1/cf.dat	1758192396	1024
25246932.488	/home/tmp/lucy/apache-lucy-0.6.2/c/sample/mail_index/seg_1/cf.dat	1758193412	1024
25246932.488	/home/tmp/lucy/apache-lucy-0.6.2/c/sample/mail_index/seg_1/cf.dat	1758194423	1024
25246932.488	/home/tmp/lucy/apache-lucy-0.6.2/c/sample/mail_index/seg_1/cf.dat	1758195439	1024
25246932.488	/home/tmp/lucy/apache-lucy-0.6.2/c/sample/mail_index/seg_1/cf.dat	1758196454	1024
25246932.488	/home/tmp/lucy/apache-lucy-0.6.2/c/sample/mail_index/seg_1/cf.dat	1758197469	1024
25246932.488	/home/tmp/lucy/apache-lucy-0.6.2/c/sample/mail_index/seg_1/cf.dat	1758198487	1024
25246932.488	/home/tmp/lucy/apache-lucy-0.6.2/c/sample/mail_index/seg_1/cf.dat	1758199503	1024
25246932.488	/home/tmp/lucy/apache-lucy-0.6.2/c/sample/mail_index/seg_1/cf.dat	1758200473	1024
25246932.488	/home/tmp/lucy/apache-lucy-0.6.2/c/sample/mail_index/seg_1/cf.dat	1758201487	1024
25246932.488	/home/tmp/lucy/apache-lucy-0.6.2/c/sample/mail_index/seg_1/cf.dat	1758202487	1024
25246932.488	/home/tmp/lucy/apache-lucy-0.6.2/c/sample/mail_index/seg_1/cf.dat	1758203494	1024
25246932.488	/home/tmp/lucy/apache-lucy-0.6.2/c/sample/mail_index/seg_1/cf.dat	1758204508	1024
25246932.488	/home/tmp/lucy/apache-lucy-0.6.2/c/sample/mail_index/seg_1/cf.dat	1758205486	1024
25246932.488	/home/tmp/lucy/apache-lucy-0.6.2/c/sample/mail_index/seg_1/cf.dat	1758206503	1024
25246932.488	/home/tmp/lucy/apache-lucy-0.6.2/c/sample/mail_index/seg_1/cf.dat	1758207518	1024
25246932.488	/home/tmp/lucy/apache-lucy-0.6.2/c/sample/mail_index/seg_1/cf.dat	2024880980	1024
25246932.488	/home/tmp/lucy/apache-lucy-0.6.2/c/sample/mail_index/seg_1/cf.dat	1758208533	1024
25246932.488	/home/tmp/lucy/apache-lucy-0.6.2/c/sample/mail_index/seg_1/cf.dat	1758209549	1024
25246932.488	/home/tmp/lucy/apache-lucy-0.6.2/c/sample/mail_index/seg_1/cf.dat	1758210549	1024
25246932.488	/home/tmp/lucy/apache-lucy-0.6.2/c/sample/mail_index/seg_1/cf.dat	1758211417	1024
25246932.488	/home/tmp/lucy/apache-lucy-0.6.2/c/sample/mail_index/seg_1/cf.dat	1758212433	1024
25246932.488	/home/tmp/lucy/apache-lucy-0.6.2/c/sample/mail_index/seg_1/cf.dat	1758213434	1024
25246932.488	/home/tmp/lucy/apache-lucy-0.6.2/c/sample/mail_index/seg_1/cf.dat	1758214450	1024
25246932.488	/home/tmp/lucy/apache-lucy-0.6.2/c/sample/mail_index/seg_1/cf.dat	1758215466	1024
25246932.488	/home/tmp/lucy/apache-lucy-0.6.2/c/sample/mail_index/seg_1/cf.dat	1758216481	1024
25246932.489	/home/tmp/lucy/apache-lucy-0.6.2/c/sample/mail_index/seg_1/cf.dat	1758217497	1024
25246932.489	/home/tmp/lucy/apache-lucy-0.6.2/c/sample/mail_index/seg_1/cf.dat	1758218508	1024
25246932.489	/home/tmp/lucy/apache-lucy-0.6.2/c/sample/mail_index/seg_1/cf.dat	1758219522	1024
25246932.489	/home/tmp/lucy/apache-lucy-0.6.2/c/sample/mail_index/seg_1/cf.dat	1758220525	1024
25246932.489	/home/tmp/lucy/apache-lucy-0.6.2/c/sample/mail_index/seg_1/cf.dat	1758221540	1024
25246932.489	/home/tmp/lucy/apache-lucy-0.6.2/c/sample/mail_index/seg_1/cf.dat	1758222533	1024
25246932.489	/home/tmp/lucy/apache-lucy-0.6.2/c/sample/mail_index/seg_1/cf.dat	1758223549	1024
25246932.489	/home/tmp/lucy/apache-lucy-0.6.2/c/sample/mail_index/seg_1/cf.dat	1758224495	1024
25246932.489	/home/tmp/lucy/apache-lucy-0.6.2/c/sample/mail_index/seg_1/cf.dat	1758225507	1024
25246932.489	/home/tmp/lucy/apache-lucy-0.6.2/c/sample/mail_index/seg_1/cf.dat	1758226522	1024
25246932.489	/home/tmp/lucy/apache-lucy-0.6.2/c/sample/mail_index/seg_1/cf.dat	1758227538	1024
25246932.489	/home/tmp/lucy/apache-lucy-0.6.2/c/sample/mail_index/seg_1/cf.dat	1758228553	1024
25246932.489	/home/tmp/lucy/apache-lucy-0.6.2/c/sample/mail_index/seg_1/cf.dat	1758229548	1024
25246932.489	/home/tmp/lucy/apache-lucy-0.6.2/c/sample/mail_index/seg_1/cf.dat	1758230562	1024
25246932.489	/home/tmp/lucy/apache-lucy-0.6.2/c/sample/mail_index/seg_1/cf.dat	1758231574	1024
25246932.489	/home/tmp/lucy/apache-lucy-0.6.2/c/sample/mail_index/seg_1/cf.dat	1758232589	1024
25246932.489	/home/tmp/lucy/apache-lucy-0.6.2/c/sample/mail_index/seg_1/cf.dat	1758233603	1024
25246932.489	/home/tmp/lucy/apache-lucy-0.6.2/c/sample/mail_index/seg_1/cf.dat	1758234584	1024
25246932.489	/home/tmp/lucy/apache-lucy-0.6.2/c/sample/mail_index/seg_1/cf.dat	1758235577	1024
25246932.489	/home/tmp/lucy/apache-lucy-0.6.2/c/sample/mail_index/seg_1/cf.dat	1758236586	1024
25246932.489	/home/tmp/lucy/apache-lucy-0.6.2/c/sample/mail_index/seg_1/cf.dat	1758237430	1024
25246932.489	/home/tmp/lucy/apache-lucy-0.6.2/c/sample/mail_index/seg_1/cf.dat	1758238445	1024
25246932.489	/home/tmp/lucy/apache-lucy-0.6.2/c/sample/mail_index/seg_1/cf.dat	1758239457	1024
25246932.489	/home/tmp/lucy/apache-lucy-0.6.2/c/sample/mail_index/seg_1/cf.dat	1758240473	1024
25246932.489	/home/tmp/lucy/apache-lucy-0.6.2/c/sample/mail_index/seg_1/cf.dat	1758241484	1024
25246932.489	/home/tmp/lucy/apache-lucy-0.6.2/c/sample/mail_index/seg_1/cf.dat	1758242493	1024
25246932.489	/home/tmp/lucy/apache-lucy-0.6.2/c/sample/mail_index/seg_1/cf.dat	1758243506	1024
25246932.489	/home/tmp/lucy/apache-lucy-0.6.2/c/sample/mail_index/seg_1/cf.dat	1758244519	1024
25246932.489	/home/tmp/lucy/apache-lucy-0.6.2/c/sample/mail_index/seg_1/cf.dat	1758245519	1024
25246932.490	/home/tmp/lucy/apache-lucy-0.6.2/c/sample/mail_index/seg_1/cf.dat	1758246533	1024
25246932.490	/home/tmp/lucy/apache-lucy-0.6.2/c/sample/mail_index/seg_1/cf.dat	1758247548	1024
25246932.490	/home/tmp/lucy/apache-lucy-0.6.2/c/sample/mail_index/seg_1/cf.dat	2024882004	1024
25246932.490	/home/tmp/lucy/apache-lucy-0.6.2/c/sample/mail_index/seg_1/cf.dat	1758248562	1024
25246932.490	/home/tmp/lucy/apache-lucy-0.6.2/c/sample/mail_index/seg_1/cf.dat	1758249576	1024
25246932.490	/home/tmp/lucy/apache-lucy-0.6.2/c/sample/mail_index/seg_1/cf.dat	1758250590	1024
25246932.490	/home/tmp/lucy/apache-lucy-0.6.2/c/sample/mail_index/seg_1/cf.dat	1758251603	1024
25246932.490	/home/tmp/lucy/apache-lucy-0.6.2/c/sample/mail_index/seg_1/cf.dat	1758252617	1024
25246932.490	/home/tmp/lucy/apache-lucy-0.6.2/c/sample/mail_index/seg_1/cf.dat	1758253632	1024
25246932.490	/home/tmp/lucy/apache-lucy-0.6.2/c/sample/mail_index/seg_1/cf.dat	1758254648	1024
25246932.490	/home/tmp/lucy/apache-lucy-0.6.2/c/sample/mail_index/seg_1/cf.dat	1758255662	1024
25246932.490	/home/tmp/lucy/apache-lucy-0.6.2/c/sample/mail_index/seg_1/cf.dat	1758256666	1024
25246932.490	/home/tmp/lucy/apache-lucy-0.6.2/c/sample/mail_index/seg_1/cf.dat	1758257662	1024
25246932.490	/home/tmp/lucy/apache-lucy-0.6.2/c/sample/mail_index/seg_1/cf.dat	1758258668	1024
25246932.490	/home/tmp/lucy/apache-lucy-0.6.2/c/sample/mail_index/seg_1/cf.dat	1758259637	1024
25246932.490	/home/tmp/lucy/apache-lucy-0.6.2/c/sample/mail_index/seg_1/cf.dat	1758260651	1024
25246932.490	/home/tmp/lucy/apache-lucy-0.6.2/c/sample/mail_index/seg_1/cf.dat	1758261654	1024
25246932.490	/home/tmp/lucy/apache-lucy-0.6.2/c/sample/mail_index/seg_1/cf.dat	1758262656	1024
25246932.490	/home/tmp/lucy/apache-lucy-0.6.2/c/sample/mail_index/seg_1/cf.dat	1758263667	1024
25246932.490	/home/tmp/lucy/apache-lucy-0.6.2/c/sample/mail_index/seg_1/cf.dat	1758264649	1024
25246932.490	/home/tmp/lucy/apache-lucy-0.6.2/c/sample/mail_index/seg_1/cf.dat	1758265638	1024
25246932.490	/home/tmp/lucy/apache-lucy-0.6.2/c/sample/mail_index/seg_1/cf.dat	1758266644	1024
25246932.490	/home/tmp/lucy/apache-lucy-0.6.2/c/sample/mail_index/seg_1/cf.dat	1758267643	1024
25246932.490	/home/tmp/lucy/apache-lucy-0.6.2/c/sample/mail_index/seg_1/cf.dat	1758268596	1024
25246932.490	/home/tmp/lucy/apache-lucy-0.6.2/c/sample/mail_index/seg_1/cf.dat	1758269601	1024
25246932.490	/home/tmp/lucy/apache-lucy-0.6.2/c/sample/mail_index/seg_1/cf.dat	1758270611	1024
25246932.490	/home/tmp/lucy/apache-lucy-0.6.2/c/sample/mail_index/seg_1/cf.dat	1758271621	1024
25246932.490	/home/tmp/lucy/apache-lucy-0.6.2/c/sample/mail_index/seg_1/cf.dat	1758272621	1024
25246932.490	/home/tmp/lucy/apache-lucy-0.6.2/c/sample/mail_index/seg_1/cf.dat	1758273636	1024
25246932.490	/home/tmp/lucy/apache-lucy-0.6.2/c/sample/mail_index/seg_1/cf.dat	1758274635	1024
25246932.491	/home/tmp/lucy/apache-lucy-0.6.2/c/sample/mail_index/seg_1/cf.dat	1758275650	1024
25246932.491	/home/tmp/lucy/apache-lucy-0.6.2/c/sample/mail_index/seg_1/cf.dat	1758276665	1024
25246932.491	/home/tmp/lucy/apache-lucy-0.6.2/c/sample/mail_index/seg_1/cf.dat	1758277679	1024
25246932.491	/home/tmp/lucy/apache-lucy-0.6.2/c/sample/mail_index/seg_1/cf.dat	1758278694	1024
25246932.491	/home/tmp/lucy/apache-lucy-0.6.2/c/sample/mail_index/seg_1/cf.dat	1758279706	1024
25246932.491	/home/tmp/lucy/apache-lucy-0.6.2/c/sample/mail_index/seg_1/cf.dat	1758280723	1024
25246932.491	/home/tmp/lucy/apache-lucy-0.6.2/c/sample/mail_index/seg_1/cf.dat	1758281737	1024
25246932.491	/home/tmp/lucy/apache-lucy-0.6.2/c/sample/mail_index/seg_1/cf.dat	1758282738	1024
25246932.491	/home/tmp/lucy/apache-lucy-0.6.2/c/sample/mail_index/seg_1/cf.dat	1758283752	1024
25246932.491	/home/tmp/lucy/apache-lucy-0.6.2/c/sample/mail_index/seg_1/cf.dat	1758284766	1024
25246932.491	/home/tmp/lucy/apache-lucy-0.6.2/c/sample/mail_index/seg_1/cf.dat	1758285754	1024
25246932.491	/home/tmp/lucy/apache-lucy-0.6.2/c/sample/mail_index/seg_1/cf.dat	1758286771	1024
25246932.491	/home/tmp/lucy/apache-lucy-0.6.2/c/sample/mail_index/seg_1/cf.dat	2024883028	1024
25246932.491	/home/tmp/lucy/apache-lucy-0.6.2/c/sample/mail_index/seg_1/cf.dat	1758287784	1024
25246932.491	/home/tmp/lucy/apache-lucy-0.6.2/c/sample/mail_index/seg_1/cf.dat	1758288799	1024
25246932.491	/home/tmp/lucy/apache-lucy-0.6.2/c/sample/mail_index/seg_1/cf.dat	1758289814	1024
25246932.491	/home/tmp/lucy/apache-lucy-0.6.2/c/sample/mail_index/seg_1/cf.dat	1758290820	1024
25246932.491	/home/tmp/lucy/apache-lucy-0.6.2/c/sample/mail_index/seg_1/cf.dat	1758291838	1024
25246932.491	/home/tmp/lucy/apache-lucy-0.6.2/c/sample/mail_index/seg_1/cf.dat	1758292823	1024
25246932.491	/home/tmp/lucy/apache-lucy-0.6.2/c/sample/mail_index/seg_1/cf.dat	1758293830	1024
25246932.491	/home/tmp/lucy/apache-lucy-0.6.2/c/sample/mail_index/seg_1/cf.dat	1758294842	1024
25246932.491	/home/tmp/lucy/apache-lucy-0.6.2/c/sample/mail_index/seg_1/cf.dat	1758295853	1024
25246932.491	/home/tmp/lucy/apache-lucy-0.6.2/c/sample/mail_index/seg_1/cf.dat	1758296850	1024
25246932.491	/home/tmp/lucy/apache-lucy-0.6.2/c/sample/mail_index/seg_1/cf.dat	1758297866	1024
25246932.491	/home/tmp/lucy/apache-lucy-0.6.2/c/sample/mail_index/seg_1/cf.dat	1758298882	1024
25246932.491	/home/tmp/lucy/apache-lucy-0.6.2/c/sample/mail_index/seg_1/cf.dat	1758299896	1024
25246932.491	/home/tmp/lucy/apache-lucy-0.6.2/c/sample/mail_index/seg_1/cf.dat	1758300912	1024
25246932.491	/home/tmp/lucy/apache-lucy-0.6.2/c/sample/mail_index/seg_1/cf.dat	1758301927	1024
25246932.491	/home/tmp/lucy/apache-lucy-0.6.2/c/sample/mail_index/seg_1/cf.dat	1758302937	1024
25246932.492	/home/tmp/lucy/apache-lucy-0.6.2/c/sample/mail_index/seg_1/cf.dat	1758303953	1024
25246932.492	/home/tmp/lucy/apache-lucy-0.6.2/c/sample/mail_index/seg_1/cf.dat	1758304968	1024
25246932.492	/home/tmp/lucy/apache-lucy-0.6.2/c/sample/mail_index/seg_1/cf.dat	1758305983	1024
25246932.492	/home/tmp/lucy/apache-lucy-0.6.2/c/sample/mail_index/seg_1/cf.dat	1758306984	1024
25246932.492	/home/tmp/lucy/apache-lucy-0.6.2/c/sample/mail_index/seg_1/cf.dat	1758307980	1024
25246932.492	/home/tmp/lucy/apache-lucy-0.6.2/c/sample/mail_index/seg_1/cf.dat	1758308995	1024
25246932.492	/home/tmp/lucy/apache-lucy-0.6.2/c/sample/mail_index/seg_1/cf.dat	1758310012	1024
25246932.492	/home/tmp/lucy/apache-lucy-0.6.2/c/sample/mail_index/seg_1/cf.dat	1758311010	1024
25246932.492	/home/tmp/lucy/apache-lucy-0.6.2/c/sample/mail_index/seg_1/cf.dat	1758312026	1024
25246932.492	/home/tmp/lucy/apache-lucy-0.6.2/c/sample/mail_index/seg_1/cf.dat	1758313004	1024
25246932.492	/home/tmp/lucy/apache-lucy-0.6.2/c/sample/mail_index/seg_1/cf.dat	1758314018	1024
25246932.492	/home/tmp/lucy/apache-lucy-0.6.2/c/sample/mail_index/seg_1/cf.dat	1758315018	1024
25246932.492	/home/tmp/lucy/apache-lucy-0.6.2/c/sample/mail_index/seg_1/cf.dat	1758316033	1024
25246932.492	/home/tmp/lucy/apache-lucy-0.6.2/c/sample/mail_index/seg_1/cf.dat	1758317045	1024
25246932.492	/home/tmp/lucy/apache-lucy-0.6.2/c/sample/mail_index/seg_1/cf.dat	1758318061	1024
25246932.492	/home/tmp/lucy/apache-lucy-0.6.2/c/sample/mail_index/seg_1/cf.dat	1758319076	1024
25246932.492	/home/tmp/lucy/apache-lucy-0.6.2/c/sample/mail_index/seg_1/cf.dat	1758320091	1024
25246932.492	/home/tmp/lucy/apache-lucy-0.6.2/c/sample/mail_index/seg_1/cf.dat	1758321087	1024
25246932.492	/home/tmp/lucy/apache-lucy-0.6.2/c/sample/mail_index/seg_1/cf.dat	1758322079	1024
25246932.492	/home/tmp/lucy/apache-lucy-0.6.2/c/sample/mail_index/seg_1/cf.dat	1758323087	1024
25246932.492	/home/tmp/lucy/apache-lucy-0.6.2/c/sample/mail_index/seg_1/cf.dat	1758324078	1024
25246932.492	/home/tmp/lucy/apache-lucy-0.6.2/c/sample/mail_index/seg_1/cf.dat	1758325093	1024
25246932.492	/home/tmp/lucy/apache-lucy-0.6.2/c/sample/mail_index/seg_1/cf.dat	1758326102	1024
25246932.492	/home/tmp/lucy/apache-lucy-0.6.2/c/sample/mail_index/seg_1/cf.dat	1758327104	1024
25246932.492	/home/tmp/lucy/apache-lucy-0.6.2/c/sample/mail_index/seg_1/cf.dat	1758328118	1024
25246932.492	/home/tmp/lucy/apache-lucy-0.6.2/c/sample/mail_index/seg_1/cf.dat	1758329128	1024
25246932.492	/home/tmp/lucy/apache-lucy-0.6.2/c/sample/mail_index/seg_1/cf.dat	1758330140	1024
25246932.492	/home/tmp/lucy/apache-lucy-0.6.2/c/sample/mail_index/seg_1/cf.dat	1758331155	1024
25246932.492	/home/tmp/lucy/apache-lucy-0.6.2/c/sample/mail_index/seg_1/cf.dat	1758332170	1024
25246932.492	/home/tmp/lucy/apache-lucy-0.6.2/c/sample/mail_index/seg_1/cf.dat	1758333170	1024
25246932.492	/home/tmp/lucy/apache-lucy-0.6.2/c/sample/mail_index/seg_1/cf.dat	2024884052	1024
25246932.493	/home/tmp/lucy/apache-lucy-0.6.2/c/sample/mail_index/seg_1/cf.dat	1758334160	1024
25246932.493	/home/tmp/lucy/apache-lucy-0.6.2/c/sample/mail_index/seg_1/cf.dat	1758335175	1024
25246932.493	/home/tmp/lucy/apache-lucy-0.6.2/c/sample/mail_index/seg_1/cf.dat	1758336184	1024
25246932.493	/home/tmp/lucy/apache-lucy-0.6.2/c/sample/mail_index/seg_1/cf.dat	1758337198	1024
25246932.493	/home/tmp/lucy/apache-lucy-0.6.2/c/sample/mail_index/seg_1/cf.dat	1758338184	1024
25246932.493	/home/tmp/lucy/apache-lucy-0.6.2/c/sample/mail_index/seg_1/cf.dat	1758339200	1024
25246932.493	/home/tmp/lucy/apache-lucy-0.6.2/c/sample/mail_index/seg_1/cf.dat	1758340217	1024
25246932.493	/home/tmp/lucy/apache-lucy-0.6.2/c/sample/mail_index/seg_1/cf.dat	1758341216	1024
25246932.493	/home/tmp/lucy/apache-lucy-0.6.2/c/sample/mail_index/seg_1/cf.dat	1758342232	1024
25246932.493	/home/tmp/lucy/apache-lucy-0.6.2/c/sample/mail_index/seg_1/cf.dat	1758343246	1024
25246932.493	/home/tmp/lucy/apache-lucy-0.6.2/c/sample/mail_index/seg_1/cf.dat	1758344239	1024
25246932.493	/home/tmp/lucy/apache-lucy-0.6.2/c/sample/mail_index/seg_1/cf.dat	1758345256	1024
25246932.493	/home/tmp/lucy/apache-lucy-0.6.2/c/sample/mail_index/seg_1/cf.dat	1758346271	1024
25246932.493	/home/tmp/lucy/apache-lucy-0.6.2/c/sample/mail_index/seg_1/cf.dat	1758347286	1024
25246932.493	/home/tmp/lucy/apache-lucy-0.6.2/c/sample/mail_index/seg_1/cf.dat	1758348301	1024
25246932.493	/home/tmp/lucy/apache-lucy-0.6.2/c/sample/mail_index/seg_1/cf.dat	1758349316	1024
25246932.493	/home/tmp/lucy/apache-lucy-0.6.2/c/sample/mail_index/seg_1/cf.dat	1758350329	1024
25246932.493	/home/tmp/lucy/apache-lucy-0.6.2/c/sample/mail_index/seg_1/cf.dat	1758351345	1024
25246932.493	/home/tmp/lucy/apache-lucy-0.6.2/c/sample/mail_index/seg_1/cf.dat	1758352354	1024
25246932.493	/home/tmp/lucy/apache-lucy-0.6.2/c/sample/mail_index/seg_1/cf.dat	1758353369	1024
25246932.493	/home/tmp/lucy/apache-lucy-0.6.2/c/sample/mail_index/seg_1/cf.dat	1758354386	1024
25246932.493	/home/tmp/lucy/apache-lucy-0.6.2/c/sample/mail_index/seg_1/cf.dat	1758355394	1024
25246932.493	/home/tmp/lucy/apache-lucy-0.6.2/c/sample/mail_index/seg_1/cf.dat	1758356405	1024
25246932.493	/home/tmp/lucy/apache-lucy-0.6.2/c/sample/mail_index/seg_1/cf.dat	1758357398	1024
25246932.493	/home/tmp/lucy/apache-lucy-0.6.2/c/sample/mail_index/seg_1/cf.dat	1758358393	1024
25246932.493	/home/tmp/lucy/apache-lucy-0.6.2/c/sample/mail_index/seg_1/cf.dat	1758359408	1024
25246932.493	/home/tmp/lucy/apache-lucy-0.6.2/c/sample/mail_index/seg_1/cf.dat	1758360407	1024
25246932.493	/home/tmp/lucy/apache-lucy-0.6.2/c/sample/mail_index/seg_1/cf.dat	1758361424	1024
25246932.493	/home/tmp/lucy/apache-lucy-0.6.2/c/sample/mail_index/seg_1/cf.dat	1758362435	1024
25246932.493	/home/tmp/lucy/apache-lucy-0.6.2/c/sample/mail_index/seg_1/cf.dat	1758363444	1024
25246932.493	/home/tmp/lucy/apache-lucy-0.6.2/c/sample/mail_index/seg_1/cf.dat	1758364448	1024
25246932.493	/home/tmp/lucy/apache-lucy-0.6.2/c/sample/mail_index/seg_1/cf.dat	1758365463	1024
25246932.493	/home/tmp/lucy/apache-lucy-0.6.2/c/sample/mail_index/seg_1/cf.dat	1758366444	1024
25246932.493	/home/tmp/lucy/apache-lucy-0.6.2/c/sample/mail_index/seg_1/cf.dat	1758367458	1024
25246932.494	/home/tmp/lucy/apache-lucy-0.6.2/c/sample/mail_index/seg_1/cf.dat	1758368471	1024
25246932.494	/home/tmp/lucy/apache-lucy-0.6.2/c/sample/mail_index/seg_1/cf.dat	1758369478	1024
25246932.494	/home/tmp/lucy/apache-lucy-0.6.2/c/sample/mail_index/seg_1/cf.dat	1758370481	1024
25246932.494	/home/tmp/lucy/apache-lucy-0.6.2/c/sample/mail_index/seg_1/cf.dat	1758371481	1024
25246932.494	/home/tmp/lucy/apache-lucy-0.6.2/c/sample/mail_index/seg_1/cf.dat	1758372487	1024
25246932.494	/home/tmp/lucy/apache-lucy-0.6.2/c/sample/mail_index/seg_1/cf.dat	1758373502	1024
25246932.494	/home/tmp/lucy/apache-lucy-0.6.2/c/sample/mail_index/seg_1/cf.dat	1758374510	1024
25246932.494	/home/tmp/lucy/apache-lucy-0.6.2/c/sample/mail_index/seg_1/cf.dat	1758375526	1024
25246932.494	/home/tmp/lucy/apache-lucy-0.6.2/c/sample/mail_index/seg_1/cf.dat	1758376541	1024
25246932.494	/home/tmp/lucy/apache-lucy-0.6.2/c/sample/mail_index/seg_1/cf.dat	1758377531	1024
25246932.494	/home/tmp/lucy/apache-lucy-0.6.2/c/sample/mail_index/seg_1/cf.dat	1758378536	1024
25246932.494	/home/tmp/lucy/apache-lucy-0.6.2/c/sample/mail_index/seg_1/cf.dat	2024885076	1024
25246932.494	/home/tmp/lucy/apache-lucy-0.6.2/c/sample/mail_index/seg_1/cf.dat	1758379526	1024
25246932.494	/home/tmp/lucy/apache-lucy-0.6.2/c/sample/mail_index/seg_1/cf.dat	1758380520	1024
25246932.494	/home/tmp/lucy/apache-lucy-0.6.2/c/sample/mail_index/seg_1/cf.dat	1758381534	1024
25246932.494	/home/tmp/lucy/apache-lucy-0.6.2/c/sample/mail_index/seg_1/cf.dat	1758382549	1024
25246932.494	/home/tmp/lucy/apache-lucy-0.6.2/c/sample/mail_index/seg_1/cf.dat	1758383564	1024
25246932.494	/home/tmp/lucy/apache-lucy-0.6.2/c/sample/mail_index/seg_1/cf.dat	1758384575	1024
25246932.494	/home/tmp/lucy/apache-lucy-0.6.2/c/sample/mail_index/seg_1/cf.dat	1758385582	1024
25246932.494	/home/tmp/lucy/apache-lucy-0.6.2/c/sample/mail_index/seg_1/cf.dat	1758386585	1024
25246932.494	/home/tmp/lucy/apache-lucy-0.6.2/c/sample/mail_index/seg_1/cf.dat	1758387600	1024
25246932.494	/home/tmp/lucy/apache-lucy-0.6.2/c/sample/mail_index/seg_1/cf.dat	1758388600	1024
25246932.494	/home/tmp/lucy/apache-lucy-0.6.2/c/sample/mail_index/seg_1/cf.dat	1758389614	1024
25246932.494	/home/tmp/lucy/apache-lucy-0.6.2/c/sample/mail_index/seg_1/cf.dat	1758390605	1024
25246932.494	/home/tmp/lucy/apache-lucy-0.6.2/c/sample/mail_index/seg_1/cf.dat	1758391619	1024
25246932.494	/home/tmp/lucy/apache-lucy-0.6.2/c/sample/mail_index/seg_1/cf.dat	1758392595	1024
25246932.494	/home/tmp/lucy/apache-lucy-0.6.2/c/sample/mail_index/seg_1/cf.dat	1758393568	1024
25246932.494	/home/tmp/lucy/apache-lucy-0.6.2/c/sample/mail_index/seg_1/cf.dat	1758394584	1024
25246932.494	/home/tmp/lucy/apache-lucy-0.6.2/c/sample/mail_index/seg_1/cf.dat	1758395593	1024
25246932.494	/home/tmp/lucy/apache-lucy-0.6.2/c/sample/mail_index/seg_1/cf.dat	1758396594	1024
25246932.494	/home/tmp/lucy/apache-lucy-0.6.2/c/sample/mail_index/seg_1/cf.dat	1758397608	1024
25246932.494	/home/tmp/lucy/apache-lucy-0.6.2/c/sample/mail_index/seg_1/cf.dat	1758398601	1024
25246932.494	/home/tmp/lucy/apache-lucy-0.6.2/c/sample/mail_index/seg_1/cf.dat	1758399615	1024
25246932.495	/home/tmp/lucy/apache-lucy-0.6.2/c/sample/mail_index/seg_1/cf.dat	1758400632	1024
25246932.495	/home/tmp/lucy/apache-lucy-0.6.2/c/sample/mail_index/seg_1/cf.dat	1758401643	1024
25246932.495	/home/tmp/lucy/apache-lucy-0.6.2/c/sample/mail_index/seg_1/cf.dat	1758402659	1024
25246932.495	/home/tmp/lucy/apache-lucy-0.6.2/c/sample/mail_index/seg_1/cf.dat	1758403669	1024
25246932.495	/home/tmp/lucy/apache-lucy-0.6.2/c/sample/mail_index/seg_1/cf.dat	1758404657	1024
25246932.495	/home/tmp/lucy/apache-lucy-0.6.2/c/sample/mail_index/seg_1/cf.dat	1758405673	1024
25246932.495	/home/tmp/lucy/apache-lucy-0.6.2/c/sample/mail_index/seg_1/cf.dat	1758406680	1024
25246932.495	/home/tmp/lucy/apache-lucy-0.6.2/c/sample/mail_index/seg_1/cf.dat	1758407696	1024
25246932.495	/home/tmp/lucy/apache-lucy-0.6.2/c/sample/mail_index/seg_1/cf.dat	1758408701	1024
25246932.495	/home/tmp/lucy/apache-lucy-0.6.2/c/sample/mail_index/seg_1/cf.dat	1758409712	1024
25246932.495	/home/tmp/lucy/apache-lucy-0.6.2/c/sample/mail_index/seg_1/cf.dat	1758410726	1024
25246932.495	/home/tmp/lucy/apache-lucy-0.6.2/c/sample/mail_index/seg_1/cf.dat	1758411737	1024
25246932.495	/home/tmp/lucy/apache-lucy-0.6.2/c/sample/mail_index/seg_1/cf.dat	1758412753	1024
25246932.495	/home/tmp/lucy/apache-lucy-0.6.2/c/sample/mail_index/seg_1/cf.dat	1758413749	1024
25246932.495	/home/tmp/lucy/apache-lucy-0.6.2/c/sample/mail_index/seg_1/cf.dat	1758414743	1024
25246932.495	/home/tmp/lucy/apache-lucy-0.6.2/c/sample/mail_index/seg_1/cf.dat	1758415758	1024
25246932.495	/home/tmp/lucy/apache-lucy-0.6.2/c/sample/mail_index/seg_1/cf.dat	1758416766	1024
25246932.495	/home/tmp/lucy/apache-lucy-0.6.2/c/sample/mail_index/seg_1/cf.dat	1758417782	1024
25246932.495	/home/tmp/lucy/apache-lucy-0.6.2/c/sample/mail_index/seg_1/cf.dat	1758418788	1024
25246932.495	/home/tmp/lucy/apache-lucy-0.6.2/c/sample/mail_index/seg_1/cf.dat	1758419796	1024
25246932.495	/home/tmp/lucy/apache-lucy-0.6.2/c/sample/mail_index/seg_1/cf.dat	1758420803	1024
25246932.495	/home/tmp/lucy/apache-lucy-0.6.2/c/sample/mail_index/seg_1/cf.dat	1758421798	1024
25246932.495	/home/tmp/lucy/apache-lucy-0.6.2/c/sample/mail_index/seg_1/cf.dat	2024886100	1024
25246932.495	/home/tmp/lucy/apache-lucy-0.6.2/c/sample/mail_index/seg_1/cf.dat	1758422802	1024
25246932.495	/home/tmp/lucy/apache-lucy-0.6.2/c/sample/mail_index/seg_1/cf.dat	1758423639	1024
25246932.495	/home/tmp/lucy/apache-lucy-0.6.2/c/sample/mail_index/seg_1/cf.dat	1758424625	1024
25246932.495	/home/tmp/lucy/apache-lucy-0.6.2/c/sample/mail_index/seg_1/cf.dat	1758425618	1024
25246932.495	/home/tmp/lucy/apache-lucy-0.6.2/c/sample/mail_index/seg_1/cf.dat	1758426634	1024
25246932.495	/home/tmp/lucy/apache-lucy-0.6.2/c/sample/mail_index/seg_1/cf.dat	1758427646	1024
25246932.495	/home/tmp/lucy/apache-lucy-0.6.2/c/sample/mail_index/seg_1/cf.dat	1758428657	1024
25246932.495	/home/tmp/lucy/apache-lucy-0.6.2/c/sample/mail_index/seg_1/cf.dat	1758429673	1024
25246932.495	/home/tmp/lucy/apache-lucy-0.6.2/c/sample/mail_index/seg_1/cf.dat	1758430685	1024
25246932.495	/home/tmp/lucy/apache-lucy-0.6.2/c/sample/mail_index/seg_1/cf.dat	1758431700	1024
25246932.496	/home/tmp/lucy/apache-lucy-0.6.2/c/sample/mail_index/seg_1/cf.dat	1758432703	1024
25246932.496	/home/tmp/lucy/apache-lucy-0.6.2/c/sample/mail_index/seg_1/cf.dat	1758433720	1024
25246932.496	/home/tmp/lucy/apache-lucy-0.6.2/c/sample/mail_index/seg_1/cf.dat	1758434733	1024
25246932.496	/home/tmp/lucy/apache-lucy-0.6.2/c/sample/mail_index/seg_1/cf.dat	1758435748	1024
25246932.496	/home/tmp/lucy/apache-lucy-0.6.2/c/sample/mail_index/seg_1/cf.dat	1758436738	1024
25246932.496	/home/tmp/lucy/apache-lucy-0.6.2/c/sample/mail_index/seg_1/cf.dat	1758437747	1024
25246932.496	/home/tmp/lucy/apache-lucy-0.6.2/c/sample/mail_index/seg_1/cf.dat	1758438763	1024
25246932.496	/home/tmp/lucy/apache-lucy-0.6.2/c/sample/mail_index/seg_1/cf.dat	1758439771	1024
25246932.496	/home/tmp/lucy/apache-lucy-0.6.2/c/sample/mail_index/seg_1/cf.dat	1758440757	1024
25246932.496	/home/tmp/lucy/apache-lucy-0.6.2/c/sample/mail_index/seg_1/cf.dat	1758441772	1024
25246932.496	/home/tmp/lucy/apache-lucy-0.6.2/c/sample/mail_index/seg_1/cf.dat	1758442757	1024
25246932.496	/home/tmp/lucy/apache-lucy-0.6.2/c/sample/mail_index/seg_1/cf.dat	1758443736	1024
25246932.496	/home/tmp/lucy/apache-lucy-0.6.2/c/sample/mail_index/seg_1/cf.dat	1758444752	1024
25246932.496	/home/tmp/lucy/apache-lucy-0.6.2/c/sample/mail_index/seg_1/cf.dat	1758445768	1024
25246932.496	/home/tmp/lucy/apache-lucy-0.6.2/c/sample/mail_index/seg_1/cf.dat	1758446770	1024
25246932.496	/home/tmp/lucy/apache-lucy-0.6.2/c/sample/mail_index/seg_1/cf.dat	1758447786	1024
25246932.496	/home/tmp/lucy/apache-lucy-0.6.2/c/sample/mail_index/seg_1/cf.dat	1758448803	1024
25246932.496	/home/tmp/lucy/apache-lucy-0.6.2/c/sample/mail_index/seg_1/cf.dat	1758449818	1024
25246932.496	/home/tmp/lucy/apache-lucy-0.6.2/c/sample/mail_index/seg_1/cf.dat	1758450833	1024
25246932.496	/home/tmp/lucy/apache-lucy-0.6.2/c/sample/mail_index/seg_1/cf.dat	1758451848	1024
25246932.496	/home/tmp/lucy/apache-lucy-0.6.2/c/sample/mail_index/seg_1/cf.dat	1758452823	1024
25246932.496	/home/tmp/lucy/apache-lucy-0.6.2/c/sample/mail_index/seg_1/cf.dat	1758453840	1024
25246932.496	/home/tmp/lucy/apache-lucy-0.6.2/c/sample/mail_index/seg_1/cf.dat	1758454845	1024
25246932.496	/home/tmp/lucy/apache-lucy-0.6.2/c/sample/mail_index/seg_1/cf.dat	1758455854	1024
25246932.496	/home/tmp/lucy/apache-lucy-0.6.2/c/sample/mail_index/seg_1/cf.dat	1758456860	1024
25246932.496	/home/tmp/lucy/apache-lucy-0.6.2/c/sample/mail_index/seg_1/cf.dat	1758457875	1024
25246932.496	/home/tmp/lucy/apache-lucy-0.6.2/c/sample/mail_index/seg_1/cf.dat	1758458892	1024
25246932.496	/home/tmp/lucy/apache-lucy-0.6.2/c/sample/mail_index/seg_1/cf.dat	1758459909	1024
25246932.496	/home/tmp/lucy/apache-lucy-0.6.2/c/sample/mail_index/seg_1/cf.dat	1758460914	1024
25246932.496	/home/tmp/lucy/apache-lucy-0.6.2/c/sample/mail_index/seg_1/cf.dat	1758461928	1024
25246932.497	/home/tmp/lucy/apache-lucy-0.6.2/c/sample/mail_index/seg_1/cf.dat	1758462944	1024
25246932.497	/home/tmp/lucy/apache-lucy-0.6.2/c/sample/mail_index/seg_1/cf.dat	2024887124	1024
25246932.497	/home/tmp/lucy/apache-lucy-0.6.2/c/sample/mail_index/seg_1/cf.dat	1758463891	1024
25246932.497	/home/tmp/lucy/apache-lucy-0.6.2/c/sample/mail_index/seg_1/cf.dat	1758464852	1024
25246932.497	/home/tmp/lucy/apache-lucy-0.6.2/c/sample/mail_index/seg_1/cf.dat	1758465846	1024
25246932.497	/home/tmp/lucy/apache-lucy-0.6.2/c/sample/mail_index/seg_1/cf.dat	1758466809	1024
25246932.497	/home/tmp/lucy/apache-lucy-0.6.2/c/sample/mail_index/seg_1/cf.dat	1758467825	1024
25246932.497	/home/tmp/lucy/apache-lucy-0.6.2/c/sample/mail_index/seg_1/cf.dat	1758468814	1024
25246932.497	/home/tmp/lucy/apache-lucy-0.6.2/c/sample/mail_index/seg_1/cf.dat	1758469733	1024
25246932.497	/home/tmp/lucy/apache-lucy-0.6.2/c/sample/mail_index/seg_1/cf.dat	1758470707	1024
25246932.497	/home/tmp/lucy/apache-lucy-0.6.2/c/sample/mail_index/seg_1/cf.dat	1758471720	1024
25246932.497	/home/tmp/lucy/apache-lucy-0.6.2/c/sample/mail_index/seg_1/cf.dat	1758472738	1024
25246932.497	/home/tmp/lucy/apache-lucy-0.6.2/c/sample/mail_index/seg_1/cf.dat	1758473752	1024
25246932.497	/home/tmp/lucy/apache-lucy-0.6.2/c/sample/mail_index/seg_1/cf.dat	1758474768	1024
25246932.497	/home/tmp/lucy/apache-lucy-0.6.2/c/sample/mail_index/seg_1/cf.dat	1758475782	1024
25246932.497	/home/tmp/lucy/apache-lucy-0.6.2/c/sample/mail_index/seg_1/cf.dat	1758476798	1024
25246932.497	/home/tmp/lucy/apache-lucy-0.6.2/c/sample/mail_index/seg_1/cf.dat	1758477814	1024
25246932.497	/home/tmp/lucy/apache-lucy-0.6.2/c/sample/mail_index/seg_1/cf.dat	1758478830	1024
25246932.497	/home/tmp/lucy/apache-lucy-0.6.2/c/sample/mail_index/seg_1/cf.dat	1758479846	1024
25246932.497	/home/tmp/lucy/apache-lucy-0.6.2/c/sample/mail_index/seg_1/cf.dat	1758480862	1024
25246932.497	/home/tmp/lucy/apache-lucy-0.6.2/c/sample/mail_index/seg_1/cf.dat	1758481878	1024
25246932.497	/home/tmp/lucy/apache-lucy-0.6.2/c/sample/mail_index/seg_1/cf.dat	1758482888	1024
25246932.497	/home/tmp/lucy/apache-lucy-0.6.2/c/sample/mail_index/seg_1/cf.dat	1758483902	1024
25246932.497	/home/tmp/lucy/apache-lucy-0.6.2/c/sample/mail_index/seg_1/cf.dat	1758484916	1024
25246932.497	/home/tmp/lucy/apache-lucy-0.6.2/c/sample/mail_index/seg_1/cf.dat	1758485930	1024
25246932.497	/home/tmp/lucy/apache-lucy-0.6.2/c/sample/mail_index/seg_1/cf.dat	1758486946	1024
25246932.497	/home/tmp/lucy/apache-lucy-0.6.2/c/sample/mail_index/seg_1/cf.dat	1758487962	1024
25246932.497	/home/tmp/lucy/apache-lucy-0.6.2/c/sample/mail_index/seg_1/cf.dat	1758488979	1024
25246932.497	/home/tmp/lucy/apache-lucy-0.6.2/c/sample/mail_index/seg_1/cf.dat	1758489995	1024
25246932.497	/home/tmp/lucy/apache-lucy-0.6.2/c/sample/mail_index/seg_1/cf.dat	1758491000	1024
25246932.497	/home/tmp/lucy/apache-lucy-0.6.2/c/sample/mail_index/seg_1/cf.dat	1758492007	1024
25246932.497	/home/tmp/lucy/apache-lucy-0.6.2/c/sample/mail_index/seg_1/cf.dat	1758493022	1024
25246932.498	/home/tmp/lucy/apache-lucy-0.6.2/c/sample/mail_index/seg_1/cf.dat	1758494019	1024
25246932.498	/home/tmp/lucy/apache-lucy-0.6.2/c/sample/mail_index/seg_1/cf.dat	1758495033	1024
25246932.498	/home/tmp/lucy/apache-lucy-0.6.2/c/sample/mail_index/seg_1/cf.dat	1758496048	1024
25246932.498	/home/tmp/lucy/apache-lucy-0.6.2/c/sample/mail_index/seg_1/cf.dat	1758497013	1024
25246932.498	/home/tmp/lucy/apache-lucy-0.6.2/c/sample/mail_index/seg_1/cf.dat	1758498027	1024
25246932.498	/home/tmp/lucy/apache-lucy-0.6.2/c/sample/mail_index/seg_1/cf.dat	2024888148	1024
25246932.498	/home/tmp/lucy/apache-lucy-0.6.2/c/sample/mail_index/seg_1/cf.dat	1758499043	1024
25246932.498	/home/tmp/lucy/apache-lucy-0.6.2/c/sample/mail_index/seg_1/cf.dat	1758500059	1024
25246932.498	/home/tmp/lucy/apache-lucy-0.6.2/c/sample/mail_index/seg_1/cf.dat	1758501075	1024
25246932.498	/home/tmp/lucy/apache-lucy-0.6.2/c/sample/mail_index/seg_1/cf.dat	1758502089	1024
25246932.498	/home/tmp/lucy/apache-lucy-0.6.2/c/sample/mail_index/seg_1/cf.dat	1758503062	1024
25246932.498	/home/tmp/lucy/apache-lucy-0.6.2/c/sample/mail_index/seg_1/cf.dat	1758504076	1024
25246932.498	/home/tmp/lucy/apache-lucy-0.6.2/c/sample/mail_index/seg_1/cf.dat	1758505092	1024
25246932.498	/home/tmp/lucy/apache-lucy-0.6.2/c/sample/mail_index/seg_1/cf.dat	1758506103	1024
25246932.498	/home/tmp/lucy/apache-lucy-0.6.2/c/sample/mail_index/seg_1/cf.dat	1758507117	1024
25246932.498	/home/tmp/lucy/apache-lucy-0.6.2/c/sample/mail_index/seg_1/cf.dat	1758508125	1024
25246932.498	/home/tmp/lucy/apache-lucy-0.6.2/c/sample/mail_index/seg_1/cf.dat	1758509128	1024
25246932.498	/home/tmp/lucy/apache-lucy-0.6.2/c/sample/mail_index/seg_1/cf.dat	1758510143	1024
25246932.498	/home/tmp/lucy/apache-lucy-0.6.2/c/sample/mail_index/seg_1/cf.dat	1758511158	1024
25246932.498	/home/tmp/lucy/apache-lucy-0.6.2/c/sample/mail_index/seg_1/cf.dat	1758512172	1024
25246932.498	/home/tmp/lucy/apache-lucy-0.6.2/c/sample/mail_index/seg_1/cf.dat	1758513185	1024
25246932.498	/home/tmp/lucy/apache-lucy-0.6.2/c/sample/mail_index/seg_1/cf.dat	1758514199	1024
25246932.498	/home/tmp/lucy/apache-lucy-0.6.2/c/sample/mail_index/seg_1/cf.dat	1758515201	1024
25246932.498	/home/tmp/lucy/apache-lucy-0.6.2/c/sample/mail_index/seg_1/cf.dat	1758516216	1024
25246932.498	/home/tmp/lucy/apache-lucy-0.6.2/c/sample/mail_index/seg_1/cf.dat	1758517227	1024
25246932.498	/home/tmp/lucy/apache-lucy-0.6.2/c/sample/mail_index/seg_1/cf.dat	1758518242	1024
25246932.498	/home/tmp/lucy/apache-lucy-0.6.2/c/sample/mail_index/seg_1/cf.dat	1758519257	1024
25246932.498	/home/tmp/lucy/apache-lucy-0.6.2/c/sample/mail_index/seg_1/cf.dat	1758520256	1024
25246932.498	/home/tmp/lucy/apache-lucy-0.6.2/c/sample/mail_index/seg_1/cf.dat	1758521238	1024
25246932.498	/home/tmp/lucy/apache-lucy-0.6.2/c/sample/mail_index/seg_1/cf.dat	1758522249	1024
25246932.498	/home/tmp/lucy/apache-lucy-0.6.2/c/sample/mail_index/seg_1/cf.dat	1758523212	1024
25246932.498	/home/tmp/lucy/apache-lucy-0.6.2/c/sample/mail_index/seg_1/cf.dat	1758524176	1024
25246932.498	/home/tmp/lucy/apache-lucy-0.6.2/c/sample/mail_index/seg_1/cf.dat	1758525190	1024
25246932.498	/home/tmp/lucy/apache-lucy-0.6.2/c/sample/mail_index/seg_1/cf.dat	1758526106	1024
25246932.499	/home/tmp/lucy/apache-lucy-0.6.2/c/sample/mail_index/seg_1/cf.dat	1758527105	1024
25246932.499	/home/tmp/lucy/apache-lucy-0.6.2/c/sample/mail_index/seg_1/cf.dat	1758528103	1024
25246932.499	/home/tmp/lucy/apache-lucy-0.6.2/c/sample/mail_index/seg_1/cf.dat	1758529116	1024
25246932.499	/home/tmp/lucy/apache-lucy-0.6.2/c/sample/mail_index/seg_1/cf.dat	1758530131	1024
25246932.499	/home/tmp/lucy/apache-lucy-0.6.2/c/sample/mail_index/seg_1/cf.dat	1758531143	1024
25246932.499	/home/tmp/lucy/apache-lucy-0.6.2/c/sample/mail_index/seg_1/cf.dat	1758532158	1024
25246932.499	/home/tmp/lucy/apache-lucy-0.6.2/c/sample/mail_index/seg_1/cf.dat	1758533172	1024
25246932.499	/home/tmp/lucy/apache-lucy-0.6.2/c/sample/mail_index/seg_1/cf.dat	1758534189	1024
25246932.499	/home/tmp/lucy/apache-lucy-0.6.2/c/sample/mail_index/seg_1/cf.dat	1758535205	1024
25246932.499	/home/tmp/lucy/apache-lucy-0.6.2/c/sample/mail_index/seg_1/cf.dat	1758536221	1024
25246932.499	/home/tmp/lucy/apache-lucy-0.6.2/c/sample/mail_index/seg_1/cf.dat	1758537235	1024
25246932.499	/home/tmp/lucy/apache-lucy-0.6.2/c/sample/mail_index/seg_1/cf.dat	2024889172	1024
25246932.499	/home/tmp/lucy/apache-lucy-0.6.2/c/sample/mail_index/seg_1/cf.dat	1758538242	1024
25246932.499	/home/tmp/lucy/apache-lucy-0.6.2/c/sample/mail_index/seg_1/cf.dat	1758539249	1024
25246932.499	/home/tmp/lucy/apache-lucy-0.6.2/c/sample/mail_index/seg_1/cf.dat	1758540259	1024
25246932.499	/home/tmp/lucy/apache-lucy-0.6.2/c/sample/mail_index/seg_1/cf.dat	1758541270	1024
25246932.499	/home/tmp/lucy/apache-lucy-0.6.2/c/sample/mail_index/seg_1/cf.dat	1758542286	1024
25246932.499	/home/tmp/lucy/apache-lucy-0.6.2/c/sample/mail_index/seg_1/cf.dat	1758543302	1024
25246932.499	/home/tmp/lucy/apache-lucy-0.6.2/c/sample/mail_index/seg_1/cf.dat	1758544314	1024
25246932.499	/home/tmp/lucy/apache-lucy-0.6.2/c/sample/mail_index/seg_1/cf.dat	1758545326	1024
25246932.499	/home/tmp/lucy/apache-lucy-0.6.2/c/sample/mail_index/seg_1/cf.dat	1758546342	1024
25246932.499	/home/tmp/lucy/apache-lucy-0.6.2/c/sample/mail_index/seg_1/cf.dat	1758547358	1024
25246932.499	/home/tmp/lucy/apache-lucy-0.6.2/c/sample/mail_index/seg_1/cf.dat	1758548374	1024
25246932.499	/home/tmp/lucy/apache-lucy-0.6.2/c/sample/mail_index/seg_1/cf.dat	1758549375	1024
25246932.499	/home/tmp/lucy/apache-lucy-0.6.2/c/sample/mail_index/seg_1/cf.dat	1758550389	1024
25246932.499	/home/tmp/lucy/apache-lucy-0.6.2/c/sample/mail_index/seg_1/cf.dat	1758551405	1024
25246932.499	/home/tmp/lucy/apache-lucy-0.6.2/c/sample/mail_index/seg_1/cf.dat	1758552417	1024
25246932.499	/home/tmp/lucy/apache-lucy-0.6.2/c/sample/mail_index/seg_1/cf.dat	1758553431	1024
25246932.499	/home/tmp/lucy/apache-lucy-0.6.2/c/sample/mail_index/seg_1/cf.dat	1758554441	1024
25246932.499	/home/tmp/lucy/apache-lucy-0.6.2/c/sample/mail_index/seg_1/cf.dat	1758555455	1024
25246932.499	/home/tmp/lucy/apache-lucy-0.6.2/c/sample/mail_index/seg_1/cf.dat	1758556464	1024
25246932.500	/home/tmp/lucy/apache-lucy-0.6.2/c/sample/mail_index/seg_1/cf.dat	1758557478	1024
25246932.500	/home/tmp/lucy/apache-lucy-0.6.2/c/sample/mail_index/seg_1/cf.dat	1758558489	1024
25246932.500	/home/tmp/lucy/apache-lucy-0.6.2/c/sample/mail_index/seg_1/cf.dat	1758559501	1024
25246932.500	/home/tmp/lucy/apache-lucy-0.6.2/c/sample/mail_index/seg_1/cf.dat	1758560515	1024
25246932.500	/home/tmp/lucy/apache-lucy-0.6.2/c/sample/mail_index/seg_1/cf.dat	1758561530	1024
25246932.500	/home/tmp/lucy/apache-lucy-0.6.2/c/sample/mail_index/seg_1/cf.dat	1758562541	1024
25246932.500	/home/tmp/lucy/apache-lucy-0.6.2/c/sample/mail_index/seg_1/cf.dat	1758563547	1024
25246932.500	/home/tmp/lucy/apache-lucy-0.6.2/c/sample/mail_index/seg_1/cf.dat	1758564563	1024
25246932.500	/home/tmp/lucy/apache-lucy-0.6.2/c/sample/mail_index/seg_1/cf.dat	1758565577	1024
25246932.500	/home/tmp/lucy/apache-lucy-0.6.2/c/sample/mail_index/seg_1/cf.dat	1758566540	1024
25246932.500	/home/tmp/lucy/apache-lucy-0.6.2/c/sample/mail_index/seg_1/cf.dat	1758567545	1024
25246932.500	/home/tmp/lucy/apache-lucy-0.6.2/c/sample/mail_index/seg_1/cf.dat	1758568560	1024
25246932.500	/home/tmp/lucy/apache-lucy-0.6.2/c/sample/mail_index/seg_1/cf.dat	1758569559	1024
25246932.500	/home/tmp/lucy/apache-lucy-0.6.2/c/sample/mail_index/seg_1/cf.dat	1758570576	1024
25246932.500	/home/tmp/lucy/apache-lucy-0.6.2/c/sample/mail_index/seg_1/cf.dat	1758571593	1024
25246932.500	/home/tmp/lucy/apache-lucy-0.6.2/c/sample/mail_index/seg_1/cf.dat	1758572592	1024
25246932.500	/home/tmp/lucy/apache-lucy-0.6.2/c/sample/mail_index/seg_1/cf.dat	1758573608	1024
25246932.500	/home/tmp/lucy/apache-lucy-0.6.2/c/sample/mail_index/seg_1/cf.dat	1758574621	1024
25246932.500	/home/tmp/lucy/apache-lucy-0.6.2/c/sample/mail_index/seg_1/cf.dat	1758575633	1024
25246932.500	/home/tmp/lucy/apache-lucy-0.6.2/c/sample/mail_index/seg_1/cf.dat	1758576633	1024
25246932.500	/home/tmp/lucy/apache-lucy-0.6.2/c/sample/mail_index/seg_1/cf.dat	1758577649	1024
25246932.500	/home/tmp/lucy/apache-lucy-0.6.2/c/sample/mail_index/seg_1/cf.dat	2024890196	1024
25246932.500	/home/tmp/lucy/apache-lucy-0.6.2/c/sample/mail_index/seg_1/cf.dat	1758578604	1024
25246932.500	/home/tmp/lucy/apache-lucy-0.6.2/c/sample/mail_index/seg_1/cf.dat	1758579618	1024
25246932.500	/home/tmp/lucy/apache-lucy-0.6.2/c/sample/mail_index/seg_1/cf.dat	1758580634	1024
25246932.500	/home/tmp/lucy/apache-lucy-0.6.2/c/sample/mail_index/seg_1/cf.dat	1758581622	1024
25246932.500	/home/tmp/lucy/apache-lucy-0.6.2/c/sample/mail_index/seg_1/cf.dat	1758582637	1024
25246932.500	/home/tmp/lucy/apache-lucy-0.6.2/c/sample/mail_index/seg_1/cf.dat	1758583653	1024
25246932.500	/home/tmp/lucy/apache-lucy-0.6.2/c/sample/mail_index/seg_1/cf.dat	1758584667	1024
25246932.500	/home/tmp/lucy/apache-lucy-0.6.2/c/sample/mail_index/seg_1/cf.dat	1758585682	1024
25246932.500	/home/tmp/lucy/apache-lucy-0.6.2/c/sample/mail_index/seg_1/cf.dat	1758586696	1024
25246932.500	/home/tmp/lucy/apache-lucy-0.6.2/c/sample/mail_index/seg_1/cf.dat	1758587680	1024
25246932.501	/home/tmp/lucy/apache-lucy-0.6.2/c/sample/mail_index/seg_1/cf.dat	1758588678	1024
25246932.501	/home/tmp/lucy/apache-lucy-0.6.2/c/sample/mail_index/seg_1/cf.dat	1758589692	1024
25246932.501	/home/tmp/lucy/apache-lucy-0.6.2/c/sample/mail_index/seg_1/cf.dat	1758590708	1024
25246932.501	/home/tmp/lucy/apache-lucy-0.6.2/c/sample/mail_index/seg_1/cf.dat	1758591721	1024
25246932.501	/home/tmp/lucy/apache-lucy-0.6.2/c/sample/mail_index/seg_1/cf.dat	1758592737	1024
25246932.501	/home/tmp/lucy/apache-lucy-0.6.2/c/sample/mail_index/seg_1/cf.dat	1758593730	1024
25246932.501	/home/tmp/lucy/apache-lucy-0.6.2/c/sample/mail_index/seg_1/cf.dat	1758594722	1024
25246932.501	/home/tmp/lucy/apache-lucy-0.6.2/c/sample/mail_index/seg_1/cf.dat	1758595739	1024
25246932.501	/home/tmp/lucy/apache-lucy-0.6.2/c/sample/mail_index/seg_1/cf.dat	1758596756	1024
25246932.501	/home/tmp/lucy/apache-lucy-0.6.2/c/sample/mail_index/seg_1/cf.dat	1758597772	1024
25246932.501	/home/tmp/lucy/apache-lucy-0.6.2/c/sample/mail_index/seg_1/cf.dat	1758598787	1024
25246932.501	/home/tmp/lucy/apache-lucy-0.6.2/c/sample/mail_index/seg_1/cf.dat	1758599787	1024
25246932.501	/home/tmp/lucy/apache-lucy-0.6.2/c/sample/mail_index/seg_1/cf.dat	1758600801	1024
25246932.501	/home/tmp/lucy/apache-lucy-0.6.2/c/sample/mail_index/seg_1/cf.dat	1758601811	1024
25246932.501	/home/tmp/lucy/apache-lucy-0.6.2/c/sample/mail_index/seg_1/cf.dat	1758602826	1024
25246932.501	/home/tmp/lucy/apache-lucy-0.6.2/c/sample/mail_index/seg_1/cf.dat	1758603836	1024
25246932.501	/home/tmp/lucy/apache-lucy-0.6.2/c/sample/mail_index/seg_1/cf.dat	1758604851	1024
25246932.501	/home/tmp/lucy/apache-lucy-0.6.2/c/sample/mail_index/seg_1/cf.dat	1758605852	1024
25246932.501	/home/tmp/lucy/apache-lucy-0.6.2/c/sample/mail_index/seg_1/cf.dat	1758606859	1024
25246932.501	/home/tmp/lucy/apache-lucy-0.6.2/c/sample/mail_index/seg_1/cf.dat	1758607867	1024
25246932.501	/home/tmp/lucy/apache-lucy-0.6.2/c/sample/mail_index/seg_1/cf.dat	1758608881	1024
25246932.501	/home/tmp/lucy/apache-lucy-0.6.2/c/sample/mail_index/seg_1/cf.dat	1758609889	1024
25246932.501	/home/tmp/lucy/apache-lucy-0.6.2/c/sample/mail_index/seg_1/cf.dat	1758610904	1024
25246932.501	/home/tmp/lucy/apache-lucy-0.6.2/c/sample/mail_index/seg_1/cf.dat	1758611920	1024
25246932.501	/home/tmp/lucy/apache-lucy-0.6.2/c/sample/mail_index/seg_1/cf.dat	1758612936	1024
25246932.501	/home/tmp/lucy/apache-lucy-0.6.2/c/sample/mail_index/seg_1/cf.dat	1758613952	1024
25246932.501	/home/tmp/lucy/apache-lucy-0.6.2/c/sample/mail_index/seg_1/cf.dat	1758614793	1024
25246932.501	/home/tmp/lucy/apache-lucy-0.6.2/c/sample/mail_index/seg_1/cf.dat	1758615808	1024
25246932.501	/home/tmp/lucy/apache-lucy-0.6.2/c/sample/mail_index/seg_1/cf.dat	1454208472	8
25246932.501	/home/tmp/lucy/apache-lucy-0.6.2/c/sample/mail_index/seg_1/cf.dat	1456664944	1024
25246932.501	/home/tmp/lucy/apache-lucy-0.6.2/c/sample/mail_index/seg_1/cf.dat	954244363	1024
25246932.501	/home/tmp/lucy/apache-lucy-0.6.2/c/sample/mail_index/seg_1/cf.dat	0	7
25246932.501	/home/tmp/lucy/apache-lucy-0.6.2/c/sample/mail_index/seg_1/cf.dat	0	692
25246932.501	/home/tmp/lucy/apache-lucy-0.6.2/c/sample/mail_index/seg_1/cf.dat	1454208472	8
25246932.501	/home/tmp/lucy/apache-lucy-0.6.2/c/sample/mail_index/seg_1/cf.dat	1457655368	1024
25246932.501	/home/tmp/lucy/apache-lucy-0.6.2/c/sample/mail_index/seg_1/cf.dat	1234461014	1024
25246932.501	/home/tmp/lucy/apache-lucy-0.6.2/c/sample/mail_index/seg_1/cf.dat	0	7
25246932.501	/home/tmp/lucy/apache-lucy-0.6.2/c/sample/mail_index/seg_1/cf.dat	0	629
25246932.501	/home/tmp/lucy/apache-lucy-0.6.2/c/sample/mail_index/seg_1/cf.dat	1454208472	8
25246932.501	/home/tmp/lucy/apache-lucy-0.6.2/c/sample/mail_index/seg_1/cf.dat	1454584672	1024
25246932.501	/home/tmp/lucy/apache-lucy-0.6.2/c/sample/mail_index/seg_1/cf.dat	122125301	1024
25246932.502	/home/tmp/lucy/apache-lucy-0.6.2/c/sample/mail_index/seg_1/cf.dat	0	7
25246932.502	/home/tmp/lucy/apache-lucy-0.6.2/c/sample/mail_index/seg_1/cf.dat	0	541
25246932.502	/home/tmp/lucy/apache-lucy-0.6.2/c/sample/mail_index/seg_1/cf.dat	1454208472	8
25246932.502	/home/tmp/lucy/apache-lucy-0.6.2/c/sample/mail_index/seg_1/cf.dat	1454590560	1024
25246932.502	/home/tmp/lucy/apache-lucy-0.6.2/c/sample/mail_index/seg_1/cf.dat	123464090	1024
25246932.502	/home/tmp/lucy/apache-lucy-0.6.2/c/sample/mail_index/seg_1/cf.dat	0	7
25246932.502	/home/tmp/lucy/apache-lucy-0.6.2/c/sample/mail_index/seg_1/cf.dat	0	536
25246932.502	/home/tmp/lucy/apache-lucy-0.6.2/c/sample/mail_index/seg_1/cf.dat	1454208472	8
25246932.502	/home/tmp/lucy/apache-lucy-0.6.2/c/sample/mail_index/seg_1/cf.dat	1454598760	1024
25246932.502	/home/tmp/lucy/apache-lucy-0.6.2/c/sample/mail_index/seg_1/cf.dat	125948826	1024
25246932.502	/home/tmp/lucy/apache-lucy-0.6.2/c/sample/mail_index/seg_1/cf.dat	0	7
25246932.502	/home/tmp/lucy/apache-lucy-0.6.2/c/sample/mail_index/seg_1/cf.dat	0	527
25246932.502	/home/tmp/lucy/apache-lucy-0.6.2/c/sample/mail_index/seg_1/cf.dat	1454208472	8
25246932.502	/home/tmp/lucy/apache-lucy-0.6.2/c/sample/mail_index/seg_1/cf.dat	1454604608	1024
25246932.502	/home/tmp/lucy/apache-lucy-0.6.2/c/sample/mail_index/seg_1/cf.dat	127083070	1024
25246932.502	/home/tmp/lucy/apache-lucy-0.6.2/c/sample/mail_index/seg_1/cf.dat	0	7
25246932.502	/home/tmp/lucy/apache-lucy-0.6.2/c/sample/mail_index/seg_1/cf.dat	0	533
25246932.502	/home/tmp/lucy/apache-lucy-0.6.2/c/sample/mail_index/seg_1/cf.dat	1454208472	8
25246932.502	/home/tmp/lucy/apache-lucy-0.6.2/c/sample/mail_index/seg_1/cf.dat	1455460536	1024
25246932.502	/home/tmp/lucy/apache-lucy-0.6.2/c/sample/mail_index/seg_1/cf.dat	439349817	1024
25246932.502	/home/tmp/lucy/apache-lucy-0.6.2/c/sample/mail_index/seg_1/cf.dat	0	7
25246932.502	/home/tmp/lucy/apache-lucy-0.6.2/c/sample/mail_index/seg_1/cf.dat	0	1825
25246932.502	/home/tmp/lucy/apache-lucy-0.6.2/c/sample/mail_index/seg_1/cf.dat	439350841	1024
25246932.502	/home/tmp/lucy/apache-lucy-0.6.2/c/sample/mail_index/seg_1/cf.dat	1454208472	8
25246932.502	/home/tmp/lucy/apache-lucy-0.6.2/c/sample/mail_index/seg_1/cf.dat	1455556560	1024
25246932.502	/home/tmp/lucy/apache-lucy-0.6.2/c/sample/mail_index/seg_1/cf.dat	466744077	1024
25246932.502	/home/tmp/lucy/apache-lucy-0.6.2/c/sample/mail_index/seg_1/cf.dat	0	7
25246932.502	/home/tmp/lucy/apache-lucy-0.6.2/c/sample/mail_index/seg_1/cf.dat	0	1816
25246932.502	/home/tmp/lucy/apache-lucy-0.6.2/c/sample/mail_index/seg_1/cf.dat	466745101	1024
25246932.502	/home/tmp/lucy/apache-lucy-0.6.2/c/sample/mail_index/seg_1/cf.dat	1454208472	8
25246932.502	/home/tmp/lucy/apache-lucy-0.6.2/c/sample/mail_index/seg_1/cf.dat	1455572904	1024
25246932.502	/home/tmp/lucy/apache-lucy-0.6.2/c/sample/mail_index/seg_1/cf.dat	471074054	1024
25246932.502	/home/tmp/lucy/apache-lucy-0.6.2/c/sample/mail_index/seg_1/cf.dat	0	7
25246932.502	/home/tmp/lucy/apache-lucy-0.6.2/c/sample/mail_index/seg_1/cf.dat	0	1822
25246932.502	/home/tmp/lucy/apache-lucy-0.6.2/c/sample/mail_index/seg_1/cf.dat	471075078	1024
25246932.502	/home/tmp/lucy/apache-lucy-0.6.2/c/sample/mail_index/seg_1/cf.dat	1454208472	8
25246932.502	/home/tmp/lucy/apache-lucy-0.6.2/c/sample/mail_index/seg_1/cf.dat	1455481352	1024
25246932.502	/home/tmp/lucy/apache-lucy-0.6.2/c/sample/mail_index/seg_1/cf.dat	445071714	1024
25246932.502	/home/tmp/lucy/apache-lucy-0.6.2/c/sample/mail_index/seg_1/cf.dat	0	7
25246932.502	/home/tmp/lucy/apache-lucy-0.6.2/c/sample/mail_index/seg_1/cf.dat	0	1042
25246932.502	/home/tmp/lucy/apache-lucy-0.6.2/c/sample/mail_index/seg_1/cf.dat	445072738	1024
