25246907.418	/home/tmp/lucy/apache-lucy-0.6.2/c/sample/mail_index/snapshot_1.json	0	93
25246907.418	/home/tmp/lucy/apache-lucy-0.6.2/c/sample/mail_index/schema_1.json	0	242
25246907.418	/home/tmp/lucy/apache-lucy-0.6.2/c/sample/mail_index/seg_1/cfmeta.json	0	804
25246907.418	/home/tmp/lucy/apache-lucy-0.6.2/c/sample/mail_index/seg_1/segmeta.json	0	400
25246907.418	/home/tmp/lucy/apache-lucy-0.6.2/c/sample/mail_index/seg_1/cf.dat	1484142352	82440
25246907.419	/home/tmp/lucy/apache-lucy-0.6.2/c/sample/mail_index/seg_1/cf.dat	1484003581	1024
25246907.419	/home/tmp/lucy/apache-lucy-0.6.2/c/sample/mail_index/seg_1/cf.dat	1483858280	6
25246907.419	/home/tmp/lucy/apache-lucy-0.6.2/c/sample/mail_index/seg_1/cf.dat	1484077430	1024
25246907.419	/home/tmp/lucy/apache-lucy-0.6.2/c/sample/mail_index/seg_1/cf.dat	1483858280	6
25246907.419	/home/tmp/lucy/apache-lucy-0.6.2/c/sample/mail_index/seg_1/cf.dat	1484045974	1024
25246907.419	/home/tmp/lucy/apache-lucy-0.6.2/c/sample/mail_index/seg_1/cf.dat	1483858280	8
25246907.419	/home/tmp/lucy/apache-lucy-0.6.2/c/sample/mail_index/seg_1/cf.dat	1484061828	1024
25246907.419	/home/tmp/lucy/apache-lucy-0.6.2/c/sample/mail_index/seg_1/cf.dat	1483858280	6
25246907.419	/home/tmp/lucy/apache-lucy-0.6.2/c/sample/mail_index/seg_1/cf.dat	1484053608	1024
25246907.419	/home/tmp/lucy/apache-lucy-0.6.2/c/sample/mail_index/seg_1/cf.dat	1483858280	5
25246907.419	/home/tmp/lucy/apache-lucy-0.6.2/c/sample/mail_index/seg_1/cf.dat	1484049692	1024
25246907.419	/home/tmp/lucy/apache-lucy-0.6.2/c/sample/mail_index/seg_1/cf.dat	1483858280	8
25246907.419	/home/tmp/lucy/apache-lucy-0.6.2/c/sample/mail_index/seg_1/cf.dat	1484051588	1024
25246907.419	/home/tmp/lucy/apache-lucy-0.6.2/c/sample/mail_index/seg_1/cf.dat	1483858280	18
25246907.419	/home/tmp/lucy/apache-lucy-0.6.2/c/sample/mail_index/seg_1/cf.dat	1484050549	1024
25246907.419	/home/tmp/lucy/apache-lucy-0.6.2/c/sample/mail_index/seg_1/cf.dat	1483858280	9
25246907.419	/home/tmp/lucy/apache-lucy-0.6.2/c/sample/mail_index/seg_1/cf.dat	1484050131	1024
25246907.419	/home/tmp/lucy/apache-lucy-0.6.2/c/sample/mail_index/seg_1/cf.dat	1483858280	10
25246907.419	/home/tmp/lucy/apache-lucy-0.6.2/c/sample/mail_index/seg_1/cf.dat	1484049911	1024
25246907.419	/home/tmp/lucy/apache-lucy-0.6.2/c/sample/mail_index/seg_1/cf.dat	1483858280	7
25246907.419	/home/tmp/lucy/apache-lucy-0.6.2/c/sample/mail_index/seg_1/cf.dat	1483858280	6
25246907.419	/home/tmp/lucy/apache-lucy-0.6.2/c/sample/mail_index/seg_1/cf.dat	1483858280	14
25246907.419	/home/tmp/lucy/apache-lucy-0.6.2/c/sample/mail_index/seg_1/cf.dat	1483858280	10
25246907.419	/home/tmp/lucy/apache-lucy-0.6.2/c/sample/mail_index/seg_1/cf.dat	1483858280	8
25246907.419	/home/tmp/lucy/apache-lucy-0.6.2/c/sample/mail_index/seg_1/cf.dat	1483858280	10
25246907.419	/home/tmp/lucy/apache-lucy-0.6.2/c/sample/mail_index/seg_1/cf.dat	1477803083	1024
25246907.419	/home/tmp/lucy/apache-lucy-0.6.2/c/sample/mail_index/seg_1/cf.dat	1463004360	2
25246907.419	/home/tmp/lucy/apache-lucy-0.6.2/c/sample/mail_index/seg_1/cf.dat	1463004360	4
25246907.419	/home/tmp/lucy/apache-lucy-0.6.2/c/sample/mail_index/seg_1/cf.dat	1463004360	1
25246907.419	/home/tmp/lucy/apache-lucy-0.6.2/c/sample/mail_index/seg_1/cf.dat	1463004360	1
25246907.419	/home/tmp/lucy/apache-lucy-0.6.2/c/sample/mail_index/seg_1/cf.dat	1463004360	1
25246907.419	/home/tmp/lucy/apache-lucy-0.6.2/c/sample/mail_index/seg_1/cf.dat	1463004360	1
25246907.419	/home/tmp/lucy/apache-lucy-0.6.2/c/sample/mail_index/seg_1/cf.dat	1463004360	2
25246907.419	/home/tmp/lucy/apache-lucy-0.6.2/c/sample/mail_index/seg_1/cf.dat	1463004360	6
25246907.419	/home/tmp/lucy/apache-lucy-0.6.2/c/sample/mail_index/seg_1/cf.dat	1463004360	5
25246907.419	/home/tmp/lucy/apache-lucy-0.6.2/c/sample/mail_index/seg_1/cf.dat	1463004360	3
25246907.419	/home/tmp/lucy/apache-lucy-0.6.2/c/sample/mail_index/seg_1/cf.dat	1463004360	5
25246907.419	/home/tmp/lucy/apache-lucy-0.6.2/c/sample/mail_index/seg_1/cf.dat	1463004360	3
25246907.419	/home/tmp/lucy/apache-lucy-0.6.2/c/sample/mail_index/seg_1/cf.dat	1463004360	3
25246907.419	/home/tmp/lucy/apache-lucy-0.6.2/c/sample/mail_index/seg_1/cf.dat	1463004360	2
25246907.419	/home/tmp/lucy/apache-lucy-0.6.2/c/sample/mail_index/seg_1/cf.dat	1463004360	3
25246907.419	/home/tmp/lucy/apache-lucy-0.6.2/c/sample/mail_index/seg_1/cf.dat	1463004360	3
25246907.419	/home/tmp/lucy/apache-lucy-0.6.2/c/sample/mail_index/seg_1/cf.dat	1463004360	4
25246907.419	/home/tmp/lucy/apache-lucy-0.6.2/c/sample/mail_index/seg_1/cf.dat	1463004360	6
25246907.419	/home/tmp/lucy/apache-lucy-0.6.2/c/sample/mail_index/seg_1/cf.dat	1463004360	6
25246907.419	/home/tmp/lucy/apache-lucy-0.6.2/c/sample/mail_index/seg_1/cf.dat	1463004360	6
25246907.419	/home/tmp/lucy/apache-lucy-0.6.2/c/sample/mail_index/seg_1/cf.dat	1463004360	3
25246907.419	/home/tmp/lucy/apache-lucy-0.6.2/c/sample/mail_index/seg_1/cf.dat	1463004360	6
25246907.419	/home/tmp/lucy/apache-lucy-0.6.2/c/sample/mail_index/seg_1/cf.dat	1463004360	4
25246907.419	/home/tmp/lucy/apache-lucy-0.6.2/c/sample/mail_index/seg_1/cf.dat	1463004360	4
25246907.419	/home/tmp/lucy/apache-lucy-0.6.2/c/sample/mail_index/seg_1/cf.dat	1463004360	3
25246907.419	/home/tmp/lucy/apache-lucy-0.6.2/c/sample/mail_index/seg_1/cf.dat	1463004360	1
25246907.419	/home/tmp/lucy/apache-lucy-0.6.2/c/sample/mail_index/seg_1/cf.dat	1463004360	4
25246907.419	/home/tmp/lucy/apache-lucy-0.6.2/c/sample/mail_index/seg_1/cf.dat	1463004360	12
25246907.419	/home/tmp/lucy/apache-lucy-0.6.2/c/sample/mail_index/seg_1/cf.dat	1463004360	1
25246907.419	/home/tmp/lucy/apache-lucy-0.6.2/c/sample/mail_index/seg_1/cf.dat	1463004360	7
25246907.419	/home/tmp/lucy/apache-lucy-0.6.2/c/sample/mail_index/seg_1/cf.dat	1463004360	4
25246907.419	/home/tmp/lucy/apache-lucy-0.6.2/c/sample/mail_index/seg_1/cf.dat	1463004360	1
25246907.419	/home/tmp/lucy/apache-lucy-0.6.2/c/sample/mail_index/seg_1/cf.dat	1463004360	2
25246907.419	/home/tmp/lucy/apache-lucy-0.6.2/c/sample/mail_index/seg_1/cf.dat	1463004360	2
25246907.419	/home/tmp/lucy/apache-lucy-0.6.2/c/sample/mail_index/seg_1/cf.dat	1463004360	4
25246907.419	/home/tmp/lucy/apache-lucy-0.6.2/c/sample/mail_index/seg_1/cf.dat	1463004360	2
25246907.419	/home/tmp/lucy/apache-lucy-0.6.2/c/sample/mail_index/seg_1/cf.dat	1463004360	1
25246907.419	/home/tmp/lucy/apache-lucy-0.6.2/c/sample/mail_index/seg_1/cf.dat	1463004360	3
25246907.419	/home/tmp/lucy/apache-lucy-0.6.2/c/sample/mail_index/seg_1/cf.dat	1463004360	1
25246907.419	/home/tmp/lucy/apache-lucy-0.6.2/c/sample/mail_index/seg_1/cf.dat	1463004360	1
25246907.419	/home/tmp/lucy/apache-lucy-0.6.2/c/sample/mail_index/seg_1/cf.dat	1463004360	1
25246907.419	/home/tmp/lucy/apache-lucy-0.6.2/c/sample/mail_index/seg_1/cf.dat	1463004360	10
25246907.419	/home/tmp/lucy/apache-lucy-0.6.2/c/sample/mail_index/seg_1/cf.dat	1463004360	4
25246907.419	/home/tmp/lucy/apache-lucy-0.6.2/c/sample/mail_index/seg_1/cf.dat	1463004360	2
25246907.419	/home/tmp/lucy/apache-lucy-0.6.2/c/sample/mail_index/seg_1/cf.dat	1463004360	6
25246907.419	/home/tmp/lucy/apache-lucy-0.6.2/c/sample/mail_index/seg_1/cf.dat	1463004360	4
25246907.419	/home/tmp/lucy/apache-lucy-0.6.2/c/sample/mail_index/seg_1/cf.dat	1463004360	12
25246907.419	/home/tmp/lucy/apache-lucy-0.6.2/c/sample/mail_index/seg_1/cf.dat	1463004360	8
25246907.419	/home/tmp/lucy/apache-lucy-0.6.2/c/sample/mail_index/seg_1/cf.dat	1463004360	3
25246907.419	/home/tmp/lucy/apache-lucy-0.6.2/c/sample/mail_index/seg_1/cf.dat	1463004360	15
25246907.419	/home/tmp/lucy/apache-lucy-0.6.2/c/sample/mail_index/seg_1/cf.dat	1463004360	4
25246907.419	/home/tmp/lucy/apache-lucy-0.6.2/c/sample/mail_index/seg_1/cf.dat	1463004360	11
25246907.419	/home/tmp/lucy/apache-lucy-0.6.2/c/sample/mail_index/seg_1/cf.dat	1463004360	15
25246907.419	/home/tmp/lucy/apache-lucy-0.6.2/c/sample/mail_index/seg_1/cf.dat	1463004360	6
25246907.419	/home/tmp/lucy/apache-lucy-0.6.2/c/sample/mail_index/seg_1/cf.dat	1463004360	9
25246907.419	/home/tmp/lucy/apache-lucy-0.6.2/c/sample/mail_index/seg_1/cf.dat	1463004360	15
25246907.419	/home/tmp/lucy/apache-lucy-0.6.2/c/sample/mail_index/seg_1/cf.dat	1463004360	13
25246907.419	/home/tmp/lucy/apache-lucy-0.6.2/c/sample/mail_index/seg_1/cf.dat	1463004360	9
25246907.419	/home/tmp/lucy/apache-lucy-0.6.2/c/sample/mail_index/seg_1/cf.dat	1463004360	7
25246907.419	/home/tmp/lucy/apache-lucy-0.6.2/c/sample/mail_index/seg_1/cf.dat	1463004360	3
25246907.419	/home/tmp/lucy/apache-lucy-0.6.2/c/sample/mail_index/seg_1/cf.dat	1463004360	10
25246907.419	/home/tmp/lucy/apache-lucy-0.6.2/c/sample/mail_index/seg_1/cf.dat	1463004360	7
25246907.419	/home/tmp/lucy/apache-lucy-0.6.2/c/sample/mail_index/seg_1/cf.dat	1463004360	10
25246907.419	/home/tmp/lucy/apache-lucy-0.6.2/c/sample/mail_index/seg_1/cf.dat	1463004360	3
25246907.419	/home/tmp/lucy/apache-lucy-0.6.2/c/sample/mail_index/seg_1/cf.dat	1463004360	1
25246907.419	/home/tmp/lucy/apache-lucy-0.6.2/c/sample/mail_index/seg_1/cf.dat	1463004360	1
25246907.419	/home/tmp/lucy/apache-lucy-0.6.2/c/sample/mail_index/seg_1/cf.dat	1463004360	6
25246907.419	/home/tmp/lucy/apache-lucy-0.6.2/c/sample/mail_index/seg_1/cf.dat	1463004360	2
25246907.419	/home/tmp/lucy/apache-lucy-0.6.2/c/sample/mail_index/seg_1/cf.dat	1463004360	4
25246907.419	/home/tmp/lucy/apache-lucy-0.6.2/c/sample/mail_index/seg_1/cf.dat	1463004360	4
25246907.419	/home/tmp/lucy/apache-lucy-0.6.2/c/sample/mail_index/seg_1/cf.dat	1463004360	1
25246907.419	/home/tmp/lucy/apache-lucy-0.6.2/c/sample/mail_index/seg_1/cf.dat	1463004360	3
25246907.419	/home/tmp/lucy/apache-lucy-0.6.2/c/sample/mail_index/seg_1/cf.dat	1463004360	7
25246907.419	/home/tmp/lucy/apache-lucy-0.6.2/c/sample/mail_index/seg_1/cf.dat	1463004360	3
25246907.419	/home/tmp/lucy/apache-lucy-0.6.2/c/sample/mail_index/seg_1/cf.dat	1463004360	1
25246907.419	/home/tmp/lucy/apache-lucy-0.6.2/c/sample/mail_index/seg_1/cf.dat	1463004360	1
25246907.419	/home/tmp/lucy/apache-lucy-0.6.2/c/sample/mail_index/seg_1/cf.dat	1463004360	1
25246907.419	/home/tmp/lucy/apache-lucy-0.6.2/c/sample/mail_index/seg_1/cf.dat	1463004360	4
25246907.419	/home/tmp/lucy/apache-lucy-0.6.2/c/sample/mail_index/seg_1/cf.dat	1463004360	4
25246907.419	/home/tmp/lucy/apache-lucy-0.6.2/c/sample/mail_index/seg_1/cf.dat	1463004360	1
25246907.419	/home/tmp/lucy/apache-lucy-0.6.2/c/sample/mail_index/seg_1/cf.dat	1463004360	2
25246907.419	/home/tmp/lucy/apache-lucy-0.6.2/c/sample/mail_index/seg_1/cf.dat	1463004360	1
25246907.419	/home/tmp/lucy/apache-lucy-0.6.2/c/sample/mail_index/seg_1/cf.dat	1463004360	1
25246907.419	/home/tmp/lucy/apache-lucy-0.6.2/c/sample/mail_index/seg_1/cf.dat	1463004360	3
25246907.419	/home/tmp/lucy/apache-lucy-0.6.2/c/sample/mail_index/seg_1/cf.dat	1463004360	1
25246907.419	/home/tmp/lucy/apache-lucy-0.6.2/c/sample/mail_index/seg_1/cf.dat	1463004360	4
25246907.419	/home/tmp/lucy/apache-lucy-0.6.2/c/sample/mail_index/seg_1/cf.dat	1463004360	2
25246907.419	/home/tmp/lucy/apache-lucy-0.6.2/c/sample/mail_index/seg_1/cf.dat	1463004360	3
25246907.419	/home/tmp/lucy/apache-lucy-0.6.2/c/sample/mail_index/seg_1/cf.dat	1463004360	1
25246907.419	/home/tmp/lucy/apache-lucy-0.6.2/c/sample/mail_index/seg_1/cf.dat	1463004360	2
25246907.419	/home/tmp/lucy/apache-lucy-0.6.2/c/sample/mail_index/seg_1/cf.dat	1463004360	1
25246907.419	/home/tmp/lucy/apache-lucy-0.6.2/c/sample/mail_index/seg_1/cf.dat	1463004360	1
25246907.419	/home/tmp/lucy/apache-lucy-0.6.2/c/sample/mail_index/seg_1/cf.dat	1463004360	1
25246907.419	/home/tmp/lucy/apache-lucy-0.6.2/c/sample/mail_index/seg_1/cf.dat	1463004360	4
25246907.419	/home/tmp/lucy/apache-lucy-0.6.2/c/sample/mail_index/seg_1/cf.dat	1463004360	1
25246907.419	/home/tmp/lucy/apache-lucy-0.6.2/c/sample/mail_index/seg_1/cf.dat	1463004360	1
25246907.419	/home/tmp/lucy/apache-lucy-0.6.2/c/sample/mail_index/seg_1/cf.dat	1463004360	5
25246907.419	/home/tmp/lucy/apache-lucy-0.6.2/c/sample/mail_index/seg_1/cf.dat	1463004360	2
25246907.419	/home/tmp/lucy/apache-lucy-0.6.2/c/sample/mail_index/seg_1/cf.dat	1463004360	4
25246907.419	/home/tmp/lucy/apache-lucy-0.6.2/c/sample/mail_index/seg_1/cf.dat	1463004360	8
25246907.419	/home/tmp/lucy/apache-lucy-0.6.2/c/sample/mail_index/seg_1/cf.dat	1463004360	2
25246907.419	/home/tmp/lucy/apache-lucy-0.6.2/c/sample/mail_index/seg_1/cf.dat	1463004360	2
25246907.419	/home/tmp/lucy/apache-lucy-0.6.2/c/sample/mail_index/seg_1/cf.dat	1463004360	1
25246907.419	/home/tmp/lucy/apache-lucy-0.6.2/c/sample/mail_index/seg_1/cf.dat	1463004360	4
25246907.419	/home/tmp/lucy/apache-lucy-0.6.2/c/sample/mail_index/seg_1/cf.dat	1463004360	1
25246907.419	/home/tmp/lucy/apache-lucy-0.6.2/c/sample/mail_index/seg_1/cf.dat	1463004360	1
25246907.419	/home/tmp/lucy/apache-lucy-0.6.2/c/sample/mail_index/seg_1/cf.dat	1463004360	1
25246907.419	/home/tmp/lucy/apache-lucy-0.6.2/c/sample/mail_index/seg_1/cf.dat	1463004360	4
25246907.419	/home/tmp/lucy/apache-lucy-0.6.2/c/sample/mail_index/seg_1/cf.dat	1463004360	5
25246907.419	/home/tmp/lucy/apache-lucy-0.6.2/c/sample/mail_index/seg_1/cf.dat	1463004360	3
25246907.419	/home/tmp/lucy/apache-lucy-0.6.2/c/sample/mail_index/seg_1/cf.dat	1463004360	2
25246907.419	/home/tmp/lucy/apache-lucy-0.6.2/c/sample/mail_index/seg_1/cf.dat	1463004360	3
25246907.419	/home/tmp/lucy/apache-lucy-0.6.2/c/sample/mail_index/seg_1/cf.dat	1463004360	2
25246907.419	/home/tmp/lucy/apache-lucy-0.6.2/c/sample/mail_index/seg_1/cf.dat	1463004360	2
25246907.419	/home/tmp/lucy/apache-lucy-0.6.2/c/sample/mail_index/seg_1/cf.dat	1463004360	8
25246907.419	/home/tmp/lucy/apache-lucy-0.6.2/c/sample/mail_index/seg_1/cf.dat	1477804107	1024
25246907.419	/home/tmp/lucy/apache-lucy-0.6.2/c/sample/mail_index/seg_1/cf.dat	1463004360	2
25246907.419	/home/tmp/lucy/apache-lucy-0.6.2/c/sample/mail_index/seg_1/cf.dat	1463004360	1
25246907.419	/home/tmp/lucy/apache-lucy-0.6.2/c/sample/mail_index/seg_1/cf.dat	1463004360	1
25246907.419	/home/tmp/lucy/apache-lucy-0.6.2/c/sample/mail_index/seg_1/cf.dat	1463004360	1
25246907.419	/home/tmp/lucy/apache-lucy-0.6.2/c/sample/mail_index/seg_1/cf.dat	1463004360	1
25246907.419	/home/tmp/lucy/apache-lucy-0.6.2/c/sample/mail_index/seg_1/cf.dat	1463004360	3
25246907.419	/home/tmp/lucy/apache-lucy-0.6.2/c/sample/mail_index/seg_1/cf.dat	1463004360	2
25246907.419	/home/tmp/lucy/apache-lucy-0.6.2/c/sample/mail_index/seg_1/cf.dat	1463004360	1
25246907.419	/home/tmp/lucy/apache-lucy-0.6.2/c/sample/mail_index/seg_1/cf.dat	1463004360	1
25246907.419	/home/tmp/lucy/apache-lucy-0.6.2/c/sample/mail_index/seg_1/cf.dat	1463004360	3
25246907.419	/home/tmp/lucy/apache-lucy-0.6.2/c/sample/mail_index/seg_1/cf.dat	1463004360	3
25246907.419	/home/tmp/lucy/apache-lucy-0.6.2/c/sample/mail_index/seg_1/cf.dat	1463004360	1
25246907.419	/home/tmp/lucy/apache-lucy-0.6.2/c/sample/mail_index/seg_1/cf.dat	1484003581	1024
25246907.419	/home/tmp/lucy/apache-lucy-0.6.2/c/sample/mail_index/seg_1/cf.dat	1483858280	6
25246907.419	/home/tmp/lucy/apache-lucy-0.6.2/c/sample/mail_index/seg_1/cf.dat	1484077430	1024
25246907.419	/home/tmp/lucy/apache-lucy-0.6.2/c/sample/mail_index/seg_1/cf.dat	1483858280	6
25246907.419	/home/tmp/lucy/apache-lucy-0.6.2/c/sample/mail_index/seg_1/cf.dat	1484045974	1024
25246907.419	/home/tmp/lucy/apache-lucy-0.6.2/c/sample/mail_index/seg_1/cf.dat	1483858280	8
25246907.419	/home/tmp/lucy/apache-lucy-0.6.2/c/sample/mail_index/seg_1/cf.dat	1484061828	1024
25246907.419	/home/tmp/lucy/apache-lucy-0.6.2/c/sample/mail_index/seg_1/cf.dat	1483858280	6
25246907.419	/home/tmp/lucy/apache-lucy-0.6.2/c/sample/mail_index/seg_1/cf.dat	1484053608	1024
25246907.419	/home/tmp/lucy/apache-lucy-0.6.2/c/sample/mail_index/seg_1/cf.dat	1483858280	5
25246907.419	/home/tmp/lucy/apache-lucy-0.6.2/c/sample/mail_index/seg_1/cf.dat	1484049692	1024
25246907.419	/home/tmp/lucy/apache-lucy-0.6.2/c/sample/mail_index/seg_1/cf.dat	1483858280	8
25246907.419	/home/tmp/lucy/apache-lucy-0.6.2/c/sample/mail_index/seg_1/cf.dat	1484051588	1024
25246907.419	/home/tmp/lucy/apache-lucy-0.6.2/c/sample/mail_index/seg_1/cf.dat	1483858280	18
25246907.419	/home/tmp/lucy/apache-lucy-0.6.2/c/sample/mail_index/seg_1/cf.dat	1484050549	1024
25246907.419	/home/tmp/lucy/apache-lucy-0.6.2/c/sample/mail_index/seg_1/cf.dat	1483858280	9
25246907.419	/home/tmp/lucy/apache-lucy-0.6.2/c/sample/mail_index/seg_1/cf.dat	1484050131	1024
25246907.419	/home/tmp/lucy/apache-lucy-0.6.2/c/sample/mail_index/seg_1/cf.dat	1483858280	10
25246907.419	/home/tmp/lucy/apache-lucy-0.6.2/c/sample/mail_index/seg_1/cf.dat	1484049911	1024
25246907.419	/home/tmp/lucy/apache-lucy-0.6.2/c/sample/mail_index/seg_1/cf.dat	1483858280	7
25246907.419	/home/tmp/lucy/apache-lucy-0.6.2/c/sample/mail_index/seg_1/cf.dat	1483858280	6
25246907.419	/home/tmp/lucy/apache-lucy-0.6.2/c/sample/mail_index/seg_1/cf.dat	1483858280	14
25246907.419	/home/tmp/lucy/apache-lucy-0.6.2/c/sample/mail_index/seg_1/cf.dat	1483858280	10
25246907.419	/home/tmp/lucy/apache-lucy-0.6.2/c/sample/mail_index/seg_1/cf.dat	1483858280	8
25246907.419	/home/tmp/lucy/apache-lucy-0.6.2/c/sample/mail_index/seg_1/cf.dat	1483858280	10
25246907.419	/home/tmp/lucy/apache-lucy-0.6.2/c/sample/mail_index/seg_1/cf.dat	1477803083	1024
25246907.419	/home/tmp/lucy/apache-lucy-0.6.2/c/sample/mail_index/seg_1/cf.dat	1463004360	2
25246907.419	/home/tmp/lucy/apache-lucy-0.6.2/c/sample/mail_index/seg_1/cf.dat	1463004360	4
25246907.419	/home/tmp/lucy/apache-lucy-0.6.2/c/sample/mail_index/seg_1/cf.dat	1463004360	1
25246907.419	/home/tmp/lucy/apache-lucy-0.6.2/c/sample/mail_index/seg_1/cf.dat	1463004360	1
25246907.419	/home/tmp/lucy/apache-lucy-0.6.2/c/sample/mail_index/seg_1/cf.dat	1463004360	1
25246907.419	/home/tmp/lucy/apache-lucy-0.6.2/c/sample/mail_index/seg_1/cf.dat	1463004360	1
25246907.419	/home/tmp/lucy/apache-lucy-0.6.2/c/sample/mail_index/seg_1/cf.dat	1463004360	2
25246907.419	/home/tmp/lucy/apache-lucy-0.6.2/c/sample/mail_index/seg_1/cf.dat	1463004360	6
25246907.419	/home/tmp/lucy/apache-lucy-0.6.2/c/sample/mail_index/seg_1/cf.dat	1463004360	5
25246907.419	/home/tmp/lucy/apache-lucy-0.6.2/c/sample/mail_index/seg_1/cf.dat	1463004360	3
25246907.419	/home/tmp/lucy/apache-lucy-0.6.2/c/sample/mail_index/seg_1/cf.dat	1463004360	5
25246907.419	/home/tmp/lucy/apache-lucy-0.6.2/c/sample/mail_index/seg_1/cf.dat	1463004360	3
25246907.419	/home/tmp/lucy/apache-lucy-0.6.2/c/sample/mail_index/seg_1/cf.dat	1463004360	3
25246907.419	/home/tmp/lucy/apache-lucy-0.6.2/c/sample/mail_index/seg_1/cf.dat	1463004360	2
25246907.419	/home/tmp/lucy/apache-lucy-0.6.2/c/sample/mail_index/seg_1/cf.dat	1463004360	3
25246907.419	/home/tmp/lucy/apache-lucy-0.6.2/c/sample/mail_index/seg_1/cf.dat	1463004360	3
25246907.419	/home/tmp/lucy/apache-lucy-0.6.2/c/sample/mail_index/seg_1/cf.dat	1463004360	4
25246907.419	/home/tmp/lucy/apache-lucy-0.6.2/c/sample/mail_index/seg_1/cf.dat	1463004360	6
25246907.419	/home/tmp/lucy/apache-lucy-0.6.2/c/sample/mail_index/seg_1/cf.dat	1463004360	6
25246907.419	/home/tmp/lucy/apache-lucy-0.6.2/c/sample/mail_index/seg_1/cf.dat	1463004360	6
25246907.419	/home/tmp/lucy/apache-lucy-0.6.2/c/sample/mail_index/seg_1/cf.dat	1463004360	3
25246907.419	/home/tmp/lucy/apache-lucy-0.6.2/c/sample/mail_index/seg_1/cf.dat	1463004360	6
25246907.419	/home/tmp/lucy/apache-lucy-0.6.2/c/sample/mail_index/seg_1/cf.dat	1463004360	4
25246907.419	/home/tmp/lucy/apache-lucy-0.6.2/c/sample/mail_index/seg_1/cf.dat	1463004360	4
25246907.419	/home/tmp/lucy/apache-lucy-0.6.2/c/sample/mail_index/seg_1/cf.dat	1463004360	3
25246907.419	/home/tmp/lucy/apache-lucy-0.6.2/c/sample/mail_index/seg_1/cf.dat	1463004360	1
25246907.419	/home/tmp/lucy/apache-lucy-0.6.2/c/sample/mail_index/seg_1/cf.dat	1463004360	4
25246907.419	/home/tmp/lucy/apache-lucy-0.6.2/c/sample/mail_index/seg_1/cf.dat	1463004360	12
25246907.419	/home/tmp/lucy/apache-lucy-0.6.2/c/sample/mail_index/seg_1/cf.dat	1463004360	1
25246907.419	/home/tmp/lucy/apache-lucy-0.6.2/c/sample/mail_index/seg_1/cf.dat	1463004360	7
25246907.419	/home/tmp/lucy/apache-lucy-0.6.2/c/sample/mail_index/seg_1/cf.dat	1463004360	4
25246907.419	/home/tmp/lucy/apache-lucy-0.6.2/c/sample/mail_index/seg_1/cf.dat	1463004360	1
25246907.419	/home/tmp/lucy/apache-lucy-0.6.2/c/sample/mail_index/seg_1/cf.dat	1463004360	2
25246907.419	/home/tmp/lucy/apache-lucy-0.6.2/c/sample/mail_index/seg_1/cf.dat	1463004360	2
25246907.419	/home/tmp/lucy/apache-lucy-0.6.2/c/sample/mail_index/seg_1/cf.dat	1463004360	4
25246907.419	/home/tmp/lucy/apache-lucy-0.6.2/c/sample/mail_index/seg_1/cf.dat	1463004360	2
25246907.419	/home/tmp/lucy/apache-lucy-0.6.2/c/sample/mail_index/seg_1/cf.dat	1463004360	1
25246907.419	/home/tmp/lucy/apache-lucy-0.6.2/c/sample/mail_index/seg_1/cf.dat	1463004360	3
25246907.419	/home/tmp/lucy/apache-lucy-0.6.2/c/sample/mail_index/seg_1/cf.dat	1463004360	1
25246907.419	/home/tmp/lucy/apache-lucy-0.6.2/c/sample/mail_index/seg_1/cf.dat	1463004360	1
25246907.419	/home/tmp/lucy/apache-lucy-0.6.2/c/sample/mail_index/seg_1/cf.dat	1463004360	1
25246907.419	/home/tmp/lucy/apache-lucy-0.6.2/c/sample/mail_index/seg_1/cf.dat	1463004360	10
25246907.419	/home/tmp/lucy/apache-lucy-0.6.2/c/sample/mail_index/seg_1/cf.dat	1463004360	4
25246907.419	/home/tmp/lucy/apache-lucy-0.6.2/c/sample/mail_index/seg_1/cf.dat	1463004360	2
25246907.419	/home/tmp/lucy/apache-lucy-0.6.2/c/sample/mail_index/seg_1/cf.dat	1463004360	6
25246907.419	/home/tmp/lucy/apache-lucy-0.6.2/c/sample/mail_index/seg_1/cf.dat	1463004360	4
25246907.419	/home/tmp/lucy/apache-lucy-0.6.2/c/sample/mail_index/seg_1/cf.dat	1463004360	12
25246907.419	/home/tmp/lucy/apache-lucy-0.6.2/c/sample/mail_index/seg_1/cf.dat	1463004360	8
25246907.419	/home/tmp/lucy/apache-lucy-0.6.2/c/sample/mail_index/seg_1/cf.dat	1463004360	3
25246907.419	/home/tmp/lucy/apache-lucy-0.6.2/c/sample/mail_index/seg_1/cf.dat	1463004360	15
25246907.419	/home/tmp/lucy/apache-lucy-0.6.2/c/sample/mail_index/seg_1/cf.dat	1463004360	4
25246907.419	/home/tmp/lucy/apache-lucy-0.6.2/c/sample/mail_index/seg_1/cf.dat	1463004360	11
25246907.419	/home/tmp/lucy/apache-lucy-0.6.2/c/sample/mail_index/seg_1/cf.dat	1463004360	15
25246907.419	/home/tmp/lucy/apache-lucy-0.6.2/c/sample/mail_index/seg_1/cf.dat	1463004360	6
25246907.419	/home/tmp/lucy/apache-lucy-0.6.2/c/sample/mail_index/seg_1/cf.dat	1463004360	9
25246907.419	/home/tmp/lucy/apache-lucy-0.6.2/c/sample/mail_index/seg_1/cf.dat	1463004360	15
25246907.419	/home/tmp/lucy/apache-lucy-0.6.2/c/sample/mail_index/seg_1/cf.dat	1463004360	13
25246907.419	/home/tmp/lucy/apache-lucy-0.6.2/c/sample/mail_index/seg_1/cf.dat	1463004360	9
25246907.419	/home/tmp/lucy/apache-lucy-0.6.2/c/sample/mail_index/seg_1/cf.dat	1463004360	7
25246907.419	/home/tmp/lucy/apache-lucy-0.6.2/c/sample/mail_index/seg_1/cf.dat	1463004360	3
25246907.419	/home/tmp/lucy/apache-lucy-0.6.2/c/sample/mail_index/seg_1/cf.dat	1463004360	10
25246907.419	/home/tmp/lucy/apache-lucy-0.6.2/c/sample/mail_index/seg_1/cf.dat	1463004360	7
25246907.419	/home/tmp/lucy/apache-lucy-0.6.2/c/sample/mail_index/seg_1/cf.dat	1463004360	10
25246907.419	/home/tmp/lucy/apache-lucy-0.6.2/c/sample/mail_index/seg_1/cf.dat	1463004360	3
25246907.419	/home/tmp/lucy/apache-lucy-0.6.2/c/sample/mail_index/seg_1/cf.dat	1463004360	1
25246907.419	/home/tmp/lucy/apache-lucy-0.6.2/c/sample/mail_index/seg_1/cf.dat	1463004360	1
25246907.419	/home/tmp/lucy/apache-lucy-0.6.2/c/sample/mail_index/seg_1/cf.dat	1463004360	6
25246907.419	/home/tmp/lucy/apache-lucy-0.6.2/c/sample/mail_index/seg_1/cf.dat	1463004360	2
25246907.419	/home/tmp/lucy/apache-lucy-0.6.2/c/sample/mail_index/seg_1/cf.dat	1463004360	4
25246907.419	/home/tmp/lucy/apache-lucy-0.6.2/c/sample/mail_index/seg_1/cf.dat	1463004360	4
25246907.419	/home/tmp/lucy/apache-lucy-0.6.2/c/sample/mail_index/seg_1/cf.dat	1463004360	1
25246907.419	/home/tmp/lucy/apache-lucy-0.6.2/c/sample/mail_index/seg_1/cf.dat	1463004360	3
25246907.419	/home/tmp/lucy/apache-lucy-0.6.2/c/sample/mail_index/seg_1/cf.dat	1463004360	7
25246907.419	/home/tmp/lucy/apache-lucy-0.6.2/c/sample/mail_index/seg_1/cf.dat	1463004360	3
25246907.419	/home/tmp/lucy/apache-lucy-0.6.2/c/sample/mail_index/seg_1/cf.dat	1463004360	1
25246907.419	/home/tmp/lucy/apache-lucy-0.6.2/c/sample/mail_index/seg_1/cf.dat	1463004360	1
25246907.419	/home/tmp/lucy/apache-lucy-0.6.2/c/sample/mail_index/seg_1/cf.dat	1463004360	1
25246907.419	/home/tmp/lucy/apache-lucy-0.6.2/c/sample/mail_index/seg_1/cf.dat	1463004360	4
25246907.419	/home/tmp/lucy/apache-lucy-0.6.2/c/sample/mail_index/seg_1/cf.dat	1463004360	4
25246907.419	/home/tmp/lucy/apache-lucy-0.6.2/c/sample/mail_index/seg_1/cf.dat	1463004360	1
25246907.419	/home/tmp/lucy/apache-lucy-0.6.2/c/sample/mail_index/seg_1/cf.dat	1463004360	2
25246907.419	/home/tmp/lucy/apache-lucy-0.6.2/c/sample/mail_index/seg_1/cf.dat	1463004360	1
25246907.419	/home/tmp/lucy/apache-lucy-0.6.2/c/sample/mail_index/seg_1/cf.dat	1463004360	1
25246907.419	/home/tmp/lucy/apache-lucy-0.6.2/c/sample/mail_index/seg_1/cf.dat	1463004360	3
25246907.419	/home/tmp/lucy/apache-lucy-0.6.2/c/sample/mail_index/seg_1/cf.dat	1463004360	1
25246907.419	/home/tmp/lucy/apache-lucy-0.6.2/c/sample/mail_index/seg_1/cf.dat	1463004360	4
25246907.419	/home/tmp/lucy/apache-lucy-0.6.2/c/sample/mail_index/seg_1/cf.dat	1463004360	2
25246907.419	/home/tmp/lucy/apache-lucy-0.6.2/c/sample/mail_index/seg_1/cf.dat	1463004360	3
25246907.419	/home/tmp/lucy/apache-lucy-0.6.2/c/sample/mail_index/seg_1/cf.dat	1463004360	1
25246907.419	/home/tmp/lucy/apache-lucy-0.6.2/c/sample/mail_index/seg_1/cf.dat	1463004360	2
25246907.419	/home/tmp/lucy/apache-lucy-0.6.2/c/sample/mail_index/seg_1/cf.dat	1463004360	1
25246907.419	/home/tmp/lucy/apache-lucy-0.6.2/c/sample/mail_index/seg_1/cf.dat	1463004360	1
25246907.419	/home/tmp/lucy/apache-lucy-0.6.2/c/sample/mail_index/seg_1/cf.dat	1463004360	1
25246907.419	/home/tmp/lucy/apache-lucy-0.6.2/c/sample/mail_index/seg_1/cf.dat	1463004360	4
25246907.419	/home/tmp/lucy/apache-lucy-0.6.2/c/sample/mail_index/seg_1/cf.dat	1463004360	1
25246907.419	/home/tmp/lucy/apache-lucy-0.6.2/c/sample/mail_index/seg_1/cf.dat	1463004360	1
25246907.419	/home/tmp/lucy/apache-lucy-0.6.2/c/sample/mail_index/seg_1/cf.dat	1463004360	5
25246907.419	/home/tmp/lucy/apache-lucy-0.6.2/c/sample/mail_index/seg_1/cf.dat	1463004360	2
25246907.419	/home/tmp/lucy/apache-lucy-0.6.2/c/sample/mail_index/seg_1/cf.dat	1463004360	4
25246907.419	/home/tmp/lucy/apache-lucy-0.6.2/c/sample/mail_index/seg_1/cf.dat	1463004360	8
25246907.419	/home/tmp/lucy/apache-lucy-0.6.2/c/sample/mail_index/seg_1/cf.dat	1463004360	2
25246907.419	/home/tmp/lucy/apache-lucy-0.6.2/c/sample/mail_index/seg_1/cf.dat	1463004360	2
25246907.419	/home/tmp/lucy/apache-lucy-0.6.2/c/sample/mail_index/seg_1/cf.dat	1463004360	1
25246907.419	/home/tmp/lucy/apache-lucy-0.6.2/c/sample/mail_index/seg_1/cf.dat	1463004360	4
25246907.419	/home/tmp/lucy/apache-lucy-0.6.2/c/sample/mail_index/seg_1/cf.dat	1463004360	1
25246907.419	/home/tmp/lucy/apache-lucy-0.6.2/c/sample/mail_index/seg_1/cf.dat	1463004360	1
25246907.419	/home/tmp/lucy/apache-lucy-0.6.2/c/sample/mail_index/seg_1/cf.dat	1463004360	1
25246907.419	/home/tmp/lucy/apache-lucy-0.6.2/c/sample/mail_index/seg_1/cf.dat	1463004360	4
25246907.419	/home/tmp/lucy/apache-lucy-0.6.2/c/sample/mail_index/seg_1/cf.dat	1463004360	5
25246907.419	/home/tmp/lucy/apache-lucy-0.6.2/c/sample/mail_index/seg_1/cf.dat	1463004360	3
25246907.419	/home/tmp/lucy/apache-lucy-0.6.2/c/sample/mail_index/seg_1/cf.dat	1463004360	2
25246907.419	/home/tmp/lucy/apache-lucy-0.6.2/c/sample/mail_index/seg_1/cf.dat	1463004360	3
25246907.419	/home/tmp/lucy/apache-lucy-0.6.2/c/sample/mail_index/seg_1/cf.dat	1463004360	2
25246907.419	/home/tmp/lucy/apache-lucy-0.6.2/c/sample/mail_index/seg_1/cf.dat	1463004360	2
25246907.419	/home/tmp/lucy/apache-lucy-0.6.2/c/sample/mail_index/seg_1/cf.dat	1463004360	8
25246907.419	/home/tmp/lucy/apache-lucy-0.6.2/c/sample/mail_index/seg_1/cf.dat	1477804107	1024
25246907.419	/home/tmp/lucy/apache-lucy-0.6.2/c/sample/mail_index/seg_1/cf.dat	1463004360	2
25246907.419	/home/tmp/lucy/apache-lucy-0.6.2/c/sample/mail_index/seg_1/cf.dat	1463004360	1
25246907.419	/home/tmp/lucy/apache-lucy-0.6.2/c/sample/mail_index/seg_1/cf.dat	1463004360	1
25246907.419	/home/tmp/lucy/apache-lucy-0.6.2/c/sample/mail_index/seg_1/cf.dat	1463004360	1
25246907.419	/home/tmp/lucy/apache-lucy-0.6.2/c/sample/mail_index/seg_1/cf.dat	1463004360	1
25246907.419	/home/tmp/lucy/apache-lucy-0.6.2/c/sample/mail_index/seg_1/cf.dat	1463004360	3
25246907.419	/home/tmp/lucy/apache-lucy-0.6.2/c/sample/mail_index/seg_1/cf.dat	1463004360	2
25246907.419	/home/tmp/lucy/apache-lucy-0.6.2/c/sample/mail_index/seg_1/cf.dat	1463004360	1
25246907.419	/home/tmp/lucy/apache-lucy-0.6.2/c/sample/mail_index/seg_1/cf.dat	1463004360	1
25246907.419	/home/tmp/lucy/apache-lucy-0.6.2/c/sample/mail_index/seg_1/cf.dat	1463004360	3
25246907.419	/home/tmp/lucy/apache-lucy-0.6.2/c/sample/mail_index/seg_1/cf.dat	1463004360	3
25246907.419	/home/tmp/lucy/apache-lucy-0.6.2/c/sample/mail_index/seg_1/cf.dat	1463004360	1
25246907.419	/home/tmp/lucy/apache-lucy-0.6.2/c/sample/mail_index/seg_1/cf.dat	2020735299	1024
25246907.419	/home/tmp/lucy/apache-lucy-0.6.2/c/sample/mail_index/seg_1/cf.dat	1614650191	1024
25246907.419	/home/tmp/lucy/apache-lucy-0.6.2/c/sample/mail_index/seg_1/cf.dat	1614651117	1024
25246907.420	/home/tmp/lucy/apache-lucy-0.6.2/c/sample/mail_index/seg_1/cf.dat	1614652117	1024
25246907.420	/home/tmp/lucy/apache-lucy-0.6.2/c/sample/mail_index/seg_1/cf.dat	1614652394	1200
25246907.420	/home/tmp/lucy/apache-lucy-0.6.2/c/sample/mail_index/seg_1/cf.dat	1614653538	1024
25246907.420	/home/tmp/lucy/apache-lucy-0.6.2/c/sample/mail_index/seg_1/cf.dat	1614654519	1024
25246907.420	/home/tmp/lucy/apache-lucy-0.6.2/c/sample/mail_index/seg_1/cf.dat	1614655529	1024
25246907.420	/home/tmp/lucy/apache-lucy-0.6.2/c/sample/mail_index/seg_1/cf.dat	1614656544	1024
25246907.420	/home/tmp/lucy/apache-lucy-0.6.2/c/sample/mail_index/seg_1/cf.dat	1614657559	1024
25246907.420	/home/tmp/lucy/apache-lucy-0.6.2/c/sample/mail_index/seg_1/cf.dat	1614658508	1024
25246907.420	/home/tmp/lucy/apache-lucy-0.6.2/c/sample/mail_index/seg_1/cf.dat	1614659524	1024
25246907.420	/home/tmp/lucy/apache-lucy-0.6.2/c/sample/mail_index/seg_1/cf.dat	1614660540	1024
25246907.420	/home/tmp/lucy/apache-lucy-0.6.2/c/sample/mail_index/seg_1/cf.dat	1614661513	1024
25246907.420	/home/tmp/lucy/apache-lucy-0.6.2/c/sample/mail_index/seg_1/cf.dat	1614662520	1024
25246907.420	/home/tmp/lucy/apache-lucy-0.6.2/c/sample/mail_index/seg_1/cf.dat	1614663538	1024
25246907.420	/home/tmp/lucy/apache-lucy-0.6.2/c/sample/mail_index/seg_1/cf.dat	1614664555	1024
25246907.420	/home/tmp/lucy/apache-lucy-0.6.2/c/sample/mail_index/seg_1/cf.dat	1614665562	1024
25246907.420	/home/tmp/lucy/apache-lucy-0.6.2/c/sample/mail_index/seg_1/cf.dat	1614666573	1024
25246907.420	/home/tmp/lucy/apache-lucy-0.6.2/c/sample/mail_index/seg_1/cf.dat	1614667548	1024
25246907.420	/home/tmp/lucy/apache-lucy-0.6.2/c/sample/mail_index/seg_1/cf.dat	1614668563	1024
25246907.420	/home/tmp/lucy/apache-lucy-0.6.2/c/sample/mail_index/seg_1/cf.dat	1614669548	1024
25246907.420	/home/tmp/lucy/apache-lucy-0.6.2/c/sample/mail_index/seg_1/cf.dat	1614670540	1024
25246907.420	/home/tmp/lucy/apache-lucy-0.6.2/c/sample/mail_index/seg_1/cf.dat	1614671556	1024
25246907.420	/home/tmp/lucy/apache-lucy-0.6.2/c/sample/mail_index/seg_1/cf.dat	1614672572	1024
25246907.420	/home/tmp/lucy/apache-lucy-0.6.2/c/sample/mail_index/seg_1/cf.dat	1614673589	1024
25246907.420	/home/tmp/lucy/apache-lucy-0.6.2/c/sample/mail_index/seg_1/cf.dat	1614674581	1024
25246907.420	/home/tmp/lucy/apache-lucy-0.6.2/c/sample/mail_index/seg_1/cf.dat	1614675573	1024
25246907.420	/home/tmp/lucy/apache-lucy-0.6.2/c/sample/mail_index/seg_1/cf.dat	1614676585	1024
25246907.420	/home/tmp/lucy/apache-lucy-0.6.2/c/sample/mail_index/seg_1/cf.dat	1614677598	1024
25246907.420	/home/tmp/lucy/apache-lucy-0.6.2/c/sample/mail_index/seg_1/cf.dat	1614678594	1024
25246907.421	/home/tmp/lucy/apache-lucy-0.6.2/c/sample/mail_index/seg_1/cf.dat	1614679588	1024
25246907.421	/home/tmp/lucy/apache-lucy-0.6.2/c/sample/mail_index/seg_1/cf.dat	1614680603	1024
25246907.421	/home/tmp/lucy/apache-lucy-0.6.2/c/sample/mail_index/seg_1/cf.dat	1614681606	1024
25246907.421	/home/tmp/lucy/apache-lucy-0.6.2/c/sample/mail_index/seg_1/cf.dat	1614682349	1024
25246907.421	/home/tmp/lucy/apache-lucy-0.6.2/c/sample/mail_index/seg_1/cf.dat	1614682554	1175
25246907.421	/home/tmp/lucy/apache-lucy-0.6.2/c/sample/mail_index/seg_1/cf.dat	1614683087	1024
25246907.421	/home/tmp/lucy/apache-lucy-0.6.2/c/sample/mail_index/seg_1/cf.dat	1614683908	1024
25246907.421	/home/tmp/lucy/apache-lucy-0.6.2/c/sample/mail_index/seg_1/cf.dat	1614684610	1024
25246907.421	/home/tmp/lucy/apache-lucy-0.6.2/c/sample/mail_index/seg_1/cf.dat	1614685230	1024
25246907.421	/home/tmp/lucy/apache-lucy-0.6.2/c/sample/mail_index/seg_1/cf.dat	1614685829	1024
25246907.421	/home/tmp/lucy/apache-lucy-0.6.2/c/sample/mail_index/seg_1/cf.dat	1614686843	1024
25246907.421	/home/tmp/lucy/apache-lucy-0.6.2/c/sample/mail_index/seg_1/cf.dat	1614687846	1024
25246907.421	/home/tmp/lucy/apache-lucy-0.6.2/c/sample/mail_index/seg_1/cf.dat	1614688349	1024
25246907.421	/home/tmp/lucy/apache-lucy-0.6.2/c/sample/mail_index/seg_1/cf.dat	1614688703	1024
25246907.421	/home/tmp/lucy/apache-lucy-0.6.2/c/sample/mail_index/seg_1/cf.dat	1614689457	1024
25246907.421	/home/tmp/lucy/apache-lucy-0.6.2/c/sample/mail_index/seg_1/cf.dat	1614690124	1024
25246907.421	/home/tmp/lucy/apache-lucy-0.6.2/c/sample/mail_index/seg_1/cf.dat	1614690785	1024
25246907.421	/home/tmp/lucy/apache-lucy-0.6.2/c/sample/mail_index/seg_1/cf.dat	1614691700	1024
25246907.421	/home/tmp/lucy/apache-lucy-0.6.2/c/sample/mail_index/seg_1/cf.dat	1614692574	1024
25246907.421	/home/tmp/lucy/apache-lucy-0.6.2/c/sample/mail_index/seg_1/cf.dat	1614693021	1175
25246907.421	/home/tmp/lucy/apache-lucy-0.6.2/c/sample/mail_index/seg_1/cf.dat	1614693395	1024
25246907.421	/home/tmp/lucy/apache-lucy-0.6.2/c/sample/mail_index/seg_1/cf.dat	1614694330	1024
25246907.421	/home/tmp/lucy/apache-lucy-0.6.2/c/sample/mail_index/seg_1/cf.dat	1614694983	1024
25246907.421	/home/tmp/lucy/apache-lucy-0.6.2/c/sample/mail_index/seg_1/cf.dat	2020736323	1024
25246907.421	/home/tmp/lucy/apache-lucy-0.6.2/c/sample/mail_index/seg_1/cf.dat	1614695917	1024
25246907.421	/home/tmp/lucy/apache-lucy-0.6.2/c/sample/mail_index/seg_1/cf.dat	1614696932	1024
25246907.421	/home/tmp/lucy/apache-lucy-0.6.2/c/sample/mail_index/seg_1/cf.dat	1614697937	1024
25246907.421	/home/tmp/lucy/apache-lucy-0.6.2/c/sample/mail_index/seg_1/cf.dat	1614698947	1024
25246907.421	/home/tmp/lucy/apache-lucy-0.6.2/c/sample/mail_index/seg_1/cf.dat	1614699953	1024
25246907.421	/home/tmp/lucy/apache-lucy-0.6.2/c/sample/mail_index/seg_1/cf.dat	1614700769	1024
25246907.421	/home/tmp/lucy/apache-lucy-0.6.2/c/sample/mail_index/seg_1/cf.dat	1614701187	1175
25246907.421	/home/tmp/lucy/apache-lucy-0.6.2/c/sample/mail_index/seg_1/cf.dat	1614701734	1024
25246907.421	/home/tmp/lucy/apache-lucy-0.6.2/c/sample/mail_index/seg_1/cf.dat	1614702299	1024
25246907.421	/home/tmp/lucy/apache-lucy-0.6.2/c/sample/mail_index/seg_1/cf.dat	1614702821	1024
25246907.421	/home/tmp/lucy/apache-lucy-0.6.2/c/sample/mail_index/seg_1/cf.dat	1614703836	1024
25246907.421	/home/tmp/lucy/apache-lucy-0.6.2/c/sample/mail_index/seg_1/cf.dat	1614704628	1024
25246907.421	/home/tmp/lucy/apache-lucy-0.6.2/c/sample/mail_index/seg_1/cf.dat	1614705017	1024
25246907.421	/home/tmp/lucy/apache-lucy-0.6.2/c/sample/mail_index/seg_1/cf.dat	1614705974	1024
25246907.421	/home/tmp/lucy/apache-lucy-0.6.2/c/sample/mail_index/seg_1/cf.dat	1614706474	1024
25246907.421	/home/tmp/lucy/apache-lucy-0.6.2/c/sample/mail_index/seg_1/cf.dat	1614707292	1024
25246907.421	/home/tmp/lucy/apache-lucy-0.6.2/c/sample/mail_index/seg_1/cf.dat	1614707555	1024
25246907.421	/home/tmp/lucy/apache-lucy-0.6.2/c/sample/mail_index/seg_1/cf.dat	1614708152	1024
25246907.421	/home/tmp/lucy/apache-lucy-0.6.2/c/sample/mail_index/seg_1/cf.dat	1614708353	1175
25246907.421	/home/tmp/lucy/apache-lucy-0.6.2/c/sample/mail_index/seg_1/cf.dat	1614709086	1024
25246907.421	/home/tmp/lucy/apache-lucy-0.6.2/c/sample/mail_index/seg_1/cf.dat	1614710072	1024
25246907.421	/home/tmp/lucy/apache-lucy-0.6.2/c/sample/mail_index/seg_1/cf.dat	1614711086	1024
25246907.421	/home/tmp/lucy/apache-lucy-0.6.2/c/sample/mail_index/seg_1/cf.dat	1614712045	1024
25246907.421	/home/tmp/lucy/apache-lucy-0.6.2/c/sample/mail_index/seg_1/cf.dat	1614712962	1024
25246907.421	/home/tmp/lucy/apache-lucy-0.6.2/c/sample/mail_index/seg_1/cf.dat	1614713974	1024
25246907.421	/home/tmp/lucy/apache-lucy-0.6.2/c/sample/mail_index/seg_1/cf.dat	1614714989	1024
25246907.421	/home/tmp/lucy/apache-lucy-0.6.2/c/sample/mail_index/seg_1/cf.dat	1614715715	1024
25246907.421	/home/tmp/lucy/apache-lucy-0.6.2/c/sample/mail_index/seg_1/cf.dat	1614716216	1175
25246907.421	/home/tmp/lucy/apache-lucy-0.6.2/c/sample/mail_index/seg_1/cf.dat	1614717272	1024
25246907.421	/home/tmp/lucy/apache-lucy-0.6.2/c/sample/mail_index/seg_1/cf.dat	1614718267	1024
25246907.421	/home/tmp/lucy/apache-lucy-0.6.2/c/sample/mail_index/seg_1/cf.dat	1614719250	1024
25246907.422	/home/tmp/lucy/apache-lucy-0.6.2/c/sample/mail_index/seg_1/cf.dat	1614720266	1024
25246907.422	/home/tmp/lucy/apache-lucy-0.6.2/c/sample/mail_index/seg_1/cf.dat	1614721282	1024
25246907.422	/home/tmp/lucy/apache-lucy-0.6.2/c/sample/mail_index/seg_1/cf.dat	1614722296	1024
25246907.422	/home/tmp/lucy/apache-lucy-0.6.2/c/sample/mail_index/seg_1/cf.dat	1614723194	1024
25246907.422	/home/tmp/lucy/apache-lucy-0.6.2/c/sample/mail_index/seg_1/cf.dat	1614724025	1024
25246907.422	/home/tmp/lucy/apache-lucy-0.6.2/c/sample/mail_index/seg_1/cf.dat	1614724827	1024
25246907.422	/home/tmp/lucy/apache-lucy-0.6.2/c/sample/mail_index/seg_1/cf.dat	1614725774	1024
25246907.422	/home/tmp/lucy/apache-lucy-0.6.2/c/sample/mail_index/seg_1/cf.dat	1614726785	1024
25246907.422	/home/tmp/lucy/apache-lucy-0.6.2/c/sample/mail_index/seg_1/cf.dat	1614727744	1024
25246907.422	/home/tmp/lucy/apache-lucy-0.6.2/c/sample/mail_index/seg_1/cf.dat	1614728655	1024
25246907.422	/home/tmp/lucy/apache-lucy-0.6.2/c/sample/mail_index/seg_1/cf.dat	1614729604	1024
25246907.422	/home/tmp/lucy/apache-lucy-0.6.2/c/sample/mail_index/seg_1/cf.dat	1614730478	1024
25246907.422	/home/tmp/lucy/apache-lucy-0.6.2/c/sample/mail_index/seg_1/cf.dat	1614731481	1024
25246907.422	/home/tmp/lucy/apache-lucy-0.6.2/c/sample/mail_index/seg_1/cf.dat	1614732493	1024
25246907.422	/home/tmp/lucy/apache-lucy-0.6.2/c/sample/mail_index/seg_1/cf.dat	1614733505	1024
25246907.422	/home/tmp/lucy/apache-lucy-0.6.2/c/sample/mail_index/seg_1/cf.dat	1614734518	1024
25246907.422	/home/tmp/lucy/apache-lucy-0.6.2/c/sample/mail_index/seg_1/cf.dat	1614735437	1024
25246907.422	/home/tmp/lucy/apache-lucy-0.6.2/c/sample/mail_index/seg_1/cf.dat	1614736447	1024
25246907.422	/home/tmp/lucy/apache-lucy-0.6.2/c/sample/mail_index/seg_1/cf.dat	1614737442	1024
25246907.422	/home/tmp/lucy/apache-lucy-0.6.2/c/sample/mail_index/seg_1/cf.dat	1614738386	1024
25246907.422	/home/tmp/lucy/apache-lucy-0.6.2/c/sample/mail_index/seg_1/cf.dat	1614739365	1024
25246907.422	/home/tmp/lucy/apache-lucy-0.6.2/c/sample/mail_index/seg_1/cf.dat	1614740354	1024
25246907.422	/home/tmp/lucy/apache-lucy-0.6.2/c/sample/mail_index/seg_1/cf.dat	1614741273	1024
25246907.422	/home/tmp/lucy/apache-lucy-0.6.2/c/sample/mail_index/seg_1/cf.dat	1614742289	1024
25246907.422	/home/tmp/lucy/apache-lucy-0.6.2/c/sample/mail_index/seg_1/cf.dat	1614743297	1024
25246907.422	/home/tmp/lucy/apache-lucy-0.6.2/c/sample/mail_index/seg_1/cf.dat	1614744312	1024
25246907.422	/home/tmp/lucy/apache-lucy-0.6.2/c/sample/mail_index/seg_1/cf.dat	1614745266	1024
25246907.422	/home/tmp/lucy/apache-lucy-0.6.2/c/sample/mail_index/seg_1/cf.dat	1614746218	1024
25246907.422	/home/tmp/lucy/apache-lucy-0.6.2/c/sample/mail_index/seg_1/cf.dat	1614747131	1024
25246907.422	/home/tmp/lucy/apache-lucy-0.6.2/c/sample/mail_index/seg_1/cf.dat	2020737347	1024
25246907.422	/home/tmp/lucy/apache-lucy-0.6.2/c/sample/mail_index/seg_1/cf.dat	1614748146	1024
25246907.422	/home/tmp/lucy/apache-lucy-0.6.2/c/sample/mail_index/seg_1/cf.dat	1614749162	1024
25246907.422	/home/tmp/lucy/apache-lucy-0.6.2/c/sample/mail_index/seg_1/cf.dat	1614750100	1024
25246907.422	/home/tmp/lucy/apache-lucy-0.6.2/c/sample/mail_index/seg_1/cf.dat	1614751103	1024
25246907.422	/home/tmp/lucy/apache-lucy-0.6.2/c/sample/mail_index/seg_1/cf.dat	1614752026	1024
25246907.422	/home/tmp/lucy/apache-lucy-0.6.2/c/sample/mail_index/seg_1/cf.dat	1614753021	1024
25246907.423	/home/tmp/lucy/apache-lucy-0.6.2/c/sample/mail_index/seg_1/cf.dat	1614754036	1024
25246907.423	/home/tmp/lucy/apache-lucy-0.6.2/c/sample/mail_index/seg_1/cf.dat	1614755051	1024
25246907.423	/home/tmp/lucy/apache-lucy-0.6.2/c/sample/mail_index/seg_1/cf.dat	1614756052	1024
25246907.423	/home/tmp/lucy/apache-lucy-0.6.2/c/sample/mail_index/seg_1/cf.dat	1614757013	1024
25246907.423	/home/tmp/lucy/apache-lucy-0.6.2/c/sample/mail_index/seg_1/cf.dat	1614757971	1024
25246907.423	/home/tmp/lucy/apache-lucy-0.6.2/c/sample/mail_index/seg_1/cf.dat	1614758982	1024
25246907.423	/home/tmp/lucy/apache-lucy-0.6.2/c/sample/mail_index/seg_1/cf.dat	1614759990	1024
25246907.423	/home/tmp/lucy/apache-lucy-0.6.2/c/sample/mail_index/seg_1/cf.dat	1614760997	1024
25246907.423	/home/tmp/lucy/apache-lucy-0.6.2/c/sample/mail_index/seg_1/cf.dat	1614761009	1175
25246907.423	/home/tmp/lucy/apache-lucy-0.6.2/c/sample/mail_index/seg_1/cf.dat	1614761706	1024
25246907.423	/home/tmp/lucy/apache-lucy-0.6.2/c/sample/mail_index/seg_1/cf.dat	1614762712	1024
25246907.423	/home/tmp/lucy/apache-lucy-0.6.2/c/sample/mail_index/seg_1/cf.dat	1614763728	1024
25246907.423	/home/tmp/lucy/apache-lucy-0.6.2/c/sample/mail_index/seg_1/cf.dat	1614764739	1024
25246907.423	/home/tmp/lucy/apache-lucy-0.6.2/c/sample/mail_index/seg_1/cf.dat	1614765753	1024
25246907.423	/home/tmp/lucy/apache-lucy-0.6.2/c/sample/mail_index/seg_1/cf.dat	1614766417	1024
25246907.423	/home/tmp/lucy/apache-lucy-0.6.2/c/sample/mail_index/seg_1/cf.dat	1614767347	1024
25246907.423	/home/tmp/lucy/apache-lucy-0.6.2/c/sample/mail_index/seg_1/cf.dat	1614767705	1024
25246907.423	/home/tmp/lucy/apache-lucy-0.6.2/c/sample/mail_index/seg_1/cf.dat	1614768719	1024
25246907.423	/home/tmp/lucy/apache-lucy-0.6.2/c/sample/mail_index/seg_1/cf.dat	1614769724	1024
25246907.423	/home/tmp/lucy/apache-lucy-0.6.2/c/sample/mail_index/seg_1/cf.dat	1614770613	1024
25246907.423	/home/tmp/lucy/apache-lucy-0.6.2/c/sample/mail_index/seg_1/cf.dat	1614771627	1024
25246907.423	/home/tmp/lucy/apache-lucy-0.6.2/c/sample/mail_index/seg_1/cf.dat	1614772485	1024
25246907.423	/home/tmp/lucy/apache-lucy-0.6.2/c/sample/mail_index/seg_1/cf.dat	1614773500	1024
25246907.423	/home/tmp/lucy/apache-lucy-0.6.2/c/sample/mail_index/seg_1/cf.dat	1614774503	1024
25246907.423	/home/tmp/lucy/apache-lucy-0.6.2/c/sample/mail_index/seg_1/cf.dat	1614775470	1024
25246907.423	/home/tmp/lucy/apache-lucy-0.6.2/c/sample/mail_index/seg_1/cf.dat	1614776428	1024
25246907.423	/home/tmp/lucy/apache-lucy-0.6.2/c/sample/mail_index/seg_1/cf.dat	1614777379	1024
25246907.423	/home/tmp/lucy/apache-lucy-0.6.2/c/sample/mail_index/seg_1/cf.dat	1614778394	1024
25246907.423	/home/tmp/lucy/apache-lucy-0.6.2/c/sample/mail_index/seg_1/cf.dat	1614779394	1024
25246907.423	/home/tmp/lucy/apache-lucy-0.6.2/c/sample/mail_index/seg_1/cf.dat	1614780388	1024
25246907.423	/home/tmp/lucy/apache-lucy-0.6.2/c/sample/mail_index/seg_1/cf.dat	1614781382	1024
25246907.423	/home/tmp/lucy/apache-lucy-0.6.2/c/sample/mail_index/seg_1/cf.dat	1614782378	1024
25246907.423	/home/tmp/lucy/apache-lucy-0.6.2/c/sample/mail_index/seg_1/cf.dat	1614783367	1024
25246907.423	/home/tmp/lucy/apache-lucy-0.6.2/c/sample/mail_index/seg_1/cf.dat	1614784378	1024
25246907.423	/home/tmp/lucy/apache-lucy-0.6.2/c/sample/mail_index/seg_1/cf.dat	1614785385	1024
25246907.424	/home/tmp/lucy/apache-lucy-0.6.2/c/sample/mail_index/seg_1/cf.dat	1614786400	1024
25246907.424	/home/tmp/lucy/apache-lucy-0.6.2/c/sample/mail_index/seg_1/cf.dat	1614787325	1024
25246907.424	/home/tmp/lucy/apache-lucy-0.6.2/c/sample/mail_index/seg_1/cf.dat	1614788328	1024
25246907.424	/home/tmp/lucy/apache-lucy-0.6.2/c/sample/mail_index/seg_1/cf.dat	1614789332	1024
25246907.424	/home/tmp/lucy/apache-lucy-0.6.2/c/sample/mail_index/seg_1/cf.dat	1614790346	1024
25246907.424	/home/tmp/lucy/apache-lucy-0.6.2/c/sample/mail_index/seg_1/cf.dat	2020738371	1024
25246907.424	/home/tmp/lucy/apache-lucy-0.6.2/c/sample/mail_index/seg_1/cf.dat	1614791363	1024
25246907.424	/home/tmp/lucy/apache-lucy-0.6.2/c/sample/mail_index/seg_1/cf.dat	1614792370	1024
25246907.424	/home/tmp/lucy/apache-lucy-0.6.2/c/sample/mail_index/seg_1/cf.dat	1614793374	1024
25246907.424	/home/tmp/lucy/apache-lucy-0.6.2/c/sample/mail_index/seg_1/cf.dat	1614794391	1024
25246907.424	/home/tmp/lucy/apache-lucy-0.6.2/c/sample/mail_index/seg_1/cf.dat	1614795407	1024
25246907.424	/home/tmp/lucy/apache-lucy-0.6.2/c/sample/mail_index/seg_1/cf.dat	1614796422	1024
25246907.424	/home/tmp/lucy/apache-lucy-0.6.2/c/sample/mail_index/seg_1/cf.dat	1614797356	1024
25246907.424	/home/tmp/lucy/apache-lucy-0.6.2/c/sample/mail_index/seg_1/cf.dat	1614798246	1024
25246907.424	/home/tmp/lucy/apache-lucy-0.6.2/c/sample/mail_index/seg_1/cf.dat	1614799262	1024
25246907.424	/home/tmp/lucy/apache-lucy-0.6.2/c/sample/mail_index/seg_1/cf.dat	1614800276	1024
25246907.424	/home/tmp/lucy/apache-lucy-0.6.2/c/sample/mail_index/seg_1/cf.dat	1614801200	1024
25246907.424	/home/tmp/lucy/apache-lucy-0.6.2/c/sample/mail_index/seg_1/cf.dat	1614802047	1024
25246907.424	/home/tmp/lucy/apache-lucy-0.6.2/c/sample/mail_index/seg_1/cf.dat	1614803055	1024
25246907.424	/home/tmp/lucy/apache-lucy-0.6.2/c/sample/mail_index/seg_1/cf.dat	1614804050	1024
25246907.424	/home/tmp/lucy/apache-lucy-0.6.2/c/sample/mail_index/seg_1/cf.dat	1614805065	1024
25246907.424	/home/tmp/lucy/apache-lucy-0.6.2/c/sample/mail_index/seg_1/cf.dat	1614806073	1024
25246907.424	/home/tmp/lucy/apache-lucy-0.6.2/c/sample/mail_index/seg_1/cf.dat	1614807087	1024
25246907.424	/home/tmp/lucy/apache-lucy-0.6.2/c/sample/mail_index/seg_1/cf.dat	1614808103	1024
25246907.424	/home/tmp/lucy/apache-lucy-0.6.2/c/sample/mail_index/seg_1/cf.dat	1614809117	1024
25246907.424	/home/tmp/lucy/apache-lucy-0.6.2/c/sample/mail_index/seg_1/cf.dat	1614810073	1024
25246907.424	/home/tmp/lucy/apache-lucy-0.6.2/c/sample/mail_index/seg_1/cf.dat	1614810770	1024
25246907.424	/home/tmp/lucy/apache-lucy-0.6.2/c/sample/mail_index/seg_1/cf.dat	1614810982	1024
25246907.424	/home/tmp/lucy/apache-lucy-0.6.2/c/sample/mail_index/seg_1/cf.dat	1614811748	1024
25246907.424	/home/tmp/lucy/apache-lucy-0.6.2/c/sample/mail_index/seg_1/cf.dat	1614812341	1024
25246907.424	/home/tmp/lucy/apache-lucy-0.6.2/c/sample/mail_index/seg_1/cf.dat	1614813355	1024
25246907.424	/home/tmp/lucy/apache-lucy-0.6.2/c/sample/mail_index/seg_1/cf.dat	1614813751	1175
25246907.424	/home/tmp/lucy/apache-lucy-0.6.2/c/sample/mail_index/seg_1/cf.dat	1614814881	1024
25246907.424	/home/tmp/lucy/apache-lucy-0.6.2/c/sample/mail_index/seg_1/cf.dat	1614815896	1024
25246907.425	/home/tmp/lucy/apache-lucy-0.6.2/c/sample/mail_index/seg_1/cf.dat	1614816887	1024
25246907.425	/home/tmp/lucy/apache-lucy-0.6.2/c/sample/mail_index/seg_1/cf.dat	1614817789	1024
25246907.425	/home/tmp/lucy/apache-lucy-0.6.2/c/sample/mail_index/seg_1/cf.dat	1614818654	1024
25246907.425	/home/tmp/lucy/apache-lucy-0.6.2/c/sample/mail_index/seg_1/cf.dat	1614819646	1024
25246907.425	/home/tmp/lucy/apache-lucy-0.6.2/c/sample/mail_index/seg_1/cf.dat	1614820659	1024
25246907.425	/home/tmp/lucy/apache-lucy-0.6.2/c/sample/mail_index/seg_1/cf.dat	1614821674	1024
25246907.425	/home/tmp/lucy/apache-lucy-0.6.2/c/sample/mail_index/seg_1/cf.dat	1614822650	1024
25246907.425	/home/tmp/lucy/apache-lucy-0.6.2/c/sample/mail_index/seg_1/cf.dat	1614823660	1024
25246907.425	/home/tmp/lucy/apache-lucy-0.6.2/c/sample/mail_index/seg_1/cf.dat	1614824527	1024
25246907.425	/home/tmp/lucy/apache-lucy-0.6.2/c/sample/mail_index/seg_1/cf.dat	1614825343	1024
25246907.425	/home/tmp/lucy/apache-lucy-0.6.2/c/sample/mail_index/seg_1/cf.dat	1614826212	1024
25246907.425	/home/tmp/lucy/apache-lucy-0.6.2/c/sample/mail_index/seg_1/cf.dat	1614826999	1024
25246907.425	/home/tmp/lucy/apache-lucy-0.6.2/c/sample/mail_index/seg_1/cf.dat	1614827857	1024
25246907.425	/home/tmp/lucy/apache-lucy-0.6.2/c/sample/mail_index/seg_1/cf.dat	1614828659	1024
25246907.425	/home/tmp/lucy/apache-lucy-0.6.2/c/sample/mail_index/seg_1/cf.dat	1614829522	1024
25246907.425	/home/tmp/lucy/apache-lucy-0.6.2/c/sample/mail_index/seg_1/cf.dat	1614830501	1024
25246907.425	/home/tmp/lucy/apache-lucy-0.6.2/c/sample/mail_index/seg_1/cf.dat	1614831302	1024
25246907.425	/home/tmp/lucy/apache-lucy-0.6.2/c/sample/mail_index/seg_1/cf.dat	1614832223	1024
25246907.425	/home/tmp/lucy/apache-lucy-0.6.2/c/sample/mail_index/seg_1/cf.dat	1614832912	1024
25246907.425	/home/tmp/lucy/apache-lucy-0.6.2/c/sample/mail_index/seg_1/cf.dat	1614833619	1024
25246907.425	/home/tmp/lucy/apache-lucy-0.6.2/c/sample/mail_index/seg_1/cf.dat	1614834422	1024
25246907.425	/home/tmp/lucy/apache-lucy-0.6.2/c/sample/mail_index/seg_1/cf.dat	1614835414	1024
25246907.425	/home/tmp/lucy/apache-lucy-0.6.2/c/sample/mail_index/seg_1/cf.dat	1614836422	1024
25246907.425	/home/tmp/lucy/apache-lucy-0.6.2/c/sample/mail_index/seg_1/cf.dat	1614837413	1024
25246907.425	/home/tmp/lucy/apache-lucy-0.6.2/c/sample/mail_index/seg_1/cf.dat	2020739395	1024
25246907.425	/home/tmp/lucy/apache-lucy-0.6.2/c/sample/mail_index/seg_1/cf.dat	1614838246	1024
25246907.425	/home/tmp/lucy/apache-lucy-0.6.2/c/sample/mail_index/seg_1/cf.dat	1614838488	1024
25246907.425	/home/tmp/lucy/apache-lucy-0.6.2/c/sample/mail_index/seg_1/cf.dat	1614839327	1024
25246907.425	/home/tmp/lucy/apache-lucy-0.6.2/c/sample/mail_index/seg_1/cf.dat	1614839909	1200
25246907.425	/home/tmp/lucy/apache-lucy-0.6.2/c/sample/mail_index/seg_1/cf.dat	1614840530	1024
25246907.425	/home/tmp/lucy/apache-lucy-0.6.2/c/sample/mail_index/seg_1/cf.dat	1614841367	1024
25246907.425	/home/tmp/lucy/apache-lucy-0.6.2/c/sample/mail_index/seg_1/cf.dat	1614841951	1024
25246907.425	/home/tmp/lucy/apache-lucy-0.6.2/c/sample/mail_index/seg_1/cf.dat	1614842815	1024
25246907.425	/home/tmp/lucy/apache-lucy-0.6.2/c/sample/mail_index/seg_1/cf.dat	1614843606	1024
25246907.425	/home/tmp/lucy/apache-lucy-0.6.2/c/sample/mail_index/seg_1/cf.dat	1614844208	1024
25246907.425	/home/tmp/lucy/apache-lucy-0.6.2/c/sample/mail_index/seg_1/cf.dat	1614844803	1024
25246907.425	/home/tmp/lucy/apache-lucy-0.6.2/c/sample/mail_index/seg_1/cf.dat	1614845606	1024
25246907.425	/home/tmp/lucy/apache-lucy-0.6.2/c/sample/mail_index/seg_1/cf.dat	1614846338	1024
25246907.425	/home/tmp/lucy/apache-lucy-0.6.2/c/sample/mail_index/seg_1/cf.dat	1614847353	1024
25246907.425	/home/tmp/lucy/apache-lucy-0.6.2/c/sample/mail_index/seg_1/cf.dat	1614847985	1024
25246907.425	/home/tmp/lucy/apache-lucy-0.6.2/c/sample/mail_index/seg_1/cf.dat	1614848957	1024
25246907.425	/home/tmp/lucy/apache-lucy-0.6.2/c/sample/mail_index/seg_1/cf.dat	1614849735	1024
25246907.425	/home/tmp/lucy/apache-lucy-0.6.2/c/sample/mail_index/seg_1/cf.dat	1614850434	1024
25246907.425	/home/tmp/lucy/apache-lucy-0.6.2/c/sample/mail_index/seg_1/cf.dat	1614851233	1024
25246907.425	/home/tmp/lucy/apache-lucy-0.6.2/c/sample/mail_index/seg_1/cf.dat	1614852118	1024
25246907.425	/home/tmp/lucy/apache-lucy-0.6.2/c/sample/mail_index/seg_1/cf.dat	1614853115	1024
25246907.425	/home/tmp/lucy/apache-lucy-0.6.2/c/sample/mail_index/seg_1/cf.dat	1614854069	1024
25246907.425	/home/tmp/lucy/apache-lucy-0.6.2/c/sample/mail_index/seg_1/cf.dat	1614855024	1024
25246907.425	/home/tmp/lucy/apache-lucy-0.6.2/c/sample/mail_index/seg_1/cf.dat	1614855799	1024
25246907.425	/home/tmp/lucy/apache-lucy-0.6.2/c/sample/mail_index/seg_1/cf.dat	1614856599	1024
25246907.425	/home/tmp/lucy/apache-lucy-0.6.2/c/sample/mail_index/seg_1/cf.dat	1614857449	1024
25246907.425	/home/tmp/lucy/apache-lucy-0.6.2/c/sample/mail_index/seg_1/cf.dat	1614858306	1024
25246907.425	/home/tmp/lucy/apache-lucy-0.6.2/c/sample/mail_index/seg_1/cf.dat	1614859083	1024
25246907.425	/home/tmp/lucy/apache-lucy-0.6.2/c/sample/mail_index/seg_1/cf.dat	1614859982	1024
25246907.426	/home/tmp/lucy/apache-lucy-0.6.2/c/sample/mail_index/seg_1/cf.dat	1614860578	1024
25246907.426	/home/tmp/lucy/apache-lucy-0.6.2/c/sample/mail_index/seg_1/cf.dat	1614861556	1024
25246907.426	/home/tmp/lucy/apache-lucy-0.6.2/c/sample/mail_index/seg_1/cf.dat	1614862079	1024
25246907.426	/home/tmp/lucy/apache-lucy-0.6.2/c/sample/mail_index/seg_1/cf.dat	1614863029	1024
25246907.426	/home/tmp/lucy/apache-lucy-0.6.2/c/sample/mail_index/seg_1/cf.dat	1614863970	1024
25246907.426	/home/tmp/lucy/apache-lucy-0.6.2/c/sample/mail_index/seg_1/cf.dat	1614864894	1024
25246907.426	/home/tmp/lucy/apache-lucy-0.6.2/c/sample/mail_index/seg_1/cf.dat	1614865416	1024
25246907.426	/home/tmp/lucy/apache-lucy-0.6.2/c/sample/mail_index/seg_1/cf.dat	1614866399	1024
25246907.426	/home/tmp/lucy/apache-lucy-0.6.2/c/sample/mail_index/seg_1/cf.dat	1614866994	1024
25246907.426	/home/tmp/lucy/apache-lucy-0.6.2/c/sample/mail_index/seg_1/cf.dat	1614867958	1024
25246907.426	/home/tmp/lucy/apache-lucy-0.6.2/c/sample/mail_index/seg_1/cf.dat	1614868830	1024
25246907.426	/home/tmp/lucy/apache-lucy-0.6.2/c/sample/mail_index/seg_1/cf.dat	1614869611	1024
25246907.426	/home/tmp/lucy/apache-lucy-0.6.2/c/sample/mail_index/seg_1/cf.dat	1614870425	1024
25246907.426	/home/tmp/lucy/apache-lucy-0.6.2/c/sample/mail_index/seg_1/cf.dat	1614871420	1024
25246907.426	/home/tmp/lucy/apache-lucy-0.6.2/c/sample/mail_index/seg_1/cf.dat	1614872425	1024
25246907.426	/home/tmp/lucy/apache-lucy-0.6.2/c/sample/mail_index/seg_1/cf.dat	1614873348	1024
25246907.426	/home/tmp/lucy/apache-lucy-0.6.2/c/sample/mail_index/seg_1/cf.dat	1614874127	1024
25246907.426	/home/tmp/lucy/apache-lucy-0.6.2/c/sample/mail_index/seg_1/cf.dat	1614875059	1024
25246907.426	/home/tmp/lucy/apache-lucy-0.6.2/c/sample/mail_index/seg_1/cf.dat	1614875850	1024
25246907.426	/home/tmp/lucy/apache-lucy-0.6.2/c/sample/mail_index/seg_1/cf.dat	1614876786	1024
25246907.426	/home/tmp/lucy/apache-lucy-0.6.2/c/sample/mail_index/seg_1/cf.dat	1614877500	1024
25246907.426	/home/tmp/lucy/apache-lucy-0.6.2/c/sample/mail_index/seg_1/cf.dat	1614878285	1024
25246907.426	/home/tmp/lucy/apache-lucy-0.6.2/c/sample/mail_index/seg_1/cf.dat	1614879286	1024
25246907.426	/home/tmp/lucy/apache-lucy-0.6.2/c/sample/mail_index/seg_1/cf.dat	1614879851	1024
25246907.426	/home/tmp/lucy/apache-lucy-0.6.2/c/sample/mail_index/seg_1/cf.dat	1614879981	1175
25246907.426	/home/tmp/lucy/apache-lucy-0.6.2/c/sample/mail_index/seg_1/cf.dat	1614881051	1024
25246907.426	/home/tmp/lucy/apache-lucy-0.6.2/c/sample/mail_index/seg_1/cf.dat	1614882029	1024
25246907.426	/home/tmp/lucy/apache-lucy-0.6.2/c/sample/mail_index/seg_1/cf.dat	1614883034	1024
25246907.426	/home/tmp/lucy/apache-lucy-0.6.2/c/sample/mail_index/seg_1/cf.dat	1614883591	1024
25246907.426	/home/tmp/lucy/apache-lucy-0.6.2/c/sample/mail_index/seg_1/cf.dat	1614884084	1024
25246907.426	/home/tmp/lucy/apache-lucy-0.6.2/c/sample/mail_index/seg_1/cf.dat	1614885095	1024
25246907.426	/home/tmp/lucy/apache-lucy-0.6.2/c/sample/mail_index/seg_1/cf.dat	1614885878	1024
25246907.426	/home/tmp/lucy/apache-lucy-0.6.2/c/sample/mail_index/seg_1/cf.dat	1614886542	1024
25246907.426	/home/tmp/lucy/apache-lucy-0.6.2/c/sample/mail_index/seg_1/cf.dat	1614887207	1024
25246907.426	/home/tmp/lucy/apache-lucy-0.6.2/c/sample/mail_index/seg_1/cf.dat	1614888156	1024
25246907.426	/home/tmp/lucy/apache-lucy-0.6.2/c/sample/mail_index/seg_1/cf.dat	1614888388	1175
25246907.426	/home/tmp/lucy/apache-lucy-0.6.2/c/sample/mail_index/seg_1/cf.dat	1614889013	1024
25246907.426	/home/tmp/lucy/apache-lucy-0.6.2/c/sample/mail_index/seg_1/cf.dat	1614889926	1024
25246907.426	/home/tmp/lucy/apache-lucy-0.6.2/c/sample/mail_index/seg_1/cf.dat	1614890638	1024
25246907.426	/home/tmp/lucy/apache-lucy-0.6.2/c/sample/mail_index/seg_1/cf.dat	1614891483	1024
25246907.426	/home/tmp/lucy/apache-lucy-0.6.2/c/sample/mail_index/seg_1/cf.dat	1614892421	1024
25246907.426	/home/tmp/lucy/apache-lucy-0.6.2/c/sample/mail_index/seg_1/cf.dat	1614892986	1024
25246907.426	/home/tmp/lucy/apache-lucy-0.6.2/c/sample/mail_index/seg_1/cf.dat	1614893831	1024
25246907.426	/home/tmp/lucy/apache-lucy-0.6.2/c/sample/mail_index/seg_1/cf.dat	1614894503	1024
25246907.426	/home/tmp/lucy/apache-lucy-0.6.2/c/sample/mail_index/seg_1/cf.dat	1614895069	1024
25246907.426	/home/tmp/lucy/apache-lucy-0.6.2/c/sample/mail_index/seg_1/cf.dat	1614895628	1024
25246907.426	/home/tmp/lucy/apache-lucy-0.6.2/c/sample/mail_index/seg_1/cf.dat	1614896287	1024
25246907.426	/home/tmp/lucy/apache-lucy-0.6.2/c/sample/mail_index/seg_1/cf.dat	1614897171	1024
25246907.426	/home/tmp/lucy/apache-lucy-0.6.2/c/sample/mail_index/seg_1/cf.dat	1614898044	1024
25246907.426	/home/tmp/lucy/apache-lucy-0.6.2/c/sample/mail_index/seg_1/cf.dat	1614898708	1024
25246907.426	/home/tmp/lucy/apache-lucy-0.6.2/c/sample/mail_index/seg_1/cf.dat	1614899414	1024
25246907.426	/home/tmp/lucy/apache-lucy-0.6.2/c/sample/mail_index/seg_1/cf.dat	1614899916	1024
25246907.426	/home/tmp/lucy/apache-lucy-0.6.2/c/sample/mail_index/seg_1/cf.dat	1614900701	1024
25246907.426	/home/tmp/lucy/apache-lucy-0.6.2/c/sample/mail_index/seg_1/cf.dat	1614901497	1024
25246907.426	/home/tmp/lucy/apache-lucy-0.6.2/c/sample/mail_index/seg_1/cf.dat	1614902227	1024
25246907.426	/home/tmp/lucy/apache-lucy-0.6.2/c/sample/mail_index/seg_1/cf.dat	1614903052	1024
25246907.426	/home/tmp/lucy/apache-lucy-0.6.2/c/sample/mail_index/seg_1/cf.dat	1614903949	1024
25246907.426	/home/tmp/lucy/apache-lucy-0.6.2/c/sample/mail_index/seg_1/cf.dat	1614904713	1024
25246907.426	/home/tmp/lucy/apache-lucy-0.6.2/c/sample/mail_index/seg_1/cf.dat	1614905509	1024
25246907.426	/home/tmp/lucy/apache-lucy-0.6.2/c/sample/mail_index/seg_1/cf.dat	1614906137	1024
25246907.426	/home/tmp/lucy/apache-lucy-0.6.2/c/sample/mail_index/seg_1/cf.dat	1614906949	1024
25246907.426	/home/tmp/lucy/apache-lucy-0.6.2/c/sample/mail_index/seg_1/cf.dat	1614907755	1024
25246907.426	/home/tmp/lucy/apache-lucy-0.6.2/c/sample/mail_index/seg_1/cf.dat	1614908311	1024
25246907.426	/home/tmp/lucy/apache-lucy-0.6.2/c/sample/mail_index/seg_1/cf.dat	1614908985	1024
25246907.426	/home/tmp/lucy/apache-lucy-0.6.2/c/sample/mail_index/seg_1/cf.dat	1614909732	1024
25246907.426	/home/tmp/lucy/apache-lucy-0.6.2/c/sample/mail_index/seg_1/cf.dat	1614910515	1024
25246907.426	/home/tmp/lucy/apache-lucy-0.6.2/c/sample/mail_index/seg_1/cf.dat	1614911224	1024
25246907.426	/home/tmp/lucy/apache-lucy-0.6.2/c/sample/mail_index/seg_1/cf.dat	1614911880	1024
25246907.426	/home/tmp/lucy/apache-lucy-0.6.2/c/sample/mail_index/seg_1/cf.dat	1614912800	1024
25246907.426	/home/tmp/lucy/apache-lucy-0.6.2/c/sample/mail_index/seg_1/cf.dat	1614913533	1024
25246907.427	/home/tmp/lucy/apache-lucy-0.6.2/c/sample/mail_index/seg_1/cf.dat	1614914343	1024
25246907.427	/home/tmp/lucy/apache-lucy-0.6.2/c/sample/mail_index/seg_1/cf.dat	1614915062	1024
25246907.427	/home/tmp/lucy/apache-lucy-0.6.2/c/sample/mail_index/seg_1/cf.dat	1614916071	1024
25246907.427	/home/tmp/lucy/apache-lucy-0.6.2/c/sample/mail_index/seg_1/cf.dat	1614916907	1024
25246907.427	/home/tmp/lucy/apache-lucy-0.6.2/c/sample/mail_index/seg_1/cf.dat	1614917590	1024
25246907.427	/home/tmp/lucy/apache-lucy-0.6.2/c/sample/mail_index/seg_1/cf.dat	1614918336	1024
25246907.427	/home/tmp/lucy/apache-lucy-0.6.2/c/sample/mail_index/seg_1/cf.dat	1614918975	1024
25246907.427	/home/tmp/lucy/apache-lucy-0.6.2/c/sample/mail_index/seg_1/cf.dat	1614919833	1024
25246907.427	/home/tmp/lucy/apache-lucy-0.6.2/c/sample/mail_index/seg_1/cf.dat	1614920731	1024
25246907.427	/home/tmp/lucy/apache-lucy-0.6.2/c/sample/mail_index/seg_1/cf.dat	1614921360	1024
25246907.427	/home/tmp/lucy/apache-lucy-0.6.2/c/sample/mail_index/seg_1/cf.dat	1614922034	1024
25246907.427	/home/tmp/lucy/apache-lucy-0.6.2/c/sample/mail_index/seg_1/cf.dat	1614922838	1024
25246907.427	/home/tmp/lucy/apache-lucy-0.6.2/c/sample/mail_index/seg_1/cf.dat	1614923193	1024
25246907.427	/home/tmp/lucy/apache-lucy-0.6.2/c/sample/mail_index/seg_1/cf.dat	1614923800	1024
25246907.427	/home/tmp/lucy/apache-lucy-0.6.2/c/sample/mail_index/seg_1/cf.dat	1614924473	1024
25246907.427	/home/tmp/lucy/apache-lucy-0.6.2/c/sample/mail_index/seg_1/cf.dat	1614924815	1024
25246907.427	/home/tmp/lucy/apache-lucy-0.6.2/c/sample/mail_index/seg_1/cf.dat	1614925548	1024
25246907.427	/home/tmp/lucy/apache-lucy-0.6.2/c/sample/mail_index/seg_1/cf.dat	1614925968	1024
25246907.427	/home/tmp/lucy/apache-lucy-0.6.2/c/sample/mail_index/seg_1/cf.dat	1614926324	1050
25246907.427	/home/tmp/lucy/apache-lucy-0.6.2/c/sample/mail_index/seg_1/cf.dat	2020740419	1024
25246907.427	/home/tmp/lucy/apache-lucy-0.6.2/c/sample/mail_index/seg_1/cf.dat	1614926937	1024
25246907.427	/home/tmp/lucy/apache-lucy-0.6.2/c/sample/mail_index/seg_1/cf.dat	1614927530	1024
25246907.427	/home/tmp/lucy/apache-lucy-0.6.2/c/sample/mail_index/seg_1/cf.dat	1614928020	1024
25246907.427	/home/tmp/lucy/apache-lucy-0.6.2/c/sample/mail_index/seg_1/cf.dat	1614928585	1024
25246907.427	/home/tmp/lucy/apache-lucy-0.6.2/c/sample/mail_index/seg_1/cf.dat	1614929424	1024
25246907.427	/home/tmp/lucy/apache-lucy-0.6.2/c/sample/mail_index/seg_1/cf.dat	1614929930	1024
25246907.427	/home/tmp/lucy/apache-lucy-0.6.2/c/sample/mail_index/seg_1/cf.dat	1614930666	1024
25246907.427	/home/tmp/lucy/apache-lucy-0.6.2/c/sample/mail_index/seg_1/cf.dat	1614931414	1024
25246907.427	/home/tmp/lucy/apache-lucy-0.6.2/c/sample/mail_index/seg_1/cf.dat	1614931900	1024
25246907.427	/home/tmp/lucy/apache-lucy-0.6.2/c/sample/mail_index/seg_1/cf.dat	1614932821	1024
25246907.427	/home/tmp/lucy/apache-lucy-0.6.2/c/sample/mail_index/seg_1/cf.dat	1614933572	1024
25246907.427	/home/tmp/lucy/apache-lucy-0.6.2/c/sample/mail_index/seg_1/cf.dat	1614934176	1024
25246907.427	/home/tmp/lucy/apache-lucy-0.6.2/c/sample/mail_index/seg_1/cf.dat	1614934727	1024
25246907.427	/home/tmp/lucy/apache-lucy-0.6.2/c/sample/mail_index/seg_1/cf.dat	1614935221	1024
25246907.427	/home/tmp/lucy/apache-lucy-0.6.2/c/sample/mail_index/seg_1/cf.dat	1614935691	1024
25246907.427	/home/tmp/lucy/apache-lucy-0.6.2/c/sample/mail_index/seg_1/cf.dat	1614936303	1024
25246907.427	/home/tmp/lucy/apache-lucy-0.6.2/c/sample/mail_index/seg_1/cf.dat	1614937121	1024
25246907.427	/home/tmp/lucy/apache-lucy-0.6.2/c/sample/mail_index/seg_1/cf.dat	1614937849	1024
25246907.427	/home/tmp/lucy/apache-lucy-0.6.2/c/sample/mail_index/seg_1/cf.dat	1614938532	1024
25246907.427	/home/tmp/lucy/apache-lucy-0.6.2/c/sample/mail_index/seg_1/cf.dat	1614939189	1024
25246907.427	/home/tmp/lucy/apache-lucy-0.6.2/c/sample/mail_index/seg_1/cf.dat	1614939476	1024
25246907.427	/home/tmp/lucy/apache-lucy-0.6.2/c/sample/mail_index/seg_1/cf.dat	1614940232	1024
25246907.427	/home/tmp/lucy/apache-lucy-0.6.2/c/sample/mail_index/seg_1/cf.dat	1614940834	1024
25246907.427	/home/tmp/lucy/apache-lucy-0.6.2/c/sample/mail_index/seg_1/cf.dat	1614941442	1024
25246907.427	/home/tmp/lucy/apache-lucy-0.6.2/c/sample/mail_index/seg_1/cf.dat	1614942260	1024
25246907.427	/home/tmp/lucy/apache-lucy-0.6.2/c/sample/mail_index/seg_1/cf.dat	1614943075	1024
25246907.427	/home/tmp/lucy/apache-lucy-0.6.2/c/sample/mail_index/seg_1/cf.dat	1614943580	1024
25246907.427	/home/tmp/lucy/apache-lucy-0.6.2/c/sample/mail_index/seg_1/cf.dat	1614944290	1024
25246907.427	/home/tmp/lucy/apache-lucy-0.6.2/c/sample/mail_index/seg_1/cf.dat	1614945026	1024
25246907.427	/home/tmp/lucy/apache-lucy-0.6.2/c/sample/mail_index/seg_1/cf.dat	1614945633	1024
25246907.427	/home/tmp/lucy/apache-lucy-0.6.2/c/sample/mail_index/seg_1/cf.dat	1614946195	1024
25246907.427	/home/tmp/lucy/apache-lucy-0.6.2/c/sample/mail_index/seg_1/cf.dat	1614946929	1050
25246907.427	/home/tmp/lucy/apache-lucy-0.6.2/c/sample/mail_index/seg_1/cf.dat	1614947535	1024
25246907.427	/home/tmp/lucy/apache-lucy-0.6.2/c/sample/mail_index/seg_1/cf.dat	1614948286	1024
25246907.427	/home/tmp/lucy/apache-lucy-0.6.2/c/sample/mail_index/seg_1/cf.dat	1614949074	1024
25246907.427	/home/tmp/lucy/apache-lucy-0.6.2/c/sample/mail_index/seg_1/cf.dat	1614949962	1024
25246907.427	/home/tmp/lucy/apache-lucy-0.6.2/c/sample/mail_index/seg_1/cf.dat	1614950658	1024
25246907.427	/home/tmp/lucy/apache-lucy-0.6.2/c/sample/mail_index/seg_1/cf.dat	1614951537	1024
25246907.427	/home/tmp/lucy/apache-lucy-0.6.2/c/sample/mail_index/seg_1/cf.dat	1614952405	1024
25246907.427	/home/tmp/lucy/apache-lucy-0.6.2/c/sample/mail_index/seg_1/cf.dat	1614953033	1024
25246907.427	/home/tmp/lucy/apache-lucy-0.6.2/c/sample/mail_index/seg_1/cf.dat	1614953685	1024
25246907.427	/home/tmp/lucy/apache-lucy-0.6.2/c/sample/mail_index/seg_1/cf.dat	1614954476	1024
25246907.427	/home/tmp/lucy/apache-lucy-0.6.2/c/sample/mail_index/seg_1/cf.dat	1614955263	1024
25246907.427	/home/tmp/lucy/apache-lucy-0.6.2/c/sample/mail_index/seg_1/cf.dat	1614955837	1024
25246907.427	/home/tmp/lucy/apache-lucy-0.6.2/c/sample/mail_index/seg_1/cf.dat	1614956600	1024
25246907.427	/home/tmp/lucy/apache-lucy-0.6.2/c/sample/mail_index/seg_1/cf.dat	1614957310	1024
25246907.427	/home/tmp/lucy/apache-lucy-0.6.2/c/sample/mail_index/seg_1/cf.dat	1614958150	1024
25246907.427	/home/tmp/lucy/apache-lucy-0.6.2/c/sample/mail_index/seg_1/cf.dat	1614958924	1024
25246907.427	/home/tmp/lucy/apache-lucy-0.6.2/c/sample/mail_index/seg_1/cf.dat	1614959679	1024
25246907.427	/home/tmp/lucy/apache-lucy-0.6.2/c/sample/mail_index/seg_1/cf.dat	1614960458	1024
25246907.427	/home/tmp/lucy/apache-lucy-0.6.2/c/sample/mail_index/seg_1/cf.dat	1614961015	1024
25246907.427	/home/tmp/lucy/apache-lucy-0.6.2/c/sample/mail_index/seg_1/cf.dat	1614961775	1024
25246907.427	/home/tmp/lucy/apache-lucy-0.6.2/c/sample/mail_index/seg_1/cf.dat	1614962557	1024
25246907.427	/home/tmp/lucy/apache-lucy-0.6.2/c/sample/mail_index/seg_1/cf.dat	1614963275	1024
25246907.427	/home/tmp/lucy/apache-lucy-0.6.2/c/sample/mail_index/seg_1/cf.dat	1614963907	1024
25246907.427	/home/tmp/lucy/apache-lucy-0.6.2/c/sample/mail_index/seg_1/cf.dat	1614964836	1024
25246907.427	/home/tmp/lucy/apache-lucy-0.6.2/c/sample/mail_index/seg_1/cf.dat	1614965409	1024
25246907.427	/home/tmp/lucy/apache-lucy-0.6.2/c/sample/mail_index/seg_1/cf.dat	1614965960	1024
25246907.427	/home/tmp/lucy/apache-lucy-0.6.2/c/sample/mail_index/seg_1/cf.dat	1614966676	1024
25246907.427	/home/tmp/lucy/apache-lucy-0.6.2/c/sample/mail_index/seg_1/cf.dat	1614967390	1024
25246907.427	/home/tmp/lucy/apache-lucy-0.6.2/c/sample/mail_index/seg_1/cf.dat	1614968245	1024
25246907.427	/home/tmp/lucy/apache-lucy-0.6.2/c/sample/mail_index/seg_1/cf.dat	1614969001	1024
25246907.427	/home/tmp/lucy/apache-lucy-0.6.2/c/sample/mail_index/seg_1/cf.dat	1614969784	1024
25246907.427	/home/tmp/lucy/apache-lucy-0.6.2/c/sample/mail_index/seg_1/cf.dat	1614970542	1024
25246907.427	/home/tmp/lucy/apache-lucy-0.6.2/c/sample/mail_index/seg_1/cf.dat	1614971200	1024
25246907.427	/home/tmp/lucy/apache-lucy-0.6.2/c/sample/mail_index/seg_1/cf.dat	1614971931	1024
25246907.427	/home/tmp/lucy/apache-lucy-0.6.2/c/sample/mail_index/seg_1/cf.dat	1614972902	1024
25246907.427	/home/tmp/lucy/apache-lucy-0.6.2/c/sample/mail_index/seg_1/cf.dat	1614973678	1024
25246907.427	/home/tmp/lucy/apache-lucy-0.6.2/c/sample/mail_index/seg_1/cf.dat	1614974151	1024
25246907.427	/home/tmp/lucy/apache-lucy-0.6.2/c/sample/mail_index/seg_1/cf.dat	1614974795	1024
25246907.427	/home/tmp/lucy/apache-lucy-0.6.2/c/sample/mail_index/seg_1/cf.dat	1614975466	1024
25246907.428	/home/tmp/lucy/apache-lucy-0.6.2/c/sample/mail_index/seg_1/cf.dat	1614975923	1024
25246907.428	/home/tmp/lucy/apache-lucy-0.6.2/c/sample/mail_index/seg_1/cf.dat	1614976864	1024
25246907.428	/home/tmp/lucy/apache-lucy-0.6.2/c/sample/mail_index/seg_1/cf.dat	1614977777	1024
25246907.428	/home/tmp/lucy/apache-lucy-0.6.2/c/sample/mail_index/seg_1/cf.dat	1614978301	1024
25246907.428	/home/tmp/lucy/apache-lucy-0.6.2/c/sample/mail_index/seg_1/cf.dat	1614979010	1024
25246907.428	/home/tmp/lucy/apache-lucy-0.6.2/c/sample/mail_index/seg_1/cf.dat	1614979735	1024
25246907.428	/home/tmp/lucy/apache-lucy-0.6.2/c/sample/mail_index/seg_1/cf.dat	1614980104	1024
25246907.428	/home/tmp/lucy/apache-lucy-0.6.2/c/sample/mail_index/seg_1/cf.dat	1614980501	1024
25246907.428	/home/tmp/lucy/apache-lucy-0.6.2/c/sample/mail_index/seg_1/cf.dat	1614981256	1024
25246907.428	/home/tmp/lucy/apache-lucy-0.6.2/c/sample/mail_index/seg_1/cf.dat	1614982090	1024
25246907.428	/home/tmp/lucy/apache-lucy-0.6.2/c/sample/mail_index/seg_1/cf.dat	1614982898	1175
25246907.428	/home/tmp/lucy/apache-lucy-0.6.2/c/sample/mail_index/seg_1/cf.dat	1614984055	1024
25246907.428	/home/tmp/lucy/apache-lucy-0.6.2/c/sample/mail_index/seg_1/cf.dat	1614985069	1024
25246907.428	/home/tmp/lucy/apache-lucy-0.6.2/c/sample/mail_index/seg_1/cf.dat	1614986080	1024
25246907.428	/home/tmp/lucy/apache-lucy-0.6.2/c/sample/mail_index/seg_1/cf.dat	1614986774	1024
25246907.428	/home/tmp/lucy/apache-lucy-0.6.2/c/sample/mail_index/seg_1/cf.dat	1614987420	1024
25246907.428	/home/tmp/lucy/apache-lucy-0.6.2/c/sample/mail_index/seg_1/cf.dat	1614988437	1024
25246907.428	/home/tmp/lucy/apache-lucy-0.6.2/c/sample/mail_index/seg_1/cf.dat	1614989392	1024
25246907.428	/home/tmp/lucy/apache-lucy-0.6.2/c/sample/mail_index/seg_1/cf.dat	1614990394	1024
25246907.428	/home/tmp/lucy/apache-lucy-0.6.2/c/sample/mail_index/seg_1/cf.dat	1614991346	1024
25246907.428	/home/tmp/lucy/apache-lucy-0.6.2/c/sample/mail_index/seg_1/cf.dat	1614992348	1024
25246907.428	/home/tmp/lucy/apache-lucy-0.6.2/c/sample/mail_index/seg_1/cf.dat	1614993180	1024
25246907.428	/home/tmp/lucy/apache-lucy-0.6.2/c/sample/mail_index/seg_1/cf.dat	1614994196	1024
25246907.428	/home/tmp/lucy/apache-lucy-0.6.2/c/sample/mail_index/seg_1/cf.dat	1614995197	1024
25246907.428	/home/tmp/lucy/apache-lucy-0.6.2/c/sample/mail_index/seg_1/cf.dat	1614996214	1024
25246907.428	/home/tmp/lucy/apache-lucy-0.6.2/c/sample/mail_index/seg_1/cf.dat	1614997229	1024
25246907.428	/home/tmp/lucy/apache-lucy-0.6.2/c/sample/mail_index/seg_1/cf.dat	1614998238	1024
25246907.428	/home/tmp/lucy/apache-lucy-0.6.2/c/sample/mail_index/seg_1/cf.dat	1614999096	1024
25246907.428	/home/tmp/lucy/apache-lucy-0.6.2/c/sample/mail_index/seg_1/cf.dat	1615000092	1024
25246907.428	/home/tmp/lucy/apache-lucy-0.6.2/c/sample/mail_index/seg_1/cf.dat	1615000633	1495
25246907.428	/home/tmp/lucy/apache-lucy-0.6.2/c/sample/mail_index/seg_1/cf.dat	1615001544	1024
25246907.428	/home/tmp/lucy/apache-lucy-0.6.2/c/sample/mail_index/seg_1/cf.dat	1615001784	1024
25246907.428	/home/tmp/lucy/apache-lucy-0.6.2/c/sample/mail_index/seg_1/cf.dat	1615002373	1024
25246907.428	/home/tmp/lucy/apache-lucy-0.6.2/c/sample/mail_index/seg_1/cf.dat	1615002690	1415
25246907.428	/home/tmp/lucy/apache-lucy-0.6.2/c/sample/mail_index/seg_1/cf.dat	1615003036	1195
25246907.428	/home/tmp/lucy/apache-lucy-0.6.2/c/sample/mail_index/seg_1/cf.dat	1615003730	1024
25246907.428	/home/tmp/lucy/apache-lucy-0.6.2/c/sample/mail_index/seg_1/cf.dat	1615004187	1024
25246907.428	/home/tmp/lucy/apache-lucy-0.6.2/c/sample/mail_index/seg_1/cf.dat	1615004394	1024
25246907.428	/home/tmp/lucy/apache-lucy-0.6.2/c/sample/mail_index/seg_1/cf.dat	1615004600	1175
25246907.428	/home/tmp/lucy/apache-lucy-0.6.2/c/sample/mail_index/seg_1/cf.dat	1615005035	1120
25246907.428	/home/tmp/lucy/apache-lucy-0.6.2/c/sample/mail_index/seg_1/cf.dat	1615005452	1024
25246907.428	/home/tmp/lucy/apache-lucy-0.6.2/c/sample/mail_index/seg_1/cf.dat	1615006021	1024
25246907.428	/home/tmp/lucy/apache-lucy-0.6.2/c/sample/mail_index/seg_1/cf.dat	1615006479	1024
25246907.428	/home/tmp/lucy/apache-lucy-0.6.2/c/sample/mail_index/seg_1/cf.dat	1615006787	1024
25246907.428	/home/tmp/lucy/apache-lucy-0.6.2/c/sample/mail_index/seg_1/cf.dat	1615007293	1270
25246907.428	/home/tmp/lucy/apache-lucy-0.6.2/c/sample/mail_index/seg_1/cf.dat	1615007640	1024
25246907.428	/home/tmp/lucy/apache-lucy-0.6.2/c/sample/mail_index/seg_1/cf.dat	1615008113	1024
25246907.428	/home/tmp/lucy/apache-lucy-0.6.2/c/sample/mail_index/seg_1/cf.dat	1615008406	1024
25246907.428	/home/tmp/lucy/apache-lucy-0.6.2/c/sample/mail_index/seg_1/cf.dat	1615008968	1024
25246907.428	/home/tmp/lucy/apache-lucy-0.6.2/c/sample/mail_index/seg_1/cf.dat	1615009118	2045
25246907.428	/home/tmp/lucy/apache-lucy-0.6.2/c/sample/mail_index/seg_1/cf.dat	1615010312	2080
25246907.428	/home/tmp/lucy/apache-lucy-0.6.2/c/sample/mail_index/seg_1/cf.dat	1615011875	1024
25246907.428	/home/tmp/lucy/apache-lucy-0.6.2/c/sample/mail_index/seg_1/cf.dat	1615012475	1024
25246907.428	/home/tmp/lucy/apache-lucy-0.6.2/c/sample/mail_index/seg_1/cf.dat	1615013020	1024
25246907.428	/home/tmp/lucy/apache-lucy-0.6.2/c/sample/mail_index/seg_1/cf.dat	1615013655	1175
25246907.428	/home/tmp/lucy/apache-lucy-0.6.2/c/sample/mail_index/seg_1/cf.dat	1615014785	1024
25246907.428	/home/tmp/lucy/apache-lucy-0.6.2/c/sample/mail_index/seg_1/cf.dat	1615015622	1024
25246907.428	/home/tmp/lucy/apache-lucy-0.6.2/c/sample/mail_index/seg_1/cf.dat	1615016226	1024
25246907.428	/home/tmp/lucy/apache-lucy-0.6.2/c/sample/mail_index/seg_1/cf.dat	1615016545	1024
25246907.428	/home/tmp/lucy/apache-lucy-0.6.2/c/sample/mail_index/seg_1/cf.dat	1615016979	1175
25246907.428	/home/tmp/lucy/apache-lucy-0.6.2/c/sample/mail_index/seg_1/cf.dat	1615017839	1024
25246907.428	/home/tmp/lucy/apache-lucy-0.6.2/c/sample/mail_index/seg_1/cf.dat	1615018275	1024
25246907.428	/home/tmp/lucy/apache-lucy-0.6.2/c/sample/mail_index/seg_1/cf.dat	1615019292	1024
25246907.428	/home/tmp/lucy/apache-lucy-0.6.2/c/sample/mail_index/seg_1/cf.dat	1615020052	1024
25246907.428	/home/tmp/lucy/apache-lucy-0.6.2/c/sample/mail_index/seg_1/cf.dat	1615021055	1024
25246907.428	/home/tmp/lucy/apache-lucy-0.6.2/c/sample/mail_index/seg_1/cf.dat	2020741443	1024
25246907.429	/home/tmp/lucy/apache-lucy-0.6.2/c/sample/mail_index/seg_1/cf.dat	1615022018	1024
25246907.429	/home/tmp/lucy/apache-lucy-0.6.2/c/sample/mail_index/seg_1/cf.dat	1615023019	1024
25246907.429	/home/tmp/lucy/apache-lucy-0.6.2/c/sample/mail_index/seg_1/cf.dat	1615024030	1024
25246907.429	/home/tmp/lucy/apache-lucy-0.6.2/c/sample/mail_index/seg_1/cf.dat	1615025039	1024
25246907.429	/home/tmp/lucy/apache-lucy-0.6.2/c/sample/mail_index/seg_1/cf.dat	1615026044	1024
25246907.429	/home/tmp/lucy/apache-lucy-0.6.2/c/sample/mail_index/seg_1/cf.dat	1615027052	1024
25246907.429	/home/tmp/lucy/apache-lucy-0.6.2/c/sample/mail_index/seg_1/cf.dat	1615028062	1024
25246907.429	/home/tmp/lucy/apache-lucy-0.6.2/c/sample/mail_index/seg_1/cf.dat	1615029070	1024
25246907.429	/home/tmp/lucy/apache-lucy-0.6.2/c/sample/mail_index/seg_1/cf.dat	1615030078	1024
25246907.429	/home/tmp/lucy/apache-lucy-0.6.2/c/sample/mail_index/seg_1/cf.dat	1615031088	1024
25246907.429	/home/tmp/lucy/apache-lucy-0.6.2/c/sample/mail_index/seg_1/cf.dat	1615032098	1024
25246907.429	/home/tmp/lucy/apache-lucy-0.6.2/c/sample/mail_index/seg_1/cf.dat	1615033114	1024
25246907.429	/home/tmp/lucy/apache-lucy-0.6.2/c/sample/mail_index/seg_1/cf.dat	1615034128	1024
25246907.429	/home/tmp/lucy/apache-lucy-0.6.2/c/sample/mail_index/seg_1/cf.dat	1615035114	1024
25246907.429	/home/tmp/lucy/apache-lucy-0.6.2/c/sample/mail_index/seg_1/cf.dat	1615036095	1024
25246907.429	/home/tmp/lucy/apache-lucy-0.6.2/c/sample/mail_index/seg_1/cf.dat	1615037110	1024
25246907.429	/home/tmp/lucy/apache-lucy-0.6.2/c/sample/mail_index/seg_1/cf.dat	1615038120	1024
25246907.429	/home/tmp/lucy/apache-lucy-0.6.2/c/sample/mail_index/seg_1/cf.dat	1615039129	1024
25246907.429	/home/tmp/lucy/apache-lucy-0.6.2/c/sample/mail_index/seg_1/cf.dat	1615040052	1024
25246907.429	/home/tmp/lucy/apache-lucy-0.6.2/c/sample/mail_index/seg_1/cf.dat	1615041053	1024
25246907.429	/home/tmp/lucy/apache-lucy-0.6.2/c/sample/mail_index/seg_1/cf.dat	1615042049	1024
25246907.429	/home/tmp/lucy/apache-lucy-0.6.2/c/sample/mail_index/seg_1/cf.dat	1615042975	1024
25246907.429	/home/tmp/lucy/apache-lucy-0.6.2/c/sample/mail_index/seg_1/cf.dat	1615043990	1024
25246907.429	/home/tmp/lucy/apache-lucy-0.6.2/c/sample/mail_index/seg_1/cf.dat	1615044988	1024
25246907.429	/home/tmp/lucy/apache-lucy-0.6.2/c/sample/mail_index/seg_1/cf.dat	1615045968	1024
25246907.429	/home/tmp/lucy/apache-lucy-0.6.2/c/sample/mail_index/seg_1/cf.dat	1615046941	1024
25246907.429	/home/tmp/lucy/apache-lucy-0.6.2/c/sample/mail_index/seg_1/cf.dat	1615047887	1024
25246907.429	/home/tmp/lucy/apache-lucy-0.6.2/c/sample/mail_index/seg_1/cf.dat	1615048901	1024
25246907.429	/home/tmp/lucy/apache-lucy-0.6.2/c/sample/mail_index/seg_1/cf.dat	1615049525	1024
25246907.429	/home/tmp/lucy/apache-lucy-0.6.2/c/sample/mail_index/seg_1/cf.dat	1615050541	1024
25246907.429	/home/tmp/lucy/apache-lucy-0.6.2/c/sample/mail_index/seg_1/cf.dat	1615051558	1024
25246907.429	/home/tmp/lucy/apache-lucy-0.6.2/c/sample/mail_index/seg_1/cf.dat	1615052554	1024
25246907.430	/home/tmp/lucy/apache-lucy-0.6.2/c/sample/mail_index/seg_1/cf.dat	1615053496	1024
25246907.430	/home/tmp/lucy/apache-lucy-0.6.2/c/sample/mail_index/seg_1/cf.dat	1615054015	1024
25246907.430	/home/tmp/lucy/apache-lucy-0.6.2/c/sample/mail_index/seg_1/cf.dat	1615054600	1024
25246907.430	/home/tmp/lucy/apache-lucy-0.6.2/c/sample/mail_index/seg_1/cf.dat	1615055614	1024
25246907.430	/home/tmp/lucy/apache-lucy-0.6.2/c/sample/mail_index/seg_1/cf.dat	1615056621	1024
25246907.430	/home/tmp/lucy/apache-lucy-0.6.2/c/sample/mail_index/seg_1/cf.dat	1615057637	1024
25246907.430	/home/tmp/lucy/apache-lucy-0.6.2/c/sample/mail_index/seg_1/cf.dat	1615058653	1024
25246907.430	/home/tmp/lucy/apache-lucy-0.6.2/c/sample/mail_index/seg_1/cf.dat	1615059662	1024
25246907.430	/home/tmp/lucy/apache-lucy-0.6.2/c/sample/mail_index/seg_1/cf.dat	1615060678	1024
25246907.430	/home/tmp/lucy/apache-lucy-0.6.2/c/sample/mail_index/seg_1/cf.dat	1615061521	1024
25246907.430	/home/tmp/lucy/apache-lucy-0.6.2/c/sample/mail_index/seg_1/cf.dat	1615062512	1024
25246907.430	/home/tmp/lucy/apache-lucy-0.6.2/c/sample/mail_index/seg_1/cf.dat	1615063508	1024
25246907.430	/home/tmp/lucy/apache-lucy-0.6.2/c/sample/mail_index/seg_1/cf.dat	1615064518	1024
25246907.430	/home/tmp/lucy/apache-lucy-0.6.2/c/sample/mail_index/seg_1/cf.dat	2020742467	1024
25246907.430	/home/tmp/lucy/apache-lucy-0.6.2/c/sample/mail_index/seg_1/cf.dat	1615065348	1024
25246907.430	/home/tmp/lucy/apache-lucy-0.6.2/c/sample/mail_index/seg_1/cf.dat	1615066364	1024
25246907.430	/home/tmp/lucy/apache-lucy-0.6.2/c/sample/mail_index/seg_1/cf.dat	1615067373	1024
25246907.430	/home/tmp/lucy/apache-lucy-0.6.2/c/sample/mail_index/seg_1/cf.dat	1615068388	1024
25246907.430	/home/tmp/lucy/apache-lucy-0.6.2/c/sample/mail_index/seg_1/cf.dat	1615069395	1024
25246907.430	/home/tmp/lucy/apache-lucy-0.6.2/c/sample/mail_index/seg_1/cf.dat	1615070409	1024
25246907.430	/home/tmp/lucy/apache-lucy-0.6.2/c/sample/mail_index/seg_1/cf.dat	1615071424	1024
25246907.430	/home/tmp/lucy/apache-lucy-0.6.2/c/sample/mail_index/seg_1/cf.dat	1615072438	1024
25246907.430	/home/tmp/lucy/apache-lucy-0.6.2/c/sample/mail_index/seg_1/cf.dat	1615073452	1024
25246907.430	/home/tmp/lucy/apache-lucy-0.6.2/c/sample/mail_index/seg_1/cf.dat	1615074461	1024
25246907.430	/home/tmp/lucy/apache-lucy-0.6.2/c/sample/mail_index/seg_1/cf.dat	1615075476	1024
25246907.430	/home/tmp/lucy/apache-lucy-0.6.2/c/sample/mail_index/seg_1/cf.dat	1615076459	1024
25246907.430	/home/tmp/lucy/apache-lucy-0.6.2/c/sample/mail_index/seg_1/cf.dat	1615077465	1024
25246907.430	/home/tmp/lucy/apache-lucy-0.6.2/c/sample/mail_index/seg_1/cf.dat	1615078473	1024
25246907.430	/home/tmp/lucy/apache-lucy-0.6.2/c/sample/mail_index/seg_1/cf.dat	1615079450	1024
25246907.430	/home/tmp/lucy/apache-lucy-0.6.2/c/sample/mail_index/seg_1/cf.dat	1615080396	1024
25246907.430	/home/tmp/lucy/apache-lucy-0.6.2/c/sample/mail_index/seg_1/cf.dat	1615081410	1024
25246907.431	/home/tmp/lucy/apache-lucy-0.6.2/c/sample/mail_index/seg_1/cf.dat	1615082417	1024
25246907.431	/home/tmp/lucy/apache-lucy-0.6.2/c/sample/mail_index/seg_1/cf.dat	1615083421	1024
25246907.431	/home/tmp/lucy/apache-lucy-0.6.2/c/sample/mail_index/seg_1/cf.dat	1615084306	1024
25246907.431	/home/tmp/lucy/apache-lucy-0.6.2/c/sample/mail_index/seg_1/cf.dat	1615085321	1024
25246907.431	/home/tmp/lucy/apache-lucy-0.6.2/c/sample/mail_index/seg_1/cf.dat	1615086324	1024
25246907.431	/home/tmp/lucy/apache-lucy-0.6.2/c/sample/mail_index/seg_1/cf.dat	1615087341	1024
25246907.431	/home/tmp/lucy/apache-lucy-0.6.2/c/sample/mail_index/seg_1/cf.dat	1615088356	1024
25246907.431	/home/tmp/lucy/apache-lucy-0.6.2/c/sample/mail_index/seg_1/cf.dat	1615089373	1024
25246907.431	/home/tmp/lucy/apache-lucy-0.6.2/c/sample/mail_index/seg_1/cf.dat	1615090389	1024
25246907.431	/home/tmp/lucy/apache-lucy-0.6.2/c/sample/mail_index/seg_1/cf.dat	1615091404	1024
25246907.431	/home/tmp/lucy/apache-lucy-0.6.2/c/sample/mail_index/seg_1/cf.dat	1615092420	1024
25246907.431	/home/tmp/lucy/apache-lucy-0.6.2/c/sample/mail_index/seg_1/cf.dat	1615093434	1024
25246907.431	/home/tmp/lucy/apache-lucy-0.6.2/c/sample/mail_index/seg_1/cf.dat	1615094439	1024
25246907.431	/home/tmp/lucy/apache-lucy-0.6.2/c/sample/mail_index/seg_1/cf.dat	1615095453	1024
25246907.431	/home/tmp/lucy/apache-lucy-0.6.2/c/sample/mail_index/seg_1/cf.dat	1615095791	1175
25246907.431	/home/tmp/lucy/apache-lucy-0.6.2/c/sample/mail_index/seg_1/cf.dat	1615096270	1024
25246907.431	/home/tmp/lucy/apache-lucy-0.6.2/c/sample/mail_index/seg_1/cf.dat	1615096768	1024
25246907.431	/home/tmp/lucy/apache-lucy-0.6.2/c/sample/mail_index/seg_1/cf.dat	1615097355	1024
25246907.431	/home/tmp/lucy/apache-lucy-0.6.2/c/sample/mail_index/seg_1/cf.dat	1615097695	1024
25246907.431	/home/tmp/lucy/apache-lucy-0.6.2/c/sample/mail_index/seg_1/cf.dat	1615098086	1024
25246907.431	/home/tmp/lucy/apache-lucy-0.6.2/c/sample/mail_index/seg_1/cf.dat	1615098629	1024
25246907.431	/home/tmp/lucy/apache-lucy-0.6.2/c/sample/mail_index/seg_1/cf.dat	1615099588	1024
25246907.431	/home/tmp/lucy/apache-lucy-0.6.2/c/sample/mail_index/seg_1/cf.dat	1615100605	1024
25246907.431	/home/tmp/lucy/apache-lucy-0.6.2/c/sample/mail_index/seg_1/cf.dat	1615101620	1024
25246907.431	/home/tmp/lucy/apache-lucy-0.6.2/c/sample/mail_index/seg_1/cf.dat	1615102611	1024
25246907.431	/home/tmp/lucy/apache-lucy-0.6.2/c/sample/mail_index/seg_1/cf.dat	2020743491	1024
25246907.431	/home/tmp/lucy/apache-lucy-0.6.2/c/sample/mail_index/seg_1/cf.dat	1615103592	1024
25246907.431	/home/tmp/lucy/apache-lucy-0.6.2/c/sample/mail_index/seg_1/cf.dat	1615104573	1024
25246907.431	/home/tmp/lucy/apache-lucy-0.6.2/c/sample/mail_index/seg_1/cf.dat	1615105565	1024
25246907.431	/home/tmp/lucy/apache-lucy-0.6.2/c/sample/mail_index/seg_1/cf.dat	1615106545	1024
25246907.431	/home/tmp/lucy/apache-lucy-0.6.2/c/sample/mail_index/seg_1/cf.dat	1615107548	1024
25246907.431	/home/tmp/lucy/apache-lucy-0.6.2/c/sample/mail_index/seg_1/cf.dat	1615108564	1024
25246907.431	/home/tmp/lucy/apache-lucy-0.6.2/c/sample/mail_index/seg_1/cf.dat	1615109565	1024
25246907.431	/home/tmp/lucy/apache-lucy-0.6.2/c/sample/mail_index/seg_1/cf.dat	1615110579	1024
25246907.431	/home/tmp/lucy/apache-lucy-0.6.2/c/sample/mail_index/seg_1/cf.dat	1615111594	1024
25246907.431	/home/tmp/lucy/apache-lucy-0.6.2/c/sample/mail_index/seg_1/cf.dat	1615112598	1024
25246907.432	/home/tmp/lucy/apache-lucy-0.6.2/c/sample/mail_index/seg_1/cf.dat	1615113594	1024
25246907.432	/home/tmp/lucy/apache-lucy-0.6.2/c/sample/mail_index/seg_1/cf.dat	1615114557	1024
25246907.432	/home/tmp/lucy/apache-lucy-0.6.2/c/sample/mail_index/seg_1/cf.dat	1615115570	1024
25246907.432	/home/tmp/lucy/apache-lucy-0.6.2/c/sample/mail_index/seg_1/cf.dat	1615116586	1024
25246907.432	/home/tmp/lucy/apache-lucy-0.6.2/c/sample/mail_index/seg_1/cf.dat	1615117602	1024
25246907.432	/home/tmp/lucy/apache-lucy-0.6.2/c/sample/mail_index/seg_1/cf.dat	1615118559	1024
25246907.432	/home/tmp/lucy/apache-lucy-0.6.2/c/sample/mail_index/seg_1/cf.dat	1615119536	1024
25246907.432	/home/tmp/lucy/apache-lucy-0.6.2/c/sample/mail_index/seg_1/cf.dat	1615120551	1024
25246907.432	/home/tmp/lucy/apache-lucy-0.6.2/c/sample/mail_index/seg_1/cf.dat	1615121561	1024
25246907.432	/home/tmp/lucy/apache-lucy-0.6.2/c/sample/mail_index/seg_1/cf.dat	1615122555	1024
25246907.432	/home/tmp/lucy/apache-lucy-0.6.2/c/sample/mail_index/seg_1/cf.dat	1615123571	1024
25246907.432	/home/tmp/lucy/apache-lucy-0.6.2/c/sample/mail_index/seg_1/cf.dat	1615124547	1024
25246907.432	/home/tmp/lucy/apache-lucy-0.6.2/c/sample/mail_index/seg_1/cf.dat	1615125498	1024
25246907.432	/home/tmp/lucy/apache-lucy-0.6.2/c/sample/mail_index/seg_1/cf.dat	1615126489	1024
25246907.432	/home/tmp/lucy/apache-lucy-0.6.2/c/sample/mail_index/seg_1/cf.dat	1615127475	1024
25246907.432	/home/tmp/lucy/apache-lucy-0.6.2/c/sample/mail_index/seg_1/cf.dat	1615128488	1024
25246907.432	/home/tmp/lucy/apache-lucy-0.6.2/c/sample/mail_index/seg_1/cf.dat	1615129504	1024
25246907.432	/home/tmp/lucy/apache-lucy-0.6.2/c/sample/mail_index/seg_1/cf.dat	1615130478	1024
25246907.432	/home/tmp/lucy/apache-lucy-0.6.2/c/sample/mail_index/seg_1/cf.dat	1615131372	1024
25246907.432	/home/tmp/lucy/apache-lucy-0.6.2/c/sample/mail_index/seg_1/cf.dat	1615132303	1024
25246907.432	/home/tmp/lucy/apache-lucy-0.6.2/c/sample/mail_index/seg_1/cf.dat	1615133179	1024
25246907.432	/home/tmp/lucy/apache-lucy-0.6.2/c/sample/mail_index/seg_1/cf.dat	1615134009	1024
25246907.432	/home/tmp/lucy/apache-lucy-0.6.2/c/sample/mail_index/seg_1/cf.dat	1615135024	1024
25246907.432	/home/tmp/lucy/apache-lucy-0.6.2/c/sample/mail_index/seg_1/cf.dat	1615135243	1024
25246907.432	/home/tmp/lucy/apache-lucy-0.6.2/c/sample/mail_index/seg_1/cf.dat	1615136259	1024
25246907.432	/home/tmp/lucy/apache-lucy-0.6.2/c/sample/mail_index/seg_1/cf.dat	1615137275	1024
25246907.432	/home/tmp/lucy/apache-lucy-0.6.2/c/sample/mail_index/seg_1/cf.dat	1615138249	1024
25246907.432	/home/tmp/lucy/apache-lucy-0.6.2/c/sample/mail_index/seg_1/cf.dat	1615139264	1024
25246907.432	/home/tmp/lucy/apache-lucy-0.6.2/c/sample/mail_index/seg_1/cf.dat	1615140280	1024
25246907.432	/home/tmp/lucy/apache-lucy-0.6.2/c/sample/mail_index/seg_1/cf.dat	2020744515	1024
25246907.432	/home/tmp/lucy/apache-lucy-0.6.2/c/sample/mail_index/seg_1/cf.dat	1615141252	1024
25246907.432	/home/tmp/lucy/apache-lucy-0.6.2/c/sample/mail_index/seg_1/cf.dat	1615142267	1024
25246907.432	/home/tmp/lucy/apache-lucy-0.6.2/c/sample/mail_index/seg_1/cf.dat	1615143276	1024
25246907.433	/home/tmp/lucy/apache-lucy-0.6.2/c/sample/mail_index/seg_1/cf.dat	1615144289	1024
25246907.433	/home/tmp/lucy/apache-lucy-0.6.2/c/sample/mail_index/seg_1/cf.dat	1615145279	1024
25246907.433	/home/tmp/lucy/apache-lucy-0.6.2/c/sample/mail_index/seg_1/cf.dat	1615146286	1024
25246907.433	/home/tmp/lucy/apache-lucy-0.6.2/c/sample/mail_index/seg_1/cf.dat	1615146979	1024
25246907.433	/home/tmp/lucy/apache-lucy-0.6.2/c/sample/mail_index/seg_1/cf.dat	1615147588	1280
25246907.433	/home/tmp/lucy/apache-lucy-0.6.2/c/sample/mail_index/seg_1/cf.dat	1615148089	1485
25246907.433	/home/tmp/lucy/apache-lucy-0.6.2/c/sample/mail_index/seg_1/cf.dat	1615149532	1024
25246907.433	/home/tmp/lucy/apache-lucy-0.6.2/c/sample/mail_index/seg_1/cf.dat	1615150499	1024
25246907.433	/home/tmp/lucy/apache-lucy-0.6.2/c/sample/mail_index/seg_1/cf.dat	1615151432	1024
25246907.433	/home/tmp/lucy/apache-lucy-0.6.2/c/sample/mail_index/seg_1/cf.dat	1615152402	1024
25246907.433	/home/tmp/lucy/apache-lucy-0.6.2/c/sample/mail_index/seg_1/cf.dat	1615153285	1024
25246907.433	/home/tmp/lucy/apache-lucy-0.6.2/c/sample/mail_index/seg_1/cf.dat	1615154285	1024
25246907.433	/home/tmp/lucy/apache-lucy-0.6.2/c/sample/mail_index/seg_1/cf.dat	1615155237	1024
25246907.433	/home/tmp/lucy/apache-lucy-0.6.2/c/sample/mail_index/seg_1/cf.dat	1615156198	1024
25246907.433	/home/tmp/lucy/apache-lucy-0.6.2/c/sample/mail_index/seg_1/cf.dat	1615157118	1024
25246907.433	/home/tmp/lucy/apache-lucy-0.6.2/c/sample/mail_index/seg_1/cf.dat	1615158066	1024
25246907.433	/home/tmp/lucy/apache-lucy-0.6.2/c/sample/mail_index/seg_1/cf.dat	1615159052	1024
25246907.433	/home/tmp/lucy/apache-lucy-0.6.2/c/sample/mail_index/seg_1/cf.dat	1615160004	1024
25246907.433	/home/tmp/lucy/apache-lucy-0.6.2/c/sample/mail_index/seg_1/cf.dat	1615160942	1024
25246907.433	/home/tmp/lucy/apache-lucy-0.6.2/c/sample/mail_index/seg_1/cf.dat	1615161654	1024
25246907.433	/home/tmp/lucy/apache-lucy-0.6.2/c/sample/mail_index/seg_1/cf.dat	1615162667	1024
25246907.433	/home/tmp/lucy/apache-lucy-0.6.2/c/sample/mail_index/seg_1/cf.dat	1615163682	1024
25246907.433	/home/tmp/lucy/apache-lucy-0.6.2/c/sample/mail_index/seg_1/cf.dat	1615164593	1024
25246907.433	/home/tmp/lucy/apache-lucy-0.6.2/c/sample/mail_index/seg_1/cf.dat	1615165488	1024
25246907.433	/home/tmp/lucy/apache-lucy-0.6.2/c/sample/mail_index/seg_1/cf.dat	1615166500	1024
25246907.433	/home/tmp/lucy/apache-lucy-0.6.2/c/sample/mail_index/seg_1/cf.dat	1615167517	1024
25246907.433	/home/tmp/lucy/apache-lucy-0.6.2/c/sample/mail_index/seg_1/cf.dat	1615168532	1024
25246907.433	/home/tmp/lucy/apache-lucy-0.6.2/c/sample/mail_index/seg_1/cf.dat	1615169144	1024
25246907.433	/home/tmp/lucy/apache-lucy-0.6.2/c/sample/mail_index/seg_1/cf.dat	1615170157	1024
25246907.433	/home/tmp/lucy/apache-lucy-0.6.2/c/sample/mail_index/seg_1/cf.dat	1615171005	1200
25246907.433	/home/tmp/lucy/apache-lucy-0.6.2/c/sample/mail_index/seg_1/cf.dat	1615171361	1175
25246907.433	/home/tmp/lucy/apache-lucy-0.6.2/c/sample/mail_index/seg_1/cf.dat	1615171744	1024
25246907.433	/home/tmp/lucy/apache-lucy-0.6.2/c/sample/mail_index/seg_1/cf.dat	1615171978	1024
25246907.433	/home/tmp/lucy/apache-lucy-0.6.2/c/sample/mail_index/seg_1/cf.dat	1615172549	1024
25246907.433	/home/tmp/lucy/apache-lucy-0.6.2/c/sample/mail_index/seg_1/cf.dat	1615173090	1024
25246907.433	/home/tmp/lucy/apache-lucy-0.6.2/c/sample/mail_index/seg_1/cf.dat	1615173692	1024
25246907.433	/home/tmp/lucy/apache-lucy-0.6.2/c/sample/mail_index/seg_1/cf.dat	1615174444	1024
25246907.433	/home/tmp/lucy/apache-lucy-0.6.2/c/sample/mail_index/seg_1/cf.dat	1615175444	1024
25246907.433	/home/tmp/lucy/apache-lucy-0.6.2/c/sample/mail_index/seg_1/cf.dat	1615176428	1024
25246907.433	/home/tmp/lucy/apache-lucy-0.6.2/c/sample/mail_index/seg_1/cf.dat	1615177441	1024
25246907.433	/home/tmp/lucy/apache-lucy-0.6.2/c/sample/mail_index/seg_1/cf.dat	1615178430	1024
25246907.433	/home/tmp/lucy/apache-lucy-0.6.2/c/sample/mail_index/seg_1/cf.dat	1615179442	1024
25246907.433	/home/tmp/lucy/apache-lucy-0.6.2/c/sample/mail_index/seg_1/cf.dat	1615180456	1024
25246907.433	/home/tmp/lucy/apache-lucy-0.6.2/c/sample/mail_index/seg_1/cf.dat	1615181433	1024
25246907.433	/home/tmp/lucy/apache-lucy-0.6.2/c/sample/mail_index/seg_1/cf.dat	1615182431	1024
25246907.433	/home/tmp/lucy/apache-lucy-0.6.2/c/sample/mail_index/seg_1/cf.dat	1615183431	1024
25246907.433	/home/tmp/lucy/apache-lucy-0.6.2/c/sample/mail_index/seg_1/cf.dat	1615184447	1024
25246907.434	/home/tmp/lucy/apache-lucy-0.6.2/c/sample/mail_index/seg_1/cf.dat	1615185446	1024
25246907.434	/home/tmp/lucy/apache-lucy-0.6.2/c/sample/mail_index/seg_1/cf.dat	1615186462	1024
25246907.434	/home/tmp/lucy/apache-lucy-0.6.2/c/sample/mail_index/seg_1/cf.dat	1615187297	1024
25246907.434	/home/tmp/lucy/apache-lucy-0.6.2/c/sample/mail_index/seg_1/cf.dat	2020745539	1024
25246907.434	/home/tmp/lucy/apache-lucy-0.6.2/c/sample/mail_index/seg_1/cf.dat	1615188292	1024
25246907.434	/home/tmp/lucy/apache-lucy-0.6.2/c/sample/mail_index/seg_1/cf.dat	1615189283	1024
25246907.434	/home/tmp/lucy/apache-lucy-0.6.2/c/sample/mail_index/seg_1/cf.dat	1615190283	1024
25246907.434	/home/tmp/lucy/apache-lucy-0.6.2/c/sample/mail_index/seg_1/cf.dat	1615191287	1024
25246907.434	/home/tmp/lucy/apache-lucy-0.6.2/c/sample/mail_index/seg_1/cf.dat	1615192229	1024
25246907.434	/home/tmp/lucy/apache-lucy-0.6.2/c/sample/mail_index/seg_1/cf.dat	1615192621	1024
25246907.434	/home/tmp/lucy/apache-lucy-0.6.2/c/sample/mail_index/seg_1/cf.dat	1615193032	1024
25246907.434	/home/tmp/lucy/apache-lucy-0.6.2/c/sample/mail_index/seg_1/cf.dat	1615193313	1715
25246907.434	/home/tmp/lucy/apache-lucy-0.6.2/c/sample/mail_index/seg_1/cf.dat	1615193973	1225
25246907.434	/home/tmp/lucy/apache-lucy-0.6.2/c/sample/mail_index/seg_1/cf.dat	1615194443	1130
25246907.434	/home/tmp/lucy/apache-lucy-0.6.2/c/sample/mail_index/seg_1/cf.dat	1615195027	1024
25246907.434	/home/tmp/lucy/apache-lucy-0.6.2/c/sample/mail_index/seg_1/cf.dat	1615195219	1820
25246907.434	/home/tmp/lucy/apache-lucy-0.6.2/c/sample/mail_index/seg_1/cf.dat	1615196386	1024
25246907.434	/home/tmp/lucy/apache-lucy-0.6.2/c/sample/mail_index/seg_1/cf.dat	1615196977	1024
25246907.434	/home/tmp/lucy/apache-lucy-0.6.2/c/sample/mail_index/seg_1/cf.dat	1615197162	1050
25246907.434	/home/tmp/lucy/apache-lucy-0.6.2/c/sample/mail_index/seg_1/cf.dat	1615197592	1024
25246907.434	/home/tmp/lucy/apache-lucy-0.6.2/c/sample/mail_index/seg_1/cf.dat	1615198006	1024
25246907.434	/home/tmp/lucy/apache-lucy-0.6.2/c/sample/mail_index/seg_1/cf.dat	1615198768	1390
25246907.434	/home/tmp/lucy/apache-lucy-0.6.2/c/sample/mail_index/seg_1/cf.dat	1615199195	1560
25246907.434	/home/tmp/lucy/apache-lucy-0.6.2/c/sample/mail_index/seg_1/cf.dat	1615200081	1024
25246907.434	/home/tmp/lucy/apache-lucy-0.6.2/c/sample/mail_index/seg_1/cf.dat	1615200385	1150
25246907.434	/home/tmp/lucy/apache-lucy-0.6.2/c/sample/mail_index/seg_1/cf.dat	1615200992	1070
25246907.434	/home/tmp/lucy/apache-lucy-0.6.2/c/sample/mail_index/seg_1/cf.dat	1615201526	1024
25246907.434	/home/tmp/lucy/apache-lucy-0.6.2/c/sample/mail_index/seg_1/cf.dat	1615201787	2265
25246907.434	/home/tmp/lucy/apache-lucy-0.6.2/c/sample/mail_index/seg_1/cf.dat	1615202851	2245
25246907.434	/home/tmp/lucy/apache-lucy-0.6.2/c/sample/mail_index/seg_1/cf.dat	1615204566	1024
25246907.434	/home/tmp/lucy/apache-lucy-0.6.2/c/sample/mail_index/seg_1/cf.dat	1615204928	1024
25246907.434	/home/tmp/lucy/apache-lucy-0.6.2/c/sample/mail_index/seg_1/cf.dat	1615205504	1024
25246907.434	/home/tmp/lucy/apache-lucy-0.6.2/c/sample/mail_index/seg_1/cf.dat	1615205714	1895
25246907.434	/home/tmp/lucy/apache-lucy-0.6.2/c/sample/mail_index/seg_1/cf.dat	1615206312	1815
25246907.434	/home/tmp/lucy/apache-lucy-0.6.2/c/sample/mail_index/seg_1/cf.dat	1615207336	1175
25246907.434	/home/tmp/lucy/apache-lucy-0.6.2/c/sample/mail_index/seg_1/cf.dat	1615207985	1024
25246907.434	/home/tmp/lucy/apache-lucy-0.6.2/c/sample/mail_index/seg_1/cf.dat	1454208472	8
25246907.434	/home/tmp/lucy/apache-lucy-0.6.2/c/sample/mail_index/seg_1/cf.dat	1455235064	1024
25246907.434	/home/tmp/lucy/apache-lucy-0.6.2/c/sample/mail_index/seg_1/cf.dat	371403747	1024
25246907.434	/home/tmp/lucy/apache-lucy-0.6.2/c/sample/mail_index/seg_1/cf.dat	0	7
25246907.434	/home/tmp/lucy/apache-lucy-0.6.2/c/sample/mail_index/seg_1/cf.dat	0	3929
25246907.434	/home/tmp/lucy/apache-lucy-0.6.2/c/sample/mail_index/seg_1/cf.dat	1454208472	8
25246907.434	/home/tmp/lucy/apache-lucy-0.6.2/c/sample/mail_index/seg_1/cf.dat	371505529	1024
25246907.434	/home/tmp/lucy/apache-lucy-0.6.2/c/sample/mail_index/seg_1/cf.dat	0	7
25246907.434	/home/tmp/lucy/apache-lucy-0.6.2/c/sample/mail_index/seg_1/cf.dat	0	4191
25246907.434	/home/tmp/lucy/apache-lucy-0.6.2/c/sample/mail_index/seg_1/cf.dat	1454208472	8
25246907.434	/home/tmp/lucy/apache-lucy-0.6.2/c/sample/mail_index/seg_1/cf.dat	1455240800	1024
25246907.434	/home/tmp/lucy/apache-lucy-0.6.2/c/sample/mail_index/seg_1/cf.dat	373167007	1024
25246907.434	/home/tmp/lucy/apache-lucy-0.6.2/c/sample/mail_index/seg_1/cf.dat	0	7
25246907.434	/home/tmp/lucy/apache-lucy-0.6.2/c/sample/mail_index/seg_1/cf.dat	0	4236
25246907.434	/home/tmp/lucy/apache-lucy-0.6.2/c/sample/mail_index/seg_1/cf.dat	1454208472	8
25246907.434	/home/tmp/lucy/apache-lucy-0.6.2/c/sample/mail_index/seg_1/cf.dat	1455291624	1024
25246907.434	/home/tmp/lucy/apache-lucy-0.6.2/c/sample/mail_index/seg_1/cf.dat	390397194	1024
25246907.434	/home/tmp/lucy/apache-lucy-0.6.2/c/sample/mail_index/seg_1/cf.dat	0	7
25246907.434	/home/tmp/lucy/apache-lucy-0.6.2/c/sample/mail_index/seg_1/cf.dat	0	4227
25246907.434	/home/tmp/lucy/apache-lucy-0.6.2/c/sample/mail_index/seg_1/cf.dat	1454208472	8
25246907.434	/home/tmp/lucy/apache-lucy-0.6.2/c/sample/mail_index/seg_1/cf.dat	1455293832	1024
25246907.434	/home/tmp/lucy/apache-lucy-0.6.2/c/sample/mail_index/seg_1/cf.dat	391048157	1024
25246907.434	/home/tmp/lucy/apache-lucy-0.6.2/c/sample/mail_index/seg_1/cf.dat	0	7
25246907.434	/home/tmp/lucy/apache-lucy-0.6.2/c/sample/mail_index/seg_1/cf.dat	0	4183
25246907.434	/home/tmp/lucy/apache-lucy-0.6.2/c/sample/mail_index/seg_1/cf.dat	1454208472	8
25246907.434	/home/tmp/lucy/apache-lucy-0.6.2/c/sample/mail_index/seg_1/cf.dat	1455299064	1024
25246907.434	/home/tmp/lucy/apache-lucy-0.6.2/c/sample/mail_index/seg_1/cf.dat	392477006	1024
25246907.434	/home/tmp/lucy/apache-lucy-0.6.2/c/sample/mail_index/seg_1/cf.dat	0	7
25246907.434	/home/tmp/lucy/apache-lucy-0.6.2/c/sample/mail_index/seg_1/cf.dat	0	3919
25246907.434	/home/tmp/lucy/apache-lucy-0.6.2/c/sample/mail_index/seg_1/cf.dat	1454208472	8
25246907.434	/home/tmp/lucy/apache-lucy-0.6.2/c/sample/mail_index/seg_1/cf.dat	1454589544	1024
25246907.434	/home/tmp/lucy/apache-lucy-0.6.2/c/sample/mail_index/seg_1/cf.dat	123243512	1024
25246907.434	/home/tmp/lucy/apache-lucy-0.6.2/c/sample/mail_index/seg_1/cf.dat	0	7
25246907.434	/home/tmp/lucy/apache-lucy-0.6.2/c/sample/mail_index/seg_1/cf.dat	0	3533
25246907.434	/home/tmp/lucy/apache-lucy-0.6.2/c/sample/mail_index/seg_1/cf.dat	1454208472	8
25246907.434	/home/tmp/lucy/apache-lucy-0.6.2/c/sample/mail_index/seg_1/cf.dat	1454601256	1024
25246907.434	/home/tmp/lucy/apache-lucy-0.6.2/c/sample/mail_index/seg_1/cf.dat	126390658	1024
25246907.434	/home/tmp/lucy/apache-lucy-0.6.2/c/sample/mail_index/seg_1/cf.dat	0	7
25246907.434	/home/tmp/lucy/apache-lucy-0.6.2/c/sample/mail_index/seg_1/cf.dat	0	3522
25246907.434	/home/tmp/lucy/apache-lucy-0.6.2/c/sample/mail_index/seg_1/cf.dat	1454208472	8
25246907.434	/home/tmp/lucy/apache-lucy-0.6.2/c/sample/mail_index/seg_1/cf.dat	1454608440	1024
25246907.434	/home/tmp/lucy/apache-lucy-0.6.2/c/sample/mail_index/seg_1/cf.dat	127803383	1024
25246907.434	/home/tmp/lucy/apache-lucy-0.6.2/c/sample/mail_index/seg_1/cf.dat	0	7
25246907.434	/home/tmp/lucy/apache-lucy-0.6.2/c/sample/mail_index/seg_1/cf.dat	0	3530
25246907.434	/home/tmp/lucy/apache-lucy-0.6.2/c/sample/mail_index/seg_1/cf.dat	1454208472	8
25246907.434	/home/tmp/lucy/apache-lucy-0.6.2/c/sample/mail_index/seg_1/cf.dat	1454613360	1024
25246907.434	/home/tmp/lucy/apache-lucy-0.6.2/c/sample/mail_index/seg_1/cf.dat	128793046	1024
25246907.434	/home/tmp/lucy/apache-lucy-0.6.2/c/sample/mail_index/seg_1/cf.dat	0	7
25246907.434	/home/tmp/lucy/apache-lucy-0.6.2/c/sample/mail_index/seg_1/cf.dat	0	3549
