25246949.467	/home/tmp/lucy/apache-lucy-0.6.2/c/sample/mail_index/snapshot_1.json	0	93
25246949.467	/home/tmp/lucy/apache-lucy-0.6.2/c/sample/mail_index/schema_1.json	0	242
25246949.468	/home/tmp/lucy/apache-lucy-0.6.2/c/sample/mail_index/seg_1/cfmeta.json	0	804
25246949.468	/home/tmp/lucy/apache-lucy-0.6.2/c/sample/mail_index/seg_1/segmeta.json	0	400
25246949.468	/home/tmp/lucy/apache-lucy-0.6.2/c/sample/mail_index/seg_1/cf.dat	1484142352	82440
25246949.468	/home/tmp/lucy/apache-lucy-0.6.2/c/sample/mail_index/seg_1/cf.dat	1484003581	1024
25246949.468	/home/tmp/lucy/apache-lucy-0.6.2/c/sample/mail_index/seg_1/cf.dat	1483858280	6
25246949.468	/home/tmp/lucy/apache-lucy-0.6.2/c/sample/mail_index/seg_1/cf.dat	1484077430	1024
25246949.468	/home/tmp/lucy/apache-lucy-0.6.2/c/sample/mail_index/seg_1/cf.dat	1483858280	6
25246949.468	/home/tmp/lucy/apache-lucy-0.6.2/c/sample/mail_index/seg_1/cf.dat	1484109146	1024
25246949.468	/home/tmp/lucy/apache-lucy-0.6.2/c/sample/mail_index/seg_1/cf.dat	1483858280	3
25246949.468	/home/tmp/lucy/apache-lucy-0.6.2/c/sample/mail_index/seg_1/cf.dat	1484093607	1024
25246949.468	/home/tmp/lucy/apache-lucy-0.6.2/c/sample/mail_index/seg_1/cf.dat	1483858280	5
25246949.468	/home/tmp/lucy/apache-lucy-0.6.2/c/sample/mail_index/seg_1/cf.dat	1484085365	1024
25246949.468	/home/tmp/lucy/apache-lucy-0.6.2/c/sample/mail_index/seg_1/cf.dat	1483858280	18
25246949.468	/home/tmp/lucy/apache-lucy-0.6.2/c/sample/mail_index/seg_1/cf.dat	1484089437	1024
25246949.468	/home/tmp/lucy/apache-lucy-0.6.2/c/sample/mail_index/seg_1/cf.dat	1483858280	17
25246949.468	/home/tmp/lucy/apache-lucy-0.6.2/c/sample/mail_index/seg_1/cf.dat	1484091449	1024
25246949.468	/home/tmp/lucy/apache-lucy-0.6.2/c/sample/mail_index/seg_1/cf.dat	1483858280	11
25246949.468	/home/tmp/lucy/apache-lucy-0.6.2/c/sample/mail_index/seg_1/cf.dat	1483858280	13
25246949.468	/home/tmp/lucy/apache-lucy-0.6.2/c/sample/mail_index/seg_1/cf.dat	1483858280	9
25246949.468	/home/tmp/lucy/apache-lucy-0.6.2/c/sample/mail_index/seg_1/cf.dat	1483858280	13
25246949.468	/home/tmp/lucy/apache-lucy-0.6.2/c/sample/mail_index/seg_1/cf.dat	1483858280	22
25246949.468	/home/tmp/lucy/apache-lucy-0.6.2/c/sample/mail_index/seg_1/cf.dat	1483858280	10
25246949.468	/home/tmp/lucy/apache-lucy-0.6.2/c/sample/mail_index/seg_1/cf.dat	1483858280	9
25246949.468	/home/tmp/lucy/apache-lucy-0.6.2/c/sample/mail_index/seg_1/cf.dat	1483858280	9
25246949.468	/home/tmp/lucy/apache-lucy-0.6.2/c/sample/mail_index/seg_1/cf.dat	1483858280	9
25246949.468	/home/tmp/lucy/apache-lucy-0.6.2/c/sample/mail_index/seg_1/cf.dat	1480480886	1024
25246949.468	/home/tmp/lucy/apache-lucy-0.6.2/c/sample/mail_index/seg_1/cf.dat	1463004360	2
25246949.468	/home/tmp/lucy/apache-lucy-0.6.2/c/sample/mail_index/seg_1/cf.dat	1463004360	5
25246949.468	/home/tmp/lucy/apache-lucy-0.6.2/c/sample/mail_index/seg_1/cf.dat	1463004360	4
25246949.468	/home/tmp/lucy/apache-lucy-0.6.2/c/sample/mail_index/seg_1/cf.dat	1463004360	6
25246949.468	/home/tmp/lucy/apache-lucy-0.6.2/c/sample/mail_index/seg_1/cf.dat	1463004360	2
25246949.468	/home/tmp/lucy/apache-lucy-0.6.2/c/sample/mail_index/seg_1/cf.dat	1463004360	6
25246949.468	/home/tmp/lucy/apache-lucy-0.6.2/c/sample/mail_index/seg_1/cf.dat	1463004360	4
25246949.468	/home/tmp/lucy/apache-lucy-0.6.2/c/sample/mail_index/seg_1/cf.dat	1463004360	3
25246949.468	/home/tmp/lucy/apache-lucy-0.6.2/c/sample/mail_index/seg_1/cf.dat	1463004360	6
25246949.468	/home/tmp/lucy/apache-lucy-0.6.2/c/sample/mail_index/seg_1/cf.dat	1463004360	3
25246949.468	/home/tmp/lucy/apache-lucy-0.6.2/c/sample/mail_index/seg_1/cf.dat	1463004360	3
25246949.468	/home/tmp/lucy/apache-lucy-0.6.2/c/sample/mail_index/seg_1/cf.dat	1463004360	4
25246949.468	/home/tmp/lucy/apache-lucy-0.6.2/c/sample/mail_index/seg_1/cf.dat	1463004360	4
25246949.468	/home/tmp/lucy/apache-lucy-0.6.2/c/sample/mail_index/seg_1/cf.dat	1463004360	8
25246949.468	/home/tmp/lucy/apache-lucy-0.6.2/c/sample/mail_index/seg_1/cf.dat	1463004360	7
25246949.468	/home/tmp/lucy/apache-lucy-0.6.2/c/sample/mail_index/seg_1/cf.dat	1463004360	6
25246949.468	/home/tmp/lucy/apache-lucy-0.6.2/c/sample/mail_index/seg_1/cf.dat	1463004360	8
25246949.468	/home/tmp/lucy/apache-lucy-0.6.2/c/sample/mail_index/seg_1/cf.dat	1463004360	6
25246949.468	/home/tmp/lucy/apache-lucy-0.6.2/c/sample/mail_index/seg_1/cf.dat	1463004360	9
25246949.468	/home/tmp/lucy/apache-lucy-0.6.2/c/sample/mail_index/seg_1/cf.dat	1463004360	7
25246949.468	/home/tmp/lucy/apache-lucy-0.6.2/c/sample/mail_index/seg_1/cf.dat	1463004360	7
25246949.468	/home/tmp/lucy/apache-lucy-0.6.2/c/sample/mail_index/seg_1/cf.dat	1463004360	7
25246949.468	/home/tmp/lucy/apache-lucy-0.6.2/c/sample/mail_index/seg_1/cf.dat	1463004360	7
25246949.468	/home/tmp/lucy/apache-lucy-0.6.2/c/sample/mail_index/seg_1/cf.dat	1463004360	3
25246949.468	/home/tmp/lucy/apache-lucy-0.6.2/c/sample/mail_index/seg_1/cf.dat	1463004360	2
25246949.468	/home/tmp/lucy/apache-lucy-0.6.2/c/sample/mail_index/seg_1/cf.dat	1463004360	7
25246949.468	/home/tmp/lucy/apache-lucy-0.6.2/c/sample/mail_index/seg_1/cf.dat	1463004360	7
25246949.468	/home/tmp/lucy/apache-lucy-0.6.2/c/sample/mail_index/seg_1/cf.dat	1463004360	3
25246949.468	/home/tmp/lucy/apache-lucy-0.6.2/c/sample/mail_index/seg_1/cf.dat	1463004360	10
25246949.468	/home/tmp/lucy/apache-lucy-0.6.2/c/sample/mail_index/seg_1/cf.dat	1463004360	5
25246949.468	/home/tmp/lucy/apache-lucy-0.6.2/c/sample/mail_index/seg_1/cf.dat	1463004360	7
25246949.468	/home/tmp/lucy/apache-lucy-0.6.2/c/sample/mail_index/seg_1/cf.dat	1463004360	3
25246949.468	/home/tmp/lucy/apache-lucy-0.6.2/c/sample/mail_index/seg_1/cf.dat	1463004360	3
25246949.468	/home/tmp/lucy/apache-lucy-0.6.2/c/sample/mail_index/seg_1/cf.dat	1463004360	3
25246949.468	/home/tmp/lucy/apache-lucy-0.6.2/c/sample/mail_index/seg_1/cf.dat	1463004360	5
25246949.468	/home/tmp/lucy/apache-lucy-0.6.2/c/sample/mail_index/seg_1/cf.dat	1463004360	4
25246949.468	/home/tmp/lucy/apache-lucy-0.6.2/c/sample/mail_index/seg_1/cf.dat	1463004360	6
25246949.468	/home/tmp/lucy/apache-lucy-0.6.2/c/sample/mail_index/seg_1/cf.dat	1463004360	1
25246949.468	/home/tmp/lucy/apache-lucy-0.6.2/c/sample/mail_index/seg_1/cf.dat	1463004360	5
25246949.468	/home/tmp/lucy/apache-lucy-0.6.2/c/sample/mail_index/seg_1/cf.dat	1463004360	2
25246949.468	/home/tmp/lucy/apache-lucy-0.6.2/c/sample/mail_index/seg_1/cf.dat	1463004360	2
25246949.468	/home/tmp/lucy/apache-lucy-0.6.2/c/sample/mail_index/seg_1/cf.dat	1463004360	4
25246949.468	/home/tmp/lucy/apache-lucy-0.6.2/c/sample/mail_index/seg_1/cf.dat	1463004360	4
25246949.468	/home/tmp/lucy/apache-lucy-0.6.2/c/sample/mail_index/seg_1/cf.dat	1463004360	1
25246949.468	/home/tmp/lucy/apache-lucy-0.6.2/c/sample/mail_index/seg_1/cf.dat	1463004360	2
25246949.468	/home/tmp/lucy/apache-lucy-0.6.2/c/sample/mail_index/seg_1/cf.dat	1463004360	7
25246949.468	/home/tmp/lucy/apache-lucy-0.6.2/c/sample/mail_index/seg_1/cf.dat	1463004360	9
25246949.468	/home/tmp/lucy/apache-lucy-0.6.2/c/sample/mail_index/seg_1/cf.dat	1463004360	4
25246949.468	/home/tmp/lucy/apache-lucy-0.6.2/c/sample/mail_index/seg_1/cf.dat	1463004360	1
25246949.468	/home/tmp/lucy/apache-lucy-0.6.2/c/sample/mail_index/seg_1/cf.dat	1463004360	1
25246949.468	/home/tmp/lucy/apache-lucy-0.6.2/c/sample/mail_index/seg_1/cf.dat	1463004360	1
25246949.468	/home/tmp/lucy/apache-lucy-0.6.2/c/sample/mail_index/seg_1/cf.dat	1463004360	8
25246949.468	/home/tmp/lucy/apache-lucy-0.6.2/c/sample/mail_index/seg_1/cf.dat	1463004360	3
25246949.468	/home/tmp/lucy/apache-lucy-0.6.2/c/sample/mail_index/seg_1/cf.dat	1463004360	3
25246949.468	/home/tmp/lucy/apache-lucy-0.6.2/c/sample/mail_index/seg_1/cf.dat	1463004360	2
25246949.468	/home/tmp/lucy/apache-lucy-0.6.2/c/sample/mail_index/seg_1/cf.dat	1463004360	4
25246949.468	/home/tmp/lucy/apache-lucy-0.6.2/c/sample/mail_index/seg_1/cf.dat	1463004360	1
25246949.468	/home/tmp/lucy/apache-lucy-0.6.2/c/sample/mail_index/seg_1/cf.dat	1463004360	3
25246949.468	/home/tmp/lucy/apache-lucy-0.6.2/c/sample/mail_index/seg_1/cf.dat	1463004360	2
25246949.468	/home/tmp/lucy/apache-lucy-0.6.2/c/sample/mail_index/seg_1/cf.dat	1463004360	12
25246949.468	/home/tmp/lucy/apache-lucy-0.6.2/c/sample/mail_index/seg_1/cf.dat	1463004360	11
25246949.468	/home/tmp/lucy/apache-lucy-0.6.2/c/sample/mail_index/seg_1/cf.dat	1463004360	2
25246949.468	/home/tmp/lucy/apache-lucy-0.6.2/c/sample/mail_index/seg_1/cf.dat	1463004360	1
25246949.468	/home/tmp/lucy/apache-lucy-0.6.2/c/sample/mail_index/seg_1/cf.dat	1463004360	9
25246949.468	/home/tmp/lucy/apache-lucy-0.6.2/c/sample/mail_index/seg_1/cf.dat	1463004360	9
25246949.468	/home/tmp/lucy/apache-lucy-0.6.2/c/sample/mail_index/seg_1/cf.dat	1463004360	1
25246949.468	/home/tmp/lucy/apache-lucy-0.6.2/c/sample/mail_index/seg_1/cf.dat	1463004360	8
25246949.468	/home/tmp/lucy/apache-lucy-0.6.2/c/sample/mail_index/seg_1/cf.dat	1463004360	7
25246949.468	/home/tmp/lucy/apache-lucy-0.6.2/c/sample/mail_index/seg_1/cf.dat	1463004360	7
25246949.468	/home/tmp/lucy/apache-lucy-0.6.2/c/sample/mail_index/seg_1/cf.dat	1463004360	3
25246949.468	/home/tmp/lucy/apache-lucy-0.6.2/c/sample/mail_index/seg_1/cf.dat	1463004360	1
25246949.468	/home/tmp/lucy/apache-lucy-0.6.2/c/sample/mail_index/seg_1/cf.dat	1463004360	7
25246949.468	/home/tmp/lucy/apache-lucy-0.6.2/c/sample/mail_index/seg_1/cf.dat	1463004360	9
25246949.468	/home/tmp/lucy/apache-lucy-0.6.2/c/sample/mail_index/seg_1/cf.dat	1463004360	3
25246949.468	/home/tmp/lucy/apache-lucy-0.6.2/c/sample/mail_index/seg_1/cf.dat	1463004360	1
25246949.468	/home/tmp/lucy/apache-lucy-0.6.2/c/sample/mail_index/seg_1/cf.dat	1463004360	5
25246949.468	/home/tmp/lucy/apache-lucy-0.6.2/c/sample/mail_index/seg_1/cf.dat	1463004360	15
25246949.468	/home/tmp/lucy/apache-lucy-0.6.2/c/sample/mail_index/seg_1/cf.dat	1463004360	8
25246949.468	/home/tmp/lucy/apache-lucy-0.6.2/c/sample/mail_index/seg_1/cf.dat	1463004360	13
25246949.468	/home/tmp/lucy/apache-lucy-0.6.2/c/sample/mail_index/seg_1/cf.dat	1463004360	1
25246949.468	/home/tmp/lucy/apache-lucy-0.6.2/c/sample/mail_index/seg_1/cf.dat	1463004360	18
25246949.468	/home/tmp/lucy/apache-lucy-0.6.2/c/sample/mail_index/seg_1/cf.dat	1463004360	10
25246949.468	/home/tmp/lucy/apache-lucy-0.6.2/c/sample/mail_index/seg_1/cf.dat	1463004360	6
25246949.468	/home/tmp/lucy/apache-lucy-0.6.2/c/sample/mail_index/seg_1/cf.dat	1463004360	7
25246949.468	/home/tmp/lucy/apache-lucy-0.6.2/c/sample/mail_index/seg_1/cf.dat	1463004360	7
25246949.468	/home/tmp/lucy/apache-lucy-0.6.2/c/sample/mail_index/seg_1/cf.dat	1463004360	1
25246949.468	/home/tmp/lucy/apache-lucy-0.6.2/c/sample/mail_index/seg_1/cf.dat	1463004360	1
25246949.468	/home/tmp/lucy/apache-lucy-0.6.2/c/sample/mail_index/seg_1/cf.dat	1463004360	4
25246949.468	/home/tmp/lucy/apache-lucy-0.6.2/c/sample/mail_index/seg_1/cf.dat	1463004360	4
25246949.468	/home/tmp/lucy/apache-lucy-0.6.2/c/sample/mail_index/seg_1/cf.dat	1463004360	1
25246949.468	/home/tmp/lucy/apache-lucy-0.6.2/c/sample/mail_index/seg_1/cf.dat	1463004360	7
25246949.468	/home/tmp/lucy/apache-lucy-0.6.2/c/sample/mail_index/seg_1/cf.dat	1463004360	3
25246949.468	/home/tmp/lucy/apache-lucy-0.6.2/c/sample/mail_index/seg_1/cf.dat	1463004360	1
25246949.468	/home/tmp/lucy/apache-lucy-0.6.2/c/sample/mail_index/seg_1/cf.dat	1463004360	2
25246949.468	/home/tmp/lucy/apache-lucy-0.6.2/c/sample/mail_index/seg_1/cf.dat	1463004360	5
25246949.468	/home/tmp/lucy/apache-lucy-0.6.2/c/sample/mail_index/seg_1/cf.dat	1463004360	3
25246949.468	/home/tmp/lucy/apache-lucy-0.6.2/c/sample/mail_index/seg_1/cf.dat	1463004360	1
25246949.468	/home/tmp/lucy/apache-lucy-0.6.2/c/sample/mail_index/seg_1/cf.dat	1484003581	1024
25246949.468	/home/tmp/lucy/apache-lucy-0.6.2/c/sample/mail_index/seg_1/cf.dat	1483858280	6
25246949.468	/home/tmp/lucy/apache-lucy-0.6.2/c/sample/mail_index/seg_1/cf.dat	1484077430	1024
25246949.468	/home/tmp/lucy/apache-lucy-0.6.2/c/sample/mail_index/seg_1/cf.dat	1483858280	6
25246949.468	/home/tmp/lucy/apache-lucy-0.6.2/c/sample/mail_index/seg_1/cf.dat	1484109146	1024
25246949.468	/home/tmp/lucy/apache-lucy-0.6.2/c/sample/mail_index/seg_1/cf.dat	1483858280	3
25246949.468	/home/tmp/lucy/apache-lucy-0.6.2/c/sample/mail_index/seg_1/cf.dat	1484093607	1024
25246949.468	/home/tmp/lucy/apache-lucy-0.6.2/c/sample/mail_index/seg_1/cf.dat	1483858280	5
25246949.468	/home/tmp/lucy/apache-lucy-0.6.2/c/sample/mail_index/seg_1/cf.dat	1484085365	1024
25246949.468	/home/tmp/lucy/apache-lucy-0.6.2/c/sample/mail_index/seg_1/cf.dat	1483858280	18
25246949.468	/home/tmp/lucy/apache-lucy-0.6.2/c/sample/mail_index/seg_1/cf.dat	1484089437	1024
25246949.468	/home/tmp/lucy/apache-lucy-0.6.2/c/sample/mail_index/seg_1/cf.dat	1483858280	17
25246949.468	/home/tmp/lucy/apache-lucy-0.6.2/c/sample/mail_index/seg_1/cf.dat	1484091449	1024
25246949.468	/home/tmp/lucy/apache-lucy-0.6.2/c/sample/mail_index/seg_1/cf.dat	1483858280	11
25246949.468	/home/tmp/lucy/apache-lucy-0.6.2/c/sample/mail_index/seg_1/cf.dat	1483858280	13
25246949.468	/home/tmp/lucy/apache-lucy-0.6.2/c/sample/mail_index/seg_1/cf.dat	1483858280	9
25246949.468	/home/tmp/lucy/apache-lucy-0.6.2/c/sample/mail_index/seg_1/cf.dat	1483858280	13
25246949.468	/home/tmp/lucy/apache-lucy-0.6.2/c/sample/mail_index/seg_1/cf.dat	1483858280	22
25246949.468	/home/tmp/lucy/apache-lucy-0.6.2/c/sample/mail_index/seg_1/cf.dat	1483858280	10
25246949.468	/home/tmp/lucy/apache-lucy-0.6.2/c/sample/mail_index/seg_1/cf.dat	1483858280	9
25246949.468	/home/tmp/lucy/apache-lucy-0.6.2/c/sample/mail_index/seg_1/cf.dat	1483858280	9
25246949.468	/home/tmp/lucy/apache-lucy-0.6.2/c/sample/mail_index/seg_1/cf.dat	1483858280	9
25246949.468	/home/tmp/lucy/apache-lucy-0.6.2/c/sample/mail_index/seg_1/cf.dat	1463004360	2
25246949.468	/home/tmp/lucy/apache-lucy-0.6.2/c/sample/mail_index/seg_1/cf.dat	1463004360	5
25246949.468	/home/tmp/lucy/apache-lucy-0.6.2/c/sample/mail_index/seg_1/cf.dat	1463004360	4
25246949.468	/home/tmp/lucy/apache-lucy-0.6.2/c/sample/mail_index/seg_1/cf.dat	1463004360	6
25246949.468	/home/tmp/lucy/apache-lucy-0.6.2/c/sample/mail_index/seg_1/cf.dat	1463004360	2
25246949.468	/home/tmp/lucy/apache-lucy-0.6.2/c/sample/mail_index/seg_1/cf.dat	1463004360	6
25246949.468	/home/tmp/lucy/apache-lucy-0.6.2/c/sample/mail_index/seg_1/cf.dat	1463004360	4
25246949.468	/home/tmp/lucy/apache-lucy-0.6.2/c/sample/mail_index/seg_1/cf.dat	1463004360	3
25246949.468	/home/tmp/lucy/apache-lucy-0.6.2/c/sample/mail_index/seg_1/cf.dat	1463004360	6
25246949.468	/home/tmp/lucy/apache-lucy-0.6.2/c/sample/mail_index/seg_1/cf.dat	1463004360	3
25246949.468	/home/tmp/lucy/apache-lucy-0.6.2/c/sample/mail_index/seg_1/cf.dat	1463004360	3
25246949.468	/home/tmp/lucy/apache-lucy-0.6.2/c/sample/mail_index/seg_1/cf.dat	1463004360	4
25246949.468	/home/tmp/lucy/apache-lucy-0.6.2/c/sample/mail_index/seg_1/cf.dat	1463004360	4
25246949.468	/home/tmp/lucy/apache-lucy-0.6.2/c/sample/mail_index/seg_1/cf.dat	1463004360	8
25246949.468	/home/tmp/lucy/apache-lucy-0.6.2/c/sample/mail_index/seg_1/cf.dat	1463004360	7
25246949.468	/home/tmp/lucy/apache-lucy-0.6.2/c/sample/mail_index/seg_1/cf.dat	1463004360	6
25246949.468	/home/tmp/lucy/apache-lucy-0.6.2/c/sample/mail_index/seg_1/cf.dat	1463004360	8
25246949.468	/home/tmp/lucy/apache-lucy-0.6.2/c/sample/mail_index/seg_1/cf.dat	1463004360	6
25246949.468	/home/tmp/lucy/apache-lucy-0.6.2/c/sample/mail_index/seg_1/cf.dat	1463004360	9
25246949.468	/home/tmp/lucy/apache-lucy-0.6.2/c/sample/mail_index/seg_1/cf.dat	1463004360	7
25246949.468	/home/tmp/lucy/apache-lucy-0.6.2/c/sample/mail_index/seg_1/cf.dat	1463004360	7
25246949.468	/home/tmp/lucy/apache-lucy-0.6.2/c/sample/mail_index/seg_1/cf.dat	1463004360	7
25246949.468	/home/tmp/lucy/apache-lucy-0.6.2/c/sample/mail_index/seg_1/cf.dat	1463004360	7
25246949.468	/home/tmp/lucy/apache-lucy-0.6.2/c/sample/mail_index/seg_1/cf.dat	1463004360	3
25246949.468	/home/tmp/lucy/apache-lucy-0.6.2/c/sample/mail_index/seg_1/cf.dat	1463004360	2
25246949.468	/home/tmp/lucy/apache-lucy-0.6.2/c/sample/mail_index/seg_1/cf.dat	1463004360	7
25246949.468	/home/tmp/lucy/apache-lucy-0.6.2/c/sample/mail_index/seg_1/cf.dat	1463004360	7
25246949.468	/home/tmp/lucy/apache-lucy-0.6.2/c/sample/mail_index/seg_1/cf.dat	1463004360	3
25246949.468	/home/tmp/lucy/apache-lucy-0.6.2/c/sample/mail_index/seg_1/cf.dat	1463004360	10
25246949.468	/home/tmp/lucy/apache-lucy-0.6.2/c/sample/mail_index/seg_1/cf.dat	1463004360	5
25246949.468	/home/tmp/lucy/apache-lucy-0.6.2/c/sample/mail_index/seg_1/cf.dat	1463004360	7
25246949.468	/home/tmp/lucy/apache-lucy-0.6.2/c/sample/mail_index/seg_1/cf.dat	1463004360	3
25246949.468	/home/tmp/lucy/apache-lucy-0.6.2/c/sample/mail_index/seg_1/cf.dat	1463004360	3
25246949.468	/home/tmp/lucy/apache-lucy-0.6.2/c/sample/mail_index/seg_1/cf.dat	1463004360	3
25246949.468	/home/tmp/lucy/apache-lucy-0.6.2/c/sample/mail_index/seg_1/cf.dat	1463004360	5
25246949.468	/home/tmp/lucy/apache-lucy-0.6.2/c/sample/mail_index/seg_1/cf.dat	1463004360	4
25246949.468	/home/tmp/lucy/apache-lucy-0.6.2/c/sample/mail_index/seg_1/cf.dat	1463004360	6
25246949.468	/home/tmp/lucy/apache-lucy-0.6.2/c/sample/mail_index/seg_1/cf.dat	1463004360	1
25246949.468	/home/tmp/lucy/apache-lucy-0.6.2/c/sample/mail_index/seg_1/cf.dat	1463004360	5
25246949.468	/home/tmp/lucy/apache-lucy-0.6.2/c/sample/mail_index/seg_1/cf.dat	1463004360	2
25246949.468	/home/tmp/lucy/apache-lucy-0.6.2/c/sample/mail_index/seg_1/cf.dat	1463004360	2
25246949.468	/home/tmp/lucy/apache-lucy-0.6.2/c/sample/mail_index/seg_1/cf.dat	1463004360	4
25246949.468	/home/tmp/lucy/apache-lucy-0.6.2/c/sample/mail_index/seg_1/cf.dat	1463004360	4
25246949.468	/home/tmp/lucy/apache-lucy-0.6.2/c/sample/mail_index/seg_1/cf.dat	1463004360	1
25246949.468	/home/tmp/lucy/apache-lucy-0.6.2/c/sample/mail_index/seg_1/cf.dat	1463004360	2
25246949.468	/home/tmp/lucy/apache-lucy-0.6.2/c/sample/mail_index/seg_1/cf.dat	1463004360	7
25246949.468	/home/tmp/lucy/apache-lucy-0.6.2/c/sample/mail_index/seg_1/cf.dat	1463004360	9
25246949.468	/home/tmp/lucy/apache-lucy-0.6.2/c/sample/mail_index/seg_1/cf.dat	1463004360	4
25246949.468	/home/tmp/lucy/apache-lucy-0.6.2/c/sample/mail_index/seg_1/cf.dat	1463004360	1
25246949.468	/home/tmp/lucy/apache-lucy-0.6.2/c/sample/mail_index/seg_1/cf.dat	1463004360	1
25246949.468	/home/tmp/lucy/apache-lucy-0.6.2/c/sample/mail_index/seg_1/cf.dat	1463004360	1
25246949.468	/home/tmp/lucy/apache-lucy-0.6.2/c/sample/mail_index/seg_1/cf.dat	1463004360	8
25246949.468	/home/tmp/lucy/apache-lucy-0.6.2/c/sample/mail_index/seg_1/cf.dat	1463004360	3
25246949.468	/home/tmp/lucy/apache-lucy-0.6.2/c/sample/mail_index/seg_1/cf.dat	1463004360	3
25246949.468	/home/tmp/lucy/apache-lucy-0.6.2/c/sample/mail_index/seg_1/cf.dat	1463004360	2
25246949.468	/home/tmp/lucy/apache-lucy-0.6.2/c/sample/mail_index/seg_1/cf.dat	1463004360	4
25246949.468	/home/tmp/lucy/apache-lucy-0.6.2/c/sample/mail_index/seg_1/cf.dat	1463004360	1
25246949.468	/home/tmp/lucy/apache-lucy-0.6.2/c/sample/mail_index/seg_1/cf.dat	1463004360	3
25246949.468	/home/tmp/lucy/apache-lucy-0.6.2/c/sample/mail_index/seg_1/cf.dat	1463004360	2
25246949.468	/home/tmp/lucy/apache-lucy-0.6.2/c/sample/mail_index/seg_1/cf.dat	1463004360	12
25246949.468	/home/tmp/lucy/apache-lucy-0.6.2/c/sample/mail_index/seg_1/cf.dat	1463004360	11
25246949.468	/home/tmp/lucy/apache-lucy-0.6.2/c/sample/mail_index/seg_1/cf.dat	1463004360	2
25246949.468	/home/tmp/lucy/apache-lucy-0.6.2/c/sample/mail_index/seg_1/cf.dat	1463004360	1
25246949.468	/home/tmp/lucy/apache-lucy-0.6.2/c/sample/mail_index/seg_1/cf.dat	1463004360	9
25246949.468	/home/tmp/lucy/apache-lucy-0.6.2/c/sample/mail_index/seg_1/cf.dat	1463004360	9
25246949.468	/home/tmp/lucy/apache-lucy-0.6.2/c/sample/mail_index/seg_1/cf.dat	1463004360	1
25246949.468	/home/tmp/lucy/apache-lucy-0.6.2/c/sample/mail_index/seg_1/cf.dat	1463004360	8
25246949.468	/home/tmp/lucy/apache-lucy-0.6.2/c/sample/mail_index/seg_1/cf.dat	1463004360	7
25246949.468	/home/tmp/lucy/apache-lucy-0.6.2/c/sample/mail_index/seg_1/cf.dat	1463004360	7
25246949.468	/home/tmp/lucy/apache-lucy-0.6.2/c/sample/mail_index/seg_1/cf.dat	1463004360	3
25246949.468	/home/tmp/lucy/apache-lucy-0.6.2/c/sample/mail_index/seg_1/cf.dat	1463004360	1
25246949.468	/home/tmp/lucy/apache-lucy-0.6.2/c/sample/mail_index/seg_1/cf.dat	1463004360	7
25246949.468	/home/tmp/lucy/apache-lucy-0.6.2/c/sample/mail_index/seg_1/cf.dat	1463004360	9
25246949.468	/home/tmp/lucy/apache-lucy-0.6.2/c/sample/mail_index/seg_1/cf.dat	1463004360	3
25246949.468	/home/tmp/lucy/apache-lucy-0.6.2/c/sample/mail_index/seg_1/cf.dat	1463004360	1
25246949.468	/home/tmp/lucy/apache-lucy-0.6.2/c/sample/mail_index/seg_1/cf.dat	1463004360	5
25246949.468	/home/tmp/lucy/apache-lucy-0.6.2/c/sample/mail_index/seg_1/cf.dat	1463004360	15
25246949.468	/home/tmp/lucy/apache-lucy-0.6.2/c/sample/mail_index/seg_1/cf.dat	1463004360	8
25246949.468	/home/tmp/lucy/apache-lucy-0.6.2/c/sample/mail_index/seg_1/cf.dat	1463004360	13
25246949.468	/home/tmp/lucy/apache-lucy-0.6.2/c/sample/mail_index/seg_1/cf.dat	1463004360	1
25246949.468	/home/tmp/lucy/apache-lucy-0.6.2/c/sample/mail_index/seg_1/cf.dat	1463004360	18
25246949.468	/home/tmp/lucy/apache-lucy-0.6.2/c/sample/mail_index/seg_1/cf.dat	1463004360	10
25246949.468	/home/tmp/lucy/apache-lucy-0.6.2/c/sample/mail_index/seg_1/cf.dat	1463004360	6
25246949.468	/home/tmp/lucy/apache-lucy-0.6.2/c/sample/mail_index/seg_1/cf.dat	1463004360	7
25246949.468	/home/tmp/lucy/apache-lucy-0.6.2/c/sample/mail_index/seg_1/cf.dat	1463004360	7
25246949.468	/home/tmp/lucy/apache-lucy-0.6.2/c/sample/mail_index/seg_1/cf.dat	1463004360	1
25246949.468	/home/tmp/lucy/apache-lucy-0.6.2/c/sample/mail_index/seg_1/cf.dat	1463004360	1
25246949.468	/home/tmp/lucy/apache-lucy-0.6.2/c/sample/mail_index/seg_1/cf.dat	1463004360	4
25246949.468	/home/tmp/lucy/apache-lucy-0.6.2/c/sample/mail_index/seg_1/cf.dat	1463004360	4
25246949.468	/home/tmp/lucy/apache-lucy-0.6.2/c/sample/mail_index/seg_1/cf.dat	1463004360	1
25246949.468	/home/tmp/lucy/apache-lucy-0.6.2/c/sample/mail_index/seg_1/cf.dat	1463004360	7
25246949.468	/home/tmp/lucy/apache-lucy-0.6.2/c/sample/mail_index/seg_1/cf.dat	1463004360	3
25246949.468	/home/tmp/lucy/apache-lucy-0.6.2/c/sample/mail_index/seg_1/cf.dat	1463004360	1
25246949.468	/home/tmp/lucy/apache-lucy-0.6.2/c/sample/mail_index/seg_1/cf.dat	1463004360	2
25246949.468	/home/tmp/lucy/apache-lucy-0.6.2/c/sample/mail_index/seg_1/cf.dat	1463004360	5
25246949.468	/home/tmp/lucy/apache-lucy-0.6.2/c/sample/mail_index/seg_1/cf.dat	1463004360	3
25246949.468	/home/tmp/lucy/apache-lucy-0.6.2/c/sample/mail_index/seg_1/cf.dat	1463004360	1
25246949.468	/home/tmp/lucy/apache-lucy-0.6.2/c/sample/mail_index/seg_1/cf.dat	2025881239	1024
25246949.468	/home/tmp/lucy/apache-lucy-0.6.2/c/sample/mail_index/seg_1/cf.dat	1789581506	1024
25246949.469	/home/tmp/lucy/apache-lucy-0.6.2/c/sample/mail_index/seg_1/cf.dat	1789582521	1024
25246949.469	/home/tmp/lucy/apache-lucy-0.6.2/c/sample/mail_index/seg_1/cf.dat	1789583516	1024
25246949.469	/home/tmp/lucy/apache-lucy-0.6.2/c/sample/mail_index/seg_1/cf.dat	1789584480	1024
25246949.469	/home/tmp/lucy/apache-lucy-0.6.2/c/sample/mail_index/seg_1/cf.dat	1789585483	1024
25246949.469	/home/tmp/lucy/apache-lucy-0.6.2/c/sample/mail_index/seg_1/cf.dat	1789586465	1024
25246949.469	/home/tmp/lucy/apache-lucy-0.6.2/c/sample/mail_index/seg_1/cf.dat	1789587434	1024
25246949.469	/home/tmp/lucy/apache-lucy-0.6.2/c/sample/mail_index/seg_1/cf.dat	1789588376	1024
25246949.469	/home/tmp/lucy/apache-lucy-0.6.2/c/sample/mail_index/seg_1/cf.dat	1789589335	1024
25246949.469	/home/tmp/lucy/apache-lucy-0.6.2/c/sample/mail_index/seg_1/cf.dat	1789590339	1024
25246949.469	/home/tmp/lucy/apache-lucy-0.6.2/c/sample/mail_index/seg_1/cf.dat	1789591332	1024
25246949.469	/home/tmp/lucy/apache-lucy-0.6.2/c/sample/mail_index/seg_1/cf.dat	1789592347	1024
25246949.469	/home/tmp/lucy/apache-lucy-0.6.2/c/sample/mail_index/seg_1/cf.dat	1789593362	1024
25246949.469	/home/tmp/lucy/apache-lucy-0.6.2/c/sample/mail_index/seg_1/cf.dat	1789594377	1024
25246949.469	/home/tmp/lucy/apache-lucy-0.6.2/c/sample/mail_index/seg_1/cf.dat	1789595371	1024
25246949.469	/home/tmp/lucy/apache-lucy-0.6.2/c/sample/mail_index/seg_1/cf.dat	1789596374	1024
25246949.469	/home/tmp/lucy/apache-lucy-0.6.2/c/sample/mail_index/seg_1/cf.dat	1789597390	1024
25246949.469	/home/tmp/lucy/apache-lucy-0.6.2/c/sample/mail_index/seg_1/cf.dat	1789598400	1024
25246949.469	/home/tmp/lucy/apache-lucy-0.6.2/c/sample/mail_index/seg_1/cf.dat	1789599415	1024
25246949.469	/home/tmp/lucy/apache-lucy-0.6.2/c/sample/mail_index/seg_1/cf.dat	1789600420	1024
25246949.469	/home/tmp/lucy/apache-lucy-0.6.2/c/sample/mail_index/seg_1/cf.dat	1789601435	1024
25246949.469	/home/tmp/lucy/apache-lucy-0.6.2/c/sample/mail_index/seg_1/cf.dat	1789602439	1024
25246949.469	/home/tmp/lucy/apache-lucy-0.6.2/c/sample/mail_index/seg_1/cf.dat	1789603455	1024
25246949.469	/home/tmp/lucy/apache-lucy-0.6.2/c/sample/mail_index/seg_1/cf.dat	1789604464	1024
25246949.469	/home/tmp/lucy/apache-lucy-0.6.2/c/sample/mail_index/seg_1/cf.dat	1789605477	1024
25246949.469	/home/tmp/lucy/apache-lucy-0.6.2/c/sample/mail_index/seg_1/cf.dat	1789606300	1024
25246949.469	/home/tmp/lucy/apache-lucy-0.6.2/c/sample/mail_index/seg_1/cf.dat	1789607231	1024
25246949.469	/home/tmp/lucy/apache-lucy-0.6.2/c/sample/mail_index/seg_1/cf.dat	1789608203	1024
25246949.469	/home/tmp/lucy/apache-lucy-0.6.2/c/sample/mail_index/seg_1/cf.dat	1789609127	1024
25246949.469	/home/tmp/lucy/apache-lucy-0.6.2/c/sample/mail_index/seg_1/cf.dat	1789609992	1024
25246949.469	/home/tmp/lucy/apache-lucy-0.6.2/c/sample/mail_index/seg_1/cf.dat	1789610989	1024
25246949.469	/home/tmp/lucy/apache-lucy-0.6.2/c/sample/mail_index/seg_1/cf.dat	1789611966	1024
25246949.469	/home/tmp/lucy/apache-lucy-0.6.2/c/sample/mail_index/seg_1/cf.dat	1789612969	1024
25246949.470	/home/tmp/lucy/apache-lucy-0.6.2/c/sample/mail_index/seg_1/cf.dat	1789613980	1024
25246949.470	/home/tmp/lucy/apache-lucy-0.6.2/c/sample/mail_index/seg_1/cf.dat	1789614820	1024
25246949.470	/home/tmp/lucy/apache-lucy-0.6.2/c/sample/mail_index/seg_1/cf.dat	1789615739	1024
25246949.470	/home/tmp/lucy/apache-lucy-0.6.2/c/sample/mail_index/seg_1/cf.dat	1789616686	1024
25246949.470	/home/tmp/lucy/apache-lucy-0.6.2/c/sample/mail_index/seg_1/cf.dat	1789617696	1024
25246949.470	/home/tmp/lucy/apache-lucy-0.6.2/c/sample/mail_index/seg_1/cf.dat	1789618536	1024
25246949.470	/home/tmp/lucy/apache-lucy-0.6.2/c/sample/mail_index/seg_1/cf.dat	1789619552	1024
25246949.470	/home/tmp/lucy/apache-lucy-0.6.2/c/sample/mail_index/seg_1/cf.dat	1789620568	1024
25246949.470	/home/tmp/lucy/apache-lucy-0.6.2/c/sample/mail_index/seg_1/cf.dat	1789621530	1024
25246949.470	/home/tmp/lucy/apache-lucy-0.6.2/c/sample/mail_index/seg_1/cf.dat	1789622545	1024
25246949.470	/home/tmp/lucy/apache-lucy-0.6.2/c/sample/mail_index/seg_1/cf.dat	2025882263	1024
25246949.470	/home/tmp/lucy/apache-lucy-0.6.2/c/sample/mail_index/seg_1/cf.dat	1789623559	1024
25246949.470	/home/tmp/lucy/apache-lucy-0.6.2/c/sample/mail_index/seg_1/cf.dat	1789624565	1024
25246949.470	/home/tmp/lucy/apache-lucy-0.6.2/c/sample/mail_index/seg_1/cf.dat	1789625575	1024
25246949.470	/home/tmp/lucy/apache-lucy-0.6.2/c/sample/mail_index/seg_1/cf.dat	1789626573	1024
25246949.470	/home/tmp/lucy/apache-lucy-0.6.2/c/sample/mail_index/seg_1/cf.dat	1789627522	1024
25246949.470	/home/tmp/lucy/apache-lucy-0.6.2/c/sample/mail_index/seg_1/cf.dat	1789628370	1024
25246949.470	/home/tmp/lucy/apache-lucy-0.6.2/c/sample/mail_index/seg_1/cf.dat	1789629352	1024
25246949.470	/home/tmp/lucy/apache-lucy-0.6.2/c/sample/mail_index/seg_1/cf.dat	1789630368	1024
25246949.470	/home/tmp/lucy/apache-lucy-0.6.2/c/sample/mail_index/seg_1/cf.dat	1789631382	1024
25246949.470	/home/tmp/lucy/apache-lucy-0.6.2/c/sample/mail_index/seg_1/cf.dat	1789632262	1024
25246949.470	/home/tmp/lucy/apache-lucy-0.6.2/c/sample/mail_index/seg_1/cf.dat	1789633255	1024
25246949.470	/home/tmp/lucy/apache-lucy-0.6.2/c/sample/mail_index/seg_1/cf.dat	1789634208	1024
25246949.470	/home/tmp/lucy/apache-lucy-0.6.2/c/sample/mail_index/seg_1/cf.dat	1789634952	1024
25246949.470	/home/tmp/lucy/apache-lucy-0.6.2/c/sample/mail_index/seg_1/cf.dat	1789635918	1024
25246949.470	/home/tmp/lucy/apache-lucy-0.6.2/c/sample/mail_index/seg_1/cf.dat	1789636841	1024
25246949.470	/home/tmp/lucy/apache-lucy-0.6.2/c/sample/mail_index/seg_1/cf.dat	1789637828	1024
25246949.470	/home/tmp/lucy/apache-lucy-0.6.2/c/sample/mail_index/seg_1/cf.dat	1789638584	1024
25246949.470	/home/tmp/lucy/apache-lucy-0.6.2/c/sample/mail_index/seg_1/cf.dat	1789639598	1024
25246949.470	/home/tmp/lucy/apache-lucy-0.6.2/c/sample/mail_index/seg_1/cf.dat	1789640540	1024
25246949.470	/home/tmp/lucy/apache-lucy-0.6.2/c/sample/mail_index/seg_1/cf.dat	1789641533	1024
25246949.470	/home/tmp/lucy/apache-lucy-0.6.2/c/sample/mail_index/seg_1/cf.dat	1789642531	1024
25246949.470	/home/tmp/lucy/apache-lucy-0.6.2/c/sample/mail_index/seg_1/cf.dat	1789643482	1024
25246949.470	/home/tmp/lucy/apache-lucy-0.6.2/c/sample/mail_index/seg_1/cf.dat	1789644466	1024
25246949.470	/home/tmp/lucy/apache-lucy-0.6.2/c/sample/mail_index/seg_1/cf.dat	1789645468	1024
25246949.470	/home/tmp/lucy/apache-lucy-0.6.2/c/sample/mail_index/seg_1/cf.dat	1789646431	1024
25246949.470	/home/tmp/lucy/apache-lucy-0.6.2/c/sample/mail_index/seg_1/cf.dat	1789647295	1400
25246949.470	/home/tmp/lucy/apache-lucy-0.6.2/c/sample/mail_index/seg_1/cf.dat	1789648642	1024
25246949.470	/home/tmp/lucy/apache-lucy-0.6.2/c/sample/mail_index/seg_1/cf.dat	1789649618	1024
25246949.470	/home/tmp/lucy/apache-lucy-0.6.2/c/sample/mail_index/seg_1/cf.dat	1789650596	1024
25246949.471	/home/tmp/lucy/apache-lucy-0.6.2/c/sample/mail_index/seg_1/cf.dat	1789651604	1024
25246949.471	/home/tmp/lucy/apache-lucy-0.6.2/c/sample/mail_index/seg_1/cf.dat	1789652611	1024
25246949.471	/home/tmp/lucy/apache-lucy-0.6.2/c/sample/mail_index/seg_1/cf.dat	1789653598	1024
25246949.471	/home/tmp/lucy/apache-lucy-0.6.2/c/sample/mail_index/seg_1/cf.dat	1789654561	1024
25246949.471	/home/tmp/lucy/apache-lucy-0.6.2/c/sample/mail_index/seg_1/cf.dat	1789655409	1024
25246949.471	/home/tmp/lucy/apache-lucy-0.6.2/c/sample/mail_index/seg_1/cf.dat	1789656403	1024
25246949.471	/home/tmp/lucy/apache-lucy-0.6.2/c/sample/mail_index/seg_1/cf.dat	1789657100	1024
25246949.471	/home/tmp/lucy/apache-lucy-0.6.2/c/sample/mail_index/seg_1/cf.dat	1789658042	1024
25246949.471	/home/tmp/lucy/apache-lucy-0.6.2/c/sample/mail_index/seg_1/cf.dat	1789658753	1024
25246949.471	/home/tmp/lucy/apache-lucy-0.6.2/c/sample/mail_index/seg_1/cf.dat	1789659361	1024
25246949.471	/home/tmp/lucy/apache-lucy-0.6.2/c/sample/mail_index/seg_1/cf.dat	1789660205	1024
25246949.471	/home/tmp/lucy/apache-lucy-0.6.2/c/sample/mail_index/seg_1/cf.dat	1789660961	1024
25246949.471	/home/tmp/lucy/apache-lucy-0.6.2/c/sample/mail_index/seg_1/cf.dat	1789661915	1024
25246949.471	/home/tmp/lucy/apache-lucy-0.6.2/c/sample/mail_index/seg_1/cf.dat	1789662776	1024
25246949.471	/home/tmp/lucy/apache-lucy-0.6.2/c/sample/mail_index/seg_1/cf.dat	1789663729	1024
25246949.471	/home/tmp/lucy/apache-lucy-0.6.2/c/sample/mail_index/seg_1/cf.dat	1789664707	1024
25246949.471	/home/tmp/lucy/apache-lucy-0.6.2/c/sample/mail_index/seg_1/cf.dat	1789665700	1024
25246949.471	/home/tmp/lucy/apache-lucy-0.6.2/c/sample/mail_index/seg_1/cf.dat	1789666711	1024
25246949.471	/home/tmp/lucy/apache-lucy-0.6.2/c/sample/mail_index/seg_1/cf.dat	1789667665	1024
25246949.471	/home/tmp/lucy/apache-lucy-0.6.2/c/sample/mail_index/seg_1/cf.dat	1789668608	1024
25246949.471	/home/tmp/lucy/apache-lucy-0.6.2/c/sample/mail_index/seg_1/cf.dat	1789669581	1024
25246949.471	/home/tmp/lucy/apache-lucy-0.6.2/c/sample/mail_index/seg_1/cf.dat	1789670559	1024
25246949.471	/home/tmp/lucy/apache-lucy-0.6.2/c/sample/mail_index/seg_1/cf.dat	1789671576	1024
25246949.471	/home/tmp/lucy/apache-lucy-0.6.2/c/sample/mail_index/seg_1/cf.dat	1789672564	1024
25246949.471	/home/tmp/lucy/apache-lucy-0.6.2/c/sample/mail_index/seg_1/cf.dat	1789673554	1024
25246949.471	/home/tmp/lucy/apache-lucy-0.6.2/c/sample/mail_index/seg_1/cf.dat	1789674570	1024
25246949.471	/home/tmp/lucy/apache-lucy-0.6.2/c/sample/mail_index/seg_1/cf.dat	1789675538	1024
25246949.471	/home/tmp/lucy/apache-lucy-0.6.2/c/sample/mail_index/seg_1/cf.dat	1789676548	1024
25246949.471	/home/tmp/lucy/apache-lucy-0.6.2/c/sample/mail_index/seg_1/cf.dat	2025883287	1024
25246949.471	/home/tmp/lucy/apache-lucy-0.6.2/c/sample/mail_index/seg_1/cf.dat	1789677505	1024
25246949.471	/home/tmp/lucy/apache-lucy-0.6.2/c/sample/mail_index/seg_1/cf.dat	1789678493	1024
25246949.471	/home/tmp/lucy/apache-lucy-0.6.2/c/sample/mail_index/seg_1/cf.dat	1789679509	1024
25246949.471	/home/tmp/lucy/apache-lucy-0.6.2/c/sample/mail_index/seg_1/cf.dat	1789680524	1024
25246949.471	/home/tmp/lucy/apache-lucy-0.6.2/c/sample/mail_index/seg_1/cf.dat	1789681539	1024
25246949.471	/home/tmp/lucy/apache-lucy-0.6.2/c/sample/mail_index/seg_1/cf.dat	1789682472	1024
25246949.471	/home/tmp/lucy/apache-lucy-0.6.2/c/sample/mail_index/seg_1/cf.dat	1789683428	1024
25246949.471	/home/tmp/lucy/apache-lucy-0.6.2/c/sample/mail_index/seg_1/cf.dat	1789684413	1024
25246949.471	/home/tmp/lucy/apache-lucy-0.6.2/c/sample/mail_index/seg_1/cf.dat	1789685184	1024
25246949.471	/home/tmp/lucy/apache-lucy-0.6.2/c/sample/mail_index/seg_1/cf.dat	1789686200	1024
25246949.471	/home/tmp/lucy/apache-lucy-0.6.2/c/sample/mail_index/seg_1/cf.dat	1789687216	1024
25246949.471	/home/tmp/lucy/apache-lucy-0.6.2/c/sample/mail_index/seg_1/cf.dat	1789688093	1024
25246949.472	/home/tmp/lucy/apache-lucy-0.6.2/c/sample/mail_index/seg_1/cf.dat	1789689108	1024
25246949.472	/home/tmp/lucy/apache-lucy-0.6.2/c/sample/mail_index/seg_1/cf.dat	1789690100	1024
25246949.472	/home/tmp/lucy/apache-lucy-0.6.2/c/sample/mail_index/seg_1/cf.dat	1789691089	1024
25246949.472	/home/tmp/lucy/apache-lucy-0.6.2/c/sample/mail_index/seg_1/cf.dat	1789692006	1024
25246949.472	/home/tmp/lucy/apache-lucy-0.6.2/c/sample/mail_index/seg_1/cf.dat	1789692998	1024
25246949.472	/home/tmp/lucy/apache-lucy-0.6.2/c/sample/mail_index/seg_1/cf.dat	1789693793	1024
25246949.472	/home/tmp/lucy/apache-lucy-0.6.2/c/sample/mail_index/seg_1/cf.dat	1789694620	1024
25246949.472	/home/tmp/lucy/apache-lucy-0.6.2/c/sample/mail_index/seg_1/cf.dat	1789695618	1024
25246949.472	/home/tmp/lucy/apache-lucy-0.6.2/c/sample/mail_index/seg_1/cf.dat	1789696469	1024
25246949.472	/home/tmp/lucy/apache-lucy-0.6.2/c/sample/mail_index/seg_1/cf.dat	1789697483	1024
25246949.472	/home/tmp/lucy/apache-lucy-0.6.2/c/sample/mail_index/seg_1/cf.dat	1789698460	1024
25246949.472	/home/tmp/lucy/apache-lucy-0.6.2/c/sample/mail_index/seg_1/cf.dat	1789699445	1024
25246949.472	/home/tmp/lucy/apache-lucy-0.6.2/c/sample/mail_index/seg_1/cf.dat	1789700456	1024
25246949.472	/home/tmp/lucy/apache-lucy-0.6.2/c/sample/mail_index/seg_1/cf.dat	1789701417	1024
25246949.472	/home/tmp/lucy/apache-lucy-0.6.2/c/sample/mail_index/seg_1/cf.dat	1789702431	1024
25246949.472	/home/tmp/lucy/apache-lucy-0.6.2/c/sample/mail_index/seg_1/cf.dat	1789703417	1024
25246949.472	/home/tmp/lucy/apache-lucy-0.6.2/c/sample/mail_index/seg_1/cf.dat	1789704389	1024
25246949.472	/home/tmp/lucy/apache-lucy-0.6.2/c/sample/mail_index/seg_1/cf.dat	1789705331	1024
25246949.472	/home/tmp/lucy/apache-lucy-0.6.2/c/sample/mail_index/seg_1/cf.dat	1789706348	1024
25246949.472	/home/tmp/lucy/apache-lucy-0.6.2/c/sample/mail_index/seg_1/cf.dat	1789707360	1024
25246949.472	/home/tmp/lucy/apache-lucy-0.6.2/c/sample/mail_index/seg_1/cf.dat	1789708375	1024
25246949.472	/home/tmp/lucy/apache-lucy-0.6.2/c/sample/mail_index/seg_1/cf.dat	1789709344	1024
25246949.472	/home/tmp/lucy/apache-lucy-0.6.2/c/sample/mail_index/seg_1/cf.dat	1789710332	1024
25246949.472	/home/tmp/lucy/apache-lucy-0.6.2/c/sample/mail_index/seg_1/cf.dat	1789711348	1024
25246949.472	/home/tmp/lucy/apache-lucy-0.6.2/c/sample/mail_index/seg_1/cf.dat	1789712363	1024
25246949.472	/home/tmp/lucy/apache-lucy-0.6.2/c/sample/mail_index/seg_1/cf.dat	1789713303	1024
25246949.472	/home/tmp/lucy/apache-lucy-0.6.2/c/sample/mail_index/seg_1/cf.dat	1789714257	1024
25246949.472	/home/tmp/lucy/apache-lucy-0.6.2/c/sample/mail_index/seg_1/cf.dat	1789715246	1024
25246949.472	/home/tmp/lucy/apache-lucy-0.6.2/c/sample/mail_index/seg_1/cf.dat	1789716250	1024
25246949.472	/home/tmp/lucy/apache-lucy-0.6.2/c/sample/mail_index/seg_1/cf.dat	1789717266	1024
25246949.472	/home/tmp/lucy/apache-lucy-0.6.2/c/sample/mail_index/seg_1/cf.dat	1789718273	1024
25246949.472	/home/tmp/lucy/apache-lucy-0.6.2/c/sample/mail_index/seg_1/cf.dat	1789719289	1024
25246949.472	/home/tmp/lucy/apache-lucy-0.6.2/c/sample/mail_index/seg_1/cf.dat	1789720289	1024
25246949.472	/home/tmp/lucy/apache-lucy-0.6.2/c/sample/mail_index/seg_1/cf.dat	1789721303	1024
25246949.472	/home/tmp/lucy/apache-lucy-0.6.2/c/sample/mail_index/seg_1/cf.dat	1789722308	1024
25246949.473	/home/tmp/lucy/apache-lucy-0.6.2/c/sample/mail_index/seg_1/cf.dat	1789723184	1024
25246949.473	/home/tmp/lucy/apache-lucy-0.6.2/c/sample/mail_index/seg_1/cf.dat	1789724194	1024
25246949.473	/home/tmp/lucy/apache-lucy-0.6.2/c/sample/mail_index/seg_1/cf.dat	2025884311	1024
25246949.473	/home/tmp/lucy/apache-lucy-0.6.2/c/sample/mail_index/seg_1/cf.dat	1789725208	1024
25246949.473	/home/tmp/lucy/apache-lucy-0.6.2/c/sample/mail_index/seg_1/cf.dat	1789726157	1024
25246949.473	/home/tmp/lucy/apache-lucy-0.6.2/c/sample/mail_index/seg_1/cf.dat	1789727067	1024
25246949.473	/home/tmp/lucy/apache-lucy-0.6.2/c/sample/mail_index/seg_1/cf.dat	1789728013	1024
25246949.473	/home/tmp/lucy/apache-lucy-0.6.2/c/sample/mail_index/seg_1/cf.dat	1789728951	1024
25246949.473	/home/tmp/lucy/apache-lucy-0.6.2/c/sample/mail_index/seg_1/cf.dat	1789729904	1024
25246949.473	/home/tmp/lucy/apache-lucy-0.6.2/c/sample/mail_index/seg_1/cf.dat	1789730860	1024
25246949.473	/home/tmp/lucy/apache-lucy-0.6.2/c/sample/mail_index/seg_1/cf.dat	1789731792	1024
25246949.473	/home/tmp/lucy/apache-lucy-0.6.2/c/sample/mail_index/seg_1/cf.dat	1789732746	1024
25246949.473	/home/tmp/lucy/apache-lucy-0.6.2/c/sample/mail_index/seg_1/cf.dat	1789733719	1024
25246949.473	/home/tmp/lucy/apache-lucy-0.6.2/c/sample/mail_index/seg_1/cf.dat	1789734681	1024
25246949.473	/home/tmp/lucy/apache-lucy-0.6.2/c/sample/mail_index/seg_1/cf.dat	1789735630	1024
25246949.473	/home/tmp/lucy/apache-lucy-0.6.2/c/sample/mail_index/seg_1/cf.dat	1789736575	1024
25246949.473	/home/tmp/lucy/apache-lucy-0.6.2/c/sample/mail_index/seg_1/cf.dat	1789737473	1024
25246949.473	/home/tmp/lucy/apache-lucy-0.6.2/c/sample/mail_index/seg_1/cf.dat	1789738450	1024
25246949.473	/home/tmp/lucy/apache-lucy-0.6.2/c/sample/mail_index/seg_1/cf.dat	1789739458	1024
25246949.473	/home/tmp/lucy/apache-lucy-0.6.2/c/sample/mail_index/seg_1/cf.dat	1789740418	1024
25246949.473	/home/tmp/lucy/apache-lucy-0.6.2/c/sample/mail_index/seg_1/cf.dat	1789741308	1024
25246949.473	/home/tmp/lucy/apache-lucy-0.6.2/c/sample/mail_index/seg_1/cf.dat	1789742211	1024
25246949.473	/home/tmp/lucy/apache-lucy-0.6.2/c/sample/mail_index/seg_1/cf.dat	1789743139	1024
25246949.473	/home/tmp/lucy/apache-lucy-0.6.2/c/sample/mail_index/seg_1/cf.dat	1789744143	1024
25246949.473	/home/tmp/lucy/apache-lucy-0.6.2/c/sample/mail_index/seg_1/cf.dat	1789745123	1024
25246949.473	/home/tmp/lucy/apache-lucy-0.6.2/c/sample/mail_index/seg_1/cf.dat	1789746084	1024
25246949.473	/home/tmp/lucy/apache-lucy-0.6.2/c/sample/mail_index/seg_1/cf.dat	1789747072	1024
25246949.473	/home/tmp/lucy/apache-lucy-0.6.2/c/sample/mail_index/seg_1/cf.dat	1789748067	1024
25246949.473	/home/tmp/lucy/apache-lucy-0.6.2/c/sample/mail_index/seg_1/cf.dat	1789749050	1024
25246949.473	/home/tmp/lucy/apache-lucy-0.6.2/c/sample/mail_index/seg_1/cf.dat	1789750028	1024
25246949.473	/home/tmp/lucy/apache-lucy-0.6.2/c/sample/mail_index/seg_1/cf.dat	1789751033	1024
25246949.473	/home/tmp/lucy/apache-lucy-0.6.2/c/sample/mail_index/seg_1/cf.dat	1789751999	1024
25246949.473	/home/tmp/lucy/apache-lucy-0.6.2/c/sample/mail_index/seg_1/cf.dat	1789753007	1024
25246949.473	/home/tmp/lucy/apache-lucy-0.6.2/c/sample/mail_index/seg_1/cf.dat	1789753980	1024
25246949.473	/home/tmp/lucy/apache-lucy-0.6.2/c/sample/mail_index/seg_1/cf.dat	1789754996	1024
25246949.473	/home/tmp/lucy/apache-lucy-0.6.2/c/sample/mail_index/seg_1/cf.dat	1789755964	1024
25246949.473	/home/tmp/lucy/apache-lucy-0.6.2/c/sample/mail_index/seg_1/cf.dat	1789756981	1024
25246949.473	/home/tmp/lucy/apache-lucy-0.6.2/c/sample/mail_index/seg_1/cf.dat	1789757994	1024
25246949.473	/home/tmp/lucy/apache-lucy-0.6.2/c/sample/mail_index/seg_1/cf.dat	1789759000	1024
25246949.473	/home/tmp/lucy/apache-lucy-0.6.2/c/sample/mail_index/seg_1/cf.dat	1789760017	1024
25246949.474	/home/tmp/lucy/apache-lucy-0.6.2/c/sample/mail_index/seg_1/cf.dat	1789761032	1024
25246949.474	/home/tmp/lucy/apache-lucy-0.6.2/c/sample/mail_index/seg_1/cf.dat	1789762015	1024
25246949.474	/home/tmp/lucy/apache-lucy-0.6.2/c/sample/mail_index/seg_1/cf.dat	1789763031	1024
25246949.474	/home/tmp/lucy/apache-lucy-0.6.2/c/sample/mail_index/seg_1/cf.dat	1789764018	1024
25246949.474	/home/tmp/lucy/apache-lucy-0.6.2/c/sample/mail_index/seg_1/cf.dat	1789765035	1024
25246949.474	/home/tmp/lucy/apache-lucy-0.6.2/c/sample/mail_index/seg_1/cf.dat	1789766050	1024
25246949.474	/home/tmp/lucy/apache-lucy-0.6.2/c/sample/mail_index/seg_1/cf.dat	1789767054	1024
25246949.474	/home/tmp/lucy/apache-lucy-0.6.2/c/sample/mail_index/seg_1/cf.dat	1789768062	1024
25246949.474	/home/tmp/lucy/apache-lucy-0.6.2/c/sample/mail_index/seg_1/cf.dat	1789769078	1024
25246949.474	/home/tmp/lucy/apache-lucy-0.6.2/c/sample/mail_index/seg_1/cf.dat	1789770088	1024
25246949.474	/home/tmp/lucy/apache-lucy-0.6.2/c/sample/mail_index/seg_1/cf.dat	1789771065	1024
25246949.474	/home/tmp/lucy/apache-lucy-0.6.2/c/sample/mail_index/seg_1/cf.dat	1789771951	1024
25246949.474	/home/tmp/lucy/apache-lucy-0.6.2/c/sample/mail_index/seg_1/cf.dat	1789772909	1024
25246949.474	/home/tmp/lucy/apache-lucy-0.6.2/c/sample/mail_index/seg_1/cf.dat	1789773925	1024
25246949.474	/home/tmp/lucy/apache-lucy-0.6.2/c/sample/mail_index/seg_1/cf.dat	1789774731	1024
25246949.474	/home/tmp/lucy/apache-lucy-0.6.2/c/sample/mail_index/seg_1/cf.dat	1789775733	1024
25246949.474	/home/tmp/lucy/apache-lucy-0.6.2/c/sample/mail_index/seg_1/cf.dat	1789776730	1024
25246949.474	/home/tmp/lucy/apache-lucy-0.6.2/c/sample/mail_index/seg_1/cf.dat	2025885335	1024
25246949.474	/home/tmp/lucy/apache-lucy-0.6.2/c/sample/mail_index/seg_1/cf.dat	1789777745	1024
25246949.474	/home/tmp/lucy/apache-lucy-0.6.2/c/sample/mail_index/seg_1/cf.dat	1789778678	1024
25246949.474	/home/tmp/lucy/apache-lucy-0.6.2/c/sample/mail_index/seg_1/cf.dat	1789779693	1024
25246949.474	/home/tmp/lucy/apache-lucy-0.6.2/c/sample/mail_index/seg_1/cf.dat	1789780659	1024
25246949.474	/home/tmp/lucy/apache-lucy-0.6.2/c/sample/mail_index/seg_1/cf.dat	1789781667	1024
25246949.474	/home/tmp/lucy/apache-lucy-0.6.2/c/sample/mail_index/seg_1/cf.dat	1789782684	1024
25246949.474	/home/tmp/lucy/apache-lucy-0.6.2/c/sample/mail_index/seg_1/cf.dat	1789783672	1024
25246949.474	/home/tmp/lucy/apache-lucy-0.6.2/c/sample/mail_index/seg_1/cf.dat	1789784638	1024
25246949.474	/home/tmp/lucy/apache-lucy-0.6.2/c/sample/mail_index/seg_1/cf.dat	1789785630	1024
25246949.474	/home/tmp/lucy/apache-lucy-0.6.2/c/sample/mail_index/seg_1/cf.dat	1789786576	1024
25246949.474	/home/tmp/lucy/apache-lucy-0.6.2/c/sample/mail_index/seg_1/cf.dat	1789787593	1024
25246949.474	/home/tmp/lucy/apache-lucy-0.6.2/c/sample/mail_index/seg_1/cf.dat	1789788594	1024
25246949.474	/home/tmp/lucy/apache-lucy-0.6.2/c/sample/mail_index/seg_1/cf.dat	1789789609	1024
25246949.474	/home/tmp/lucy/apache-lucy-0.6.2/c/sample/mail_index/seg_1/cf.dat	1789790609	1024
25246949.474	/home/tmp/lucy/apache-lucy-0.6.2/c/sample/mail_index/seg_1/cf.dat	1789791608	1024
25246949.474	/home/tmp/lucy/apache-lucy-0.6.2/c/sample/mail_index/seg_1/cf.dat	1789792612	1024
25246949.474	/home/tmp/lucy/apache-lucy-0.6.2/c/sample/mail_index/seg_1/cf.dat	1789793568	1024
25246949.475	/home/tmp/lucy/apache-lucy-0.6.2/c/sample/mail_index/seg_1/cf.dat	1789794479	1024
25246949.475	/home/tmp/lucy/apache-lucy-0.6.2/c/sample/mail_index/seg_1/cf.dat	1789794831	1024
25246949.475	/home/tmp/lucy/apache-lucy-0.6.2/c/sample/mail_index/seg_1/cf.dat	1789795676	1024
25246949.475	/home/tmp/lucy/apache-lucy-0.6.2/c/sample/mail_index/seg_1/cf.dat	1789796554	1024
25246949.475	/home/tmp/lucy/apache-lucy-0.6.2/c/sample/mail_index/seg_1/cf.dat	1789797216	1024
25246949.475	/home/tmp/lucy/apache-lucy-0.6.2/c/sample/mail_index/seg_1/cf.dat	1789797828	1024
25246949.475	/home/tmp/lucy/apache-lucy-0.6.2/c/sample/mail_index/seg_1/cf.dat	1789798738	1024
25246949.475	/home/tmp/lucy/apache-lucy-0.6.2/c/sample/mail_index/seg_1/cf.dat	1789799722	1024
25246949.475	/home/tmp/lucy/apache-lucy-0.6.2/c/sample/mail_index/seg_1/cf.dat	1789800595	1024
25246949.475	/home/tmp/lucy/apache-lucy-0.6.2/c/sample/mail_index/seg_1/cf.dat	1789801474	1024
25246949.475	/home/tmp/lucy/apache-lucy-0.6.2/c/sample/mail_index/seg_1/cf.dat	1789802305	1024
25246949.475	/home/tmp/lucy/apache-lucy-0.6.2/c/sample/mail_index/seg_1/cf.dat	1789803204	1024
25246949.475	/home/tmp/lucy/apache-lucy-0.6.2/c/sample/mail_index/seg_1/cf.dat	1789804126	1024
25246949.475	/home/tmp/lucy/apache-lucy-0.6.2/c/sample/mail_index/seg_1/cf.dat	1789805068	1024
25246949.475	/home/tmp/lucy/apache-lucy-0.6.2/c/sample/mail_index/seg_1/cf.dat	1789805708	1024
25246949.475	/home/tmp/lucy/apache-lucy-0.6.2/c/sample/mail_index/seg_1/cf.dat	1789806679	1024
25246949.475	/home/tmp/lucy/apache-lucy-0.6.2/c/sample/mail_index/seg_1/cf.dat	1789807680	1024
25246949.475	/home/tmp/lucy/apache-lucy-0.6.2/c/sample/mail_index/seg_1/cf.dat	1789807968	1024
25246949.475	/home/tmp/lucy/apache-lucy-0.6.2/c/sample/mail_index/seg_1/cf.dat	1789808977	1024
25246949.475	/home/tmp/lucy/apache-lucy-0.6.2/c/sample/mail_index/seg_1/cf.dat	1789809935	1024
25246949.475	/home/tmp/lucy/apache-lucy-0.6.2/c/sample/mail_index/seg_1/cf.dat	1789810822	1024
25246949.475	/home/tmp/lucy/apache-lucy-0.6.2/c/sample/mail_index/seg_1/cf.dat	1789811670	1024
25246949.475	/home/tmp/lucy/apache-lucy-0.6.2/c/sample/mail_index/seg_1/cf.dat	1789812662	1024
25246949.475	/home/tmp/lucy/apache-lucy-0.6.2/c/sample/mail_index/seg_1/cf.dat	1789813607	1024
25246949.475	/home/tmp/lucy/apache-lucy-0.6.2/c/sample/mail_index/seg_1/cf.dat	1789814575	1024
25246949.475	/home/tmp/lucy/apache-lucy-0.6.2/c/sample/mail_index/seg_1/cf.dat	1789815537	1024
25246949.475	/home/tmp/lucy/apache-lucy-0.6.2/c/sample/mail_index/seg_1/cf.dat	1789816409	1024
25246949.475	/home/tmp/lucy/apache-lucy-0.6.2/c/sample/mail_index/seg_1/cf.dat	1789817271	1024
25246949.475	/home/tmp/lucy/apache-lucy-0.6.2/c/sample/mail_index/seg_1/cf.dat	1789818225	1024
25246949.475	/home/tmp/lucy/apache-lucy-0.6.2/c/sample/mail_index/seg_1/cf.dat	1789819001	1024
25246949.475	/home/tmp/lucy/apache-lucy-0.6.2/c/sample/mail_index/seg_1/cf.dat	1789819750	1024
25246949.475	/home/tmp/lucy/apache-lucy-0.6.2/c/sample/mail_index/seg_1/cf.dat	1789820748	1024
25246949.475	/home/tmp/lucy/apache-lucy-0.6.2/c/sample/mail_index/seg_1/cf.dat	1789821666	1024
25246949.475	/home/tmp/lucy/apache-lucy-0.6.2/c/sample/mail_index/seg_1/cf.dat	1789822601	1024
25246949.475	/home/tmp/lucy/apache-lucy-0.6.2/c/sample/mail_index/seg_1/cf.dat	1789823494	1024
25246949.475	/home/tmp/lucy/apache-lucy-0.6.2/c/sample/mail_index/seg_1/cf.dat	1789824091	1024
25246949.475	/home/tmp/lucy/apache-lucy-0.6.2/c/sample/mail_index/seg_1/cf.dat	1789825021	1024
25246949.475	/home/tmp/lucy/apache-lucy-0.6.2/c/sample/mail_index/seg_1/cf.dat	1789825582	1024
25246949.475	/home/tmp/lucy/apache-lucy-0.6.2/c/sample/mail_index/seg_1/cf.dat	1789826384	1024
25246949.475	/home/tmp/lucy/apache-lucy-0.6.2/c/sample/mail_index/seg_1/cf.dat	1789827246	1024
25246949.475	/home/tmp/lucy/apache-lucy-0.6.2/c/sample/mail_index/seg_1/cf.dat	1789828203	1024
25246949.475	/home/tmp/lucy/apache-lucy-0.6.2/c/sample/mail_index/seg_1/cf.dat	1789829157	1024
25246949.475	/home/tmp/lucy/apache-lucy-0.6.2/c/sample/mail_index/seg_1/cf.dat	1789830038	1024
25246949.475	/home/tmp/lucy/apache-lucy-0.6.2/c/sample/mail_index/seg_1/cf.dat	1789830942	1024
25246949.475	/home/tmp/lucy/apache-lucy-0.6.2/c/sample/mail_index/seg_1/cf.dat	1789831867	1024
25246949.475	/home/tmp/lucy/apache-lucy-0.6.2/c/sample/mail_index/seg_1/cf.dat	1789832229	1024
25246949.475	/home/tmp/lucy/apache-lucy-0.6.2/c/sample/mail_index/seg_1/cf.dat	1789833134	1024
25246949.475	/home/tmp/lucy/apache-lucy-0.6.2/c/sample/mail_index/seg_1/cf.dat	1789834089	1024
25246949.475	/home/tmp/lucy/apache-lucy-0.6.2/c/sample/mail_index/seg_1/cf.dat	2025886359	1024
25246949.475	/home/tmp/lucy/apache-lucy-0.6.2/c/sample/mail_index/seg_1/cf.dat	1789835090	1024
25246949.475	/home/tmp/lucy/apache-lucy-0.6.2/c/sample/mail_index/seg_1/cf.dat	1789836045	1024
25246949.475	/home/tmp/lucy/apache-lucy-0.6.2/c/sample/mail_index/seg_1/cf.dat	1789836869	1024
25246949.475	/home/tmp/lucy/apache-lucy-0.6.2/c/sample/mail_index/seg_1/cf.dat	1789837610	1024
25246949.475	/home/tmp/lucy/apache-lucy-0.6.2/c/sample/mail_index/seg_1/cf.dat	1789838075	1024
25246949.475	/home/tmp/lucy/apache-lucy-0.6.2/c/sample/mail_index/seg_1/cf.dat	1789839037	1024
25246949.475	/home/tmp/lucy/apache-lucy-0.6.2/c/sample/mail_index/seg_1/cf.dat	1789839852	1024
25246949.475	/home/tmp/lucy/apache-lucy-0.6.2/c/sample/mail_index/seg_1/cf.dat	1789840727	1024
25246949.476	/home/tmp/lucy/apache-lucy-0.6.2/c/sample/mail_index/seg_1/cf.dat	1789841741	1024
25246949.476	/home/tmp/lucy/apache-lucy-0.6.2/c/sample/mail_index/seg_1/cf.dat	1789842707	1024
25246949.476	/home/tmp/lucy/apache-lucy-0.6.2/c/sample/mail_index/seg_1/cf.dat	1789843315	1024
25246949.476	/home/tmp/lucy/apache-lucy-0.6.2/c/sample/mail_index/seg_1/cf.dat	1789844271	1024
25246949.476	/home/tmp/lucy/apache-lucy-0.6.2/c/sample/mail_index/seg_1/cf.dat	1789845115	1024
25246949.476	/home/tmp/lucy/apache-lucy-0.6.2/c/sample/mail_index/seg_1/cf.dat	1789846006	1024
25246949.476	/home/tmp/lucy/apache-lucy-0.6.2/c/sample/mail_index/seg_1/cf.dat	1789846996	1024
25246949.476	/home/tmp/lucy/apache-lucy-0.6.2/c/sample/mail_index/seg_1/cf.dat	1789848013	1024
25246949.476	/home/tmp/lucy/apache-lucy-0.6.2/c/sample/mail_index/seg_1/cf.dat	1789848979	1024
25246949.476	/home/tmp/lucy/apache-lucy-0.6.2/c/sample/mail_index/seg_1/cf.dat	1789849725	1024
25246949.476	/home/tmp/lucy/apache-lucy-0.6.2/c/sample/mail_index/seg_1/cf.dat	1789850725	1024
25246949.476	/home/tmp/lucy/apache-lucy-0.6.2/c/sample/mail_index/seg_1/cf.dat	1789851636	1024
25246949.476	/home/tmp/lucy/apache-lucy-0.6.2/c/sample/mail_index/seg_1/cf.dat	1789852025	1024
25246949.476	/home/tmp/lucy/apache-lucy-0.6.2/c/sample/mail_index/seg_1/cf.dat	1789852954	1024
25246949.476	/home/tmp/lucy/apache-lucy-0.6.2/c/sample/mail_index/seg_1/cf.dat	1789853916	1024
25246949.476	/home/tmp/lucy/apache-lucy-0.6.2/c/sample/mail_index/seg_1/cf.dat	1789854870	1024
25246949.476	/home/tmp/lucy/apache-lucy-0.6.2/c/sample/mail_index/seg_1/cf.dat	1789855821	1024
25246949.476	/home/tmp/lucy/apache-lucy-0.6.2/c/sample/mail_index/seg_1/cf.dat	1789856780	1024
25246949.476	/home/tmp/lucy/apache-lucy-0.6.2/c/sample/mail_index/seg_1/cf.dat	1789857763	1024
25246949.476	/home/tmp/lucy/apache-lucy-0.6.2/c/sample/mail_index/seg_1/cf.dat	1789858671	1024
25246949.476	/home/tmp/lucy/apache-lucy-0.6.2/c/sample/mail_index/seg_1/cf.dat	1789859567	1024
25246949.476	/home/tmp/lucy/apache-lucy-0.6.2/c/sample/mail_index/seg_1/cf.dat	1789860374	1024
25246949.476	/home/tmp/lucy/apache-lucy-0.6.2/c/sample/mail_index/seg_1/cf.dat	1789861384	1024
25246949.476	/home/tmp/lucy/apache-lucy-0.6.2/c/sample/mail_index/seg_1/cf.dat	1789862287	1024
25246949.476	/home/tmp/lucy/apache-lucy-0.6.2/c/sample/mail_index/seg_1/cf.dat	1789863249	1024
25246949.476	/home/tmp/lucy/apache-lucy-0.6.2/c/sample/mail_index/seg_1/cf.dat	1789864233	1024
25246949.476	/home/tmp/lucy/apache-lucy-0.6.2/c/sample/mail_index/seg_1/cf.dat	1789865204	1024
25246949.476	/home/tmp/lucy/apache-lucy-0.6.2/c/sample/mail_index/seg_1/cf.dat	1789866076	1024
25246949.476	/home/tmp/lucy/apache-lucy-0.6.2/c/sample/mail_index/seg_1/cf.dat	1789867036	1024
25246949.476	/home/tmp/lucy/apache-lucy-0.6.2/c/sample/mail_index/seg_1/cf.dat	1789867995	1024
25246949.476	/home/tmp/lucy/apache-lucy-0.6.2/c/sample/mail_index/seg_1/cf.dat	1789869002	1024
25246949.476	/home/tmp/lucy/apache-lucy-0.6.2/c/sample/mail_index/seg_1/cf.dat	1789869839	1024
25246949.476	/home/tmp/lucy/apache-lucy-0.6.2/c/sample/mail_index/seg_1/cf.dat	1789870755	1024
25246949.476	/home/tmp/lucy/apache-lucy-0.6.2/c/sample/mail_index/seg_1/cf.dat	1789871700	1024
25246949.476	/home/tmp/lucy/apache-lucy-0.6.2/c/sample/mail_index/seg_1/cf.dat	1789871881	1024
25246949.476	/home/tmp/lucy/apache-lucy-0.6.2/c/sample/mail_index/seg_1/cf.dat	1789872875	1024
25246949.476	/home/tmp/lucy/apache-lucy-0.6.2/c/sample/mail_index/seg_1/cf.dat	1789873814	1024
25246949.476	/home/tmp/lucy/apache-lucy-0.6.2/c/sample/mail_index/seg_1/cf.dat	1789874725	1024
25246949.476	/home/tmp/lucy/apache-lucy-0.6.2/c/sample/mail_index/seg_1/cf.dat	1789875451	1024
25246949.476	/home/tmp/lucy/apache-lucy-0.6.2/c/sample/mail_index/seg_1/cf.dat	1789876406	1024
25246949.476	/home/tmp/lucy/apache-lucy-0.6.2/c/sample/mail_index/seg_1/cf.dat	1789877299	1024
25246949.476	/home/tmp/lucy/apache-lucy-0.6.2/c/sample/mail_index/seg_1/cf.dat	1789878281	1024
25246949.476	/home/tmp/lucy/apache-lucy-0.6.2/c/sample/mail_index/seg_1/cf.dat	1789879228	1024
25246949.476	/home/tmp/lucy/apache-lucy-0.6.2/c/sample/mail_index/seg_1/cf.dat	1789880218	1024
25246949.476	/home/tmp/lucy/apache-lucy-0.6.2/c/sample/mail_index/seg_1/cf.dat	1789881098	1024
25246949.476	/home/tmp/lucy/apache-lucy-0.6.2/c/sample/mail_index/seg_1/cf.dat	1789882113	1024
25246949.476	/home/tmp/lucy/apache-lucy-0.6.2/c/sample/mail_index/seg_1/cf.dat	1789883057	1024
25246949.476	/home/tmp/lucy/apache-lucy-0.6.2/c/sample/mail_index/seg_1/cf.dat	1789883954	1024
25246949.476	/home/tmp/lucy/apache-lucy-0.6.2/c/sample/mail_index/seg_1/cf.dat	1789884910	1024
25246949.476	/home/tmp/lucy/apache-lucy-0.6.2/c/sample/mail_index/seg_1/cf.dat	1789885840	1024
25246949.476	/home/tmp/lucy/apache-lucy-0.6.2/c/sample/mail_index/seg_1/cf.dat	1789886688	1024
25246949.476	/home/tmp/lucy/apache-lucy-0.6.2/c/sample/mail_index/seg_1/cf.dat	1789887698	1024
25246949.476	/home/tmp/lucy/apache-lucy-0.6.2/c/sample/mail_index/seg_1/cf.dat	1789888598	1024
25246949.477	/home/tmp/lucy/apache-lucy-0.6.2/c/sample/mail_index/seg_1/cf.dat	1789889586	1024
25246949.477	/home/tmp/lucy/apache-lucy-0.6.2/c/sample/mail_index/seg_1/cf.dat	1789890409	1024
25246949.477	/home/tmp/lucy/apache-lucy-0.6.2/c/sample/mail_index/seg_1/cf.dat	1789891385	1024
25246949.477	/home/tmp/lucy/apache-lucy-0.6.2/c/sample/mail_index/seg_1/cf.dat	1789892398	1024
25246949.477	/home/tmp/lucy/apache-lucy-0.6.2/c/sample/mail_index/seg_1/cf.dat	1789893349	1024
25246949.477	/home/tmp/lucy/apache-lucy-0.6.2/c/sample/mail_index/seg_1/cf.dat	1789894288	1024
25246949.477	/home/tmp/lucy/apache-lucy-0.6.2/c/sample/mail_index/seg_1/cf.dat	1789895142	1024
25246949.477	/home/tmp/lucy/apache-lucy-0.6.2/c/sample/mail_index/seg_1/cf.dat	1789896041	1024
25246949.477	/home/tmp/lucy/apache-lucy-0.6.2/c/sample/mail_index/seg_1/cf.dat	1789897055	1024
25246949.477	/home/tmp/lucy/apache-lucy-0.6.2/c/sample/mail_index/seg_1/cf.dat	1789897995	1024
25246949.477	/home/tmp/lucy/apache-lucy-0.6.2/c/sample/mail_index/seg_1/cf.dat	1789898921	1024
25246949.477	/home/tmp/lucy/apache-lucy-0.6.2/c/sample/mail_index/seg_1/cf.dat	1789899812	1024
25246949.477	/home/tmp/lucy/apache-lucy-0.6.2/c/sample/mail_index/seg_1/cf.dat	1789900521	1024
25246949.477	/home/tmp/lucy/apache-lucy-0.6.2/c/sample/mail_index/seg_1/cf.dat	1789901444	1024
25246949.477	/home/tmp/lucy/apache-lucy-0.6.2/c/sample/mail_index/seg_1/cf.dat	1789902459	1024
25246949.477	/home/tmp/lucy/apache-lucy-0.6.2/c/sample/mail_index/seg_1/cf.dat	1789903383	1024
25246949.477	/home/tmp/lucy/apache-lucy-0.6.2/c/sample/mail_index/seg_1/cf.dat	2025887383	1024
25246949.477	/home/tmp/lucy/apache-lucy-0.6.2/c/sample/mail_index/seg_1/cf.dat	1789904176	1024
25246949.477	/home/tmp/lucy/apache-lucy-0.6.2/c/sample/mail_index/seg_1/cf.dat	1789904820	1024
25246949.477	/home/tmp/lucy/apache-lucy-0.6.2/c/sample/mail_index/seg_1/cf.dat	1789905701	1024
25246949.477	/home/tmp/lucy/apache-lucy-0.6.2/c/sample/mail_index/seg_1/cf.dat	1789906560	1024
25246949.477	/home/tmp/lucy/apache-lucy-0.6.2/c/sample/mail_index/seg_1/cf.dat	1789907502	1024
25246949.477	/home/tmp/lucy/apache-lucy-0.6.2/c/sample/mail_index/seg_1/cf.dat	1789908291	1024
25246949.477	/home/tmp/lucy/apache-lucy-0.6.2/c/sample/mail_index/seg_1/cf.dat	1789908851	1024
25246949.477	/home/tmp/lucy/apache-lucy-0.6.2/c/sample/mail_index/seg_1/cf.dat	1789909837	1024
25246949.477	/home/tmp/lucy/apache-lucy-0.6.2/c/sample/mail_index/seg_1/cf.dat	1789910790	1024
25246949.477	/home/tmp/lucy/apache-lucy-0.6.2/c/sample/mail_index/seg_1/cf.dat	1789911726	1024
25246949.477	/home/tmp/lucy/apache-lucy-0.6.2/c/sample/mail_index/seg_1/cf.dat	1789912630	1024
25246949.477	/home/tmp/lucy/apache-lucy-0.6.2/c/sample/mail_index/seg_1/cf.dat	1789913372	1024
25246949.477	/home/tmp/lucy/apache-lucy-0.6.2/c/sample/mail_index/seg_1/cf.dat	1789914335	1024
25246949.477	/home/tmp/lucy/apache-lucy-0.6.2/c/sample/mail_index/seg_1/cf.dat	1789915260	1024
25246949.477	/home/tmp/lucy/apache-lucy-0.6.2/c/sample/mail_index/seg_1/cf.dat	1789915974	1024
25246949.477	/home/tmp/lucy/apache-lucy-0.6.2/c/sample/mail_index/seg_1/cf.dat	1789916715	1024
25246949.477	/home/tmp/lucy/apache-lucy-0.6.2/c/sample/mail_index/seg_1/cf.dat	1789917629	1024
25246949.477	/home/tmp/lucy/apache-lucy-0.6.2/c/sample/mail_index/seg_1/cf.dat	1789918437	1024
25246949.477	/home/tmp/lucy/apache-lucy-0.6.2/c/sample/mail_index/seg_1/cf.dat	1789919276	1024
25246949.477	/home/tmp/lucy/apache-lucy-0.6.2/c/sample/mail_index/seg_1/cf.dat	1789920279	1024
25246949.477	/home/tmp/lucy/apache-lucy-0.6.2/c/sample/mail_index/seg_1/cf.dat	1789920965	1024
25246949.477	/home/tmp/lucy/apache-lucy-0.6.2/c/sample/mail_index/seg_1/cf.dat	1789921952	1024
25246949.477	/home/tmp/lucy/apache-lucy-0.6.2/c/sample/mail_index/seg_1/cf.dat	1789922893	1024
25246949.477	/home/tmp/lucy/apache-lucy-0.6.2/c/sample/mail_index/seg_1/cf.dat	1789923712	1024
25246949.477	/home/tmp/lucy/apache-lucy-0.6.2/c/sample/mail_index/seg_1/cf.dat	1789924545	1024
25246949.477	/home/tmp/lucy/apache-lucy-0.6.2/c/sample/mail_index/seg_1/cf.dat	1789925495	1024
25246949.477	/home/tmp/lucy/apache-lucy-0.6.2/c/sample/mail_index/seg_1/cf.dat	1789926223	1024
25246949.477	/home/tmp/lucy/apache-lucy-0.6.2/c/sample/mail_index/seg_1/cf.dat	1789927200	1024
25246949.477	/home/tmp/lucy/apache-lucy-0.6.2/c/sample/mail_index/seg_1/cf.dat	1789927624	1024
25246949.477	/home/tmp/lucy/apache-lucy-0.6.2/c/sample/mail_index/seg_1/cf.dat	1789928618	1024
25246949.477	/home/tmp/lucy/apache-lucy-0.6.2/c/sample/mail_index/seg_1/cf.dat	1789929590	1024
25246949.477	/home/tmp/lucy/apache-lucy-0.6.2/c/sample/mail_index/seg_1/cf.dat	1789930308	1024
25246949.477	/home/tmp/lucy/apache-lucy-0.6.2/c/sample/mail_index/seg_1/cf.dat	1789931248	1024
25246949.477	/home/tmp/lucy/apache-lucy-0.6.2/c/sample/mail_index/seg_1/cf.dat	1789932031	1024
25246949.477	/home/tmp/lucy/apache-lucy-0.6.2/c/sample/mail_index/seg_1/cf.dat	1789933016	1024
25246949.477	/home/tmp/lucy/apache-lucy-0.6.2/c/sample/mail_index/seg_1/cf.dat	1789933647	1024
25246949.477	/home/tmp/lucy/apache-lucy-0.6.2/c/sample/mail_index/seg_1/cf.dat	1789934626	1024
25246949.477	/home/tmp/lucy/apache-lucy-0.6.2/c/sample/mail_index/seg_1/cf.dat	1789935603	1024
25246949.477	/home/tmp/lucy/apache-lucy-0.6.2/c/sample/mail_index/seg_1/cf.dat	1789936467	1024
25246949.477	/home/tmp/lucy/apache-lucy-0.6.2/c/sample/mail_index/seg_1/cf.dat	1789937401	1024
25246949.477	/home/tmp/lucy/apache-lucy-0.6.2/c/sample/mail_index/seg_1/cf.dat	1789938143	1024
25246949.477	/home/tmp/lucy/apache-lucy-0.6.2/c/sample/mail_index/seg_1/cf.dat	1789939011	1024
25246949.477	/home/tmp/lucy/apache-lucy-0.6.2/c/sample/mail_index/seg_1/cf.dat	1789939745	1024
25246949.477	/home/tmp/lucy/apache-lucy-0.6.2/c/sample/mail_index/seg_1/cf.dat	1789940672	1024
25246949.477	/home/tmp/lucy/apache-lucy-0.6.2/c/sample/mail_index/seg_1/cf.dat	1789941610	1024
25246949.477	/home/tmp/lucy/apache-lucy-0.6.2/c/sample/mail_index/seg_1/cf.dat	1789942362	1024
25246949.477	/home/tmp/lucy/apache-lucy-0.6.2/c/sample/mail_index/seg_1/cf.dat	1789943296	1024
25246949.477	/home/tmp/lucy/apache-lucy-0.6.2/c/sample/mail_index/seg_1/cf.dat	1789944268	1024
25246949.477	/home/tmp/lucy/apache-lucy-0.6.2/c/sample/mail_index/seg_1/cf.dat	1789945211	1024
25246949.478	/home/tmp/lucy/apache-lucy-0.6.2/c/sample/mail_index/seg_1/cf.dat	1789946009	1024
25246949.478	/home/tmp/lucy/apache-lucy-0.6.2/c/sample/mail_index/seg_1/cf.dat	1789946919	1024
25246949.478	/home/tmp/lucy/apache-lucy-0.6.2/c/sample/mail_index/seg_1/cf.dat	1789947870	1024
25246949.478	/home/tmp/lucy/apache-lucy-0.6.2/c/sample/mail_index/seg_1/cf.dat	1789948875	1024
25246949.478	/home/tmp/lucy/apache-lucy-0.6.2/c/sample/mail_index/seg_1/cf.dat	1789949854	1024
25246949.478	/home/tmp/lucy/apache-lucy-0.6.2/c/sample/mail_index/seg_1/cf.dat	1789950830	1024
25246949.478	/home/tmp/lucy/apache-lucy-0.6.2/c/sample/mail_index/seg_1/cf.dat	1789951826	1024
25246949.478	/home/tmp/lucy/apache-lucy-0.6.2/c/sample/mail_index/seg_1/cf.dat	1789952779	1024
25246949.478	/home/tmp/lucy/apache-lucy-0.6.2/c/sample/mail_index/seg_1/cf.dat	1789953786	1024
25246949.478	/home/tmp/lucy/apache-lucy-0.6.2/c/sample/mail_index/seg_1/cf.dat	1789954751	1024
25246949.478	/home/tmp/lucy/apache-lucy-0.6.2/c/sample/mail_index/seg_1/cf.dat	1789955639	1024
25246949.478	/home/tmp/lucy/apache-lucy-0.6.2/c/sample/mail_index/seg_1/cf.dat	1789956652	1024
25246949.478	/home/tmp/lucy/apache-lucy-0.6.2/c/sample/mail_index/seg_1/cf.dat	1789957666	1024
25246949.478	/home/tmp/lucy/apache-lucy-0.6.2/c/sample/mail_index/seg_1/cf.dat	1789958680	1024
25246949.478	/home/tmp/lucy/apache-lucy-0.6.2/c/sample/mail_index/seg_1/cf.dat	1789959691	1024
25246949.478	/home/tmp/lucy/apache-lucy-0.6.2/c/sample/mail_index/seg_1/cf.dat	1789960705	1024
25246949.478	/home/tmp/lucy/apache-lucy-0.6.2/c/sample/mail_index/seg_1/cf.dat	1789961719	1024
25246949.478	/home/tmp/lucy/apache-lucy-0.6.2/c/sample/mail_index/seg_1/cf.dat	1789962728	1024
25246949.478	/home/tmp/lucy/apache-lucy-0.6.2/c/sample/mail_index/seg_1/cf.dat	1789963649	1024
25246949.478	/home/tmp/lucy/apache-lucy-0.6.2/c/sample/mail_index/seg_1/cf.dat	1789964663	1024
25246949.478	/home/tmp/lucy/apache-lucy-0.6.2/c/sample/mail_index/seg_1/cf.dat	1789965679	1024
25246949.478	/home/tmp/lucy/apache-lucy-0.6.2/c/sample/mail_index/seg_1/cf.dat	1789966552	1024
25246949.478	/home/tmp/lucy/apache-lucy-0.6.2/c/sample/mail_index/seg_1/cf.dat	1789967212	1024
25246949.478	/home/tmp/lucy/apache-lucy-0.6.2/c/sample/mail_index/seg_1/cf.dat	1789968062	1024
25246949.478	/home/tmp/lucy/apache-lucy-0.6.2/c/sample/mail_index/seg_1/cf.dat	1789968863	1024
25246949.478	/home/tmp/lucy/apache-lucy-0.6.2/c/sample/mail_index/seg_1/cf.dat	1789969321	1024
25246949.478	/home/tmp/lucy/apache-lucy-0.6.2/c/sample/mail_index/seg_1/cf.dat	1789970184	1024
25246949.478	/home/tmp/lucy/apache-lucy-0.6.2/c/sample/mail_index/seg_1/cf.dat	1789970772	1024
25246949.478	/home/tmp/lucy/apache-lucy-0.6.2/c/sample/mail_index/seg_1/cf.dat	2025888407	1024
25246949.478	/home/tmp/lucy/apache-lucy-0.6.2/c/sample/mail_index/seg_1/cf.dat	1789971699	1024
25246949.478	/home/tmp/lucy/apache-lucy-0.6.2/c/sample/mail_index/seg_1/cf.dat	1789972714	1024
25246949.478	/home/tmp/lucy/apache-lucy-0.6.2/c/sample/mail_index/seg_1/cf.dat	1789973679	1024
25246949.478	/home/tmp/lucy/apache-lucy-0.6.2/c/sample/mail_index/seg_1/cf.dat	1789974693	1024
25246949.478	/home/tmp/lucy/apache-lucy-0.6.2/c/sample/mail_index/seg_1/cf.dat	1789975525	1024
25246949.478	/home/tmp/lucy/apache-lucy-0.6.2/c/sample/mail_index/seg_1/cf.dat	1789976229	1024
25246949.478	/home/tmp/lucy/apache-lucy-0.6.2/c/sample/mail_index/seg_1/cf.dat	1789977229	1024
25246949.478	/home/tmp/lucy/apache-lucy-0.6.2/c/sample/mail_index/seg_1/cf.dat	1789978245	1024
25246949.478	/home/tmp/lucy/apache-lucy-0.6.2/c/sample/mail_index/seg_1/cf.dat	1789979262	1024
25246949.478	/home/tmp/lucy/apache-lucy-0.6.2/c/sample/mail_index/seg_1/cf.dat	1789980268	1024
25246949.478	/home/tmp/lucy/apache-lucy-0.6.2/c/sample/mail_index/seg_1/cf.dat	1789981282	1024
25246949.478	/home/tmp/lucy/apache-lucy-0.6.2/c/sample/mail_index/seg_1/cf.dat	1789982293	1024
25246949.478	/home/tmp/lucy/apache-lucy-0.6.2/c/sample/mail_index/seg_1/cf.dat	1789983283	1024
25246949.478	/home/tmp/lucy/apache-lucy-0.6.2/c/sample/mail_index/seg_1/cf.dat	1789984299	1024
25246949.478	/home/tmp/lucy/apache-lucy-0.6.2/c/sample/mail_index/seg_1/cf.dat	1789985250	1024
25246949.478	/home/tmp/lucy/apache-lucy-0.6.2/c/sample/mail_index/seg_1/cf.dat	1789986224	1024
25246949.479	/home/tmp/lucy/apache-lucy-0.6.2/c/sample/mail_index/seg_1/cf.dat	1789987238	1024
25246949.479	/home/tmp/lucy/apache-lucy-0.6.2/c/sample/mail_index/seg_1/cf.dat	1789988239	1024
25246949.479	/home/tmp/lucy/apache-lucy-0.6.2/c/sample/mail_index/seg_1/cf.dat	1789989246	1024
25246949.479	/home/tmp/lucy/apache-lucy-0.6.2/c/sample/mail_index/seg_1/cf.dat	1789990097	1024
25246949.479	/home/tmp/lucy/apache-lucy-0.6.2/c/sample/mail_index/seg_1/cf.dat	1789990597	1024
25246949.479	/home/tmp/lucy/apache-lucy-0.6.2/c/sample/mail_index/seg_1/cf.dat	1789991587	1024
25246949.479	/home/tmp/lucy/apache-lucy-0.6.2/c/sample/mail_index/seg_1/cf.dat	1789992229	1024
25246949.479	/home/tmp/lucy/apache-lucy-0.6.2/c/sample/mail_index/seg_1/cf.dat	1789992717	1024
25246949.479	/home/tmp/lucy/apache-lucy-0.6.2/c/sample/mail_index/seg_1/cf.dat	1789993177	1024
25246949.479	/home/tmp/lucy/apache-lucy-0.6.2/c/sample/mail_index/seg_1/cf.dat	1789994186	1024
25246949.479	/home/tmp/lucy/apache-lucy-0.6.2/c/sample/mail_index/seg_1/cf.dat	1789995193	1024
25246949.479	/home/tmp/lucy/apache-lucy-0.6.2/c/sample/mail_index/seg_1/cf.dat	1789996199	1024
25246949.479	/home/tmp/lucy/apache-lucy-0.6.2/c/sample/mail_index/seg_1/cf.dat	1789996688	1024
25246949.479	/home/tmp/lucy/apache-lucy-0.6.2/c/sample/mail_index/seg_1/cf.dat	1789997356	1024
25246949.479	/home/tmp/lucy/apache-lucy-0.6.2/c/sample/mail_index/seg_1/cf.dat	1789998352	1024
25246949.479	/home/tmp/lucy/apache-lucy-0.6.2/c/sample/mail_index/seg_1/cf.dat	1789999346	1024
25246949.479	/home/tmp/lucy/apache-lucy-0.6.2/c/sample/mail_index/seg_1/cf.dat	1790000356	1024
25246949.479	/home/tmp/lucy/apache-lucy-0.6.2/c/sample/mail_index/seg_1/cf.dat	1790001212	1024
25246949.479	/home/tmp/lucy/apache-lucy-0.6.2/c/sample/mail_index/seg_1/cf.dat	1790002069	1024
25246949.479	/home/tmp/lucy/apache-lucy-0.6.2/c/sample/mail_index/seg_1/cf.dat	1790003065	1024
25246949.479	/home/tmp/lucy/apache-lucy-0.6.2/c/sample/mail_index/seg_1/cf.dat	1790004080	1024
25246949.479	/home/tmp/lucy/apache-lucy-0.6.2/c/sample/mail_index/seg_1/cf.dat	1790005095	1024
25246949.479	/home/tmp/lucy/apache-lucy-0.6.2/c/sample/mail_index/seg_1/cf.dat	1790006109	1024
25246949.479	/home/tmp/lucy/apache-lucy-0.6.2/c/sample/mail_index/seg_1/cf.dat	1790007092	1024
25246949.479	/home/tmp/lucy/apache-lucy-0.6.2/c/sample/mail_index/seg_1/cf.dat	1790008109	1024
25246949.479	/home/tmp/lucy/apache-lucy-0.6.2/c/sample/mail_index/seg_1/cf.dat	1790009109	1024
25246949.479	/home/tmp/lucy/apache-lucy-0.6.2/c/sample/mail_index/seg_1/cf.dat	1790010117	1024
25246949.479	/home/tmp/lucy/apache-lucy-0.6.2/c/sample/mail_index/seg_1/cf.dat	1790011130	1024
25246949.479	/home/tmp/lucy/apache-lucy-0.6.2/c/sample/mail_index/seg_1/cf.dat	1790012146	1024
25246949.479	/home/tmp/lucy/apache-lucy-0.6.2/c/sample/mail_index/seg_1/cf.dat	1790013097	1024
25246949.479	/home/tmp/lucy/apache-lucy-0.6.2/c/sample/mail_index/seg_1/cf.dat	1790014109	1024
25246949.479	/home/tmp/lucy/apache-lucy-0.6.2/c/sample/mail_index/seg_1/cf.dat	1790015124	1024
25246949.479	/home/tmp/lucy/apache-lucy-0.6.2/c/sample/mail_index/seg_1/cf.dat	1790016035	1024
25246949.479	/home/tmp/lucy/apache-lucy-0.6.2/c/sample/mail_index/seg_1/cf.dat	1790016968	1024
25246949.479	/home/tmp/lucy/apache-lucy-0.6.2/c/sample/mail_index/seg_1/cf.dat	2025889431	1024
25246949.479	/home/tmp/lucy/apache-lucy-0.6.2/c/sample/mail_index/seg_1/cf.dat	1790017885	1024
25246949.479	/home/tmp/lucy/apache-lucy-0.6.2/c/sample/mail_index/seg_1/cf.dat	1790018887	1024
25246949.479	/home/tmp/lucy/apache-lucy-0.6.2/c/sample/mail_index/seg_1/cf.dat	1790019897	1024
25246949.479	/home/tmp/lucy/apache-lucy-0.6.2/c/sample/mail_index/seg_1/cf.dat	1790020913	1024
25246949.479	/home/tmp/lucy/apache-lucy-0.6.2/c/sample/mail_index/seg_1/cf.dat	1790021918	1024
25246949.479	/home/tmp/lucy/apache-lucy-0.6.2/c/sample/mail_index/seg_1/cf.dat	1790022801	1024
25246949.479	/home/tmp/lucy/apache-lucy-0.6.2/c/sample/mail_index/seg_1/cf.dat	1790023758	1024
25246949.479	/home/tmp/lucy/apache-lucy-0.6.2/c/sample/mail_index/seg_1/cf.dat	1790024766	1024
25246949.479	/home/tmp/lucy/apache-lucy-0.6.2/c/sample/mail_index/seg_1/cf.dat	1790025784	1024
25246949.480	/home/tmp/lucy/apache-lucy-0.6.2/c/sample/mail_index/seg_1/cf.dat	1790026684	1024
25246949.480	/home/tmp/lucy/apache-lucy-0.6.2/c/sample/mail_index/seg_1/cf.dat	1790027571	1024
25246949.480	/home/tmp/lucy/apache-lucy-0.6.2/c/sample/mail_index/seg_1/cf.dat	1790028576	1024
25246949.480	/home/tmp/lucy/apache-lucy-0.6.2/c/sample/mail_index/seg_1/cf.dat	1790029563	1024
25246949.480	/home/tmp/lucy/apache-lucy-0.6.2/c/sample/mail_index/seg_1/cf.dat	1790030577	1024
25246949.480	/home/tmp/lucy/apache-lucy-0.6.2/c/sample/mail_index/seg_1/cf.dat	1790031594	1024
25246949.480	/home/tmp/lucy/apache-lucy-0.6.2/c/sample/mail_index/seg_1/cf.dat	1790032610	1024
25246949.480	/home/tmp/lucy/apache-lucy-0.6.2/c/sample/mail_index/seg_1/cf.dat	1790033573	1024
25246949.480	/home/tmp/lucy/apache-lucy-0.6.2/c/sample/mail_index/seg_1/cf.dat	1790034556	1024
25246949.480	/home/tmp/lucy/apache-lucy-0.6.2/c/sample/mail_index/seg_1/cf.dat	1790035507	1024
25246949.480	/home/tmp/lucy/apache-lucy-0.6.2/c/sample/mail_index/seg_1/cf.dat	1790036520	1024
25246949.480	/home/tmp/lucy/apache-lucy-0.6.2/c/sample/mail_index/seg_1/cf.dat	1790037504	1024
25246949.480	/home/tmp/lucy/apache-lucy-0.6.2/c/sample/mail_index/seg_1/cf.dat	1790038520	1024
25246949.480	/home/tmp/lucy/apache-lucy-0.6.2/c/sample/mail_index/seg_1/cf.dat	1790039535	1024
25246949.480	/home/tmp/lucy/apache-lucy-0.6.2/c/sample/mail_index/seg_1/cf.dat	1790040526	1024
25246949.480	/home/tmp/lucy/apache-lucy-0.6.2/c/sample/mail_index/seg_1/cf.dat	1790041532	1024
25246949.480	/home/tmp/lucy/apache-lucy-0.6.2/c/sample/mail_index/seg_1/cf.dat	1790042519	1024
25246949.480	/home/tmp/lucy/apache-lucy-0.6.2/c/sample/mail_index/seg_1/cf.dat	1790043507	1024
25246949.480	/home/tmp/lucy/apache-lucy-0.6.2/c/sample/mail_index/seg_1/cf.dat	1790044465	1024
25246949.480	/home/tmp/lucy/apache-lucy-0.6.2/c/sample/mail_index/seg_1/cf.dat	1790045457	1024
25246949.480	/home/tmp/lucy/apache-lucy-0.6.2/c/sample/mail_index/seg_1/cf.dat	1790046473	1024
25246949.480	/home/tmp/lucy/apache-lucy-0.6.2/c/sample/mail_index/seg_1/cf.dat	1790047488	1024
25246949.480	/home/tmp/lucy/apache-lucy-0.6.2/c/sample/mail_index/seg_1/cf.dat	1790048501	1024
25246949.480	/home/tmp/lucy/apache-lucy-0.6.2/c/sample/mail_index/seg_1/cf.dat	1790049514	1024
25246949.480	/home/tmp/lucy/apache-lucy-0.6.2/c/sample/mail_index/seg_1/cf.dat	1790050512	1024
25246949.480	/home/tmp/lucy/apache-lucy-0.6.2/c/sample/mail_index/seg_1/cf.dat	1790051443	1024
25246949.480	/home/tmp/lucy/apache-lucy-0.6.2/c/sample/mail_index/seg_1/cf.dat	1790052418	1024
25246949.480	/home/tmp/lucy/apache-lucy-0.6.2/c/sample/mail_index/seg_1/cf.dat	1790053384	1024
25246949.480	/home/tmp/lucy/apache-lucy-0.6.2/c/sample/mail_index/seg_1/cf.dat	1790054346	1024
25246949.480	/home/tmp/lucy/apache-lucy-0.6.2/c/sample/mail_index/seg_1/cf.dat	1790055210	1024
25246949.480	/home/tmp/lucy/apache-lucy-0.6.2/c/sample/mail_index/seg_1/cf.dat	1790056166	1024
25246949.480	/home/tmp/lucy/apache-lucy-0.6.2/c/sample/mail_index/seg_1/cf.dat	1790057183	1024
25246949.480	/home/tmp/lucy/apache-lucy-0.6.2/c/sample/mail_index/seg_1/cf.dat	2025890455	1024
25246949.480	/home/tmp/lucy/apache-lucy-0.6.2/c/sample/mail_index/seg_1/cf.dat	1790058167	1024
25246949.480	/home/tmp/lucy/apache-lucy-0.6.2/c/sample/mail_index/seg_1/cf.dat	1790059136	1024
25246949.480	/home/tmp/lucy/apache-lucy-0.6.2/c/sample/mail_index/seg_1/cf.dat	1790060092	1024
25246949.480	/home/tmp/lucy/apache-lucy-0.6.2/c/sample/mail_index/seg_1/cf.dat	1790061106	1024
25246949.481	/home/tmp/lucy/apache-lucy-0.6.2/c/sample/mail_index/seg_1/cf.dat	1790062095	1024
25246949.481	/home/tmp/lucy/apache-lucy-0.6.2/c/sample/mail_index/seg_1/cf.dat	1790063085	1024
25246949.481	/home/tmp/lucy/apache-lucy-0.6.2/c/sample/mail_index/seg_1/cf.dat	1790064061	1024
25246949.481	/home/tmp/lucy/apache-lucy-0.6.2/c/sample/mail_index/seg_1/cf.dat	1790065072	1024
25246949.481	/home/tmp/lucy/apache-lucy-0.6.2/c/sample/mail_index/seg_1/cf.dat	1790066086	1024
25246949.481	/home/tmp/lucy/apache-lucy-0.6.2/c/sample/mail_index/seg_1/cf.dat	1790067103	1024
25246949.481	/home/tmp/lucy/apache-lucy-0.6.2/c/sample/mail_index/seg_1/cf.dat	1790068108	1024
25246949.481	/home/tmp/lucy/apache-lucy-0.6.2/c/sample/mail_index/seg_1/cf.dat	1790069094	1024
25246949.481	/home/tmp/lucy/apache-lucy-0.6.2/c/sample/mail_index/seg_1/cf.dat	1790070096	1024
25246949.481	/home/tmp/lucy/apache-lucy-0.6.2/c/sample/mail_index/seg_1/cf.dat	1790071097	1024
25246949.481	/home/tmp/lucy/apache-lucy-0.6.2/c/sample/mail_index/seg_1/cf.dat	1790072102	1024
25246949.481	/home/tmp/lucy/apache-lucy-0.6.2/c/sample/mail_index/seg_1/cf.dat	1790073110	1024
25246949.481	/home/tmp/lucy/apache-lucy-0.6.2/c/sample/mail_index/seg_1/cf.dat	1790074125	1024
25246949.481	/home/tmp/lucy/apache-lucy-0.6.2/c/sample/mail_index/seg_1/cf.dat	1790075137	1024
25246949.481	/home/tmp/lucy/apache-lucy-0.6.2/c/sample/mail_index/seg_1/cf.dat	1790076136	1024
25246949.481	/home/tmp/lucy/apache-lucy-0.6.2/c/sample/mail_index/seg_1/cf.dat	1790077123	1024
25246949.481	/home/tmp/lucy/apache-lucy-0.6.2/c/sample/mail_index/seg_1/cf.dat	1790078018	1024
25246949.481	/home/tmp/lucy/apache-lucy-0.6.2/c/sample/mail_index/seg_1/cf.dat	1790079004	1024
25246949.481	/home/tmp/lucy/apache-lucy-0.6.2/c/sample/mail_index/seg_1/cf.dat	1790079987	1024
25246949.481	/home/tmp/lucy/apache-lucy-0.6.2/c/sample/mail_index/seg_1/cf.dat	1790081002	1024
25246949.481	/home/tmp/lucy/apache-lucy-0.6.2/c/sample/mail_index/seg_1/cf.dat	1790081992	1024
25246949.481	/home/tmp/lucy/apache-lucy-0.6.2/c/sample/mail_index/seg_1/cf.dat	1790083009	1024
25246949.481	/home/tmp/lucy/apache-lucy-0.6.2/c/sample/mail_index/seg_1/cf.dat	1790083919	1024
25246949.481	/home/tmp/lucy/apache-lucy-0.6.2/c/sample/mail_index/seg_1/cf.dat	1790084753	1024
25246949.481	/home/tmp/lucy/apache-lucy-0.6.2/c/sample/mail_index/seg_1/cf.dat	1790085767	1024
25246949.481	/home/tmp/lucy/apache-lucy-0.6.2/c/sample/mail_index/seg_1/cf.dat	1790086783	1024
25246949.481	/home/tmp/lucy/apache-lucy-0.6.2/c/sample/mail_index/seg_1/cf.dat	1790087797	1024
25246949.481	/home/tmp/lucy/apache-lucy-0.6.2/c/sample/mail_index/seg_1/cf.dat	1790088814	1024
25246949.481	/home/tmp/lucy/apache-lucy-0.6.2/c/sample/mail_index/seg_1/cf.dat	1790089802	1024
25246949.481	/home/tmp/lucy/apache-lucy-0.6.2/c/sample/mail_index/seg_1/cf.dat	1790090808	1024
25246949.481	/home/tmp/lucy/apache-lucy-0.6.2/c/sample/mail_index/seg_1/cf.dat	1790091824	1024
25246949.481	/home/tmp/lucy/apache-lucy-0.6.2/c/sample/mail_index/seg_1/cf.dat	1790092840	1024
25246949.481	/home/tmp/lucy/apache-lucy-0.6.2/c/sample/mail_index/seg_1/cf.dat	1790093847	1024
25246949.481	/home/tmp/lucy/apache-lucy-0.6.2/c/sample/mail_index/seg_1/cf.dat	1790094863	1024
25246949.481	/home/tmp/lucy/apache-lucy-0.6.2/c/sample/mail_index/seg_1/cf.dat	1790095868	1024
25246949.481	/home/tmp/lucy/apache-lucy-0.6.2/c/sample/mail_index/seg_1/cf.dat	1790096875	1024
25246949.482	/home/tmp/lucy/apache-lucy-0.6.2/c/sample/mail_index/seg_1/cf.dat	1790097891	1024
25246949.482	/home/tmp/lucy/apache-lucy-0.6.2/c/sample/mail_index/seg_1/cf.dat	1790098892	1024
25246949.482	/home/tmp/lucy/apache-lucy-0.6.2/c/sample/mail_index/seg_1/cf.dat	1790099906	1024
25246949.482	/home/tmp/lucy/apache-lucy-0.6.2/c/sample/mail_index/seg_1/cf.dat	2025891479	1024
25246949.482	/home/tmp/lucy/apache-lucy-0.6.2/c/sample/mail_index/seg_1/cf.dat	1790100632	1024
25246949.482	/home/tmp/lucy/apache-lucy-0.6.2/c/sample/mail_index/seg_1/cf.dat	1790101597	1024
25246949.482	/home/tmp/lucy/apache-lucy-0.6.2/c/sample/mail_index/seg_1/cf.dat	1790102586	1024
25246949.482	/home/tmp/lucy/apache-lucy-0.6.2/c/sample/mail_index/seg_1/cf.dat	1790103596	1024
25246949.482	/home/tmp/lucy/apache-lucy-0.6.2/c/sample/mail_index/seg_1/cf.dat	1790104589	1024
25246949.482	/home/tmp/lucy/apache-lucy-0.6.2/c/sample/mail_index/seg_1/cf.dat	1790105578	1024
25246949.482	/home/tmp/lucy/apache-lucy-0.6.2/c/sample/mail_index/seg_1/cf.dat	1790106595	1024
25246949.482	/home/tmp/lucy/apache-lucy-0.6.2/c/sample/mail_index/seg_1/cf.dat	1790107611	1024
25246949.482	/home/tmp/lucy/apache-lucy-0.6.2/c/sample/mail_index/seg_1/cf.dat	1790108627	1024
25246949.482	/home/tmp/lucy/apache-lucy-0.6.2/c/sample/mail_index/seg_1/cf.dat	1790109643	1024
25246949.482	/home/tmp/lucy/apache-lucy-0.6.2/c/sample/mail_index/seg_1/cf.dat	1790110641	1024
25246949.482	/home/tmp/lucy/apache-lucy-0.6.2/c/sample/mail_index/seg_1/cf.dat	1790111657	1024
25246949.482	/home/tmp/lucy/apache-lucy-0.6.2/c/sample/mail_index/seg_1/cf.dat	1790112672	1024
25246949.482	/home/tmp/lucy/apache-lucy-0.6.2/c/sample/mail_index/seg_1/cf.dat	1790113669	1024
25246949.482	/home/tmp/lucy/apache-lucy-0.6.2/c/sample/mail_index/seg_1/cf.dat	1790114666	1024
25246949.482	/home/tmp/lucy/apache-lucy-0.6.2/c/sample/mail_index/seg_1/cf.dat	1790115682	1024
25246949.482	/home/tmp/lucy/apache-lucy-0.6.2/c/sample/mail_index/seg_1/cf.dat	1790116438	1024
25246949.482	/home/tmp/lucy/apache-lucy-0.6.2/c/sample/mail_index/seg_1/cf.dat	1790117417	1024
25246949.482	/home/tmp/lucy/apache-lucy-0.6.2/c/sample/mail_index/seg_1/cf.dat	1790118331	1024
25246949.482	/home/tmp/lucy/apache-lucy-0.6.2/c/sample/mail_index/seg_1/cf.dat	1790119285	1024
25246949.482	/home/tmp/lucy/apache-lucy-0.6.2/c/sample/mail_index/seg_1/cf.dat	1790120269	1024
25246949.482	/home/tmp/lucy/apache-lucy-0.6.2/c/sample/mail_index/seg_1/cf.dat	1790121228	1024
25246949.482	/home/tmp/lucy/apache-lucy-0.6.2/c/sample/mail_index/seg_1/cf.dat	1790122236	1024
25246949.482	/home/tmp/lucy/apache-lucy-0.6.2/c/sample/mail_index/seg_1/cf.dat	1790123207	1024
25246949.482	/home/tmp/lucy/apache-lucy-0.6.2/c/sample/mail_index/seg_1/cf.dat	1790124168	1024
25246949.482	/home/tmp/lucy/apache-lucy-0.6.2/c/sample/mail_index/seg_1/cf.dat	1790125138	1024
25246949.482	/home/tmp/lucy/apache-lucy-0.6.2/c/sample/mail_index/seg_1/cf.dat	1790126100	1024
25246949.482	/home/tmp/lucy/apache-lucy-0.6.2/c/sample/mail_index/seg_1/cf.dat	1790127060	1024
25246949.482	/home/tmp/lucy/apache-lucy-0.6.2/c/sample/mail_index/seg_1/cf.dat	1790128038	1024
25246949.482	/home/tmp/lucy/apache-lucy-0.6.2/c/sample/mail_index/seg_1/cf.dat	1790129007	1024
25246949.482	/home/tmp/lucy/apache-lucy-0.6.2/c/sample/mail_index/seg_1/cf.dat	1790130020	1024
25246949.482	/home/tmp/lucy/apache-lucy-0.6.2/c/sample/mail_index/seg_1/cf.dat	1790130587	1024
25246949.482	/home/tmp/lucy/apache-lucy-0.6.2/c/sample/mail_index/seg_1/cf.dat	1790131603	1024
25246949.482	/home/tmp/lucy/apache-lucy-0.6.2/c/sample/mail_index/seg_1/cf.dat	1790132617	1024
25246949.482	/home/tmp/lucy/apache-lucy-0.6.2/c/sample/mail_index/seg_1/cf.dat	1790133624	1024
25246949.482	/home/tmp/lucy/apache-lucy-0.6.2/c/sample/mail_index/seg_1/cf.dat	1790134286	1024
25246949.482	/home/tmp/lucy/apache-lucy-0.6.2/c/sample/mail_index/seg_1/cf.dat	1790135293	1024
25246949.483	/home/tmp/lucy/apache-lucy-0.6.2/c/sample/mail_index/seg_1/cf.dat	1790135808	1024
25246949.483	/home/tmp/lucy/apache-lucy-0.6.2/c/sample/mail_index/seg_1/cf.dat	1790136810	1024
25246949.483	/home/tmp/lucy/apache-lucy-0.6.2/c/sample/mail_index/seg_1/cf.dat	1790137825	1024
25246949.483	/home/tmp/lucy/apache-lucy-0.6.2/c/sample/mail_index/seg_1/cf.dat	1790138828	1024
25246949.483	/home/tmp/lucy/apache-lucy-0.6.2/c/sample/mail_index/seg_1/cf.dat	1790139833	1024
25246949.483	/home/tmp/lucy/apache-lucy-0.6.2/c/sample/mail_index/seg_1/cf.dat	1790140833	1024
25246949.483	/home/tmp/lucy/apache-lucy-0.6.2/c/sample/mail_index/seg_1/cf.dat	1790141832	1024
25246949.483	/home/tmp/lucy/apache-lucy-0.6.2/c/sample/mail_index/seg_1/cf.dat	1790142847	1024
25246949.483	/home/tmp/lucy/apache-lucy-0.6.2/c/sample/mail_index/seg_1/cf.dat	1790143829	1024
25246949.483	/home/tmp/lucy/apache-lucy-0.6.2/c/sample/mail_index/seg_1/cf.dat	1790144823	1024
25246949.483	/home/tmp/lucy/apache-lucy-0.6.2/c/sample/mail_index/seg_1/cf.dat	1790145607	1024
25246949.483	/home/tmp/lucy/apache-lucy-0.6.2/c/sample/mail_index/seg_1/cf.dat	1790146444	1024
25246949.483	/home/tmp/lucy/apache-lucy-0.6.2/c/sample/mail_index/seg_1/cf.dat	1790147453	1024
25246949.483	/home/tmp/lucy/apache-lucy-0.6.2/c/sample/mail_index/seg_1/cf.dat	2025892503	1024
25246949.483	/home/tmp/lucy/apache-lucy-0.6.2/c/sample/mail_index/seg_1/cf.dat	1790148297	1024
25246949.483	/home/tmp/lucy/apache-lucy-0.6.2/c/sample/mail_index/seg_1/cf.dat	1790149136	1024
25246949.483	/home/tmp/lucy/apache-lucy-0.6.2/c/sample/mail_index/seg_1/cf.dat	1790149983	1024
25246949.483	/home/tmp/lucy/apache-lucy-0.6.2/c/sample/mail_index/seg_1/cf.dat	1790150928	1024
25246949.483	/home/tmp/lucy/apache-lucy-0.6.2/c/sample/mail_index/seg_1/cf.dat	1790151945	1024
25246949.483	/home/tmp/lucy/apache-lucy-0.6.2/c/sample/mail_index/seg_1/cf.dat	1790152959	1024
25246949.483	/home/tmp/lucy/apache-lucy-0.6.2/c/sample/mail_index/seg_1/cf.dat	1790153921	1024
25246949.483	/home/tmp/lucy/apache-lucy-0.6.2/c/sample/mail_index/seg_1/cf.dat	1790154915	1024
25246949.483	/home/tmp/lucy/apache-lucy-0.6.2/c/sample/mail_index/seg_1/cf.dat	1790155915	1024
25246949.483	/home/tmp/lucy/apache-lucy-0.6.2/c/sample/mail_index/seg_1/cf.dat	1790156878	1024
25246949.483	/home/tmp/lucy/apache-lucy-0.6.2/c/sample/mail_index/seg_1/cf.dat	1790157888	1024
25246949.483	/home/tmp/lucy/apache-lucy-0.6.2/c/sample/mail_index/seg_1/cf.dat	1790158871	1024
25246949.483	/home/tmp/lucy/apache-lucy-0.6.2/c/sample/mail_index/seg_1/cf.dat	1790159887	1024
25246949.483	/home/tmp/lucy/apache-lucy-0.6.2/c/sample/mail_index/seg_1/cf.dat	1790160888	1024
25246949.483	/home/tmp/lucy/apache-lucy-0.6.2/c/sample/mail_index/seg_1/cf.dat	1790161844	1024
25246949.483	/home/tmp/lucy/apache-lucy-0.6.2/c/sample/mail_index/seg_1/cf.dat	1790162813	1024
25246949.483	/home/tmp/lucy/apache-lucy-0.6.2/c/sample/mail_index/seg_1/cf.dat	1790163809	1024
25246949.483	/home/tmp/lucy/apache-lucy-0.6.2/c/sample/mail_index/seg_1/cf.dat	1790164696	1024
25246949.483	/home/tmp/lucy/apache-lucy-0.6.2/c/sample/mail_index/seg_1/cf.dat	1790165546	1024
25246949.483	/home/tmp/lucy/apache-lucy-0.6.2/c/sample/mail_index/seg_1/cf.dat	1790166439	1024
25246949.483	/home/tmp/lucy/apache-lucy-0.6.2/c/sample/mail_index/seg_1/cf.dat	1790167444	1024
25246949.483	/home/tmp/lucy/apache-lucy-0.6.2/c/sample/mail_index/seg_1/cf.dat	1790168460	1024
25246949.483	/home/tmp/lucy/apache-lucy-0.6.2/c/sample/mail_index/seg_1/cf.dat	1790169454	1024
25246949.483	/home/tmp/lucy/apache-lucy-0.6.2/c/sample/mail_index/seg_1/cf.dat	1790170460	1024
25246949.483	/home/tmp/lucy/apache-lucy-0.6.2/c/sample/mail_index/seg_1/cf.dat	1790171476	1024
25246949.483	/home/tmp/lucy/apache-lucy-0.6.2/c/sample/mail_index/seg_1/cf.dat	1790172400	1024
25246949.483	/home/tmp/lucy/apache-lucy-0.6.2/c/sample/mail_index/seg_1/cf.dat	1790173409	1024
25246949.484	/home/tmp/lucy/apache-lucy-0.6.2/c/sample/mail_index/seg_1/cf.dat	1790174409	1024
25246949.484	/home/tmp/lucy/apache-lucy-0.6.2/c/sample/mail_index/seg_1/cf.dat	1790175414	1024
25246949.484	/home/tmp/lucy/apache-lucy-0.6.2/c/sample/mail_index/seg_1/cf.dat	1790176385	1024
25246949.484	/home/tmp/lucy/apache-lucy-0.6.2/c/sample/mail_index/seg_1/cf.dat	1790177199	1024
25246949.484	/home/tmp/lucy/apache-lucy-0.6.2/c/sample/mail_index/seg_1/cf.dat	1790178065	1024
25246949.484	/home/tmp/lucy/apache-lucy-0.6.2/c/sample/mail_index/seg_1/cf.dat	1790179002	1024
25246949.484	/home/tmp/lucy/apache-lucy-0.6.2/c/sample/mail_index/seg_1/cf.dat	1790179859	1024
25246949.484	/home/tmp/lucy/apache-lucy-0.6.2/c/sample/mail_index/seg_1/cf.dat	1790180874	1024
25246949.484	/home/tmp/lucy/apache-lucy-0.6.2/c/sample/mail_index/seg_1/cf.dat	1454208472	8
25246949.484	/home/tmp/lucy/apache-lucy-0.6.2/c/sample/mail_index/seg_1/cf.dat	1455039736	1024
25246949.484	/home/tmp/lucy/apache-lucy-0.6.2/c/sample/mail_index/seg_1/cf.dat	311128541	1024
25246949.484	/home/tmp/lucy/apache-lucy-0.6.2/c/sample/mail_index/seg_1/cf.dat	0	7
25246949.484	/home/tmp/lucy/apache-lucy-0.6.2/c/sample/mail_index/seg_1/cf.dat	0	2282
25246949.484	/home/tmp/lucy/apache-lucy-0.6.2/c/sample/mail_index/seg_1/cf.dat	1454208472	8
25246949.484	/home/tmp/lucy/apache-lucy-0.6.2/c/sample/mail_index/seg_1/cf.dat	311555436	1024
25246949.484	/home/tmp/lucy/apache-lucy-0.6.2/c/sample/mail_index/seg_1/cf.dat	0	7
25246949.484	/home/tmp/lucy/apache-lucy-0.6.2/c/sample/mail_index/seg_1/cf.dat	0	2312
25246949.484	/home/tmp/lucy/apache-lucy-0.6.2/c/sample/mail_index/seg_1/cf.dat	1454208472	8
25246949.484	/home/tmp/lucy/apache-lucy-0.6.2/c/sample/mail_index/seg_1/cf.dat	1457514480	1024
25246949.484	/home/tmp/lucy/apache-lucy-0.6.2/c/sample/mail_index/seg_1/cf.dat	1200997929	1024
25246949.484	/home/tmp/lucy/apache-lucy-0.6.2/c/sample/mail_index/seg_1/cf.dat	0	7
25246949.484	/home/tmp/lucy/apache-lucy-0.6.2/c/sample/mail_index/seg_1/cf.dat	0	2297
25246949.484	/home/tmp/lucy/apache-lucy-0.6.2/c/sample/mail_index/seg_1/cf.dat	1454208472	8
25246949.484	/home/tmp/lucy/apache-lucy-0.6.2/c/sample/mail_index/seg_1/cf.dat	1201129051	1024
25246949.484	/home/tmp/lucy/apache-lucy-0.6.2/c/sample/mail_index/seg_1/cf.dat	0	7
25246949.484	/home/tmp/lucy/apache-lucy-0.6.2/c/sample/mail_index/seg_1/cf.dat	0	2327
25246949.484	/home/tmp/lucy/apache-lucy-0.6.2/c/sample/mail_index/seg_1/cf.dat	1454208472	8
25246949.484	/home/tmp/lucy/apache-lucy-0.6.2/c/sample/mail_index/seg_1/cf.dat	1458068632	1024
25246949.484	/home/tmp/lucy/apache-lucy-0.6.2/c/sample/mail_index/seg_1/cf.dat	1363485053	1024
25246949.484	/home/tmp/lucy/apache-lucy-0.6.2/c/sample/mail_index/seg_1/cf.dat	0	7
25246949.484	/home/tmp/lucy/apache-lucy-0.6.2/c/sample/mail_index/seg_1/cf.dat	0	2324
25246949.484	/home/tmp/lucy/apache-lucy-0.6.2/c/sample/mail_index/seg_1/cf.dat	1454208472	8
25246949.484	/home/tmp/lucy/apache-lucy-0.6.2/c/sample/mail_index/seg_1/cf.dat	1363703843	1024
25246949.484	/home/tmp/lucy/apache-lucy-0.6.2/c/sample/mail_index/seg_1/cf.dat	0	7
25246949.484	/home/tmp/lucy/apache-lucy-0.6.2/c/sample/mail_index/seg_1/cf.dat	0	2295
25246949.484	/home/tmp/lucy/apache-lucy-0.6.2/c/sample/mail_index/seg_1/cf.dat	1454208472	8
25246949.484	/home/tmp/lucy/apache-lucy-0.6.2/c/sample/mail_index/seg_1/cf.dat	1455030904	1024
25246949.484	/home/tmp/lucy/apache-lucy-0.6.2/c/sample/mail_index/seg_1/cf.dat	308119998	1024
25246949.484	/home/tmp/lucy/apache-lucy-0.6.2/c/sample/mail_index/seg_1/cf.dat	0	7
25246949.484	/home/tmp/lucy/apache-lucy-0.6.2/c/sample/mail_index/seg_1/cf.dat	0	2738
25246949.484	/home/tmp/lucy/apache-lucy-0.6.2/c/sample/mail_index/seg_1/cf.dat	1454208472	8
25246949.484	/home/tmp/lucy/apache-lucy-0.6.2/c/sample/mail_index/seg_1/cf.dat	1455037448	1024
25246949.484	/home/tmp/lucy/apache-lucy-0.6.2/c/sample/mail_index/seg_1/cf.dat	310402480	1024
25246949.484	/home/tmp/lucy/apache-lucy-0.6.2/c/sample/mail_index/seg_1/cf.dat	0	7
25246949.484	/home/tmp/lucy/apache-lucy-0.6.2/c/sample/mail_index/seg_1/cf.dat	0	2572
25246949.484	/home/tmp/lucy/apache-lucy-0.6.2/c/sample/mail_index/seg_1/cf.dat	1454208472	8
25246949.484	/home/tmp/lucy/apache-lucy-0.6.2/c/sample/mail_index/seg_1/cf.dat	1457514472	1024
25246949.484	/home/tmp/lucy/apache-lucy-0.6.2/c/sample/mail_index/seg_1/cf.dat	1200995250	1024
25246949.484	/home/tmp/lucy/apache-lucy-0.6.2/c/sample/mail_index/seg_1/cf.dat	0	7
25246949.484	/home/tmp/lucy/apache-lucy-0.6.2/c/sample/mail_index/seg_1/cf.dat	0	2668
25246949.484	/home/tmp/lucy/apache-lucy-0.6.2/c/sample/mail_index/seg_1/cf.dat	1454208472	8
25246949.484	/home/tmp/lucy/apache-lucy-0.6.2/c/sample/mail_index/seg_1/cf.dat	1458069000	1024
25246949.484	/home/tmp/lucy/apache-lucy-0.6.2/c/sample/mail_index/seg_1/cf.dat	1363664486	1024
25246949.484	/home/tmp/lucy/apache-lucy-0.6.2/c/sample/mail_index/seg_1/cf.dat	0	7
25246949.484	/home/tmp/lucy/apache-lucy-0.6.2/c/sample/mail_index/seg_1/cf.dat	0	2591
