25246924.706	/home/tmp/lucy/apache-lucy-0.6.2/c/sample/mail_index/snapshot_1.json	0	93
25246924.706	/home/tmp/lucy/apache-lucy-0.6.2/c/sample/mail_index/schema_1.json	0	242
25246924.706	/home/tmp/lucy/apache-lucy-0.6.2/c/sample/mail_index/seg_1/cfmeta.json	0	804
25246924.707	/home/tmp/lucy/apache-lucy-0.6.2/c/sample/mail_index/seg_1/segmeta.json	0	400
25246924.707	/home/tmp/lucy/apache-lucy-0.6.2/c/sample/mail_index/seg_1/cf.dat	1484142352	82440
25246924.707	/home/tmp/lucy/apache-lucy-0.6.2/c/sample/mail_index/seg_1/cf.dat	1484003581	1024
25246924.707	/home/tmp/lucy/apache-lucy-0.6.2/c/sample/mail_index/seg_1/cf.dat	1483858280	6
25246924.707	/home/tmp/lucy/apache-lucy-0.6.2/c/sample/mail_index/seg_1/cf.dat	1484077430	1024
25246924.707	/home/tmp/lucy/apache-lucy-0.6.2/c/sample/mail_index/seg_1/cf.dat	1483858280	6
25246924.707	/home/tmp/lucy/apache-lucy-0.6.2/c/sample/mail_index/seg_1/cf.dat	1484109146	1024
25246924.707	/home/tmp/lucy/apache-lucy-0.6.2/c/sample/mail_index/seg_1/cf.dat	1483858280	3
25246924.707	/home/tmp/lucy/apache-lucy-0.6.2/c/sample/mail_index/seg_1/cf.dat	1484123364	1024
25246924.707	/home/tmp/lucy/apache-lucy-0.6.2/c/sample/mail_index/seg_1/cf.dat	1483858280	9
25246924.707	/home/tmp/lucy/apache-lucy-0.6.2/c/sample/mail_index/seg_1/cf.dat	1484116256	1024
25246924.707	/home/tmp/lucy/apache-lucy-0.6.2/c/sample/mail_index/seg_1/cf.dat	1483858280	6
25246924.707	/home/tmp/lucy/apache-lucy-0.6.2/c/sample/mail_index/seg_1/cf.dat	1484119666	1024
25246924.707	/home/tmp/lucy/apache-lucy-0.6.2/c/sample/mail_index/seg_1/cf.dat	1483858280	6
25246924.707	/home/tmp/lucy/apache-lucy-0.6.2/c/sample/mail_index/seg_1/cf.dat	1484121483	1024
25246924.707	/home/tmp/lucy/apache-lucy-0.6.2/c/sample/mail_index/seg_1/cf.dat	1483858280	8
25246924.707	/home/tmp/lucy/apache-lucy-0.6.2/c/sample/mail_index/seg_1/cf.dat	1483858280	20
25246924.707	/home/tmp/lucy/apache-lucy-0.6.2/c/sample/mail_index/seg_1/cf.dat	1484122923	1024
25246924.707	/home/tmp/lucy/apache-lucy-0.6.2/c/sample/mail_index/seg_1/cf.dat	1483858280	6
25246924.707	/home/tmp/lucy/apache-lucy-0.6.2/c/sample/mail_index/seg_1/cf.dat	1483858280	9
25246924.707	/home/tmp/lucy/apache-lucy-0.6.2/c/sample/mail_index/seg_1/cf.dat	1483858280	17
25246924.707	/home/tmp/lucy/apache-lucy-0.6.2/c/sample/mail_index/seg_1/cf.dat	1483858280	11
25246924.707	/home/tmp/lucy/apache-lucy-0.6.2/c/sample/mail_index/seg_1/cf.dat	1483858280	9
25246924.707	/home/tmp/lucy/apache-lucy-0.6.2/c/sample/mail_index/seg_1/cf.dat	1483858280	10
25246924.707	/home/tmp/lucy/apache-lucy-0.6.2/c/sample/mail_index/seg_1/cf.dat	1483858280	9
25246924.707	/home/tmp/lucy/apache-lucy-0.6.2/c/sample/mail_index/seg_1/cf.dat	1482488176	1024
25246924.707	/home/tmp/lucy/apache-lucy-0.6.2/c/sample/mail_index/seg_1/cf.dat	1463004360	5
25246924.707	/home/tmp/lucy/apache-lucy-0.6.2/c/sample/mail_index/seg_1/cf.dat	1463004360	12
25246924.707	/home/tmp/lucy/apache-lucy-0.6.2/c/sample/mail_index/seg_1/cf.dat	1463004360	3
25246924.707	/home/tmp/lucy/apache-lucy-0.6.2/c/sample/mail_index/seg_1/cf.dat	1463004360	3
25246924.707	/home/tmp/lucy/apache-lucy-0.6.2/c/sample/mail_index/seg_1/cf.dat	1463004360	3
25246924.707	/home/tmp/lucy/apache-lucy-0.6.2/c/sample/mail_index/seg_1/cf.dat	1463004360	3
25246924.707	/home/tmp/lucy/apache-lucy-0.6.2/c/sample/mail_index/seg_1/cf.dat	1463004360	1
25246924.707	/home/tmp/lucy/apache-lucy-0.6.2/c/sample/mail_index/seg_1/cf.dat	1463004360	7
25246924.707	/home/tmp/lucy/apache-lucy-0.6.2/c/sample/mail_index/seg_1/cf.dat	1463004360	4
25246924.707	/home/tmp/lucy/apache-lucy-0.6.2/c/sample/mail_index/seg_1/cf.dat	1463004360	4
25246924.707	/home/tmp/lucy/apache-lucy-0.6.2/c/sample/mail_index/seg_1/cf.dat	1463004360	1
25246924.707	/home/tmp/lucy/apache-lucy-0.6.2/c/sample/mail_index/seg_1/cf.dat	1463004360	1
25246924.707	/home/tmp/lucy/apache-lucy-0.6.2/c/sample/mail_index/seg_1/cf.dat	1463004360	2
25246924.707	/home/tmp/lucy/apache-lucy-0.6.2/c/sample/mail_index/seg_1/cf.dat	1463004360	4
25246924.707	/home/tmp/lucy/apache-lucy-0.6.2/c/sample/mail_index/seg_1/cf.dat	1463004360	1
25246924.707	/home/tmp/lucy/apache-lucy-0.6.2/c/sample/mail_index/seg_1/cf.dat	1463004360	1
25246924.707	/home/tmp/lucy/apache-lucy-0.6.2/c/sample/mail_index/seg_1/cf.dat	1463004360	1
25246924.707	/home/tmp/lucy/apache-lucy-0.6.2/c/sample/mail_index/seg_1/cf.dat	1463004360	5
25246924.707	/home/tmp/lucy/apache-lucy-0.6.2/c/sample/mail_index/seg_1/cf.dat	1463004360	3
25246924.707	/home/tmp/lucy/apache-lucy-0.6.2/c/sample/mail_index/seg_1/cf.dat	1463004360	1
25246924.707	/home/tmp/lucy/apache-lucy-0.6.2/c/sample/mail_index/seg_1/cf.dat	1463004360	17
25246924.707	/home/tmp/lucy/apache-lucy-0.6.2/c/sample/mail_index/seg_1/cf.dat	1463004360	14
25246924.707	/home/tmp/lucy/apache-lucy-0.6.2/c/sample/mail_index/seg_1/cf.dat	1463004360	3
25246924.707	/home/tmp/lucy/apache-lucy-0.6.2/c/sample/mail_index/seg_1/cf.dat	1463004360	12
25246924.707	/home/tmp/lucy/apache-lucy-0.6.2/c/sample/mail_index/seg_1/cf.dat	1463004360	1
25246924.707	/home/tmp/lucy/apache-lucy-0.6.2/c/sample/mail_index/seg_1/cf.dat	1463004360	3
25246924.707	/home/tmp/lucy/apache-lucy-0.6.2/c/sample/mail_index/seg_1/cf.dat	1463004360	9
25246924.707	/home/tmp/lucy/apache-lucy-0.6.2/c/sample/mail_index/seg_1/cf.dat	1463004360	7
25246924.707	/home/tmp/lucy/apache-lucy-0.6.2/c/sample/mail_index/seg_1/cf.dat	1463004360	8
25246924.707	/home/tmp/lucy/apache-lucy-0.6.2/c/sample/mail_index/seg_1/cf.dat	1463004360	7
25246924.707	/home/tmp/lucy/apache-lucy-0.6.2/c/sample/mail_index/seg_1/cf.dat	1463004360	6
25246924.707	/home/tmp/lucy/apache-lucy-0.6.2/c/sample/mail_index/seg_1/cf.dat	1463004360	2
25246924.707	/home/tmp/lucy/apache-lucy-0.6.2/c/sample/mail_index/seg_1/cf.dat	1463004360	4
25246924.707	/home/tmp/lucy/apache-lucy-0.6.2/c/sample/mail_index/seg_1/cf.dat	1463004360	1
25246924.707	/home/tmp/lucy/apache-lucy-0.6.2/c/sample/mail_index/seg_1/cf.dat	1484003581	1024
25246924.707	/home/tmp/lucy/apache-lucy-0.6.2/c/sample/mail_index/seg_1/cf.dat	1483858280	6
25246924.707	/home/tmp/lucy/apache-lucy-0.6.2/c/sample/mail_index/seg_1/cf.dat	1484077430	1024
25246924.707	/home/tmp/lucy/apache-lucy-0.6.2/c/sample/mail_index/seg_1/cf.dat	1483858280	6
25246924.707	/home/tmp/lucy/apache-lucy-0.6.2/c/sample/mail_index/seg_1/cf.dat	1484109146	1024
25246924.707	/home/tmp/lucy/apache-lucy-0.6.2/c/sample/mail_index/seg_1/cf.dat	1483858280	3
25246924.707	/home/tmp/lucy/apache-lucy-0.6.2/c/sample/mail_index/seg_1/cf.dat	1484123364	1024
25246924.707	/home/tmp/lucy/apache-lucy-0.6.2/c/sample/mail_index/seg_1/cf.dat	1483858280	9
25246924.707	/home/tmp/lucy/apache-lucy-0.6.2/c/sample/mail_index/seg_1/cf.dat	1484116256	1024
25246924.707	/home/tmp/lucy/apache-lucy-0.6.2/c/sample/mail_index/seg_1/cf.dat	1483858280	6
25246924.707	/home/tmp/lucy/apache-lucy-0.6.2/c/sample/mail_index/seg_1/cf.dat	1484119666	1024
25246924.707	/home/tmp/lucy/apache-lucy-0.6.2/c/sample/mail_index/seg_1/cf.dat	1483858280	6
25246924.707	/home/tmp/lucy/apache-lucy-0.6.2/c/sample/mail_index/seg_1/cf.dat	1484121483	1024
25246924.707	/home/tmp/lucy/apache-lucy-0.6.2/c/sample/mail_index/seg_1/cf.dat	1483858280	8
25246924.707	/home/tmp/lucy/apache-lucy-0.6.2/c/sample/mail_index/seg_1/cf.dat	1483858280	20
25246924.707	/home/tmp/lucy/apache-lucy-0.6.2/c/sample/mail_index/seg_1/cf.dat	1484122923	1024
25246924.707	/home/tmp/lucy/apache-lucy-0.6.2/c/sample/mail_index/seg_1/cf.dat	1483858280	6
25246924.707	/home/tmp/lucy/apache-lucy-0.6.2/c/sample/mail_index/seg_1/cf.dat	1483858280	9
25246924.707	/home/tmp/lucy/apache-lucy-0.6.2/c/sample/mail_index/seg_1/cf.dat	1483858280	17
25246924.707	/home/tmp/lucy/apache-lucy-0.6.2/c/sample/mail_index/seg_1/cf.dat	1483858280	11
25246924.707	/home/tmp/lucy/apache-lucy-0.6.2/c/sample/mail_index/seg_1/cf.dat	1483858280	9
25246924.707	/home/tmp/lucy/apache-lucy-0.6.2/c/sample/mail_index/seg_1/cf.dat	1483858280	10
25246924.707	/home/tmp/lucy/apache-lucy-0.6.2/c/sample/mail_index/seg_1/cf.dat	1483858280	9
25246924.707	/home/tmp/lucy/apache-lucy-0.6.2/c/sample/mail_index/seg_1/cf.dat	1463004360	5
25246924.707	/home/tmp/lucy/apache-lucy-0.6.2/c/sample/mail_index/seg_1/cf.dat	1463004360	12
25246924.707	/home/tmp/lucy/apache-lucy-0.6.2/c/sample/mail_index/seg_1/cf.dat	1463004360	3
25246924.707	/home/tmp/lucy/apache-lucy-0.6.2/c/sample/mail_index/seg_1/cf.dat	1463004360	3
25246924.707	/home/tmp/lucy/apache-lucy-0.6.2/c/sample/mail_index/seg_1/cf.dat	1463004360	3
25246924.707	/home/tmp/lucy/apache-lucy-0.6.2/c/sample/mail_index/seg_1/cf.dat	1463004360	3
25246924.707	/home/tmp/lucy/apache-lucy-0.6.2/c/sample/mail_index/seg_1/cf.dat	1463004360	1
25246924.707	/home/tmp/lucy/apache-lucy-0.6.2/c/sample/mail_index/seg_1/cf.dat	1463004360	7
25246924.707	/home/tmp/lucy/apache-lucy-0.6.2/c/sample/mail_index/seg_1/cf.dat	1463004360	4
25246924.707	/home/tmp/lucy/apache-lucy-0.6.2/c/sample/mail_index/seg_1/cf.dat	1463004360	4
25246924.707	/home/tmp/lucy/apache-lucy-0.6.2/c/sample/mail_index/seg_1/cf.dat	1463004360	1
25246924.707	/home/tmp/lucy/apache-lucy-0.6.2/c/sample/mail_index/seg_1/cf.dat	1463004360	1
25246924.707	/home/tmp/lucy/apache-lucy-0.6.2/c/sample/mail_index/seg_1/cf.dat	1463004360	2
25246924.707	/home/tmp/lucy/apache-lucy-0.6.2/c/sample/mail_index/seg_1/cf.dat	1463004360	4
25246924.707	/home/tmp/lucy/apache-lucy-0.6.2/c/sample/mail_index/seg_1/cf.dat	1463004360	1
25246924.707	/home/tmp/lucy/apache-lucy-0.6.2/c/sample/mail_index/seg_1/cf.dat	1463004360	1
25246924.707	/home/tmp/lucy/apache-lucy-0.6.2/c/sample/mail_index/seg_1/cf.dat	1463004360	1
25246924.707	/home/tmp/lucy/apache-lucy-0.6.2/c/sample/mail_index/seg_1/cf.dat	1463004360	5
25246924.707	/home/tmp/lucy/apache-lucy-0.6.2/c/sample/mail_index/seg_1/cf.dat	1463004360	3
25246924.707	/home/tmp/lucy/apache-lucy-0.6.2/c/sample/mail_index/seg_1/cf.dat	1463004360	1
25246924.707	/home/tmp/lucy/apache-lucy-0.6.2/c/sample/mail_index/seg_1/cf.dat	1463004360	17
25246924.707	/home/tmp/lucy/apache-lucy-0.6.2/c/sample/mail_index/seg_1/cf.dat	1463004360	14
25246924.707	/home/tmp/lucy/apache-lucy-0.6.2/c/sample/mail_index/seg_1/cf.dat	1463004360	3
25246924.707	/home/tmp/lucy/apache-lucy-0.6.2/c/sample/mail_index/seg_1/cf.dat	1463004360	12
25246924.707	/home/tmp/lucy/apache-lucy-0.6.2/c/sample/mail_index/seg_1/cf.dat	1463004360	1
25246924.707	/home/tmp/lucy/apache-lucy-0.6.2/c/sample/mail_index/seg_1/cf.dat	1463004360	3
25246924.707	/home/tmp/lucy/apache-lucy-0.6.2/c/sample/mail_index/seg_1/cf.dat	1463004360	9
25246924.707	/home/tmp/lucy/apache-lucy-0.6.2/c/sample/mail_index/seg_1/cf.dat	1463004360	7
25246924.707	/home/tmp/lucy/apache-lucy-0.6.2/c/sample/mail_index/seg_1/cf.dat	1463004360	8
25246924.707	/home/tmp/lucy/apache-lucy-0.6.2/c/sample/mail_index/seg_1/cf.dat	1463004360	7
25246924.707	/home/tmp/lucy/apache-lucy-0.6.2/c/sample/mail_index/seg_1/cf.dat	1463004360	6
25246924.707	/home/tmp/lucy/apache-lucy-0.6.2/c/sample/mail_index/seg_1/cf.dat	1463004360	2
25246924.707	/home/tmp/lucy/apache-lucy-0.6.2/c/sample/mail_index/seg_1/cf.dat	1463004360	4
25246924.707	/home/tmp/lucy/apache-lucy-0.6.2/c/sample/mail_index/seg_1/cf.dat	1463004360	1
25246924.707	/home/tmp/lucy/apache-lucy-0.6.2/c/sample/mail_index/seg_1/cf.dat	2030762699	1024
25246924.707	/home/tmp/lucy/apache-lucy-0.6.2/c/sample/mail_index/seg_1/cf.dat	1955987331	1024
25246924.707	/home/tmp/lucy/apache-lucy-0.6.2/c/sample/mail_index/seg_1/cf.dat	1955988347	1024
25246924.707	/home/tmp/lucy/apache-lucy-0.6.2/c/sample/mail_index/seg_1/cf.dat	1955989223	1024
25246924.707	/home/tmp/lucy/apache-lucy-0.6.2/c/sample/mail_index/seg_1/cf.dat	1955990239	1024
25246924.707	/home/tmp/lucy/apache-lucy-0.6.2/c/sample/mail_index/seg_1/cf.dat	1955991253	1024
25246924.707	/home/tmp/lucy/apache-lucy-0.6.2/c/sample/mail_index/seg_1/cf.dat	1955992269	1024
25246924.707	/home/tmp/lucy/apache-lucy-0.6.2/c/sample/mail_index/seg_1/cf.dat	1955993277	1024
25246924.707	/home/tmp/lucy/apache-lucy-0.6.2/c/sample/mail_index/seg_1/cf.dat	1955994292	1024
25246924.708	/home/tmp/lucy/apache-lucy-0.6.2/c/sample/mail_index/seg_1/cf.dat	1955995307	1024
25246924.708	/home/tmp/lucy/apache-lucy-0.6.2/c/sample/mail_index/seg_1/cf.dat	1955996322	1024
25246924.708	/home/tmp/lucy/apache-lucy-0.6.2/c/sample/mail_index/seg_1/cf.dat	1955997330	1024
25246924.708	/home/tmp/lucy/apache-lucy-0.6.2/c/sample/mail_index/seg_1/cf.dat	1955998332	1024
25246924.708	/home/tmp/lucy/apache-lucy-0.6.2/c/sample/mail_index/seg_1/cf.dat	1955999345	1024
25246924.708	/home/tmp/lucy/apache-lucy-0.6.2/c/sample/mail_index/seg_1/cf.dat	1956000359	1024
25246924.708	/home/tmp/lucy/apache-lucy-0.6.2/c/sample/mail_index/seg_1/cf.dat	1956001370	1024
25246924.708	/home/tmp/lucy/apache-lucy-0.6.2/c/sample/mail_index/seg_1/cf.dat	1956002384	1024
25246924.708	/home/tmp/lucy/apache-lucy-0.6.2/c/sample/mail_index/seg_1/cf.dat	1956003398	1024
25246924.708	/home/tmp/lucy/apache-lucy-0.6.2/c/sample/mail_index/seg_1/cf.dat	1956004404	1024
25246924.708	/home/tmp/lucy/apache-lucy-0.6.2/c/sample/mail_index/seg_1/cf.dat	1956005418	1024
25246924.708	/home/tmp/lucy/apache-lucy-0.6.2/c/sample/mail_index/seg_1/cf.dat	1956006434	1024
25246924.708	/home/tmp/lucy/apache-lucy-0.6.2/c/sample/mail_index/seg_1/cf.dat	1956007449	1024
25246924.708	/home/tmp/lucy/apache-lucy-0.6.2/c/sample/mail_index/seg_1/cf.dat	1956008466	1024
25246924.708	/home/tmp/lucy/apache-lucy-0.6.2/c/sample/mail_index/seg_1/cf.dat	1956009483	1024
25246924.708	/home/tmp/lucy/apache-lucy-0.6.2/c/sample/mail_index/seg_1/cf.dat	1956010493	1024
25246924.708	/home/tmp/lucy/apache-lucy-0.6.2/c/sample/mail_index/seg_1/cf.dat	1956011510	1024
25246924.708	/home/tmp/lucy/apache-lucy-0.6.2/c/sample/mail_index/seg_1/cf.dat	1956012526	1024
25246924.708	/home/tmp/lucy/apache-lucy-0.6.2/c/sample/mail_index/seg_1/cf.dat	1956013542	1024
25246924.708	/home/tmp/lucy/apache-lucy-0.6.2/c/sample/mail_index/seg_1/cf.dat	1956014540	1024
25246924.708	/home/tmp/lucy/apache-lucy-0.6.2/c/sample/mail_index/seg_1/cf.dat	1956015464	1024
25246924.708	/home/tmp/lucy/apache-lucy-0.6.2/c/sample/mail_index/seg_1/cf.dat	1956016394	1024
25246924.708	/home/tmp/lucy/apache-lucy-0.6.2/c/sample/mail_index/seg_1/cf.dat	1956017292	1024
25246924.708	/home/tmp/lucy/apache-lucy-0.6.2/c/sample/mail_index/seg_1/cf.dat	1956018295	1024
25246924.708	/home/tmp/lucy/apache-lucy-0.6.2/c/sample/mail_index/seg_1/cf.dat	1956019187	1024
25246924.708	/home/tmp/lucy/apache-lucy-0.6.2/c/sample/mail_index/seg_1/cf.dat	1956020196	1024
25246924.708	/home/tmp/lucy/apache-lucy-0.6.2/c/sample/mail_index/seg_1/cf.dat	1956021099	1024
25246924.708	/home/tmp/lucy/apache-lucy-0.6.2/c/sample/mail_index/seg_1/cf.dat	1956022113	1024
25246924.709	/home/tmp/lucy/apache-lucy-0.6.2/c/sample/mail_index/seg_1/cf.dat	1956023034	1024
25246924.709	/home/tmp/lucy/apache-lucy-0.6.2/c/sample/mail_index/seg_1/cf.dat	1956023999	1024
25246924.709	/home/tmp/lucy/apache-lucy-0.6.2/c/sample/mail_index/seg_1/cf.dat	1956025011	1024
25246924.709	/home/tmp/lucy/apache-lucy-0.6.2/c/sample/mail_index/seg_1/cf.dat	1956026028	1024
25246924.709	/home/tmp/lucy/apache-lucy-0.6.2/c/sample/mail_index/seg_1/cf.dat	1956027044	1024
25246924.709	/home/tmp/lucy/apache-lucy-0.6.2/c/sample/mail_index/seg_1/cf.dat	2030763723	1024
25246924.709	/home/tmp/lucy/apache-lucy-0.6.2/c/sample/mail_index/seg_1/cf.dat	1956028059	1024
25246924.709	/home/tmp/lucy/apache-lucy-0.6.2/c/sample/mail_index/seg_1/cf.dat	1956029073	1024
25246924.709	/home/tmp/lucy/apache-lucy-0.6.2/c/sample/mail_index/seg_1/cf.dat	1956030049	1024
25246924.709	/home/tmp/lucy/apache-lucy-0.6.2/c/sample/mail_index/seg_1/cf.dat	1956031051	1024
25246924.709	/home/tmp/lucy/apache-lucy-0.6.2/c/sample/mail_index/seg_1/cf.dat	1956031955	1024
25246924.709	/home/tmp/lucy/apache-lucy-0.6.2/c/sample/mail_index/seg_1/cf.dat	1956032946	1024
25246924.709	/home/tmp/lucy/apache-lucy-0.6.2/c/sample/mail_index/seg_1/cf.dat	1956033949	1024
25246924.709	/home/tmp/lucy/apache-lucy-0.6.2/c/sample/mail_index/seg_1/cf.dat	1956034861	1024
25246924.709	/home/tmp/lucy/apache-lucy-0.6.2/c/sample/mail_index/seg_1/cf.dat	1956035876	1024
25246924.709	/home/tmp/lucy/apache-lucy-0.6.2/c/sample/mail_index/seg_1/cf.dat	1956036893	1024
25246924.709	/home/tmp/lucy/apache-lucy-0.6.2/c/sample/mail_index/seg_1/cf.dat	1956037909	1024
25246924.709	/home/tmp/lucy/apache-lucy-0.6.2/c/sample/mail_index/seg_1/cf.dat	1956038923	1024
25246924.709	/home/tmp/lucy/apache-lucy-0.6.2/c/sample/mail_index/seg_1/cf.dat	1956039809	1024
25246924.709	/home/tmp/lucy/apache-lucy-0.6.2/c/sample/mail_index/seg_1/cf.dat	1956040824	1024
25246924.709	/home/tmp/lucy/apache-lucy-0.6.2/c/sample/mail_index/seg_1/cf.dat	1956041838	1024
25246924.709	/home/tmp/lucy/apache-lucy-0.6.2/c/sample/mail_index/seg_1/cf.dat	1956042852	1024
25246924.709	/home/tmp/lucy/apache-lucy-0.6.2/c/sample/mail_index/seg_1/cf.dat	1956043829	1024
25246924.709	/home/tmp/lucy/apache-lucy-0.6.2/c/sample/mail_index/seg_1/cf.dat	1956044840	1024
25246924.709	/home/tmp/lucy/apache-lucy-0.6.2/c/sample/mail_index/seg_1/cf.dat	1956045856	1024
25246924.709	/home/tmp/lucy/apache-lucy-0.6.2/c/sample/mail_index/seg_1/cf.dat	1956046872	1024
25246924.709	/home/tmp/lucy/apache-lucy-0.6.2/c/sample/mail_index/seg_1/cf.dat	1956047889	1024
25246924.709	/home/tmp/lucy/apache-lucy-0.6.2/c/sample/mail_index/seg_1/cf.dat	1956048903	1024
25246924.709	/home/tmp/lucy/apache-lucy-0.6.2/c/sample/mail_index/seg_1/cf.dat	1956049915	1024
25246924.709	/home/tmp/lucy/apache-lucy-0.6.2/c/sample/mail_index/seg_1/cf.dat	1956050930	1024
25246924.709	/home/tmp/lucy/apache-lucy-0.6.2/c/sample/mail_index/seg_1/cf.dat	1956051945	1024
25246924.710	/home/tmp/lucy/apache-lucy-0.6.2/c/sample/mail_index/seg_1/cf.dat	1956052959	1024
25246924.710	/home/tmp/lucy/apache-lucy-0.6.2/c/sample/mail_index/seg_1/cf.dat	1956053975	1024
25246924.710	/home/tmp/lucy/apache-lucy-0.6.2/c/sample/mail_index/seg_1/cf.dat	1956054991	1024
25246924.710	/home/tmp/lucy/apache-lucy-0.6.2/c/sample/mail_index/seg_1/cf.dat	1956055938	1024
25246924.710	/home/tmp/lucy/apache-lucy-0.6.2/c/sample/mail_index/seg_1/cf.dat	1956056953	1024
25246924.710	/home/tmp/lucy/apache-lucy-0.6.2/c/sample/mail_index/seg_1/cf.dat	1956057812	1024
25246924.710	/home/tmp/lucy/apache-lucy-0.6.2/c/sample/mail_index/seg_1/cf.dat	1956058827	1024
25246924.710	/home/tmp/lucy/apache-lucy-0.6.2/c/sample/mail_index/seg_1/cf.dat	1956059739	1024
25246924.710	/home/tmp/lucy/apache-lucy-0.6.2/c/sample/mail_index/seg_1/cf.dat	1956060634	1024
25246924.710	/home/tmp/lucy/apache-lucy-0.6.2/c/sample/mail_index/seg_1/cf.dat	1956061650	1024
25246924.710	/home/tmp/lucy/apache-lucy-0.6.2/c/sample/mail_index/seg_1/cf.dat	1956062657	1024
25246924.710	/home/tmp/lucy/apache-lucy-0.6.2/c/sample/mail_index/seg_1/cf.dat	1956063650	1024
25246924.710	/home/tmp/lucy/apache-lucy-0.6.2/c/sample/mail_index/seg_1/cf.dat	1956064622	1024
25246924.710	/home/tmp/lucy/apache-lucy-0.6.2/c/sample/mail_index/seg_1/cf.dat	1956065637	1024
25246924.710	/home/tmp/lucy/apache-lucy-0.6.2/c/sample/mail_index/seg_1/cf.dat	1956066630	1024
25246924.710	/home/tmp/lucy/apache-lucy-0.6.2/c/sample/mail_index/seg_1/cf.dat	1956067645	1024
25246924.710	/home/tmp/lucy/apache-lucy-0.6.2/c/sample/mail_index/seg_1/cf.dat	1956068661	1024
25246924.710	/home/tmp/lucy/apache-lucy-0.6.2/c/sample/mail_index/seg_1/cf.dat	1956069321	1024
25246924.710	/home/tmp/lucy/apache-lucy-0.6.2/c/sample/mail_index/seg_1/cf.dat	1956070337	1024
25246924.710	/home/tmp/lucy/apache-lucy-0.6.2/c/sample/mail_index/seg_1/cf.dat	1956071351	1024
25246924.710	/home/tmp/lucy/apache-lucy-0.6.2/c/sample/mail_index/seg_1/cf.dat	1956072271	1024
25246924.710	/home/tmp/lucy/apache-lucy-0.6.2/c/sample/mail_index/seg_1/cf.dat	1956073285	1024
25246924.710	/home/tmp/lucy/apache-lucy-0.6.2/c/sample/mail_index/seg_1/cf.dat	2030764747	1024
25246924.710	/home/tmp/lucy/apache-lucy-0.6.2/c/sample/mail_index/seg_1/cf.dat	1956074296	1024
25246924.710	/home/tmp/lucy/apache-lucy-0.6.2/c/sample/mail_index/seg_1/cf.dat	1956075298	1024
25246924.710	/home/tmp/lucy/apache-lucy-0.6.2/c/sample/mail_index/seg_1/cf.dat	1956076310	1024
25246924.710	/home/tmp/lucy/apache-lucy-0.6.2/c/sample/mail_index/seg_1/cf.dat	1956077309	1024
25246924.710	/home/tmp/lucy/apache-lucy-0.6.2/c/sample/mail_index/seg_1/cf.dat	1956078325	1024
25246924.710	/home/tmp/lucy/apache-lucy-0.6.2/c/sample/mail_index/seg_1/cf.dat	1956079294	1024
25246924.710	/home/tmp/lucy/apache-lucy-0.6.2/c/sample/mail_index/seg_1/cf.dat	1956080299	1024
25246924.710	/home/tmp/lucy/apache-lucy-0.6.2/c/sample/mail_index/seg_1/cf.dat	1956081255	1024
25246924.710	/home/tmp/lucy/apache-lucy-0.6.2/c/sample/mail_index/seg_1/cf.dat	1956082268	1024
25246924.711	/home/tmp/lucy/apache-lucy-0.6.2/c/sample/mail_index/seg_1/cf.dat	1956083279	1024
25246924.711	/home/tmp/lucy/apache-lucy-0.6.2/c/sample/mail_index/seg_1/cf.dat	1956084270	1024
25246924.711	/home/tmp/lucy/apache-lucy-0.6.2/c/sample/mail_index/seg_1/cf.dat	1956085280	1024
25246924.711	/home/tmp/lucy/apache-lucy-0.6.2/c/sample/mail_index/seg_1/cf.dat	1956086294	1024
25246924.711	/home/tmp/lucy/apache-lucy-0.6.2/c/sample/mail_index/seg_1/cf.dat	1956087308	1024
25246924.711	/home/tmp/lucy/apache-lucy-0.6.2/c/sample/mail_index/seg_1/cf.dat	1956088275	1024
25246924.711	/home/tmp/lucy/apache-lucy-0.6.2/c/sample/mail_index/seg_1/cf.dat	1956089291	1024
25246924.711	/home/tmp/lucy/apache-lucy-0.6.2/c/sample/mail_index/seg_1/cf.dat	1956090307	1024
25246924.711	/home/tmp/lucy/apache-lucy-0.6.2/c/sample/mail_index/seg_1/cf.dat	1956091322	1024
25246924.711	/home/tmp/lucy/apache-lucy-0.6.2/c/sample/mail_index/seg_1/cf.dat	1956092338	1024
25246924.711	/home/tmp/lucy/apache-lucy-0.6.2/c/sample/mail_index/seg_1/cf.dat	1956093315	1024
25246924.711	/home/tmp/lucy/apache-lucy-0.6.2/c/sample/mail_index/seg_1/cf.dat	1956094326	1024
25246924.711	/home/tmp/lucy/apache-lucy-0.6.2/c/sample/mail_index/seg_1/cf.dat	1956095340	1024
25246924.711	/home/tmp/lucy/apache-lucy-0.6.2/c/sample/mail_index/seg_1/cf.dat	1956096350	1024
25246924.711	/home/tmp/lucy/apache-lucy-0.6.2/c/sample/mail_index/seg_1/cf.dat	1956097336	1024
25246924.711	/home/tmp/lucy/apache-lucy-0.6.2/c/sample/mail_index/seg_1/cf.dat	1956098339	1024
25246924.711	/home/tmp/lucy/apache-lucy-0.6.2/c/sample/mail_index/seg_1/cf.dat	1956099345	1024
25246924.711	/home/tmp/lucy/apache-lucy-0.6.2/c/sample/mail_index/seg_1/cf.dat	1956100356	1024
25246924.711	/home/tmp/lucy/apache-lucy-0.6.2/c/sample/mail_index/seg_1/cf.dat	1956101359	1024
25246924.711	/home/tmp/lucy/apache-lucy-0.6.2/c/sample/mail_index/seg_1/cf.dat	1956102373	1024
25246924.711	/home/tmp/lucy/apache-lucy-0.6.2/c/sample/mail_index/seg_1/cf.dat	1956103388	1024
25246924.711	/home/tmp/lucy/apache-lucy-0.6.2/c/sample/mail_index/seg_1/cf.dat	1956104403	1024
25246924.711	/home/tmp/lucy/apache-lucy-0.6.2/c/sample/mail_index/seg_1/cf.dat	1956105420	1024
25246924.711	/home/tmp/lucy/apache-lucy-0.6.2/c/sample/mail_index/seg_1/cf.dat	1956106426	1024
25246924.711	/home/tmp/lucy/apache-lucy-0.6.2/c/sample/mail_index/seg_1/cf.dat	1956107424	1024
25246924.711	/home/tmp/lucy/apache-lucy-0.6.2/c/sample/mail_index/seg_1/cf.dat	1956108440	1024
25246924.711	/home/tmp/lucy/apache-lucy-0.6.2/c/sample/mail_index/seg_1/cf.dat	1956109456	1024
25246924.711	/home/tmp/lucy/apache-lucy-0.6.2/c/sample/mail_index/seg_1/cf.dat	1956110467	1024
25246924.711	/home/tmp/lucy/apache-lucy-0.6.2/c/sample/mail_index/seg_1/cf.dat	1956111474	1024
25246924.712	/home/tmp/lucy/apache-lucy-0.6.2/c/sample/mail_index/seg_1/cf.dat	1956112487	1024
25246924.712	/home/tmp/lucy/apache-lucy-0.6.2/c/sample/mail_index/seg_1/cf.dat	1956113501	1024
25246924.712	/home/tmp/lucy/apache-lucy-0.6.2/c/sample/mail_index/seg_1/cf.dat	1956114515	1024
25246924.712	/home/tmp/lucy/apache-lucy-0.6.2/c/sample/mail_index/seg_1/cf.dat	1956115493	1024
25246924.712	/home/tmp/lucy/apache-lucy-0.6.2/c/sample/mail_index/seg_1/cf.dat	1956116509	1024
25246924.712	/home/tmp/lucy/apache-lucy-0.6.2/c/sample/mail_index/seg_1/cf.dat	1956117526	1024
25246924.712	/home/tmp/lucy/apache-lucy-0.6.2/c/sample/mail_index/seg_1/cf.dat	2030765771	1024
25246924.712	/home/tmp/lucy/apache-lucy-0.6.2/c/sample/mail_index/seg_1/cf.dat	1956118541	1024
25246924.712	/home/tmp/lucy/apache-lucy-0.6.2/c/sample/mail_index/seg_1/cf.dat	1956119549	1024
25246924.712	/home/tmp/lucy/apache-lucy-0.6.2/c/sample/mail_index/seg_1/cf.dat	1956120532	1024
25246924.712	/home/tmp/lucy/apache-lucy-0.6.2/c/sample/mail_index/seg_1/cf.dat	1956121531	1024
25246924.712	/home/tmp/lucy/apache-lucy-0.6.2/c/sample/mail_index/seg_1/cf.dat	1956122519	1024
25246924.712	/home/tmp/lucy/apache-lucy-0.6.2/c/sample/mail_index/seg_1/cf.dat	1956123533	1024
25246924.712	/home/tmp/lucy/apache-lucy-0.6.2/c/sample/mail_index/seg_1/cf.dat	1956124543	1024
25246924.712	/home/tmp/lucy/apache-lucy-0.6.2/c/sample/mail_index/seg_1/cf.dat	1956125553	1024
25246924.712	/home/tmp/lucy/apache-lucy-0.6.2/c/sample/mail_index/seg_1/cf.dat	1956126568	1024
25246924.712	/home/tmp/lucy/apache-lucy-0.6.2/c/sample/mail_index/seg_1/cf.dat	1956127582	1024
25246924.712	/home/tmp/lucy/apache-lucy-0.6.2/c/sample/mail_index/seg_1/cf.dat	1956128599	1024
25246924.712	/home/tmp/lucy/apache-lucy-0.6.2/c/sample/mail_index/seg_1/cf.dat	1956129613	1024
25246924.712	/home/tmp/lucy/apache-lucy-0.6.2/c/sample/mail_index/seg_1/cf.dat	1956130626	1024
25246924.712	/home/tmp/lucy/apache-lucy-0.6.2/c/sample/mail_index/seg_1/cf.dat	1956131643	1024
25246924.712	/home/tmp/lucy/apache-lucy-0.6.2/c/sample/mail_index/seg_1/cf.dat	1956132659	1024
25246924.712	/home/tmp/lucy/apache-lucy-0.6.2/c/sample/mail_index/seg_1/cf.dat	1956133674	1024
25246924.712	/home/tmp/lucy/apache-lucy-0.6.2/c/sample/mail_index/seg_1/cf.dat	1956134675	1024
25246924.712	/home/tmp/lucy/apache-lucy-0.6.2/c/sample/mail_index/seg_1/cf.dat	1956135691	1024
25246924.712	/home/tmp/lucy/apache-lucy-0.6.2/c/sample/mail_index/seg_1/cf.dat	1956136707	1024
25246924.712	/home/tmp/lucy/apache-lucy-0.6.2/c/sample/mail_index/seg_1/cf.dat	1956137724	1024
25246924.712	/home/tmp/lucy/apache-lucy-0.6.2/c/sample/mail_index/seg_1/cf.dat	1956138737	1024
25246924.712	/home/tmp/lucy/apache-lucy-0.6.2/c/sample/mail_index/seg_1/cf.dat	1956139711	1024
25246924.713	/home/tmp/lucy/apache-lucy-0.6.2/c/sample/mail_index/seg_1/cf.dat	1956140726	1024
25246924.713	/home/tmp/lucy/apache-lucy-0.6.2/c/sample/mail_index/seg_1/cf.dat	1956141741	1024
25246924.713	/home/tmp/lucy/apache-lucy-0.6.2/c/sample/mail_index/seg_1/cf.dat	1956142751	1024
25246924.713	/home/tmp/lucy/apache-lucy-0.6.2/c/sample/mail_index/seg_1/cf.dat	1956143759	1024
25246924.713	/home/tmp/lucy/apache-lucy-0.6.2/c/sample/mail_index/seg_1/cf.dat	1956144774	1024
25246924.713	/home/tmp/lucy/apache-lucy-0.6.2/c/sample/mail_index/seg_1/cf.dat	1956145773	1024
25246924.713	/home/tmp/lucy/apache-lucy-0.6.2/c/sample/mail_index/seg_1/cf.dat	1956146780	1024
25246924.713	/home/tmp/lucy/apache-lucy-0.6.2/c/sample/mail_index/seg_1/cf.dat	1956147776	1024
25246924.713	/home/tmp/lucy/apache-lucy-0.6.2/c/sample/mail_index/seg_1/cf.dat	1956148790	1024
25246924.713	/home/tmp/lucy/apache-lucy-0.6.2/c/sample/mail_index/seg_1/cf.dat	1956149805	1024
25246924.713	/home/tmp/lucy/apache-lucy-0.6.2/c/sample/mail_index/seg_1/cf.dat	1956150805	1024
25246924.713	/home/tmp/lucy/apache-lucy-0.6.2/c/sample/mail_index/seg_1/cf.dat	1956151816	1024
25246924.713	/home/tmp/lucy/apache-lucy-0.6.2/c/sample/mail_index/seg_1/cf.dat	1956152833	1024
25246924.713	/home/tmp/lucy/apache-lucy-0.6.2/c/sample/mail_index/seg_1/cf.dat	1956153842	1024
25246924.713	/home/tmp/lucy/apache-lucy-0.6.2/c/sample/mail_index/seg_1/cf.dat	1956154847	1024
25246924.713	/home/tmp/lucy/apache-lucy-0.6.2/c/sample/mail_index/seg_1/cf.dat	1956155863	1024
25246924.713	/home/tmp/lucy/apache-lucy-0.6.2/c/sample/mail_index/seg_1/cf.dat	1956156871	1024
25246924.713	/home/tmp/lucy/apache-lucy-0.6.2/c/sample/mail_index/seg_1/cf.dat	1956157885	1024
25246924.713	/home/tmp/lucy/apache-lucy-0.6.2/c/sample/mail_index/seg_1/cf.dat	1956158900	1024
25246924.713	/home/tmp/lucy/apache-lucy-0.6.2/c/sample/mail_index/seg_1/cf.dat	1956159877	1024
25246924.713	/home/tmp/lucy/apache-lucy-0.6.2/c/sample/mail_index/seg_1/cf.dat	2030766795	1024
25246924.713	/home/tmp/lucy/apache-lucy-0.6.2/c/sample/mail_index/seg_1/cf.dat	1956160891	1024
25246924.713	/home/tmp/lucy/apache-lucy-0.6.2/c/sample/mail_index/seg_1/cf.dat	1956161905	1024
25246924.713	/home/tmp/lucy/apache-lucy-0.6.2/c/sample/mail_index/seg_1/cf.dat	1956162917	1024
25246924.713	/home/tmp/lucy/apache-lucy-0.6.2/c/sample/mail_index/seg_1/cf.dat	1956163934	1024
25246924.713	/home/tmp/lucy/apache-lucy-0.6.2/c/sample/mail_index/seg_1/cf.dat	1956164940	1024
25246924.713	/home/tmp/lucy/apache-lucy-0.6.2/c/sample/mail_index/seg_1/cf.dat	1956165937	1024
25246924.713	/home/tmp/lucy/apache-lucy-0.6.2/c/sample/mail_index/seg_1/cf.dat	1956166953	1024
25246924.713	/home/tmp/lucy/apache-lucy-0.6.2/c/sample/mail_index/seg_1/cf.dat	1956167965	1024
25246924.714	/home/tmp/lucy/apache-lucy-0.6.2/c/sample/mail_index/seg_1/cf.dat	1956168979	1024
25246924.714	/home/tmp/lucy/apache-lucy-0.6.2/c/sample/mail_index/seg_1/cf.dat	1956169984	1024
25246924.714	/home/tmp/lucy/apache-lucy-0.6.2/c/sample/mail_index/seg_1/cf.dat	1956170995	1024
25246924.714	/home/tmp/lucy/apache-lucy-0.6.2/c/sample/mail_index/seg_1/cf.dat	1956172012	1024
25246924.714	/home/tmp/lucy/apache-lucy-0.6.2/c/sample/mail_index/seg_1/cf.dat	1956173026	1024
25246924.714	/home/tmp/lucy/apache-lucy-0.6.2/c/sample/mail_index/seg_1/cf.dat	1956174040	1024
25246924.714	/home/tmp/lucy/apache-lucy-0.6.2/c/sample/mail_index/seg_1/cf.dat	1956175056	1024
25246924.714	/home/tmp/lucy/apache-lucy-0.6.2/c/sample/mail_index/seg_1/cf.dat	1956176069	1024
25246924.714	/home/tmp/lucy/apache-lucy-0.6.2/c/sample/mail_index/seg_1/cf.dat	1956177084	1024
25246924.714	/home/tmp/lucy/apache-lucy-0.6.2/c/sample/mail_index/seg_1/cf.dat	1956178101	1024
25246924.714	/home/tmp/lucy/apache-lucy-0.6.2/c/sample/mail_index/seg_1/cf.dat	1956179116	1024
25246924.714	/home/tmp/lucy/apache-lucy-0.6.2/c/sample/mail_index/seg_1/cf.dat	1956180132	1024
25246924.714	/home/tmp/lucy/apache-lucy-0.6.2/c/sample/mail_index/seg_1/cf.dat	1956181147	1024
25246924.714	/home/tmp/lucy/apache-lucy-0.6.2/c/sample/mail_index/seg_1/cf.dat	1956182161	1024
25246924.714	/home/tmp/lucy/apache-lucy-0.6.2/c/sample/mail_index/seg_1/cf.dat	1956183170	1024
25246924.714	/home/tmp/lucy/apache-lucy-0.6.2/c/sample/mail_index/seg_1/cf.dat	1956184185	1024
25246924.714	/home/tmp/lucy/apache-lucy-0.6.2/c/sample/mail_index/seg_1/cf.dat	1956185200	1024
25246924.714	/home/tmp/lucy/apache-lucy-0.6.2/c/sample/mail_index/seg_1/cf.dat	1956186211	1024
25246924.714	/home/tmp/lucy/apache-lucy-0.6.2/c/sample/mail_index/seg_1/cf.dat	1956187225	1024
25246924.714	/home/tmp/lucy/apache-lucy-0.6.2/c/sample/mail_index/seg_1/cf.dat	1956188237	1024
25246924.714	/home/tmp/lucy/apache-lucy-0.6.2/c/sample/mail_index/seg_1/cf.dat	1956189251	1024
25246924.714	/home/tmp/lucy/apache-lucy-0.6.2/c/sample/mail_index/seg_1/cf.dat	1956190268	1024
25246924.714	/home/tmp/lucy/apache-lucy-0.6.2/c/sample/mail_index/seg_1/cf.dat	1956191272	1024
25246924.714	/home/tmp/lucy/apache-lucy-0.6.2/c/sample/mail_index/seg_1/cf.dat	1956192288	1024
25246924.714	/home/tmp/lucy/apache-lucy-0.6.2/c/sample/mail_index/seg_1/cf.dat	1956193305	1024
25246924.714	/home/tmp/lucy/apache-lucy-0.6.2/c/sample/mail_index/seg_1/cf.dat	1956194322	1024
25246924.714	/home/tmp/lucy/apache-lucy-0.6.2/c/sample/mail_index/seg_1/cf.dat	1956195336	1024
25246924.714	/home/tmp/lucy/apache-lucy-0.6.2/c/sample/mail_index/seg_1/cf.dat	1956196338	1024
25246924.715	/home/tmp/lucy/apache-lucy-0.6.2/c/sample/mail_index/seg_1/cf.dat	1956197342	1024
25246924.715	/home/tmp/lucy/apache-lucy-0.6.2/c/sample/mail_index/seg_1/cf.dat	1956198358	1024
25246924.715	/home/tmp/lucy/apache-lucy-0.6.2/c/sample/mail_index/seg_1/cf.dat	1956199373	1024
25246924.715	/home/tmp/lucy/apache-lucy-0.6.2/c/sample/mail_index/seg_1/cf.dat	1956200381	1024
25246924.715	/home/tmp/lucy/apache-lucy-0.6.2/c/sample/mail_index/seg_1/cf.dat	1956201387	1024
25246924.715	/home/tmp/lucy/apache-lucy-0.6.2/c/sample/mail_index/seg_1/cf.dat	2030767819	1024
25246924.715	/home/tmp/lucy/apache-lucy-0.6.2/c/sample/mail_index/seg_1/cf.dat	1956202402	1024
25246924.715	/home/tmp/lucy/apache-lucy-0.6.2/c/sample/mail_index/seg_1/cf.dat	1956203417	1024
25246924.715	/home/tmp/lucy/apache-lucy-0.6.2/c/sample/mail_index/seg_1/cf.dat	1956204431	1024
25246924.715	/home/tmp/lucy/apache-lucy-0.6.2/c/sample/mail_index/seg_1/cf.dat	1956205435	1024
25246924.715	/home/tmp/lucy/apache-lucy-0.6.2/c/sample/mail_index/seg_1/cf.dat	1956206452	1024
25246924.715	/home/tmp/lucy/apache-lucy-0.6.2/c/sample/mail_index/seg_1/cf.dat	1956207466	1024
25246924.715	/home/tmp/lucy/apache-lucy-0.6.2/c/sample/mail_index/seg_1/cf.dat	1956208481	1024
25246924.715	/home/tmp/lucy/apache-lucy-0.6.2/c/sample/mail_index/seg_1/cf.dat	1956209495	1024
25246924.715	/home/tmp/lucy/apache-lucy-0.6.2/c/sample/mail_index/seg_1/cf.dat	1956210456	1024
25246924.715	/home/tmp/lucy/apache-lucy-0.6.2/c/sample/mail_index/seg_1/cf.dat	1956211474	1024
25246924.715	/home/tmp/lucy/apache-lucy-0.6.2/c/sample/mail_index/seg_1/cf.dat	1956212416	1024
25246924.715	/home/tmp/lucy/apache-lucy-0.6.2/c/sample/mail_index/seg_1/cf.dat	1956213358	1024
25246924.715	/home/tmp/lucy/apache-lucy-0.6.2/c/sample/mail_index/seg_1/cf.dat	1956214373	1024
25246924.715	/home/tmp/lucy/apache-lucy-0.6.2/c/sample/mail_index/seg_1/cf.dat	1956215387	1024
25246924.715	/home/tmp/lucy/apache-lucy-0.6.2/c/sample/mail_index/seg_1/cf.dat	1956216388	1024
25246924.715	/home/tmp/lucy/apache-lucy-0.6.2/c/sample/mail_index/seg_1/cf.dat	1956217276	1024
25246924.715	/home/tmp/lucy/apache-lucy-0.6.2/c/sample/mail_index/seg_1/cf.dat	1956218287	1024
25246924.715	/home/tmp/lucy/apache-lucy-0.6.2/c/sample/mail_index/seg_1/cf.dat	1956219303	1024
25246924.715	/home/tmp/lucy/apache-lucy-0.6.2/c/sample/mail_index/seg_1/cf.dat	1956220317	1024
25246924.715	/home/tmp/lucy/apache-lucy-0.6.2/c/sample/mail_index/seg_1/cf.dat	1956221327	1024
25246924.715	/home/tmp/lucy/apache-lucy-0.6.2/c/sample/mail_index/seg_1/cf.dat	1956222334	1024
25246924.715	/home/tmp/lucy/apache-lucy-0.6.2/c/sample/mail_index/seg_1/cf.dat	1956223348	1024
25246924.715	/home/tmp/lucy/apache-lucy-0.6.2/c/sample/mail_index/seg_1/cf.dat	1956224362	1024
25246924.716	/home/tmp/lucy/apache-lucy-0.6.2/c/sample/mail_index/seg_1/cf.dat	1956225364	1024
25246924.716	/home/tmp/lucy/apache-lucy-0.6.2/c/sample/mail_index/seg_1/cf.dat	1956226378	1024
25246924.716	/home/tmp/lucy/apache-lucy-0.6.2/c/sample/mail_index/seg_1/cf.dat	1956227365	1024
25246924.716	/home/tmp/lucy/apache-lucy-0.6.2/c/sample/mail_index/seg_1/cf.dat	1956228366	1024
25246924.716	/home/tmp/lucy/apache-lucy-0.6.2/c/sample/mail_index/seg_1/cf.dat	1956229323	1024
25246924.716	/home/tmp/lucy/apache-lucy-0.6.2/c/sample/mail_index/seg_1/cf.dat	1956230155	1024
25246924.716	/home/tmp/lucy/apache-lucy-0.6.2/c/sample/mail_index/seg_1/cf.dat	1956230986	1024
25246924.716	/home/tmp/lucy/apache-lucy-0.6.2/c/sample/mail_index/seg_1/cf.dat	1956231816	1024
25246924.716	/home/tmp/lucy/apache-lucy-0.6.2/c/sample/mail_index/seg_1/cf.dat	1956232679	1024
25246924.716	/home/tmp/lucy/apache-lucy-0.6.2/c/sample/mail_index/seg_1/cf.dat	1956233531	1024
25246924.716	/home/tmp/lucy/apache-lucy-0.6.2/c/sample/mail_index/seg_1/cf.dat	1956234546	1024
25246924.716	/home/tmp/lucy/apache-lucy-0.6.2/c/sample/mail_index/seg_1/cf.dat	1956235561	1024
25246924.716	/home/tmp/lucy/apache-lucy-0.6.2/c/sample/mail_index/seg_1/cf.dat	1956236578	1024
25246924.716	/home/tmp/lucy/apache-lucy-0.6.2/c/sample/mail_index/seg_1/cf.dat	1956237593	1024
25246924.716	/home/tmp/lucy/apache-lucy-0.6.2/c/sample/mail_index/seg_1/cf.dat	1956238592	1024
25246924.716	/home/tmp/lucy/apache-lucy-0.6.2/c/sample/mail_index/seg_1/cf.dat	1956239581	1024
25246924.716	/home/tmp/lucy/apache-lucy-0.6.2/c/sample/mail_index/seg_1/cf.dat	1956240551	1024
25246924.716	/home/tmp/lucy/apache-lucy-0.6.2/c/sample/mail_index/seg_1/cf.dat	1956241414	1024
25246924.716	/home/tmp/lucy/apache-lucy-0.6.2/c/sample/mail_index/seg_1/cf.dat	1956242428	1024
25246924.716	/home/tmp/lucy/apache-lucy-0.6.2/c/sample/mail_index/seg_1/cf.dat	1956243432	1024
25246924.716	/home/tmp/lucy/apache-lucy-0.6.2/c/sample/mail_index/seg_1/cf.dat	1956244410	1024
25246924.716	/home/tmp/lucy/apache-lucy-0.6.2/c/sample/mail_index/seg_1/cf.dat	1956245424	1024
25246924.716	/home/tmp/lucy/apache-lucy-0.6.2/c/sample/mail_index/seg_1/cf.dat	1956246270	1024
25246924.716	/home/tmp/lucy/apache-lucy-0.6.2/c/sample/mail_index/seg_1/cf.dat	1956247281	1024
25246924.716	/home/tmp/lucy/apache-lucy-0.6.2/c/sample/mail_index/seg_1/cf.dat	2030768843	1024
25246924.716	/home/tmp/lucy/apache-lucy-0.6.2/c/sample/mail_index/seg_1/cf.dat	1956248296	1024
25246924.716	/home/tmp/lucy/apache-lucy-0.6.2/c/sample/mail_index/seg_1/cf.dat	1956249273	1024
25246924.716	/home/tmp/lucy/apache-lucy-0.6.2/c/sample/mail_index/seg_1/cf.dat	1956250274	1024
25246924.716	/home/tmp/lucy/apache-lucy-0.6.2/c/sample/mail_index/seg_1/cf.dat	1956251254	1024
25246924.716	/home/tmp/lucy/apache-lucy-0.6.2/c/sample/mail_index/seg_1/cf.dat	1956252266	1024
25246924.716	/home/tmp/lucy/apache-lucy-0.6.2/c/sample/mail_index/seg_1/cf.dat	1956253280	1024
25246924.716	/home/tmp/lucy/apache-lucy-0.6.2/c/sample/mail_index/seg_1/cf.dat	1956254136	1024
25246924.716	/home/tmp/lucy/apache-lucy-0.6.2/c/sample/mail_index/seg_1/cf.dat	1956255146	1024
25246924.716	/home/tmp/lucy/apache-lucy-0.6.2/c/sample/mail_index/seg_1/cf.dat	1956256160	1024
25246924.717	/home/tmp/lucy/apache-lucy-0.6.2/c/sample/mail_index/seg_1/cf.dat	1956257175	1024
25246924.717	/home/tmp/lucy/apache-lucy-0.6.2/c/sample/mail_index/seg_1/cf.dat	1956258081	1024
25246924.717	/home/tmp/lucy/apache-lucy-0.6.2/c/sample/mail_index/seg_1/cf.dat	1956258963	1024
25246924.717	/home/tmp/lucy/apache-lucy-0.6.2/c/sample/mail_index/seg_1/cf.dat	1956259833	1024
25246924.717	/home/tmp/lucy/apache-lucy-0.6.2/c/sample/mail_index/seg_1/cf.dat	1956260709	1024
25246924.717	/home/tmp/lucy/apache-lucy-0.6.2/c/sample/mail_index/seg_1/cf.dat	1956261725	1024
25246924.717	/home/tmp/lucy/apache-lucy-0.6.2/c/sample/mail_index/seg_1/cf.dat	1956262733	1024
25246924.717	/home/tmp/lucy/apache-lucy-0.6.2/c/sample/mail_index/seg_1/cf.dat	1956263742	1024
25246924.717	/home/tmp/lucy/apache-lucy-0.6.2/c/sample/mail_index/seg_1/cf.dat	1956264619	1024
25246924.717	/home/tmp/lucy/apache-lucy-0.6.2/c/sample/mail_index/seg_1/cf.dat	1956265624	1024
25246924.717	/home/tmp/lucy/apache-lucy-0.6.2/c/sample/mail_index/seg_1/cf.dat	1956266611	1024
25246924.717	/home/tmp/lucy/apache-lucy-0.6.2/c/sample/mail_index/seg_1/cf.dat	1956267420	1024
25246924.717	/home/tmp/lucy/apache-lucy-0.6.2/c/sample/mail_index/seg_1/cf.dat	1956268336	1024
25246924.717	/home/tmp/lucy/apache-lucy-0.6.2/c/sample/mail_index/seg_1/cf.dat	1956269238	1024
25246924.717	/home/tmp/lucy/apache-lucy-0.6.2/c/sample/mail_index/seg_1/cf.dat	1956270146	1024
25246924.717	/home/tmp/lucy/apache-lucy-0.6.2/c/sample/mail_index/seg_1/cf.dat	1956271033	1024
25246924.717	/home/tmp/lucy/apache-lucy-0.6.2/c/sample/mail_index/seg_1/cf.dat	1956271968	1024
25246924.717	/home/tmp/lucy/apache-lucy-0.6.2/c/sample/mail_index/seg_1/cf.dat	1956272983	1024
25246924.717	/home/tmp/lucy/apache-lucy-0.6.2/c/sample/mail_index/seg_1/cf.dat	1956273998	1024
25246924.717	/home/tmp/lucy/apache-lucy-0.6.2/c/sample/mail_index/seg_1/cf.dat	1956274937	1024
25246924.717	/home/tmp/lucy/apache-lucy-0.6.2/c/sample/mail_index/seg_1/cf.dat	1956275954	1024
25246924.717	/home/tmp/lucy/apache-lucy-0.6.2/c/sample/mail_index/seg_1/cf.dat	1956276969	1024
25246924.717	/home/tmp/lucy/apache-lucy-0.6.2/c/sample/mail_index/seg_1/cf.dat	1956277839	1024
25246924.717	/home/tmp/lucy/apache-lucy-0.6.2/c/sample/mail_index/seg_1/cf.dat	1956278844	1024
25246924.717	/home/tmp/lucy/apache-lucy-0.6.2/c/sample/mail_index/seg_1/cf.dat	1956279755	1024
25246924.717	/home/tmp/lucy/apache-lucy-0.6.2/c/sample/mail_index/seg_1/cf.dat	1956280765	1024
25246924.717	/home/tmp/lucy/apache-lucy-0.6.2/c/sample/mail_index/seg_1/cf.dat	1956281771	1024
25246924.717	/home/tmp/lucy/apache-lucy-0.6.2/c/sample/mail_index/seg_1/cf.dat	1956282767	1024
25246924.717	/home/tmp/lucy/apache-lucy-0.6.2/c/sample/mail_index/seg_1/cf.dat	1956283691	1024
25246924.717	/home/tmp/lucy/apache-lucy-0.6.2/c/sample/mail_index/seg_1/cf.dat	1956284707	1024
25246924.717	/home/tmp/lucy/apache-lucy-0.6.2/c/sample/mail_index/seg_1/cf.dat	1956285719	1024
25246924.717	/home/tmp/lucy/apache-lucy-0.6.2/c/sample/mail_index/seg_1/cf.dat	1956286715	1024
25246924.717	/home/tmp/lucy/apache-lucy-0.6.2/c/sample/mail_index/seg_1/cf.dat	1956287580	1024
25246924.717	/home/tmp/lucy/apache-lucy-0.6.2/c/sample/mail_index/seg_1/cf.dat	1956288597	1024
25246924.717	/home/tmp/lucy/apache-lucy-0.6.2/c/sample/mail_index/seg_1/cf.dat	1956289475	1024
25246924.717	/home/tmp/lucy/apache-lucy-0.6.2/c/sample/mail_index/seg_1/cf.dat	1956290492	1024
25246924.717	/home/tmp/lucy/apache-lucy-0.6.2/c/sample/mail_index/seg_1/cf.dat	1956291505	1024
25246924.717	/home/tmp/lucy/apache-lucy-0.6.2/c/sample/mail_index/seg_1/cf.dat	1956292428	1024
25246924.717	/home/tmp/lucy/apache-lucy-0.6.2/c/sample/mail_index/seg_1/cf.dat	1956293438	1024
25246924.718	/home/tmp/lucy/apache-lucy-0.6.2/c/sample/mail_index/seg_1/cf.dat	1956294404	1024
25246924.718	/home/tmp/lucy/apache-lucy-0.6.2/c/sample/mail_index/seg_1/cf.dat	1956295410	1024
25246924.718	/home/tmp/lucy/apache-lucy-0.6.2/c/sample/mail_index/seg_1/cf.dat	1956296279	1024
25246924.718	/home/tmp/lucy/apache-lucy-0.6.2/c/sample/mail_index/seg_1/cf.dat	1956297249	1024
25246924.718	/home/tmp/lucy/apache-lucy-0.6.2/c/sample/mail_index/seg_1/cf.dat	1956298200	1024
25246924.718	/home/tmp/lucy/apache-lucy-0.6.2/c/sample/mail_index/seg_1/cf.dat	1956299214	1024
25246924.718	/home/tmp/lucy/apache-lucy-0.6.2/c/sample/mail_index/seg_1/cf.dat	1956300128	1024
25246924.718	/home/tmp/lucy/apache-lucy-0.6.2/c/sample/mail_index/seg_1/cf.dat	1956300753	1024
25246924.718	/home/tmp/lucy/apache-lucy-0.6.2/c/sample/mail_index/seg_1/cf.dat	1956301762	1024
25246924.718	/home/tmp/lucy/apache-lucy-0.6.2/c/sample/mail_index/seg_1/cf.dat	2030769867	1024
25246924.718	/home/tmp/lucy/apache-lucy-0.6.2/c/sample/mail_index/seg_1/cf.dat	1956302777	1024
25246924.718	/home/tmp/lucy/apache-lucy-0.6.2/c/sample/mail_index/seg_1/cf.dat	1956303587	1024
25246924.718	/home/tmp/lucy/apache-lucy-0.6.2/c/sample/mail_index/seg_1/cf.dat	1956304604	1024
25246924.718	/home/tmp/lucy/apache-lucy-0.6.2/c/sample/mail_index/seg_1/cf.dat	1956305328	1024
25246924.718	/home/tmp/lucy/apache-lucy-0.6.2/c/sample/mail_index/seg_1/cf.dat	1956306342	1024
25246924.718	/home/tmp/lucy/apache-lucy-0.6.2/c/sample/mail_index/seg_1/cf.dat	1956307356	1024
25246924.718	/home/tmp/lucy/apache-lucy-0.6.2/c/sample/mail_index/seg_1/cf.dat	1956308322	1024
25246924.718	/home/tmp/lucy/apache-lucy-0.6.2/c/sample/mail_index/seg_1/cf.dat	1956309307	1024
25246924.718	/home/tmp/lucy/apache-lucy-0.6.2/c/sample/mail_index/seg_1/cf.dat	1956310172	1024
25246924.718	/home/tmp/lucy/apache-lucy-0.6.2/c/sample/mail_index/seg_1/cf.dat	1956310914	1024
25246924.718	/home/tmp/lucy/apache-lucy-0.6.2/c/sample/mail_index/seg_1/cf.dat	1956311805	1024
25246924.718	/home/tmp/lucy/apache-lucy-0.6.2/c/sample/mail_index/seg_1/cf.dat	1956312659	1024
25246924.718	/home/tmp/lucy/apache-lucy-0.6.2/c/sample/mail_index/seg_1/cf.dat	1956313518	1024
25246924.718	/home/tmp/lucy/apache-lucy-0.6.2/c/sample/mail_index/seg_1/cf.dat	1956314534	1024
25246924.718	/home/tmp/lucy/apache-lucy-0.6.2/c/sample/mail_index/seg_1/cf.dat	1956315444	1024
25246924.718	/home/tmp/lucy/apache-lucy-0.6.2/c/sample/mail_index/seg_1/cf.dat	1956316287	1024
25246924.718	/home/tmp/lucy/apache-lucy-0.6.2/c/sample/mail_index/seg_1/cf.dat	1956317302	1024
25246924.718	/home/tmp/lucy/apache-lucy-0.6.2/c/sample/mail_index/seg_1/cf.dat	1956318062	1024
25246924.718	/home/tmp/lucy/apache-lucy-0.6.2/c/sample/mail_index/seg_1/cf.dat	1956319079	1024
25246924.718	/home/tmp/lucy/apache-lucy-0.6.2/c/sample/mail_index/seg_1/cf.dat	1956320090	1024
25246924.718	/home/tmp/lucy/apache-lucy-0.6.2/c/sample/mail_index/seg_1/cf.dat	1956321100	1024
25246924.718	/home/tmp/lucy/apache-lucy-0.6.2/c/sample/mail_index/seg_1/cf.dat	1956321878	1024
25246924.718	/home/tmp/lucy/apache-lucy-0.6.2/c/sample/mail_index/seg_1/cf.dat	1956322735	1024
25246924.718	/home/tmp/lucy/apache-lucy-0.6.2/c/sample/mail_index/seg_1/cf.dat	1956323750	1024
25246924.718	/home/tmp/lucy/apache-lucy-0.6.2/c/sample/mail_index/seg_1/cf.dat	1956324590	1024
25246924.718	/home/tmp/lucy/apache-lucy-0.6.2/c/sample/mail_index/seg_1/cf.dat	1956325556	1024
25246924.718	/home/tmp/lucy/apache-lucy-0.6.2/c/sample/mail_index/seg_1/cf.dat	1956326484	1024
25246924.718	/home/tmp/lucy/apache-lucy-0.6.2/c/sample/mail_index/seg_1/cf.dat	1956327429	1024
25246924.718	/home/tmp/lucy/apache-lucy-0.6.2/c/sample/mail_index/seg_1/cf.dat	1956328439	1024
25246924.718	/home/tmp/lucy/apache-lucy-0.6.2/c/sample/mail_index/seg_1/cf.dat	1956329137	1024
25246924.718	/home/tmp/lucy/apache-lucy-0.6.2/c/sample/mail_index/seg_1/cf.dat	1956329989	1024
25246924.718	/home/tmp/lucy/apache-lucy-0.6.2/c/sample/mail_index/seg_1/cf.dat	1956331005	1024
25246924.719	/home/tmp/lucy/apache-lucy-0.6.2/c/sample/mail_index/seg_1/cf.dat	1956331874	1024
25246924.719	/home/tmp/lucy/apache-lucy-0.6.2/c/sample/mail_index/seg_1/cf.dat	1956332865	1024
25246924.719	/home/tmp/lucy/apache-lucy-0.6.2/c/sample/mail_index/seg_1/cf.dat	1956333805	1024
25246924.719	/home/tmp/lucy/apache-lucy-0.6.2/c/sample/mail_index/seg_1/cf.dat	1956334673	1024
25246924.719	/home/tmp/lucy/apache-lucy-0.6.2/c/sample/mail_index/seg_1/cf.dat	1956335532	1024
25246924.719	/home/tmp/lucy/apache-lucy-0.6.2/c/sample/mail_index/seg_1/cf.dat	1956336420	1024
25246924.719	/home/tmp/lucy/apache-lucy-0.6.2/c/sample/mail_index/seg_1/cf.dat	1956337424	1024
25246924.719	/home/tmp/lucy/apache-lucy-0.6.2/c/sample/mail_index/seg_1/cf.dat	1956338307	1024
25246924.719	/home/tmp/lucy/apache-lucy-0.6.2/c/sample/mail_index/seg_1/cf.dat	1956339292	1024
25246924.719	/home/tmp/lucy/apache-lucy-0.6.2/c/sample/mail_index/seg_1/cf.dat	1956340290	1024
25246924.719	/home/tmp/lucy/apache-lucy-0.6.2/c/sample/mail_index/seg_1/cf.dat	1956341143	1024
25246924.719	/home/tmp/lucy/apache-lucy-0.6.2/c/sample/mail_index/seg_1/cf.dat	1956341787	1024
25246924.719	/home/tmp/lucy/apache-lucy-0.6.2/c/sample/mail_index/seg_1/cf.dat	1956342794	1024
25246924.719	/home/tmp/lucy/apache-lucy-0.6.2/c/sample/mail_index/seg_1/cf.dat	1956343811	1024
25246924.719	/home/tmp/lucy/apache-lucy-0.6.2/c/sample/mail_index/seg_1/cf.dat	1956344643	1024
25246924.719	/home/tmp/lucy/apache-lucy-0.6.2/c/sample/mail_index/seg_1/cf.dat	1956345581	1024
25246924.719	/home/tmp/lucy/apache-lucy-0.6.2/c/sample/mail_index/seg_1/cf.dat	1956346541	1024
25246924.719	/home/tmp/lucy/apache-lucy-0.6.2/c/sample/mail_index/seg_1/cf.dat	1956347487	1024
25246924.719	/home/tmp/lucy/apache-lucy-0.6.2/c/sample/mail_index/seg_1/cf.dat	1956348462	1024
25246924.719	/home/tmp/lucy/apache-lucy-0.6.2/c/sample/mail_index/seg_1/cf.dat	1956349390	1024
25246924.719	/home/tmp/lucy/apache-lucy-0.6.2/c/sample/mail_index/seg_1/cf.dat	1956350401	1024
25246924.719	/home/tmp/lucy/apache-lucy-0.6.2/c/sample/mail_index/seg_1/cf.dat	1956351413	1024
25246924.719	/home/tmp/lucy/apache-lucy-0.6.2/c/sample/mail_index/seg_1/cf.dat	1956352295	1024
25246924.719	/home/tmp/lucy/apache-lucy-0.6.2/c/sample/mail_index/seg_1/cf.dat	1956353281	1024
25246924.719	/home/tmp/lucy/apache-lucy-0.6.2/c/sample/mail_index/seg_1/cf.dat	1956354068	1024
25246924.719	/home/tmp/lucy/apache-lucy-0.6.2/c/sample/mail_index/seg_1/cf.dat	1956354999	1024
25246924.719	/home/tmp/lucy/apache-lucy-0.6.2/c/sample/mail_index/seg_1/cf.dat	1956355366	1024
25246924.719	/home/tmp/lucy/apache-lucy-0.6.2/c/sample/mail_index/seg_1/cf.dat	1956356225	1024
25246924.719	/home/tmp/lucy/apache-lucy-0.6.2/c/sample/mail_index/seg_1/cf.dat	1956357205	1024
25246924.719	/home/tmp/lucy/apache-lucy-0.6.2/c/sample/mail_index/seg_1/cf.dat	1956358169	1024
25246924.719	/home/tmp/lucy/apache-lucy-0.6.2/c/sample/mail_index/seg_1/cf.dat	1956359143	1024
25246924.719	/home/tmp/lucy/apache-lucy-0.6.2/c/sample/mail_index/seg_1/cf.dat	1956360062	1024
25246924.719	/home/tmp/lucy/apache-lucy-0.6.2/c/sample/mail_index/seg_1/cf.dat	2030770891	1024
25246924.719	/home/tmp/lucy/apache-lucy-0.6.2/c/sample/mail_index/seg_1/cf.dat	1956361079	1024
25246924.719	/home/tmp/lucy/apache-lucy-0.6.2/c/sample/mail_index/seg_1/cf.dat	1956362092	1024
25246924.719	/home/tmp/lucy/apache-lucy-0.6.2/c/sample/mail_index/seg_1/cf.dat	1956363098	1024
25246924.719	/home/tmp/lucy/apache-lucy-0.6.2/c/sample/mail_index/seg_1/cf.dat	1956364112	1024
25246924.719	/home/tmp/lucy/apache-lucy-0.6.2/c/sample/mail_index/seg_1/cf.dat	1956365127	1024
25246924.719	/home/tmp/lucy/apache-lucy-0.6.2/c/sample/mail_index/seg_1/cf.dat	1956366137	1024
25246924.719	/home/tmp/lucy/apache-lucy-0.6.2/c/sample/mail_index/seg_1/cf.dat	1956367151	1024
25246924.719	/home/tmp/lucy/apache-lucy-0.6.2/c/sample/mail_index/seg_1/cf.dat	1956368166	1024
25246924.719	/home/tmp/lucy/apache-lucy-0.6.2/c/sample/mail_index/seg_1/cf.dat	1956369173	1024
25246924.720	/home/tmp/lucy/apache-lucy-0.6.2/c/sample/mail_index/seg_1/cf.dat	1956370186	1024
25246924.720	/home/tmp/lucy/apache-lucy-0.6.2/c/sample/mail_index/seg_1/cf.dat	1956371177	1024
25246924.720	/home/tmp/lucy/apache-lucy-0.6.2/c/sample/mail_index/seg_1/cf.dat	1956372193	1024
25246924.720	/home/tmp/lucy/apache-lucy-0.6.2/c/sample/mail_index/seg_1/cf.dat	1956373200	1024
25246924.720	/home/tmp/lucy/apache-lucy-0.6.2/c/sample/mail_index/seg_1/cf.dat	1956374217	1024
25246924.720	/home/tmp/lucy/apache-lucy-0.6.2/c/sample/mail_index/seg_1/cf.dat	1956375231	1024
25246924.720	/home/tmp/lucy/apache-lucy-0.6.2/c/sample/mail_index/seg_1/cf.dat	1956376245	1024
25246924.720	/home/tmp/lucy/apache-lucy-0.6.2/c/sample/mail_index/seg_1/cf.dat	1956377262	1024
25246924.720	/home/tmp/lucy/apache-lucy-0.6.2/c/sample/mail_index/seg_1/cf.dat	1956378277	1024
25246924.720	/home/tmp/lucy/apache-lucy-0.6.2/c/sample/mail_index/seg_1/cf.dat	1956379281	1024
25246924.720	/home/tmp/lucy/apache-lucy-0.6.2/c/sample/mail_index/seg_1/cf.dat	1956380288	1024
25246924.720	/home/tmp/lucy/apache-lucy-0.6.2/c/sample/mail_index/seg_1/cf.dat	1956381299	1024
25246924.720	/home/tmp/lucy/apache-lucy-0.6.2/c/sample/mail_index/seg_1/cf.dat	1956382313	1024
25246924.720	/home/tmp/lucy/apache-lucy-0.6.2/c/sample/mail_index/seg_1/cf.dat	1956383323	1024
25246924.720	/home/tmp/lucy/apache-lucy-0.6.2/c/sample/mail_index/seg_1/cf.dat	1956384339	1024
25246924.720	/home/tmp/lucy/apache-lucy-0.6.2/c/sample/mail_index/seg_1/cf.dat	1956385356	1024
25246924.720	/home/tmp/lucy/apache-lucy-0.6.2/c/sample/mail_index/seg_1/cf.dat	1956386369	1024
25246924.720	/home/tmp/lucy/apache-lucy-0.6.2/c/sample/mail_index/seg_1/cf.dat	1956387383	1024
25246924.720	/home/tmp/lucy/apache-lucy-0.6.2/c/sample/mail_index/seg_1/cf.dat	1956388400	1024
25246924.720	/home/tmp/lucy/apache-lucy-0.6.2/c/sample/mail_index/seg_1/cf.dat	1956389396	1024
25246924.720	/home/tmp/lucy/apache-lucy-0.6.2/c/sample/mail_index/seg_1/cf.dat	1956390392	1024
25246924.720	/home/tmp/lucy/apache-lucy-0.6.2/c/sample/mail_index/seg_1/cf.dat	1956391408	1024
25246924.720	/home/tmp/lucy/apache-lucy-0.6.2/c/sample/mail_index/seg_1/cf.dat	1956392419	1024
25246924.720	/home/tmp/lucy/apache-lucy-0.6.2/c/sample/mail_index/seg_1/cf.dat	1956393434	1024
25246924.720	/home/tmp/lucy/apache-lucy-0.6.2/c/sample/mail_index/seg_1/cf.dat	1956394292	1024
25246924.720	/home/tmp/lucy/apache-lucy-0.6.2/c/sample/mail_index/seg_1/cf.dat	1956395196	1024
25246924.720	/home/tmp/lucy/apache-lucy-0.6.2/c/sample/mail_index/seg_1/cf.dat	1956396018	1024
25246924.720	/home/tmp/lucy/apache-lucy-0.6.2/c/sample/mail_index/seg_1/cf.dat	1956396676	1024
25246924.720	/home/tmp/lucy/apache-lucy-0.6.2/c/sample/mail_index/seg_1/cf.dat	1956397622	1024
25246924.720	/home/tmp/lucy/apache-lucy-0.6.2/c/sample/mail_index/seg_1/cf.dat	1956398636	1024
25246924.720	/home/tmp/lucy/apache-lucy-0.6.2/c/sample/mail_index/seg_1/cf.dat	1956399651	1024
25246924.720	/home/tmp/lucy/apache-lucy-0.6.2/c/sample/mail_index/seg_1/cf.dat	1956400654	1024
25246924.720	/home/tmp/lucy/apache-lucy-0.6.2/c/sample/mail_index/seg_1/cf.dat	1956401653	1024
25246924.721	/home/tmp/lucy/apache-lucy-0.6.2/c/sample/mail_index/seg_1/cf.dat	1956402667	1024
25246924.721	/home/tmp/lucy/apache-lucy-0.6.2/c/sample/mail_index/seg_1/cf.dat	1956403609	1024
25246924.721	/home/tmp/lucy/apache-lucy-0.6.2/c/sample/mail_index/seg_1/cf.dat	1956404618	1024
25246924.721	/home/tmp/lucy/apache-lucy-0.6.2/c/sample/mail_index/seg_1/cf.dat	1956405633	1024
25246924.721	/home/tmp/lucy/apache-lucy-0.6.2/c/sample/mail_index/seg_1/cf.dat	1956406605	1024
25246924.721	/home/tmp/lucy/apache-lucy-0.6.2/c/sample/mail_index/seg_1/cf.dat	1956407620	1024
25246924.721	/home/tmp/lucy/apache-lucy-0.6.2/c/sample/mail_index/seg_1/cf.dat	2030771915	1024
25246924.721	/home/tmp/lucy/apache-lucy-0.6.2/c/sample/mail_index/seg_1/cf.dat	1956408623	1024
25246924.721	/home/tmp/lucy/apache-lucy-0.6.2/c/sample/mail_index/seg_1/cf.dat	1956409598	1024
25246924.721	/home/tmp/lucy/apache-lucy-0.6.2/c/sample/mail_index/seg_1/cf.dat	1956410594	1024
25246924.721	/home/tmp/lucy/apache-lucy-0.6.2/c/sample/mail_index/seg_1/cf.dat	1956411581	1024
25246924.721	/home/tmp/lucy/apache-lucy-0.6.2/c/sample/mail_index/seg_1/cf.dat	1956412596	1024
25246924.721	/home/tmp/lucy/apache-lucy-0.6.2/c/sample/mail_index/seg_1/cf.dat	1956413610	1024
25246924.721	/home/tmp/lucy/apache-lucy-0.6.2/c/sample/mail_index/seg_1/cf.dat	1956414624	1024
25246924.721	/home/tmp/lucy/apache-lucy-0.6.2/c/sample/mail_index/seg_1/cf.dat	1956415638	1024
25246924.721	/home/tmp/lucy/apache-lucy-0.6.2/c/sample/mail_index/seg_1/cf.dat	1956416654	1024
25246924.721	/home/tmp/lucy/apache-lucy-0.6.2/c/sample/mail_index/seg_1/cf.dat	1956417668	1024
25246924.721	/home/tmp/lucy/apache-lucy-0.6.2/c/sample/mail_index/seg_1/cf.dat	1956418664	1024
25246924.721	/home/tmp/lucy/apache-lucy-0.6.2/c/sample/mail_index/seg_1/cf.dat	1956419680	1024
25246924.721	/home/tmp/lucy/apache-lucy-0.6.2/c/sample/mail_index/seg_1/cf.dat	1956420696	1024
25246924.721	/home/tmp/lucy/apache-lucy-0.6.2/c/sample/mail_index/seg_1/cf.dat	1956421711	1024
25246924.721	/home/tmp/lucy/apache-lucy-0.6.2/c/sample/mail_index/seg_1/cf.dat	1956422717	1024
25246924.721	/home/tmp/lucy/apache-lucy-0.6.2/c/sample/mail_index/seg_1/cf.dat	1956423719	1024
25246924.721	/home/tmp/lucy/apache-lucy-0.6.2/c/sample/mail_index/seg_1/cf.dat	1956424734	1024
25246924.721	/home/tmp/lucy/apache-lucy-0.6.2/c/sample/mail_index/seg_1/cf.dat	1956425749	1024
25246924.721	/home/tmp/lucy/apache-lucy-0.6.2/c/sample/mail_index/seg_1/cf.dat	1956426764	1024
25246924.721	/home/tmp/lucy/apache-lucy-0.6.2/c/sample/mail_index/seg_1/cf.dat	1956427780	1024
25246924.721	/home/tmp/lucy/apache-lucy-0.6.2/c/sample/mail_index/seg_1/cf.dat	1956428721	1024
25246924.721	/home/tmp/lucy/apache-lucy-0.6.2/c/sample/mail_index/seg_1/cf.dat	1956429735	1024
25246924.721	/home/tmp/lucy/apache-lucy-0.6.2/c/sample/mail_index/seg_1/cf.dat	1956430673	1024
25246924.721	/home/tmp/lucy/apache-lucy-0.6.2/c/sample/mail_index/seg_1/cf.dat	1956431689	1024
25246924.721	/home/tmp/lucy/apache-lucy-0.6.2/c/sample/mail_index/seg_1/cf.dat	1956432566	1024
25246924.722	/home/tmp/lucy/apache-lucy-0.6.2/c/sample/mail_index/seg_1/cf.dat	1956433571	1024
25246924.722	/home/tmp/lucy/apache-lucy-0.6.2/c/sample/mail_index/seg_1/cf.dat	1956434585	1024
25246924.722	/home/tmp/lucy/apache-lucy-0.6.2/c/sample/mail_index/seg_1/cf.dat	1956435591	1024
25246924.722	/home/tmp/lucy/apache-lucy-0.6.2/c/sample/mail_index/seg_1/cf.dat	1956436607	1024
25246924.722	/home/tmp/lucy/apache-lucy-0.6.2/c/sample/mail_index/seg_1/cf.dat	1956437568	1024
25246924.722	/home/tmp/lucy/apache-lucy-0.6.2/c/sample/mail_index/seg_1/cf.dat	1956438583	1024
25246924.722	/home/tmp/lucy/apache-lucy-0.6.2/c/sample/mail_index/seg_1/cf.dat	1956439598	1024
25246924.722	/home/tmp/lucy/apache-lucy-0.6.2/c/sample/mail_index/seg_1/cf.dat	1956440612	1024
25246924.722	/home/tmp/lucy/apache-lucy-0.6.2/c/sample/mail_index/seg_1/cf.dat	1956441622	1024
25246924.722	/home/tmp/lucy/apache-lucy-0.6.2/c/sample/mail_index/seg_1/cf.dat	1956442639	1024
25246924.722	/home/tmp/lucy/apache-lucy-0.6.2/c/sample/mail_index/seg_1/cf.dat	1956443653	1024
25246924.722	/home/tmp/lucy/apache-lucy-0.6.2/c/sample/mail_index/seg_1/cf.dat	1956444613	1024
25246924.722	/home/tmp/lucy/apache-lucy-0.6.2/c/sample/mail_index/seg_1/cf.dat	1956445600	1024
25246924.722	/home/tmp/lucy/apache-lucy-0.6.2/c/sample/mail_index/seg_1/cf.dat	1956446617	1024
25246924.722	/home/tmp/lucy/apache-lucy-0.6.2/c/sample/mail_index/seg_1/cf.dat	1956447629	1024
25246924.722	/home/tmp/lucy/apache-lucy-0.6.2/c/sample/mail_index/seg_1/cf.dat	1956448643	1024
25246924.722	/home/tmp/lucy/apache-lucy-0.6.2/c/sample/mail_index/seg_1/cf.dat	1956449660	1024
25246924.722	/home/tmp/lucy/apache-lucy-0.6.2/c/sample/mail_index/seg_1/cf.dat	1956450677	1024
25246924.722	/home/tmp/lucy/apache-lucy-0.6.2/c/sample/mail_index/seg_1/cf.dat	1956451691	1024
25246924.722	/home/tmp/lucy/apache-lucy-0.6.2/c/sample/mail_index/seg_1/cf.dat	2030772939	1024
25246924.722	/home/tmp/lucy/apache-lucy-0.6.2/c/sample/mail_index/seg_1/cf.dat	1956452693	1024
25246924.722	/home/tmp/lucy/apache-lucy-0.6.2/c/sample/mail_index/seg_1/cf.dat	1956453710	1024
25246924.722	/home/tmp/lucy/apache-lucy-0.6.2/c/sample/mail_index/seg_1/cf.dat	1956454726	1024
25246924.722	/home/tmp/lucy/apache-lucy-0.6.2/c/sample/mail_index/seg_1/cf.dat	1956455739	1024
25246924.722	/home/tmp/lucy/apache-lucy-0.6.2/c/sample/mail_index/seg_1/cf.dat	1956456756	1024
25246924.722	/home/tmp/lucy/apache-lucy-0.6.2/c/sample/mail_index/seg_1/cf.dat	1956457771	1024
25246924.722	/home/tmp/lucy/apache-lucy-0.6.2/c/sample/mail_index/seg_1/cf.dat	1956458787	1024
25246924.722	/home/tmp/lucy/apache-lucy-0.6.2/c/sample/mail_index/seg_1/cf.dat	1956459797	1024
25246924.722	/home/tmp/lucy/apache-lucy-0.6.2/c/sample/mail_index/seg_1/cf.dat	1956460811	1024
25246924.722	/home/tmp/lucy/apache-lucy-0.6.2/c/sample/mail_index/seg_1/cf.dat	1956461826	1024
25246924.722	/home/tmp/lucy/apache-lucy-0.6.2/c/sample/mail_index/seg_1/cf.dat	1956462686	1024
25246924.722	/home/tmp/lucy/apache-lucy-0.6.2/c/sample/mail_index/seg_1/cf.dat	1956463695	1024
25246924.723	/home/tmp/lucy/apache-lucy-0.6.2/c/sample/mail_index/seg_1/cf.dat	1956464697	1024
25246924.723	/home/tmp/lucy/apache-lucy-0.6.2/c/sample/mail_index/seg_1/cf.dat	1956465710	1024
25246924.723	/home/tmp/lucy/apache-lucy-0.6.2/c/sample/mail_index/seg_1/cf.dat	1956466726	1024
25246924.723	/home/tmp/lucy/apache-lucy-0.6.2/c/sample/mail_index/seg_1/cf.dat	1956467740	1024
25246924.723	/home/tmp/lucy/apache-lucy-0.6.2/c/sample/mail_index/seg_1/cf.dat	1956468757	1024
25246924.723	/home/tmp/lucy/apache-lucy-0.6.2/c/sample/mail_index/seg_1/cf.dat	1956469766	1024
25246924.723	/home/tmp/lucy/apache-lucy-0.6.2/c/sample/mail_index/seg_1/cf.dat	1956470776	1024
25246924.723	/home/tmp/lucy/apache-lucy-0.6.2/c/sample/mail_index/seg_1/cf.dat	1956471783	1024
25246924.723	/home/tmp/lucy/apache-lucy-0.6.2/c/sample/mail_index/seg_1/cf.dat	1956472791	1024
25246924.723	/home/tmp/lucy/apache-lucy-0.6.2/c/sample/mail_index/seg_1/cf.dat	1956473801	1024
25246924.723	/home/tmp/lucy/apache-lucy-0.6.2/c/sample/mail_index/seg_1/cf.dat	1956474816	1024
25246924.723	/home/tmp/lucy/apache-lucy-0.6.2/c/sample/mail_index/seg_1/cf.dat	1956475817	1024
25246924.723	/home/tmp/lucy/apache-lucy-0.6.2/c/sample/mail_index/seg_1/cf.dat	1956476831	1024
25246924.723	/home/tmp/lucy/apache-lucy-0.6.2/c/sample/mail_index/seg_1/cf.dat	1956477843	1024
25246924.723	/home/tmp/lucy/apache-lucy-0.6.2/c/sample/mail_index/seg_1/cf.dat	1956478858	1024
25246924.723	/home/tmp/lucy/apache-lucy-0.6.2/c/sample/mail_index/seg_1/cf.dat	1956479867	1024
25246924.723	/home/tmp/lucy/apache-lucy-0.6.2/c/sample/mail_index/seg_1/cf.dat	1956480882	1024
25246924.723	/home/tmp/lucy/apache-lucy-0.6.2/c/sample/mail_index/seg_1/cf.dat	1956481898	1024
25246924.723	/home/tmp/lucy/apache-lucy-0.6.2/c/sample/mail_index/seg_1/cf.dat	1956482894	1024
25246924.723	/home/tmp/lucy/apache-lucy-0.6.2/c/sample/mail_index/seg_1/cf.dat	1956483904	1024
25246924.723	/home/tmp/lucy/apache-lucy-0.6.2/c/sample/mail_index/seg_1/cf.dat	1956484918	1024
25246924.723	/home/tmp/lucy/apache-lucy-0.6.2/c/sample/mail_index/seg_1/cf.dat	1956485934	1024
25246924.723	/home/tmp/lucy/apache-lucy-0.6.2/c/sample/mail_index/seg_1/cf.dat	1956486948	1024
25246924.723	/home/tmp/lucy/apache-lucy-0.6.2/c/sample/mail_index/seg_1/cf.dat	1956487964	1024
25246924.723	/home/tmp/lucy/apache-lucy-0.6.2/c/sample/mail_index/seg_1/cf.dat	1956488979	1024
25246924.723	/home/tmp/lucy/apache-lucy-0.6.2/c/sample/mail_index/seg_1/cf.dat	1956489994	1024
25246924.723	/home/tmp/lucy/apache-lucy-0.6.2/c/sample/mail_index/seg_1/cf.dat	1956491008	1024
25246924.723	/home/tmp/lucy/apache-lucy-0.6.2/c/sample/mail_index/seg_1/cf.dat	1956492025	1024
25246924.723	/home/tmp/lucy/apache-lucy-0.6.2/c/sample/mail_index/seg_1/cf.dat	1956493006	1024
25246924.723	/home/tmp/lucy/apache-lucy-0.6.2/c/sample/mail_index/seg_1/cf.dat	2030773963	1024
25246924.723	/home/tmp/lucy/apache-lucy-0.6.2/c/sample/mail_index/seg_1/cf.dat	1956494011	1024
25246924.724	/home/tmp/lucy/apache-lucy-0.6.2/c/sample/mail_index/seg_1/cf.dat	1956495028	1024
25246924.724	/home/tmp/lucy/apache-lucy-0.6.2/c/sample/mail_index/seg_1/cf.dat	1956496031	1024
25246924.724	/home/tmp/lucy/apache-lucy-0.6.2/c/sample/mail_index/seg_1/cf.dat	1956497045	1024
25246924.724	/home/tmp/lucy/apache-lucy-0.6.2/c/sample/mail_index/seg_1/cf.dat	1956498061	1024
25246924.724	/home/tmp/lucy/apache-lucy-0.6.2/c/sample/mail_index/seg_1/cf.dat	1956499077	1024
25246924.724	/home/tmp/lucy/apache-lucy-0.6.2/c/sample/mail_index/seg_1/cf.dat	1956500089	1024
25246924.724	/home/tmp/lucy/apache-lucy-0.6.2/c/sample/mail_index/seg_1/cf.dat	1956501105	1024
25246924.724	/home/tmp/lucy/apache-lucy-0.6.2/c/sample/mail_index/seg_1/cf.dat	1956502120	1024
25246924.724	/home/tmp/lucy/apache-lucy-0.6.2/c/sample/mail_index/seg_1/cf.dat	1956503129	1024
25246924.724	/home/tmp/lucy/apache-lucy-0.6.2/c/sample/mail_index/seg_1/cf.dat	1956504133	1024
25246924.724	/home/tmp/lucy/apache-lucy-0.6.2/c/sample/mail_index/seg_1/cf.dat	1956505135	1024
25246924.724	/home/tmp/lucy/apache-lucy-0.6.2/c/sample/mail_index/seg_1/cf.dat	1956506125	1024
25246924.724	/home/tmp/lucy/apache-lucy-0.6.2/c/sample/mail_index/seg_1/cf.dat	1956507126	1024
25246924.724	/home/tmp/lucy/apache-lucy-0.6.2/c/sample/mail_index/seg_1/cf.dat	1956508072	1024
25246924.724	/home/tmp/lucy/apache-lucy-0.6.2/c/sample/mail_index/seg_1/cf.dat	1956509079	1024
25246924.724	/home/tmp/lucy/apache-lucy-0.6.2/c/sample/mail_index/seg_1/cf.dat	1956510075	1024
25246924.724	/home/tmp/lucy/apache-lucy-0.6.2/c/sample/mail_index/seg_1/cf.dat	1956511090	1024
25246924.724	/home/tmp/lucy/apache-lucy-0.6.2/c/sample/mail_index/seg_1/cf.dat	1956512068	1024
25246924.724	/home/tmp/lucy/apache-lucy-0.6.2/c/sample/mail_index/seg_1/cf.dat	1956513065	1024
25246924.724	/home/tmp/lucy/apache-lucy-0.6.2/c/sample/mail_index/seg_1/cf.dat	1956514025	1024
25246924.724	/home/tmp/lucy/apache-lucy-0.6.2/c/sample/mail_index/seg_1/cf.dat	1956515040	1024
25246924.724	/home/tmp/lucy/apache-lucy-0.6.2/c/sample/mail_index/seg_1/cf.dat	1956515997	1024
25246924.724	/home/tmp/lucy/apache-lucy-0.6.2/c/sample/mail_index/seg_1/cf.dat	1956517014	1024
25246924.724	/home/tmp/lucy/apache-lucy-0.6.2/c/sample/mail_index/seg_1/cf.dat	1956518028	1024
25246924.724	/home/tmp/lucy/apache-lucy-0.6.2/c/sample/mail_index/seg_1/cf.dat	1956518996	1024
25246924.724	/home/tmp/lucy/apache-lucy-0.6.2/c/sample/mail_index/seg_1/cf.dat	1956519979	1024
25246924.724	/home/tmp/lucy/apache-lucy-0.6.2/c/sample/mail_index/seg_1/cf.dat	1956520983	1024
25246924.724	/home/tmp/lucy/apache-lucy-0.6.2/c/sample/mail_index/seg_1/cf.dat	1956521974	1024
25246924.724	/home/tmp/lucy/apache-lucy-0.6.2/c/sample/mail_index/seg_1/cf.dat	1956522989	1024
25246924.724	/home/tmp/lucy/apache-lucy-0.6.2/c/sample/mail_index/seg_1/cf.dat	1956524000	1024
25246924.724	/home/tmp/lucy/apache-lucy-0.6.2/c/sample/mail_index/seg_1/cf.dat	1956525014	1024
25246924.724	/home/tmp/lucy/apache-lucy-0.6.2/c/sample/mail_index/seg_1/cf.dat	1956526031	1024
25246924.725	/home/tmp/lucy/apache-lucy-0.6.2/c/sample/mail_index/seg_1/cf.dat	1956527048	1024
25246924.725	/home/tmp/lucy/apache-lucy-0.6.2/c/sample/mail_index/seg_1/cf.dat	1956528049	1024
25246924.725	/home/tmp/lucy/apache-lucy-0.6.2/c/sample/mail_index/seg_1/cf.dat	1956529056	1024
25246924.725	/home/tmp/lucy/apache-lucy-0.6.2/c/sample/mail_index/seg_1/cf.dat	1956530070	1024
25246924.725	/home/tmp/lucy/apache-lucy-0.6.2/c/sample/mail_index/seg_1/cf.dat	1956530913	1024
25246924.725	/home/tmp/lucy/apache-lucy-0.6.2/c/sample/mail_index/seg_1/cf.dat	1956531929	1024
25246924.725	/home/tmp/lucy/apache-lucy-0.6.2/c/sample/mail_index/seg_1/cf.dat	1956532944	1024
25246924.725	/home/tmp/lucy/apache-lucy-0.6.2/c/sample/mail_index/seg_1/cf.dat	1956533960	1024
25246924.725	/home/tmp/lucy/apache-lucy-0.6.2/c/sample/mail_index/seg_1/cf.dat	1956534936	1024
25246924.725	/home/tmp/lucy/apache-lucy-0.6.2/c/sample/mail_index/seg_1/cf.dat	1956535902	1024
25246924.725	/home/tmp/lucy/apache-lucy-0.6.2/c/sample/mail_index/seg_1/cf.dat	1956536917	1024
25246924.725	/home/tmp/lucy/apache-lucy-0.6.2/c/sample/mail_index/seg_1/cf.dat	1956537847	1024
25246924.725	/home/tmp/lucy/apache-lucy-0.6.2/c/sample/mail_index/seg_1/cf.dat	2030774987	1024
25246924.725	/home/tmp/lucy/apache-lucy-0.6.2/c/sample/mail_index/seg_1/cf.dat	1956538861	1024
25246924.725	/home/tmp/lucy/apache-lucy-0.6.2/c/sample/mail_index/seg_1/cf.dat	1956539809	1024
25246924.725	/home/tmp/lucy/apache-lucy-0.6.2/c/sample/mail_index/seg_1/cf.dat	1956540823	1024
25246924.725	/home/tmp/lucy/apache-lucy-0.6.2/c/sample/mail_index/seg_1/cf.dat	1956541734	1024
25246924.725	/home/tmp/lucy/apache-lucy-0.6.2/c/sample/mail_index/seg_1/cf.dat	1956542737	1024
25246924.725	/home/tmp/lucy/apache-lucy-0.6.2/c/sample/mail_index/seg_1/cf.dat	1956543722	1024
25246924.725	/home/tmp/lucy/apache-lucy-0.6.2/c/sample/mail_index/seg_1/cf.dat	1956544738	1024
25246924.725	/home/tmp/lucy/apache-lucy-0.6.2/c/sample/mail_index/seg_1/cf.dat	1956545686	1024
25246924.725	/home/tmp/lucy/apache-lucy-0.6.2/c/sample/mail_index/seg_1/cf.dat	1956546654	1024
25246924.725	/home/tmp/lucy/apache-lucy-0.6.2/c/sample/mail_index/seg_1/cf.dat	1956547590	1024
25246924.725	/home/tmp/lucy/apache-lucy-0.6.2/c/sample/mail_index/seg_1/cf.dat	1956548509	1024
25246924.725	/home/tmp/lucy/apache-lucy-0.6.2/c/sample/mail_index/seg_1/cf.dat	1956549524	1024
25246924.725	/home/tmp/lucy/apache-lucy-0.6.2/c/sample/mail_index/seg_1/cf.dat	1956550540	1024
25246924.725	/home/tmp/lucy/apache-lucy-0.6.2/c/sample/mail_index/seg_1/cf.dat	1956551554	1024
25246924.725	/home/tmp/lucy/apache-lucy-0.6.2/c/sample/mail_index/seg_1/cf.dat	1956552571	1024
25246924.725	/home/tmp/lucy/apache-lucy-0.6.2/c/sample/mail_index/seg_1/cf.dat	1956553587	1024
25246924.725	/home/tmp/lucy/apache-lucy-0.6.2/c/sample/mail_index/seg_1/cf.dat	1956554602	1024
25246924.725	/home/tmp/lucy/apache-lucy-0.6.2/c/sample/mail_index/seg_1/cf.dat	1956555463	1024
25246924.725	/home/tmp/lucy/apache-lucy-0.6.2/c/sample/mail_index/seg_1/cf.dat	1956556478	1024
25246924.725	/home/tmp/lucy/apache-lucy-0.6.2/c/sample/mail_index/seg_1/cf.dat	1956557488	1024
25246924.725	/home/tmp/lucy/apache-lucy-0.6.2/c/sample/mail_index/seg_1/cf.dat	1956558503	1024
25246924.725	/home/tmp/lucy/apache-lucy-0.6.2/c/sample/mail_index/seg_1/cf.dat	1956559512	1024
25246924.726	/home/tmp/lucy/apache-lucy-0.6.2/c/sample/mail_index/seg_1/cf.dat	1956560511	1024
25246924.726	/home/tmp/lucy/apache-lucy-0.6.2/c/sample/mail_index/seg_1/cf.dat	1956561512	1024
25246924.726	/home/tmp/lucy/apache-lucy-0.6.2/c/sample/mail_index/seg_1/cf.dat	1956562512	1024
25246924.726	/home/tmp/lucy/apache-lucy-0.6.2/c/sample/mail_index/seg_1/cf.dat	1956563520	1024
25246924.726	/home/tmp/lucy/apache-lucy-0.6.2/c/sample/mail_index/seg_1/cf.dat	1956564534	1024
25246924.726	/home/tmp/lucy/apache-lucy-0.6.2/c/sample/mail_index/seg_1/cf.dat	1956565534	1024
25246924.726	/home/tmp/lucy/apache-lucy-0.6.2/c/sample/mail_index/seg_1/cf.dat	1956566548	1024
25246924.726	/home/tmp/lucy/apache-lucy-0.6.2/c/sample/mail_index/seg_1/cf.dat	1956567562	1024
25246924.726	/home/tmp/lucy/apache-lucy-0.6.2/c/sample/mail_index/seg_1/cf.dat	1956568579	1024
25246924.726	/home/tmp/lucy/apache-lucy-0.6.2/c/sample/mail_index/seg_1/cf.dat	1956569587	1024
25246924.726	/home/tmp/lucy/apache-lucy-0.6.2/c/sample/mail_index/seg_1/cf.dat	1956570583	1024
25246924.726	/home/tmp/lucy/apache-lucy-0.6.2/c/sample/mail_index/seg_1/cf.dat	1956571600	1024
25246924.726	/home/tmp/lucy/apache-lucy-0.6.2/c/sample/mail_index/seg_1/cf.dat	1956572606	1024
25246924.726	/home/tmp/lucy/apache-lucy-0.6.2/c/sample/mail_index/seg_1/cf.dat	1956573624	1024
25246924.726	/home/tmp/lucy/apache-lucy-0.6.2/c/sample/mail_index/seg_1/cf.dat	1956574627	1024
25246924.726	/home/tmp/lucy/apache-lucy-0.6.2/c/sample/mail_index/seg_1/cf.dat	1956575642	1024
25246924.726	/home/tmp/lucy/apache-lucy-0.6.2/c/sample/mail_index/seg_1/cf.dat	1956576657	1024
25246924.726	/home/tmp/lucy/apache-lucy-0.6.2/c/sample/mail_index/seg_1/cf.dat	1956577672	1024
25246924.726	/home/tmp/lucy/apache-lucy-0.6.2/c/sample/mail_index/seg_1/cf.dat	1956578686	1024
25246924.726	/home/tmp/lucy/apache-lucy-0.6.2/c/sample/mail_index/seg_1/cf.dat	1956579676	1024
25246924.726	/home/tmp/lucy/apache-lucy-0.6.2/c/sample/mail_index/seg_1/cf.dat	1956580690	1024
25246924.726	/home/tmp/lucy/apache-lucy-0.6.2/c/sample/mail_index/seg_1/cf.dat	2030776011	1024
25246924.726	/home/tmp/lucy/apache-lucy-0.6.2/c/sample/mail_index/seg_1/cf.dat	1956581705	1024
25246924.726	/home/tmp/lucy/apache-lucy-0.6.2/c/sample/mail_index/seg_1/cf.dat	1956582721	1024
25246924.726	/home/tmp/lucy/apache-lucy-0.6.2/c/sample/mail_index/seg_1/cf.dat	1956583736	1024
25246924.726	/home/tmp/lucy/apache-lucy-0.6.2/c/sample/mail_index/seg_1/cf.dat	1956584746	1024
25246924.726	/home/tmp/lucy/apache-lucy-0.6.2/c/sample/mail_index/seg_1/cf.dat	1956585760	1024
25246924.726	/home/tmp/lucy/apache-lucy-0.6.2/c/sample/mail_index/seg_1/cf.dat	1956586768	1024
25246924.726	/home/tmp/lucy/apache-lucy-0.6.2/c/sample/mail_index/seg_1/cf.dat	1956587782	1024
25246924.726	/home/tmp/lucy/apache-lucy-0.6.2/c/sample/mail_index/seg_1/cf.dat	1956588797	1024
25246924.727	/home/tmp/lucy/apache-lucy-0.6.2/c/sample/mail_index/seg_1/cf.dat	1956589811	1024
25246924.727	/home/tmp/lucy/apache-lucy-0.6.2/c/sample/mail_index/seg_1/cf.dat	1956590825	1024
25246924.727	/home/tmp/lucy/apache-lucy-0.6.2/c/sample/mail_index/seg_1/cf.dat	1956591840	1024
25246924.727	/home/tmp/lucy/apache-lucy-0.6.2/c/sample/mail_index/seg_1/cf.dat	1956592855	1024
25246924.727	/home/tmp/lucy/apache-lucy-0.6.2/c/sample/mail_index/seg_1/cf.dat	1956593869	1024
25246924.727	/home/tmp/lucy/apache-lucy-0.6.2/c/sample/mail_index/seg_1/cf.dat	1956594884	1024
25246924.727	/home/tmp/lucy/apache-lucy-0.6.2/c/sample/mail_index/seg_1/cf.dat	1956595899	1024
25246924.727	/home/tmp/lucy/apache-lucy-0.6.2/c/sample/mail_index/seg_1/cf.dat	1956596913	1024
25246924.727	/home/tmp/lucy/apache-lucy-0.6.2/c/sample/mail_index/seg_1/cf.dat	1956597931	1024
25246924.727	/home/tmp/lucy/apache-lucy-0.6.2/c/sample/mail_index/seg_1/cf.dat	1956598947	1024
25246924.727	/home/tmp/lucy/apache-lucy-0.6.2/c/sample/mail_index/seg_1/cf.dat	1956599962	1024
25246924.727	/home/tmp/lucy/apache-lucy-0.6.2/c/sample/mail_index/seg_1/cf.dat	1956600974	1024
25246924.727	/home/tmp/lucy/apache-lucy-0.6.2/c/sample/mail_index/seg_1/cf.dat	1956601990	1024
25246924.727	/home/tmp/lucy/apache-lucy-0.6.2/c/sample/mail_index/seg_1/cf.dat	1956603004	1024
25246924.727	/home/tmp/lucy/apache-lucy-0.6.2/c/sample/mail_index/seg_1/cf.dat	1956604020	1024
25246924.727	/home/tmp/lucy/apache-lucy-0.6.2/c/sample/mail_index/seg_1/cf.dat	1956604997	1024
25246924.727	/home/tmp/lucy/apache-lucy-0.6.2/c/sample/mail_index/seg_1/cf.dat	1956606011	1024
25246924.727	/home/tmp/lucy/apache-lucy-0.6.2/c/sample/mail_index/seg_1/cf.dat	1956607025	1024
25246924.727	/home/tmp/lucy/apache-lucy-0.6.2/c/sample/mail_index/seg_1/cf.dat	1956608041	1024
25246924.727	/home/tmp/lucy/apache-lucy-0.6.2/c/sample/mail_index/seg_1/cf.dat	1956609055	1024
25246924.727	/home/tmp/lucy/apache-lucy-0.6.2/c/sample/mail_index/seg_1/cf.dat	1956610066	1024
25246924.727	/home/tmp/lucy/apache-lucy-0.6.2/c/sample/mail_index/seg_1/cf.dat	1956611082	1024
25246924.727	/home/tmp/lucy/apache-lucy-0.6.2/c/sample/mail_index/seg_1/cf.dat	1956612098	1024
25246924.727	/home/tmp/lucy/apache-lucy-0.6.2/c/sample/mail_index/seg_1/cf.dat	1956613115	1024
25246924.727	/home/tmp/lucy/apache-lucy-0.6.2/c/sample/mail_index/seg_1/cf.dat	1956614131	1024
25246924.727	/home/tmp/lucy/apache-lucy-0.6.2/c/sample/mail_index/seg_1/cf.dat	1956615145	1024
25246924.727	/home/tmp/lucy/apache-lucy-0.6.2/c/sample/mail_index/seg_1/cf.dat	1956616161	1024
25246924.727	/home/tmp/lucy/apache-lucy-0.6.2/c/sample/mail_index/seg_1/cf.dat	1956617176	1024
25246924.727	/home/tmp/lucy/apache-lucy-0.6.2/c/sample/mail_index/seg_1/cf.dat	1956618193	1024
25246924.727	/home/tmp/lucy/apache-lucy-0.6.2/c/sample/mail_index/seg_1/cf.dat	1956619209	1024
25246924.728	/home/tmp/lucy/apache-lucy-0.6.2/c/sample/mail_index/seg_1/cf.dat	1956620079	1024
25246924.728	/home/tmp/lucy/apache-lucy-0.6.2/c/sample/mail_index/seg_1/cf.dat	1956621067	1024
25246924.728	/home/tmp/lucy/apache-lucy-0.6.2/c/sample/mail_index/seg_1/cf.dat	2030777035	1024
25246924.728	/home/tmp/lucy/apache-lucy-0.6.2/c/sample/mail_index/seg_1/cf.dat	1956622084	1024
25246924.728	/home/tmp/lucy/apache-lucy-0.6.2/c/sample/mail_index/seg_1/cf.dat	1956623100	1024
25246924.728	/home/tmp/lucy/apache-lucy-0.6.2/c/sample/mail_index/seg_1/cf.dat	1956624114	1024
25246924.728	/home/tmp/lucy/apache-lucy-0.6.2/c/sample/mail_index/seg_1/cf.dat	1956625131	1024
25246924.728	/home/tmp/lucy/apache-lucy-0.6.2/c/sample/mail_index/seg_1/cf.dat	1956626146	1024
25246924.728	/home/tmp/lucy/apache-lucy-0.6.2/c/sample/mail_index/seg_1/cf.dat	1956627156	1024
25246924.728	/home/tmp/lucy/apache-lucy-0.6.2/c/sample/mail_index/seg_1/cf.dat	1956628172	1024
25246924.728	/home/tmp/lucy/apache-lucy-0.6.2/c/sample/mail_index/seg_1/cf.dat	1956629187	1024
25246924.728	/home/tmp/lucy/apache-lucy-0.6.2/c/sample/mail_index/seg_1/cf.dat	1956630189	1024
25246924.728	/home/tmp/lucy/apache-lucy-0.6.2/c/sample/mail_index/seg_1/cf.dat	1956631203	1024
25246924.728	/home/tmp/lucy/apache-lucy-0.6.2/c/sample/mail_index/seg_1/cf.dat	1956632219	1024
25246924.728	/home/tmp/lucy/apache-lucy-0.6.2/c/sample/mail_index/seg_1/cf.dat	1956633230	1024
25246924.728	/home/tmp/lucy/apache-lucy-0.6.2/c/sample/mail_index/seg_1/cf.dat	1956634245	1024
25246924.728	/home/tmp/lucy/apache-lucy-0.6.2/c/sample/mail_index/seg_1/cf.dat	1956635244	1024
25246924.728	/home/tmp/lucy/apache-lucy-0.6.2/c/sample/mail_index/seg_1/cf.dat	1956636258	1024
25246924.728	/home/tmp/lucy/apache-lucy-0.6.2/c/sample/mail_index/seg_1/cf.dat	1956637274	1024
25246924.728	/home/tmp/lucy/apache-lucy-0.6.2/c/sample/mail_index/seg_1/cf.dat	1956638288	1024
25246924.728	/home/tmp/lucy/apache-lucy-0.6.2/c/sample/mail_index/seg_1/cf.dat	1956639302	1024
25246924.728	/home/tmp/lucy/apache-lucy-0.6.2/c/sample/mail_index/seg_1/cf.dat	1956640296	1024
25246924.728	/home/tmp/lucy/apache-lucy-0.6.2/c/sample/mail_index/seg_1/cf.dat	1956641310	1024
25246924.728	/home/tmp/lucy/apache-lucy-0.6.2/c/sample/mail_index/seg_1/cf.dat	1956642327	1024
25246924.728	/home/tmp/lucy/apache-lucy-0.6.2/c/sample/mail_index/seg_1/cf.dat	1956643338	1024
25246924.728	/home/tmp/lucy/apache-lucy-0.6.2/c/sample/mail_index/seg_1/cf.dat	1956644355	1024
25246924.728	/home/tmp/lucy/apache-lucy-0.6.2/c/sample/mail_index/seg_1/cf.dat	1956645369	1024
25246924.728	/home/tmp/lucy/apache-lucy-0.6.2/c/sample/mail_index/seg_1/cf.dat	1956646368	1024
25246924.728	/home/tmp/lucy/apache-lucy-0.6.2/c/sample/mail_index/seg_1/cf.dat	1956647383	1024
25246924.728	/home/tmp/lucy/apache-lucy-0.6.2/c/sample/mail_index/seg_1/cf.dat	1956648398	1024
25246924.729	/home/tmp/lucy/apache-lucy-0.6.2/c/sample/mail_index/seg_1/cf.dat	1956649413	1024
25246924.729	/home/tmp/lucy/apache-lucy-0.6.2/c/sample/mail_index/seg_1/cf.dat	1956650428	1024
25246924.729	/home/tmp/lucy/apache-lucy-0.6.2/c/sample/mail_index/seg_1/cf.dat	1956651444	1024
25246924.729	/home/tmp/lucy/apache-lucy-0.6.2/c/sample/mail_index/seg_1/cf.dat	1956652459	1024
25246924.729	/home/tmp/lucy/apache-lucy-0.6.2/c/sample/mail_index/seg_1/cf.dat	1956653474	1024
25246924.729	/home/tmp/lucy/apache-lucy-0.6.2/c/sample/mail_index/seg_1/cf.dat	1956654489	1024
25246924.729	/home/tmp/lucy/apache-lucy-0.6.2/c/sample/mail_index/seg_1/cf.dat	1956655506	1024
25246924.729	/home/tmp/lucy/apache-lucy-0.6.2/c/sample/mail_index/seg_1/cf.dat	1956656522	1024
25246924.729	/home/tmp/lucy/apache-lucy-0.6.2/c/sample/mail_index/seg_1/cf.dat	1956657521	1024
25246924.729	/home/tmp/lucy/apache-lucy-0.6.2/c/sample/mail_index/seg_1/cf.dat	1956658526	1024
25246924.729	/home/tmp/lucy/apache-lucy-0.6.2/c/sample/mail_index/seg_1/cf.dat	1956659516	1024
25246924.729	/home/tmp/lucy/apache-lucy-0.6.2/c/sample/mail_index/seg_1/cf.dat	1956660494	1024
25246924.729	/home/tmp/lucy/apache-lucy-0.6.2/c/sample/mail_index/seg_1/cf.dat	1956661509	1024
25246924.729	/home/tmp/lucy/apache-lucy-0.6.2/c/sample/mail_index/seg_1/cf.dat	1956662524	1024
25246924.729	/home/tmp/lucy/apache-lucy-0.6.2/c/sample/mail_index/seg_1/cf.dat	1956663532	1024
25246924.729	/home/tmp/lucy/apache-lucy-0.6.2/c/sample/mail_index/seg_1/cf.dat	2030778059	1024
25246924.729	/home/tmp/lucy/apache-lucy-0.6.2/c/sample/mail_index/seg_1/cf.dat	1956664521	1024
25246924.729	/home/tmp/lucy/apache-lucy-0.6.2/c/sample/mail_index/seg_1/cf.dat	1956665495	1024
25246924.729	/home/tmp/lucy/apache-lucy-0.6.2/c/sample/mail_index/seg_1/cf.dat	1956666497	1024
25246924.729	/home/tmp/lucy/apache-lucy-0.6.2/c/sample/mail_index/seg_1/cf.dat	1956667490	1024
25246924.729	/home/tmp/lucy/apache-lucy-0.6.2/c/sample/mail_index/seg_1/cf.dat	1956668497	1024
25246924.729	/home/tmp/lucy/apache-lucy-0.6.2/c/sample/mail_index/seg_1/cf.dat	1956669470	1024
25246924.729	/home/tmp/lucy/apache-lucy-0.6.2/c/sample/mail_index/seg_1/cf.dat	1956670317	1024
25246924.729	/home/tmp/lucy/apache-lucy-0.6.2/c/sample/mail_index/seg_1/cf.dat	1956671325	1024
25246924.729	/home/tmp/lucy/apache-lucy-0.6.2/c/sample/mail_index/seg_1/cf.dat	1956672335	1024
25246924.729	/home/tmp/lucy/apache-lucy-0.6.2/c/sample/mail_index/seg_1/cf.dat	1956673350	1024
25246924.729	/home/tmp/lucy/apache-lucy-0.6.2/c/sample/mail_index/seg_1/cf.dat	1956674365	1024
25246924.729	/home/tmp/lucy/apache-lucy-0.6.2/c/sample/mail_index/seg_1/cf.dat	1956675370	1024
25246924.729	/home/tmp/lucy/apache-lucy-0.6.2/c/sample/mail_index/seg_1/cf.dat	1956676384	1024
25246924.729	/home/tmp/lucy/apache-lucy-0.6.2/c/sample/mail_index/seg_1/cf.dat	1956677400	1024
25246924.729	/home/tmp/lucy/apache-lucy-0.6.2/c/sample/mail_index/seg_1/cf.dat	1956678414	1024
25246924.729	/home/tmp/lucy/apache-lucy-0.6.2/c/sample/mail_index/seg_1/cf.dat	1956679426	1024
25246924.729	/home/tmp/lucy/apache-lucy-0.6.2/c/sample/mail_index/seg_1/cf.dat	1956680443	1024
25246924.729	/home/tmp/lucy/apache-lucy-0.6.2/c/sample/mail_index/seg_1/cf.dat	1956681419	1024
25246924.729	/home/tmp/lucy/apache-lucy-0.6.2/c/sample/mail_index/seg_1/cf.dat	1956682368	1024
25246924.730	/home/tmp/lucy/apache-lucy-0.6.2/c/sample/mail_index/seg_1/cf.dat	1956683382	1024
25246924.730	/home/tmp/lucy/apache-lucy-0.6.2/c/sample/mail_index/seg_1/cf.dat	1956684361	1024
25246924.730	/home/tmp/lucy/apache-lucy-0.6.2/c/sample/mail_index/seg_1/cf.dat	1956685377	1024
25246924.730	/home/tmp/lucy/apache-lucy-0.6.2/c/sample/mail_index/seg_1/cf.dat	1956686277	1024
25246924.730	/home/tmp/lucy/apache-lucy-0.6.2/c/sample/mail_index/seg_1/cf.dat	1956687277	1024
25246924.730	/home/tmp/lucy/apache-lucy-0.6.2/c/sample/mail_index/seg_1/cf.dat	1956688292	1024
25246924.730	/home/tmp/lucy/apache-lucy-0.6.2/c/sample/mail_index/seg_1/cf.dat	1956689307	1024
25246924.730	/home/tmp/lucy/apache-lucy-0.6.2/c/sample/mail_index/seg_1/cf.dat	1956690323	1024
25246924.730	/home/tmp/lucy/apache-lucy-0.6.2/c/sample/mail_index/seg_1/cf.dat	1956691337	1024
25246924.730	/home/tmp/lucy/apache-lucy-0.6.2/c/sample/mail_index/seg_1/cf.dat	1956692333	1024
25246924.730	/home/tmp/lucy/apache-lucy-0.6.2/c/sample/mail_index/seg_1/cf.dat	1956693349	1024
25246924.730	/home/tmp/lucy/apache-lucy-0.6.2/c/sample/mail_index/seg_1/cf.dat	1956694343	1024
25246924.730	/home/tmp/lucy/apache-lucy-0.6.2/c/sample/mail_index/seg_1/cf.dat	1956695300	1024
25246924.730	/home/tmp/lucy/apache-lucy-0.6.2/c/sample/mail_index/seg_1/cf.dat	1956696299	1024
25246924.730	/home/tmp/lucy/apache-lucy-0.6.2/c/sample/mail_index/seg_1/cf.dat	1956697313	1024
25246924.730	/home/tmp/lucy/apache-lucy-0.6.2/c/sample/mail_index/seg_1/cf.dat	1956698329	1024
25246924.730	/home/tmp/lucy/apache-lucy-0.6.2/c/sample/mail_index/seg_1/cf.dat	1956699340	1024
25246924.730	/home/tmp/lucy/apache-lucy-0.6.2/c/sample/mail_index/seg_1/cf.dat	1956700354	1024
25246924.730	/home/tmp/lucy/apache-lucy-0.6.2/c/sample/mail_index/seg_1/cf.dat	1956701359	1024
25246924.730	/home/tmp/lucy/apache-lucy-0.6.2/c/sample/mail_index/seg_1/cf.dat	1956702374	1024
25246924.730	/home/tmp/lucy/apache-lucy-0.6.2/c/sample/mail_index/seg_1/cf.dat	1956703379	1024
25246924.730	/home/tmp/lucy/apache-lucy-0.6.2/c/sample/mail_index/seg_1/cf.dat	1956704395	1024
25246924.730	/home/tmp/lucy/apache-lucy-0.6.2/c/sample/mail_index/seg_1/cf.dat	2030779083	1024
25246924.730	/home/tmp/lucy/apache-lucy-0.6.2/c/sample/mail_index/seg_1/cf.dat	1956705383	1024
25246924.730	/home/tmp/lucy/apache-lucy-0.6.2/c/sample/mail_index/seg_1/cf.dat	1956706136	1024
25246924.730	/home/tmp/lucy/apache-lucy-0.6.2/c/sample/mail_index/seg_1/cf.dat	1956707112	1024
25246924.730	/home/tmp/lucy/apache-lucy-0.6.2/c/sample/mail_index/seg_1/cf.dat	1956708109	1024
25246924.730	/home/tmp/lucy/apache-lucy-0.6.2/c/sample/mail_index/seg_1/cf.dat	1956709123	1024
25246924.730	/home/tmp/lucy/apache-lucy-0.6.2/c/sample/mail_index/seg_1/cf.dat	1956710138	1024
25246924.730	/home/tmp/lucy/apache-lucy-0.6.2/c/sample/mail_index/seg_1/cf.dat	1956711148	1024
25246924.730	/home/tmp/lucy/apache-lucy-0.6.2/c/sample/mail_index/seg_1/cf.dat	1956712160	1024
25246924.730	/home/tmp/lucy/apache-lucy-0.6.2/c/sample/mail_index/seg_1/cf.dat	1956713174	1024
25246924.731	/home/tmp/lucy/apache-lucy-0.6.2/c/sample/mail_index/seg_1/cf.dat	1956714189	1024
25246924.731	/home/tmp/lucy/apache-lucy-0.6.2/c/sample/mail_index/seg_1/cf.dat	1956715196	1024
25246924.731	/home/tmp/lucy/apache-lucy-0.6.2/c/sample/mail_index/seg_1/cf.dat	1956716199	1024
25246924.731	/home/tmp/lucy/apache-lucy-0.6.2/c/sample/mail_index/seg_1/cf.dat	1956717214	1024
25246924.731	/home/tmp/lucy/apache-lucy-0.6.2/c/sample/mail_index/seg_1/cf.dat	1956718222	1024
25246924.731	/home/tmp/lucy/apache-lucy-0.6.2/c/sample/mail_index/seg_1/cf.dat	1956719236	1024
25246924.731	/home/tmp/lucy/apache-lucy-0.6.2/c/sample/mail_index/seg_1/cf.dat	1956720078	1024
25246924.731	/home/tmp/lucy/apache-lucy-0.6.2/c/sample/mail_index/seg_1/cf.dat	1956720699	1024
25246924.731	/home/tmp/lucy/apache-lucy-0.6.2/c/sample/mail_index/seg_1/cf.dat	1956721255	1024
25246924.731	/home/tmp/lucy/apache-lucy-0.6.2/c/sample/mail_index/seg_1/cf.dat	1956722164	1024
25246924.731	/home/tmp/lucy/apache-lucy-0.6.2/c/sample/mail_index/seg_1/cf.dat	1956722877	1024
25246924.731	/home/tmp/lucy/apache-lucy-0.6.2/c/sample/mail_index/seg_1/cf.dat	1956723527	1024
25246924.731	/home/tmp/lucy/apache-lucy-0.6.2/c/sample/mail_index/seg_1/cf.dat	1956723954	1024
25246924.731	/home/tmp/lucy/apache-lucy-0.6.2/c/sample/mail_index/seg_1/cf.dat	1956724522	1024
25246924.731	/home/tmp/lucy/apache-lucy-0.6.2/c/sample/mail_index/seg_1/cf.dat	1956725372	1024
25246924.731	/home/tmp/lucy/apache-lucy-0.6.2/c/sample/mail_index/seg_1/cf.dat	1956726387	1024
25246924.731	/home/tmp/lucy/apache-lucy-0.6.2/c/sample/mail_index/seg_1/cf.dat	1956727402	1024
25246924.731	/home/tmp/lucy/apache-lucy-0.6.2/c/sample/mail_index/seg_1/cf.dat	1956728419	1024
25246924.731	/home/tmp/lucy/apache-lucy-0.6.2/c/sample/mail_index/seg_1/cf.dat	1454208472	8
25246924.731	/home/tmp/lucy/apache-lucy-0.6.2/c/sample/mail_index/seg_1/cf.dat	1457972928	1024
25246924.731	/home/tmp/lucy/apache-lucy-0.6.2/c/sample/mail_index/seg_1/cf.dat	1326927284	1024
25246924.731	/home/tmp/lucy/apache-lucy-0.6.2/c/sample/mail_index/seg_1/cf.dat	0	7
25246924.731	/home/tmp/lucy/apache-lucy-0.6.2/c/sample/mail_index/seg_1/cf.dat	0	1293
25246924.731	/home/tmp/lucy/apache-lucy-0.6.2/c/sample/mail_index/seg_1/cf.dat	1326928308	1024
25246924.731	/home/tmp/lucy/apache-lucy-0.6.2/c/sample/mail_index/seg_1/cf.dat	1454208472	8
25246924.731	/home/tmp/lucy/apache-lucy-0.6.2/c/sample/mail_index/seg_1/cf.dat	1457986728	1024
25246924.731	/home/tmp/lucy/apache-lucy-0.6.2/c/sample/mail_index/seg_1/cf.dat	1335487516	1024
25246924.731	/home/tmp/lucy/apache-lucy-0.6.2/c/sample/mail_index/seg_1/cf.dat	0	7
25246924.731	/home/tmp/lucy/apache-lucy-0.6.2/c/sample/mail_index/seg_1/cf.dat	0	1289
25246924.731	/home/tmp/lucy/apache-lucy-0.6.2/c/sample/mail_index/seg_1/cf.dat	1335488540	1024
25246924.731	/home/tmp/lucy/apache-lucy-0.6.2/c/sample/mail_index/seg_1/cf.dat	1454208472	8
25246924.731	/home/tmp/lucy/apache-lucy-0.6.2/c/sample/mail_index/seg_1/cf.dat	1457990760	1024
25246924.731	/home/tmp/lucy/apache-lucy-0.6.2/c/sample/mail_index/seg_1/cf.dat	1338221106	1024
25246924.731	/home/tmp/lucy/apache-lucy-0.6.2/c/sample/mail_index/seg_1/cf.dat	0	7
25246924.731	/home/tmp/lucy/apache-lucy-0.6.2/c/sample/mail_index/seg_1/cf.dat	0	1287
25246924.731	/home/tmp/lucy/apache-lucy-0.6.2/c/sample/mail_index/seg_1/cf.dat	1338222130	1024
25246924.731	/home/tmp/lucy/apache-lucy-0.6.2/c/sample/mail_index/seg_1/cf.dat	1454208472	8
25246924.731	/home/tmp/lucy/apache-lucy-0.6.2/c/sample/mail_index/seg_1/cf.dat	1458254368	1024
25246924.731	/home/tmp/lucy/apache-lucy-0.6.2/c/sample/mail_index/seg_1/cf.dat	1413439929	1024
25246924.731	/home/tmp/lucy/apache-lucy-0.6.2/c/sample/mail_index/seg_1/cf.dat	0	7
25246924.731	/home/tmp/lucy/apache-lucy-0.6.2/c/sample/mail_index/seg_1/cf.dat	0	10217
25246924.731	/home/tmp/lucy/apache-lucy-0.6.2/c/sample/mail_index/seg_1/cf.dat	1454208472	8
25246924.731	/home/tmp/lucy/apache-lucy-0.6.2/c/sample/mail_index/seg_1/cf.dat	1454961968	1024
25246924.731	/home/tmp/lucy/apache-lucy-0.6.2/c/sample/mail_index/seg_1/cf.dat	284015296	1024
25246924.731	/home/tmp/lucy/apache-lucy-0.6.2/c/sample/mail_index/seg_1/cf.dat	0	7
25246924.731	/home/tmp/lucy/apache-lucy-0.6.2/c/sample/mail_index/seg_1/cf.dat	0	1892
25246924.731	/home/tmp/lucy/apache-lucy-0.6.2/c/sample/mail_index/seg_1/cf.dat	284016320	1024
25246924.731	/home/tmp/lucy/apache-lucy-0.6.2/c/sample/mail_index/seg_1/cf.dat	1454208472	8
25246924.731	/home/tmp/lucy/apache-lucy-0.6.2/c/sample/mail_index/seg_1/cf.dat	1454967192	1024
25246924.731	/home/tmp/lucy/apache-lucy-0.6.2/c/sample/mail_index/seg_1/cf.dat	285328779	1024
25246924.731	/home/tmp/lucy/apache-lucy-0.6.2/c/sample/mail_index/seg_1/cf.dat	0	7
25246924.731	/home/tmp/lucy/apache-lucy-0.6.2/c/sample/mail_index/seg_1/cf.dat	0	1887
25246924.731	/home/tmp/lucy/apache-lucy-0.6.2/c/sample/mail_index/seg_1/cf.dat	285329803	1024
25246924.731	/home/tmp/lucy/apache-lucy-0.6.2/c/sample/mail_index/seg_1/cf.dat	1454208472	8
25246924.731	/home/tmp/lucy/apache-lucy-0.6.2/c/sample/mail_index/seg_1/cf.dat	285610754	1024
25246924.731	/home/tmp/lucy/apache-lucy-0.6.2/c/sample/mail_index/seg_1/cf.dat	0	7
25246924.731	/home/tmp/lucy/apache-lucy-0.6.2/c/sample/mail_index/seg_1/cf.dat	0	1885
25246924.731	/home/tmp/lucy/apache-lucy-0.6.2/c/sample/mail_index/seg_1/cf.dat	285611778	1024
25246924.731	/home/tmp/lucy/apache-lucy-0.6.2/c/sample/mail_index/seg_1/cf.dat	1454208472	8
25246924.731	/home/tmp/lucy/apache-lucy-0.6.2/c/sample/mail_index/seg_1/cf.dat	1455975208	1024
25246924.731	/home/tmp/lucy/apache-lucy-0.6.2/c/sample/mail_index/seg_1/cf.dat	652296697	1024
25246924.731	/home/tmp/lucy/apache-lucy-0.6.2/c/sample/mail_index/seg_1/cf.dat	0	7
25246924.731	/home/tmp/lucy/apache-lucy-0.6.2/c/sample/mail_index/seg_1/cf.dat	0	3155
25246924.731	/home/tmp/lucy/apache-lucy-0.6.2/c/sample/mail_index/seg_1/cf.dat	1454208472	8
25246924.731	/home/tmp/lucy/apache-lucy-0.6.2/c/sample/mail_index/seg_1/cf.dat	1456134808	1024
25246924.731	/home/tmp/lucy/apache-lucy-0.6.2/c/sample/mail_index/seg_1/cf.dat	765454990	1024
25246924.731	/home/tmp/lucy/apache-lucy-0.6.2/c/sample/mail_index/seg_1/cf.dat	0	7
25246924.731	/home/tmp/lucy/apache-lucy-0.6.2/c/sample/mail_index/seg_1/cf.dat	0	3160
25246924.731	/home/tmp/lucy/apache-lucy-0.6.2/c/sample/mail_index/seg_1/cf.dat	1454208472	8
25246924.731	/home/tmp/lucy/apache-lucy-0.6.2/c/sample/mail_index/seg_1/cf.dat	1456218960	1024
25246924.731	/home/tmp/lucy/apache-lucy-0.6.2/c/sample/mail_index/seg_1/cf.dat	796675764	1024
25246924.731	/home/tmp/lucy/apache-lucy-0.6.2/c/sample/mail_index/seg_1/cf.dat	0	7
25246924.731	/home/tmp/lucy/apache-lucy-0.6.2/c/sample/mail_index/seg_1/cf.dat	0	4291
