25840961.854	/home/tmp/lucy/apache-lucy-0.6.2/c/sample/mail_index/snapshot_1.json	0	93
25840961.854	/home/tmp/lucy/apache-lucy-0.6.2/c/sample/mail_index/schema_1.json	0	242
25840961.854	/home/tmp/lucy/apache-lucy-0.6.2/c/sample/mail_index/seg_1/cfmeta.json	0	804
25840961.854	/home/tmp/lucy/apache-lucy-0.6.2/c/sample/mail_index/seg_1/segmeta.json	0	400
25840961.855	/home/tmp/lucy/apache-lucy-0.6.2/c/sample/mail_index/seg_1/cf.dat	1484142352	82440
25840961.855	/home/tmp/lucy/apache-lucy-0.6.2/c/sample/mail_index/seg_1/cf.dat	1484003581	1024
25840961.855	/home/tmp/lucy/apache-lucy-0.6.2/c/sample/mail_index/seg_1/cf.dat	1483858280	6
25840961.855	/home/tmp/lucy/apache-lucy-0.6.2/c/sample/mail_index/seg_1/cf.dat	1484077430	1024
25840961.855	/home/tmp/lucy/apache-lucy-0.6.2/c/sample/mail_index/seg_1/cf.dat	1483858280	6
25840961.855	/home/tmp/lucy/apache-lucy-0.6.2/c/sample/mail_index/seg_1/cf.dat	1484109146	1024
25840961.855	/home/tmp/lucy/apache-lucy-0.6.2/c/sample/mail_index/seg_1/cf.dat	1483858280	3
25840961.855	/home/tmp/lucy/apache-lucy-0.6.2/c/sample/mail_index/seg_1/cf.dat	1484123364	1024
25840961.855	/home/tmp/lucy/apache-lucy-0.6.2/c/sample/mail_index/seg_1/cf.dat	1483858280	9
25840961.855	/home/tmp/lucy/apache-lucy-0.6.2/c/sample/mail_index/seg_1/cf.dat	1484116256	1024
25840961.855	/home/tmp/lucy/apache-lucy-0.6.2/c/sample/mail_index/seg_1/cf.dat	1483858280	6
25840961.855	/home/tmp/lucy/apache-lucy-0.6.2/c/sample/mail_index/seg_1/cf.dat	1484119666	1024
25840961.855	/home/tmp/lucy/apache-lucy-0.6.2/c/sample/mail_index/seg_1/cf.dat	1483858280	6
25840961.855	/home/tmp/lucy/apache-lucy-0.6.2/c/sample/mail_index/seg_1/cf.dat	1484121483	1024
25840961.855	/home/tmp/lucy/apache-lucy-0.6.2/c/sample/mail_index/seg_1/cf.dat	1483858280	8
25840961.855	/home/tmp/lucy/apache-lucy-0.6.2/c/sample/mail_index/seg_1/cf.dat	1483858280	20
25840961.855	/home/tmp/lucy/apache-lucy-0.6.2/c/sample/mail_index/seg_1/cf.dat	1484122923	1024
25840961.855	/home/tmp/lucy/apache-lucy-0.6.2/c/sample/mail_index/seg_1/cf.dat	1483858280	6
25840961.855	/home/tmp/lucy/apache-lucy-0.6.2/c/sample/mail_index/seg_1/cf.dat	1484122664	1024
25840961.855	/home/tmp/lucy/apache-lucy-0.6.2/c/sample/mail_index/seg_1/cf.dat	1483858280	9
25840961.855	/home/tmp/lucy/apache-lucy-0.6.2/c/sample/mail_index/seg_1/cf.dat	1484122555	1024
25840961.855	/home/tmp/lucy/apache-lucy-0.6.2/c/sample/mail_index/seg_1/cf.dat	1483858280	9
25840961.855	/home/tmp/lucy/apache-lucy-0.6.2/c/sample/mail_index/seg_1/cf.dat	1483858280	6
25840961.855	/home/tmp/lucy/apache-lucy-0.6.2/c/sample/mail_index/seg_1/cf.dat	1483858280	13
25840961.855	/home/tmp/lucy/apache-lucy-0.6.2/c/sample/mail_index/seg_1/cf.dat	1483858280	16
25840961.855	/home/tmp/lucy/apache-lucy-0.6.2/c/sample/mail_index/seg_1/cf.dat	1483858280	13
25840961.855	/home/tmp/lucy/apache-lucy-0.6.2/c/sample/mail_index/seg_1/cf.dat	1482469698	1024
25840961.855	/home/tmp/lucy/apache-lucy-0.6.2/c/sample/mail_index/seg_1/cf.dat	1463004360	3
25840961.855	/home/tmp/lucy/apache-lucy-0.6.2/c/sample/mail_index/seg_1/cf.dat	1463004360	5
25840961.855	/home/tmp/lucy/apache-lucy-0.6.2/c/sample/mail_index/seg_1/cf.dat	1463004360	2
25840961.855	/home/tmp/lucy/apache-lucy-0.6.2/c/sample/mail_index/seg_1/cf.dat	1463004360	10
25840961.855	/home/tmp/lucy/apache-lucy-0.6.2/c/sample/mail_index/seg_1/cf.dat	1463004360	4
25840961.855	/home/tmp/lucy/apache-lucy-0.6.2/c/sample/mail_index/seg_1/cf.dat	1463004360	5
25840961.855	/home/tmp/lucy/apache-lucy-0.6.2/c/sample/mail_index/seg_1/cf.dat	1463004360	2
25840961.855	/home/tmp/lucy/apache-lucy-0.6.2/c/sample/mail_index/seg_1/cf.dat	1463004360	1
25840961.855	/home/tmp/lucy/apache-lucy-0.6.2/c/sample/mail_index/seg_1/cf.dat	1463004360	2
25840961.855	/home/tmp/lucy/apache-lucy-0.6.2/c/sample/mail_index/seg_1/cf.dat	1463004360	4
25840961.855	/home/tmp/lucy/apache-lucy-0.6.2/c/sample/mail_index/seg_1/cf.dat	1463004360	4
25840961.855	/home/tmp/lucy/apache-lucy-0.6.2/c/sample/mail_index/seg_1/cf.dat	1463004360	2
25840961.855	/home/tmp/lucy/apache-lucy-0.6.2/c/sample/mail_index/seg_1/cf.dat	1463004360	1
25840961.855	/home/tmp/lucy/apache-lucy-0.6.2/c/sample/mail_index/seg_1/cf.dat	1463004360	5
25840961.855	/home/tmp/lucy/apache-lucy-0.6.2/c/sample/mail_index/seg_1/cf.dat	1463004360	1
25840961.855	/home/tmp/lucy/apache-lucy-0.6.2/c/sample/mail_index/seg_1/cf.dat	1463004360	1
25840961.855	/home/tmp/lucy/apache-lucy-0.6.2/c/sample/mail_index/seg_1/cf.dat	1463004360	3
25840961.855	/home/tmp/lucy/apache-lucy-0.6.2/c/sample/mail_index/seg_1/cf.dat	1463004360	4
25840961.855	/home/tmp/lucy/apache-lucy-0.6.2/c/sample/mail_index/seg_1/cf.dat	1463004360	5
25840961.855	/home/tmp/lucy/apache-lucy-0.6.2/c/sample/mail_index/seg_1/cf.dat	1463004360	3
25840961.855	/home/tmp/lucy/apache-lucy-0.6.2/c/sample/mail_index/seg_1/cf.dat	1463004360	5
25840961.855	/home/tmp/lucy/apache-lucy-0.6.2/c/sample/mail_index/seg_1/cf.dat	1463004360	4
25840961.855	/home/tmp/lucy/apache-lucy-0.6.2/c/sample/mail_index/seg_1/cf.dat	1463004360	3
25840961.855	/home/tmp/lucy/apache-lucy-0.6.2/c/sample/mail_index/seg_1/cf.dat	1463004360	1
25840961.855	/home/tmp/lucy/apache-lucy-0.6.2/c/sample/mail_index/seg_1/cf.dat	1463004360	8
25840961.855	/home/tmp/lucy/apache-lucy-0.6.2/c/sample/mail_index/seg_1/cf.dat	1463004360	1
25840961.855	/home/tmp/lucy/apache-lucy-0.6.2/c/sample/mail_index/seg_1/cf.dat	1463004360	4
25840961.855	/home/tmp/lucy/apache-lucy-0.6.2/c/sample/mail_index/seg_1/cf.dat	1463004360	4
25840961.855	/home/tmp/lucy/apache-lucy-0.6.2/c/sample/mail_index/seg_1/cf.dat	1463004360	8
25840961.855	/home/tmp/lucy/apache-lucy-0.6.2/c/sample/mail_index/seg_1/cf.dat	1463004360	1
25840961.855	/home/tmp/lucy/apache-lucy-0.6.2/c/sample/mail_index/seg_1/cf.dat	1463004360	9
25840961.855	/home/tmp/lucy/apache-lucy-0.6.2/c/sample/mail_index/seg_1/cf.dat	1463004360	11
25840961.855	/home/tmp/lucy/apache-lucy-0.6.2/c/sample/mail_index/seg_1/cf.dat	1463004360	3
25840961.855	/home/tmp/lucy/apache-lucy-0.6.2/c/sample/mail_index/seg_1/cf.dat	1463004360	8
25840961.855	/home/tmp/lucy/apache-lucy-0.6.2/c/sample/mail_index/seg_1/cf.dat	1463004360	3
25840961.855	/home/tmp/lucy/apache-lucy-0.6.2/c/sample/mail_index/seg_1/cf.dat	1463004360	9
25840961.855	/home/tmp/lucy/apache-lucy-0.6.2/c/sample/mail_index/seg_1/cf.dat	1463004360	4
25840961.855	/home/tmp/lucy/apache-lucy-0.6.2/c/sample/mail_index/seg_1/cf.dat	1463004360	4
25840961.855	/home/tmp/lucy/apache-lucy-0.6.2/c/sample/mail_index/seg_1/cf.dat	1463004360	3
25840961.855	/home/tmp/lucy/apache-lucy-0.6.2/c/sample/mail_index/seg_1/cf.dat	1463004360	6
25840961.855	/home/tmp/lucy/apache-lucy-0.6.2/c/sample/mail_index/seg_1/cf.dat	1463004360	8
25840961.855	/home/tmp/lucy/apache-lucy-0.6.2/c/sample/mail_index/seg_1/cf.dat	1463004360	1
25840961.855	/home/tmp/lucy/apache-lucy-0.6.2/c/sample/mail_index/seg_1/cf.dat	1463004360	3
25840961.855	/home/tmp/lucy/apache-lucy-0.6.2/c/sample/mail_index/seg_1/cf.dat	1463004360	2
25840961.855	/home/tmp/lucy/apache-lucy-0.6.2/c/sample/mail_index/seg_1/cf.dat	1463004360	1
25840961.855	/home/tmp/lucy/apache-lucy-0.6.2/c/sample/mail_index/seg_1/cf.dat	1463004360	3
25840961.855	/home/tmp/lucy/apache-lucy-0.6.2/c/sample/mail_index/seg_1/cf.dat	1463004360	2
25840961.855	/home/tmp/lucy/apache-lucy-0.6.2/c/sample/mail_index/seg_1/cf.dat	1463004360	5
25840961.855	/home/tmp/lucy/apache-lucy-0.6.2/c/sample/mail_index/seg_1/cf.dat	1463004360	3
25840961.855	/home/tmp/lucy/apache-lucy-0.6.2/c/sample/mail_index/seg_1/cf.dat	1463004360	7
25840961.855	/home/tmp/lucy/apache-lucy-0.6.2/c/sample/mail_index/seg_1/cf.dat	1463004360	1
25840961.855	/home/tmp/lucy/apache-lucy-0.6.2/c/sample/mail_index/seg_1/cf.dat	1463004360	1
25840961.855	/home/tmp/lucy/apache-lucy-0.6.2/c/sample/mail_index/seg_1/cf.dat	1463004360	6
25840961.855	/home/tmp/lucy/apache-lucy-0.6.2/c/sample/mail_index/seg_1/cf.dat	1463004360	3
25840961.855	/home/tmp/lucy/apache-lucy-0.6.2/c/sample/mail_index/seg_1/cf.dat	1463004360	3
25840961.855	/home/tmp/lucy/apache-lucy-0.6.2/c/sample/mail_index/seg_1/cf.dat	1463004360	4
25840961.855	/home/tmp/lucy/apache-lucy-0.6.2/c/sample/mail_index/seg_1/cf.dat	1463004360	4
25840961.855	/home/tmp/lucy/apache-lucy-0.6.2/c/sample/mail_index/seg_1/cf.dat	1463004360	1
25840961.855	/home/tmp/lucy/apache-lucy-0.6.2/c/sample/mail_index/seg_1/cf.dat	1463004360	4
25840961.855	/home/tmp/lucy/apache-lucy-0.6.2/c/sample/mail_index/seg_1/cf.dat	1463004360	1
25840961.855	/home/tmp/lucy/apache-lucy-0.6.2/c/sample/mail_index/seg_1/cf.dat	1463004360	11
25840961.855	/home/tmp/lucy/apache-lucy-0.6.2/c/sample/mail_index/seg_1/cf.dat	1463004360	3
25840961.855	/home/tmp/lucy/apache-lucy-0.6.2/c/sample/mail_index/seg_1/cf.dat	1463004360	2
25840961.855	/home/tmp/lucy/apache-lucy-0.6.2/c/sample/mail_index/seg_1/cf.dat	1463004360	5
25840961.855	/home/tmp/lucy/apache-lucy-0.6.2/c/sample/mail_index/seg_1/cf.dat	1463004360	5
25840961.855	/home/tmp/lucy/apache-lucy-0.6.2/c/sample/mail_index/seg_1/cf.dat	1463004360	1
25840961.855	/home/tmp/lucy/apache-lucy-0.6.2/c/sample/mail_index/seg_1/cf.dat	1463004360	1
25840961.855	/home/tmp/lucy/apache-lucy-0.6.2/c/sample/mail_index/seg_1/cf.dat	1463004360	10
25840961.855	/home/tmp/lucy/apache-lucy-0.6.2/c/sample/mail_index/seg_1/cf.dat	1463004360	4
25840961.855	/home/tmp/lucy/apache-lucy-0.6.2/c/sample/mail_index/seg_1/cf.dat	1463004360	4
25840961.855	/home/tmp/lucy/apache-lucy-0.6.2/c/sample/mail_index/seg_1/cf.dat	1463004360	2
25840961.855	/home/tmp/lucy/apache-lucy-0.6.2/c/sample/mail_index/seg_1/cf.dat	1463004360	2
25840961.855	/home/tmp/lucy/apache-lucy-0.6.2/c/sample/mail_index/seg_1/cf.dat	1463004360	1
25840961.855	/home/tmp/lucy/apache-lucy-0.6.2/c/sample/mail_index/seg_1/cf.dat	1463004360	1
25840961.855	/home/tmp/lucy/apache-lucy-0.6.2/c/sample/mail_index/seg_1/cf.dat	1463004360	5
25840961.855	/home/tmp/lucy/apache-lucy-0.6.2/c/sample/mail_index/seg_1/cf.dat	1463004360	5
25840961.855	/home/tmp/lucy/apache-lucy-0.6.2/c/sample/mail_index/seg_1/cf.dat	1463004360	1
25840961.855	/home/tmp/lucy/apache-lucy-0.6.2/c/sample/mail_index/seg_1/cf.dat	1463004360	3
25840961.855	/home/tmp/lucy/apache-lucy-0.6.2/c/sample/mail_index/seg_1/cf.dat	1463004360	10
25840961.855	/home/tmp/lucy/apache-lucy-0.6.2/c/sample/mail_index/seg_1/cf.dat	1463004360	3
25840961.855	/home/tmp/lucy/apache-lucy-0.6.2/c/sample/mail_index/seg_1/cf.dat	1463004360	3
25840961.855	/home/tmp/lucy/apache-lucy-0.6.2/c/sample/mail_index/seg_1/cf.dat	1463004360	2
25840961.855	/home/tmp/lucy/apache-lucy-0.6.2/c/sample/mail_index/seg_1/cf.dat	1463004360	1
25840961.855	/home/tmp/lucy/apache-lucy-0.6.2/c/sample/mail_index/seg_1/cf.dat	1463004360	5
25840961.855	/home/tmp/lucy/apache-lucy-0.6.2/c/sample/mail_index/seg_1/cf.dat	1463004360	6
25840961.855	/home/tmp/lucy/apache-lucy-0.6.2/c/sample/mail_index/seg_1/cf.dat	1463004360	1
25840961.855	/home/tmp/lucy/apache-lucy-0.6.2/c/sample/mail_index/seg_1/cf.dat	1463004360	9
25840961.855	/home/tmp/lucy/apache-lucy-0.6.2/c/sample/mail_index/seg_1/cf.dat	1463004360	3
25840961.855	/home/tmp/lucy/apache-lucy-0.6.2/c/sample/mail_index/seg_1/cf.dat	1463004360	2
25840961.855	/home/tmp/lucy/apache-lucy-0.6.2/c/sample/mail_index/seg_1/cf.dat	1463004360	13
25840961.855	/home/tmp/lucy/apache-lucy-0.6.2/c/sample/mail_index/seg_1/cf.dat	1463004360	3
25840961.855	/home/tmp/lucy/apache-lucy-0.6.2/c/sample/mail_index/seg_1/cf.dat	1463004360	1
25840961.855	/home/tmp/lucy/apache-lucy-0.6.2/c/sample/mail_index/seg_1/cf.dat	1463004360	1
25840961.855	/home/tmp/lucy/apache-lucy-0.6.2/c/sample/mail_index/seg_1/cf.dat	1463004360	3
25840961.855	/home/tmp/lucy/apache-lucy-0.6.2/c/sample/mail_index/seg_1/cf.dat	1463004360	5
25840961.855	/home/tmp/lucy/apache-lucy-0.6.2/c/sample/mail_index/seg_1/cf.dat	1463004360	6
25840961.855	/home/tmp/lucy/apache-lucy-0.6.2/c/sample/mail_index/seg_1/cf.dat	1463004360	2
25840961.855	/home/tmp/lucy/apache-lucy-0.6.2/c/sample/mail_index/seg_1/cf.dat	1463004360	5
25840961.855	/home/tmp/lucy/apache-lucy-0.6.2/c/sample/mail_index/seg_1/cf.dat	1463004360	2
25840961.855	/home/tmp/lucy/apache-lucy-0.6.2/c/sample/mail_index/seg_1/cf.dat	1463004360	7
25840961.855	/home/tmp/lucy/apache-lucy-0.6.2/c/sample/mail_index/seg_1/cf.dat	1463004360	1
25840961.855	/home/tmp/lucy/apache-lucy-0.6.2/c/sample/mail_index/seg_1/cf.dat	1463004360	1
25840961.855	/home/tmp/lucy/apache-lucy-0.6.2/c/sample/mail_index/seg_1/cf.dat	1463004360	1
25840961.855	/home/tmp/lucy/apache-lucy-0.6.2/c/sample/mail_index/seg_1/cf.dat	1463004360	3
25840961.855	/home/tmp/lucy/apache-lucy-0.6.2/c/sample/mail_index/seg_1/cf.dat	1463004360	6
25840961.855	/home/tmp/lucy/apache-lucy-0.6.2/c/sample/mail_index/seg_1/cf.dat	1463004360	7
25840961.855	/home/tmp/lucy/apache-lucy-0.6.2/c/sample/mail_index/seg_1/cf.dat	1463004360	4
25840961.855	/home/tmp/lucy/apache-lucy-0.6.2/c/sample/mail_index/seg_1/cf.dat	1463004360	20
25840961.855	/home/tmp/lucy/apache-lucy-0.6.2/c/sample/mail_index/seg_1/cf.dat	1463004360	5
25840961.855	/home/tmp/lucy/apache-lucy-0.6.2/c/sample/mail_index/seg_1/cf.dat	1463004360	3
25840961.855	/home/tmp/lucy/apache-lucy-0.6.2/c/sample/mail_index/seg_1/cf.dat	1463004360	4
25840961.855	/home/tmp/lucy/apache-lucy-0.6.2/c/sample/mail_index/seg_1/cf.dat	1463004360	1
25840961.855	/home/tmp/lucy/apache-lucy-0.6.2/c/sample/mail_index/seg_1/cf.dat	1463004360	1
25840961.855	/home/tmp/lucy/apache-lucy-0.6.2/c/sample/mail_index/seg_1/cf.dat	1463004360	1
25840961.855	/home/tmp/lucy/apache-lucy-0.6.2/c/sample/mail_index/seg_1/cf.dat	1463004360	5
25840961.855	/home/tmp/lucy/apache-lucy-0.6.2/c/sample/mail_index/seg_1/cf.dat	1463004360	7
25840961.855	/home/tmp/lucy/apache-lucy-0.6.2/c/sample/mail_index/seg_1/cf.dat	1463004360	1
25840961.855	/home/tmp/lucy/apache-lucy-0.6.2/c/sample/mail_index/seg_1/cf.dat	1463004360	1
25840961.855	/home/tmp/lucy/apache-lucy-0.6.2/c/sample/mail_index/seg_1/cf.dat	1463004360	13
25840961.855	/home/tmp/lucy/apache-lucy-0.6.2/c/sample/mail_index/seg_1/cf.dat	1482470722	1024
25840961.855	/home/tmp/lucy/apache-lucy-0.6.2/c/sample/mail_index/seg_1/cf.dat	1463004360	5
25840961.855	/home/tmp/lucy/apache-lucy-0.6.2/c/sample/mail_index/seg_1/cf.dat	1463004360	4
25840961.855	/home/tmp/lucy/apache-lucy-0.6.2/c/sample/mail_index/seg_1/cf.dat	1463004360	1
25840961.855	/home/tmp/lucy/apache-lucy-0.6.2/c/sample/mail_index/seg_1/cf.dat	1463004360	7
25840961.855	/home/tmp/lucy/apache-lucy-0.6.2/c/sample/mail_index/seg_1/cf.dat	1463004360	1
25840961.855	/home/tmp/lucy/apache-lucy-0.6.2/c/sample/mail_index/seg_1/cf.dat	1484003581	1024
25840961.855	/home/tmp/lucy/apache-lucy-0.6.2/c/sample/mail_index/seg_1/cf.dat	1483858280	6
25840961.855	/home/tmp/lucy/apache-lucy-0.6.2/c/sample/mail_index/seg_1/cf.dat	1484077430	1024
25840961.855	/home/tmp/lucy/apache-lucy-0.6.2/c/sample/mail_index/seg_1/cf.dat	1483858280	6
25840961.855	/home/tmp/lucy/apache-lucy-0.6.2/c/sample/mail_index/seg_1/cf.dat	1484109146	1024
25840961.855	/home/tmp/lucy/apache-lucy-0.6.2/c/sample/mail_index/seg_1/cf.dat	1483858280	3
25840961.855	/home/tmp/lucy/apache-lucy-0.6.2/c/sample/mail_index/seg_1/cf.dat	1484123364	1024
25840961.855	/home/tmp/lucy/apache-lucy-0.6.2/c/sample/mail_index/seg_1/cf.dat	1483858280	9
25840961.855	/home/tmp/lucy/apache-lucy-0.6.2/c/sample/mail_index/seg_1/cf.dat	1484116256	1024
25840961.855	/home/tmp/lucy/apache-lucy-0.6.2/c/sample/mail_index/seg_1/cf.dat	1483858280	6
25840961.855	/home/tmp/lucy/apache-lucy-0.6.2/c/sample/mail_index/seg_1/cf.dat	1484119666	1024
25840961.855	/home/tmp/lucy/apache-lucy-0.6.2/c/sample/mail_index/seg_1/cf.dat	1483858280	6
25840961.855	/home/tmp/lucy/apache-lucy-0.6.2/c/sample/mail_index/seg_1/cf.dat	1484121483	1024
25840961.855	/home/tmp/lucy/apache-lucy-0.6.2/c/sample/mail_index/seg_1/cf.dat	1483858280	8
25840961.855	/home/tmp/lucy/apache-lucy-0.6.2/c/sample/mail_index/seg_1/cf.dat	1483858280	20
25840961.855	/home/tmp/lucy/apache-lucy-0.6.2/c/sample/mail_index/seg_1/cf.dat	1484122923	1024
25840961.855	/home/tmp/lucy/apache-lucy-0.6.2/c/sample/mail_index/seg_1/cf.dat	1483858280	6
25840961.855	/home/tmp/lucy/apache-lucy-0.6.2/c/sample/mail_index/seg_1/cf.dat	1484122664	1024
25840961.855	/home/tmp/lucy/apache-lucy-0.6.2/c/sample/mail_index/seg_1/cf.dat	1483858280	9
25840961.855	/home/tmp/lucy/apache-lucy-0.6.2/c/sample/mail_index/seg_1/cf.dat	1484122555	1024
25840961.855	/home/tmp/lucy/apache-lucy-0.6.2/c/sample/mail_index/seg_1/cf.dat	1483858280	9
25840961.855	/home/tmp/lucy/apache-lucy-0.6.2/c/sample/mail_index/seg_1/cf.dat	1483858280	6
25840961.855	/home/tmp/lucy/apache-lucy-0.6.2/c/sample/mail_index/seg_1/cf.dat	1483858280	13
25840961.855	/home/tmp/lucy/apache-lucy-0.6.2/c/sample/mail_index/seg_1/cf.dat	1483858280	16
25840961.855	/home/tmp/lucy/apache-lucy-0.6.2/c/sample/mail_index/seg_1/cf.dat	1483858280	13
25840961.855	/home/tmp/lucy/apache-lucy-0.6.2/c/sample/mail_index/seg_1/cf.dat	1482469698	1024
25840961.855	/home/tmp/lucy/apache-lucy-0.6.2/c/sample/mail_index/seg_1/cf.dat	1463004360	3
25840961.855	/home/tmp/lucy/apache-lucy-0.6.2/c/sample/mail_index/seg_1/cf.dat	1463004360	5
25840961.855	/home/tmp/lucy/apache-lucy-0.6.2/c/sample/mail_index/seg_1/cf.dat	1463004360	2
25840961.855	/home/tmp/lucy/apache-lucy-0.6.2/c/sample/mail_index/seg_1/cf.dat	1463004360	10
25840961.855	/home/tmp/lucy/apache-lucy-0.6.2/c/sample/mail_index/seg_1/cf.dat	1463004360	4
25840961.855	/home/tmp/lucy/apache-lucy-0.6.2/c/sample/mail_index/seg_1/cf.dat	1463004360	5
25840961.855	/home/tmp/lucy/apache-lucy-0.6.2/c/sample/mail_index/seg_1/cf.dat	1463004360	2
25840961.855	/home/tmp/lucy/apache-lucy-0.6.2/c/sample/mail_index/seg_1/cf.dat	1463004360	1
25840961.855	/home/tmp/lucy/apache-lucy-0.6.2/c/sample/mail_index/seg_1/cf.dat	1463004360	2
25840961.855	/home/tmp/lucy/apache-lucy-0.6.2/c/sample/mail_index/seg_1/cf.dat	1463004360	4
25840961.855	/home/tmp/lucy/apache-lucy-0.6.2/c/sample/mail_index/seg_1/cf.dat	1463004360	4
25840961.855	/home/tmp/lucy/apache-lucy-0.6.2/c/sample/mail_index/seg_1/cf.dat	1463004360	2
25840961.855	/home/tmp/lucy/apache-lucy-0.6.2/c/sample/mail_index/seg_1/cf.dat	1463004360	1
25840961.855	/home/tmp/lucy/apache-lucy-0.6.2/c/sample/mail_index/seg_1/cf.dat	1463004360	5
25840961.855	/home/tmp/lucy/apache-lucy-0.6.2/c/sample/mail_index/seg_1/cf.dat	1463004360	1
25840961.855	/home/tmp/lucy/apache-lucy-0.6.2/c/sample/mail_index/seg_1/cf.dat	1463004360	1
25840961.855	/home/tmp/lucy/apache-lucy-0.6.2/c/sample/mail_index/seg_1/cf.dat	1463004360	3
25840961.855	/home/tmp/lucy/apache-lucy-0.6.2/c/sample/mail_index/seg_1/cf.dat	1463004360	4
25840961.855	/home/tmp/lucy/apache-lucy-0.6.2/c/sample/mail_index/seg_1/cf.dat	1463004360	5
25840961.855	/home/tmp/lucy/apache-lucy-0.6.2/c/sample/mail_index/seg_1/cf.dat	1463004360	3
25840961.855	/home/tmp/lucy/apache-lucy-0.6.2/c/sample/mail_index/seg_1/cf.dat	1463004360	5
25840961.855	/home/tmp/lucy/apache-lucy-0.6.2/c/sample/mail_index/seg_1/cf.dat	1463004360	4
25840961.855	/home/tmp/lucy/apache-lucy-0.6.2/c/sample/mail_index/seg_1/cf.dat	1463004360	3
25840961.855	/home/tmp/lucy/apache-lucy-0.6.2/c/sample/mail_index/seg_1/cf.dat	1463004360	1
25840961.855	/home/tmp/lucy/apache-lucy-0.6.2/c/sample/mail_index/seg_1/cf.dat	1463004360	8
25840961.855	/home/tmp/lucy/apache-lucy-0.6.2/c/sample/mail_index/seg_1/cf.dat	1463004360	1
25840961.855	/home/tmp/lucy/apache-lucy-0.6.2/c/sample/mail_index/seg_1/cf.dat	1463004360	4
25840961.855	/home/tmp/lucy/apache-lucy-0.6.2/c/sample/mail_index/seg_1/cf.dat	1463004360	4
25840961.855	/home/tmp/lucy/apache-lucy-0.6.2/c/sample/mail_index/seg_1/cf.dat	1463004360	8
25840961.855	/home/tmp/lucy/apache-lucy-0.6.2/c/sample/mail_index/seg_1/cf.dat	1463004360	1
25840961.855	/home/tmp/lucy/apache-lucy-0.6.2/c/sample/mail_index/seg_1/cf.dat	1463004360	9
25840961.855	/home/tmp/lucy/apache-lucy-0.6.2/c/sample/mail_index/seg_1/cf.dat	1463004360	11
25840961.855	/home/tmp/lucy/apache-lucy-0.6.2/c/sample/mail_index/seg_1/cf.dat	1463004360	3
25840961.855	/home/tmp/lucy/apache-lucy-0.6.2/c/sample/mail_index/seg_1/cf.dat	1463004360	8
25840961.855	/home/tmp/lucy/apache-lucy-0.6.2/c/sample/mail_index/seg_1/cf.dat	1463004360	3
25840961.855	/home/tmp/lucy/apache-lucy-0.6.2/c/sample/mail_index/seg_1/cf.dat	1463004360	9
25840961.855	/home/tmp/lucy/apache-lucy-0.6.2/c/sample/mail_index/seg_1/cf.dat	1463004360	4
25840961.855	/home/tmp/lucy/apache-lucy-0.6.2/c/sample/mail_index/seg_1/cf.dat	1463004360	4
25840961.855	/home/tmp/lucy/apache-lucy-0.6.2/c/sample/mail_index/seg_1/cf.dat	1463004360	3
25840961.855	/home/tmp/lucy/apache-lucy-0.6.2/c/sample/mail_index/seg_1/cf.dat	1463004360	6
25840961.855	/home/tmp/lucy/apache-lucy-0.6.2/c/sample/mail_index/seg_1/cf.dat	1463004360	8
25840961.855	/home/tmp/lucy/apache-lucy-0.6.2/c/sample/mail_index/seg_1/cf.dat	1463004360	1
25840961.855	/home/tmp/lucy/apache-lucy-0.6.2/c/sample/mail_index/seg_1/cf.dat	1463004360	3
25840961.855	/home/tmp/lucy/apache-lucy-0.6.2/c/sample/mail_index/seg_1/cf.dat	1463004360	2
25840961.855	/home/tmp/lucy/apache-lucy-0.6.2/c/sample/mail_index/seg_1/cf.dat	1463004360	1
25840961.855	/home/tmp/lucy/apache-lucy-0.6.2/c/sample/mail_index/seg_1/cf.dat	1463004360	3
25840961.855	/home/tmp/lucy/apache-lucy-0.6.2/c/sample/mail_index/seg_1/cf.dat	1463004360	2
25840961.855	/home/tmp/lucy/apache-lucy-0.6.2/c/sample/mail_index/seg_1/cf.dat	1463004360	5
25840961.855	/home/tmp/lucy/apache-lucy-0.6.2/c/sample/mail_index/seg_1/cf.dat	1463004360	3
25840961.855	/home/tmp/lucy/apache-lucy-0.6.2/c/sample/mail_index/seg_1/cf.dat	1463004360	7
25840961.855	/home/tmp/lucy/apache-lucy-0.6.2/c/sample/mail_index/seg_1/cf.dat	1463004360	1
25840961.855	/home/tmp/lucy/apache-lucy-0.6.2/c/sample/mail_index/seg_1/cf.dat	1463004360	1
25840961.855	/home/tmp/lucy/apache-lucy-0.6.2/c/sample/mail_index/seg_1/cf.dat	1463004360	6
25840961.855	/home/tmp/lucy/apache-lucy-0.6.2/c/sample/mail_index/seg_1/cf.dat	1463004360	3
25840961.855	/home/tmp/lucy/apache-lucy-0.6.2/c/sample/mail_index/seg_1/cf.dat	1463004360	3
25840961.855	/home/tmp/lucy/apache-lucy-0.6.2/c/sample/mail_index/seg_1/cf.dat	1463004360	4
25840961.855	/home/tmp/lucy/apache-lucy-0.6.2/c/sample/mail_index/seg_1/cf.dat	1463004360	4
25840961.855	/home/tmp/lucy/apache-lucy-0.6.2/c/sample/mail_index/seg_1/cf.dat	1463004360	1
25840961.855	/home/tmp/lucy/apache-lucy-0.6.2/c/sample/mail_index/seg_1/cf.dat	1463004360	4
25840961.855	/home/tmp/lucy/apache-lucy-0.6.2/c/sample/mail_index/seg_1/cf.dat	1463004360	1
25840961.855	/home/tmp/lucy/apache-lucy-0.6.2/c/sample/mail_index/seg_1/cf.dat	1463004360	11
25840961.855	/home/tmp/lucy/apache-lucy-0.6.2/c/sample/mail_index/seg_1/cf.dat	1463004360	3
25840961.855	/home/tmp/lucy/apache-lucy-0.6.2/c/sample/mail_index/seg_1/cf.dat	1463004360	2
25840961.855	/home/tmp/lucy/apache-lucy-0.6.2/c/sample/mail_index/seg_1/cf.dat	1463004360	5
25840961.855	/home/tmp/lucy/apache-lucy-0.6.2/c/sample/mail_index/seg_1/cf.dat	1463004360	5
25840961.855	/home/tmp/lucy/apache-lucy-0.6.2/c/sample/mail_index/seg_1/cf.dat	1463004360	1
25840961.855	/home/tmp/lucy/apache-lucy-0.6.2/c/sample/mail_index/seg_1/cf.dat	1463004360	1
25840961.855	/home/tmp/lucy/apache-lucy-0.6.2/c/sample/mail_index/seg_1/cf.dat	1463004360	10
25840961.855	/home/tmp/lucy/apache-lucy-0.6.2/c/sample/mail_index/seg_1/cf.dat	1463004360	4
25840961.855	/home/tmp/lucy/apache-lucy-0.6.2/c/sample/mail_index/seg_1/cf.dat	1463004360	4
25840961.855	/home/tmp/lucy/apache-lucy-0.6.2/c/sample/mail_index/seg_1/cf.dat	1463004360	2
25840961.855	/home/tmp/lucy/apache-lucy-0.6.2/c/sample/mail_index/seg_1/cf.dat	1463004360	2
25840961.855	/home/tmp/lucy/apache-lucy-0.6.2/c/sample/mail_index/seg_1/cf.dat	1463004360	1
25840961.855	/home/tmp/lucy/apache-lucy-0.6.2/c/sample/mail_index/seg_1/cf.dat	1463004360	1
25840961.855	/home/tmp/lucy/apache-lucy-0.6.2/c/sample/mail_index/seg_1/cf.dat	1463004360	5
25840961.855	/home/tmp/lucy/apache-lucy-0.6.2/c/sample/mail_index/seg_1/cf.dat	1463004360	5
25840961.855	/home/tmp/lucy/apache-lucy-0.6.2/c/sample/mail_index/seg_1/cf.dat	1463004360	1
25840961.855	/home/tmp/lucy/apache-lucy-0.6.2/c/sample/mail_index/seg_1/cf.dat	1463004360	3
25840961.855	/home/tmp/lucy/apache-lucy-0.6.2/c/sample/mail_index/seg_1/cf.dat	1463004360	10
25840961.855	/home/tmp/lucy/apache-lucy-0.6.2/c/sample/mail_index/seg_1/cf.dat	1463004360	3
25840961.855	/home/tmp/lucy/apache-lucy-0.6.2/c/sample/mail_index/seg_1/cf.dat	1463004360	3
25840961.855	/home/tmp/lucy/apache-lucy-0.6.2/c/sample/mail_index/seg_1/cf.dat	1463004360	2
25840961.855	/home/tmp/lucy/apache-lucy-0.6.2/c/sample/mail_index/seg_1/cf.dat	1463004360	1
25840961.855	/home/tmp/lucy/apache-lucy-0.6.2/c/sample/mail_index/seg_1/cf.dat	1463004360	5
25840961.855	/home/tmp/lucy/apache-lucy-0.6.2/c/sample/mail_index/seg_1/cf.dat	1463004360	6
25840961.855	/home/tmp/lucy/apache-lucy-0.6.2/c/sample/mail_index/seg_1/cf.dat	1463004360	1
25840961.855	/home/tmp/lucy/apache-lucy-0.6.2/c/sample/mail_index/seg_1/cf.dat	1463004360	9
25840961.855	/home/tmp/lucy/apache-lucy-0.6.2/c/sample/mail_index/seg_1/cf.dat	1463004360	3
25840961.855	/home/tmp/lucy/apache-lucy-0.6.2/c/sample/mail_index/seg_1/cf.dat	1463004360	2
25840961.855	/home/tmp/lucy/apache-lucy-0.6.2/c/sample/mail_index/seg_1/cf.dat	1463004360	13
25840961.855	/home/tmp/lucy/apache-lucy-0.6.2/c/sample/mail_index/seg_1/cf.dat	1463004360	3
25840961.855	/home/tmp/lucy/apache-lucy-0.6.2/c/sample/mail_index/seg_1/cf.dat	1463004360	1
25840961.855	/home/tmp/lucy/apache-lucy-0.6.2/c/sample/mail_index/seg_1/cf.dat	1463004360	1
25840961.855	/home/tmp/lucy/apache-lucy-0.6.2/c/sample/mail_index/seg_1/cf.dat	1463004360	3
25840961.855	/home/tmp/lucy/apache-lucy-0.6.2/c/sample/mail_index/seg_1/cf.dat	1463004360	5
25840961.855	/home/tmp/lucy/apache-lucy-0.6.2/c/sample/mail_index/seg_1/cf.dat	1463004360	6
25840961.855	/home/tmp/lucy/apache-lucy-0.6.2/c/sample/mail_index/seg_1/cf.dat	1463004360	2
25840961.855	/home/tmp/lucy/apache-lucy-0.6.2/c/sample/mail_index/seg_1/cf.dat	1463004360	5
25840961.855	/home/tmp/lucy/apache-lucy-0.6.2/c/sample/mail_index/seg_1/cf.dat	1463004360	2
25840961.855	/home/tmp/lucy/apache-lucy-0.6.2/c/sample/mail_index/seg_1/cf.dat	1463004360	7
25840961.855	/home/tmp/lucy/apache-lucy-0.6.2/c/sample/mail_index/seg_1/cf.dat	1463004360	1
25840961.855	/home/tmp/lucy/apache-lucy-0.6.2/c/sample/mail_index/seg_1/cf.dat	1463004360	1
25840961.855	/home/tmp/lucy/apache-lucy-0.6.2/c/sample/mail_index/seg_1/cf.dat	1463004360	1
25840961.855	/home/tmp/lucy/apache-lucy-0.6.2/c/sample/mail_index/seg_1/cf.dat	1463004360	3
25840961.855	/home/tmp/lucy/apache-lucy-0.6.2/c/sample/mail_index/seg_1/cf.dat	1463004360	6
25840961.855	/home/tmp/lucy/apache-lucy-0.6.2/c/sample/mail_index/seg_1/cf.dat	1463004360	7
25840961.855	/home/tmp/lucy/apache-lucy-0.6.2/c/sample/mail_index/seg_1/cf.dat	1463004360	4
25840961.855	/home/tmp/lucy/apache-lucy-0.6.2/c/sample/mail_index/seg_1/cf.dat	1463004360	20
25840961.855	/home/tmp/lucy/apache-lucy-0.6.2/c/sample/mail_index/seg_1/cf.dat	1463004360	5
25840961.855	/home/tmp/lucy/apache-lucy-0.6.2/c/sample/mail_index/seg_1/cf.dat	1463004360	3
25840961.855	/home/tmp/lucy/apache-lucy-0.6.2/c/sample/mail_index/seg_1/cf.dat	1463004360	4
25840961.855	/home/tmp/lucy/apache-lucy-0.6.2/c/sample/mail_index/seg_1/cf.dat	1463004360	1
25840961.855	/home/tmp/lucy/apache-lucy-0.6.2/c/sample/mail_index/seg_1/cf.dat	1463004360	1
25840961.855	/home/tmp/lucy/apache-lucy-0.6.2/c/sample/mail_index/seg_1/cf.dat	1463004360	1
25840961.855	/home/tmp/lucy/apache-lucy-0.6.2/c/sample/mail_index/seg_1/cf.dat	1463004360	5
25840961.855	/home/tmp/lucy/apache-lucy-0.6.2/c/sample/mail_index/seg_1/cf.dat	1463004360	7
25840961.855	/home/tmp/lucy/apache-lucy-0.6.2/c/sample/mail_index/seg_1/cf.dat	1463004360	1
25840961.855	/home/tmp/lucy/apache-lucy-0.6.2/c/sample/mail_index/seg_1/cf.dat	1463004360	1
25840961.855	/home/tmp/lucy/apache-lucy-0.6.2/c/sample/mail_index/seg_1/cf.dat	1463004360	13
25840961.855	/home/tmp/lucy/apache-lucy-0.6.2/c/sample/mail_index/seg_1/cf.dat	1482470722	1024
25840961.855	/home/tmp/lucy/apache-lucy-0.6.2/c/sample/mail_index/seg_1/cf.dat	1463004360	5
25840961.855	/home/tmp/lucy/apache-lucy-0.6.2/c/sample/mail_index/seg_1/cf.dat	1463004360	4
25840961.855	/home/tmp/lucy/apache-lucy-0.6.2/c/sample/mail_index/seg_1/cf.dat	1463004360	1
25840961.855	/home/tmp/lucy/apache-lucy-0.6.2/c/sample/mail_index/seg_1/cf.dat	1463004360	7
25840961.855	/home/tmp/lucy/apache-lucy-0.6.2/c/sample/mail_index/seg_1/cf.dat	1463004360	1
